binom	1	0	0	0.00400
binom	1	0.1	0	0.03800
binom	1	0.2	0	0.08500
binom	1	0.3	0	0.09400
binom	1	0.4	0	0.14200
binom	1	0.5	0	0.14200
binom	1	0.6	0	0.13700
binom	1	0.7	0	0.13100
binom	1	0.8	0	0.13700
binom	1	0.9	0	0.12700
binom	1	0	0.05	0.08100
binom	1	0.1	0.05	0.08800
binom	1	0.2	0.05	0.12700
binom	1	0.3	0.05	0.13400
binom	1	0.4	0.05	0.14800
binom	1	0.5	0.05	0.15500
binom	1	0.6	0.05	0.17300
binom	1	0.7	0.05	0.18500
binom	1	0.8	0.05	0.16000
binom	1	0.9	0.05	0.14300
binom	1	0	0.1	0.17100
binom	1	0.1	0.1	0.17600
binom	1	0.2	0.1	0.14900
binom	1	0.3	0.1	0.16100
binom	1	0.4	0.1	0.17200
binom	1	0.5	0.1	0.18600
binom	1	0.6	0.1	0.18700
binom	1	0.7	0.1	0.17700
binom	1	0.8	0.1	0.18500
binom	1	0.9	0.1	0.19400
binom	1	0	0.2	0.33000
binom	1	0.1	0.2	0.30500
binom	1	0.2	0.2	0.27100
binom	1	0.3	0.2	0.22700
binom	1	0.4	0.2	0.22400
binom	1	0.5	0.2	0.21500
binom	1	0.6	0.2	0.23700
binom	1	0.7	0.2	0.22600
binom	1	0.8	0.2	0.21400
binom	1	0.9	0.2	0.22300
