binom	1	0	0	0.01100
binom	1	0.1	0	0.05100
binom	1	0.2	0	0.07600
binom	1	0.3	0	0.12700
binom	1	0.4	0	0.10900
binom	1	0.5	0	0.15100
binom	1	0.6	0	0.14000
binom	1	0.7	0	0.14600
binom	1	0.8	0	0.14100
binom	1	0.9	0	0.12600
binom	1	0	0.05	0.10100
binom	1	0.1	0.05	0.09000
binom	1	0.2	0.05	0.11400
binom	1	0.3	0.05	0.16200
binom	1	0.4	0.05	0.16400
binom	1	0.5	0.05	0.18200
binom	1	0.6	0.05	0.17900
binom	1	0.7	0.05	0.19000
binom	1	0.8	0.05	0.15700
binom	1	0.9	0.05	0.16000
binom	1	0	0.1	0.18000
binom	1	0.1	0.1	0.16100
binom	1	0.2	0.1	0.15400
binom	1	0.3	0.1	0.16200
binom	1	0.4	0.1	0.17500
binom	1	0.5	0.1	0.18700
binom	1	0.6	0.1	0.20000
binom	1	0.7	0.1	0.21100
binom	1	0.8	0.1	0.18100
binom	1	0.9	0.1	0.16700
binom	1	0	0.2	0.28900
binom	1	0.1	0.2	0.29900
binom	1	0.2	0.2	0.27600
binom	1	0.3	0.2	0.26400
binom	1	0.4	0.2	0.21800
binom	1	0.5	0.2	0.23100
binom	1	0.6	0.2	0.23300
binom	1	0.7	0.2	0.21900
binom	1	0.8	0.2	0.24800
binom	1	0.9	0.2	0.23800
