binom	1	0	0	0.00700
binom	1	0.1	0	0.04300
binom	1	0.2	0	0.08000
binom	1	0.3	0	0.10800
binom	1	0.4	0	0.11800
binom	1	0.5	0	0.13700
binom	1	0.6	0	0.13500
binom	1	0.7	0	0.14300
binom	1	0.8	0	0.13400
binom	1	0.9	0	0.12800
binom	1	0	0.05	0.08600
binom	1	0.1	0.05	0.07300
binom	1	0.2	0.05	0.11800
binom	1	0.3	0.05	0.12000
binom	1	0.4	0.05	0.14500
binom	1	0.5	0.05	0.16800
binom	1	0.6	0.05	0.17900
binom	1	0.7	0.05	0.14900
binom	1	0.8	0.05	0.15000
binom	1	0.9	0.05	0.18700
binom	1	0	0.1	0.17200
binom	1	0.1	0.1	0.17500
binom	1	0.2	0.1	0.14700
binom	1	0.3	0.1	0.14500
binom	1	0.4	0.1	0.16000
binom	1	0.5	0.1	0.18300
binom	1	0.6	0.1	0.19500
binom	1	0.7	0.1	0.18500
binom	1	0.8	0.1	0.19700
binom	1	0.9	0.1	0.17100
binom	1	0	0.2	0.30800
binom	1	0.1	0.2	0.27200
binom	1	0.2	0.2	0.27500
binom	1	0.3	0.2	0.24700
binom	1	0.4	0.2	0.23400
binom	1	0.5	0.2	0.22600
binom	1	0.6	0.2	0.23200
binom	1	0.7	0.2	0.23200
binom	1	0.8	0.2	0.21800
binom	1	0.9	0.2	0.20700
