binom	1	0	0	0.01000
binom	1	0.1	0	0.03900
binom	1	0.2	0	0.07400
binom	1	0.3	0	0.10500
binom	1	0.4	0	0.13000
binom	1	0.5	0	0.13600
binom	1	0.6	0	0.14300
binom	1	0.7	0	0.14400
binom	1	0.8	0	0.14400
binom	1	0.9	0	0.14600
binom	1	0	0.05	0.08800
binom	1	0.1	0.05	0.07200
binom	1	0.2	0.05	0.11500
binom	1	0.3	0.05	0.11900
binom	1	0.4	0.05	0.17500
binom	1	0.5	0.05	0.17200
binom	1	0.6	0.05	0.18900
binom	1	0.7	0.05	0.18000
binom	1	0.8	0.05	0.15400
binom	1	0.9	0.05	0.16300
binom	1	0	0.1	0.17100
binom	1	0.1	0.1	0.14600
binom	1	0.2	0.1	0.14000
binom	1	0.3	0.1	0.16500
binom	1	0.4	0.1	0.18700
binom	1	0.5	0.1	0.21300
binom	1	0.6	0.1	0.19000
binom	1	0.7	0.1	0.18000
binom	1	0.8	0.1	0.16500
binom	1	0.9	0.1	0.17400
binom	1	0	0.2	0.27600
binom	1	0.1	0.2	0.25200
binom	1	0.2	0.2	0.27800
binom	1	0.3	0.2	0.25300
binom	1	0.4	0.2	0.21300
binom	1	0.5	0.2	0.23400
binom	1	0.6	0.2	0.22800
binom	1	0.7	0.2	0.23200
binom	1	0.8	0.2	0.23600
binom	1	0.9	0.2	0.22700
