binom	1	0	0	0.01300
binom	1	0.1	0	0.05400
binom	1	0.2	0	0.08200
binom	1	0.3	0	0.10100
binom	1	0.4	0	0.12100
binom	1	0.5	0	0.13500
binom	1	0.6	0	0.13900
binom	1	0.7	0	0.13300
binom	1	0.8	0	0.14900
binom	1	0.9	0	0.13800
binom	1	0	0.05	0.10600
binom	1	0.1	0.05	0.10200
binom	1	0.2	0.05	0.12300
binom	1	0.3	0.05	0.13000
binom	1	0.4	0.05	0.15500
binom	1	0.5	0.05	0.16000
binom	1	0.6	0.05	0.15900
binom	1	0.7	0.05	0.16900
binom	1	0.8	0.05	0.17800
binom	1	0.9	0.05	0.17200
binom	1	0	0.1	0.18300
binom	1	0.1	0.1	0.16900
binom	1	0.2	0.1	0.14500
binom	1	0.3	0.1	0.17000
binom	1	0.4	0.1	0.16800
binom	1	0.5	0.1	0.19400
binom	1	0.6	0.1	0.18900
binom	1	0.7	0.1	0.19500
binom	1	0.8	0.1	0.18900
binom	1	0.9	0.1	0.16900
binom	1	0	0.2	0.30300
binom	1	0.1	0.2	0.32400
binom	1	0.2	0.2	0.25600
binom	1	0.3	0.2	0.21800
binom	1	0.4	0.2	0.20800
binom	1	0.5	0.2	0.23200
binom	1	0.6	0.2	0.23700
binom	1	0.7	0.2	0.23000
binom	1	0.8	0.2	0.20100
binom	1	0.9	0.2	0.20800
