binom	1	0	0	0.00600
binom	1	0.1	0	0.03800
binom	1	0.2	0	0.08100
binom	1	0.3	0	0.11300
binom	1	0.4	0	0.11600
binom	1	0.5	0	0.14100
binom	1	0.6	0	0.14300
binom	1	0.7	0	0.18100
binom	1	0.8	0	0.13900
binom	1	0.9	0	0.14400
binom	1	0	0.05	0.09500
binom	1	0.1	0.05	0.08900
binom	1	0.2	0.05	0.11500
binom	1	0.3	0.05	0.11200
binom	1	0.4	0.05	0.15200
binom	1	0.5	0.05	0.16000
binom	1	0.6	0.05	0.17800
binom	1	0.7	0.05	0.17800
binom	1	0.8	0.05	0.16700
binom	1	0.9	0.05	0.16800
binom	1	0	0.1	0.17200
binom	1	0.1	0.1	0.15500
binom	1	0.2	0.1	0.15900
binom	1	0.3	0.1	0.16100
binom	1	0.4	0.1	0.16700
binom	1	0.5	0.1	0.18000
binom	1	0.6	0.1	0.19500
binom	1	0.7	0.1	0.18900
binom	1	0.8	0.1	0.18300
binom	1	0.9	0.1	0.15400
binom	1	0	0.2	0.31700
binom	1	0.1	0.2	0.28700
binom	1	0.2	0.2	0.24000
binom	1	0.3	0.2	0.24000
binom	1	0.4	0.2	0.22200
binom	1	0.5	0.2	0.23400
binom	1	0.6	0.2	0.22800
binom	1	0.7	0.2	0.23900
binom	1	0.8	0.2	0.22000
binom	1	0.9	0.2	0.23500
