binom	1	0	0	0.00900
binom	1	0.1	0	0.04000
binom	1	0.2	0	0.06800
binom	1	0.3	0	0.09900
binom	1	0.4	0	0.11600
binom	1	0.5	0	0.17000
binom	1	0.6	0	0.12500
binom	1	0.7	0	0.14600
binom	1	0.8	0	0.15800
binom	1	0.9	0	0.12200
binom	1	0	0.05	0.08300
binom	1	0.1	0.05	0.08300
binom	1	0.2	0.05	0.11400
binom	1	0.3	0.05	0.13200
binom	1	0.4	0.05	0.16400
binom	1	0.5	0.05	0.17300
binom	1	0.6	0.05	0.16400
binom	1	0.7	0.05	0.14500
binom	1	0.8	0.05	0.17300
binom	1	0.9	0.05	0.15400
binom	1	0	0.1	0.15700
binom	1	0.1	0.1	0.17200
binom	1	0.2	0.1	0.13900
binom	1	0.3	0.1	0.15400
binom	1	0.4	0.1	0.18800
binom	1	0.5	0.1	0.20600
binom	1	0.6	0.1	0.17600
binom	1	0.7	0.1	0.20700
binom	1	0.8	0.1	0.20700
binom	1	0.9	0.1	0.16900
binom	1	0	0.2	0.28800
binom	1	0.1	0.2	0.28100
binom	1	0.2	0.2	0.26100
binom	1	0.3	0.2	0.22900
binom	1	0.4	0.2	0.21400
binom	1	0.5	0.2	0.22300
binom	1	0.6	0.2	0.21700
binom	1	0.7	0.2	0.24700
binom	1	0.8	0.2	0.21600
binom	1	0.9	0.2	0.21500
