binom	1	0	0	0.01300
binom	1	0.1	0	0.04000
binom	1	0.2	0	0.09400
binom	1	0.3	0	0.12200
binom	1	0.4	0	0.12200
binom	1	0.5	0	0.15900
binom	1	0.6	0	0.12900
binom	1	0.7	0	0.15300
binom	1	0.8	0	0.13400
binom	1	0.9	0	0.14600
binom	1	0	0.05	0.08900
binom	1	0.1	0.05	0.08700
binom	1	0.2	0.05	0.11100
binom	1	0.3	0.05	0.15100
binom	1	0.4	0.05	0.15700
binom	1	0.5	0.05	0.15100
binom	1	0.6	0.05	0.15400
binom	1	0.7	0.05	0.17200
binom	1	0.8	0.05	0.15600
binom	1	0.9	0.05	0.16100
binom	1	0	0.1	0.18000
binom	1	0.1	0.1	0.17200
binom	1	0.2	0.1	0.13600
binom	1	0.3	0.1	0.17200
binom	1	0.4	0.1	0.16700
binom	1	0.5	0.1	0.18600
binom	1	0.6	0.1	0.19100
binom	1	0.7	0.1	0.16400
binom	1	0.8	0.1	0.18100
binom	1	0.9	0.1	0.17400
binom	1	0	0.2	0.31300
binom	1	0.1	0.2	0.28700
binom	1	0.2	0.2	0.27800
binom	1	0.3	0.2	0.26300
binom	1	0.4	0.2	0.20900
binom	1	0.5	0.2	0.21900
binom	1	0.6	0.2	0.21400
binom	1	0.7	0.2	0.21800
binom	1	0.8	0.2	0.23500
binom	1	0.9	0.2	0.20000
