binom	1	0	0	0.00800
binom	1	0.1	0	0.04000
binom	1	0.2	0	0.07600
binom	1	0.3	0	0.10200
binom	1	0.4	0	0.13800
binom	1	0.5	0	0.13100
binom	1	0.6	0	0.14500
binom	1	0.7	0	0.15100
binom	1	0.8	0	0.13300
binom	1	0.9	0	0.15200
binom	1	0	0.05	0.09600
binom	1	0.1	0.05	0.09500
binom	1	0.2	0.05	0.11300
binom	1	0.3	0.05	0.15600
binom	1	0.4	0.05	0.15400
binom	1	0.5	0.05	0.17200
binom	1	0.6	0.05	0.16700
binom	1	0.7	0.05	0.17200
binom	1	0.8	0.05	0.16800
binom	1	0.9	0.05	0.16600
binom	1	0	0.1	0.18300
binom	1	0.1	0.1	0.16600
binom	1	0.2	0.1	0.14400
binom	1	0.3	0.1	0.16200
binom	1	0.4	0.1	0.19000
binom	1	0.5	0.1	0.19400
binom	1	0.6	0.1	0.18200
binom	1	0.7	0.1	0.19900
binom	1	0.8	0.1	0.20100
binom	1	0.9	0.1	0.17900
binom	1	0	0.2	0.30300
binom	1	0.1	0.2	0.31500
binom	1	0.2	0.2	0.28200
binom	1	0.3	0.2	0.25100
binom	1	0.4	0.2	0.22000
binom	1	0.5	0.2	0.23500
binom	1	0.6	0.2	0.23700
binom	1	0.7	0.2	0.23100
binom	1	0.8	0.2	0.22700
binom	1	0.9	0.2	0.21100
