binom	1	0	0	0.00900
binom	1	0.1	0	0.04200
binom	1	0.2	0	0.07400
binom	1	0.3	0	0.11100
binom	1	0.4	0	0.12600
binom	1	0.5	0	0.14900
binom	1	0.6	0	0.13800
binom	1	0.7	0	0.15400
binom	1	0.8	0	0.14400
binom	1	0.9	0	0.14800
binom	1	0	0.05	0.09000
binom	1	0.1	0.05	0.09400
binom	1	0.2	0.05	0.09600
binom	1	0.3	0.05	0.12800
binom	1	0.4	0.05	0.16500
binom	1	0.5	0.05	0.16400
binom	1	0.6	0.05	0.17400
binom	1	0.7	0.05	0.17100
binom	1	0.8	0.05	0.16700
binom	1	0.9	0.05	0.15800
binom	1	0	0.1	0.16100
binom	1	0.1	0.1	0.17000
binom	1	0.2	0.1	0.12600
binom	1	0.3	0.1	0.17100
binom	1	0.4	0.1	0.16700
binom	1	0.5	0.1	0.20800
binom	1	0.6	0.1	0.19900
binom	1	0.7	0.1	0.18000
binom	1	0.8	0.1	0.19100
binom	1	0.9	0.1	0.18300
binom	1	0	0.2	0.30800
binom	1	0.1	0.2	0.27700
binom	1	0.2	0.2	0.29100
binom	1	0.3	0.2	0.24600
binom	1	0.4	0.2	0.22500
binom	1	0.5	0.2	0.21300
binom	1	0.6	0.2	0.25000
binom	1	0.7	0.2	0.25400
binom	1	0.8	0.2	0.20000
binom	1	0.9	0.2	0.24100
