binom	1	0	0	0.02000
binom	1	0.1	0	0.03900
binom	1	0.2	0	0.08700
binom	1	0.3	0	0.11200
binom	1	0.4	0	0.12000
binom	1	0.5	0	0.14500
binom	1	0.6	0	0.13500
binom	1	0.7	0	0.13700
binom	1	0.8	0	0.14600
binom	1	0.9	0	0.13100
binom	1	0	0.05	0.09400
binom	1	0.1	0.05	0.09800
binom	1	0.2	0.05	0.11600
binom	1	0.3	0.05	0.13700
binom	1	0.4	0.05	0.15200
binom	1	0.5	0.05	0.16100
binom	1	0.6	0.05	0.18300
binom	1	0.7	0.05	0.17400
binom	1	0.8	0.05	0.17400
binom	1	0.9	0.05	0.14400
binom	1	0	0.1	0.18900
binom	1	0.1	0.1	0.15600
binom	1	0.2	0.1	0.15500
binom	1	0.3	0.1	0.15400
binom	1	0.4	0.1	0.17400
binom	1	0.5	0.1	0.19700
binom	1	0.6	0.1	0.18200
binom	1	0.7	0.1	0.19200
binom	1	0.8	0.1	0.20600
binom	1	0.9	0.1	0.15400
binom	1	0	0.2	0.30300
binom	1	0.1	0.2	0.25800
binom	1	0.2	0.2	0.27900
binom	1	0.3	0.2	0.24300
binom	1	0.4	0.2	0.20700
binom	1	0.5	0.2	0.23100
binom	1	0.6	0.2	0.22100
binom	1	0.7	0.2	0.24400
binom	1	0.8	0.2	0.22400
binom	1	0.9	0.2	0.21400
