binom	1	0	0	0.01200
binom	1	0.1	0	0.04200
binom	1	0.2	0	0.08100
binom	1	0.3	0	0.10100
binom	1	0.4	0	0.11800
binom	1	0.5	0	0.12100
binom	1	0.6	0	0.15100
binom	1	0.7	0	0.14300
binom	1	0.8	0	0.14100
binom	1	0.9	0	0.14700
binom	1	0	0.05	0.09100
binom	1	0.1	0.05	0.09100
binom	1	0.2	0.05	0.11400
binom	1	0.3	0.05	0.15700
binom	1	0.4	0.05	0.15000
binom	1	0.5	0.05	0.18500
binom	1	0.6	0.05	0.18200
binom	1	0.7	0.05	0.16900
binom	1	0.8	0.05	0.16500
binom	1	0.9	0.05	0.14100
binom	1	0	0.1	0.14900
binom	1	0.1	0.1	0.16700
binom	1	0.2	0.1	0.15400
binom	1	0.3	0.1	0.16200
binom	1	0.4	0.1	0.17300
binom	1	0.5	0.1	0.19100
binom	1	0.6	0.1	0.18700
binom	1	0.7	0.1	0.18600
binom	1	0.8	0.1	0.19400
binom	1	0.9	0.1	0.17200
binom	1	0	0.2	0.28600
binom	1	0.1	0.2	0.31800
binom	1	0.2	0.2	0.28800
binom	1	0.3	0.2	0.24000
binom	1	0.4	0.2	0.23000
binom	1	0.5	0.2	0.21700
binom	1	0.6	0.2	0.23600
binom	1	0.7	0.2	0.25300
binom	1	0.8	0.2	0.23900
binom	1	0.9	0.2	0.22100
