binom	1	0	0	0.00800
binom	1	0.1	0	0.04400
binom	1	0.2	0	0.07400
binom	1	0.3	0	0.09700
binom	1	0.4	0	0.10300
binom	1	0.5	0	0.13700
binom	1	0.6	0	0.13800
binom	1	0.7	0	0.13600
binom	1	0.8	0	0.13400
binom	1	0.9	0	0.16100
binom	1	0	0.05	0.09300
binom	1	0.1	0.05	0.08300
binom	1	0.2	0.05	0.13300
binom	1	0.3	0.05	0.14400
binom	1	0.4	0.05	0.14500
binom	1	0.5	0.05	0.16600
binom	1	0.6	0.05	0.18100
binom	1	0.7	0.05	0.14300
binom	1	0.8	0.05	0.16800
binom	1	0.9	0.05	0.15100
binom	1	0	0.1	0.17300
binom	1	0.1	0.1	0.18800
binom	1	0.2	0.1	0.15000
binom	1	0.3	0.1	0.14500
binom	1	0.4	0.1	0.19300
binom	1	0.5	0.1	0.19800
binom	1	0.6	0.1	0.19200
binom	1	0.7	0.1	0.19600
binom	1	0.8	0.1	0.16400
binom	1	0.9	0.1	0.19000
binom	1	0	0.2	0.30800
binom	1	0.1	0.2	0.28400
binom	1	0.2	0.2	0.28400
binom	1	0.3	0.2	0.27000
binom	1	0.4	0.2	0.21300
binom	1	0.5	0.2	0.21700
binom	1	0.6	0.2	0.23600
binom	1	0.7	0.2	0.23100
binom	1	0.8	0.2	0.22500
binom	1	0.9	0.2	0.21600
