binom	1	0	0	0.01200
binom	1	0.1	0	0.03400
binom	1	0.2	0	0.08200
binom	1	0.3	0	0.10000
binom	1	0.4	0	0.12500
binom	1	0.5	0	0.12400
binom	1	0.6	0	0.12900
binom	1	0.7	0	0.15100
binom	1	0.8	0	0.13900
binom	1	0.9	0	0.14500
binom	1	0	0.05	0.08700
binom	1	0.1	0.05	0.08000
binom	1	0.2	0.05	0.12000
binom	1	0.3	0.05	0.12500
binom	1	0.4	0.05	0.14600
binom	1	0.5	0.05	0.15800
binom	1	0.6	0.05	0.16100
binom	1	0.7	0.05	0.17300
binom	1	0.8	0.05	0.18400
binom	1	0.9	0.05	0.19100
binom	1	0	0.1	0.16000
binom	1	0.1	0.1	0.18700
binom	1	0.2	0.1	0.13700
binom	1	0.3	0.1	0.15300
binom	1	0.4	0.1	0.14100
binom	1	0.5	0.1	0.16300
binom	1	0.6	0.1	0.19300
binom	1	0.7	0.1	0.16600
binom	1	0.8	0.1	0.18200
binom	1	0.9	0.1	0.18200
binom	1	0	0.2	0.31000
binom	1	0.1	0.2	0.27400
binom	1	0.2	0.2	0.26500
binom	1	0.3	0.2	0.24200
binom	1	0.4	0.2	0.21700
binom	1	0.5	0.2	0.24100
binom	1	0.6	0.2	0.22800
binom	1	0.7	0.2	0.24100
binom	1	0.8	0.2	0.21400
binom	1	0.9	0.2	0.21800
