binom	1	0	0	0.00600
binom	1	0.1	0	0.04000
binom	1	0.2	0	0.07300
binom	1	0.3	0	0.12500
binom	1	0.4	0	0.12700
binom	1	0.5	0	0.12900
binom	1	0.6	0	0.14900
binom	1	0.7	0	0.12900
binom	1	0.8	0	0.15300
binom	1	0.9	0	0.13800
binom	1	0	0.05	0.08400
binom	1	0.1	0.05	0.07400
binom	1	0.2	0.05	0.12500
binom	1	0.3	0.05	0.14200
binom	1	0.4	0.05	0.13900
binom	1	0.5	0.05	0.16800
binom	1	0.6	0.05	0.17300
binom	1	0.7	0.05	0.18900
binom	1	0.8	0.05	0.16300
binom	1	0.9	0.05	0.17300
binom	1	0	0.1	0.17500
binom	1	0.1	0.1	0.16400
binom	1	0.2	0.1	0.16300
binom	1	0.3	0.1	0.15000
binom	1	0.4	0.1	0.18500
binom	1	0.5	0.1	0.17900
binom	1	0.6	0.1	0.20300
binom	1	0.7	0.1	0.19300
binom	1	0.8	0.1	0.17300
binom	1	0.9	0.1	0.18400
binom	1	0	0.2	0.31100
binom	1	0.1	0.2	0.28000
binom	1	0.2	0.2	0.27200
binom	1	0.3	0.2	0.25900
binom	1	0.4	0.2	0.23700
binom	1	0.5	0.2	0.22400
binom	1	0.6	0.2	0.24500
binom	1	0.7	0.2	0.24300
binom	1	0.8	0.2	0.22100
binom	1	0.9	0.2	0.21200
