binom	1	0	0	0.01000
binom	1	0.1	0	0.03800
binom	1	0.2	0	0.08600
binom	1	0.3	0	0.09400
binom	1	0.4	0	0.10800
binom	1	0.5	0	0.12900
binom	1	0.6	0	0.14200
binom	1	0.7	0	0.14700
binom	1	0.8	0	0.14100
binom	1	0.9	0	0.13800
binom	1	0	0.05	0.09600
binom	1	0.1	0.05	0.08400
binom	1	0.2	0.05	0.11500
binom	1	0.3	0.05	0.11000
binom	1	0.4	0.05	0.14800
binom	1	0.5	0.05	0.18700
binom	1	0.6	0.05	0.15000
binom	1	0.7	0.05	0.17400
binom	1	0.8	0.05	0.16500
binom	1	0.9	0.05	0.13300
binom	1	0	0.1	0.16900
binom	1	0.1	0.1	0.15500
binom	1	0.2	0.1	0.15600
binom	1	0.3	0.1	0.15000
binom	1	0.4	0.1	0.17100
binom	1	0.5	0.1	0.19500
binom	1	0.6	0.1	0.19000
binom	1	0.7	0.1	0.18700
binom	1	0.8	0.1	0.18800
binom	1	0.9	0.1	0.21200
binom	1	0	0.2	0.30000
binom	1	0.1	0.2	0.28900
binom	1	0.2	0.2	0.26100
binom	1	0.3	0.2	0.23100
binom	1	0.4	0.2	0.21300
binom	1	0.5	0.2	0.22500
binom	1	0.6	0.2	0.22300
binom	1	0.7	0.2	0.22200
binom	1	0.8	0.2	0.24300
binom	1	0.9	0.2	0.22300
