binom	1	0	0	0.01300
binom	1	0.1	0	0.04200
binom	1	0.2	0	0.08300
binom	1	0.3	0	0.10700
binom	1	0.4	0	0.12000
binom	1	0.5	0	0.13300
binom	1	0.6	0	0.14800
binom	1	0.7	0	0.15100
binom	1	0.8	0	0.13700
binom	1	0.9	0	0.12700
binom	1	0	0.05	0.08600
binom	1	0.1	0.05	0.08900
binom	1	0.2	0.05	0.12900
binom	1	0.3	0.05	0.14300
binom	1	0.4	0.05	0.17900
binom	1	0.5	0.05	0.15500
binom	1	0.6	0.05	0.16100
binom	1	0.7	0.05	0.18100
binom	1	0.8	0.05	0.17600
binom	1	0.9	0.05	0.16900
binom	1	0	0.1	0.16600
binom	1	0.1	0.1	0.16600
binom	1	0.2	0.1	0.14800
binom	1	0.3	0.1	0.15000
binom	1	0.4	0.1	0.17000
binom	1	0.5	0.1	0.17500
binom	1	0.6	0.1	0.22900
binom	1	0.7	0.1	0.18000
binom	1	0.8	0.1	0.19300
binom	1	0.9	0.1	0.19800
binom	1	0	0.2	0.29500
binom	1	0.1	0.2	0.30400
binom	1	0.2	0.2	0.27900
binom	1	0.3	0.2	0.26000
binom	1	0.4	0.2	0.21600
binom	1	0.5	0.2	0.21300
binom	1	0.6	0.2	0.24300
binom	1	0.7	0.2	0.24900
binom	1	0.8	0.2	0.20700
binom	1	0.9	0.2	0.23800
