binom	1	0	0	0.00900
binom	1	0.1	0	0.03800
binom	1	0.2	0	0.07200
binom	1	0.3	0	0.11300
binom	1	0.4	0	0.13100
binom	1	0.5	0	0.15300
binom	1	0.6	0	0.13600
binom	1	0.7	0	0.16400
binom	1	0.8	0	0.15600
binom	1	0.9	0	0.12400
binom	1	0	0.05	0.08000
binom	1	0.1	0.05	0.11400
binom	1	0.2	0.05	0.10400
binom	1	0.3	0.05	0.14700
binom	1	0.4	0.05	0.16100
binom	1	0.5	0.05	0.17900
binom	1	0.6	0.05	0.16900
binom	1	0.7	0.05	0.16200
binom	1	0.8	0.05	0.16600
binom	1	0.9	0.05	0.14700
binom	1	0	0.1	0.16700
binom	1	0.1	0.1	0.16400
binom	1	0.2	0.1	0.14500
binom	1	0.3	0.1	0.17000
binom	1	0.4	0.1	0.19600
binom	1	0.5	0.1	0.20200
binom	1	0.6	0.1	0.17500
binom	1	0.7	0.1	0.19800
binom	1	0.8	0.1	0.16200
binom	1	0.9	0.1	0.18700
binom	1	0	0.2	0.29500
binom	1	0.1	0.2	0.27700
binom	1	0.2	0.2	0.26800
binom	1	0.3	0.2	0.24000
binom	1	0.4	0.2	0.22100
binom	1	0.5	0.2	0.22800
binom	1	0.6	0.2	0.21400
binom	1	0.7	0.2	0.24400
binom	1	0.8	0.2	0.22500
binom	1	0.9	0.2	0.20200
