binom	1	0	0	0.01100
binom	1	0.1	0	0.04800
binom	1	0.2	0	0.07800
binom	1	0.3	0	0.08700
binom	1	0.4	0	0.13100
binom	1	0.5	0	0.13400
binom	1	0.6	0	0.15600
binom	1	0.7	0	0.13900
binom	1	0.8	0	0.15800
binom	1	0.9	0	0.13500
binom	1	0	0.05	0.09000
binom	1	0.1	0.05	0.09200
binom	1	0.2	0.05	0.10600
binom	1	0.3	0.05	0.12700
binom	1	0.4	0.05	0.14400
binom	1	0.5	0.05	0.16400
binom	1	0.6	0.05	0.17100
binom	1	0.7	0.05	0.15600
binom	1	0.8	0.05	0.17600
binom	1	0.9	0.05	0.16700
binom	1	0	0.1	0.17200
binom	1	0.1	0.1	0.16400
binom	1	0.2	0.1	0.14500
binom	1	0.3	0.1	0.15600
binom	1	0.4	0.1	0.15000
binom	1	0.5	0.1	0.16400
binom	1	0.6	0.1	0.19600
binom	1	0.7	0.1	0.19900
binom	1	0.8	0.1	0.17400
binom	1	0.9	0.1	0.15600
binom	1	0	0.2	0.30800
binom	1	0.1	0.2	0.29200
binom	1	0.2	0.2	0.29400
binom	1	0.3	0.2	0.23600
binom	1	0.4	0.2	0.20200
binom	1	0.5	0.2	0.23600
binom	1	0.6	0.2	0.24900
binom	1	0.7	0.2	0.22900
binom	1	0.8	0.2	0.21600
binom	1	0.9	0.2	0.21300
