binom	1	0	0	0.00900
binom	1	0.1	0	0.04900
binom	1	0.2	0	0.09000
binom	1	0.3	0	0.09200
binom	1	0.4	0	0.13400
binom	1	0.5	0	0.12900
binom	1	0.6	0	0.13500
binom	1	0.7	0	0.12900
binom	1	0.8	0	0.15000
binom	1	0.9	0	0.15100
binom	1	0	0.05	0.09700
binom	1	0.1	0.05	0.08700
binom	1	0.2	0.05	0.10000
binom	1	0.3	0.05	0.13500
binom	1	0.4	0.05	0.15400
binom	1	0.5	0.05	0.16300
binom	1	0.6	0.05	0.18400
binom	1	0.7	0.05	0.16800
binom	1	0.8	0.05	0.18100
binom	1	0.9	0.05	0.14500
binom	1	0	0.1	0.18600
binom	1	0.1	0.1	0.17100
binom	1	0.2	0.1	0.15900
binom	1	0.3	0.1	0.16200
binom	1	0.4	0.1	0.16900
binom	1	0.5	0.1	0.20100
binom	1	0.6	0.1	0.19500
binom	1	0.7	0.1	0.18900
binom	1	0.8	0.1	0.18200
binom	1	0.9	0.1	0.18500
binom	1	0	0.2	0.29100
binom	1	0.1	0.2	0.31500
binom	1	0.2	0.2	0.25900
binom	1	0.3	0.2	0.24700
binom	1	0.4	0.2	0.21300
binom	1	0.5	0.2	0.22900
binom	1	0.6	0.2	0.23700
binom	1	0.7	0.2	0.24300
binom	1	0.8	0.2	0.23700
binom	1	0.9	0.2	0.21000
