binom	1	0	0	0.00700
binom	1	0.1	0	0.04500
binom	1	0.2	0	0.09000
binom	1	0.3	0	0.09800
binom	1	0.4	0	0.11700
binom	1	0.5	0	0.15700
binom	1	0.6	0	0.15200
binom	1	0.7	0	0.17300
binom	1	0.8	0	0.14400
binom	1	0.9	0	0.13900
binom	1	0	0.05	0.08800
binom	1	0.1	0.05	0.08700
binom	1	0.2	0.05	0.12100
binom	1	0.3	0.05	0.13300
binom	1	0.4	0.05	0.14300
binom	1	0.5	0.05	0.17300
binom	1	0.6	0.05	0.16900
binom	1	0.7	0.05	0.16900
binom	1	0.8	0.05	0.17500
binom	1	0.9	0.05	0.14600
binom	1	0	0.1	0.17700
binom	1	0.1	0.1	0.16200
binom	1	0.2	0.1	0.15800
binom	1	0.3	0.1	0.17000
binom	1	0.4	0.1	0.17500
binom	1	0.5	0.1	0.19300
binom	1	0.6	0.1	0.21800
binom	1	0.7	0.1	0.15500
binom	1	0.8	0.1	0.18900
binom	1	0.9	0.1	0.18000
binom	1	0	0.2	0.30500
binom	1	0.1	0.2	0.29600
binom	1	0.2	0.2	0.28800
binom	1	0.3	0.2	0.26600
binom	1	0.4	0.2	0.22400
binom	1	0.5	0.2	0.23900
binom	1	0.6	0.2	0.21700
binom	1	0.7	0.2	0.23300
binom	1	0.8	0.2	0.20700
binom	1	0.9	0.2	0.21000
