binom	1	0	0	0.01200
binom	1	0.1	0	0.03700
binom	1	0.2	0	0.07300
binom	1	0.3	0	0.11200
binom	1	0.4	0	0.14400
binom	1	0.5	0	0.14600
binom	1	0.6	0	0.14000
binom	1	0.7	0	0.13700
binom	1	0.8	0	0.11800
binom	1	0.9	0	0.13800
binom	1	0	0.05	0.09000
binom	1	0.1	0.05	0.09200
binom	1	0.2	0.05	0.09200
binom	1	0.3	0.05	0.13800
binom	1	0.4	0.05	0.18500
binom	1	0.5	0.05	0.15700
binom	1	0.6	0.05	0.13700
binom	1	0.7	0.05	0.15700
binom	1	0.8	0.05	0.16700
binom	1	0.9	0.05	0.14100
binom	1	0	0.1	0.16700
binom	1	0.1	0.1	0.13900
binom	1	0.2	0.1	0.13700
binom	1	0.3	0.1	0.16400
binom	1	0.4	0.1	0.18500
binom	1	0.5	0.1	0.17800
binom	1	0.6	0.1	0.19000
binom	1	0.7	0.1	0.18800
binom	1	0.8	0.1	0.17900
binom	1	0.9	0.1	0.18000
binom	1	0	0.2	0.30100
binom	1	0.1	0.2	0.30500
binom	1	0.2	0.2	0.27500
binom	1	0.3	0.2	0.23700
binom	1	0.4	0.2	0.23800
binom	1	0.5	0.2	0.22700
binom	1	0.6	0.2	0.23800
binom	1	0.7	0.2	0.22700
binom	1	0.8	0.2	0.21300
binom	1	0.9	0.2	0.21400
