binom	1	0	0	0.00700
binom	1	0.1	0	0.03600
binom	1	0.2	0	0.08300
binom	1	0.3	0	0.09100
binom	1	0.4	0	0.11000
binom	1	0.5	0	0.12900
binom	1	0.6	0	0.13800
binom	1	0.7	0	0.15200
binom	1	0.8	0	0.15300
binom	1	0.9	0	0.13700
binom	1	0	0.05	0.07200
binom	1	0.1	0.05	0.07400
binom	1	0.2	0.05	0.09600
binom	1	0.3	0.05	0.13300
binom	1	0.4	0.05	0.15000
binom	1	0.5	0.05	0.15800
binom	1	0.6	0.05	0.16800
binom	1	0.7	0.05	0.17600
binom	1	0.8	0.05	0.16200
binom	1	0.9	0.05	0.16000
binom	1	0	0.1	0.17200
binom	1	0.1	0.1	0.17100
binom	1	0.2	0.1	0.15400
binom	1	0.3	0.1	0.15800
binom	1	0.4	0.1	0.16400
binom	1	0.5	0.1	0.19700
binom	1	0.6	0.1	0.19800
binom	1	0.7	0.1	0.21300
binom	1	0.8	0.1	0.16900
binom	1	0.9	0.1	0.17800
binom	1	0	0.2	0.29900
binom	1	0.1	0.2	0.30800
binom	1	0.2	0.2	0.29400
binom	1	0.3	0.2	0.23200
binom	1	0.4	0.2	0.20900
binom	1	0.5	0.2	0.22200
binom	1	0.6	0.2	0.21000
binom	1	0.7	0.2	0.24600
binom	1	0.8	0.2	0.23300
binom	1	0.9	0.2	0.22000
