binom	1	0	0	0.01700
binom	1	0.1	0	0.04900
binom	1	0.2	0	0.07700
binom	1	0.3	0	0.10300
binom	1	0.4	0	0.13300
binom	1	0.5	0	0.14200
binom	1	0.6	0	0.13800
binom	1	0.7	0	0.16300
binom	1	0.8	0	0.15700
binom	1	0.9	0	0.14800
binom	1	0	0.05	0.09100
binom	1	0.1	0.05	0.08100
binom	1	0.2	0.05	0.12900
binom	1	0.3	0.05	0.15100
binom	1	0.4	0.05	0.17700
binom	1	0.5	0.05	0.16800
binom	1	0.6	0.05	0.18400
binom	1	0.7	0.05	0.17400
binom	1	0.8	0.05	0.13800
binom	1	0.9	0.05	0.15200
binom	1	0	0.1	0.16600
binom	1	0.1	0.1	0.17200
binom	1	0.2	0.1	0.15600
binom	1	0.3	0.1	0.16700
binom	1	0.4	0.1	0.18600
binom	1	0.5	0.1	0.17700
binom	1	0.6	0.1	0.18700
binom	1	0.7	0.1	0.20200
binom	1	0.8	0.1	0.20700
binom	1	0.9	0.1	0.17200
binom	1	0	0.2	0.28000
binom	1	0.1	0.2	0.30100
binom	1	0.2	0.2	0.26600
binom	1	0.3	0.2	0.22900
binom	1	0.4	0.2	0.23800
binom	1	0.5	0.2	0.22600
binom	1	0.6	0.2	0.21100
binom	1	0.7	0.2	0.23200
binom	1	0.8	0.2	0.23200
binom	1	0.9	0.2	0.20300
