binom	1	0	0	0.00700
binom	1	0.1	0	0.03700
binom	1	0.2	0	0.06800
binom	1	0.3	0	0.11800
binom	1	0.4	0	0.12100
binom	1	0.5	0	0.13200
binom	1	0.6	0	0.14600
binom	1	0.7	0	0.14700
binom	1	0.8	0	0.14000
binom	1	0.9	0	0.14700
binom	1	0	0.05	0.09500
binom	1	0.1	0.05	0.08900
binom	1	0.2	0.05	0.11400
binom	1	0.3	0.05	0.12000
binom	1	0.4	0.05	0.15500
binom	1	0.5	0.05	0.15400
binom	1	0.6	0.05	0.16900
binom	1	0.7	0.05	0.16100
binom	1	0.8	0.05	0.15700
binom	1	0.9	0.05	0.15500
binom	1	0	0.1	0.15000
binom	1	0.1	0.1	0.16300
binom	1	0.2	0.1	0.13300
binom	1	0.3	0.1	0.17800
binom	1	0.4	0.1	0.19100
binom	1	0.5	0.1	0.16200
binom	1	0.6	0.1	0.20100
binom	1	0.7	0.1	0.17100
binom	1	0.8	0.1	0.17200
binom	1	0.9	0.1	0.15600
binom	1	0	0.2	0.28700
binom	1	0.1	0.2	0.28900
binom	1	0.2	0.2	0.26200
binom	1	0.3	0.2	0.24400
binom	1	0.4	0.2	0.23600
binom	1	0.5	0.2	0.25200
binom	1	0.6	0.2	0.21800
binom	1	0.7	0.2	0.20700
binom	1	0.8	0.2	0.20700
binom	1	0.9	0.2	0.19600
