binom	1	0	0	0.01200
binom	1	0.1	0	0.04500
binom	1	0.2	0	0.06800
binom	1	0.3	0	0.10200
binom	1	0.4	0	0.12800
binom	1	0.5	0	0.13900
binom	1	0.6	0	0.14900
binom	1	0.7	0	0.14800
binom	1	0.8	0	0.15500
binom	1	0.9	0	0.12900
binom	1	0	0.05	0.10300
binom	1	0.1	0.05	0.08400
binom	1	0.2	0.05	0.09700
binom	1	0.3	0.05	0.13700
binom	1	0.4	0.05	0.14700
binom	1	0.5	0.05	0.16900
binom	1	0.6	0.05	0.19400
binom	1	0.7	0.05	0.16800
binom	1	0.8	0.05	0.17200
binom	1	0.9	0.05	0.15400
binom	1	0	0.1	0.17200
binom	1	0.1	0.1	0.13000
binom	1	0.2	0.1	0.14900
binom	1	0.3	0.1	0.18500
binom	1	0.4	0.1	0.17400
binom	1	0.5	0.1	0.20400
binom	1	0.6	0.1	0.20400
binom	1	0.7	0.1	0.20400
binom	1	0.8	0.1	0.18900
binom	1	0.9	0.1	0.17900
binom	1	0	0.2	0.32700
binom	1	0.1	0.2	0.30900
binom	1	0.2	0.2	0.28200
binom	1	0.3	0.2	0.25300
binom	1	0.4	0.2	0.24100
binom	1	0.5	0.2	0.21900
binom	1	0.6	0.2	0.26000
binom	1	0.7	0.2	0.23000
binom	1	0.8	0.2	0.20700
binom	1	0.9	0.2	0.20000
