binom	1	0	0	0.00500
binom	1	0.1	0	0.05600
binom	1	0.2	0	0.09000
binom	1	0.3	0	0.10800
binom	1	0.4	0	0.12900
binom	1	0.5	0	0.12900
binom	1	0.6	0	0.15000
binom	1	0.7	0	0.11800
binom	1	0.8	0	0.14400
binom	1	0.9	0	0.15300
binom	1	0	0.05	0.08400
binom	1	0.1	0.05	0.08100
binom	1	0.2	0.05	0.11300
binom	1	0.3	0.05	0.13000
binom	1	0.4	0.05	0.15900
binom	1	0.5	0.05	0.17200
binom	1	0.6	0.05	0.16800
binom	1	0.7	0.05	0.16500
binom	1	0.8	0.05	0.17400
binom	1	0.9	0.05	0.14900
binom	1	0	0.1	0.18700
binom	1	0.1	0.1	0.16600
binom	1	0.2	0.1	0.15600
binom	1	0.3	0.1	0.17400
binom	1	0.4	0.1	0.18500
binom	1	0.5	0.1	0.17900
binom	1	0.6	0.1	0.17700
binom	1	0.7	0.1	0.19800
binom	1	0.8	0.1	0.18900
binom	1	0.9	0.1	0.17200
binom	1	0	0.2	0.30800
binom	1	0.1	0.2	0.31000
binom	1	0.2	0.2	0.26300
binom	1	0.3	0.2	0.24100
binom	1	0.4	0.2	0.22700
binom	1	0.5	0.2	0.22900
binom	1	0.6	0.2	0.22700
binom	1	0.7	0.2	0.23600
binom	1	0.8	0.2	0.23700
binom	1	0.9	0.2	0.21700
