binom	1	0	0	0.01500
binom	1	0.1	0	0.04400
binom	1	0.2	0	0.07000
binom	1	0.3	0	0.10000
binom	1	0.4	0	0.13300
binom	1	0.5	0	0.13800
binom	1	0.6	0	0.15000
binom	1	0.7	0	0.14100
binom	1	0.8	0	0.13100
binom	1	0.9	0	0.14600
binom	1	0	0.05	0.07700
binom	1	0.1	0.05	0.08800
binom	1	0.2	0.05	0.11300
binom	1	0.3	0.05	0.14500
binom	1	0.4	0.05	0.17100
binom	1	0.5	0.05	0.17700
binom	1	0.6	0.05	0.15800
binom	1	0.7	0.05	0.16200
binom	1	0.8	0.05	0.17000
binom	1	0.9	0.05	0.17700
binom	1	0	0.1	0.14400
binom	1	0.1	0.1	0.17900
binom	1	0.2	0.1	0.16800
binom	1	0.3	0.1	0.16400
binom	1	0.4	0.1	0.18000
binom	1	0.5	0.1	0.19600
binom	1	0.6	0.1	0.18600
binom	1	0.7	0.1	0.18200
binom	1	0.8	0.1	0.19200
binom	1	0.9	0.1	0.17800
binom	1	0	0.2	0.28500
binom	1	0.1	0.2	0.30300
binom	1	0.2	0.2	0.27400
binom	1	0.3	0.2	0.26100
binom	1	0.4	0.2	0.24000
binom	1	0.5	0.2	0.21900
binom	1	0.6	0.2	0.23300
binom	1	0.7	0.2	0.23800
binom	1	0.8	0.2	0.24300
binom	1	0.9	0.2	0.22900
