binom	1	0	0	0.01200
binom	1	0.1	0	0.04100
binom	1	0.2	0	0.09700
binom	1	0.3	0	0.09200
binom	1	0.4	0	0.12500
binom	1	0.5	0	0.11600
binom	1	0.6	0	0.15600
binom	1	0.7	0	0.13800
binom	1	0.8	0	0.14700
binom	1	0.9	0	0.14400
binom	1	0	0.05	0.09500
binom	1	0.1	0.05	0.08900
binom	1	0.2	0.05	0.12600
binom	1	0.3	0.05	0.11800
binom	1	0.4	0.05	0.14600
binom	1	0.5	0.05	0.13800
binom	1	0.6	0.05	0.17000
binom	1	0.7	0.05	0.16000
binom	1	0.8	0.05	0.17300
binom	1	0.9	0.05	0.17300
binom	1	0	0.1	0.15700
binom	1	0.1	0.1	0.17000
binom	1	0.2	0.1	0.13900
binom	1	0.3	0.1	0.17300
binom	1	0.4	0.1	0.18100
binom	1	0.5	0.1	0.19800
binom	1	0.6	0.1	0.19500
binom	1	0.7	0.1	0.19200
binom	1	0.8	0.1	0.18100
binom	1	0.9	0.1	0.17400
binom	1	0	0.2	0.30500
binom	1	0.1	0.2	0.30100
binom	1	0.2	0.2	0.30400
binom	1	0.3	0.2	0.24500
binom	1	0.4	0.2	0.22700
binom	1	0.5	0.2	0.21400
binom	1	0.6	0.2	0.24600
binom	1	0.7	0.2	0.22800
binom	1	0.8	0.2	0.22200
binom	1	0.9	0.2	0.23200
