binom	1	0	0	0.01300
binom	1	0.1	0	0.04500
binom	1	0.2	0	0.07900
binom	1	0.3	0	0.10500
binom	1	0.4	0	0.13700
binom	1	0.5	0	0.12400
binom	1	0.6	0	0.13900
binom	1	0.7	0	0.14300
binom	1	0.8	0	0.13200
binom	1	0.9	0	0.13200
binom	1	0	0.05	0.09100
binom	1	0.1	0.05	0.09200
binom	1	0.2	0.05	0.10100
binom	1	0.3	0.05	0.14900
binom	1	0.4	0.05	0.16100
binom	1	0.5	0.05	0.19300
binom	1	0.6	0.05	0.18300
binom	1	0.7	0.05	0.16200
binom	1	0.8	0.05	0.17000
binom	1	0.9	0.05	0.17000
binom	1	0	0.1	0.15500
binom	1	0.1	0.1	0.17800
binom	1	0.2	0.1	0.14600
binom	1	0.3	0.1	0.16500
binom	1	0.4	0.1	0.18000
binom	1	0.5	0.1	0.20500
binom	1	0.6	0.1	0.17900
binom	1	0.7	0.1	0.18900
binom	1	0.8	0.1	0.16600
binom	1	0.9	0.1	0.19000
binom	1	0	0.2	0.32700
binom	1	0.1	0.2	0.29900
binom	1	0.2	0.2	0.28900
binom	1	0.3	0.2	0.22000
binom	1	0.4	0.2	0.21600
binom	1	0.5	0.2	0.22300
binom	1	0.6	0.2	0.23600
binom	1	0.7	0.2	0.23200
binom	1	0.8	0.2	0.23700
binom	1	0.9	0.2	0.21600
