binom	1	0	0	0.00700
binom	1	0.1	0	0.04700
binom	1	0.2	0	0.06300
binom	1	0.3	0	0.11800
binom	1	0.4	0	0.12100
binom	1	0.5	0	0.14300
binom	1	0.6	0	0.15300
binom	1	0.7	0	0.15700
binom	1	0.8	0	0.16200
binom	1	0.9	0	0.13800
binom	1	0	0.05	0.08200
binom	1	0.1	0.05	0.08600
binom	1	0.2	0.05	0.10100
binom	1	0.3	0.05	0.11600
binom	1	0.4	0.05	0.15200
binom	1	0.5	0.05	0.18300
binom	1	0.6	0.05	0.17600
binom	1	0.7	0.05	0.17200
binom	1	0.8	0.05	0.16500
binom	1	0.9	0.05	0.14800
binom	1	0	0.1	0.16800
binom	1	0.1	0.1	0.17200
binom	1	0.2	0.1	0.15700
binom	1	0.3	0.1	0.14200
binom	1	0.4	0.1	0.17300
binom	1	0.5	0.1	0.19300
binom	1	0.6	0.1	0.20000
binom	1	0.7	0.1	0.16800
binom	1	0.8	0.1	0.18000
binom	1	0.9	0.1	0.18000
binom	1	0	0.2	0.31300
binom	1	0.1	0.2	0.28300
binom	1	0.2	0.2	0.26500
binom	1	0.3	0.2	0.21900
binom	1	0.4	0.2	0.23800
binom	1	0.5	0.2	0.21600
binom	1	0.6	0.2	0.23500
binom	1	0.7	0.2	0.22200
binom	1	0.8	0.2	0.21200
binom	1	0.9	0.2	0.21100
