binom	0.02060
binom	0.02540
binom	0.02500
binom	0.02000
binom	0.02480
binom	0.01900
binom	0.02100
binom	0.01900
binom	0.02380
binom	0.02100
binom	0.02420
binom	0.02100
binom	0.02320
binom	0.02260
binom	0.02220
binom	0.01860
binom	0.01980
binom	0.02180
binom	0.02060
binom	0.02080
binom	0.01940
binom	0.01780
binom	0.01940
binom	0.02220
binom	0.01820
binom	0.02120
binom	0.02080
binom	0.01900
binom	0.01740
binom	0.02280
binom	0.01640
binom	0.01920
binom	0.02100
binom	0.02000
binom	0.01920
binom	0.01700
binom	0.01940
binom	0.01800
binom	0.01720
binom	0.01940
binom	0.01620
binom	0.01840
binom	0.01620
binom	0.01520
binom	0.01680
binom	0.01380
binom	0.01320
binom	0.01260
binom	0.01540
binom	0.01340
binom	0.01420
