binom	1	0	0	0.01900
binom	1	0.1	0	0.04500
binom	1	0.2	0	0.07500
binom	1	0.3	0	0.11000
binom	1	0.4	0	0.13200
binom	1	0.5	0	0.15200
binom	1	0.6	0	0.14200
binom	1	0.7	0	0.14000
binom	1	0.8	0	0.14100
binom	1	0.9	0	0.12000
binom	1	0	0.05	0.10500
binom	1	0.1	0.05	0.10200
binom	1	0.2	0.05	0.10000
binom	1	0.3	0.05	0.13200
binom	1	0.4	0.05	0.13400
binom	1	0.5	0.05	0.16200
binom	1	0.6	0.05	0.15900
binom	1	0.7	0.05	0.15100
binom	1	0.8	0.05	0.17600
binom	1	0.9	0.05	0.14500
binom	1	0	0.1	0.17800
binom	1	0.1	0.1	0.14200
binom	1	0.2	0.1	0.15900
binom	1	0.3	0.1	0.17500
binom	1	0.4	0.1	0.17500
binom	1	0.5	0.1	0.20700
binom	1	0.6	0.1	0.18700
binom	1	0.7	0.1	0.19900
binom	1	0.8	0.1	0.16600
binom	1	0.9	0.1	0.19300
binom	1	0	0.2	0.29500
binom	1	0.1	0.2	0.29100
binom	1	0.2	0.2	0.28000
binom	1	0.3	0.2	0.23500
binom	1	0.4	0.2	0.22700
binom	1	0.5	0.2	0.22700
binom	1	0.6	0.2	0.25000
binom	1	0.7	0.2	0.24100
binom	1	0.8	0.2	0.21400
binom	1	0.9	0.2	0.19300
