binom	1	0	0	0.00700
binom	1	0.1	0	0.03500
binom	1	0.2	0	0.07500
binom	1	0.3	0	0.11700
binom	1	0.4	0	0.11400
binom	1	0.5	0	0.12900
binom	1	0.6	0	0.14200
binom	1	0.7	0	0.15300
binom	1	0.8	0	0.14100
binom	1	0.9	0	0.15000
binom	1	0	0.05	0.10600
binom	1	0.1	0.05	0.10200
binom	1	0.2	0.05	0.11700
binom	1	0.3	0.05	0.13900
binom	1	0.4	0.05	0.15800
binom	1	0.5	0.05	0.17000
binom	1	0.6	0.05	0.18300
binom	1	0.7	0.05	0.15600
binom	1	0.8	0.05	0.16200
binom	1	0.9	0.05	0.13900
binom	1	0	0.1	0.17400
binom	1	0.1	0.1	0.18000
binom	1	0.2	0.1	0.15000
binom	1	0.3	0.1	0.14000
binom	1	0.4	0.1	0.18300
binom	1	0.5	0.1	0.21100
binom	1	0.6	0.1	0.19000
binom	1	0.7	0.1	0.17700
binom	1	0.8	0.1	0.19700
binom	1	0.9	0.1	0.18600
binom	1	0	0.2	0.31200
binom	1	0.1	0.2	0.27900
binom	1	0.2	0.2	0.30000
binom	1	0.3	0.2	0.25200
binom	1	0.4	0.2	0.22500
binom	1	0.5	0.2	0.23200
binom	1	0.6	0.2	0.22300
binom	1	0.7	0.2	0.25400
binom	1	0.8	0.2	0.22500
binom	1	0.9	0.2	0.19400
