binom	1	0	0	0.01400
binom	1	0.1	0	0.04900
binom	1	0.2	0	0.07400
binom	1	0.3	0	0.10300
binom	1	0.4	0	0.12600
binom	1	0.5	0	0.14900
binom	1	0.6	0	0.13900
binom	1	0.7	0	0.16100
binom	1	0.8	0	0.14800
binom	1	0.9	0	0.14100
binom	1	0	0.05	0.08500
binom	1	0.1	0.05	0.07900
binom	1	0.2	0.05	0.11200
binom	1	0.3	0.05	0.14800
binom	1	0.4	0.05	0.15800
binom	1	0.5	0.05	0.18800
binom	1	0.6	0.05	0.18000
binom	1	0.7	0.05	0.16700
binom	1	0.8	0.05	0.16500
binom	1	0.9	0.05	0.15300
binom	1	0	0.1	0.16300
binom	1	0.1	0.1	0.17100
binom	1	0.2	0.1	0.11900
binom	1	0.3	0.1	0.17100
binom	1	0.4	0.1	0.18000
binom	1	0.5	0.1	0.17600
binom	1	0.6	0.1	0.18700
binom	1	0.7	0.1	0.21400
binom	1	0.8	0.1	0.20700
binom	1	0.9	0.1	0.17800
binom	1	0	0.2	0.28700
binom	1	0.1	0.2	0.32300
binom	1	0.2	0.2	0.25700
binom	1	0.3	0.2	0.22900
binom	1	0.4	0.2	0.23100
binom	1	0.5	0.2	0.25000
binom	1	0.6	0.2	0.22600
binom	1	0.7	0.2	0.22800
binom	1	0.8	0.2	0.24100
binom	1	0.9	0.2	0.20400
