binom	1	0	0	0.00900
binom	1	0.1	0	0.04900
binom	1	0.2	0	0.07200
binom	1	0.3	0	0.11400
binom	1	0.4	0	0.13300
binom	1	0.5	0	0.11700
binom	1	0.6	0	0.15100
binom	1	0.7	0	0.16200
binom	1	0.8	0	0.16400
binom	1	0.9	0	0.12400
binom	1	0	0.05	0.10000
binom	1	0.1	0.05	0.09400
binom	1	0.2	0.05	0.11800
binom	1	0.3	0.05	0.14300
binom	1	0.4	0.05	0.17600
binom	1	0.5	0.05	0.16300
binom	1	0.6	0.05	0.18800
binom	1	0.7	0.05	0.18000
binom	1	0.8	0.05	0.15400
binom	1	0.9	0.05	0.16800
binom	1	0	0.1	0.16500
binom	1	0.1	0.1	0.16500
binom	1	0.2	0.1	0.15300
binom	1	0.3	0.1	0.15700
binom	1	0.4	0.1	0.17800
binom	1	0.5	0.1	0.17600
binom	1	0.6	0.1	0.19800
binom	1	0.7	0.1	0.17800
binom	1	0.8	0.1	0.18900
binom	1	0.9	0.1	0.18800
binom	1	0	0.2	0.31400
binom	1	0.1	0.2	0.30500
binom	1	0.2	0.2	0.28400
binom	1	0.3	0.2	0.25300
binom	1	0.4	0.2	0.20700
binom	1	0.5	0.2	0.23200
binom	1	0.6	0.2	0.23300
binom	1	0.7	0.2	0.23700
binom	1	0.8	0.2	0.22200
binom	1	0.9	0.2	0.20300
