binom	1	0	0	0.00950
binom	1	0.1	0	0.01150
binom	1	0.2	0	0.01050
binom	1	0.3	0	0.01300
binom	1	0.4	0	0.00850
binom	1	0.5	0	0.01100
binom	1	0.6	0	0.00850
binom	1	0.7	0	0.00850
binom	1	0.8	0	0.00100
binom	1	0.9	0	0.00200
binom	1	0	0.05	0.05000
binom	1	0.1	0.05	0.05700
binom	1	0.2	0.05	0.04850
binom	1	0.3	0.05	0.04750
binom	1	0.4	0.05	0.04400
binom	1	0.5	0.05	0.03100
binom	1	0.6	0.05	0.03000
binom	1	0.7	0.05	0.02350
binom	1	0.8	0.05	0.01300
binom	1	0.9	0.05	0.00650
binom	1	0	0.1	0.09650
binom	1	0.1	0.1	0.08550
binom	1	0.2	0.1	0.09250
binom	1	0.3	0.1	0.07850
binom	1	0.4	0.1	0.08050
binom	1	0.5	0.1	0.06450
binom	1	0.6	0.1	0.04850
binom	1	0.7	0.1	0.04700
binom	1	0.8	0.1	0.03050
binom	1	0.9	0.1	0.02050
binom	1	0	0.2	0.16050
binom	1	0.1	0.2	0.16900
binom	1	0.2	0.2	0.15200
binom	1	0.3	0.2	0.17000
binom	1	0.4	0.2	0.14200
binom	1	0.5	0.2	0.13750
binom	1	0.6	0.2	0.12700
binom	1	0.7	0.2	0.12650
binom	1	0.8	0.2	0.10350
binom	1	0.9	0.2	0.07550
