binom	1	0	0	0.00400
binom	1	0.1	0	0.05300
binom	1	0.2	0	0.07600
binom	1	0.3	0	0.10600
binom	1	0.4	0	0.11400
binom	1	0.5	0	0.13100
binom	1	0.6	0	0.15400
binom	1	0.7	0	0.14600
binom	1	0.8	0	0.14300
binom	1	0.9	0	0.12800
binom	1	0	0.05	0.09200
binom	1	0.1	0.05	0.08700
binom	1	0.2	0.05	0.10600
binom	1	0.3	0.05	0.13200
binom	1	0.4	0.05	0.14400
binom	1	0.5	0.05	0.15100
binom	1	0.6	0.05	0.19500
binom	1	0.7	0.05	0.15000
binom	1	0.8	0.05	0.15300
binom	1	0.9	0.05	0.15400
binom	1	0	0.1	0.15100
binom	1	0.1	0.1	0.17300
binom	1	0.2	0.1	0.15500
binom	1	0.3	0.1	0.14500
binom	1	0.4	0.1	0.16700
binom	1	0.5	0.1	0.17100
binom	1	0.6	0.1	0.18200
binom	1	0.7	0.1	0.21000
binom	1	0.8	0.1	0.18600
binom	1	0.9	0.1	0.17900
binom	1	0	0.2	0.28700
binom	1	0.1	0.2	0.28100
binom	1	0.2	0.2	0.26600
binom	1	0.3	0.2	0.24300
binom	1	0.4	0.2	0.23300
binom	1	0.5	0.2	0.21700
binom	1	0.6	0.2	0.23200
binom	1	0.7	0.2	0.24500
binom	1	0.8	0.2	0.23700
binom	1	0.9	0.2	0.21400
