binom	1	0	0	0.00900
binom	1	0.1	0	0.04700
binom	1	0.2	0	0.07900
binom	1	0.3	0	0.11100
binom	1	0.4	0	0.16200
binom	1	0.5	0	0.16500
binom	1	0.6	0	0.15300
binom	1	0.7	0	0.15300
binom	1	0.8	0	0.15700
binom	1	0.9	0	0.14500
binom	1	0	0.05	0.09300
binom	1	0.1	0.05	0.09300
binom	1	0.2	0.05	0.12900
binom	1	0.3	0.05	0.11400
binom	1	0.4	0.05	0.15200
binom	1	0.5	0.05	0.17500
binom	1	0.6	0.05	0.16200
binom	1	0.7	0.05	0.17900
binom	1	0.8	0.05	0.15700
binom	1	0.9	0.05	0.16900
binom	1	0	0.1	0.17400
binom	1	0.1	0.1	0.16300
binom	1	0.2	0.1	0.16300
binom	1	0.3	0.1	0.14500
binom	1	0.4	0.1	0.16700
binom	1	0.5	0.1	0.19100
binom	1	0.6	0.1	0.19900
binom	1	0.7	0.1	0.18300
binom	1	0.8	0.1	0.18200
binom	1	0.9	0.1	0.16500
binom	1	0	0.2	0.32600
binom	1	0.1	0.2	0.31100
binom	1	0.2	0.2	0.26900
binom	1	0.3	0.2	0.25800
binom	1	0.4	0.2	0.22600
binom	1	0.5	0.2	0.23500
binom	1	0.6	0.2	0.21000
binom	1	0.7	0.2	0.20400
binom	1	0.8	0.2	0.22800
binom	1	0.9	0.2	0.21100
