binom	1	0	0	0.01400
binom	1	0.1	0	0.04400
binom	1	0.2	0	0.07800
binom	1	0.3	0	0.10300
binom	1	0.4	0	0.11200
binom	1	0.5	0	0.13700
binom	1	0.6	0	0.12700
binom	1	0.7	0	0.14000
binom	1	0.8	0	0.14700
binom	1	0.9	0	0.13900
binom	1	0	0.05	0.09200
binom	1	0.1	0.05	0.09800
binom	1	0.2	0.05	0.12600
binom	1	0.3	0.05	0.13600
binom	1	0.4	0.05	0.16700
binom	1	0.5	0.05	0.16800
binom	1	0.6	0.05	0.15900
binom	1	0.7	0.05	0.16400
binom	1	0.8	0.05	0.16400
binom	1	0.9	0.05	0.13500
binom	1	0	0.1	0.17900
binom	1	0.1	0.1	0.14500
binom	1	0.2	0.1	0.13800
binom	1	0.3	0.1	0.18500
binom	1	0.4	0.1	0.18800
binom	1	0.5	0.1	0.18200
binom	1	0.6	0.1	0.19000
binom	1	0.7	0.1	0.18100
binom	1	0.8	0.1	0.19800
binom	1	0.9	0.1	0.17300
binom	1	0	0.2	0.33000
binom	1	0.1	0.2	0.27700
binom	1	0.2	0.2	0.28500
binom	1	0.3	0.2	0.24500
binom	1	0.4	0.2	0.22800
binom	1	0.5	0.2	0.23200
binom	1	0.6	0.2	0.22000
binom	1	0.7	0.2	0.22600
binom	1	0.8	0.2	0.21600
binom	1	0.9	0.2	0.19700
