binom	1	0	0	0.01300
binom	1	0.1	0	0.04500
binom	1	0.2	0	0.07900
binom	1	0.3	0	0.10000
binom	1	0.4	0	0.13400
binom	1	0.5	0	0.11500
binom	1	0.6	0	0.13500
binom	1	0.7	0	0.13400
binom	1	0.8	0	0.15000
binom	1	0.9	0	0.15100
binom	1	0	0.05	0.10600
binom	1	0.1	0.05	0.07200
binom	1	0.2	0.05	0.11700
binom	1	0.3	0.05	0.11700
binom	1	0.4	0.05	0.15700
binom	1	0.5	0.05	0.17600
binom	1	0.6	0.05	0.18500
binom	1	0.7	0.05	0.16100
binom	1	0.8	0.05	0.13200
binom	1	0.9	0.05	0.15500
binom	1	0	0.1	0.19700
binom	1	0.1	0.1	0.17400
binom	1	0.2	0.1	0.13800
binom	1	0.3	0.1	0.17100
binom	1	0.4	0.1	0.18400
binom	1	0.5	0.1	0.17300
binom	1	0.6	0.1	0.19000
binom	1	0.7	0.1	0.21100
binom	1	0.8	0.1	0.18800
binom	1	0.9	0.1	0.16700
binom	1	0	0.2	0.29800
binom	1	0.1	0.2	0.31600
binom	1	0.2	0.2	0.28800
binom	1	0.3	0.2	0.24200
binom	1	0.4	0.2	0.21300
binom	1	0.5	0.2	0.21600
binom	1	0.6	0.2	0.23700
binom	1	0.7	0.2	0.25800
binom	1	0.8	0.2	0.22100
binom	1	0.9	0.2	0.22300
