binom	1	0	0	0.00900
binom	1	0.1	0	0.04900
binom	1	0.2	0	0.08000
binom	1	0.3	0	0.09600
binom	1	0.4	0	0.12200
binom	1	0.5	0	0.11400
binom	1	0.6	0	0.14500
binom	1	0.7	0	0.13800
binom	1	0.8	0	0.14700
binom	1	0.9	0	0.12500
binom	1	0	0.05	0.08300
binom	1	0.1	0.05	0.08700
binom	1	0.2	0.05	0.12000
binom	1	0.3	0.05	0.14300
binom	1	0.4	0.05	0.13200
binom	1	0.5	0.05	0.16500
binom	1	0.6	0.05	0.15500
binom	1	0.7	0.05	0.17600
binom	1	0.8	0.05	0.16700
binom	1	0.9	0.05	0.15200
binom	1	0	0.1	0.16100
binom	1	0.1	0.1	0.15000
binom	1	0.2	0.1	0.15000
binom	1	0.3	0.1	0.17500
binom	1	0.4	0.1	0.17400
binom	1	0.5	0.1	0.17300
binom	1	0.6	0.1	0.20200
binom	1	0.7	0.1	0.21000
binom	1	0.8	0.1	0.17300
binom	1	0.9	0.1	0.18800
binom	1	0	0.2	0.31600
binom	1	0.1	0.2	0.27700
binom	1	0.2	0.2	0.30200
binom	1	0.3	0.2	0.23200
binom	1	0.4	0.2	0.24500
binom	1	0.5	0.2	0.22500
binom	1	0.6	0.2	0.23500
binom	1	0.7	0.2	0.23700
binom	1	0.8	0.2	0.23500
binom	1	0.9	0.2	0.22500
