binom	1	0	0	0.01000
binom	1	0.1	0	0.03400
binom	1	0.2	0	0.08100
binom	1	0.3	0	0.12000
binom	1	0.4	0	0.10900
binom	1	0.5	0	0.11600
binom	1	0.6	0	0.13000
binom	1	0.7	0	0.16200
binom	1	0.8	0	0.13100
binom	1	0.9	0	0.13800
binom	1	0	0.05	0.10600
binom	1	0.1	0.05	0.09100
binom	1	0.2	0.05	0.09500
binom	1	0.3	0.05	0.12400
binom	1	0.4	0.05	0.14100
binom	1	0.5	0.05	0.15500
binom	1	0.6	0.05	0.16300
binom	1	0.7	0.05	0.16800
binom	1	0.8	0.05	0.15500
binom	1	0.9	0.05	0.15700
binom	1	0	0.1	0.17600
binom	1	0.1	0.1	0.19400
binom	1	0.2	0.1	0.15500
binom	1	0.3	0.1	0.13700
binom	1	0.4	0.1	0.18100
binom	1	0.5	0.1	0.19900
binom	1	0.6	0.1	0.20000
binom	1	0.7	0.1	0.19000
binom	1	0.8	0.1	0.18700
binom	1	0.9	0.1	0.19100
binom	1	0	0.2	0.32600
binom	1	0.1	0.2	0.31300
binom	1	0.2	0.2	0.28300
binom	1	0.3	0.2	0.23900
binom	1	0.4	0.2	0.21600
binom	1	0.5	0.2	0.24800
binom	1	0.6	0.2	0.21000
binom	1	0.7	0.2	0.24700
binom	1	0.8	0.2	0.22900
binom	1	0.9	0.2	0.20200
