binom	1	0	0	0.01500
binom	1	0.1	0	0.05200
binom	1	0.2	0	0.08000
binom	1	0.3	0	0.09600
binom	1	0.4	0	0.12700
binom	1	0.5	0	0.15100
binom	1	0.6	0	0.13900
binom	1	0.7	0	0.14400
binom	1	0.8	0	0.15900
binom	1	0.9	0	0.14000
binom	1	0	0.05	0.07500
binom	1	0.1	0.05	0.07900
binom	1	0.2	0.05	0.11300
binom	1	0.3	0.05	0.13800
binom	1	0.4	0.05	0.13500
binom	1	0.5	0.05	0.15100
binom	1	0.6	0.05	0.15300
binom	1	0.7	0.05	0.16700
binom	1	0.8	0.05	0.15100
binom	1	0.9	0.05	0.14200
binom	1	0	0.1	0.16000
binom	1	0.1	0.1	0.14600
binom	1	0.2	0.1	0.14400
binom	1	0.3	0.1	0.18600
binom	1	0.4	0.1	0.15700
binom	1	0.5	0.1	0.17500
binom	1	0.6	0.1	0.18200
binom	1	0.7	0.1	0.19800
binom	1	0.8	0.1	0.16800
binom	1	0.9	0.1	0.16300
binom	1	0	0.2	0.31300
binom	1	0.1	0.2	0.25800
binom	1	0.2	0.2	0.29100
binom	1	0.3	0.2	0.22400
binom	1	0.4	0.2	0.22400
binom	1	0.5	0.2	0.21900
binom	1	0.6	0.2	0.22700
binom	1	0.7	0.2	0.21400
binom	1	0.8	0.2	0.22200
binom	1	0.9	0.2	0.22700
