binom	1	0	0	0.00400
binom	1	0.1	0	0.03800
binom	1	0.2	0	0.08200
binom	1	0.3	0	0.11100
binom	1	0.4	0	0.12800
binom	1	0.5	0	0.13800
binom	1	0.6	0	0.16100
binom	1	0.7	0	0.14600
binom	1	0.8	0	0.14000
binom	1	0.9	0	0.15100
binom	1	0	0.05	0.09800
binom	1	0.1	0.05	0.09500
binom	1	0.2	0.05	0.11300
binom	1	0.3	0.05	0.12500
binom	1	0.4	0.05	0.14600
binom	1	0.5	0.05	0.16000
binom	1	0.6	0.05	0.14600
binom	1	0.7	0.05	0.18900
binom	1	0.8	0.05	0.16800
binom	1	0.9	0.05	0.14400
binom	1	0	0.1	0.18300
binom	1	0.1	0.1	0.15100
binom	1	0.2	0.1	0.16700
binom	1	0.3	0.1	0.14800
binom	1	0.4	0.1	0.19000
binom	1	0.5	0.1	0.19700
binom	1	0.6	0.1	0.19500
binom	1	0.7	0.1	0.18300
binom	1	0.8	0.1	0.20500
binom	1	0.9	0.1	0.18200
binom	1	0	0.2	0.29500
binom	1	0.1	0.2	0.29700
binom	1	0.2	0.2	0.26900
binom	1	0.3	0.2	0.23600
binom	1	0.4	0.2	0.21900
binom	1	0.5	0.2	0.24500
binom	1	0.6	0.2	0.23700
binom	1	0.7	0.2	0.23800
binom	1	0.8	0.2	0.22100
binom	1	0.9	0.2	0.19400
