binom	1	0	0	0.01400
binom	1	0.1	0	0.04100
binom	1	0.2	0	0.06600
binom	1	0.3	0	0.12200
binom	1	0.4	0	0.10700
binom	1	0.5	0	0.14100
binom	1	0.6	0	0.14500
binom	1	0.7	0	0.14000
binom	1	0.8	0	0.12800
binom	1	0.9	0	0.14700
binom	1	0	0.05	0.08900
binom	1	0.1	0.05	0.08600
binom	1	0.2	0.05	0.11500
binom	1	0.3	0.05	0.14800
binom	1	0.4	0.05	0.15600
binom	1	0.5	0.05	0.15200
binom	1	0.6	0.05	0.17800
binom	1	0.7	0.05	0.17700
binom	1	0.8	0.05	0.16000
binom	1	0.9	0.05	0.15300
binom	1	0	0.1	0.16600
binom	1	0.1	0.1	0.16800
binom	1	0.2	0.1	0.16300
binom	1	0.3	0.1	0.16300
binom	1	0.4	0.1	0.15900
binom	1	0.5	0.1	0.18200
binom	1	0.6	0.1	0.20800
binom	1	0.7	0.1	0.18100
binom	1	0.8	0.1	0.19900
binom	1	0.9	0.1	0.16900
binom	1	0	0.2	0.29300
binom	1	0.1	0.2	0.29200
binom	1	0.2	0.2	0.26200
binom	1	0.3	0.2	0.24100
binom	1	0.4	0.2	0.23900
binom	1	0.5	0.2	0.23500
binom	1	0.6	0.2	0.22000
binom	1	0.7	0.2	0.23500
binom	1	0.8	0.2	0.23700
binom	1	0.9	0.2	0.23000
