binom	0.02420
binom	0.02100
binom	0.02520
binom	0.02220
binom	0.02560
binom	0.01920
binom	0.02220
binom	0.02540
binom	0.02200
binom	0.02240
binom	0.02200
binom	0.02320
binom	0.02160
binom	0.02340
binom	0.02100
binom	0.02260
binom	0.02020
binom	0.02200
binom	0.02080
binom	0.02160
binom	0.01740
binom	0.01840
binom	0.01880
binom	0.02220
binom	0.01960
binom	0.01640
binom	0.01920
binom	0.02080
binom	0.01900
binom	0.02080
binom	0.02120
binom	0.02080
binom	0.01740
binom	0.02040
binom	0.01300
binom	0.01760
binom	0.01720
binom	0.01600
binom	0.01760
binom	0.01700
binom	0.01920
binom	0.01860
binom	0.01780
binom	0.01740
binom	0.01640
binom	0.01500
binom	0.01680
binom	0.01700
binom	0.01620
binom	0.01300
binom	0.01560
