binom	1	0	0	0.01700
binom	1	0.1	0	0.04300
binom	1	0.2	0	0.07000
binom	1	0.3	0	0.10900
binom	1	0.4	0	0.12200
binom	1	0.5	0	0.13700
binom	1	0.6	0	0.13900
binom	1	0.7	0	0.14200
binom	1	0.8	0	0.15100
binom	1	0.9	0	0.13600
binom	1	0	0.05	0.09600
binom	1	0.1	0.05	0.08100
binom	1	0.2	0.05	0.12500
binom	1	0.3	0.05	0.13700
binom	1	0.4	0.05	0.14600
binom	1	0.5	0.05	0.17200
binom	1	0.6	0.05	0.15300
binom	1	0.7	0.05	0.16500
binom	1	0.8	0.05	0.15900
binom	1	0.9	0.05	0.14700
binom	1	0	0.1	0.19800
binom	1	0.1	0.1	0.15700
binom	1	0.2	0.1	0.14200
binom	1	0.3	0.1	0.13900
binom	1	0.4	0.1	0.18000
binom	1	0.5	0.1	0.19100
binom	1	0.6	0.1	0.19100
binom	1	0.7	0.1	0.19800
binom	1	0.8	0.1	0.19100
binom	1	0.9	0.1	0.17000
binom	1	0	0.2	0.28000
binom	1	0.1	0.2	0.30200
binom	1	0.2	0.2	0.25900
binom	1	0.3	0.2	0.25500
binom	1	0.4	0.2	0.20400
binom	1	0.5	0.2	0.23100
binom	1	0.6	0.2	0.23800
binom	1	0.7	0.2	0.24300
binom	1	0.8	0.2	0.22900
binom	1	0.9	0.2	0.23100
