binom	1	0	0	0.01100
binom	1	0.1	0	0.04200
binom	1	0.2	0	0.08800
binom	1	0.3	0	0.11400
binom	1	0.4	0	0.13400
binom	1	0.5	0	0.13700
binom	1	0.6	0	0.14600
binom	1	0.7	0	0.14600
binom	1	0.8	0	0.14600
binom	1	0.9	0	0.15200
binom	1	0	0.05	0.08400
binom	1	0.1	0.05	0.08200
binom	1	0.2	0.05	0.12800
binom	1	0.3	0.05	0.15000
binom	1	0.4	0.05	0.15900
binom	1	0.5	0.05	0.16700
binom	1	0.6	0.05	0.14400
binom	1	0.7	0.05	0.19700
binom	1	0.8	0.05	0.15500
binom	1	0.9	0.05	0.17300
binom	1	0	0.1	0.17200
binom	1	0.1	0.1	0.14200
binom	1	0.2	0.1	0.16200
binom	1	0.3	0.1	0.17300
binom	1	0.4	0.1	0.17300
binom	1	0.5	0.1	0.18800
binom	1	0.6	0.1	0.19000
binom	1	0.7	0.1	0.19200
binom	1	0.8	0.1	0.19200
binom	1	0.9	0.1	0.16800
binom	1	0	0.2	0.31800
binom	1	0.1	0.2	0.30200
binom	1	0.2	0.2	0.28700
binom	1	0.3	0.2	0.26300
binom	1	0.4	0.2	0.24800
binom	1	0.5	0.2	0.24800
binom	1	0.6	0.2	0.24000
binom	1	0.7	0.2	0.23200
binom	1	0.8	0.2	0.23000
binom	1	0.9	0.2	0.21800
