binom	1	0	0	0.00700
binom	1	0.1	0	0.05100
binom	1	0.2	0	0.08000
binom	1	0.3	0	0.10800
binom	1	0.4	0	0.12400
binom	1	0.5	0	0.14700
binom	1	0.6	0	0.14000
binom	1	0.7	0	0.13700
binom	1	0.8	0	0.13500
binom	1	0.9	0	0.14900
binom	1	0	0.05	0.09600
binom	1	0.1	0.05	0.09400
binom	1	0.2	0.05	0.12900
binom	1	0.3	0.05	0.13000
binom	1	0.4	0.05	0.17800
binom	1	0.5	0.05	0.15400
binom	1	0.6	0.05	0.15500
binom	1	0.7	0.05	0.16400
binom	1	0.8	0.05	0.15900
binom	1	0.9	0.05	0.14400
binom	1	0	0.1	0.15900
binom	1	0.1	0.1	0.17200
binom	1	0.2	0.1	0.14800
binom	1	0.3	0.1	0.15200
binom	1	0.4	0.1	0.20500
binom	1	0.5	0.1	0.17500
binom	1	0.6	0.1	0.18900
binom	1	0.7	0.1	0.18400
binom	1	0.8	0.1	0.17700
binom	1	0.9	0.1	0.18200
binom	1	0	0.2	0.32300
binom	1	0.1	0.2	0.32400
binom	1	0.2	0.2	0.27100
binom	1	0.3	0.2	0.24400
binom	1	0.4	0.2	0.21700
binom	1	0.5	0.2	0.24700
binom	1	0.6	0.2	0.24000
binom	1	0.7	0.2	0.23100
binom	1	0.8	0.2	0.23200
binom	1	0.9	0.2	0.23100
