binom	1	0	0	0.00900
binom	1	0.1	0	0.03900
binom	1	0.2	0	0.07300
binom	1	0.3	0	0.11500
binom	1	0.4	0	0.11300
binom	1	0.5	0	0.12600
binom	1	0.6	0	0.14600
binom	1	0.7	0	0.13900
binom	1	0.8	0	0.12100
binom	1	0.9	0	0.12400
binom	1	0	0.05	0.09900
binom	1	0.1	0.05	0.07800
binom	1	0.2	0.05	0.11100
binom	1	0.3	0.05	0.13000
binom	1	0.4	0.05	0.13800
binom	1	0.5	0.05	0.16700
binom	1	0.6	0.05	0.16400
binom	1	0.7	0.05	0.16000
binom	1	0.8	0.05	0.17100
binom	1	0.9	0.05	0.16900
binom	1	0	0.1	0.17700
binom	1	0.1	0.1	0.15600
binom	1	0.2	0.1	0.14500
binom	1	0.3	0.1	0.16300
binom	1	0.4	0.1	0.17900
binom	1	0.5	0.1	0.17300
binom	1	0.6	0.1	0.19200
binom	1	0.7	0.1	0.20100
binom	1	0.8	0.1	0.17100
binom	1	0.9	0.1	0.18900
binom	1	0	0.2	0.28900
binom	1	0.1	0.2	0.28700
binom	1	0.2	0.2	0.27500
binom	1	0.3	0.2	0.26000
binom	1	0.4	0.2	0.23600
binom	1	0.5	0.2	0.20100
binom	1	0.6	0.2	0.23000
binom	1	0.7	0.2	0.21800
binom	1	0.8	0.2	0.22500
binom	1	0.9	0.2	0.20600
