binom	1	0	0	0.01000
binom	1	0.1	0	0.04800
binom	1	0.2	0	0.07200
binom	1	0.3	0	0.12200
binom	1	0.4	0	0.11300
binom	1	0.5	0	0.12700
binom	1	0.6	0	0.14400
binom	1	0.7	0	0.13900
binom	1	0.8	0	0.13100
binom	1	0.9	0	0.13200
binom	1	0	0.05	0.09600
binom	1	0.1	0.05	0.07800
binom	1	0.2	0.05	0.12100
binom	1	0.3	0.05	0.14000
binom	1	0.4	0.05	0.14900
binom	1	0.5	0.05	0.15900
binom	1	0.6	0.05	0.13600
binom	1	0.7	0.05	0.17900
binom	1	0.8	0.05	0.16100
binom	1	0.9	0.05	0.14800
binom	1	0	0.1	0.19000
binom	1	0.1	0.1	0.15000
binom	1	0.2	0.1	0.14900
binom	1	0.3	0.1	0.14800
binom	1	0.4	0.1	0.18400
binom	1	0.5	0.1	0.19000
binom	1	0.6	0.1	0.20300
binom	1	0.7	0.1	0.18900
binom	1	0.8	0.1	0.20000
binom	1	0.9	0.1	0.17700
binom	1	0	0.2	0.29800
binom	1	0.1	0.2	0.31800
binom	1	0.2	0.2	0.27400
binom	1	0.3	0.2	0.25800
binom	1	0.4	0.2	0.22400
binom	1	0.5	0.2	0.21600
binom	1	0.6	0.2	0.20800
binom	1	0.7	0.2	0.22500
binom	1	0.8	0.2	0.20700
binom	1	0.9	0.2	0.21800
