binom	1	0	0	0.01400
binom	1	0.1	0	0.04900
binom	1	0.2	0	0.06600
binom	1	0.3	0	0.10400
binom	1	0.4	0	0.12100
binom	1	0.5	0	0.13600
binom	1	0.6	0	0.14900
binom	1	0.7	0	0.15100
binom	1	0.8	0	0.14400
binom	1	0.9	0	0.12800
binom	1	0	0.05	0.07800
binom	1	0.1	0.05	0.08700
binom	1	0.2	0.05	0.11200
binom	1	0.3	0.05	0.14400
binom	1	0.4	0.05	0.14100
binom	1	0.5	0.05	0.14700
binom	1	0.6	0.05	0.17500
binom	1	0.7	0.05	0.19300
binom	1	0.8	0.05	0.16800
binom	1	0.9	0.05	0.17900
binom	1	0	0.1	0.18400
binom	1	0.1	0.1	0.15900
binom	1	0.2	0.1	0.13600
binom	1	0.3	0.1	0.17400
binom	1	0.4	0.1	0.20000
binom	1	0.5	0.1	0.19300
binom	1	0.6	0.1	0.18000
binom	1	0.7	0.1	0.17400
binom	1	0.8	0.1	0.19900
binom	1	0.9	0.1	0.19800
binom	1	0	0.2	0.29700
binom	1	0.1	0.2	0.28700
binom	1	0.2	0.2	0.29200
binom	1	0.3	0.2	0.23900
binom	1	0.4	0.2	0.22200
binom	1	0.5	0.2	0.22200
binom	1	0.6	0.2	0.21600
binom	1	0.7	0.2	0.27400
binom	1	0.8	0.2	0.21800
binom	1	0.9	0.2	0.21400
