binom	1	0	0	0.01200
binom	1	0.1	0	0.04800
binom	1	0.2	0	0.07500
binom	1	0.3	0	0.11200
binom	1	0.4	0	0.14000
binom	1	0.5	0	0.13800
binom	1	0.6	0	0.13600
binom	1	0.7	0	0.12900
binom	1	0.8	0	0.14100
binom	1	0.9	0	0.12700
binom	1	0	0.05	0.10600
binom	1	0.1	0.05	0.07900
binom	1	0.2	0.05	0.12300
binom	1	0.3	0.05	0.14100
binom	1	0.4	0.05	0.17100
binom	1	0.5	0.05	0.16900
binom	1	0.6	0.05	0.15600
binom	1	0.7	0.05	0.17800
binom	1	0.8	0.05	0.15800
binom	1	0.9	0.05	0.16900
binom	1	0	0.1	0.16300
binom	1	0.1	0.1	0.15600
binom	1	0.2	0.1	0.16800
binom	1	0.3	0.1	0.16100
binom	1	0.4	0.1	0.16000
binom	1	0.5	0.1	0.18100
binom	1	0.6	0.1	0.18000
binom	1	0.7	0.1	0.18700
binom	1	0.8	0.1	0.17500
binom	1	0.9	0.1	0.17200
binom	1	0	0.2	0.29700
binom	1	0.1	0.2	0.30900
binom	1	0.2	0.2	0.25800
binom	1	0.3	0.2	0.23900
binom	1	0.4	0.2	0.20900
binom	1	0.5	0.2	0.23300
binom	1	0.6	0.2	0.21400
binom	1	0.7	0.2	0.24700
binom	1	0.8	0.2	0.22100
binom	1	0.9	0.2	0.20800
