binom	0.02280
binom	0.02140
binom	0.01920
binom	0.02020
binom	0.02000
binom	0.01820
binom	0.02240
binom	0.02300
binom	0.02000
binom	0.01960
binom	0.02300
binom	0.02320
binom	0.01780
binom	0.02040
binom	0.02180
binom	0.01820
binom	0.02120
binom	0.02160
binom	0.02180
binom	0.02020
binom	0.01760
binom	0.02120
binom	0.02040
binom	0.01940
binom	0.01960
binom	0.01860
binom	0.01860
binom	0.01800
binom	0.01840
binom	0.01780
binom	0.01480
binom	0.01780
binom	0.02080
binom	0.01940
binom	0.01740
binom	0.01820
binom	0.01620
binom	0.01640
binom	0.01660
binom	0.01660
binom	0.01640
binom	0.01820
binom	0.01740
binom	0.01480
binom	0.01840
binom	0.01600
binom	0.01720
binom	0.01620
binom	0.01480
binom	0.01580
binom	0.01360
