binom	1	0	0	0.01500
binom	1	0.1	0	0.04300
binom	1	0.2	0	0.08900
binom	1	0.3	0	0.09300
binom	1	0.4	0	0.10600
binom	1	0.5	0	0.13100
binom	1	0.6	0	0.14600
binom	1	0.7	0	0.15600
binom	1	0.8	0	0.13800
binom	1	0.9	0	0.14500
binom	1	0	0.05	0.09800
binom	1	0.1	0.05	0.07600
binom	1	0.2	0.05	0.12000
binom	1	0.3	0.05	0.13800
binom	1	0.4	0.05	0.15500
binom	1	0.5	0.05	0.17700
binom	1	0.6	0.05	0.16000
binom	1	0.7	0.05	0.16700
binom	1	0.8	0.05	0.15500
binom	1	0.9	0.05	0.15000
binom	1	0	0.1	0.17900
binom	1	0.1	0.1	0.16900
binom	1	0.2	0.1	0.14600
binom	1	0.3	0.1	0.14500
binom	1	0.4	0.1	0.19500
binom	1	0.5	0.1	0.18200
binom	1	0.6	0.1	0.19400
binom	1	0.7	0.1	0.18300
binom	1	0.8	0.1	0.18100
binom	1	0.9	0.1	0.19000
binom	1	0	0.2	0.31200
binom	1	0.1	0.2	0.27900
binom	1	0.2	0.2	0.26400
binom	1	0.3	0.2	0.24200
binom	1	0.4	0.2	0.21300
binom	1	0.5	0.2	0.22500
binom	1	0.6	0.2	0.20700
binom	1	0.7	0.2	0.23500
binom	1	0.8	0.2	0.23300
binom	1	0.9	0.2	0.22300
