binom	1	0	0	0.00900
binom	1	0.1	0	0.04500
binom	1	0.2	0	0.07500
binom	1	0.3	0	0.10000
binom	1	0.4	0	0.12100
binom	1	0.5	0	0.14400
binom	1	0.6	0	0.15200
binom	1	0.7	0	0.12900
binom	1	0.8	0	0.13200
binom	1	0.9	0	0.15300
binom	1	0	0.05	0.08500
binom	1	0.1	0.05	0.07400
binom	1	0.2	0.05	0.11400
binom	1	0.3	0.05	0.14300
binom	1	0.4	0.05	0.14600
binom	1	0.5	0.05	0.14300
binom	1	0.6	0.05	0.16300
binom	1	0.7	0.05	0.15900
binom	1	0.8	0.05	0.16600
binom	1	0.9	0.05	0.17800
binom	1	0	0.1	0.16300
binom	1	0.1	0.1	0.16500
binom	1	0.2	0.1	0.12900
binom	1	0.3	0.1	0.17400
binom	1	0.4	0.1	0.14500
binom	1	0.5	0.1	0.16300
binom	1	0.6	0.1	0.18500
binom	1	0.7	0.1	0.18100
binom	1	0.8	0.1	0.15900
binom	1	0.9	0.1	0.17100
binom	1	0	0.2	0.31900
binom	1	0.1	0.2	0.29100
binom	1	0.2	0.2	0.25400
binom	1	0.3	0.2	0.24200
binom	1	0.4	0.2	0.20400
binom	1	0.5	0.2	0.21000
binom	1	0.6	0.2	0.23400
binom	1	0.7	0.2	0.24000
binom	1	0.8	0.2	0.25200
binom	1	0.9	0.2	0.21700
