binom	1	0	0	0.00700
binom	1	0.1	0	0.04300
binom	1	0.2	0	0.08700
binom	1	0.3	0	0.11900
binom	1	0.4	0	0.14000
binom	1	0.5	0	0.14100
binom	1	0.6	0	0.14200
binom	1	0.7	0	0.15300
binom	1	0.8	0	0.15000
binom	1	0.9	0	0.13100
binom	1	0	0.05	0.10100
binom	1	0.1	0.05	0.08300
binom	1	0.2	0.05	0.11500
binom	1	0.3	0.05	0.14300
binom	1	0.4	0.05	0.14100
binom	1	0.5	0.05	0.17600
binom	1	0.6	0.05	0.18900
binom	1	0.7	0.05	0.16600
binom	1	0.8	0.05	0.15500
binom	1	0.9	0.05	0.15800
binom	1	0	0.1	0.18600
binom	1	0.1	0.1	0.17200
binom	1	0.2	0.1	0.14500
binom	1	0.3	0.1	0.15600
binom	1	0.4	0.1	0.17900
binom	1	0.5	0.1	0.20700
binom	1	0.6	0.1	0.20600
binom	1	0.7	0.1	0.21100
binom	1	0.8	0.1	0.19700
binom	1	0.9	0.1	0.17200
binom	1	0	0.2	0.30900
binom	1	0.1	0.2	0.29900
binom	1	0.2	0.2	0.26100
binom	1	0.3	0.2	0.22500
binom	1	0.4	0.2	0.23900
binom	1	0.5	0.2	0.22100
binom	1	0.6	0.2	0.21600
binom	1	0.7	0.2	0.23800
binom	1	0.8	0.2	0.21500
binom	1	0.9	0.2	0.20400
