binom	1	0	0	0.00600
binom	1	0.1	0	0.03700
binom	1	0.2	0	0.09600
binom	1	0.3	0	0.09600
binom	1	0.4	0	0.11600
binom	1	0.5	0	0.11800
binom	1	0.6	0	0.14100
binom	1	0.7	0	0.14900
binom	1	0.8	0	0.14700
binom	1	0.9	0	0.13300
binom	1	0	0.05	0.07500
binom	1	0.1	0.05	0.08600
binom	1	0.2	0.05	0.10400
binom	1	0.3	0.05	0.11700
binom	1	0.4	0.05	0.15000
binom	1	0.5	0.05	0.16900
binom	1	0.6	0.05	0.17200
binom	1	0.7	0.05	0.16100
binom	1	0.8	0.05	0.16400
binom	1	0.9	0.05	0.16500
binom	1	0	0.1	0.17800
binom	1	0.1	0.1	0.17800
binom	1	0.2	0.1	0.14800
binom	1	0.3	0.1	0.17300
binom	1	0.4	0.1	0.19400
binom	1	0.5	0.1	0.17700
binom	1	0.6	0.1	0.18500
binom	1	0.7	0.1	0.18000
binom	1	0.8	0.1	0.17300
binom	1	0.9	0.1	0.20000
binom	1	0	0.2	0.33400
binom	1	0.1	0.2	0.28300
binom	1	0.2	0.2	0.27100
binom	1	0.3	0.2	0.25000
binom	1	0.4	0.2	0.23500
binom	1	0.5	0.2	0.24500
binom	1	0.6	0.2	0.24200
binom	1	0.7	0.2	0.25100
binom	1	0.8	0.2	0.21700
binom	1	0.9	0.2	0.20500
