binom	1	0	0	0.01100
binom	1	0.1	0	0.05400
binom	1	0.2	0	0.08400
binom	1	0.3	0	0.10300
binom	1	0.4	0	0.11600
binom	1	0.5	0	0.15200
binom	1	0.6	0	0.13900
binom	1	0.7	0	0.14100
binom	1	0.8	0	0.13800
binom	1	0.9	0	0.12200
binom	1	0	0.05	0.09800
binom	1	0.1	0.05	0.08300
binom	1	0.2	0.05	0.11700
binom	1	0.3	0.05	0.13600
binom	1	0.4	0.05	0.14200
binom	1	0.5	0.05	0.16700
binom	1	0.6	0.05	0.16700
binom	1	0.7	0.05	0.17800
binom	1	0.8	0.05	0.16900
binom	1	0.9	0.05	0.17100
binom	1	0	0.1	0.18900
binom	1	0.1	0.1	0.14200
binom	1	0.2	0.1	0.16800
binom	1	0.3	0.1	0.14500
binom	1	0.4	0.1	0.18600
binom	1	0.5	0.1	0.18200
binom	1	0.6	0.1	0.16800
binom	1	0.7	0.1	0.20100
binom	1	0.8	0.1	0.17400
binom	1	0.9	0.1	0.17300
binom	1	0	0.2	0.28100
binom	1	0.1	0.2	0.28500
binom	1	0.2	0.2	0.29000
binom	1	0.3	0.2	0.25100
binom	1	0.4	0.2	0.20600
binom	1	0.5	0.2	0.21900
binom	1	0.6	0.2	0.24700
binom	1	0.7	0.2	0.25900
binom	1	0.8	0.2	0.20800
binom	1	0.9	0.2	0.23000
