binom	1	0	0	0.00500
binom	1	0.1	0	0.03200
binom	1	0.2	0	0.07700
binom	1	0.3	0	0.10500
binom	1	0.4	0	0.12400
binom	1	0.5	0	0.14200
binom	1	0.6	0	0.13900
binom	1	0.7	0	0.14500
binom	1	0.8	0	0.13500
binom	1	0.9	0	0.12200
binom	1	0	0.05	0.08500
binom	1	0.1	0.05	0.07700
binom	1	0.2	0.05	0.10100
binom	1	0.3	0.05	0.13600
binom	1	0.4	0.05	0.17000
binom	1	0.5	0.05	0.17800
binom	1	0.6	0.05	0.17400
binom	1	0.7	0.05	0.18000
binom	1	0.8	0.05	0.15800
binom	1	0.9	0.05	0.14200
binom	1	0	0.1	0.16800
binom	1	0.1	0.1	0.15500
binom	1	0.2	0.1	0.13700
binom	1	0.3	0.1	0.16600
binom	1	0.4	0.1	0.18500
binom	1	0.5	0.1	0.17400
binom	1	0.6	0.1	0.20700
binom	1	0.7	0.1	0.19100
binom	1	0.8	0.1	0.20900
binom	1	0.9	0.1	0.16900
binom	1	0	0.2	0.34500
binom	1	0.1	0.2	0.28600
binom	1	0.2	0.2	0.27900
binom	1	0.3	0.2	0.25200
binom	1	0.4	0.2	0.22600
binom	1	0.5	0.2	0.21500
binom	1	0.6	0.2	0.23700
binom	1	0.7	0.2	0.25200
binom	1	0.8	0.2	0.23100
binom	1	0.9	0.2	0.20300
