binom	1	0	0	0.00700
binom	1	0.1	0	0.04900
binom	1	0.2	0	0.08200
binom	1	0.3	0	0.10700
binom	1	0.4	0	0.11900
binom	1	0.5	0	0.14700
binom	1	0.6	0	0.14700
binom	1	0.7	0	0.13500
binom	1	0.8	0	0.13400
binom	1	0.9	0	0.11100
binom	1	0	0.05	0.09500
binom	1	0.1	0.05	0.08700
binom	1	0.2	0.05	0.12400
binom	1	0.3	0.05	0.15200
binom	1	0.4	0.05	0.14600
binom	1	0.5	0.05	0.15100
binom	1	0.6	0.05	0.16200
binom	1	0.7	0.05	0.16000
binom	1	0.8	0.05	0.14200
binom	1	0.9	0.05	0.16900
binom	1	0	0.1	0.16000
binom	1	0.1	0.1	0.16200
binom	1	0.2	0.1	0.15100
binom	1	0.3	0.1	0.15600
binom	1	0.4	0.1	0.15900
binom	1	0.5	0.1	0.17900
binom	1	0.6	0.1	0.20500
binom	1	0.7	0.1	0.18300
binom	1	0.8	0.1	0.18000
binom	1	0.9	0.1	0.16000
binom	1	0	0.2	0.32900
binom	1	0.1	0.2	0.31800
binom	1	0.2	0.2	0.27200
binom	1	0.3	0.2	0.25200
binom	1	0.4	0.2	0.23000
binom	1	0.5	0.2	0.23800
binom	1	0.6	0.2	0.23200
binom	1	0.7	0.2	0.20400
binom	1	0.8	0.2	0.23100
binom	1	0.9	0.2	0.20700
