binom	1	0	0	0.00700
binom	1	0.1	0	0.04800
binom	1	0.2	0	0.05800
binom	1	0.3	0	0.11000
binom	1	0.4	0	0.12700
binom	1	0.5	0	0.12400
binom	1	0.6	0	0.15600
binom	1	0.7	0	0.13200
binom	1	0.8	0	0.14600
binom	1	0.9	0	0.13800
binom	1	0	0.05	0.08300
binom	1	0.1	0.05	0.11900
binom	1	0.2	0.05	0.10300
binom	1	0.3	0.05	0.12300
binom	1	0.4	0.05	0.13600
binom	1	0.5	0.05	0.17300
binom	1	0.6	0.05	0.15300
binom	1	0.7	0.05	0.17100
binom	1	0.8	0.05	0.17700
binom	1	0.9	0.05	0.14100
binom	1	0	0.1	0.18400
binom	1	0.1	0.1	0.16200
binom	1	0.2	0.1	0.15800
binom	1	0.3	0.1	0.16300
binom	1	0.4	0.1	0.19200
binom	1	0.5	0.1	0.17500
binom	1	0.6	0.1	0.20000
binom	1	0.7	0.1	0.19800
binom	1	0.8	0.1	0.18900
binom	1	0.9	0.1	0.16500
binom	1	0	0.2	0.30800
binom	1	0.1	0.2	0.28800
binom	1	0.2	0.2	0.27400
binom	1	0.3	0.2	0.24100
binom	1	0.4	0.2	0.22400
binom	1	0.5	0.2	0.23000
binom	1	0.6	0.2	0.22700
binom	1	0.7	0.2	0.23600
binom	1	0.8	0.2	0.24200
binom	1	0.9	0.2	0.20200
