binom	1	0	0	0.01500
binom	1	0.1	0	0.05000
binom	1	0.2	0	0.07600
binom	1	0.3	0	0.12400
binom	1	0.4	0	0.10700
binom	1	0.5	0	0.14700
binom	1	0.6	0	0.13600
binom	1	0.7	0	0.13000
binom	1	0.8	0	0.13700
binom	1	0.9	0	0.11600
binom	1	0	0.05	0.10100
binom	1	0.1	0.05	0.07800
binom	1	0.2	0.05	0.10400
binom	1	0.3	0.05	0.13700
binom	1	0.4	0.05	0.15100
binom	1	0.5	0.05	0.17400
binom	1	0.6	0.05	0.17500
binom	1	0.7	0.05	0.17000
binom	1	0.8	0.05	0.15200
binom	1	0.9	0.05	0.13700
binom	1	0	0.1	0.16400
binom	1	0.1	0.1	0.17100
binom	1	0.2	0.1	0.13200
binom	1	0.3	0.1	0.15100
binom	1	0.4	0.1	0.17800
binom	1	0.5	0.1	0.20400
binom	1	0.6	0.1	0.17200
binom	1	0.7	0.1	0.20100
binom	1	0.8	0.1	0.20000
binom	1	0.9	0.1	0.17700
binom	1	0	0.2	0.31900
binom	1	0.1	0.2	0.29200
binom	1	0.2	0.2	0.27800
binom	1	0.3	0.2	0.25700
binom	1	0.4	0.2	0.22800
binom	1	0.5	0.2	0.22800
binom	1	0.6	0.2	0.23200
binom	1	0.7	0.2	0.23600
binom	1	0.8	0.2	0.21100
binom	1	0.9	0.2	0.21000
