binom	1	0	0	0.01000
binom	1	0.1	0	0.03600
binom	1	0.2	0	0.07700
binom	1	0.3	0	0.10300
binom	1	0.4	0	0.11300
binom	1	0.5	0	0.16800
binom	1	0.6	0	0.15000
binom	1	0.7	0	0.13400
binom	1	0.8	0	0.13100
binom	1	0.9	0	0.13200
binom	1	0	0.05	0.08000
binom	1	0.1	0.05	0.11000
binom	1	0.2	0.05	0.11600
binom	1	0.3	0.05	0.13800
binom	1	0.4	0.05	0.13800
binom	1	0.5	0.05	0.14700
binom	1	0.6	0.05	0.17600
binom	1	0.7	0.05	0.19200
binom	1	0.8	0.05	0.16900
binom	1	0.9	0.05	0.16300
binom	1	0	0.1	0.17000
binom	1	0.1	0.1	0.16100
binom	1	0.2	0.1	0.16400
binom	1	0.3	0.1	0.15900
binom	1	0.4	0.1	0.16500
binom	1	0.5	0.1	0.18100
binom	1	0.6	0.1	0.19900
binom	1	0.7	0.1	0.19800
binom	1	0.8	0.1	0.18700
binom	1	0.9	0.1	0.19000
binom	1	0	0.2	0.30400
binom	1	0.1	0.2	0.29300
binom	1	0.2	0.2	0.28300
binom	1	0.3	0.2	0.24600
binom	1	0.4	0.2	0.22400
binom	1	0.5	0.2	0.21400
binom	1	0.6	0.2	0.24600
binom	1	0.7	0.2	0.23300
binom	1	0.8	0.2	0.23500
binom	1	0.9	0.2	0.19600
