binom	1	0	0	0.01400
binom	1	0.1	0	0.04400
binom	1	0.2	0	0.09200
binom	1	0.3	0	0.10100
binom	1	0.4	0	0.13700
binom	1	0.5	0	0.13600
binom	1	0.6	0	0.15100
binom	1	0.7	0	0.14300
binom	1	0.8	0	0.16300
binom	1	0.9	0	0.13200
binom	1	0	0.05	0.09200
binom	1	0.1	0.05	0.07800
binom	1	0.2	0.05	0.10000
binom	1	0.3	0.05	0.15400
binom	1	0.4	0.05	0.13400
binom	1	0.5	0.05	0.15500
binom	1	0.6	0.05	0.19200
binom	1	0.7	0.05	0.18900
binom	1	0.8	0.05	0.18600
binom	1	0.9	0.05	0.15500
binom	1	0	0.1	0.18300
binom	1	0.1	0.1	0.17100
binom	1	0.2	0.1	0.14200
binom	1	0.3	0.1	0.14300
binom	1	0.4	0.1	0.18500
binom	1	0.5	0.1	0.19100
binom	1	0.6	0.1	0.18600
binom	1	0.7	0.1	0.19200
binom	1	0.8	0.1	0.17200
binom	1	0.9	0.1	0.18600
binom	1	0	0.2	0.32100
binom	1	0.1	0.2	0.29600
binom	1	0.2	0.2	0.27000
binom	1	0.3	0.2	0.23500
binom	1	0.4	0.2	0.23900
binom	1	0.5	0.2	0.22500
binom	1	0.6	0.2	0.23300
binom	1	0.7	0.2	0.21400
binom	1	0.8	0.2	0.22100
binom	1	0.9	0.2	0.21400
