binom	1	0	0	0.01000
binom	1	0.1	0	0.03300
binom	1	0.2	0	0.07900
binom	1	0.3	0	0.10300
binom	1	0.4	0	0.13100
binom	1	0.5	0	0.12200
binom	1	0.6	0	0.14200
binom	1	0.7	0	0.13700
binom	1	0.8	0	0.14900
binom	1	0.9	0	0.13700
binom	1	0	0.05	0.07900
binom	1	0.1	0.05	0.09000
binom	1	0.2	0.05	0.13100
binom	1	0.3	0.05	0.12800
binom	1	0.4	0.05	0.16300
binom	1	0.5	0.05	0.14300
binom	1	0.6	0.05	0.14700
binom	1	0.7	0.05	0.16900
binom	1	0.8	0.05	0.18700
binom	1	0.9	0.05	0.16200
binom	1	0	0.1	0.18400
binom	1	0.1	0.1	0.16200
binom	1	0.2	0.1	0.13600
binom	1	0.3	0.1	0.14800
binom	1	0.4	0.1	0.17700
binom	1	0.5	0.1	0.18200
binom	1	0.6	0.1	0.20900
binom	1	0.7	0.1	0.19800
binom	1	0.8	0.1	0.18200
binom	1	0.9	0.1	0.17100
binom	1	0	0.2	0.30600
binom	1	0.1	0.2	0.28700
binom	1	0.2	0.2	0.28600
binom	1	0.3	0.2	0.23800
binom	1	0.4	0.2	0.23200
binom	1	0.5	0.2	0.23400
binom	1	0.6	0.2	0.24400
binom	1	0.7	0.2	0.24400
binom	1	0.8	0.2	0.22400
binom	1	0.9	0.2	0.21000
