binom	1	0	0	0.00700
binom	1	0.1	0	0.05400
binom	1	0.2	0	0.06500
binom	1	0.3	0	0.09900
binom	1	0.4	0	0.10800
binom	1	0.5	0	0.15200
binom	1	0.6	0	0.14800
binom	1	0.7	0	0.15500
binom	1	0.8	0	0.14600
binom	1	0.9	0	0.12500
binom	1	0	0.05	0.10300
binom	1	0.1	0.05	0.09000
binom	1	0.2	0.05	0.10800
binom	1	0.3	0.05	0.13400
binom	1	0.4	0.05	0.15700
binom	1	0.5	0.05	0.17000
binom	1	0.6	0.05	0.16600
binom	1	0.7	0.05	0.15300
binom	1	0.8	0.05	0.17100
binom	1	0.9	0.05	0.16800
binom	1	0	0.1	0.16800
binom	1	0.1	0.1	0.15700
binom	1	0.2	0.1	0.14800
binom	1	0.3	0.1	0.17200
binom	1	0.4	0.1	0.18600
binom	1	0.5	0.1	0.17700
binom	1	0.6	0.1	0.21800
binom	1	0.7	0.1	0.19000
binom	1	0.8	0.1	0.17600
binom	1	0.9	0.1	0.17600
binom	1	0	0.2	0.29200
binom	1	0.1	0.2	0.27600
binom	1	0.2	0.2	0.30500
binom	1	0.3	0.2	0.25800
binom	1	0.4	0.2	0.22400
binom	1	0.5	0.2	0.22100
binom	1	0.6	0.2	0.23600
binom	1	0.7	0.2	0.23000
binom	1	0.8	0.2	0.23000
binom	1	0.9	0.2	0.23000
