binom	1	0	0	0.01500
binom	1	0.1	0	0.04100
binom	1	0.2	0	0.08100
binom	1	0.3	0	0.12200
binom	1	0.4	0	0.12400
binom	1	0.5	0	0.12800
binom	1	0.6	0	0.15300
binom	1	0.7	0	0.13900
binom	1	0.8	0	0.14900
binom	1	0.9	0	0.15200
binom	1	0	0.05	0.10100
binom	1	0.1	0.05	0.08500
binom	1	0.2	0.05	0.12500
binom	1	0.3	0.05	0.15400
binom	1	0.4	0.05	0.14100
binom	1	0.5	0.05	0.16500
binom	1	0.6	0.05	0.18500
binom	1	0.7	0.05	0.15900
binom	1	0.8	0.05	0.18100
binom	1	0.9	0.05	0.15400
binom	1	0	0.1	0.17800
binom	1	0.1	0.1	0.16200
binom	1	0.2	0.1	0.13200
binom	1	0.3	0.1	0.13900
binom	1	0.4	0.1	0.17800
binom	1	0.5	0.1	0.19800
binom	1	0.6	0.1	0.18300
binom	1	0.7	0.1	0.18100
binom	1	0.8	0.1	0.17700
binom	1	0.9	0.1	0.18600
binom	1	0	0.2	0.30500
binom	1	0.1	0.2	0.29100
binom	1	0.2	0.2	0.27600
binom	1	0.3	0.2	0.23100
binom	1	0.4	0.2	0.21800
binom	1	0.5	0.2	0.23000
binom	1	0.6	0.2	0.21400
binom	1	0.7	0.2	0.24400
binom	1	0.8	0.2	0.20400
binom	1	0.9	0.2	0.18100
