uniform	0.02160
uniform	0.02280
uniform	0.02200
uniform	0.02160
uniform	0.02160
uniform	0.02100
uniform	0.02180
uniform	0.02540
uniform	0.02260
uniform	0.02260
uniform	0.02380
uniform	0.02280
uniform	0.01980
uniform	0.02240
uniform	0.02080
uniform	0.02140
uniform	0.02240
uniform	0.02380
uniform	0.02540
uniform	0.02240
uniform	0.02060
uniform	0.02140
uniform	0.02580
uniform	0.02140
uniform	0.01760
uniform	0.02240
uniform	0.01840
uniform	0.02340
uniform	0.02120
uniform	0.01820
uniform	0.02060
uniform	0.02000
uniform	0.01800
uniform	0.02180
uniform	0.01880
uniform	0.01880
uniform	0.02120
uniform	0.01740
uniform	0.02180
uniform	0.01600
uniform	0.02100
uniform	0.02260
uniform	0.01780
uniform	0.01860
uniform	0.01880
uniform	0.01900
uniform	0.02100
uniform	0.02060
uniform	0.01660
uniform	0.02120
uniform	0.01620
