binom	1	0	0	0.00600
binom	1	0.1	0	0.04100
binom	1	0.2	0	0.07900
binom	1	0.3	0	0.10000
binom	1	0.4	0	0.09700
binom	1	0.5	0	0.16100
binom	1	0.6	0	0.14500
binom	1	0.7	0	0.13800
binom	1	0.8	0	0.13100
binom	1	0.9	0	0.13900
binom	1	0	0.05	0.10000
binom	1	0.1	0.05	0.08800
binom	1	0.2	0.05	0.11800
binom	1	0.3	0.05	0.12800
binom	1	0.4	0.05	0.15300
binom	1	0.5	0.05	0.17000
binom	1	0.6	0.05	0.15600
binom	1	0.7	0.05	0.15500
binom	1	0.8	0.05	0.16600
binom	1	0.9	0.05	0.15700
binom	1	0	0.1	0.14800
binom	1	0.1	0.1	0.17500
binom	1	0.2	0.1	0.12300
binom	1	0.3	0.1	0.17600
binom	1	0.4	0.1	0.18400
binom	1	0.5	0.1	0.19900
binom	1	0.6	0.1	0.19600
binom	1	0.7	0.1	0.20600
binom	1	0.8	0.1	0.18300
binom	1	0.9	0.1	0.19000
binom	1	0	0.2	0.30100
binom	1	0.1	0.2	0.31500
binom	1	0.2	0.2	0.27200
binom	1	0.3	0.2	0.25300
binom	1	0.4	0.2	0.21800
binom	1	0.5	0.2	0.21900
binom	1	0.6	0.2	0.22100
binom	1	0.7	0.2	0.22000
binom	1	0.8	0.2	0.22900
binom	1	0.9	0.2	0.20100
