binom	1	0	0	0.01100
binom	1	0.1	0	0.04000
binom	1	0.2	0	0.07600
binom	1	0.3	0	0.12100
binom	1	0.4	0	0.11500
binom	1	0.5	0	0.12700
binom	1	0.6	0	0.14300
binom	1	0.7	0	0.15700
binom	1	0.8	0	0.13400
binom	1	0.9	0	0.13900
binom	1	0	0.05	0.09700
binom	1	0.1	0.05	0.08700
binom	1	0.2	0.05	0.10700
binom	1	0.3	0.05	0.12900
binom	1	0.4	0.05	0.14100
binom	1	0.5	0.05	0.15200
binom	1	0.6	0.05	0.17200
binom	1	0.7	0.05	0.16900
binom	1	0.8	0.05	0.16500
binom	1	0.9	0.05	0.14500
binom	1	0	0.1	0.16900
binom	1	0.1	0.1	0.16400
binom	1	0.2	0.1	0.15600
binom	1	0.3	0.1	0.16700
binom	1	0.4	0.1	0.18600
binom	1	0.5	0.1	0.19200
binom	1	0.6	0.1	0.18400
binom	1	0.7	0.1	0.21400
binom	1	0.8	0.1	0.19900
binom	1	0.9	0.1	0.17100
binom	1	0	0.2	0.30100
binom	1	0.1	0.2	0.31700
binom	1	0.2	0.2	0.26600
binom	1	0.3	0.2	0.24200
binom	1	0.4	0.2	0.22700
binom	1	0.5	0.2	0.22800
binom	1	0.6	0.2	0.22000
binom	1	0.7	0.2	0.24000
binom	1	0.8	0.2	0.21900
binom	1	0.9	0.2	0.21300
