binom	1	0	0	0.00900
binom	1	0.1	0	0.04900
binom	1	0.2	0	0.08600
binom	1	0.3	0	0.10300
binom	1	0.4	0	0.12600
binom	1	0.5	0	0.14200
binom	1	0.6	0	0.14600
binom	1	0.7	0	0.15000
binom	1	0.8	0	0.13900
binom	1	0.9	0	0.13200
binom	1	0	0.05	0.10700
binom	1	0.1	0.05	0.09100
binom	1	0.2	0.05	0.10800
binom	1	0.3	0.05	0.13900
binom	1	0.4	0.05	0.15200
binom	1	0.5	0.05	0.16400
binom	1	0.6	0.05	0.14700
binom	1	0.7	0.05	0.15600
binom	1	0.8	0.05	0.15600
binom	1	0.9	0.05	0.15800
binom	1	0	0.1	0.17100
binom	1	0.1	0.1	0.16900
binom	1	0.2	0.1	0.16400
binom	1	0.3	0.1	0.15100
binom	1	0.4	0.1	0.17400
binom	1	0.5	0.1	0.20300
binom	1	0.6	0.1	0.17400
binom	1	0.7	0.1	0.17800
binom	1	0.8	0.1	0.18000
binom	1	0.9	0.1	0.18200
binom	1	0	0.2	0.29000
binom	1	0.1	0.2	0.27400
binom	1	0.2	0.2	0.29000
binom	1	0.3	0.2	0.25900
binom	1	0.4	0.2	0.21200
binom	1	0.5	0.2	0.22300
binom	1	0.6	0.2	0.23200
binom	1	0.7	0.2	0.22800
binom	1	0.8	0.2	0.23300
binom	1	0.9	0.2	0.22100
