binom	1	0	0	0.01100
binom	1	0.1	0	0.05600
binom	1	0.2	0	0.07700
binom	1	0.3	0	0.11200
binom	1	0.4	0	0.14400
binom	1	0.5	0	0.12800
binom	1	0.6	0	0.15300
binom	1	0.7	0	0.15700
binom	1	0.8	0	0.14700
binom	1	0.9	0	0.13100
binom	1	0	0.05	0.09100
binom	1	0.1	0.05	0.09600
binom	1	0.2	0.05	0.12300
binom	1	0.3	0.05	0.14000
binom	1	0.4	0.05	0.15400
binom	1	0.5	0.05	0.18300
binom	1	0.6	0.05	0.17100
binom	1	0.7	0.05	0.16500
binom	1	0.8	0.05	0.17800
binom	1	0.9	0.05	0.14600
binom	1	0	0.1	0.16200
binom	1	0.1	0.1	0.15800
binom	1	0.2	0.1	0.13900
binom	1	0.3	0.1	0.17900
binom	1	0.4	0.1	0.16500
binom	1	0.5	0.1	0.16700
binom	1	0.6	0.1	0.19200
binom	1	0.7	0.1	0.21100
binom	1	0.8	0.1	0.18800
binom	1	0.9	0.1	0.16700
binom	1	0	0.2	0.29800
binom	1	0.1	0.2	0.31600
binom	1	0.2	0.2	0.27400
binom	1	0.3	0.2	0.24200
binom	1	0.4	0.2	0.21300
binom	1	0.5	0.2	0.22900
binom	1	0.6	0.2	0.24500
binom	1	0.7	0.2	0.24300
binom	1	0.8	0.2	0.23200
binom	1	0.9	0.2	0.23600
