binom	1	0	0	0.01200
binom	1	0.1	0	0.03700
binom	1	0.2	0	0.07900
binom	1	0.3	0	0.10300
binom	1	0.4	0	0.11200
binom	1	0.5	0	0.14900
binom	1	0.6	0	0.14100
binom	1	0.7	0	0.15900
binom	1	0.8	0	0.14200
binom	1	0.9	0	0.11100
binom	1	0	0.05	0.09500
binom	1	0.1	0.05	0.09300
binom	1	0.2	0.05	0.11600
binom	1	0.3	0.05	0.13900
binom	1	0.4	0.05	0.14900
binom	1	0.5	0.05	0.15700
binom	1	0.6	0.05	0.15900
binom	1	0.7	0.05	0.17600
binom	1	0.8	0.05	0.16900
binom	1	0.9	0.05	0.14500
binom	1	0	0.1	0.16500
binom	1	0.1	0.1	0.15800
binom	1	0.2	0.1	0.15600
binom	1	0.3	0.1	0.14800
binom	1	0.4	0.1	0.16800
binom	1	0.5	0.1	0.18400
binom	1	0.6	0.1	0.16800
binom	1	0.7	0.1	0.18900
binom	1	0.8	0.1	0.19700
binom	1	0.9	0.1	0.16700
binom	1	0	0.2	0.28700
binom	1	0.1	0.2	0.27700
binom	1	0.2	0.2	0.28400
binom	1	0.3	0.2	0.24700
binom	1	0.4	0.2	0.23400
binom	1	0.5	0.2	0.21700
binom	1	0.6	0.2	0.22600
binom	1	0.7	0.2	0.24900
binom	1	0.8	0.2	0.23700
binom	1	0.9	0.2	0.19900
