binom	1	0	0	0.00700
binom	1	0.1	0	0.04300
binom	1	0.2	0	0.08700
binom	1	0.3	0	0.12600
binom	1	0.4	0	0.12700
binom	1	0.5	0	0.15600
binom	1	0.6	0	0.14600
binom	1	0.7	0	0.13300
binom	1	0.8	0	0.15900
binom	1	0.9	0	0.16200
binom	1	0	0.05	0.10500
binom	1	0.1	0.05	0.09300
binom	1	0.2	0.05	0.12800
binom	1	0.3	0.05	0.13200
binom	1	0.4	0.05	0.15100
binom	1	0.5	0.05	0.17000
binom	1	0.6	0.05	0.18600
binom	1	0.7	0.05	0.15200
binom	1	0.8	0.05	0.17900
binom	1	0.9	0.05	0.16500
binom	1	0	0.1	0.16700
binom	1	0.1	0.1	0.16400
binom	1	0.2	0.1	0.16400
binom	1	0.3	0.1	0.18500
binom	1	0.4	0.1	0.18100
binom	1	0.5	0.1	0.18300
binom	1	0.6	0.1	0.19000
binom	1	0.7	0.1	0.18100
binom	1	0.8	0.1	0.18500
binom	1	0.9	0.1	0.17500
binom	1	0	0.2	0.28300
binom	1	0.1	0.2	0.29300
binom	1	0.2	0.2	0.25800
binom	1	0.3	0.2	0.26800
binom	1	0.4	0.2	0.22100
binom	1	0.5	0.2	0.23000
binom	1	0.6	0.2	0.23600
binom	1	0.7	0.2	0.22700
binom	1	0.8	0.2	0.21900
binom	1	0.9	0.2	0.20900
