binom	1	0	0	0.00800
binom	1	0.1	0	0.04200
binom	1	0.2	0	0.06400
binom	1	0.3	0	0.09300
binom	1	0.4	0	0.10800
binom	1	0.5	0	0.14400
binom	1	0.6	0	0.15100
binom	1	0.7	0	0.13200
binom	1	0.8	0	0.11800
binom	1	0.9	0	0.13900
binom	1	0	0.05	0.09600
binom	1	0.1	0.05	0.09600
binom	1	0.2	0.05	0.10100
binom	1	0.3	0.05	0.13200
binom	1	0.4	0.05	0.16100
binom	1	0.5	0.05	0.15900
binom	1	0.6	0.05	0.16100
binom	1	0.7	0.05	0.17700
binom	1	0.8	0.05	0.17000
binom	1	0.9	0.05	0.15100
binom	1	0	0.1	0.18400
binom	1	0.1	0.1	0.15900
binom	1	0.2	0.1	0.15400
binom	1	0.3	0.1	0.16700
binom	1	0.4	0.1	0.16400
binom	1	0.5	0.1	0.17500
binom	1	0.6	0.1	0.20400
binom	1	0.7	0.1	0.19400
binom	1	0.8	0.1	0.20000
binom	1	0.9	0.1	0.17900
binom	1	0	0.2	0.29400
binom	1	0.1	0.2	0.30600
binom	1	0.2	0.2	0.27100
binom	1	0.3	0.2	0.27400
binom	1	0.4	0.2	0.20300
binom	1	0.5	0.2	0.23000
binom	1	0.6	0.2	0.23900
binom	1	0.7	0.2	0.22200
binom	1	0.8	0.2	0.22900
binom	1	0.9	0.2	0.20500
