binom	1	0	0	0.01000
binom	1	0.1	0	0.03300
binom	1	0.2	0	0.05900
binom	1	0.3	0	0.11800
binom	1	0.4	0	0.12500
binom	1	0.5	0	0.13100
binom	1	0.6	0	0.14300
binom	1	0.7	0	0.14100
binom	1	0.8	0	0.13300
binom	1	0.9	0	0.13300
binom	1	0	0.05	0.10100
binom	1	0.1	0.05	0.09100
binom	1	0.2	0.05	0.12200
binom	1	0.3	0.05	0.13800
binom	1	0.4	0.05	0.13200
binom	1	0.5	0.05	0.17000
binom	1	0.6	0.05	0.15900
binom	1	0.7	0.05	0.17000
binom	1	0.8	0.05	0.17100
binom	1	0.9	0.05	0.14000
binom	1	0	0.1	0.16800
binom	1	0.1	0.1	0.15900
binom	1	0.2	0.1	0.15900
binom	1	0.3	0.1	0.16300
binom	1	0.4	0.1	0.17400
binom	1	0.5	0.1	0.17000
binom	1	0.6	0.1	0.21200
binom	1	0.7	0.1	0.21900
binom	1	0.8	0.1	0.17100
binom	1	0.9	0.1	0.18700
binom	1	0	0.2	0.31200
binom	1	0.1	0.2	0.30700
binom	1	0.2	0.2	0.27800
binom	1	0.3	0.2	0.27900
binom	1	0.4	0.2	0.20900
binom	1	0.5	0.2	0.23800
binom	1	0.6	0.2	0.24900
binom	1	0.7	0.2	0.23600
binom	1	0.8	0.2	0.21300
binom	1	0.9	0.2	0.20600
