binom	1	0	0	0.01400
binom	1	0.1	0	0.03800
binom	1	0.2	0	0.07100
binom	1	0.3	0	0.10200
binom	1	0.4	0	0.14200
binom	1	0.5	0	0.14200
binom	1	0.6	0	0.13700
binom	1	0.7	0	0.17000
binom	1	0.8	0	0.14500
binom	1	0.9	0	0.13600
binom	1	0	0.05	0.08600
binom	1	0.1	0.05	0.09200
binom	1	0.2	0.05	0.11000
binom	1	0.3	0.05	0.14300
binom	1	0.4	0.05	0.16100
binom	1	0.5	0.05	0.14500
binom	1	0.6	0.05	0.15700
binom	1	0.7	0.05	0.16200
binom	1	0.8	0.05	0.17500
binom	1	0.9	0.05	0.17200
binom	1	0	0.1	0.19300
binom	1	0.1	0.1	0.15500
binom	1	0.2	0.1	0.12600
binom	1	0.3	0.1	0.17700
binom	1	0.4	0.1	0.20300
binom	1	0.5	0.1	0.17400
binom	1	0.6	0.1	0.20300
binom	1	0.7	0.1	0.20000
binom	1	0.8	0.1	0.17100
binom	1	0.9	0.1	0.18300
binom	1	0	0.2	0.31600
binom	1	0.1	0.2	0.28800
binom	1	0.2	0.2	0.27700
binom	1	0.3	0.2	0.22200
binom	1	0.4	0.2	0.22500
binom	1	0.5	0.2	0.20500
binom	1	0.6	0.2	0.22600
binom	1	0.7	0.2	0.22900
binom	1	0.8	0.2	0.23900
binom	1	0.9	0.2	0.21600
