binom	1	0	0	0.01000
binom	1	0.1	0	0.04500
binom	1	0.2	0	0.08100
binom	1	0.3	0	0.10100
binom	1	0.4	0	0.13700
binom	1	0.5	0	0.14800
binom	1	0.6	0	0.14000
binom	1	0.7	0	0.13000
binom	1	0.8	0	0.13900
binom	1	0.9	0	0.13000
binom	1	0	0.05	0.10400
binom	1	0.1	0.05	0.10200
binom	1	0.2	0.05	0.11100
binom	1	0.3	0.05	0.13000
binom	1	0.4	0.05	0.14100
binom	1	0.5	0.05	0.16700
binom	1	0.6	0.05	0.17700
binom	1	0.7	0.05	0.16100
binom	1	0.8	0.05	0.16200
binom	1	0.9	0.05	0.16100
binom	1	0	0.1	0.17800
binom	1	0.1	0.1	0.17900
binom	1	0.2	0.1	0.15000
binom	1	0.3	0.1	0.15400
binom	1	0.4	0.1	0.15400
binom	1	0.5	0.1	0.19300
binom	1	0.6	0.1	0.18500
binom	1	0.7	0.1	0.17700
binom	1	0.8	0.1	0.18700
binom	1	0.9	0.1	0.18400
binom	1	0	0.2	0.30700
binom	1	0.1	0.2	0.30400
binom	1	0.2	0.2	0.27600
binom	1	0.3	0.2	0.24100
binom	1	0.4	0.2	0.21800
binom	1	0.5	0.2	0.23400
binom	1	0.6	0.2	0.21100
binom	1	0.7	0.2	0.23500
binom	1	0.8	0.2	0.20800
binom	1	0.9	0.2	0.20900
