binom	1	0	0	0.01000
binom	1	0.1	0	0.03900
binom	1	0.2	0	0.07100
binom	1	0.3	0	0.10400
binom	1	0.4	0	0.12200
binom	1	0.5	0	0.12600
binom	1	0.6	0	0.13800
binom	1	0.7	0	0.15500
binom	1	0.8	0	0.14400
binom	1	0.9	0	0.13400
binom	1	0	0.05	0.08200
binom	1	0.1	0.05	0.09300
binom	1	0.2	0.05	0.10800
binom	1	0.3	0.05	0.14000
binom	1	0.4	0.05	0.14800
binom	1	0.5	0.05	0.17600
binom	1	0.6	0.05	0.17000
binom	1	0.7	0.05	0.16600
binom	1	0.8	0.05	0.17300
binom	1	0.9	0.05	0.15400
binom	1	0	0.1	0.19200
binom	1	0.1	0.1	0.16800
binom	1	0.2	0.1	0.15900
binom	1	0.3	0.1	0.16500
binom	1	0.4	0.1	0.15400
binom	1	0.5	0.1	0.16300
binom	1	0.6	0.1	0.19100
binom	1	0.7	0.1	0.19700
binom	1	0.8	0.1	0.18700
binom	1	0.9	0.1	0.17100
binom	1	0	0.2	0.31900
binom	1	0.1	0.2	0.30500
binom	1	0.2	0.2	0.28400
binom	1	0.3	0.2	0.24400
binom	1	0.4	0.2	0.22100
binom	1	0.5	0.2	0.20600
binom	1	0.6	0.2	0.24400
binom	1	0.7	0.2	0.24400
binom	1	0.8	0.2	0.22300
binom	1	0.9	0.2	0.22800
