binom	1	0	0	0.00400
binom	1	0.1	0	0.03700
binom	1	0.2	0	0.08100
binom	1	0.3	0	0.10200
binom	1	0.4	0	0.12600
binom	1	0.5	0	0.14200
binom	1	0.6	0	0.13700
binom	1	0.7	0	0.14900
binom	1	0.8	0	0.12900
binom	1	0.9	0	0.12200
binom	1	0	0.05	0.10800
binom	1	0.1	0.05	0.08800
binom	1	0.2	0.05	0.13200
binom	1	0.3	0.05	0.14500
binom	1	0.4	0.05	0.14800
binom	1	0.5	0.05	0.17300
binom	1	0.6	0.05	0.17400
binom	1	0.7	0.05	0.17100
binom	1	0.8	0.05	0.16700
binom	1	0.9	0.05	0.15800
binom	1	0	0.1	0.16800
binom	1	0.1	0.1	0.14900
binom	1	0.2	0.1	0.12800
binom	1	0.3	0.1	0.16800
binom	1	0.4	0.1	0.16700
binom	1	0.5	0.1	0.20800
binom	1	0.6	0.1	0.20500
binom	1	0.7	0.1	0.20200
binom	1	0.8	0.1	0.18400
binom	1	0.9	0.1	0.17700
binom	1	0	0.2	0.31900
binom	1	0.1	0.2	0.31700
binom	1	0.2	0.2	0.30500
binom	1	0.3	0.2	0.23600
binom	1	0.4	0.2	0.23300
binom	1	0.5	0.2	0.22000
binom	1	0.6	0.2	0.24200
binom	1	0.7	0.2	0.20700
binom	1	0.8	0.2	0.20900
binom	1	0.9	0.2	0.20900
