binom	1	0	0	0.00400
binom	1	0.1	0	0.04000
binom	1	0.2	0	0.08200
binom	1	0.3	0	0.11300
binom	1	0.4	0	0.11500
binom	1	0.5	0	0.12700
binom	1	0.6	0	0.13300
binom	1	0.7	0	0.13600
binom	1	0.8	0	0.14800
binom	1	0.9	0	0.14800
binom	1	0	0.05	0.09200
binom	1	0.1	0.05	0.06800
binom	1	0.2	0.05	0.10600
binom	1	0.3	0.05	0.11800
binom	1	0.4	0.05	0.14800
binom	1	0.5	0.05	0.15700
binom	1	0.6	0.05	0.16100
binom	1	0.7	0.05	0.17100
binom	1	0.8	0.05	0.16300
binom	1	0.9	0.05	0.15600
binom	1	0	0.1	0.17100
binom	1	0.1	0.1	0.17800
binom	1	0.2	0.1	0.16000
binom	1	0.3	0.1	0.17000
binom	1	0.4	0.1	0.15200
binom	1	0.5	0.1	0.19300
binom	1	0.6	0.1	0.18300
binom	1	0.7	0.1	0.18400
binom	1	0.8	0.1	0.20700
binom	1	0.9	0.1	0.18400
binom	1	0	0.2	0.28700
binom	1	0.1	0.2	0.32200
binom	1	0.2	0.2	0.26400
binom	1	0.3	0.2	0.23200
binom	1	0.4	0.2	0.22000
binom	1	0.5	0.2	0.22000
binom	1	0.6	0.2	0.22800
binom	1	0.7	0.2	0.22500
binom	1	0.8	0.2	0.25100
binom	1	0.9	0.2	0.23600
