binom	1	0	0	0.01200
binom	1	0.1	0	0.04400
binom	1	0.2	0	0.08500
binom	1	0.3	0	0.12000
binom	1	0.4	0	0.13200
binom	1	0.5	0	0.14600
binom	1	0.6	0	0.14700
binom	1	0.7	0	0.13700
binom	1	0.8	0	0.15300
binom	1	0.9	0	0.12600
binom	1	0	0.05	0.08900
binom	1	0.1	0.05	0.09300
binom	1	0.2	0.05	0.10400
binom	1	0.3	0.05	0.13900
binom	1	0.4	0.05	0.13100
binom	1	0.5	0.05	0.14600
binom	1	0.6	0.05	0.15600
binom	1	0.7	0.05	0.16500
binom	1	0.8	0.05	0.17900
binom	1	0.9	0.05	0.17000
binom	1	0	0.1	0.16200
binom	1	0.1	0.1	0.16500
binom	1	0.2	0.1	0.13800
binom	1	0.3	0.1	0.16900
binom	1	0.4	0.1	0.15400
binom	1	0.5	0.1	0.17600
binom	1	0.6	0.1	0.19800
binom	1	0.7	0.1	0.18700
binom	1	0.8	0.1	0.20700
binom	1	0.9	0.1	0.18200
binom	1	0	0.2	0.26900
binom	1	0.1	0.2	0.30600
binom	1	0.2	0.2	0.28500
binom	1	0.3	0.2	0.26700
binom	1	0.4	0.2	0.20700
binom	1	0.5	0.2	0.21500
binom	1	0.6	0.2	0.29000
binom	1	0.7	0.2	0.21700
binom	1	0.8	0.2	0.21700
binom	1	0.9	0.2	0.23500
