binom	1	0	0	0.00800
binom	1	0.1	0	0.03600
binom	1	0.2	0	0.06500
binom	1	0.3	0	0.10000
binom	1	0.4	0	0.14000
binom	1	0.5	0	0.13800
binom	1	0.6	0	0.15500
binom	1	0.7	0	0.15100
binom	1	0.8	0	0.15200
binom	1	0.9	0	0.14100
binom	1	0	0.05	0.08500
binom	1	0.1	0.05	0.09100
binom	1	0.2	0.05	0.09400
binom	1	0.3	0.05	0.12600
binom	1	0.4	0.05	0.16900
binom	1	0.5	0.05	0.17400
binom	1	0.6	0.05	0.15200
binom	1	0.7	0.05	0.18900
binom	1	0.8	0.05	0.17000
binom	1	0.9	0.05	0.13400
binom	1	0	0.1	0.17900
binom	1	0.1	0.1	0.16100
binom	1	0.2	0.1	0.14000
binom	1	0.3	0.1	0.15300
binom	1	0.4	0.1	0.17100
binom	1	0.5	0.1	0.17900
binom	1	0.6	0.1	0.19700
binom	1	0.7	0.1	0.19200
binom	1	0.8	0.1	0.18500
binom	1	0.9	0.1	0.16100
binom	1	0	0.2	0.27500
binom	1	0.1	0.2	0.29000
binom	1	0.2	0.2	0.29400
binom	1	0.3	0.2	0.24300
binom	1	0.4	0.2	0.20900
binom	1	0.5	0.2	0.24200
binom	1	0.6	0.2	0.24500
binom	1	0.7	0.2	0.21600
binom	1	0.8	0.2	0.20700
binom	1	0.9	0.2	0.20200
