binom	1	0	0	0.01100
binom	1	0.1	0	0.05200
binom	1	0.2	0	0.06900
binom	1	0.3	0	0.10000
binom	1	0.4	0	0.13800
binom	1	0.5	0	0.13500
binom	1	0.6	0	0.13500
binom	1	0.7	0	0.14100
binom	1	0.8	0	0.13700
binom	1	0.9	0	0.13500
binom	1	0	0.05	0.09800
binom	1	0.1	0.05	0.09000
binom	1	0.2	0.05	0.11400
binom	1	0.3	0.05	0.12500
binom	1	0.4	0.05	0.15000
binom	1	0.5	0.05	0.15800
binom	1	0.6	0.05	0.17100
binom	1	0.7	0.05	0.17200
binom	1	0.8	0.05	0.18300
binom	1	0.9	0.05	0.16600
binom	1	0	0.1	0.15100
binom	1	0.1	0.1	0.17200
binom	1	0.2	0.1	0.17000
binom	1	0.3	0.1	0.17000
binom	1	0.4	0.1	0.18500
binom	1	0.5	0.1	0.15700
binom	1	0.6	0.1	0.18400
binom	1	0.7	0.1	0.20600
binom	1	0.8	0.1	0.19400
binom	1	0.9	0.1	0.18200
binom	1	0	0.2	0.28900
binom	1	0.1	0.2	0.29800
binom	1	0.2	0.2	0.26000
binom	1	0.3	0.2	0.25300
binom	1	0.4	0.2	0.21300
binom	1	0.5	0.2	0.23700
binom	1	0.6	0.2	0.23300
binom	1	0.7	0.2	0.23300
binom	1	0.8	0.2	0.21700
binom	1	0.9	0.2	0.24000
