binom	1	0	0	0.01200
binom	1	0.1	0	0.03400
binom	1	0.2	0	0.08400
binom	1	0.3	0	0.09400
binom	1	0.4	0	0.12100
binom	1	0.5	0	0.14200
binom	1	0.6	0	0.15000
binom	1	0.7	0	0.16500
binom	1	0.8	0	0.13500
binom	1	0.9	0	0.12500
binom	1	0	0.05	0.09300
binom	1	0.1	0.05	0.09400
binom	1	0.2	0.05	0.11300
binom	1	0.3	0.05	0.12400
binom	1	0.4	0.05	0.13500
binom	1	0.5	0.05	0.15100
binom	1	0.6	0.05	0.16400
binom	1	0.7	0.05	0.16600
binom	1	0.8	0.05	0.15600
binom	1	0.9	0.05	0.13600
binom	1	0	0.1	0.19300
binom	1	0.1	0.1	0.17400
binom	1	0.2	0.1	0.16100
binom	1	0.3	0.1	0.16600
binom	1	0.4	0.1	0.17900
binom	1	0.5	0.1	0.20700
binom	1	0.6	0.1	0.20000
binom	1	0.7	0.1	0.21200
binom	1	0.8	0.1	0.17400
binom	1	0.9	0.1	0.18200
binom	1	0	0.2	0.31600
binom	1	0.1	0.2	0.28100
binom	1	0.2	0.2	0.26500
binom	1	0.3	0.2	0.23900
binom	1	0.4	0.2	0.23100
binom	1	0.5	0.2	0.23100
binom	1	0.6	0.2	0.24800
binom	1	0.7	0.2	0.22000
binom	1	0.8	0.2	0.23300
binom	1	0.9	0.2	0.22000
