binom	1	0	0	0.01200
binom	1	0.1	0	0.03900
binom	1	0.2	0	0.06700
binom	1	0.3	0	0.10100
binom	1	0.4	0	0.13300
binom	1	0.5	0	0.14100
binom	1	0.6	0	0.15500
binom	1	0.7	0	0.13900
binom	1	0.8	0	0.13500
binom	1	0.9	0	0.12900
binom	1	0	0.05	0.10400
binom	1	0.1	0.05	0.07900
binom	1	0.2	0.05	0.09500
binom	1	0.3	0.05	0.13000
binom	1	0.4	0.05	0.15600
binom	1	0.5	0.05	0.15200
binom	1	0.6	0.05	0.17100
binom	1	0.7	0.05	0.18100
binom	1	0.8	0.05	0.16800
binom	1	0.9	0.05	0.13200
binom	1	0	0.1	0.15800
binom	1	0.1	0.1	0.18200
binom	1	0.2	0.1	0.16000
binom	1	0.3	0.1	0.16200
binom	1	0.4	0.1	0.16700
binom	1	0.5	0.1	0.18200
binom	1	0.6	0.1	0.18900
binom	1	0.7	0.1	0.19500
binom	1	0.8	0.1	0.17500
binom	1	0.9	0.1	0.18300
binom	1	0	0.2	0.29800
binom	1	0.1	0.2	0.28300
binom	1	0.2	0.2	0.28200
binom	1	0.3	0.2	0.25100
binom	1	0.4	0.2	0.21400
binom	1	0.5	0.2	0.24700
binom	1	0.6	0.2	0.22000
binom	1	0.7	0.2	0.25800
binom	1	0.8	0.2	0.24000
binom	1	0.9	0.2	0.19700
