binom	1	0	0	0.00600
binom	1	0.1	0	0.04200
binom	1	0.2	0	0.08200
binom	1	0.3	0	0.10000
binom	1	0.4	0	0.12500
binom	1	0.5	0	0.14200
binom	1	0.6	0	0.15000
binom	1	0.7	0	0.15900
binom	1	0.8	0	0.13800
binom	1	0.9	0	0.14600
binom	1	0	0.05	0.09600
binom	1	0.1	0.05	0.08900
binom	1	0.2	0.05	0.11400
binom	1	0.3	0.05	0.14200
binom	1	0.4	0.05	0.15000
binom	1	0.5	0.05	0.13800
binom	1	0.6	0.05	0.15500
binom	1	0.7	0.05	0.17800
binom	1	0.8	0.05	0.15300
binom	1	0.9	0.05	0.17700
binom	1	0	0.1	0.17600
binom	1	0.1	0.1	0.16300
binom	1	0.2	0.1	0.16500
binom	1	0.3	0.1	0.16000
binom	1	0.4	0.1	0.18100
binom	1	0.5	0.1	0.18300
binom	1	0.6	0.1	0.19600
binom	1	0.7	0.1	0.20200
binom	1	0.8	0.1	0.18700
binom	1	0.9	0.1	0.17600
binom	1	0	0.2	0.32100
binom	1	0.1	0.2	0.29500
binom	1	0.2	0.2	0.26900
binom	1	0.3	0.2	0.24000
binom	1	0.4	0.2	0.22900
binom	1	0.5	0.2	0.22300
binom	1	0.6	0.2	0.20900
binom	1	0.7	0.2	0.23400
binom	1	0.8	0.2	0.24500
binom	1	0.9	0.2	0.19400
