binom	1	0	0	0.01400
binom	1	0.1	0	0.04900
binom	1	0.2	0	0.07700
binom	1	0.3	0	0.11900
binom	1	0.4	0	0.13000
binom	1	0.5	0	0.14200
binom	1	0.6	0	0.13300
binom	1	0.7	0	0.15000
binom	1	0.8	0	0.13900
binom	1	0.9	0	0.13900
binom	1	0	0.05	0.09300
binom	1	0.1	0.05	0.09100
binom	1	0.2	0.05	0.11400
binom	1	0.3	0.05	0.13500
binom	1	0.4	0.05	0.14700
binom	1	0.5	0.05	0.16400
binom	1	0.6	0.05	0.17000
binom	1	0.7	0.05	0.15400
binom	1	0.8	0.05	0.16800
binom	1	0.9	0.05	0.16000
binom	1	0	0.1	0.16400
binom	1	0.1	0.1	0.19000
binom	1	0.2	0.1	0.15400
binom	1	0.3	0.1	0.16500
binom	1	0.4	0.1	0.18400
binom	1	0.5	0.1	0.16700
binom	1	0.6	0.1	0.19200
binom	1	0.7	0.1	0.21100
binom	1	0.8	0.1	0.18800
binom	1	0.9	0.1	0.16700
binom	1	0	0.2	0.29800
binom	1	0.1	0.2	0.32700
binom	1	0.2	0.2	0.27400
binom	1	0.3	0.2	0.24200
binom	1	0.4	0.2	0.22600
binom	1	0.5	0.2	0.23100
binom	1	0.6	0.2	0.23700
binom	1	0.7	0.2	0.24300
binom	1	0.8	0.2	0.23000
binom	1	0.9	0.2	0.22600
