binom	1	0	0	0.00900
binom	1	0.1	0	0.05200
binom	1	0.2	0	0.08300
binom	1	0.3	0	0.09500
binom	1	0.4	0	0.13400
binom	1	0.5	0	0.13400
binom	1	0.6	0	0.15100
binom	1	0.7	0	0.15000
binom	1	0.8	0	0.13600
binom	1	0.9	0	0.14100
binom	1	0	0.05	0.09300
binom	1	0.1	0.05	0.09000
binom	1	0.2	0.05	0.12100
binom	1	0.3	0.05	0.14700
binom	1	0.4	0.05	0.14900
binom	1	0.5	0.05	0.15900
binom	1	0.6	0.05	0.18300
binom	1	0.7	0.05	0.17700
binom	1	0.8	0.05	0.16600
binom	1	0.9	0.05	0.15500
binom	1	0	0.1	0.15700
binom	1	0.1	0.1	0.15000
binom	1	0.2	0.1	0.16500
binom	1	0.3	0.1	0.15600
binom	1	0.4	0.1	0.17500
binom	1	0.5	0.1	0.17700
binom	1	0.6	0.1	0.20500
binom	1	0.7	0.1	0.19700
binom	1	0.8	0.1	0.19600
binom	1	0.9	0.1	0.18700
binom	1	0	0.2	0.31000
binom	1	0.1	0.2	0.30900
binom	1	0.2	0.2	0.27500
binom	1	0.3	0.2	0.21800
binom	1	0.4	0.2	0.21800
binom	1	0.5	0.2	0.21000
binom	1	0.6	0.2	0.23900
binom	1	0.7	0.2	0.24700
binom	1	0.8	0.2	0.21900
binom	1	0.9	0.2	0.21800
