binom	1	0	0	0.01000
binom	1	0.1	0	0.04300
binom	1	0.2	0	0.08300
binom	1	0.3	0	0.09700
binom	1	0.4	0	0.12900
binom	1	0.5	0	0.14300
binom	1	0.6	0	0.12100
binom	1	0.7	0	0.15200
binom	1	0.8	0	0.14800
binom	1	0.9	0	0.13600
binom	1	0	0.05	0.08100
binom	1	0.1	0.05	0.08600
binom	1	0.2	0.05	0.11600
binom	1	0.3	0.05	0.14600
binom	1	0.4	0.05	0.16200
binom	1	0.5	0.05	0.16100
binom	1	0.6	0.05	0.17900
binom	1	0.7	0.05	0.19500
binom	1	0.8	0.05	0.16500
binom	1	0.9	0.05	0.14900
binom	1	0	0.1	0.17700
binom	1	0.1	0.1	0.16900
binom	1	0.2	0.1	0.12700
binom	1	0.3	0.1	0.17100
binom	1	0.4	0.1	0.18700
binom	1	0.5	0.1	0.19200
binom	1	0.6	0.1	0.18400
binom	1	0.7	0.1	0.18900
binom	1	0.8	0.1	0.19700
binom	1	0.9	0.1	0.16500
binom	1	0	0.2	0.30100
binom	1	0.1	0.2	0.28700
binom	1	0.2	0.2	0.27400
binom	1	0.3	0.2	0.24000
binom	1	0.4	0.2	0.21600
binom	1	0.5	0.2	0.22000
binom	1	0.6	0.2	0.22000
binom	1	0.7	0.2	0.23500
binom	1	0.8	0.2	0.23900
binom	1	0.9	0.2	0.21200
