binom	1	0	0	0.01400
binom	1	0.1	0	0.03100
binom	1	0.2	0	0.08300
binom	1	0.3	0	0.09200
binom	1	0.4	0	0.14000
binom	1	0.5	0	0.14200
binom	1	0.6	0	0.14300
binom	1	0.7	0	0.15500
binom	1	0.8	0	0.14400
binom	1	0.9	0	0.11700
binom	1	0	0.05	0.08800
binom	1	0.1	0.05	0.08200
binom	1	0.2	0.05	0.10900
binom	1	0.3	0.05	0.15200
binom	1	0.4	0.05	0.15300
binom	1	0.5	0.05	0.16300
binom	1	0.6	0.05	0.14700
binom	1	0.7	0.05	0.16400
binom	1	0.8	0.05	0.19000
binom	1	0.9	0.05	0.15100
binom	1	0	0.1	0.16500
binom	1	0.1	0.1	0.17600
binom	1	0.2	0.1	0.13700
binom	1	0.3	0.1	0.16000
binom	1	0.4	0.1	0.20000
binom	1	0.5	0.1	0.18200
binom	1	0.6	0.1	0.20000
binom	1	0.7	0.1	0.19600
binom	1	0.8	0.1	0.17700
binom	1	0.9	0.1	0.17400
binom	1	0	0.2	0.30200
binom	1	0.1	0.2	0.27300
binom	1	0.2	0.2	0.27400
binom	1	0.3	0.2	0.23500
binom	1	0.4	0.2	0.22500
binom	1	0.5	0.2	0.21000
binom	1	0.6	0.2	0.22800
binom	1	0.7	0.2	0.22800
binom	1	0.8	0.2	0.19200
binom	1	0.9	0.2	0.20600
