binom	1	0	0	0.01600
binom	1	0.1	0	0.04200
binom	1	0.2	0	0.07900
binom	1	0.3	0	0.09800
binom	1	0.4	0	0.12500
binom	1	0.5	0	0.15200
binom	1	0.6	0	0.14000
binom	1	0.7	0	0.14700
binom	1	0.8	0	0.13500
binom	1	0.9	0	0.14200
binom	1	0	0.05	0.10900
binom	1	0.1	0.05	0.08700
binom	1	0.2	0.05	0.10600
binom	1	0.3	0.05	0.12200
binom	1	0.4	0.05	0.14300
binom	1	0.5	0.05	0.14700
binom	1	0.6	0.05	0.17600
binom	1	0.7	0.05	0.19200
binom	1	0.8	0.05	0.16900
binom	1	0.9	0.05	0.16300
binom	1	0	0.1	0.17400
binom	1	0.1	0.1	0.17300
binom	1	0.2	0.1	0.14700
binom	1	0.3	0.1	0.16000
binom	1	0.4	0.1	0.16300
binom	1	0.5	0.1	0.19500
binom	1	0.6	0.1	0.17800
binom	1	0.7	0.1	0.19800
binom	1	0.8	0.1	0.17900
binom	1	0.9	0.1	0.18700
binom	1	0	0.2	0.28100
binom	1	0.1	0.2	0.31300
binom	1	0.2	0.2	0.28300
binom	1	0.3	0.2	0.22800
binom	1	0.4	0.2	0.25200
binom	1	0.5	0.2	0.23400
binom	1	0.6	0.2	0.24200
binom	1	0.7	0.2	0.23800
binom	1	0.8	0.2	0.23200
binom	1	0.9	0.2	0.20300
