binom	1	0	0	0.01000
binom	1	0.1	0	0.04400
binom	1	0.2	0	0.08100
binom	1	0.3	0	0.09800
binom	1	0.4	0	0.12600
binom	1	0.5	0	0.13200
binom	1	0.6	0	0.12100
binom	1	0.7	0	0.15900
binom	1	0.8	0	0.15000
binom	1	0.9	0	0.13200
binom	1	0	0.05	0.08100
binom	1	0.1	0.05	0.08800
binom	1	0.2	0.05	0.12400
binom	1	0.3	0.05	0.15200
binom	1	0.4	0.05	0.16800
binom	1	0.5	0.05	0.14300
binom	1	0.6	0.05	0.17400
binom	1	0.7	0.05	0.17900
binom	1	0.8	0.05	0.15500
binom	1	0.9	0.05	0.14400
binom	1	0	0.1	0.15500
binom	1	0.1	0.1	0.15600
binom	1	0.2	0.1	0.13600
binom	1	0.3	0.1	0.16800
binom	1	0.4	0.1	0.17300
binom	1	0.5	0.1	0.16700
binom	1	0.6	0.1	0.18600
binom	1	0.7	0.1	0.16700
binom	1	0.8	0.1	0.21000
binom	1	0.9	0.1	0.16100
binom	1	0	0.2	0.25700
binom	1	0.1	0.2	0.28000
binom	1	0.2	0.2	0.28100
binom	1	0.3	0.2	0.24300
binom	1	0.4	0.2	0.23400
binom	1	0.5	0.2	0.22200
binom	1	0.6	0.2	0.21000
binom	1	0.7	0.2	0.26100
binom	1	0.8	0.2	0.22600
binom	1	0.9	0.2	0.21100
