binom	1	0	0	0.01300
binom	1	0.1	0	0.04500
binom	1	0.2	0	0.08900
binom	1	0.3	0	0.09700
binom	1	0.4	0	0.11800
binom	1	0.5	0	0.13700
binom	1	0.6	0	0.14200
binom	1	0.7	0	0.13800
binom	1	0.8	0	0.12600
binom	1	0.9	0	0.12900
binom	1	0	0.05	0.08800
binom	1	0.1	0.05	0.08900
binom	1	0.2	0.05	0.12700
binom	1	0.3	0.05	0.14600
binom	1	0.4	0.05	0.15400
binom	1	0.5	0.05	0.17200
binom	1	0.6	0.05	0.16200
binom	1	0.7	0.05	0.17400
binom	1	0.8	0.05	0.14500
binom	1	0.9	0.05	0.16900
binom	1	0	0.1	0.17700
binom	1	0.1	0.1	0.17600
binom	1	0.2	0.1	0.14800
binom	1	0.3	0.1	0.17900
binom	1	0.4	0.1	0.19300
binom	1	0.5	0.1	0.17100
binom	1	0.6	0.1	0.17900
binom	1	0.7	0.1	0.17800
binom	1	0.8	0.1	0.16200
binom	1	0.9	0.1	0.16500
binom	1	0	0.2	0.28900
binom	1	0.1	0.2	0.29500
binom	1	0.2	0.2	0.29500
binom	1	0.3	0.2	0.23600
binom	1	0.4	0.2	0.21600
binom	1	0.5	0.2	0.23900
binom	1	0.6	0.2	0.22000
binom	1	0.7	0.2	0.21700
binom	1	0.8	0.2	0.21000
binom	1	0.9	0.2	0.19400
