binom	1	0	0	0.00900
binom	1	0.1	0	0.04200
binom	1	0.2	0	0.09000
binom	1	0.3	0	0.11200
binom	1	0.4	0	0.12100
binom	1	0.5	0	0.12800
binom	1	0.6	0	0.13500
binom	1	0.7	0	0.16400
binom	1	0.8	0	0.15500
binom	1	0.9	0	0.13600
binom	1	0	0.05	0.08600
binom	1	0.1	0.05	0.08700
binom	1	0.2	0.05	0.12600
binom	1	0.3	0.05	0.14800
binom	1	0.4	0.05	0.14000
binom	1	0.5	0.05	0.16200
binom	1	0.6	0.05	0.18800
binom	1	0.7	0.05	0.16100
binom	1	0.8	0.05	0.16500
binom	1	0.9	0.05	0.15200
binom	1	0	0.1	0.17200
binom	1	0.1	0.1	0.17100
binom	1	0.2	0.1	0.14300
binom	1	0.3	0.1	0.16000
binom	1	0.4	0.1	0.18100
binom	1	0.5	0.1	0.18900
binom	1	0.6	0.1	0.18500
binom	1	0.7	0.1	0.18300
binom	1	0.8	0.1	0.19300
binom	1	0.9	0.1	0.16900
binom	1	0	0.2	0.29500
binom	1	0.1	0.2	0.29600
binom	1	0.2	0.2	0.27100
binom	1	0.3	0.2	0.21400
binom	1	0.4	0.2	0.20100
binom	1	0.5	0.2	0.22100
binom	1	0.6	0.2	0.23700
binom	1	0.7	0.2	0.25400
binom	1	0.8	0.2	0.22100
binom	1	0.9	0.2	0.19200
