binom	1	0	0	0.00700
binom	1	0.1	0	0.04600
binom	1	0.2	0	0.08600
binom	1	0.3	0	0.10900
binom	1	0.4	0	0.11100
binom	1	0.5	0	0.13500
binom	1	0.6	0	0.14600
binom	1	0.7	0	0.14900
binom	1	0.8	0	0.13900
binom	1	0.9	0	0.14300
binom	1	0	0.05	0.08300
binom	1	0.1	0.05	0.08500
binom	1	0.2	0.05	0.10600
binom	1	0.3	0.05	0.15300
binom	1	0.4	0.05	0.17200
binom	1	0.5	0.05	0.14900
binom	1	0.6	0.05	0.16200
binom	1	0.7	0.05	0.18300
binom	1	0.8	0.05	0.15700
binom	1	0.9	0.05	0.14200
binom	1	0	0.1	0.18700
binom	1	0.1	0.1	0.16700
binom	1	0.2	0.1	0.16000
binom	1	0.3	0.1	0.16900
binom	1	0.4	0.1	0.15700
binom	1	0.5	0.1	0.20100
binom	1	0.6	0.1	0.17700
binom	1	0.7	0.1	0.20300
binom	1	0.8	0.1	0.20100
binom	1	0.9	0.1	0.17100
binom	1	0	0.2	0.31100
binom	1	0.1	0.2	0.28800
binom	1	0.2	0.2	0.28500
binom	1	0.3	0.2	0.23700
binom	1	0.4	0.2	0.23000
binom	1	0.5	0.2	0.20600
binom	1	0.6	0.2	0.22300
binom	1	0.7	0.2	0.23400
binom	1	0.8	0.2	0.20800
binom	1	0.9	0.2	0.23700
