binom	1	0	0	0.01200
binom	1	0.1	0	0.04700
binom	1	0.2	0	0.06900
binom	1	0.3	0	0.09800
binom	1	0.4	0	0.14300
binom	1	0.5	0	0.12900
binom	1	0.6	0	0.13800
binom	1	0.7	0	0.15500
binom	1	0.8	0	0.15100
binom	1	0.9	0	0.12400
binom	1	0	0.05	0.09600
binom	1	0.1	0.05	0.09100
binom	1	0.2	0.05	0.11100
binom	1	0.3	0.05	0.14300
binom	1	0.4	0.05	0.14300
binom	1	0.5	0.05	0.17500
binom	1	0.6	0.05	0.16100
binom	1	0.7	0.05	0.16600
binom	1	0.8	0.05	0.16500
binom	1	0.9	0.05	0.16200
binom	1	0	0.1	0.16900
binom	1	0.1	0.1	0.14900
binom	1	0.2	0.1	0.16500
binom	1	0.3	0.1	0.15900
binom	1	0.4	0.1	0.18700
binom	1	0.5	0.1	0.19900
binom	1	0.6	0.1	0.17600
binom	1	0.7	0.1	0.20400
binom	1	0.8	0.1	0.17900
binom	1	0.9	0.1	0.18600
binom	1	0	0.2	0.31000
binom	1	0.1	0.2	0.28300
binom	1	0.2	0.2	0.29500
binom	1	0.3	0.2	0.23100
binom	1	0.4	0.2	0.21400
binom	1	0.5	0.2	0.22700
binom	1	0.6	0.2	0.23400
binom	1	0.7	0.2	0.21900
binom	1	0.8	0.2	0.21500
binom	1	0.9	0.2	0.23200
