binom	1	0	0	0.01100
binom	1	0.1	0	0.04000
binom	1	0.2	0	0.08200
binom	1	0.3	0	0.11000
binom	1	0.4	0	0.13600
binom	1	0.5	0	0.13400
binom	1	0.6	0	0.14800
binom	1	0.7	0	0.14600
binom	1	0.8	0	0.15300
binom	1	0.9	0	0.11300
binom	1	0	0.05	0.08000
binom	1	0.1	0.05	0.08900
binom	1	0.2	0.05	0.12200
binom	1	0.3	0.05	0.13100
binom	1	0.4	0.05	0.16600
binom	1	0.5	0.05	0.16900
binom	1	0.6	0.05	0.19700
binom	1	0.7	0.05	0.17600
binom	1	0.8	0.05	0.16100
binom	1	0.9	0.05	0.14100
binom	1	0	0.1	0.18500
binom	1	0.1	0.1	0.16300
binom	1	0.2	0.1	0.14500
binom	1	0.3	0.1	0.16500
binom	1	0.4	0.1	0.19100
binom	1	0.5	0.1	0.19600
binom	1	0.6	0.1	0.17500
binom	1	0.7	0.1	0.19300
binom	1	0.8	0.1	0.19500
binom	1	0.9	0.1	0.18300
binom	1	0	0.2	0.31900
binom	1	0.1	0.2	0.28900
binom	1	0.2	0.2	0.28300
binom	1	0.3	0.2	0.26500
binom	1	0.4	0.2	0.24400
binom	1	0.5	0.2	0.23000
binom	1	0.6	0.2	0.24300
binom	1	0.7	0.2	0.21600
binom	1	0.8	0.2	0.21600
binom	1	0.9	0.2	0.20200
