binom	1	0	0	0.01100
binom	1	0.1	0	0.04200
binom	1	0.2	0	0.09200
binom	1	0.3	0	0.09400
binom	1	0.4	0	0.12600
binom	1	0.5	0	0.13100
binom	1	0.6	0	0.13800
binom	1	0.7	0	0.15400
binom	1	0.8	0	0.13400
binom	1	0.9	0	0.14600
binom	1	0	0.05	0.09500
binom	1	0.1	0.05	0.08600
binom	1	0.2	0.05	0.11800
binom	1	0.3	0.05	0.10800
binom	1	0.4	0.05	0.15600
binom	1	0.5	0.05	0.14500
binom	1	0.6	0.05	0.17100
binom	1	0.7	0.05	0.17400
binom	1	0.8	0.05	0.16900
binom	1	0.9	0.05	0.16800
binom	1	0	0.1	0.16700
binom	1	0.1	0.1	0.17500
binom	1	0.2	0.1	0.16200
binom	1	0.3	0.1	0.15000
binom	1	0.4	0.1	0.17100
binom	1	0.5	0.1	0.18900
binom	1	0.6	0.1	0.18700
binom	1	0.7	0.1	0.19300
binom	1	0.8	0.1	0.17600
binom	1	0.9	0.1	0.18200
binom	1	0	0.2	0.27900
binom	1	0.1	0.2	0.30700
binom	1	0.2	0.2	0.26900
binom	1	0.3	0.2	0.26700
binom	1	0.4	0.2	0.24600
binom	1	0.5	0.2	0.20200
binom	1	0.6	0.2	0.20800
binom	1	0.7	0.2	0.21700
binom	1	0.8	0.2	0.21800
binom	1	0.9	0.2	0.20000
