binom	1	0	0	0.01000
binom	1	0.1	0	0.06300
binom	1	0.2	0	0.08800
binom	1	0.3	0	0.10500
binom	1	0.4	0	0.13700
binom	1	0.5	0	0.13300
binom	1	0.6	0	0.16400
binom	1	0.7	0	0.13300
binom	1	0.8	0	0.12700
binom	1	0.9	0	0.14800
binom	1	0	0.05	0.10100
binom	1	0.1	0.05	0.08400
binom	1	0.2	0.05	0.12400
binom	1	0.3	0.05	0.13000
binom	1	0.4	0.05	0.16200
binom	1	0.5	0.05	0.15600
binom	1	0.6	0.05	0.19500
binom	1	0.7	0.05	0.17200
binom	1	0.8	0.05	0.17900
binom	1	0.9	0.05	0.15900
binom	1	0	0.1	0.19700
binom	1	0.1	0.1	0.15700
binom	1	0.2	0.1	0.13200
binom	1	0.3	0.1	0.18700
binom	1	0.4	0.1	0.16500
binom	1	0.5	0.1	0.16700
binom	1	0.6	0.1	0.18200
binom	1	0.7	0.1	0.19500
binom	1	0.8	0.1	0.19700
binom	1	0.9	0.1	0.19500
binom	1	0	0.2	0.31400
binom	1	0.1	0.2	0.28500
binom	1	0.2	0.2	0.25800
binom	1	0.3	0.2	0.23500
binom	1	0.4	0.2	0.21500
binom	1	0.5	0.2	0.23000
binom	1	0.6	0.2	0.23000
binom	1	0.7	0.2	0.21000
binom	1	0.8	0.2	0.21000
binom	1	0.9	0.2	0.20900
