binom	1	0	0	0.00500
binom	1	0.1	0	0.05300
binom	1	0.2	0	0.08100
binom	1	0.3	0	0.12300
binom	1	0.4	0	0.12200
binom	1	0.5	0	0.13000
binom	1	0.6	0	0.14800
binom	1	0.7	0	0.13600
binom	1	0.8	0	0.14900
binom	1	0.9	0	0.11000
binom	1	0	0.05	0.08200
binom	1	0.1	0.05	0.10000
binom	1	0.2	0.05	0.10700
binom	1	0.3	0.05	0.13500
binom	1	0.4	0.05	0.15100
binom	1	0.5	0.05	0.16400
binom	1	0.6	0.05	0.18600
binom	1	0.7	0.05	0.16700
binom	1	0.8	0.05	0.16900
binom	1	0.9	0.05	0.16900
binom	1	0	0.1	0.14600
binom	1	0.1	0.1	0.17500
binom	1	0.2	0.1	0.14200
binom	1	0.3	0.1	0.16700
binom	1	0.4	0.1	0.17200
binom	1	0.5	0.1	0.19800
binom	1	0.6	0.1	0.20500
binom	1	0.7	0.1	0.19000
binom	1	0.8	0.1	0.18400
binom	1	0.9	0.1	0.18700
binom	1	0	0.2	0.29000
binom	1	0.1	0.2	0.28900
binom	1	0.2	0.2	0.28400
binom	1	0.3	0.2	0.22300
binom	1	0.4	0.2	0.21000
binom	1	0.5	0.2	0.25100
binom	1	0.6	0.2	0.23500
binom	1	0.7	0.2	0.22100
binom	1	0.8	0.2	0.22300
binom	1	0.9	0.2	0.25100
