binom	1	0	0	0.01600
binom	1	0.1	0	0.04500
binom	1	0.2	0	0.07600
binom	1	0.3	0	0.10000
binom	1	0.4	0	0.13100
binom	1	0.5	0	0.14500
binom	1	0.6	0	0.16600
binom	1	0.7	0	0.14000
binom	1	0.8	0	0.15100
binom	1	0.9	0	0.13500
binom	1	0	0.05	0.09500
binom	1	0.1	0.05	0.07200
binom	1	0.2	0.05	0.11800
binom	1	0.3	0.05	0.13100
binom	1	0.4	0.05	0.13700
binom	1	0.5	0.05	0.16500
binom	1	0.6	0.05	0.16300
binom	1	0.7	0.05	0.18000
binom	1	0.8	0.05	0.17300
binom	1	0.9	0.05	0.16600
binom	1	0	0.1	0.17100
binom	1	0.1	0.1	0.17700
binom	1	0.2	0.1	0.15100
binom	1	0.3	0.1	0.15800
binom	1	0.4	0.1	0.16700
binom	1	0.5	0.1	0.20300
binom	1	0.6	0.1	0.18400
binom	1	0.7	0.1	0.21000
binom	1	0.8	0.1	0.18400
binom	1	0.9	0.1	0.17700
binom	1	0	0.2	0.28400
binom	1	0.1	0.2	0.30000
binom	1	0.2	0.2	0.27400
binom	1	0.3	0.2	0.22400
binom	1	0.4	0.2	0.22400
binom	1	0.5	0.2	0.22200
binom	1	0.6	0.2	0.25100
binom	1	0.7	0.2	0.23900
binom	1	0.8	0.2	0.22200
binom	1	0.9	0.2	0.19800
