binom	1	0	0	0.00800
binom	1	0.1	0	0.05300
binom	1	0.2	0	0.07700
binom	1	0.3	0	0.10600
binom	1	0.4	0	0.14200
binom	1	0.5	0	0.14700
binom	1	0.6	0	0.14700
binom	1	0.7	0	0.14000
binom	1	0.8	0	0.13800
binom	1	0.9	0	0.14200
binom	1	0	0.05	0.09500
binom	1	0.1	0.05	0.08600
binom	1	0.2	0.05	0.11200
binom	1	0.3	0.05	0.14000
binom	1	0.4	0.05	0.15100
binom	1	0.5	0.05	0.15400
binom	1	0.6	0.05	0.15900
binom	1	0.7	0.05	0.17600
binom	1	0.8	0.05	0.16900
binom	1	0.9	0.05	0.15500
binom	1	0	0.1	0.16500
binom	1	0.1	0.1	0.15500
binom	1	0.2	0.1	0.16100
binom	1	0.3	0.1	0.18500
binom	1	0.4	0.1	0.18500
binom	1	0.5	0.1	0.18000
binom	1	0.6	0.1	0.19100
binom	1	0.7	0.1	0.19000
binom	1	0.8	0.1	0.18300
binom	1	0.9	0.1	0.16900
binom	1	0	0.2	0.30300
binom	1	0.1	0.2	0.29000
binom	1	0.2	0.2	0.26900
binom	1	0.3	0.2	0.26400
binom	1	0.4	0.2	0.22000
binom	1	0.5	0.2	0.22200
binom	1	0.6	0.2	0.25000
binom	1	0.7	0.2	0.24600
binom	1	0.8	0.2	0.24200
binom	1	0.9	0.2	0.20100
