binom	1	0	0	0.00700
binom	1	0.1	0	0.05200
binom	1	0.2	0	0.07600
binom	1	0.3	0	0.09100
binom	1	0.4	0	0.12100
binom	1	0.5	0	0.14600
binom	1	0.6	0	0.14200
binom	1	0.7	0	0.15100
binom	1	0.8	0	0.15200
binom	1	0.9	0	0.13400
binom	1	0	0.05	0.09000
binom	1	0.1	0.05	0.09600
binom	1	0.2	0.05	0.10900
binom	1	0.3	0.05	0.14100
binom	1	0.4	0.05	0.13400
binom	1	0.5	0.05	0.16700
binom	1	0.6	0.05	0.17800
binom	1	0.7	0.05	0.14700
binom	1	0.8	0.05	0.15700
binom	1	0.9	0.05	0.14400
binom	1	0	0.1	0.15700
binom	1	0.1	0.1	0.16800
binom	1	0.2	0.1	0.16200
binom	1	0.3	0.1	0.15600
binom	1	0.4	0.1	0.15900
binom	1	0.5	0.1	0.16700
binom	1	0.6	0.1	0.19000
binom	1	0.7	0.1	0.18500
binom	1	0.8	0.1	0.18100
binom	1	0.9	0.1	0.18000
binom	1	0	0.2	0.29000
binom	1	0.1	0.2	0.30200
binom	1	0.2	0.2	0.25100
binom	1	0.3	0.2	0.24800
binom	1	0.4	0.2	0.23900
binom	1	0.5	0.2	0.24500
binom	1	0.6	0.2	0.23800
binom	1	0.7	0.2	0.21700
binom	1	0.8	0.2	0.22500
binom	1	0.9	0.2	0.20800
