binom	1	0	0	0.01300
binom	1	0.1	0	0.03600
binom	1	0.2	0	0.08900
binom	1	0.3	0	0.10900
binom	1	0.4	0	0.12800
binom	1	0.5	0	0.13300
binom	1	0.6	0	0.15200
binom	1	0.7	0	0.14800
binom	1	0.8	0	0.15100
binom	1	0.9	0	0.15200
binom	1	0	0.05	0.09000
binom	1	0.1	0.05	0.09700
binom	1	0.2	0.05	0.12800
binom	1	0.3	0.05	0.13900
binom	1	0.4	0.05	0.15100
binom	1	0.5	0.05	0.15100
binom	1	0.6	0.05	0.16300
binom	1	0.7	0.05	0.16300
binom	1	0.8	0.05	0.17400
binom	1	0.9	0.05	0.16700
binom	1	0	0.1	0.16900
binom	1	0.1	0.1	0.16300
binom	1	0.2	0.1	0.15900
binom	1	0.3	0.1	0.17100
binom	1	0.4	0.1	0.18200
binom	1	0.5	0.1	0.20200
binom	1	0.6	0.1	0.19500
binom	1	0.7	0.1	0.17700
binom	1	0.8	0.1	0.18300
binom	1	0.9	0.1	0.17500
binom	1	0	0.2	0.30400
binom	1	0.1	0.2	0.29100
binom	1	0.2	0.2	0.26700
binom	1	0.3	0.2	0.25500
binom	1	0.4	0.2	0.23900
binom	1	0.5	0.2	0.23200
binom	1	0.6	0.2	0.23900
binom	1	0.7	0.2	0.23400
binom	1	0.8	0.2	0.22100
binom	1	0.9	0.2	0.22500
