binom	1	0	0	0.01300
binom	1	0.1	0	0.04400
binom	1	0.2	0	0.07800
binom	1	0.3	0	0.08800
binom	1	0.4	0	0.13000
binom	1	0.5	0	0.12300
binom	1	0.6	0	0.15600
binom	1	0.7	0	0.13600
binom	1	0.8	0	0.12800
binom	1	0.9	0	0.13200
binom	1	0	0.05	0.08600
binom	1	0.1	0.05	0.07500
binom	1	0.2	0.05	0.10100
binom	1	0.3	0.05	0.14800
binom	1	0.4	0.05	0.16400
binom	1	0.5	0.05	0.16700
binom	1	0.6	0.05	0.18800
binom	1	0.7	0.05	0.18600
binom	1	0.8	0.05	0.15300
binom	1	0.9	0.05	0.16800
binom	1	0	0.1	0.16400
binom	1	0.1	0.1	0.18000
binom	1	0.2	0.1	0.12000
binom	1	0.3	0.1	0.14900
binom	1	0.4	0.1	0.17600
binom	1	0.5	0.1	0.18500
binom	1	0.6	0.1	0.20400
binom	1	0.7	0.1	0.18700
binom	1	0.8	0.1	0.18400
binom	1	0.9	0.1	0.18700
binom	1	0	0.2	0.28900
binom	1	0.1	0.2	0.28000
binom	1	0.2	0.2	0.26700
binom	1	0.3	0.2	0.23600
binom	1	0.4	0.2	0.21400
binom	1	0.5	0.2	0.24600
binom	1	0.6	0.2	0.22700
binom	1	0.7	0.2	0.22100
binom	1	0.8	0.2	0.22700
binom	1	0.9	0.2	0.21200
