binom	1	0	0	0.01000
binom	1	0.1	0	0.03600
binom	1	0.2	0	0.06400
binom	1	0.3	0	0.10000
binom	1	0.4	0	0.13100
binom	1	0.5	0	0.12800
binom	1	0.6	0	0.14000
binom	1	0.7	0	0.14700
binom	1	0.8	0	0.14700
binom	1	0.9	0	0.13300
binom	1	0	0.05	0.09100
binom	1	0.1	0.05	0.10100
binom	1	0.2	0.05	0.11600
binom	1	0.3	0.05	0.13800
binom	1	0.4	0.05	0.15500
binom	1	0.5	0.05	0.16100
binom	1	0.6	0.05	0.19000
binom	1	0.7	0.05	0.16300
binom	1	0.8	0.05	0.16200
binom	1	0.9	0.05	0.16300
binom	1	0	0.1	0.17400
binom	1	0.1	0.1	0.17300
binom	1	0.2	0.1	0.14900
binom	1	0.3	0.1	0.17100
binom	1	0.4	0.1	0.18400
binom	1	0.5	0.1	0.18200
binom	1	0.6	0.1	0.20700
binom	1	0.7	0.1	0.16000
binom	1	0.8	0.1	0.19200
binom	1	0.9	0.1	0.17600
binom	1	0	0.2	0.30900
binom	1	0.1	0.2	0.30800
binom	1	0.2	0.2	0.28100
binom	1	0.3	0.2	0.25500
binom	1	0.4	0.2	0.23200
binom	1	0.5	0.2	0.21000
binom	1	0.6	0.2	0.22000
binom	1	0.7	0.2	0.23500
binom	1	0.8	0.2	0.21400
binom	1	0.9	0.2	0.19400
