binom	1	0	0	0.01500
binom	1	0.1	0	0.04600
binom	1	0.2	0	0.06500
binom	1	0.3	0	0.10800
binom	1	0.4	0	0.12700
binom	1	0.5	0	0.13800
binom	1	0.6	0	0.16000
binom	1	0.7	0	0.16000
binom	1	0.8	0	0.16700
binom	1	0.9	0	0.13900
binom	1	0	0.05	0.09900
binom	1	0.1	0.05	0.08100
binom	1	0.2	0.05	0.12400
binom	1	0.3	0.05	0.14700
binom	1	0.4	0.05	0.16100
binom	1	0.5	0.05	0.16600
binom	1	0.6	0.05	0.17800
binom	1	0.7	0.05	0.16200
binom	1	0.8	0.05	0.16400
binom	1	0.9	0.05	0.17000
binom	1	0	0.1	0.15200
binom	1	0.1	0.1	0.16400
binom	1	0.2	0.1	0.14700
binom	1	0.3	0.1	0.15400
binom	1	0.4	0.1	0.16300
binom	1	0.5	0.1	0.20200
binom	1	0.6	0.1	0.17500
binom	1	0.7	0.1	0.20000
binom	1	0.8	0.1	0.17300
binom	1	0.9	0.1	0.18400
binom	1	0	0.2	0.28400
binom	1	0.1	0.2	0.29000
binom	1	0.2	0.2	0.26600
binom	1	0.3	0.2	0.23200
binom	1	0.4	0.2	0.21300
binom	1	0.5	0.2	0.22500
binom	1	0.6	0.2	0.24500
binom	1	0.7	0.2	0.24500
binom	1	0.8	0.2	0.22100
binom	1	0.9	0.2	0.23200
