binom	1	0	0	0.00700
binom	1	0.1	0	0.05600
binom	1	0.2	0	0.07700
binom	1	0.3	0	0.11200
binom	1	0.4	0	0.14400
binom	1	0.5	0	0.12800
binom	1	0.6	0	0.13600
binom	1	0.7	0	0.12700
binom	1	0.8	0	0.14100
binom	1	0.9	0	0.14700
binom	1	0	0.05	0.08700
binom	1	0.1	0.05	0.08400
binom	1	0.2	0.05	0.12100
binom	1	0.3	0.05	0.12500
binom	1	0.4	0.05	0.15000
binom	1	0.5	0.05	0.16400
binom	1	0.6	0.05	0.17000
binom	1	0.7	0.05	0.15400
binom	1	0.8	0.05	0.17500
binom	1	0.9	0.05	0.16000
binom	1	0	0.1	0.17600
binom	1	0.1	0.1	0.15900
binom	1	0.2	0.1	0.14400
binom	1	0.3	0.1	0.17300
binom	1	0.4	0.1	0.17500
binom	1	0.5	0.1	0.19600
binom	1	0.6	0.1	0.20500
binom	1	0.7	0.1	0.19800
binom	1	0.8	0.1	0.18300
binom	1	0.9	0.1	0.18400
binom	1	0	0.2	0.30200
binom	1	0.1	0.2	0.26500
binom	1	0.2	0.2	0.27200
binom	1	0.3	0.2	0.24400
binom	1	0.4	0.2	0.20700
binom	1	0.5	0.2	0.22800
binom	1	0.6	0.2	0.23400
binom	1	0.7	0.2	0.21300
binom	1	0.8	0.2	0.22900
binom	1	0.9	0.2	0.20200
