binom	1	0	0	0.01100
binom	1	0.1	0	0.03800
binom	1	0.2	0	0.08600
binom	1	0.3	0	0.09400
binom	1	0.4	0	0.11600
binom	1	0.5	0	0.12300
binom	1	0.6	0	0.16500
binom	1	0.7	0	0.13800
binom	1	0.8	0	0.13900
binom	1	0.9	0	0.14700
binom	1	0	0.05	0.08700
binom	1	0.1	0.05	0.10400
binom	1	0.2	0.05	0.09800
binom	1	0.3	0.05	0.12700
binom	1	0.4	0.05	0.15900
binom	1	0.5	0.05	0.16800
binom	1	0.6	0.05	0.18200
binom	1	0.7	0.05	0.17700
binom	1	0.8	0.05	0.17900
binom	1	0.9	0.05	0.13900
binom	1	0	0.1	0.16300
binom	1	0.1	0.1	0.15500
binom	1	0.2	0.1	0.13500
binom	1	0.3	0.1	0.18100
binom	1	0.4	0.1	0.16800
binom	1	0.5	0.1	0.18900
binom	1	0.6	0.1	0.19100
binom	1	0.7	0.1	0.20300
binom	1	0.8	0.1	0.18500
binom	1	0.9	0.1	0.15600
binom	1	0	0.2	0.30900
binom	1	0.1	0.2	0.27900
binom	1	0.2	0.2	0.28100
binom	1	0.3	0.2	0.25000
binom	1	0.4	0.2	0.22700
binom	1	0.5	0.2	0.22900
binom	1	0.6	0.2	0.23700
binom	1	0.7	0.2	0.22600
binom	1	0.8	0.2	0.21400
binom	1	0.9	0.2	0.22300
