binom	1	0	0	0.01600
binom	1	0.1	0	0.04200
binom	1	0.2	0	0.08500
binom	1	0.3	0	0.10000
binom	1	0.4	0	0.13100
binom	1	0.5	0	0.16800
binom	1	0.6	0	0.12800
binom	1	0.7	0	0.13400
binom	1	0.8	0	0.13200
binom	1	0.9	0	0.13600
binom	1	0	0.05	0.08900
binom	1	0.1	0.05	0.10800
binom	1	0.2	0.05	0.10600
binom	1	0.3	0.05	0.13700
binom	1	0.4	0.05	0.15600
binom	1	0.5	0.05	0.15500
binom	1	0.6	0.05	0.17900
binom	1	0.7	0.05	0.16600
binom	1	0.8	0.05	0.16400
binom	1	0.9	0.05	0.15800
binom	1	0	0.1	0.17400
binom	1	0.1	0.1	0.14900
binom	1	0.2	0.1	0.14400
binom	1	0.3	0.1	0.17300
binom	1	0.4	0.1	0.16100
binom	1	0.5	0.1	0.17100
binom	1	0.6	0.1	0.20400
binom	1	0.7	0.1	0.18500
binom	1	0.8	0.1	0.16800
binom	1	0.9	0.1	0.20800
binom	1	0	0.2	0.30000
binom	1	0.1	0.2	0.27100
binom	1	0.2	0.2	0.27200
binom	1	0.3	0.2	0.25500
binom	1	0.4	0.2	0.20800
binom	1	0.5	0.2	0.22400
binom	1	0.6	0.2	0.25700
binom	1	0.7	0.2	0.23700
binom	1	0.8	0.2	0.22100
binom	1	0.9	0.2	0.21300
