binom	1	0	0	0.01500
binom	1	0.1	0	0.05200
binom	1	0.2	0	0.09100
binom	1	0.3	0	0.10900
binom	1	0.4	0	0.13000
binom	1	0.5	0	0.14700
binom	1	0.6	0	0.14100
binom	1	0.7	0	0.14000
binom	1	0.8	0	0.13600
binom	1	0.9	0	0.14700
binom	1	0	0.05	0.07200
binom	1	0.1	0.05	0.09200
binom	1	0.2	0.05	0.11600
binom	1	0.3	0.05	0.12500
binom	1	0.4	0.05	0.16100
binom	1	0.5	0.05	0.15600
binom	1	0.6	0.05	0.19300
binom	1	0.7	0.05	0.19300
binom	1	0.8	0.05	0.17900
binom	1	0.9	0.05	0.16500
binom	1	0	0.1	0.15300
binom	1	0.1	0.1	0.16400
binom	1	0.2	0.1	0.12900
binom	1	0.3	0.1	0.16200
binom	1	0.4	0.1	0.18000
binom	1	0.5	0.1	0.17100
binom	1	0.6	0.1	0.19200
binom	1	0.7	0.1	0.19900
binom	1	0.8	0.1	0.18200
binom	1	0.9	0.1	0.17600
binom	1	0	0.2	0.28700
binom	1	0.1	0.2	0.27000
binom	1	0.2	0.2	0.26400
binom	1	0.3	0.2	0.25300
binom	1	0.4	0.2	0.21800
binom	1	0.5	0.2	0.20100
binom	1	0.6	0.2	0.21900
binom	1	0.7	0.2	0.25900
binom	1	0.8	0.2	0.21400
binom	1	0.9	0.2	0.22300
