binom	1	0	0	0.00900
binom	1	0.1	0	0.04400
binom	1	0.2	0	0.08300
binom	1	0.3	0	0.09800
binom	1	0.4	0	0.13600
binom	1	0.5	0	0.15300
binom	1	0.6	0	0.16100
binom	1	0.7	0	0.15300
binom	1	0.8	0	0.13900
binom	1	0.9	0	0.12800
binom	1	0	0.05	0.09800
binom	1	0.1	0.05	0.07800
binom	1	0.2	0.05	0.11800
binom	1	0.3	0.05	0.15200
binom	1	0.4	0.05	0.14300
binom	1	0.5	0.05	0.18000
binom	1	0.6	0.05	0.14900
binom	1	0.7	0.05	0.18300
binom	1	0.8	0.05	0.15200
binom	1	0.9	0.05	0.16600
binom	1	0	0.1	0.19500
binom	1	0.1	0.1	0.17900
binom	1	0.2	0.1	0.18800
binom	1	0.3	0.1	0.16300
binom	1	0.4	0.1	0.18500
binom	1	0.5	0.1	0.20300
binom	1	0.6	0.1	0.18400
binom	1	0.7	0.1	0.18600
binom	1	0.8	0.1	0.20000
binom	1	0.9	0.1	0.14900
binom	1	0	0.2	0.29200
binom	1	0.1	0.2	0.32000
binom	1	0.2	0.2	0.27800
binom	1	0.3	0.2	0.24900
binom	1	0.4	0.2	0.22300
binom	1	0.5	0.2	0.20900
binom	1	0.6	0.2	0.21600
binom	1	0.7	0.2	0.22700
binom	1	0.8	0.2	0.20700
binom	1	0.9	0.2	0.20200
