binom	1	0	0	0.01300
binom	1	0.1	0	0.03500
binom	1	0.2	0	0.08200
binom	1	0.3	0	0.11100
binom	1	0.4	0	0.12600
binom	1	0.5	0	0.12700
binom	1	0.6	0	0.13500
binom	1	0.7	0	0.16300
binom	1	0.8	0	0.12000
binom	1	0.9	0	0.11700
binom	1	0	0.05	0.08600
binom	1	0.1	0.05	0.09600
binom	1	0.2	0.05	0.11100
binom	1	0.3	0.05	0.11700
binom	1	0.4	0.05	0.15600
binom	1	0.5	0.05	0.17200
binom	1	0.6	0.05	0.16900
binom	1	0.7	0.05	0.14300
binom	1	0.8	0.05	0.15700
binom	1	0.9	0.05	0.15600
binom	1	0	0.1	0.15800
binom	1	0.1	0.1	0.16300
binom	1	0.2	0.1	0.15600
binom	1	0.3	0.1	0.16800
binom	1	0.4	0.1	0.17600
binom	1	0.5	0.1	0.16700
binom	1	0.6	0.1	0.20100
binom	1	0.7	0.1	0.19100
binom	1	0.8	0.1	0.18300
binom	1	0.9	0.1	0.16100
binom	1	0	0.2	0.26300
binom	1	0.1	0.2	0.27700
binom	1	0.2	0.2	0.25200
binom	1	0.3	0.2	0.23200
binom	1	0.4	0.2	0.20300
binom	1	0.5	0.2	0.22400
binom	1	0.6	0.2	0.23300
binom	1	0.7	0.2	0.22600
binom	1	0.8	0.2	0.23300
binom	1	0.9	0.2	0.20400
