binom	1	0	0	0.00700
binom	1	0.1	0	0.03900
binom	1	0.2	0	0.06700
binom	1	0.3	0	0.12500
binom	1	0.4	0	0.12900
binom	1	0.5	0	0.12800
binom	1	0.6	0	0.16000
binom	1	0.7	0	0.14500
binom	1	0.8	0	0.13900
binom	1	0.9	0	0.14200
binom	1	0	0.05	0.09000
binom	1	0.1	0.05	0.08800
binom	1	0.2	0.05	0.12000
binom	1	0.3	0.05	0.13000
binom	1	0.4	0.05	0.13700
binom	1	0.5	0.05	0.15900
binom	1	0.6	0.05	0.14500
binom	1	0.7	0.05	0.18000
binom	1	0.8	0.05	0.14500
binom	1	0.9	0.05	0.15900
binom	1	0	0.1	0.16300
binom	1	0.1	0.1	0.17300
binom	1	0.2	0.1	0.15400
binom	1	0.3	0.1	0.16200
binom	1	0.4	0.1	0.16500
binom	1	0.5	0.1	0.18100
binom	1	0.6	0.1	0.16600
binom	1	0.7	0.1	0.20800
binom	1	0.8	0.1	0.19200
binom	1	0.9	0.1	0.16300
binom	1	0	0.2	0.29900
binom	1	0.1	0.2	0.28200
binom	1	0.2	0.2	0.25500
binom	1	0.3	0.2	0.23600
binom	1	0.4	0.2	0.19600
binom	1	0.5	0.2	0.21000
binom	1	0.6	0.2	0.22400
binom	1	0.7	0.2	0.24300
binom	1	0.8	0.2	0.23100
binom	1	0.9	0.2	0.21200
