binom	1	0	0	0.01600
binom	1	0.1	0	0.05500
binom	1	0.2	0	0.06600
binom	1	0.3	0	0.10700
binom	1	0.4	0	0.12100
binom	1	0.5	0	0.13800
binom	1	0.6	0	0.15000
binom	1	0.7	0	0.12700
binom	1	0.8	0	0.12900
binom	1	0.9	0	0.13300
binom	1	0	0.05	0.09200
binom	1	0.1	0.05	0.09500
binom	1	0.2	0.05	0.11400
binom	1	0.3	0.05	0.14100
binom	1	0.4	0.05	0.14400
binom	1	0.5	0.05	0.15200
binom	1	0.6	0.05	0.17700
binom	1	0.7	0.05	0.16400
binom	1	0.8	0.05	0.15100
binom	1	0.9	0.05	0.16300
binom	1	0	0.1	0.16800
binom	1	0.1	0.1	0.16000
binom	1	0.2	0.1	0.15400
binom	1	0.3	0.1	0.17300
binom	1	0.4	0.1	0.17100
binom	1	0.5	0.1	0.19700
binom	1	0.6	0.1	0.17600
binom	1	0.7	0.1	0.18800
binom	1	0.8	0.1	0.17500
binom	1	0.9	0.1	0.17400
binom	1	0	0.2	0.34300
binom	1	0.1	0.2	0.28900
binom	1	0.2	0.2	0.26300
binom	1	0.3	0.2	0.23700
binom	1	0.4	0.2	0.23200
binom	1	0.5	0.2	0.24300
binom	1	0.6	0.2	0.22600
binom	1	0.7	0.2	0.22900
binom	1	0.8	0.2	0.23800
binom	1	0.9	0.2	0.22700
