binom	1	0	0	0.01100
binom	1	0.1	0	0.05900
binom	1	0.2	0	0.06300
binom	1	0.3	0	0.11200
binom	1	0.4	0	0.12000
binom	1	0.5	0	0.14000
binom	1	0.6	0	0.12900
binom	1	0.7	0	0.14700
binom	1	0.8	0	0.13600
binom	1	0.9	0	0.12800
binom	1	0	0.05	0.10300
binom	1	0.1	0.05	0.07800
binom	1	0.2	0.05	0.08700
binom	1	0.3	0.05	0.14200
binom	1	0.4	0.05	0.14500
binom	1	0.5	0.05	0.18000
binom	1	0.6	0.05	0.19500
binom	1	0.7	0.05	0.17500
binom	1	0.8	0.05	0.16100
binom	1	0.9	0.05	0.15200
binom	1	0	0.1	0.17400
binom	1	0.1	0.1	0.17100
binom	1	0.2	0.1	0.14100
binom	1	0.3	0.1	0.16900
binom	1	0.4	0.1	0.17800
binom	1	0.5	0.1	0.20300
binom	1	0.6	0.1	0.19200
binom	1	0.7	0.1	0.18700
binom	1	0.8	0.1	0.20100
binom	1	0.9	0.1	0.18100
binom	1	0	0.2	0.29500
binom	1	0.1	0.2	0.26700
binom	1	0.2	0.2	0.27000
binom	1	0.3	0.2	0.25500
binom	1	0.4	0.2	0.22000
binom	1	0.5	0.2	0.23100
binom	1	0.6	0.2	0.23100
binom	1	0.7	0.2	0.21900
binom	1	0.8	0.2	0.20000
binom	1	0.9	0.2	0.21700
