binom	1	0	0	0.00800
binom	1	0.1	0	0.04400
binom	1	0.2	0	0.07200
binom	1	0.3	0	0.10600
binom	1	0.4	0	0.11300
binom	1	0.5	0	0.12400
binom	1	0.6	0	0.14400
binom	1	0.7	0	0.13700
binom	1	0.8	0	0.14600
binom	1	0.9	0	0.13100
binom	1	0	0.05	0.08800
binom	1	0.1	0.05	0.08800
binom	1	0.2	0.05	0.11400
binom	1	0.3	0.05	0.15900
binom	1	0.4	0.05	0.15700
binom	1	0.5	0.05	0.15400
binom	1	0.6	0.05	0.17200
binom	1	0.7	0.05	0.17200
binom	1	0.8	0.05	0.17300
binom	1	0.9	0.05	0.15800
binom	1	0	0.1	0.17500
binom	1	0.1	0.1	0.15300
binom	1	0.2	0.1	0.14900
binom	1	0.3	0.1	0.16200
binom	1	0.4	0.1	0.16300
binom	1	0.5	0.1	0.20200
binom	1	0.6	0.1	0.17400
binom	1	0.7	0.1	0.17200
binom	1	0.8	0.1	0.16700
binom	1	0.9	0.1	0.17500
binom	1	0	0.2	0.33500
binom	1	0.1	0.2	0.28300
binom	1	0.2	0.2	0.29200
binom	1	0.3	0.2	0.25200
binom	1	0.4	0.2	0.22800
binom	1	0.5	0.2	0.25100
binom	1	0.6	0.2	0.22700
binom	1	0.7	0.2	0.25400
binom	1	0.8	0.2	0.25300
binom	1	0.9	0.2	0.21800
