binom	1	0	0	0.01000
binom	1	0.1	0	0.04700
binom	1	0.2	0	0.07600
binom	1	0.3	0	0.09400
binom	1	0.4	0	0.11300
binom	1	0.5	0	0.15300
binom	1	0.6	0	0.13100
binom	1	0.7	0	0.15000
binom	1	0.8	0	0.14400
binom	1	0.9	0	0.11000
binom	1	0	0.05	0.10100
binom	1	0.1	0.05	0.08300
binom	1	0.2	0.05	0.09300
binom	1	0.3	0.05	0.12600
binom	1	0.4	0.05	0.14000
binom	1	0.5	0.05	0.15300
binom	1	0.6	0.05	0.16100
binom	1	0.7	0.05	0.14900
binom	1	0.8	0.05	0.18600
binom	1	0.9	0.05	0.15500
binom	1	0	0.1	0.18300
binom	1	0.1	0.1	0.15000
binom	1	0.2	0.1	0.16200
binom	1	0.3	0.1	0.16200
binom	1	0.4	0.1	0.17500
binom	1	0.5	0.1	0.17500
binom	1	0.6	0.1	0.17900
binom	1	0.7	0.1	0.19300
binom	1	0.8	0.1	0.18100
binom	1	0.9	0.1	0.19400
binom	1	0	0.2	0.30300
binom	1	0.1	0.2	0.30200
binom	1	0.2	0.2	0.27000
binom	1	0.3	0.2	0.25200
binom	1	0.4	0.2	0.20400
binom	1	0.5	0.2	0.24000
binom	1	0.6	0.2	0.22200
binom	1	0.7	0.2	0.26200
binom	1	0.8	0.2	0.25200
binom	1	0.9	0.2	0.21100
