binom	1	0	0	0.01200
binom	1	0.1	0	0.04100
binom	1	0.2	0	0.09900
binom	1	0.3	0	0.11400
binom	1	0.4	0	0.12700
binom	1	0.5	0	0.12200
binom	1	0.6	0	0.14300
binom	1	0.7	0	0.15500
binom	1	0.8	0	0.14900
binom	1	0.9	0	0.14900
binom	1	0	0.05	0.08600
binom	1	0.1	0.05	0.07700
binom	1	0.2	0.05	0.11300
binom	1	0.3	0.05	0.14500
binom	1	0.4	0.05	0.14000
binom	1	0.5	0.05	0.15400
binom	1	0.6	0.05	0.18500
binom	1	0.7	0.05	0.18100
binom	1	0.8	0.05	0.17400
binom	1	0.9	0.05	0.16900
binom	1	0	0.1	0.15700
binom	1	0.1	0.1	0.13900
binom	1	0.2	0.1	0.14700
binom	1	0.3	0.1	0.17000
binom	1	0.4	0.1	0.18900
binom	1	0.5	0.1	0.20200
binom	1	0.6	0.1	0.19400
binom	1	0.7	0.1	0.20300
binom	1	0.8	0.1	0.19000
binom	1	0.9	0.1	0.16600
binom	1	0	0.2	0.30500
binom	1	0.1	0.2	0.29300
binom	1	0.2	0.2	0.28800
binom	1	0.3	0.2	0.25500
binom	1	0.4	0.2	0.22200
binom	1	0.5	0.2	0.24700
binom	1	0.6	0.2	0.20700
binom	1	0.7	0.2	0.23400
binom	1	0.8	0.2	0.21800
binom	1	0.9	0.2	0.22200
