binom	1	0	0	0.01500
binom	1	0.1	0	0.04100
binom	1	0.2	0	0.08700
binom	1	0.3	0	0.09400
binom	1	0.4	0	0.10500
binom	1	0.5	0	0.13800
binom	1	0.6	0	0.15200
binom	1	0.7	0	0.13400
binom	1	0.8	0	0.14900
binom	1	0.9	0	0.13100
binom	1	0	0.05	0.09100
binom	1	0.1	0.05	0.08700
binom	1	0.2	0.05	0.10200
binom	1	0.3	0.05	0.11900
binom	1	0.4	0.05	0.13200
binom	1	0.5	0.05	0.16000
binom	1	0.6	0.05	0.15300
binom	1	0.7	0.05	0.15500
binom	1	0.8	0.05	0.16700
binom	1	0.9	0.05	0.14700
binom	1	0	0.1	0.17100
binom	1	0.1	0.1	0.17800
binom	1	0.2	0.1	0.14900
binom	1	0.3	0.1	0.14500
binom	1	0.4	0.1	0.20100
binom	1	0.5	0.1	0.16800
binom	1	0.6	0.1	0.20000
binom	1	0.7	0.1	0.18300
binom	1	0.8	0.1	0.17600
binom	1	0.9	0.1	0.17000
binom	1	0	0.2	0.32300
binom	1	0.1	0.2	0.29100
binom	1	0.2	0.2	0.24900
binom	1	0.3	0.2	0.25200
binom	1	0.4	0.2	0.24300
binom	1	0.5	0.2	0.24100
binom	1	0.6	0.2	0.21400
binom	1	0.7	0.2	0.21600
binom	1	0.8	0.2	0.24400
binom	1	0.9	0.2	0.18900
