binom	1	0	0	0.01900
binom	1	0.1	0	0.04200
binom	1	0.2	0	0.07000
binom	1	0.3	0	0.07700
binom	1	0.4	0	0.13000
binom	1	0.5	0	0.14900
binom	1	0.6	0	0.15000
binom	1	0.7	0	0.14000
binom	1	0.8	0	0.14200
binom	1	0.9	0	0.13700
binom	1	0	0.05	0.08700
binom	1	0.1	0.05	0.08300
binom	1	0.2	0.05	0.13100
binom	1	0.3	0.05	0.13200
binom	1	0.4	0.05	0.14700
binom	1	0.5	0.05	0.16100
binom	1	0.6	0.05	0.15700
binom	1	0.7	0.05	0.15400
binom	1	0.8	0.05	0.15200
binom	1	0.9	0.05	0.14200
binom	1	0	0.1	0.16200
binom	1	0.1	0.1	0.15600
binom	1	0.2	0.1	0.16400
binom	1	0.3	0.1	0.15100
binom	1	0.4	0.1	0.19100
binom	1	0.5	0.1	0.18600
binom	1	0.6	0.1	0.19400
binom	1	0.7	0.1	0.19000
binom	1	0.8	0.1	0.18100
binom	1	0.9	0.1	0.17200
binom	1	0	0.2	0.31200
binom	1	0.1	0.2	0.30200
binom	1	0.2	0.2	0.27300
binom	1	0.3	0.2	0.24400
binom	1	0.4	0.2	0.21100
binom	1	0.5	0.2	0.23500
binom	1	0.6	0.2	0.21700
binom	1	0.7	0.2	0.22700
binom	1	0.8	0.2	0.22800
binom	1	0.9	0.2	0.20400
