binom	1	0	0	0.00500
binom	1	0.1	0	0.03700
binom	1	0.2	0	0.07000
binom	1	0.3	0	0.11000
binom	1	0.4	0	0.13100
binom	1	0.5	0	0.12200
binom	1	0.6	0	0.13900
binom	1	0.7	0	0.11600
binom	1	0.8	0	0.14600
binom	1	0.9	0	0.13900
binom	1	0	0.05	0.10700
binom	1	0.1	0.05	0.09200
binom	1	0.2	0.05	0.11100
binom	1	0.3	0.05	0.14900
binom	1	0.4	0.05	0.14100
binom	1	0.5	0.05	0.13700
binom	1	0.6	0.05	0.15600
binom	1	0.7	0.05	0.17100
binom	1	0.8	0.05	0.16100
binom	1	0.9	0.05	0.15100
binom	1	0	0.1	0.15200
binom	1	0.1	0.1	0.15800
binom	1	0.2	0.1	0.15100
binom	1	0.3	0.1	0.15700
binom	1	0.4	0.1	0.16700
binom	1	0.5	0.1	0.20800
binom	1	0.6	0.1	0.18000
binom	1	0.7	0.1	0.19700
binom	1	0.8	0.1	0.17600
binom	1	0.9	0.1	0.18800
binom	1	0	0.2	0.30200
binom	1	0.1	0.2	0.28600
binom	1	0.2	0.2	0.26300
binom	1	0.3	0.2	0.25300
binom	1	0.4	0.2	0.19900
binom	1	0.5	0.2	0.23900
binom	1	0.6	0.2	0.22500
binom	1	0.7	0.2	0.23000
binom	1	0.8	0.2	0.21600
binom	1	0.9	0.2	0.19600
