binom	1	0	0	0.00900
binom	1	0.1	0	0.04600
binom	1	0.2	0	0.07700
binom	1	0.3	0	0.10500
binom	1	0.4	0	0.13400
binom	1	0.5	0	0.12900
binom	1	0.6	0	0.13600
binom	1	0.7	0	0.13400
binom	1	0.8	0	0.15000
binom	1	0.9	0	0.15100
binom	1	0	0.05	0.10600
binom	1	0.1	0.05	0.07200
binom	1	0.2	0.05	0.11700
binom	1	0.3	0.05	0.11700
binom	1	0.4	0.05	0.16300
binom	1	0.5	0.05	0.17600
binom	1	0.6	0.05	0.18500
binom	1	0.7	0.05	0.17200
binom	1	0.8	0.05	0.13200
binom	1	0.9	0.05	0.15500
binom	1	0	0.1	0.19700
binom	1	0.1	0.1	0.16200
binom	1	0.2	0.1	0.13300
binom	1	0.3	0.1	0.16600
binom	1	0.4	0.1	0.16700
binom	1	0.5	0.1	0.16700
binom	1	0.6	0.1	0.21100
binom	1	0.7	0.1	0.20300
binom	1	0.8	0.1	0.19000
binom	1	0.9	0.1	0.17800
binom	1	0	0.2	0.29100
binom	1	0.1	0.2	0.30800
binom	1	0.2	0.2	0.28100
binom	1	0.3	0.2	0.25300
binom	1	0.4	0.2	0.20300
binom	1	0.5	0.2	0.23200
binom	1	0.6	0.2	0.20800
binom	1	0.7	0.2	0.24500
binom	1	0.8	0.2	0.23200
binom	1	0.9	0.2	0.20300
