binom	1	0	0	0.01000
binom	1	0.1	0	0.04000
binom	1	0.2	0	0.08400
binom	1	0.3	0	0.11200
binom	1	0.4	0	0.11600
binom	1	0.5	0	0.11500
binom	1	0.6	0	0.14100
binom	1	0.7	0	0.14600
binom	1	0.8	0	0.14100
binom	1	0.9	0	0.12800
binom	1	0	0.05	0.09400
binom	1	0.1	0.05	0.07700
binom	1	0.2	0.05	0.11200
binom	1	0.3	0.05	0.13300
binom	1	0.4	0.05	0.14400
binom	1	0.5	0.05	0.16400
binom	1	0.6	0.05	0.17300
binom	1	0.7	0.05	0.19700
binom	1	0.8	0.05	0.16800
binom	1	0.9	0.05	0.16200
binom	1	0	0.1	0.14700
binom	1	0.1	0.1	0.16800
binom	1	0.2	0.1	0.14200
binom	1	0.3	0.1	0.16900
binom	1	0.4	0.1	0.16000
binom	1	0.5	0.1	0.19600
binom	1	0.6	0.1	0.19900
binom	1	0.7	0.1	0.19000
binom	1	0.8	0.1	0.18400
binom	1	0.9	0.1	0.16300
binom	1	0	0.2	0.31400
binom	1	0.1	0.2	0.29100
binom	1	0.2	0.2	0.27100
binom	1	0.3	0.2	0.24900
binom	1	0.4	0.2	0.20600
binom	1	0.5	0.2	0.24800
binom	1	0.6	0.2	0.23400
binom	1	0.7	0.2	0.21600
binom	1	0.8	0.2	0.21700
binom	1	0.9	0.2	0.20600
