binom	1	0	0	0.01100
binom	1	0.1	0	0.03800
binom	1	0.2	0	0.08100
binom	1	0.3	0	0.09600
binom	1	0.4	0	0.12300
binom	1	0.5	0	0.14000
binom	1	0.6	0	0.13400
binom	1	0.7	0	0.14900
binom	1	0.8	0	0.14900
binom	1	0.9	0	0.13000
binom	1	0	0.05	0.10100
binom	1	0.1	0.05	0.08300
binom	1	0.2	0.05	0.08800
binom	1	0.3	0.05	0.10800
binom	1	0.4	0.05	0.15200
binom	1	0.5	0.05	0.16500
binom	1	0.6	0.05	0.17100
binom	1	0.7	0.05	0.17100
binom	1	0.8	0.05	0.16200
binom	1	0.9	0.05	0.15400
binom	1	0	0.1	0.17500
binom	1	0.1	0.1	0.17300
binom	1	0.2	0.1	0.16200
binom	1	0.3	0.1	0.16600
binom	1	0.4	0.1	0.18200
binom	1	0.5	0.1	0.18600
binom	1	0.6	0.1	0.20100
binom	1	0.7	0.1	0.20500
binom	1	0.8	0.1	0.20200
binom	1	0.9	0.1	0.20100
binom	1	0	0.2	0.30100
binom	1	0.1	0.2	0.29500
binom	1	0.2	0.2	0.26500
binom	1	0.3	0.2	0.25300
binom	1	0.4	0.2	0.23100
binom	1	0.5	0.2	0.22800
binom	1	0.6	0.2	0.23200
binom	1	0.7	0.2	0.21800
binom	1	0.8	0.2	0.20900
binom	1	0.9	0.2	0.22000
