binom	1	0	0	0.01400
binom	1	0.1	0	0.03400
binom	1	0.2	0	0.08600
binom	1	0.3	0	0.08600
binom	1	0.4	0	0.11600
binom	1	0.5	0	0.13700
binom	1	0.6	0	0.15700
binom	1	0.7	0	0.14000
binom	1	0.8	0	0.14000
binom	1	0.9	0	0.14500
binom	1	0	0.05	0.08600
binom	1	0.1	0.05	0.08000
binom	1	0.2	0.05	0.09900
binom	1	0.3	0.05	0.14000
binom	1	0.4	0.05	0.14500
binom	1	0.5	0.05	0.15000
binom	1	0.6	0.05	0.18200
binom	1	0.7	0.05	0.18900
binom	1	0.8	0.05	0.16600
binom	1	0.9	0.05	0.14900
binom	1	0	0.1	0.17800
binom	1	0.1	0.1	0.16000
binom	1	0.2	0.1	0.14000
binom	1	0.3	0.1	0.14900
binom	1	0.4	0.1	0.15100
binom	1	0.5	0.1	0.16500
binom	1	0.6	0.1	0.20100
binom	1	0.7	0.1	0.17900
binom	1	0.8	0.1	0.16800
binom	1	0.9	0.1	0.18700
binom	1	0	0.2	0.29800
binom	1	0.1	0.2	0.32600
binom	1	0.2	0.2	0.27900
binom	1	0.3	0.2	0.23300
binom	1	0.4	0.2	0.21000
binom	1	0.5	0.2	0.20100
binom	1	0.6	0.2	0.22500
binom	1	0.7	0.2	0.22100
binom	1	0.8	0.2	0.23300
binom	1	0.9	0.2	0.20600
