binom	1	0	0	0.00700
binom	1	0.1	0	0.04400
binom	1	0.2	0	0.07100
binom	1	0.3	0	0.10400
binom	1	0.4	0	0.14300
binom	1	0.5	0	0.13500
binom	1	0.6	0	0.11900
binom	1	0.7	0	0.15200
binom	1	0.8	0	0.14800
binom	1	0.9	0	0.14400
binom	1	0	0.05	0.10100
binom	1	0.1	0.05	0.08200
binom	1	0.2	0.05	0.11500
binom	1	0.3	0.05	0.12600
binom	1	0.4	0.05	0.15100
binom	1	0.5	0.05	0.17900
binom	1	0.6	0.05	0.16900
binom	1	0.7	0.05	0.17100
binom	1	0.8	0.05	0.15000
binom	1	0.9	0.05	0.15800
binom	1	0	0.1	0.16400
binom	1	0.1	0.1	0.16300
binom	1	0.2	0.1	0.15400
binom	1	0.3	0.1	0.14500
binom	1	0.4	0.1	0.18900
binom	1	0.5	0.1	0.18500
binom	1	0.6	0.1	0.19300
binom	1	0.7	0.1	0.18500
binom	1	0.8	0.1	0.18300
binom	1	0.9	0.1	0.19100
binom	1	0	0.2	0.30500
binom	1	0.1	0.2	0.27600
binom	1	0.2	0.2	0.28800
binom	1	0.3	0.2	0.24100
binom	1	0.4	0.2	0.21100
binom	1	0.5	0.2	0.23400
binom	1	0.6	0.2	0.20600
binom	1	0.7	0.2	0.22100
binom	1	0.8	0.2	0.22400
binom	1	0.9	0.2	0.21800
