binom	1	0	0	0.01100
binom	1	0.1	0	0.04000
binom	1	0.2	0	0.07900
binom	1	0.3	0	0.09900
binom	1	0.4	0	0.12200
binom	1	0.5	0	0.13600
binom	1	0.6	0	0.14100
binom	1	0.7	0	0.14000
binom	1	0.8	0	0.15700
binom	1	0.9	0	0.15000
binom	1	0	0.05	0.09500
binom	1	0.1	0.05	0.07800
binom	1	0.2	0.05	0.11600
binom	1	0.3	0.05	0.13400
binom	1	0.4	0.05	0.16200
binom	1	0.5	0.05	0.16600
binom	1	0.6	0.05	0.17000
binom	1	0.7	0.05	0.14700
binom	1	0.8	0.05	0.15400
binom	1	0.9	0.05	0.15700
binom	1	0	0.1	0.16700
binom	1	0.1	0.1	0.16600
binom	1	0.2	0.1	0.14800
binom	1	0.3	0.1	0.15300
binom	1	0.4	0.1	0.16700
binom	1	0.5	0.1	0.19400
binom	1	0.6	0.1	0.18900
binom	1	0.7	0.1	0.21200
binom	1	0.8	0.1	0.19800
binom	1	0.9	0.1	0.17700
binom	1	0	0.2	0.30000
binom	1	0.1	0.2	0.29600
binom	1	0.2	0.2	0.26400
binom	1	0.3	0.2	0.22600
binom	1	0.4	0.2	0.21200
binom	1	0.5	0.2	0.24000
binom	1	0.6	0.2	0.22600
binom	1	0.7	0.2	0.26800
binom	1	0.8	0.2	0.21600
binom	1	0.9	0.2	0.22300
