binom	1	0	0	0.01400
binom	1	0.1	0	0.04800
binom	1	0.2	0	0.07700
binom	1	0.3	0	0.10800
binom	1	0.4	0	0.12000
binom	1	0.5	0	0.13900
binom	1	0.6	0	0.12500
binom	1	0.7	0	0.13300
binom	1	0.8	0	0.14800
binom	1	0.9	0	0.14200
binom	1	0	0.05	0.08000
binom	1	0.1	0.05	0.09400
binom	1	0.2	0.05	0.11700
binom	1	0.3	0.05	0.11300
binom	1	0.4	0.05	0.14300
binom	1	0.5	0.05	0.15100
binom	1	0.6	0.05	0.18000
binom	1	0.7	0.05	0.17800
binom	1	0.8	0.05	0.16800
binom	1	0.9	0.05	0.18000
binom	1	0	0.1	0.18000
binom	1	0.1	0.1	0.15800
binom	1	0.2	0.1	0.15800
binom	1	0.3	0.1	0.15000
binom	1	0.4	0.1	0.17700
binom	1	0.5	0.1	0.17400
binom	1	0.6	0.1	0.20700
binom	1	0.7	0.1	0.20800
binom	1	0.8	0.1	0.18200
binom	1	0.9	0.1	0.18700
binom	1	0	0.2	0.29800
binom	1	0.1	0.2	0.27700
binom	1	0.2	0.2	0.27400
binom	1	0.3	0.2	0.23200
binom	1	0.4	0.2	0.21900
binom	1	0.5	0.2	0.23600
binom	1	0.6	0.2	0.27100
binom	1	0.7	0.2	0.22300
binom	1	0.8	0.2	0.23300
binom	1	0.9	0.2	0.20500
