binom	1	0	0	0.00900
binom	1	0.1	0	0.04300
binom	1	0.2	0	0.07600
binom	1	0.3	0	0.09200
binom	1	0.4	0	0.12700
binom	1	0.5	0	0.12600
binom	1	0.6	0	0.15700
binom	1	0.7	0	0.14200
binom	1	0.8	0	0.14900
binom	1	0.9	0	0.12800
binom	1	0	0.05	0.10400
binom	1	0.1	0.05	0.10900
binom	1	0.2	0.05	0.11000
binom	1	0.3	0.05	0.12100
binom	1	0.4	0.05	0.16200
binom	1	0.5	0.05	0.16400
binom	1	0.6	0.05	0.17700
binom	1	0.7	0.05	0.16600
binom	1	0.8	0.05	0.16500
binom	1	0.9	0.05	0.14200
binom	1	0	0.1	0.19700
binom	1	0.1	0.1	0.16500
binom	1	0.2	0.1	0.14200
binom	1	0.3	0.1	0.16900
binom	1	0.4	0.1	0.17200
binom	1	0.5	0.1	0.20300
binom	1	0.6	0.1	0.18700
binom	1	0.7	0.1	0.20300
binom	1	0.8	0.1	0.16000
binom	1	0.9	0.1	0.16300
binom	1	0	0.2	0.28900
binom	1	0.1	0.2	0.28600
binom	1	0.2	0.2	0.28500
binom	1	0.3	0.2	0.21800
binom	1	0.4	0.2	0.20600
binom	1	0.5	0.2	0.23400
binom	1	0.6	0.2	0.22200
binom	1	0.7	0.2	0.21200
binom	1	0.8	0.2	0.22600
binom	1	0.9	0.2	0.21400
