binom	1	0	0	0.00900
binom	1	0.1	0	0.04200
binom	1	0.2	0	0.07600
binom	1	0.3	0	0.11200
binom	1	0.4	0	0.12300
binom	1	0.5	0	0.14600
binom	1	0.6	0	0.16600
binom	1	0.7	0	0.13700
binom	1	0.8	0	0.15400
binom	1	0.9	0	0.12100
binom	1	0	0.05	0.09900
binom	1	0.1	0.05	0.07600
binom	1	0.2	0.05	0.12000
binom	1	0.3	0.05	0.14400
binom	1	0.4	0.05	0.15500
binom	1	0.5	0.05	0.14100
binom	1	0.6	0.05	0.18100
binom	1	0.7	0.05	0.16100
binom	1	0.8	0.05	0.17900
binom	1	0.9	0.05	0.14900
binom	1	0	0.1	0.15400
binom	1	0.1	0.1	0.15900
binom	1	0.2	0.1	0.16100
binom	1	0.3	0.1	0.16600
binom	1	0.4	0.1	0.19200
binom	1	0.5	0.1	0.18400
binom	1	0.6	0.1	0.18700
binom	1	0.7	0.1	0.19000
binom	1	0.8	0.1	0.18300
binom	1	0.9	0.1	0.16100
binom	1	0	0.2	0.32300
binom	1	0.1	0.2	0.28400
binom	1	0.2	0.2	0.29000
binom	1	0.3	0.2	0.24900
binom	1	0.4	0.2	0.22600
binom	1	0.5	0.2	0.24900
binom	1	0.6	0.2	0.24700
binom	1	0.7	0.2	0.23300
binom	1	0.8	0.2	0.22000
binom	1	0.9	0.2	0.22300
