binom	1	0	0	0.01100
binom	1	0.1	0	0.01100
binom	1	0.2	0	0.01450
binom	1	0.3	0	0.01150
binom	1	0.4	0	0.01200
binom	1	0.5	0	0.01650
binom	1	0.6	0	0.00750
binom	1	0.7	0	0.00750
binom	1	0.8	0	0.00100
binom	1	0.9	0	0.00200
binom	1	0	0.05	0.05000
binom	1	0.1	0.05	0.05700
binom	1	0.2	0.05	0.04850
binom	1	0.3	0.05	0.04750
binom	1	0.4	0.05	0.03500
binom	1	0.5	0.05	0.04050
binom	1	0.6	0.05	0.02850
binom	1	0.7	0.05	0.01750
binom	1	0.8	0.05	0.01650
binom	1	0.9	0.05	0.00650
binom	1	0	0.1	0.08800
binom	1	0.1	0.1	0.09900
binom	1	0.2	0.1	0.08750
binom	1	0.3	0.1	0.08700
binom	1	0.4	0.1	0.08250
binom	1	0.5	0.1	0.06850
binom	1	0.6	0.1	0.06550
binom	1	0.7	0.1	0.04650
binom	1	0.8	0.1	0.03100
binom	1	0.9	0.1	0.02100
binom	1	0	0.2	0.15700
binom	1	0.1	0.2	0.16150
binom	1	0.2	0.2	0.16800
binom	1	0.3	0.2	0.16050
binom	1	0.4	0.2	0.14750
binom	1	0.5	0.2	0.15800
binom	1	0.6	0.2	0.13700
binom	1	0.7	0.2	0.12350
binom	1	0.8	0.2	0.09750
binom	1	0.9	0.2	0.06600
