binom	1	0	0	0.00900
binom	1	0.1	0	0.01300
binom	1	0.2	0	0.00900
binom	1	0.3	0	0.01400
binom	1	0.4	0	0.01100
binom	1	0.5	0	0.01150
binom	1	0.6	0	0.00950
binom	1	0.7	0	0.00450
binom	1	0.8	0	0.00350
binom	1	0.9	0	0.00200
binom	1	0	0.05	0.04800
binom	1	0.1	0.05	0.04250
binom	1	0.2	0.05	0.03900
binom	1	0.3	0.05	0.05050
binom	1	0.4	0.05	0.03450
binom	1	0.5	0.05	0.03300
binom	1	0.6	0.05	0.02450
binom	1	0.7	0.05	0.02300
binom	1	0.8	0.05	0.01300
binom	1	0.9	0.05	0.00450
binom	1	0	0.1	0.08500
binom	1	0.1	0.1	0.08050
binom	1	0.2	0.1	0.07350
binom	1	0.3	0.1	0.08350
binom	1	0.4	0.1	0.07650
binom	1	0.5	0.1	0.07250
binom	1	0.6	0.1	0.06750
binom	1	0.7	0.1	0.05150
binom	1	0.8	0.1	0.03650
binom	1	0.9	0.1	0.02300
binom	1	0	0.2	0.17900
binom	1	0.1	0.2	0.16500
binom	1	0.2	0.2	0.15250
binom	1	0.3	0.2	0.15150
binom	1	0.4	0.2	0.14950
binom	1	0.5	0.2	0.14850
binom	1	0.6	0.2	0.13650
binom	1	0.7	0.2	0.11550
binom	1	0.8	0.2	0.10550
binom	1	0.9	0.2	0.07650
