binom	1	0	0	0.00950
binom	1	0.1	0	0.01350
binom	1	0.2	0	0.01200
binom	1	0.3	0	0.01250
binom	1	0.4	0	0.01000
binom	1	0.5	0	0.00800
binom	1	0.6	0	0.00650
binom	1	0.7	0	0.00800
binom	1	0.8	0	0.00350
binom	1	0.9	0	0.00150
binom	1	0	0.05	0.05250
binom	1	0.1	0.05	0.04800
binom	1	0.2	0.05	0.05000
binom	1	0.3	0.05	0.05850
binom	1	0.4	0.05	0.04300
binom	1	0.5	0.05	0.03550
binom	1	0.6	0.05	0.02100
binom	1	0.7	0.05	0.02100
binom	1	0.8	0.05	0.01600
binom	1	0.9	0.05	0.00750
binom	1	0	0.1	0.08050
binom	1	0.1	0.1	0.09100
binom	1	0.2	0.1	0.09050
binom	1	0.3	0.1	0.08000
binom	1	0.4	0.1	0.07950
binom	1	0.5	0.1	0.07350
binom	1	0.6	0.1	0.05850
binom	1	0.7	0.1	0.04900
binom	1	0.8	0.1	0.03150
binom	1	0.9	0.1	0.01450
binom	1	0	0.2	0.16300
binom	1	0.1	0.2	0.16250
binom	1	0.2	0.2	0.14800
binom	1	0.3	0.2	0.17900
binom	1	0.4	0.2	0.14650
binom	1	0.5	0.2	0.14000
binom	1	0.6	0.2	0.12300
binom	1	0.7	0.2	0.11600
binom	1	0.8	0.2	0.10650
binom	1	0.9	0.2	0.08150
