binom	1	0	0	0.00600
binom	1	0.1	0	0.05000
binom	1	0.2	0	0.07100
binom	1	0.3	0	0.11300
binom	1	0.4	0	0.12900
binom	1	0.5	0	0.16400
binom	1	0.6	0	0.13300
binom	1	0.7	0	0.16100
binom	1	0.8	0	0.15200
binom	1	0.9	0	0.13700
binom	1	0	0.05	0.09700
binom	1	0.1	0.05	0.08900
binom	1	0.2	0.05	0.12800
binom	1	0.3	0.05	0.13100
binom	1	0.4	0.05	0.13900
binom	1	0.5	0.05	0.16300
binom	1	0.6	0.05	0.16600
binom	1	0.7	0.05	0.18100
binom	1	0.8	0.05	0.16000
binom	1	0.9	0.05	0.15100
binom	1	0	0.1	0.14800
binom	1	0.1	0.1	0.15400
binom	1	0.2	0.1	0.14900
binom	1	0.3	0.1	0.15700
binom	1	0.4	0.1	0.18400
binom	1	0.5	0.1	0.17300
binom	1	0.6	0.1	0.17900
binom	1	0.7	0.1	0.22000
binom	1	0.8	0.1	0.18300
binom	1	0.9	0.1	0.17400
binom	1	0	0.2	0.29400
binom	1	0.1	0.2	0.29200
binom	1	0.2	0.2	0.28100
binom	1	0.3	0.2	0.25800
binom	1	0.4	0.2	0.22000
binom	1	0.5	0.2	0.24000
binom	1	0.6	0.2	0.22000
binom	1	0.7	0.2	0.21800
binom	1	0.8	0.2	0.22400
binom	1	0.9	0.2	0.20800
