binom	1	0	0	0.01800
binom	1	0.1	0	0.05700
binom	1	0.2	0	0.07800
binom	1	0.3	0	0.08000
binom	1	0.4	0	0.12600
binom	1	0.5	0	0.13600
binom	1	0.6	0	0.14200
binom	1	0.7	0	0.13800
binom	1	0.8	0	0.14100
binom	1	0.9	0	0.14200
binom	1	0	0.05	0.07200
binom	1	0.1	0.05	0.08600
binom	1	0.2	0.05	0.09500
binom	1	0.3	0.05	0.12600
binom	1	0.4	0.05	0.17200
binom	1	0.5	0.05	0.17200
binom	1	0.6	0.05	0.14400
binom	1	0.7	0.05	0.17400
binom	1	0.8	0.05	0.16200
binom	1	0.9	0.05	0.15800
binom	1	0	0.1	0.18100
binom	1	0.1	0.1	0.18000
binom	1	0.2	0.1	0.15000
binom	1	0.3	0.1	0.15200
binom	1	0.4	0.1	0.17000
binom	1	0.5	0.1	0.18700
binom	1	0.6	0.1	0.17900
binom	1	0.7	0.1	0.18200
binom	1	0.8	0.1	0.18900
binom	1	0.9	0.1	0.15200
binom	1	0	0.2	0.28800
binom	1	0.1	0.2	0.29600
binom	1	0.2	0.2	0.26700
binom	1	0.3	0.2	0.22600
binom	1	0.4	0.2	0.21000
binom	1	0.5	0.2	0.22700
binom	1	0.6	0.2	0.25500
binom	1	0.7	0.2	0.22300
binom	1	0.8	0.2	0.21700
binom	1	0.9	0.2	0.19900
