binom	1	0	0	0.00200
binom	1	0.1	0	0.04800
binom	1	0.2	0	0.07900
binom	1	0.3	0	0.11100
binom	1	0.4	0	0.13100
binom	1	0.5	0	0.12800
binom	1	0.6	0	0.15700
binom	1	0.7	0	0.14000
binom	1	0.8	0	0.14300
binom	1	0.9	0	0.12000
binom	1	0	0.05	0.10200
binom	1	0.1	0.05	0.10800
binom	1	0.2	0.05	0.09800
binom	1	0.3	0.05	0.13700
binom	1	0.4	0.05	0.15600
binom	1	0.5	0.05	0.17500
binom	1	0.6	0.05	0.18300
binom	1	0.7	0.05	0.15500
binom	1	0.8	0.05	0.18100
binom	1	0.9	0.05	0.16900
binom	1	0	0.1	0.19700
binom	1	0.1	0.1	0.17400
binom	1	0.2	0.1	0.13800
binom	1	0.3	0.1	0.17100
binom	1	0.4	0.1	0.18400
binom	1	0.5	0.1	0.17300
binom	1	0.6	0.1	0.20700
binom	1	0.7	0.1	0.19900
binom	1	0.8	0.1	0.20000
binom	1	0.9	0.1	0.17200
binom	1	0	0.2	0.30100
binom	1	0.1	0.2	0.31800
binom	1	0.2	0.2	0.27400
binom	1	0.3	0.2	0.24200
binom	1	0.4	0.2	0.21300
binom	1	0.5	0.2	0.21600
binom	1	0.6	0.2	0.23700
binom	1	0.7	0.2	0.25800
binom	1	0.8	0.2	0.22100
binom	1	0.9	0.2	0.22900
