binom	1	0	0	0.00800
binom	1	0.1	0	0.04500
binom	1	0.2	0	0.07800
binom	1	0.3	0	0.11100
binom	1	0.4	0	0.11900
binom	1	0.5	0	0.14200
binom	1	0.6	0	0.13800
binom	1	0.7	0	0.14900
binom	1	0.8	0	0.12300
binom	1	0.9	0	0.12900
binom	1	0	0.05	0.08700
binom	1	0.1	0.05	0.10400
binom	1	0.2	0.05	0.11300
binom	1	0.3	0.05	0.12300
binom	1	0.4	0.05	0.14600
binom	1	0.5	0.05	0.16700
binom	1	0.6	0.05	0.14700
binom	1	0.7	0.05	0.16900
binom	1	0.8	0.05	0.14400
binom	1	0.9	0.05	0.14100
binom	1	0	0.1	0.17000
binom	1	0.1	0.1	0.18000
binom	1	0.2	0.1	0.13300
binom	1	0.3	0.1	0.16100
binom	1	0.4	0.1	0.17200
binom	1	0.5	0.1	0.18600
binom	1	0.6	0.1	0.19900
binom	1	0.7	0.1	0.19700
binom	1	0.8	0.1	0.17700
binom	1	0.9	0.1	0.18900
binom	1	0	0.2	0.25800
binom	1	0.1	0.2	0.26900
binom	1	0.2	0.2	0.25700
binom	1	0.3	0.2	0.22400
binom	1	0.4	0.2	0.23200
binom	1	0.5	0.2	0.20400
binom	1	0.6	0.2	0.22100
binom	1	0.7	0.2	0.22700
binom	1	0.8	0.2	0.20000
binom	1	0.9	0.2	0.22300
