binom	1	0	0	0.01200
binom	1	0.1	0	0.05200
binom	1	0.2	0	0.08000
binom	1	0.3	0	0.10200
binom	1	0.4	0	0.14100
binom	1	0.5	0	0.13800
binom	1	0.6	0	0.14000
binom	1	0.7	0	0.14700
binom	1	0.8	0	0.13100
binom	1	0.9	0	0.14300
binom	1	0	0.05	0.09900
binom	1	0.1	0.05	0.09500
binom	1	0.2	0.05	0.11000
binom	1	0.3	0.05	0.12600
binom	1	0.4	0.05	0.15900
binom	1	0.5	0.05	0.15700
binom	1	0.6	0.05	0.15900
binom	1	0.7	0.05	0.16400
binom	1	0.8	0.05	0.16900
binom	1	0.9	0.05	0.15600
binom	1	0	0.1	0.15300
binom	1	0.1	0.1	0.14300
binom	1	0.2	0.1	0.13600
binom	1	0.3	0.1	0.16700
binom	1	0.4	0.1	0.18300
binom	1	0.5	0.1	0.18100
binom	1	0.6	0.1	0.18500
binom	1	0.7	0.1	0.19200
binom	1	0.8	0.1	0.19400
binom	1	0.9	0.1	0.18600
binom	1	0	0.2	0.27300
binom	1	0.1	0.2	0.31500
binom	1	0.2	0.2	0.29800
binom	1	0.3	0.2	0.23600
binom	1	0.4	0.2	0.25500
binom	1	0.5	0.2	0.22200
binom	1	0.6	0.2	0.23400
binom	1	0.7	0.2	0.23100
binom	1	0.8	0.2	0.22300
binom	1	0.9	0.2	0.20300
