binom	1	0	0	0.01400
binom	1	0.1	0	0.03200
binom	1	0.2	0	0.08000
binom	1	0.3	0	0.10000
binom	1	0.4	0	0.11700
binom	1	0.5	0	0.12300
binom	1	0.6	0	0.14300
binom	1	0.7	0	0.14100
binom	1	0.8	0	0.12900
binom	1	0.9	0	0.12900
binom	1	0	0.05	0.10300
binom	1	0.1	0.05	0.08200
binom	1	0.2	0.05	0.12100
binom	1	0.3	0.05	0.15400
binom	1	0.4	0.05	0.14600
binom	1	0.5	0.05	0.16000
binom	1	0.6	0.05	0.17200
binom	1	0.7	0.05	0.18000
binom	1	0.8	0.05	0.16100
binom	1	0.9	0.05	0.14800
binom	1	0	0.1	0.17900
binom	1	0.1	0.1	0.13700
binom	1	0.2	0.1	0.13800
binom	1	0.3	0.1	0.16500
binom	1	0.4	0.1	0.16700
binom	1	0.5	0.1	0.18400
binom	1	0.6	0.1	0.19400
binom	1	0.7	0.1	0.18500
binom	1	0.8	0.1	0.18600
binom	1	0.9	0.1	0.15500
binom	1	0	0.2	0.29600
binom	1	0.1	0.2	0.28600
binom	1	0.2	0.2	0.27100
binom	1	0.3	0.2	0.24900
binom	1	0.4	0.2	0.21400
binom	1	0.5	0.2	0.19800
binom	1	0.6	0.2	0.22600
binom	1	0.7	0.2	0.20200
binom	1	0.8	0.2	0.22100
binom	1	0.9	0.2	0.17000
