binom	1	0	0	0.01100
binom	1	0.1	0	0.05000
binom	1	0.2	0	0.07200
binom	1	0.3	0	0.12500
binom	1	0.4	0	0.12700
binom	1	0.5	0	0.12100
binom	1	0.6	0	0.13800
binom	1	0.7	0	0.15900
binom	1	0.8	0	0.12900
binom	1	0.9	0	0.13800
binom	1	0	0.05	0.09600
binom	1	0.1	0.05	0.10300
binom	1	0.2	0.05	0.11600
binom	1	0.3	0.05	0.14400
binom	1	0.4	0.05	0.14600
binom	1	0.5	0.05	0.17100
binom	1	0.6	0.05	0.15900
binom	1	0.7	0.05	0.15300
binom	1	0.8	0.05	0.16600
binom	1	0.9	0.05	0.15500
binom	1	0	0.1	0.16300
binom	1	0.1	0.1	0.17100
binom	1	0.2	0.1	0.14500
binom	1	0.3	0.1	0.18900
binom	1	0.4	0.1	0.17500
binom	1	0.5	0.1	0.17800
binom	1	0.6	0.1	0.17200
binom	1	0.7	0.1	0.19000
binom	1	0.8	0.1	0.18400
binom	1	0.9	0.1	0.17800
binom	1	0	0.2	0.26700
binom	1	0.1	0.2	0.28000
binom	1	0.2	0.2	0.26900
binom	1	0.3	0.2	0.25200
binom	1	0.4	0.2	0.24100
binom	1	0.5	0.2	0.23900
binom	1	0.6	0.2	0.22500
binom	1	0.7	0.2	0.19600
binom	1	0.8	0.2	0.21700
binom	1	0.9	0.2	0.19600
