binom	1	0	0	0.00800
binom	1	0.1	0	0.04800
binom	1	0.2	0	0.09500
binom	1	0.3	0	0.11900
binom	1	0.4	0	0.11400
binom	1	0.5	0	0.16100
binom	1	0.6	0	0.14400
binom	1	0.7	0	0.14600
binom	1	0.8	0	0.14700
binom	1	0.9	0	0.12600
binom	1	0	0.05	0.09800
binom	1	0.1	0.05	0.07500
binom	1	0.2	0.05	0.11800
binom	1	0.3	0.05	0.13600
binom	1	0.4	0.05	0.14500
binom	1	0.5	0.05	0.16100
binom	1	0.6	0.05	0.19700
binom	1	0.7	0.05	0.14100
binom	1	0.8	0.05	0.15900
binom	1	0.9	0.05	0.14000
binom	1	0	0.1	0.18300
binom	1	0.1	0.1	0.16300
binom	1	0.2	0.1	0.16000
binom	1	0.3	0.1	0.15100
binom	1	0.4	0.1	0.18000
binom	1	0.5	0.1	0.18700
binom	1	0.6	0.1	0.19600
binom	1	0.7	0.1	0.17900
binom	1	0.8	0.1	0.17200
binom	1	0.9	0.1	0.17200
binom	1	0	0.2	0.30200
binom	1	0.1	0.2	0.32400
binom	1	0.2	0.2	0.26000
binom	1	0.3	0.2	0.25500
binom	1	0.4	0.2	0.23300
binom	1	0.5	0.2	0.23500
binom	1	0.6	0.2	0.22500
binom	1	0.7	0.2	0.24300
binom	1	0.8	0.2	0.24300
binom	1	0.9	0.2	0.22300
