binom	1	0	0	0.01100
binom	1	0.1	0	0.04100
binom	1	0.2	0	0.07900
binom	1	0.3	0	0.12200
binom	1	0.4	0	0.12500
binom	1	0.5	0	0.12600
binom	1	0.6	0	0.14500
binom	1	0.7	0	0.15100
binom	1	0.8	0	0.13500
binom	1	0.9	0	0.14700
binom	1	0	0.05	0.06600
binom	1	0.1	0.05	0.09700
binom	1	0.2	0.05	0.11200
binom	1	0.3	0.05	0.13900
binom	1	0.4	0.05	0.15900
binom	1	0.5	0.05	0.16100
binom	1	0.6	0.05	0.18300
binom	1	0.7	0.05	0.17100
binom	1	0.8	0.05	0.15100
binom	1	0.9	0.05	0.15300
binom	1	0	0.1	0.16300
binom	1	0.1	0.1	0.17400
binom	1	0.2	0.1	0.13600
binom	1	0.3	0.1	0.14700
binom	1	0.4	0.1	0.19300
binom	1	0.5	0.1	0.19000
binom	1	0.6	0.1	0.19900
binom	1	0.7	0.1	0.19900
binom	1	0.8	0.1	0.16500
binom	1	0.9	0.1	0.16800
binom	1	0	0.2	0.28800
binom	1	0.1	0.2	0.28900
binom	1	0.2	0.2	0.29300
binom	1	0.3	0.2	0.25500
binom	1	0.4	0.2	0.23000
binom	1	0.5	0.2	0.22900
binom	1	0.6	0.2	0.22600
binom	1	0.7	0.2	0.24500
binom	1	0.8	0.2	0.23300
binom	1	0.9	0.2	0.22500
