binom	1	0	0	0.00900
binom	1	0.1	0	0.04900
binom	1	0.2	0	0.09200
binom	1	0.3	0	0.10900
binom	1	0.4	0	0.14100
binom	1	0.5	0	0.12200
binom	1	0.6	0	0.13300
binom	1	0.7	0	0.15100
binom	1	0.8	0	0.15000
binom	1	0.9	0	0.14700
binom	1	0	0.05	0.10600
binom	1	0.1	0.05	0.09300
binom	1	0.2	0.05	0.10100
binom	1	0.3	0.05	0.14800
binom	1	0.4	0.05	0.16600
binom	1	0.5	0.05	0.16400
binom	1	0.6	0.05	0.17900
binom	1	0.7	0.05	0.16800
binom	1	0.8	0.05	0.15700
binom	1	0.9	0.05	0.14900
binom	1	0	0.1	0.17500
binom	1	0.1	0.1	0.15800
binom	1	0.2	0.1	0.15900
binom	1	0.3	0.1	0.15800
binom	1	0.4	0.1	0.16200
binom	1	0.5	0.1	0.17900
binom	1	0.6	0.1	0.19600
binom	1	0.7	0.1	0.17500
binom	1	0.8	0.1	0.17500
binom	1	0.9	0.1	0.16100
binom	1	0	0.2	0.28700
binom	1	0.1	0.2	0.31500
binom	1	0.2	0.2	0.25900
binom	1	0.3	0.2	0.24700
binom	1	0.4	0.2	0.19400
binom	1	0.5	0.2	0.21200
binom	1	0.6	0.2	0.22400
binom	1	0.7	0.2	0.24200
binom	1	0.8	0.2	0.23200
binom	1	0.9	0.2	0.21800
