binom	1	0	0	0.00900
binom	1	0.1	0	0.04900
binom	1	0.2	0	0.07400
binom	1	0.3	0	0.11100
binom	1	0.4	0	0.12000
binom	1	0.5	0	0.14200
binom	1	0.6	0	0.14600
binom	1	0.7	0	0.15000
binom	1	0.8	0	0.13000
binom	1	0.9	0	0.13200
binom	1	0	0.05	0.10400
binom	1	0.1	0.05	0.08700
binom	1	0.2	0.05	0.11500
binom	1	0.3	0.05	0.14900
binom	1	0.4	0.05	0.15200
binom	1	0.5	0.05	0.15100
binom	1	0.6	0.05	0.17600
binom	1	0.7	0.05	0.17200
binom	1	0.8	0.05	0.15100
binom	1	0.9	0.05	0.15200
binom	1	0	0.1	0.16300
binom	1	0.1	0.1	0.15700
binom	1	0.2	0.1	0.15900
binom	1	0.3	0.1	0.14600
binom	1	0.4	0.1	0.18000
binom	1	0.5	0.1	0.21400
binom	1	0.6	0.1	0.20200
binom	1	0.7	0.1	0.17400
binom	1	0.8	0.1	0.18800
binom	1	0.9	0.1	0.18500
binom	1	0	0.2	0.28700
binom	1	0.1	0.2	0.27900
binom	1	0.2	0.2	0.28700
binom	1	0.3	0.2	0.23900
binom	1	0.4	0.2	0.21300
binom	1	0.5	0.2	0.22800
binom	1	0.6	0.2	0.23500
binom	1	0.7	0.2	0.23100
binom	1	0.8	0.2	0.23200
binom	1	0.9	0.2	0.21000
