binom	1	0	0	0.01000
binom	1	0.1	0	0.03300
binom	1	0.2	0	0.07400
binom	1	0.3	0	0.12100
binom	1	0.4	0	0.11800
binom	1	0.5	0	0.12500
binom	1	0.6	0	0.16000
binom	1	0.7	0	0.14200
binom	1	0.8	0	0.14700
binom	1	0.9	0	0.14500
binom	1	0	0.05	0.09200
binom	1	0.1	0.05	0.08500
binom	1	0.2	0.05	0.11200
binom	1	0.3	0.05	0.13600
binom	1	0.4	0.05	0.13600
binom	1	0.5	0.05	0.16400
binom	1	0.6	0.05	0.16500
binom	1	0.7	0.05	0.15700
binom	1	0.8	0.05	0.15000
binom	1	0.9	0.05	0.16700
binom	1	0	0.1	0.17600
binom	1	0.1	0.1	0.16800
binom	1	0.2	0.1	0.15000
binom	1	0.3	0.1	0.17400
binom	1	0.4	0.1	0.17800
binom	1	0.5	0.1	0.20100
binom	1	0.6	0.1	0.18400
binom	1	0.7	0.1	0.17800
binom	1	0.8	0.1	0.16900
binom	1	0.9	0.1	0.18500
binom	1	0	0.2	0.30000
binom	1	0.1	0.2	0.32100
binom	1	0.2	0.2	0.26300
binom	1	0.3	0.2	0.23400
binom	1	0.4	0.2	0.23800
binom	1	0.5	0.2	0.26200
binom	1	0.6	0.2	0.23500
binom	1	0.7	0.2	0.23100
binom	1	0.8	0.2	0.25500
binom	1	0.9	0.2	0.22000
