binom	1	0	0	0.01200
binom	1	0.1	0	0.04600
binom	1	0.2	0	0.08100
binom	1	0.3	0	0.10600
binom	1	0.4	0	0.13600
binom	1	0.5	0	0.12800
binom	1	0.6	0	0.13100
binom	1	0.7	0	0.15100
binom	1	0.8	0	0.13900
binom	1	0.9	0	0.14500
binom	1	0	0.05	0.09500
binom	1	0.1	0.05	0.09800
binom	1	0.2	0.05	0.10700
binom	1	0.3	0.05	0.14400
binom	1	0.4	0.05	0.14200
binom	1	0.5	0.05	0.16100
binom	1	0.6	0.05	0.15700
binom	1	0.7	0.05	0.18200
binom	1	0.8	0.05	0.15700
binom	1	0.9	0.05	0.16100
binom	1	0	0.1	0.15900
binom	1	0.1	0.1	0.16900
binom	1	0.2	0.1	0.14100
binom	1	0.3	0.1	0.17000
binom	1	0.4	0.1	0.18500
binom	1	0.5	0.1	0.19000
binom	1	0.6	0.1	0.18100
binom	1	0.7	0.1	0.19000
binom	1	0.8	0.1	0.20400
binom	1	0.9	0.1	0.18300
binom	1	0	0.2	0.27700
binom	1	0.1	0.2	0.27200
binom	1	0.2	0.2	0.25800
binom	1	0.3	0.2	0.24100
binom	1	0.4	0.2	0.22000
binom	1	0.5	0.2	0.21600
binom	1	0.6	0.2	0.24100
binom	1	0.7	0.2	0.23400
binom	1	0.8	0.2	0.21900
binom	1	0.9	0.2	0.21300
