binom	0.02340
binom	0.02400
binom	0.02380
binom	0.02200
binom	0.02220
binom	0.02060
binom	0.02080
binom	0.02300
binom	0.02060
binom	0.02400
binom	0.02100
binom	0.02520
binom	0.02160
binom	0.02540
binom	0.02440
binom	0.02220
binom	0.02160
binom	0.01920
binom	0.02120
binom	0.02340
binom	0.01900
binom	0.02080
binom	0.02200
binom	0.01960
binom	0.02180
binom	0.01940
binom	0.01720
binom	0.01740
binom	0.01960
binom	0.01960
binom	0.02060
binom	0.02040
binom	0.01860
binom	0.01980
binom	0.01380
binom	0.01600
binom	0.01740
binom	0.01820
binom	0.01580
binom	0.01660
binom	0.01880
binom	0.02080
binom	0.01760
binom	0.01520
binom	0.01300
binom	0.01320
binom	0.01400
binom	0.01460
binom	0.01800
binom	0.01600
binom	0.01660
