binom	1	0	0	0.01400
binom	1	0.1	0	0.03300
binom	1	0.2	0	0.07300
binom	1	0.3	0	0.09000
binom	1	0.4	0	0.10300
binom	1	0.5	0	0.13200
binom	1	0.6	0	0.14900
binom	1	0.7	0	0.13800
binom	1	0.8	0	0.14000
binom	1	0.9	0	0.13300
binom	1	0	0.05	0.09600
binom	1	0.1	0.05	0.08000
binom	1	0.2	0.05	0.11800
binom	1	0.3	0.05	0.11500
binom	1	0.4	0.05	0.17100
binom	1	0.5	0.05	0.15500
binom	1	0.6	0.05	0.16900
binom	1	0.7	0.05	0.18700
binom	1	0.8	0.05	0.15800
binom	1	0.9	0.05	0.16600
binom	1	0	0.1	0.17300
binom	1	0.1	0.1	0.16300
binom	1	0.2	0.1	0.15700
binom	1	0.3	0.1	0.15900
binom	1	0.4	0.1	0.16200
binom	1	0.5	0.1	0.16300
binom	1	0.6	0.1	0.17600
binom	1	0.7	0.1	0.16000
binom	1	0.8	0.1	0.20300
binom	1	0.9	0.1	0.17500
binom	1	0	0.2	0.29100
binom	1	0.1	0.2	0.29600
binom	1	0.2	0.2	0.27700
binom	1	0.3	0.2	0.20600
binom	1	0.4	0.2	0.19600
binom	1	0.5	0.2	0.20400
binom	1	0.6	0.2	0.24600
binom	1	0.7	0.2	0.21600
binom	1	0.8	0.2	0.23100
binom	1	0.9	0.2	0.20900
