binom	1	0	0	0.01400
binom	1	0.1	0	0.04800
binom	1	0.2	0	0.07000
binom	1	0.3	0	0.11600
binom	1	0.4	0	0.13700
binom	1	0.5	0	0.12900
binom	1	0.6	0	0.14100
binom	1	0.7	0	0.14800
binom	1	0.8	0	0.14200
binom	1	0.9	0	0.14700
binom	1	0	0.05	0.08100
binom	1	0.1	0.05	0.09100
binom	1	0.2	0.05	0.11200
binom	1	0.3	0.05	0.12900
binom	1	0.4	0.05	0.15000
binom	1	0.5	0.05	0.18900
binom	1	0.6	0.05	0.18600
binom	1	0.7	0.05	0.16200
binom	1	0.8	0.05	0.15800
binom	1	0.9	0.05	0.16100
binom	1	0	0.1	0.17600
binom	1	0.1	0.1	0.16500
binom	1	0.2	0.1	0.12600
binom	1	0.3	0.1	0.15300
binom	1	0.4	0.1	0.19300
binom	1	0.5	0.1	0.19200
binom	1	0.6	0.1	0.18800
binom	1	0.7	0.1	0.18600
binom	1	0.8	0.1	0.18900
binom	1	0.9	0.1	0.18100
binom	1	0	0.2	0.30700
binom	1	0.1	0.2	0.29500
binom	1	0.2	0.2	0.25800
binom	1	0.3	0.2	0.25600
binom	1	0.4	0.2	0.23600
binom	1	0.5	0.2	0.23800
binom	1	0.6	0.2	0.23300
binom	1	0.7	0.2	0.26000
binom	1	0.8	0.2	0.24000
binom	1	0.9	0.2	0.23100
