binom	1	0	0	0.00900
binom	1	0.1	0	0.03700
binom	1	0.2	0	0.07200
binom	1	0.3	0	0.10400
binom	1	0.4	0	0.10900
binom	1	0.5	0	0.13300
binom	1	0.6	0	0.13900
binom	1	0.7	0	0.16700
binom	1	0.8	0	0.11800
binom	1	0.9	0	0.12800
binom	1	0	0.05	0.08600
binom	1	0.1	0.05	0.09200
binom	1	0.2	0.05	0.11300
binom	1	0.3	0.05	0.13000
binom	1	0.4	0.05	0.14800
binom	1	0.5	0.05	0.17700
binom	1	0.6	0.05	0.16400
binom	1	0.7	0.05	0.17600
binom	1	0.8	0.05	0.16500
binom	1	0.9	0.05	0.13700
binom	1	0	0.1	0.18300
binom	1	0.1	0.1	0.16000
binom	1	0.2	0.1	0.16400
binom	1	0.3	0.1	0.15300
binom	1	0.4	0.1	0.17400
binom	1	0.5	0.1	0.19600
binom	1	0.6	0.1	0.16900
binom	1	0.7	0.1	0.18600
binom	1	0.8	0.1	0.17700
binom	1	0.9	0.1	0.18000
binom	1	0	0.2	0.30300
binom	1	0.1	0.2	0.27900
binom	1	0.2	0.2	0.27000
binom	1	0.3	0.2	0.25700
binom	1	0.4	0.2	0.24600
binom	1	0.5	0.2	0.22600
binom	1	0.6	0.2	0.22300
binom	1	0.7	0.2	0.21000
binom	1	0.8	0.2	0.21700
binom	1	0.9	0.2	0.21900
