binom	1	0	0	0.00400
binom	1	0.1	0	0.04700
binom	1	0.2	0	0.07800
binom	1	0.3	0	0.09200
binom	1	0.4	0	0.10200
binom	1	0.5	0	0.15800
binom	1	0.6	0	0.14000
binom	1	0.7	0	0.13600
binom	1	0.8	0	0.12300
binom	1	0.9	0	0.13600
binom	1	0	0.05	0.08300
binom	1	0.1	0.05	0.08300
binom	1	0.2	0.05	0.12700
binom	1	0.3	0.05	0.12600
binom	1	0.4	0.05	0.16000
binom	1	0.5	0.05	0.15800
binom	1	0.6	0.05	0.16300
binom	1	0.7	0.05	0.16600
binom	1	0.8	0.05	0.18000
binom	1	0.9	0.05	0.15200
binom	1	0	0.1	0.19000
binom	1	0.1	0.1	0.18200
binom	1	0.2	0.1	0.15000
binom	1	0.3	0.1	0.14000
binom	1	0.4	0.1	0.18700
binom	1	0.5	0.1	0.19000
binom	1	0.6	0.1	0.20100
binom	1	0.7	0.1	0.20100
binom	1	0.8	0.1	0.18300
binom	1	0.9	0.1	0.17300
binom	1	0	0.2	0.28400
binom	1	0.1	0.2	0.29000
binom	1	0.2	0.2	0.27700
binom	1	0.3	0.2	0.25000
binom	1	0.4	0.2	0.22700
binom	1	0.5	0.2	0.22400
binom	1	0.6	0.2	0.24200
binom	1	0.7	0.2	0.26000
binom	1	0.8	0.2	0.20200
binom	1	0.9	0.2	0.21300
