binom	1	0	0	0.00500
binom	1	0.1	0	0.03900
binom	1	0.2	0	0.09000
binom	1	0.3	0	0.09700
binom	1	0.4	0	0.11300
binom	1	0.5	0	0.13900
binom	1	0.6	0	0.14600
binom	1	0.7	0	0.12000
binom	1	0.8	0	0.13300
binom	1	0.9	0	0.13200
binom	1	0	0.05	0.09100
binom	1	0.1	0.05	0.08200
binom	1	0.2	0.05	0.10300
binom	1	0.3	0.05	0.12100
binom	1	0.4	0.05	0.15300
binom	1	0.5	0.05	0.14300
binom	1	0.6	0.05	0.17400
binom	1	0.7	0.05	0.16400
binom	1	0.8	0.05	0.17100
binom	1	0.9	0.05	0.13900
binom	1	0	0.1	0.16100
binom	1	0.1	0.1	0.17600
binom	1	0.2	0.1	0.14500
binom	1	0.3	0.1	0.17200
binom	1	0.4	0.1	0.17700
binom	1	0.5	0.1	0.19400
binom	1	0.6	0.1	0.22300
binom	1	0.7	0.1	0.18400
binom	1	0.8	0.1	0.17600
binom	1	0.9	0.1	0.19000
binom	1	0	0.2	0.28400
binom	1	0.1	0.2	0.29800
binom	1	0.2	0.2	0.26600
binom	1	0.3	0.2	0.25600
binom	1	0.4	0.2	0.23800
binom	1	0.5	0.2	0.22100
binom	1	0.6	0.2	0.22700
binom	1	0.7	0.2	0.22200
binom	1	0.8	0.2	0.21600
binom	1	0.9	0.2	0.21300
