binom	1	0	0	0.00600
binom	1	0.1	0	0.03900
binom	1	0.2	0	0.06400
binom	1	0.3	0	0.10100
binom	1	0.4	0	0.11800
binom	1	0.5	0	0.12000
binom	1	0.6	0	0.15100
binom	1	0.7	0	0.14200
binom	1	0.8	0	0.14600
binom	1	0.9	0	0.14500
binom	1	0	0.05	0.08200
binom	1	0.1	0.05	0.07300
binom	1	0.2	0.05	0.11200
binom	1	0.3	0.05	0.12400
binom	1	0.4	0.05	0.13300
binom	1	0.5	0.05	0.16800
binom	1	0.6	0.05	0.18100
binom	1	0.7	0.05	0.16200
binom	1	0.8	0.05	0.17000
binom	1	0.9	0.05	0.15800
binom	1	0	0.1	0.14800
binom	1	0.1	0.1	0.15300
binom	1	0.2	0.1	0.14100
binom	1	0.3	0.1	0.17500
binom	1	0.4	0.1	0.17800
binom	1	0.5	0.1	0.18400
binom	1	0.6	0.1	0.21300
binom	1	0.7	0.1	0.19000
binom	1	0.8	0.1	0.20700
binom	1	0.9	0.1	0.18000
binom	1	0	0.2	0.29100
binom	1	0.1	0.2	0.28600
binom	1	0.2	0.2	0.28800
binom	1	0.3	0.2	0.21700
binom	1	0.4	0.2	0.21300
binom	1	0.5	0.2	0.23800
binom	1	0.6	0.2	0.24200
binom	1	0.7	0.2	0.23400
binom	1	0.8	0.2	0.21500
binom	1	0.9	0.2	0.22800
