binom	1	0	0	0.00900
binom	1	0.1	0	0.03000
binom	1	0.2	0	0.07500
binom	1	0.3	0	0.09300
binom	1	0.4	0	0.11100
binom	1	0.5	0	0.13900
binom	1	0.6	0	0.15000
binom	1	0.7	0	0.15100
binom	1	0.8	0	0.15800
binom	1	0.9	0	0.14100
binom	1	0	0.05	0.10100
binom	1	0.1	0.05	0.08500
binom	1	0.2	0.05	0.11700
binom	1	0.3	0.05	0.12800
binom	1	0.4	0.05	0.15900
binom	1	0.5	0.05	0.17700
binom	1	0.6	0.05	0.16300
binom	1	0.7	0.05	0.18200
binom	1	0.8	0.05	0.13900
binom	1	0.9	0.05	0.15200
binom	1	0	0.1	0.16800
binom	1	0.1	0.1	0.16300
binom	1	0.2	0.1	0.15600
binom	1	0.3	0.1	0.17500
binom	1	0.4	0.1	0.19200
binom	1	0.5	0.1	0.19000
binom	1	0.6	0.1	0.19400
binom	1	0.7	0.1	0.18400
binom	1	0.8	0.1	0.16700
binom	1	0.9	0.1	0.18100
binom	1	0	0.2	0.31000
binom	1	0.1	0.2	0.29100
binom	1	0.2	0.2	0.28000
binom	1	0.3	0.2	0.26600
binom	1	0.4	0.2	0.23400
binom	1	0.5	0.2	0.22300
binom	1	0.6	0.2	0.22200
binom	1	0.7	0.2	0.23100
binom	1	0.8	0.2	0.22400
binom	1	0.9	0.2	0.19100
