binom	1	0	0	0.01300
binom	1	0.1	0	0.03900
binom	1	0.2	0	0.08100
binom	1	0.3	0	0.10000
binom	1	0.4	0	0.13300
binom	1	0.5	0	0.12200
binom	1	0.6	0	0.11300
binom	1	0.7	0	0.16000
binom	1	0.8	0	0.13400
binom	1	0.9	0	0.13000
binom	1	0	0.05	0.10800
binom	1	0.1	0.05	0.07300
binom	1	0.2	0.05	0.12100
binom	1	0.3	0.05	0.13900
binom	1	0.4	0.05	0.16200
binom	1	0.5	0.05	0.16300
binom	1	0.6	0.05	0.15100
binom	1	0.7	0.05	0.17100
binom	1	0.8	0.05	0.17400
binom	1	0.9	0.05	0.15100
binom	1	0	0.1	0.19000
binom	1	0.1	0.1	0.16600
binom	1	0.2	0.1	0.15200
binom	1	0.3	0.1	0.15900
binom	1	0.4	0.1	0.18400
binom	1	0.5	0.1	0.21600
binom	1	0.6	0.1	0.18900
binom	1	0.7	0.1	0.18800
binom	1	0.8	0.1	0.18900
binom	1	0.9	0.1	0.18800
binom	1	0	0.2	0.28800
binom	1	0.1	0.2	0.28200
binom	1	0.2	0.2	0.27300
binom	1	0.3	0.2	0.23200
binom	1	0.4	0.2	0.22400
binom	1	0.5	0.2	0.23000
binom	1	0.6	0.2	0.23000
binom	1	0.7	0.2	0.23800
binom	1	0.8	0.2	0.24100
binom	1	0.9	0.2	0.21300
