binom	1	0	0	0.00700
binom	1	0.1	0	0.04200
binom	1	0.2	0	0.07900
binom	1	0.3	0	0.10300
binom	1	0.4	0	0.12500
binom	1	0.5	0	0.14000
binom	1	0.6	0	0.13100
binom	1	0.7	0	0.15200
binom	1	0.8	0	0.14000
binom	1	0.9	0	0.14200
binom	1	0	0.05	0.09500
binom	1	0.1	0.05	0.09500
binom	1	0.2	0.05	0.12200
binom	1	0.3	0.05	0.13500
binom	1	0.4	0.05	0.15300
binom	1	0.5	0.05	0.14400
binom	1	0.6	0.05	0.16900
binom	1	0.7	0.05	0.18100
binom	1	0.8	0.05	0.16300
binom	1	0.9	0.05	0.15100
binom	1	0	0.1	0.18700
binom	1	0.1	0.1	0.16000
binom	1	0.2	0.1	0.14400
binom	1	0.3	0.1	0.16500
binom	1	0.4	0.1	0.18900
binom	1	0.5	0.1	0.19500
binom	1	0.6	0.1	0.20200
binom	1	0.7	0.1	0.18600
binom	1	0.8	0.1	0.18300
binom	1	0.9	0.1	0.17600
binom	1	0	0.2	0.30600
binom	1	0.1	0.2	0.29400
binom	1	0.2	0.2	0.27400
binom	1	0.3	0.2	0.24400
binom	1	0.4	0.2	0.21100
binom	1	0.5	0.2	0.22900
binom	1	0.6	0.2	0.24700
binom	1	0.7	0.2	0.24300
binom	1	0.8	0.2	0.22100
binom	1	0.9	0.2	0.22400
