binom	1	0	0	0.01400
binom	1	0.1	0	0.04400
binom	1	0.2	0	0.07000
binom	1	0.3	0	0.09900
binom	1	0.4	0	0.11500
binom	1	0.5	0	0.12800
binom	1	0.6	0	0.13600
binom	1	0.7	0	0.12700
binom	1	0.8	0	0.14100
binom	1	0.9	0	0.14700
binom	1	0	0.05	0.10600
binom	1	0.1	0.05	0.07100
binom	1	0.2	0.05	0.12400
binom	1	0.3	0.05	0.12800
binom	1	0.4	0.05	0.14900
binom	1	0.5	0.05	0.16300
binom	1	0.6	0.05	0.18400
binom	1	0.7	0.05	0.16800
binom	1	0.8	0.05	0.18200
binom	1	0.9	0.05	0.15200
binom	1	0	0.1	0.17300
binom	1	0.1	0.1	0.15600
binom	1	0.2	0.1	0.15400
binom	1	0.3	0.1	0.15500
binom	1	0.4	0.1	0.17400
binom	1	0.5	0.1	0.17100
binom	1	0.6	0.1	0.19400
binom	1	0.7	0.1	0.20600
binom	1	0.8	0.1	0.18600
binom	1	0.9	0.1	0.19400
binom	1	0	0.2	0.32300
binom	1	0.1	0.2	0.29400
binom	1	0.2	0.2	0.29200
binom	1	0.3	0.2	0.23300
binom	1	0.4	0.2	0.21800
binom	1	0.5	0.2	0.23500
binom	1	0.6	0.2	0.24000
binom	1	0.7	0.2	0.24400
binom	1	0.8	0.2	0.21700
binom	1	0.9	0.2	0.20200
