binom	1	0	0	0.00900
binom	1	0.1	0	0.03700
binom	1	0.2	0	0.07600
binom	1	0.3	0	0.10400
binom	1	0.4	0	0.11900
binom	1	0.5	0	0.13400
binom	1	0.6	0	0.15400
binom	1	0.7	0	0.15200
binom	1	0.8	0	0.14100
binom	1	0.9	0	0.11600
binom	1	0	0.05	0.08500
binom	1	0.1	0.05	0.09100
binom	1	0.2	0.05	0.12000
binom	1	0.3	0.05	0.14100
binom	1	0.4	0.05	0.15900
binom	1	0.5	0.05	0.16600
binom	1	0.6	0.05	0.14900
binom	1	0.7	0.05	0.17500
binom	1	0.8	0.05	0.16500
binom	1	0.9	0.05	0.14800
binom	1	0	0.1	0.16400
binom	1	0.1	0.1	0.15300
binom	1	0.2	0.1	0.12400
binom	1	0.3	0.1	0.16400
binom	1	0.4	0.1	0.16900
binom	1	0.5	0.1	0.20700
binom	1	0.6	0.1	0.21500
binom	1	0.7	0.1	0.18500
binom	1	0.8	0.1	0.20400
binom	1	0.9	0.1	0.18600
binom	1	0	0.2	0.28400
binom	1	0.1	0.2	0.28100
binom	1	0.2	0.2	0.27700
binom	1	0.3	0.2	0.23600
binom	1	0.4	0.2	0.20400
binom	1	0.5	0.2	0.23800
binom	1	0.6	0.2	0.24200
binom	1	0.7	0.2	0.23300
binom	1	0.8	0.2	0.23500
binom	1	0.9	0.2	0.23600
