binom	1	0	0	0.01300
binom	1	0.1	0	0.04000
binom	1	0.2	0	0.08200
binom	1	0.3	0	0.08700
binom	1	0.4	0	0.12300
binom	1	0.5	0	0.13700
binom	1	0.6	0	0.14300
binom	1	0.7	0	0.14200
binom	1	0.8	0	0.14000
binom	1	0.9	0	0.14400
binom	1	0	0.05	0.08400
binom	1	0.1	0.05	0.09100
binom	1	0.2	0.05	0.12400
binom	1	0.3	0.05	0.12700
binom	1	0.4	0.05	0.15400
binom	1	0.5	0.05	0.17700
binom	1	0.6	0.05	0.18100
binom	1	0.7	0.05	0.15800
binom	1	0.8	0.05	0.19200
binom	1	0.9	0.05	0.15200
binom	1	0	0.1	0.16900
binom	1	0.1	0.1	0.16100
binom	1	0.2	0.1	0.13900
binom	1	0.3	0.1	0.17500
binom	1	0.4	0.1	0.20700
binom	1	0.5	0.1	0.19300
binom	1	0.6	0.1	0.18100
binom	1	0.7	0.1	0.18900
binom	1	0.8	0.1	0.18800
binom	1	0.9	0.1	0.17900
binom	1	0	0.2	0.31000
binom	1	0.1	0.2	0.28700
binom	1	0.2	0.2	0.28900
binom	1	0.3	0.2	0.25700
binom	1	0.4	0.2	0.21200
binom	1	0.5	0.2	0.20800
binom	1	0.6	0.2	0.23400
binom	1	0.7	0.2	0.21000
binom	1	0.8	0.2	0.21000
binom	1	0.9	0.2	0.22800
