binom	1	0	0	0.01000
binom	1	0.1	0	0.04600
binom	1	0.2	0	0.08600
binom	1	0.3	0	0.10900
binom	1	0.4	0	0.13500
binom	1	0.5	0	0.13600
binom	1	0.6	0	0.14600
binom	1	0.7	0	0.15300
binom	1	0.8	0	0.16700
binom	1	0.9	0	0.13200
binom	1	0	0.05	0.10300
binom	1	0.1	0.05	0.09900
binom	1	0.2	0.05	0.12700
binom	1	0.3	0.05	0.11300
binom	1	0.4	0.05	0.17100
binom	1	0.5	0.05	0.18300
binom	1	0.6	0.05	0.19200
binom	1	0.7	0.05	0.16200
binom	1	0.8	0.05	0.16800
binom	1	0.9	0.05	0.13800
binom	1	0	0.1	0.17400
binom	1	0.1	0.1	0.17400
binom	1	0.2	0.1	0.16300
binom	1	0.3	0.1	0.16000
binom	1	0.4	0.1	0.18500
binom	1	0.5	0.1	0.19200
binom	1	0.6	0.1	0.19000
binom	1	0.7	0.1	0.17800
binom	1	0.8	0.1	0.18000
binom	1	0.9	0.1	0.18300
binom	1	0	0.2	0.31600
binom	1	0.1	0.2	0.29600
binom	1	0.2	0.2	0.28000
binom	1	0.3	0.2	0.21800
binom	1	0.4	0.2	0.22700
binom	1	0.5	0.2	0.25800
binom	1	0.6	0.2	0.23900
binom	1	0.7	0.2	0.22000
binom	1	0.8	0.2	0.24100
binom	1	0.9	0.2	0.20200
