binom	1	0	0	0.01100
binom	1	0.1	0	0.00950
binom	1	0.2	0	0.01600
binom	1	0.3	0	0.01450
binom	1	0.4	0	0.01100
binom	1	0.5	0	0.01250
binom	1	0.6	0	0.01200
binom	1	0.7	0	0.00600
binom	1	0.8	0	0.00300
binom	1	0.9	0	0.00000
binom	1	0	0.05	0.03950
binom	1	0.1	0.05	0.03700
binom	1	0.2	0.05	0.04600
binom	1	0.3	0.05	0.04750
binom	1	0.4	0.05	0.03500
binom	1	0.5	0.05	0.03100
binom	1	0.6	0.05	0.03000
binom	1	0.7	0.05	0.01750
binom	1	0.8	0.05	0.01150
binom	1	0.9	0.05	0.00750
binom	1	0	0.1	0.08750
binom	1	0.1	0.1	0.09700
binom	1	0.2	0.1	0.08750
binom	1	0.3	0.1	0.08450
binom	1	0.4	0.1	0.08950
binom	1	0.5	0.1	0.06450
binom	1	0.6	0.1	0.06800
binom	1	0.7	0.1	0.04900
binom	1	0.8	0.1	0.03950
binom	1	0.9	0.1	0.02050
binom	1	0	0.2	0.16350
binom	1	0.1	0.2	0.17150
binom	1	0.2	0.2	0.16650
binom	1	0.3	0.2	0.16150
binom	1	0.4	0.2	0.15100
binom	1	0.5	0.2	0.15600
binom	1	0.6	0.2	0.13700
binom	1	0.7	0.2	0.12350
binom	1	0.8	0.2	0.09750
binom	1	0.9	0.2	0.07900
