binom	1	0	0	0.01100
binom	1	0.1	0	0.06400
binom	1	0.2	0	0.08100
binom	1	0.3	0	0.09800
binom	1	0.4	0	0.10700
binom	1	0.5	0	0.15200
binom	1	0.6	0	0.14600
binom	1	0.7	0	0.15600
binom	1	0.8	0	0.14400
binom	1	0.9	0	0.12900
binom	1	0	0.05	0.08500
binom	1	0.1	0.05	0.08400
binom	1	0.2	0.05	0.12500
binom	1	0.3	0.05	0.12700
binom	1	0.4	0.05	0.16500
binom	1	0.5	0.05	0.17300
binom	1	0.6	0.05	0.17300
binom	1	0.7	0.05	0.15300
binom	1	0.8	0.05	0.14900
binom	1	0.9	0.05	0.16600
binom	1	0	0.1	0.18000
binom	1	0.1	0.1	0.15500
binom	1	0.2	0.1	0.14800
binom	1	0.3	0.1	0.17500
binom	1	0.4	0.1	0.18500
binom	1	0.5	0.1	0.20900
binom	1	0.6	0.1	0.19900
binom	1	0.7	0.1	0.20000
binom	1	0.8	0.1	0.17100
binom	1	0.9	0.1	0.16600
binom	1	0	0.2	0.27400
binom	1	0.1	0.2	0.30600
binom	1	0.2	0.2	0.27100
binom	1	0.3	0.2	0.22000
binom	1	0.4	0.2	0.22900
binom	1	0.5	0.2	0.21000
binom	1	0.6	0.2	0.24300
binom	1	0.7	0.2	0.21800
binom	1	0.8	0.2	0.23300
binom	1	0.9	0.2	0.21300
