binom	1	0	0	0.01000
binom	1	0.1	0	0.04800
binom	1	0.2	0	0.08300
binom	1	0.3	0	0.10100
binom	1	0.4	0	0.12600
binom	1	0.5	0	0.14100
binom	1	0.6	0	0.15900
binom	1	0.7	0	0.13400
binom	1	0.8	0	0.13500
binom	1	0.9	0	0.14800
binom	1	0	0.05	0.07600
binom	1	0.1	0.05	0.08900
binom	1	0.2	0.05	0.10800
binom	1	0.3	0.05	0.13500
binom	1	0.4	0.05	0.14800
binom	1	0.5	0.05	0.16100
binom	1	0.6	0.05	0.18100
binom	1	0.7	0.05	0.18400
binom	1	0.8	0.05	0.15600
binom	1	0.9	0.05	0.16800
binom	1	0	0.1	0.16200
binom	1	0.1	0.1	0.14300
binom	1	0.2	0.1	0.14300
binom	1	0.3	0.1	0.16200
binom	1	0.4	0.1	0.17400
binom	1	0.5	0.1	0.19200
binom	1	0.6	0.1	0.19500
binom	1	0.7	0.1	0.18700
binom	1	0.8	0.1	0.18200
binom	1	0.9	0.1	0.18500
binom	1	0	0.2	0.28200
binom	1	0.1	0.2	0.28800
binom	1	0.2	0.2	0.26500
binom	1	0.3	0.2	0.23200
binom	1	0.4	0.2	0.23000
binom	1	0.5	0.2	0.23300
binom	1	0.6	0.2	0.23200
binom	1	0.7	0.2	0.24200
binom	1	0.8	0.2	0.21700
binom	1	0.9	0.2	0.21300
