binom	1	0	0	0.00900
binom	1	0.1	0	0.03400
binom	1	0.2	0	0.08700
binom	1	0.3	0	0.10300
binom	1	0.4	0	0.11200
binom	1	0.5	0	0.14300
binom	1	0.6	0	0.12900
binom	1	0.7	0	0.15300
binom	1	0.8	0	0.14500
binom	1	0.9	0	0.14100
binom	1	0	0.05	0.08300
binom	1	0.1	0.05	0.08500
binom	1	0.2	0.05	0.14000
binom	1	0.3	0.05	0.13800
binom	1	0.4	0.05	0.13800
binom	1	0.5	0.05	0.15900
binom	1	0.6	0.05	0.18000
binom	1	0.7	0.05	0.16100
binom	1	0.8	0.05	0.14700
binom	1	0.9	0.05	0.18200
binom	1	0	0.1	0.16700
binom	1	0.1	0.1	0.16900
binom	1	0.2	0.1	0.13900
binom	1	0.3	0.1	0.14400
binom	1	0.4	0.1	0.17200
binom	1	0.5	0.1	0.19900
binom	1	0.6	0.1	0.19400
binom	1	0.7	0.1	0.18600
binom	1	0.8	0.1	0.18900
binom	1	0.9	0.1	0.18000
binom	1	0	0.2	0.27500
binom	1	0.1	0.2	0.31300
binom	1	0.2	0.2	0.27400
binom	1	0.3	0.2	0.25100
binom	1	0.4	0.2	0.23700
binom	1	0.5	0.2	0.20200
binom	1	0.6	0.2	0.25900
binom	1	0.7	0.2	0.22200
binom	1	0.8	0.2	0.22000
binom	1	0.9	0.2	0.19500
