binom	1	0	0	0.01300
binom	1	0.1	0	0.03400
binom	1	0.2	0	0.08800
binom	1	0.3	0	0.09800
binom	1	0.4	0	0.12700
binom	1	0.5	0	0.13300
binom	1	0.6	0	0.15200
binom	1	0.7	0	0.14300
binom	1	0.8	0	0.13900
binom	1	0.9	0	0.13400
binom	1	0	0.05	0.09200
binom	1	0.1	0.05	0.10700
binom	1	0.2	0.05	0.12100
binom	1	0.3	0.05	0.12600
binom	1	0.4	0.05	0.13900
binom	1	0.5	0.05	0.16100
binom	1	0.6	0.05	0.15000
binom	1	0.7	0.05	0.18100
binom	1	0.8	0.05	0.16800
binom	1	0.9	0.05	0.14000
binom	1	0	0.1	0.17300
binom	1	0.1	0.1	0.16400
binom	1	0.2	0.1	0.13900
binom	1	0.3	0.1	0.17900
binom	1	0.4	0.1	0.18700
binom	1	0.5	0.1	0.20500
binom	1	0.6	0.1	0.18200
binom	1	0.7	0.1	0.18300
binom	1	0.8	0.1	0.19800
binom	1	0.9	0.1	0.17800
binom	1	0	0.2	0.31700
binom	1	0.1	0.2	0.29300
binom	1	0.2	0.2	0.26400
binom	1	0.3	0.2	0.23400
binom	1	0.4	0.2	0.22800
binom	1	0.5	0.2	0.20600
binom	1	0.6	0.2	0.25200
binom	1	0.7	0.2	0.22100
binom	1	0.8	0.2	0.22100
binom	1	0.9	0.2	0.20500
