binom	1	0	0	0.01100
binom	1	0.1	0	0.04900
binom	1	0.2	0	0.07700
binom	1	0.3	0	0.10500
binom	1	0.4	0	0.13400
binom	1	0.5	0	0.12900
binom	1	0.6	0	0.13600
binom	1	0.7	0	0.13400
binom	1	0.8	0	0.15500
binom	1	0.9	0	0.15100
binom	1	0	0.05	0.09700
binom	1	0.1	0.05	0.08700
binom	1	0.2	0.05	0.10000
binom	1	0.3	0.05	0.12800
binom	1	0.4	0.05	0.14900
binom	1	0.5	0.05	0.16300
binom	1	0.6	0.05	0.18400
binom	1	0.7	0.05	0.16800
binom	1	0.8	0.05	0.17400
binom	1	0.9	0.05	0.15700
binom	1	0	0.1	0.16000
binom	1	0.1	0.1	0.18400
binom	1	0.2	0.1	0.16100
binom	1	0.3	0.1	0.15500
binom	1	0.4	0.1	0.17400
binom	1	0.5	0.1	0.17100
binom	1	0.6	0.1	0.19400
binom	1	0.7	0.1	0.20600
binom	1	0.8	0.1	0.20200
binom	1	0.9	0.1	0.17700
binom	1	0	0.2	0.30400
binom	1	0.1	0.2	0.32700
binom	1	0.2	0.2	0.27400
binom	1	0.3	0.2	0.24200
binom	1	0.4	0.2	0.21300
binom	1	0.5	0.2	0.21600
binom	1	0.6	0.2	0.23700
binom	1	0.7	0.2	0.24300
binom	1	0.8	0.2	0.23000
binom	1	0.9	0.2	0.22500
