binom	1	0	0	0.01000
binom	1	0.1	0	0.06100
binom	1	0.2	0	0.06100
binom	1	0.3	0	0.10100
binom	1	0.4	0	0.11100
binom	1	0.5	0	0.13400
binom	1	0.6	0	0.14600
binom	1	0.7	0	0.14800
binom	1	0.8	0	0.12800
binom	1	0.9	0	0.13100
binom	1	0	0.05	0.09800
binom	1	0.1	0.05	0.08300
binom	1	0.2	0.05	0.12300
binom	1	0.3	0.05	0.15200
binom	1	0.4	0.05	0.14300
binom	1	0.5	0.05	0.15200
binom	1	0.6	0.05	0.15800
binom	1	0.7	0.05	0.14500
binom	1	0.8	0.05	0.18700
binom	1	0.9	0.05	0.16600
binom	1	0	0.1	0.15600
binom	1	0.1	0.1	0.16600
binom	1	0.2	0.1	0.15200
binom	1	0.3	0.1	0.17500
binom	1	0.4	0.1	0.17200
binom	1	0.5	0.1	0.20900
binom	1	0.6	0.1	0.16000
binom	1	0.7	0.1	0.20000
binom	1	0.8	0.1	0.18400
binom	1	0.9	0.1	0.17800
binom	1	0	0.2	0.29100
binom	1	0.1	0.2	0.30500
binom	1	0.2	0.2	0.27700
binom	1	0.3	0.2	0.23300
binom	1	0.4	0.2	0.20900
binom	1	0.5	0.2	0.21700
binom	1	0.6	0.2	0.24200
binom	1	0.7	0.2	0.24200
binom	1	0.8	0.2	0.22900
binom	1	0.9	0.2	0.23100
