binom	1	0	0	0.01000
binom	1	0.1	0	0.04400
binom	1	0.2	0	0.07000
binom	1	0.3	0	0.09900
binom	1	0.4	0	0.11500
binom	1	0.5	0	0.12800
binom	1	0.6	0	0.13600
binom	1	0.7	0	0.12700
binom	1	0.8	0	0.15700
binom	1	0.9	0	0.14800
binom	1	0	0.05	0.10700
binom	1	0.1	0.05	0.08800
binom	1	0.2	0.05	0.11400
binom	1	0.3	0.05	0.15600
binom	1	0.4	0.05	0.13800
binom	1	0.5	0.05	0.17100
binom	1	0.6	0.05	0.18100
binom	1	0.7	0.05	0.16400
binom	1	0.8	0.05	0.14700
binom	1	0.9	0.05	0.14500
binom	1	0	0.1	0.17100
binom	1	0.1	0.1	0.14600
binom	1	0.2	0.1	0.13400
binom	1	0.3	0.1	0.15500
binom	1	0.4	0.1	0.18800
binom	1	0.5	0.1	0.19200
binom	1	0.6	0.1	0.19600
binom	1	0.7	0.1	0.18800
binom	1	0.8	0.1	0.19200
binom	1	0.9	0.1	0.16700
binom	1	0	0.2	0.31600
binom	1	0.1	0.2	0.32700
binom	1	0.2	0.2	0.26500
binom	1	0.3	0.2	0.25800
binom	1	0.4	0.2	0.23500
binom	1	0.5	0.2	0.23600
binom	1	0.6	0.2	0.22600
binom	1	0.7	0.2	0.25200
binom	1	0.8	0.2	0.21400
binom	1	0.9	0.2	0.23600
