binom	1	0	0	0.00700
binom	1	0.1	0	0.04900
binom	1	0.2	0	0.09500
binom	1	0.3	0	0.09400
binom	1	0.4	0	0.12800
binom	1	0.5	0	0.14400
binom	1	0.6	0	0.15900
binom	1	0.7	0	0.15200
binom	1	0.8	0	0.12400
binom	1	0.9	0	0.14000
binom	1	0	0.05	0.08900
binom	1	0.1	0.05	0.07100
binom	1	0.2	0.05	0.12200
binom	1	0.3	0.05	0.12700
binom	1	0.4	0.05	0.15600
binom	1	0.5	0.05	0.16800
binom	1	0.6	0.05	0.15500
binom	1	0.7	0.05	0.16600
binom	1	0.8	0.05	0.15600
binom	1	0.9	0.05	0.16700
binom	1	0	0.1	0.16700
binom	1	0.1	0.1	0.16900
binom	1	0.2	0.1	0.15700
binom	1	0.3	0.1	0.17900
binom	1	0.4	0.1	0.18900
binom	1	0.5	0.1	0.16900
binom	1	0.6	0.1	0.18100
binom	1	0.7	0.1	0.19700
binom	1	0.8	0.1	0.18800
binom	1	0.9	0.1	0.20500
binom	1	0	0.2	0.28400
binom	1	0.1	0.2	0.29300
binom	1	0.2	0.2	0.25300
binom	1	0.3	0.2	0.25000
binom	1	0.4	0.2	0.22600
binom	1	0.5	0.2	0.23600
binom	1	0.6	0.2	0.23700
binom	1	0.7	0.2	0.24800
binom	1	0.8	0.2	0.22000
binom	1	0.9	0.2	0.23200
