binom	1	0	0	0.00800
binom	1	0.1	0	0.04400
binom	1	0.2	0	0.07800
binom	1	0.3	0	0.11500
binom	1	0.4	0	0.11100
binom	1	0.5	0	0.14400
binom	1	0.6	0	0.15000
binom	1	0.7	0	0.16200
binom	1	0.8	0	0.15100
binom	1	0.9	0	0.14300
binom	1	0	0.05	0.08100
binom	1	0.1	0.05	0.09100
binom	1	0.2	0.05	0.10600
binom	1	0.3	0.05	0.15200
binom	1	0.4	0.05	0.14500
binom	1	0.5	0.05	0.14600
binom	1	0.6	0.05	0.16900
binom	1	0.7	0.05	0.18600
binom	1	0.8	0.05	0.18100
binom	1	0.9	0.05	0.15600
binom	1	0	0.1	0.17000
binom	1	0.1	0.1	0.15400
binom	1	0.2	0.1	0.13200
binom	1	0.3	0.1	0.17500
binom	1	0.4	0.1	0.20200
binom	1	0.5	0.1	0.19400
binom	1	0.6	0.1	0.19500
binom	1	0.7	0.1	0.20200
binom	1	0.8	0.1	0.19200
binom	1	0.9	0.1	0.19300
binom	1	0	0.2	0.30600
binom	1	0.1	0.2	0.29800
binom	1	0.2	0.2	0.28300
binom	1	0.3	0.2	0.24800
binom	1	0.4	0.2	0.25900
binom	1	0.5	0.2	0.24500
binom	1	0.6	0.2	0.21400
binom	1	0.7	0.2	0.24000
binom	1	0.8	0.2	0.23900
binom	1	0.9	0.2	0.20500
