binom	1	0	0	0.00800
binom	1	0.1	0	0.04300
binom	1	0.2	0	0.06600
binom	1	0.3	0	0.10800
binom	1	0.4	0	0.12700
binom	1	0.5	0	0.15800
binom	1	0.6	0	0.13200
binom	1	0.7	0	0.15400
binom	1	0.8	0	0.15400
binom	1	0.9	0	0.11200
binom	1	0	0.05	0.09300
binom	1	0.1	0.05	0.10500
binom	1	0.2	0.05	0.10100
binom	1	0.3	0.05	0.12700
binom	1	0.4	0.05	0.14000
binom	1	0.5	0.05	0.15900
binom	1	0.6	0.05	0.18300
binom	1	0.7	0.05	0.17600
binom	1	0.8	0.05	0.18400
binom	1	0.9	0.05	0.16600
binom	1	0	0.1	0.17200
binom	1	0.1	0.1	0.19300
binom	1	0.2	0.1	0.14100
binom	1	0.3	0.1	0.17700
binom	1	0.4	0.1	0.16500
binom	1	0.5	0.1	0.18800
binom	1	0.6	0.1	0.21400
binom	1	0.7	0.1	0.18900
binom	1	0.8	0.1	0.17900
binom	1	0.9	0.1	0.17500
binom	1	0	0.2	0.32300
binom	1	0.1	0.2	0.29000
binom	1	0.2	0.2	0.26700
binom	1	0.3	0.2	0.26200
binom	1	0.4	0.2	0.24100
binom	1	0.5	0.2	0.23500
binom	1	0.6	0.2	0.21900
binom	1	0.7	0.2	0.20600
binom	1	0.8	0.2	0.22900
binom	1	0.9	0.2	0.20700
