binom	1	0	0	0.01300
binom	1	0.1	0	0.05300
binom	1	0.2	0	0.08300
binom	1	0.3	0	0.08900
binom	1	0.4	0	0.13200
binom	1	0.5	0	0.13700
binom	1	0.6	0	0.17600
binom	1	0.7	0	0.13300
binom	1	0.8	0	0.13600
binom	1	0.9	0	0.14700
binom	1	0	0.05	0.09200
binom	1	0.1	0.05	0.09500
binom	1	0.2	0.05	0.13200
binom	1	0.3	0.05	0.12700
binom	1	0.4	0.05	0.16600
binom	1	0.5	0.05	0.17400
binom	1	0.6	0.05	0.16200
binom	1	0.7	0.05	0.19300
binom	1	0.8	0.05	0.18400
binom	1	0.9	0.05	0.15500
binom	1	0	0.1	0.17200
binom	1	0.1	0.1	0.13100
binom	1	0.2	0.1	0.15500
binom	1	0.3	0.1	0.15500
binom	1	0.4	0.1	0.16800
binom	1	0.5	0.1	0.19400
binom	1	0.6	0.1	0.18400
binom	1	0.7	0.1	0.19900
binom	1	0.8	0.1	0.18800
binom	1	0.9	0.1	0.16400
binom	1	0	0.2	0.31300
binom	1	0.1	0.2	0.31700
binom	1	0.2	0.2	0.28100
binom	1	0.3	0.2	0.26300
binom	1	0.4	0.2	0.23000
binom	1	0.5	0.2	0.22700
binom	1	0.6	0.2	0.21600
binom	1	0.7	0.2	0.22400
binom	1	0.8	0.2	0.21700
binom	1	0.9	0.2	0.22900
