binom	1	0	0	0.00400
binom	1	0.1	0	0.04200
binom	1	0.2	0	0.08100
binom	1	0.3	0	0.11100
binom	1	0.4	0	0.12600
binom	1	0.5	0	0.13600
binom	1	0.6	0	0.15300
binom	1	0.7	0	0.14600
binom	1	0.8	0	0.15000
binom	1	0.9	0	0.13100
binom	1	0	0.05	0.10200
binom	1	0.1	0.05	0.08500
binom	1	0.2	0.05	0.11700
binom	1	0.3	0.05	0.15200
binom	1	0.4	0.05	0.15000
binom	1	0.5	0.05	0.15500
binom	1	0.6	0.05	0.16100
binom	1	0.7	0.05	0.17100
binom	1	0.8	0.05	0.16100
binom	1	0.9	0.05	0.13700
binom	1	0	0.1	0.15200
binom	1	0.1	0.1	0.15300
binom	1	0.2	0.1	0.14300
binom	1	0.3	0.1	0.17500
binom	1	0.4	0.1	0.16900
binom	1	0.5	0.1	0.19400
binom	1	0.6	0.1	0.19300
binom	1	0.7	0.1	0.19900
binom	1	0.8	0.1	0.18200
binom	1	0.9	0.1	0.15500
binom	1	0	0.2	0.32000
binom	1	0.1	0.2	0.31700
binom	1	0.2	0.2	0.30700
binom	1	0.3	0.2	0.25900
binom	1	0.4	0.2	0.21000
binom	1	0.5	0.2	0.22400
binom	1	0.6	0.2	0.22600
binom	1	0.7	0.2	0.21400
binom	1	0.8	0.2	0.22200
binom	1	0.9	0.2	0.20400
