binom	1	0	0	0.00700
binom	1	0.1	0	0.04000
binom	1	0.2	0	0.09200
binom	1	0.3	0	0.08800
binom	1	0.4	0	0.11600
binom	1	0.5	0	0.15300
binom	1	0.6	0	0.14100
binom	1	0.7	0	0.14100
binom	1	0.8	0	0.14500
binom	1	0.9	0	0.14100
binom	1	0	0.05	0.08500
binom	1	0.1	0.05	0.07700
binom	1	0.2	0.05	0.12500
binom	1	0.3	0.05	0.14900
binom	1	0.4	0.05	0.15400
binom	1	0.5	0.05	0.14600
binom	1	0.6	0.05	0.16400
binom	1	0.7	0.05	0.18400
binom	1	0.8	0.05	0.15900
binom	1	0.9	0.05	0.16600
binom	1	0	0.1	0.17500
binom	1	0.1	0.1	0.16900
binom	1	0.2	0.1	0.13800
binom	1	0.3	0.1	0.15500
binom	1	0.4	0.1	0.16500
binom	1	0.5	0.1	0.18900
binom	1	0.6	0.1	0.20600
binom	1	0.7	0.1	0.17600
binom	1	0.8	0.1	0.18600
binom	1	0.9	0.1	0.17800
binom	1	0	0.2	0.29300
binom	1	0.1	0.2	0.31300
binom	1	0.2	0.2	0.25400
binom	1	0.3	0.2	0.24100
binom	1	0.4	0.2	0.21700
binom	1	0.5	0.2	0.22200
binom	1	0.6	0.2	0.20100
binom	1	0.7	0.2	0.23300
binom	1	0.8	0.2	0.25000
binom	1	0.9	0.2	0.21500
