binom	1	0	0	0.01200
binom	1	0.1	0	0.04600
binom	1	0.2	0	0.06000
binom	1	0.3	0	0.10900
binom	1	0.4	0	0.11600
binom	1	0.5	0	0.12600
binom	1	0.6	0	0.16700
binom	1	0.7	0	0.15800
binom	1	0.8	0	0.14600
binom	1	0.9	0	0.13000
binom	1	0	0.05	0.09200
binom	1	0.1	0.05	0.08800
binom	1	0.2	0.05	0.09400
binom	1	0.3	0.05	0.13200
binom	1	0.4	0.05	0.16800
binom	1	0.5	0.05	0.16900
binom	1	0.6	0.05	0.16000
binom	1	0.7	0.05	0.16600
binom	1	0.8	0.05	0.15800
binom	1	0.9	0.05	0.14600
binom	1	0	0.1	0.16800
binom	1	0.1	0.1	0.17500
binom	1	0.2	0.1	0.15400
binom	1	0.3	0.1	0.14100
binom	1	0.4	0.1	0.17800
binom	1	0.5	0.1	0.22000
binom	1	0.6	0.1	0.20000
binom	1	0.7	0.1	0.19200
binom	1	0.8	0.1	0.19400
binom	1	0.9	0.1	0.20300
binom	1	0	0.2	0.30500
binom	1	0.1	0.2	0.28400
binom	1	0.2	0.2	0.27700
binom	1	0.3	0.2	0.23600
binom	1	0.4	0.2	0.22500
binom	1	0.5	0.2	0.20400
binom	1	0.6	0.2	0.22200
binom	1	0.7	0.2	0.23300
binom	1	0.8	0.2	0.21700
binom	1	0.9	0.2	0.24100
