binom	1	0	0	0.00400
binom	1	0.1	0	0.03600
binom	1	0.2	0	0.09000
binom	1	0.3	0	0.09300
binom	1	0.4	0	0.12900
binom	1	0.5	0	0.12900
binom	1	0.6	0	0.14900
binom	1	0.7	0	0.12300
binom	1	0.8	0	0.13400
binom	1	0.9	0	0.13200
binom	1	0	0.05	0.09600
binom	1	0.1	0.05	0.09000
binom	1	0.2	0.05	0.12600
binom	1	0.3	0.05	0.14800
binom	1	0.4	0.05	0.15100
binom	1	0.5	0.05	0.15600
binom	1	0.6	0.05	0.16700
binom	1	0.7	0.05	0.17400
binom	1	0.8	0.05	0.15300
binom	1	0.9	0.05	0.16200
binom	1	0	0.1	0.19300
binom	1	0.1	0.1	0.15200
binom	1	0.2	0.1	0.16100
binom	1	0.3	0.1	0.16500
binom	1	0.4	0.1	0.19600
binom	1	0.5	0.1	0.19100
binom	1	0.6	0.1	0.19100
binom	1	0.7	0.1	0.16300
binom	1	0.8	0.1	0.17700
binom	1	0.9	0.1	0.19200
binom	1	0	0.2	0.29900
binom	1	0.1	0.2	0.30300
binom	1	0.2	0.2	0.27600
binom	1	0.3	0.2	0.24400
binom	1	0.4	0.2	0.23500
binom	1	0.5	0.2	0.21400
binom	1	0.6	0.2	0.24200
binom	1	0.7	0.2	0.21500
binom	1	0.8	0.2	0.22600
binom	1	0.9	0.2	0.21300
