binom	1	0	0	0.00700
binom	1	0.1	0	0.05100
binom	1	0.2	0	0.09900
binom	1	0.3	0	0.09500
binom	1	0.4	0	0.13700
binom	1	0.5	0	0.13300
binom	1	0.6	0	0.13300
binom	1	0.7	0	0.14700
binom	1	0.8	0	0.14700
binom	1	0.9	0	0.13300
binom	1	0	0.05	0.08200
binom	1	0.1	0.05	0.08300
binom	1	0.2	0.05	0.10600
binom	1	0.3	0.05	0.13300
binom	1	0.4	0.05	0.15600
binom	1	0.5	0.05	0.17000
binom	1	0.6	0.05	0.17300
binom	1	0.7	0.05	0.15900
binom	1	0.8	0.05	0.17700
binom	1	0.9	0.05	0.14500
binom	1	0	0.1	0.17800
binom	1	0.1	0.1	0.15300
binom	1	0.2	0.1	0.14100
binom	1	0.3	0.1	0.16500
binom	1	0.4	0.1	0.18500
binom	1	0.5	0.1	0.17400
binom	1	0.6	0.1	0.20600
binom	1	0.7	0.1	0.20000
binom	1	0.8	0.1	0.17100
binom	1	0.9	0.1	0.18100
binom	1	0	0.2	0.29300
binom	1	0.1	0.2	0.30400
binom	1	0.2	0.2	0.28500
binom	1	0.3	0.2	0.22900
binom	1	0.4	0.2	0.22400
binom	1	0.5	0.2	0.20600
binom	1	0.6	0.2	0.24900
binom	1	0.7	0.2	0.21300
binom	1	0.8	0.2	0.23500
binom	1	0.9	0.2	0.22500
