binom	1	0	0	0.01200
binom	1	0.1	0	0.05300
binom	1	0.2	0	0.07900
binom	1	0.3	0	0.11200
binom	1	0.4	0	0.11400
binom	1	0.5	0	0.14000
binom	1	0.6	0	0.15100
binom	1	0.7	0	0.15300
binom	1	0.8	0	0.14100
binom	1	0.9	0	0.11600
binom	1	0	0.05	0.09300
binom	1	0.1	0.05	0.08600
binom	1	0.2	0.05	0.12400
binom	1	0.3	0.05	0.14300
binom	1	0.4	0.05	0.17000
binom	1	0.5	0.05	0.15700
binom	1	0.6	0.05	0.15900
binom	1	0.7	0.05	0.15400
binom	1	0.8	0.05	0.16200
binom	1	0.9	0.05	0.14900
binom	1	0	0.1	0.15800
binom	1	0.1	0.1	0.16300
binom	1	0.2	0.1	0.14600
binom	1	0.3	0.1	0.15100
binom	1	0.4	0.1	0.18700
binom	1	0.5	0.1	0.19200
binom	1	0.6	0.1	0.17100
binom	1	0.7	0.1	0.19000
binom	1	0.8	0.1	0.18000
binom	1	0.9	0.1	0.16300
binom	1	0	0.2	0.32100
binom	1	0.1	0.2	0.33100
binom	1	0.2	0.2	0.29200
binom	1	0.3	0.2	0.25100
binom	1	0.4	0.2	0.23400
binom	1	0.5	0.2	0.22000
binom	1	0.6	0.2	0.23700
binom	1	0.7	0.2	0.25200
binom	1	0.8	0.2	0.23900
binom	1	0.9	0.2	0.20900
