binom	1	0	0	0.00800
binom	1	0.1	0	0.04000
binom	1	0.2	0	0.06500
binom	1	0.3	0	0.11000
binom	1	0.4	0	0.11400
binom	1	0.5	0	0.13400
binom	1	0.6	0	0.13500
binom	1	0.7	0	0.12900
binom	1	0.8	0	0.15100
binom	1	0.9	0	0.11900
binom	1	0	0.05	0.07900
binom	1	0.1	0.05	0.08200
binom	1	0.2	0.05	0.10800
binom	1	0.3	0.05	0.12300
binom	1	0.4	0.05	0.13200
binom	1	0.5	0.05	0.14700
binom	1	0.6	0.05	0.15700
binom	1	0.7	0.05	0.17300
binom	1	0.8	0.05	0.17500
binom	1	0.9	0.05	0.13600
binom	1	0	0.1	0.15400
binom	1	0.1	0.1	0.17600
binom	1	0.2	0.1	0.12700
binom	1	0.3	0.1	0.18400
binom	1	0.4	0.1	0.17300
binom	1	0.5	0.1	0.19400
binom	1	0.6	0.1	0.15300
binom	1	0.7	0.1	0.21300
binom	1	0.8	0.1	0.19600
binom	1	0.9	0.1	0.18500
binom	1	0	0.2	0.28600
binom	1	0.1	0.2	0.29700
binom	1	0.2	0.2	0.26200
binom	1	0.3	0.2	0.23200
binom	1	0.4	0.2	0.22100
binom	1	0.5	0.2	0.22300
binom	1	0.6	0.2	0.23000
binom	1	0.7	0.2	0.24500
binom	1	0.8	0.2	0.22800
binom	1	0.9	0.2	0.21900
