binom	1	0	0	0.01200
binom	1	0.1	0	0.05200
binom	1	0.2	0	0.09800
binom	1	0.3	0	0.12500
binom	1	0.4	0	0.11200
binom	1	0.5	0	0.12200
binom	1	0.6	0	0.12700
binom	1	0.7	0	0.14800
binom	1	0.8	0	0.14600
binom	1	0.9	0	0.13000
binom	1	0	0.05	0.09300
binom	1	0.1	0.05	0.08000
binom	1	0.2	0.05	0.12500
binom	1	0.3	0.05	0.13000
binom	1	0.4	0.05	0.14900
binom	1	0.5	0.05	0.15600
binom	1	0.6	0.05	0.17500
binom	1	0.7	0.05	0.18100
binom	1	0.8	0.05	0.17600
binom	1	0.9	0.05	0.15500
binom	1	0	0.1	0.15400
binom	1	0.1	0.1	0.15600
binom	1	0.2	0.1	0.15400
binom	1	0.3	0.1	0.16600
binom	1	0.4	0.1	0.17700
binom	1	0.5	0.1	0.18800
binom	1	0.6	0.1	0.20700
binom	1	0.7	0.1	0.17000
binom	1	0.8	0.1	0.20100
binom	1	0.9	0.1	0.18700
binom	1	0	0.2	0.32900
binom	1	0.1	0.2	0.28400
binom	1	0.2	0.2	0.26700
binom	1	0.3	0.2	0.23600
binom	1	0.4	0.2	0.23400
binom	1	0.5	0.2	0.23200
binom	1	0.6	0.2	0.21600
binom	1	0.7	0.2	0.22700
binom	1	0.8	0.2	0.22200
binom	1	0.9	0.2	0.21700
