binom	1	0	0	0.01100
binom	1	0.1	0	0.04600
binom	1	0.2	0	0.07700
binom	1	0.3	0	0.11900
binom	1	0.4	0	0.10400
binom	1	0.5	0	0.12900
binom	1	0.6	0	0.13500
binom	1	0.7	0	0.12900
binom	1	0.8	0	0.15000
binom	1	0.9	0	0.15100
binom	1	0	0.05	0.10600
binom	1	0.1	0.05	0.09600
binom	1	0.2	0.05	0.11100
binom	1	0.3	0.05	0.14100
binom	1	0.4	0.05	0.16900
binom	1	0.5	0.05	0.16300
binom	1	0.6	0.05	0.18400
binom	1	0.7	0.05	0.16800
binom	1	0.8	0.05	0.17400
binom	1	0.9	0.05	0.14100
binom	1	0	0.1	0.16400
binom	1	0.1	0.1	0.15900
binom	1	0.2	0.1	0.15300
binom	1	0.3	0.1	0.16600
binom	1	0.4	0.1	0.18700
binom	1	0.5	0.1	0.20200
binom	1	0.6	0.1	0.18500
binom	1	0.7	0.1	0.18900
binom	1	0.8	0.1	0.20600
binom	1	0.9	0.1	0.18000
binom	1	0	0.2	0.28500
binom	1	0.1	0.2	0.28000
binom	1	0.2	0.2	0.27100
binom	1	0.3	0.2	0.26800
binom	1	0.4	0.2	0.21800
binom	1	0.5	0.2	0.22400
binom	1	0.6	0.2	0.23000
binom	1	0.7	0.2	0.23300
binom	1	0.8	0.2	0.22900
binom	1	0.9	0.2	0.20200
