binom	1	0	0	0.01200
binom	1	0.1	0	0.04000
binom	1	0.2	0	0.07800
binom	1	0.3	0	0.09900
binom	1	0.4	0	0.14400
binom	1	0.5	0	0.12800
binom	1	0.6	0	0.13600
binom	1	0.7	0	0.12700
binom	1	0.8	0	0.14100
binom	1	0.9	0	0.14700
binom	1	0	0.05	0.10600
binom	1	0.1	0.05	0.07100
binom	1	0.2	0.05	0.12400
binom	1	0.3	0.05	0.12800
binom	1	0.4	0.05	0.14900
binom	1	0.5	0.05	0.16300
binom	1	0.6	0.05	0.14600
binom	1	0.7	0.05	0.16600
binom	1	0.8	0.05	0.17800
binom	1	0.9	0.05	0.16000
binom	1	0	0.1	0.16400
binom	1	0.1	0.1	0.19000
binom	1	0.2	0.1	0.16100
binom	1	0.3	0.1	0.15700
binom	1	0.4	0.1	0.19800
binom	1	0.5	0.1	0.17900
binom	1	0.6	0.1	0.18800
binom	1	0.7	0.1	0.21100
binom	1	0.8	0.1	0.18800
binom	1	0.9	0.1	0.16700
binom	1	0	0.2	0.29800
binom	1	0.1	0.2	0.31600
binom	1	0.2	0.2	0.27400
binom	1	0.3	0.2	0.24200
binom	1	0.4	0.2	0.21300
binom	1	0.5	0.2	0.21600
binom	1	0.6	0.2	0.22200
binom	1	0.7	0.2	0.25800
binom	1	0.8	0.2	0.23800
binom	1	0.9	0.2	0.21000
