binom	0.02240
binom	0.02020
binom	0.02080
binom	0.02380
binom	0.02720
binom	0.02500
binom	0.02420
binom	0.02320
binom	0.01840
binom	0.02180
binom	0.02100
binom	0.02080
binom	0.01780
binom	0.02220
binom	0.02340
binom	0.02020
binom	0.02240
binom	0.02220
binom	0.02220
binom	0.02220
binom	0.01960
binom	0.01540
binom	0.01620
binom	0.02020
binom	0.02300
binom	0.01800
binom	0.01920
binom	0.02240
binom	0.02220
binom	0.02200
binom	0.01800
binom	0.02120
binom	0.01840
binom	0.02180
binom	0.02180
binom	0.01740
binom	0.01680
binom	0.01660
binom	0.01600
binom	0.01800
binom	0.01760
binom	0.01560
binom	0.01580
binom	0.01600
binom	0.01740
binom	0.01600
binom	0.01800
binom	0.01120
binom	0.01720
binom	0.01440
binom	0.01480
