binom	1	0	0	0.01400
binom	1	0.1	0	0.05000
binom	1	0.2	0	0.08800
binom	1	0.3	0	0.10300
binom	1	0.4	0	0.11700
binom	1	0.5	0	0.15300
binom	1	0.6	0	0.13600
binom	1	0.7	0	0.14700
binom	1	0.8	0	0.13600
binom	1	0.9	0	0.12200
binom	1	0	0.05	0.10100
binom	1	0.1	0.05	0.07800
binom	1	0.2	0.05	0.12800
binom	1	0.3	0.05	0.13000
binom	1	0.4	0.05	0.13500
binom	1	0.5	0.05	0.15300
binom	1	0.6	0.05	0.15900
binom	1	0.7	0.05	0.18200
binom	1	0.8	0.05	0.18400
binom	1	0.9	0.05	0.15600
binom	1	0	0.1	0.17100
binom	1	0.1	0.1	0.16700
binom	1	0.2	0.1	0.15200
binom	1	0.3	0.1	0.16000
binom	1	0.4	0.1	0.17600
binom	1	0.5	0.1	0.19400
binom	1	0.6	0.1	0.22700
binom	1	0.7	0.1	0.16300
binom	1	0.8	0.1	0.17000
binom	1	0.9	0.1	0.18900
binom	1	0	0.2	0.30900
binom	1	0.1	0.2	0.27200
binom	1	0.2	0.2	0.27000
binom	1	0.3	0.2	0.23300
binom	1	0.4	0.2	0.21300
binom	1	0.5	0.2	0.23200
binom	1	0.6	0.2	0.25400
binom	1	0.7	0.2	0.24200
binom	1	0.8	0.2	0.22700
binom	1	0.9	0.2	0.21200
