binom	1	0	0	0.01100
binom	1	0.1	0	0.05700
binom	1	0.2	0	0.08300
binom	1	0.3	0	0.11100
binom	1	0.4	0	0.14500
binom	1	0.5	0	0.14300
binom	1	0.6	0	0.14000
binom	1	0.7	0	0.15300
binom	1	0.8	0	0.12400
binom	1	0.9	0	0.13000
binom	1	0	0.05	0.09900
binom	1	0.1	0.05	0.08700
binom	1	0.2	0.05	0.11100
binom	1	0.3	0.05	0.12400
binom	1	0.4	0.05	0.17700
binom	1	0.5	0.05	0.15200
binom	1	0.6	0.05	0.14200
binom	1	0.7	0.05	0.17700
binom	1	0.8	0.05	0.18500
binom	1	0.9	0.05	0.14700
binom	1	0	0.1	0.17200
binom	1	0.1	0.1	0.16200
binom	1	0.2	0.1	0.16200
binom	1	0.3	0.1	0.15900
binom	1	0.4	0.1	0.17000
binom	1	0.5	0.1	0.18100
binom	1	0.6	0.1	0.19400
binom	1	0.7	0.1	0.19800
binom	1	0.8	0.1	0.20100
binom	1	0.9	0.1	0.18000
binom	1	0	0.2	0.29800
binom	1	0.1	0.2	0.29000
binom	1	0.2	0.2	0.26400
binom	1	0.3	0.2	0.24000
binom	1	0.4	0.2	0.22700
binom	1	0.5	0.2	0.25900
binom	1	0.6	0.2	0.21600
binom	1	0.7	0.2	0.23200
binom	1	0.8	0.2	0.22300
binom	1	0.9	0.2	0.21800
