binom	1	0	0	0.00900
binom	1	0.1	0	0.04300
binom	1	0.2	0	0.06900
binom	1	0.3	0	0.11000
binom	1	0.4	0	0.12000
binom	1	0.5	0	0.13800
binom	1	0.6	0	0.14000
binom	1	0.7	0	0.14700
binom	1	0.8	0	0.13300
binom	1	0.9	0	0.12200
binom	1	0	0.05	0.09300
binom	1	0.1	0.05	0.08000
binom	1	0.2	0.05	0.12700
binom	1	0.3	0.05	0.14700
binom	1	0.4	0.05	0.16600
binom	1	0.5	0.05	0.18200
binom	1	0.6	0.05	0.16000
binom	1	0.7	0.05	0.16700
binom	1	0.8	0.05	0.15500
binom	1	0.9	0.05	0.16100
binom	1	0	0.1	0.16900
binom	1	0.1	0.1	0.14600
binom	1	0.2	0.1	0.14400
binom	1	0.3	0.1	0.14800
binom	1	0.4	0.1	0.17200
binom	1	0.5	0.1	0.19000
binom	1	0.6	0.1	0.20900
binom	1	0.7	0.1	0.17600
binom	1	0.8	0.1	0.16800
binom	1	0.9	0.1	0.16300
binom	1	0	0.2	0.31100
binom	1	0.1	0.2	0.25800
binom	1	0.2	0.2	0.26700
binom	1	0.3	0.2	0.23600
binom	1	0.4	0.2	0.21800
binom	1	0.5	0.2	0.24700
binom	1	0.6	0.2	0.24100
binom	1	0.7	0.2	0.22200
binom	1	0.8	0.2	0.22900
binom	1	0.9	0.2	0.20800
