binom	1	0	0	0.00800
binom	1	0.1	0	0.04100
binom	1	0.2	0	0.09100
binom	1	0.3	0	0.09900
binom	1	0.4	0	0.12700
binom	1	0.5	0	0.13800
binom	1	0.6	0	0.14400
binom	1	0.7	0	0.13500
binom	1	0.8	0	0.13200
binom	1	0.9	0	0.13800
binom	1	0	0.05	0.07500
binom	1	0.1	0.05	0.09100
binom	1	0.2	0.05	0.11100
binom	1	0.3	0.05	0.11900
binom	1	0.4	0.05	0.15400
binom	1	0.5	0.05	0.15900
binom	1	0.6	0.05	0.17300
binom	1	0.7	0.05	0.20000
binom	1	0.8	0.05	0.14900
binom	1	0.9	0.05	0.15000
binom	1	0	0.1	0.16600
binom	1	0.1	0.1	0.13800
binom	1	0.2	0.1	0.13000
binom	1	0.3	0.1	0.16300
binom	1	0.4	0.1	0.15900
binom	1	0.5	0.1	0.18500
binom	1	0.6	0.1	0.19000
binom	1	0.7	0.1	0.19800
binom	1	0.8	0.1	0.17700
binom	1	0.9	0.1	0.16700
binom	1	0	0.2	0.28600
binom	1	0.1	0.2	0.30700
binom	1	0.2	0.2	0.27100
binom	1	0.3	0.2	0.25000
binom	1	0.4	0.2	0.22000
binom	1	0.5	0.2	0.25000
binom	1	0.6	0.2	0.23200
binom	1	0.7	0.2	0.23300
binom	1	0.8	0.2	0.21200
binom	1	0.9	0.2	0.22300
