binom	1	0	0	0.01300
binom	1	0.1	0	0.03800
binom	1	0.2	0	0.08400
binom	1	0.3	0	0.09300
binom	1	0.4	0	0.12100
binom	1	0.5	0	0.14500
binom	1	0.6	0	0.15200
binom	1	0.7	0	0.15800
binom	1	0.8	0	0.15500
binom	1	0.9	0	0.15000
binom	1	0	0.05	0.08900
binom	1	0.1	0.05	0.07600
binom	1	0.2	0.05	0.11100
binom	1	0.3	0.05	0.12000
binom	1	0.4	0.05	0.15200
binom	1	0.5	0.05	0.17000
binom	1	0.6	0.05	0.15500
binom	1	0.7	0.05	0.16500
binom	1	0.8	0.05	0.16000
binom	1	0.9	0.05	0.15300
binom	1	0	0.1	0.16600
binom	1	0.1	0.1	0.19200
binom	1	0.2	0.1	0.12400
binom	1	0.3	0.1	0.15500
binom	1	0.4	0.1	0.16800
binom	1	0.5	0.1	0.20300
binom	1	0.6	0.1	0.19200
binom	1	0.7	0.1	0.20300
binom	1	0.8	0.1	0.17000
binom	1	0.9	0.1	0.16800
binom	1	0	0.2	0.30000
binom	1	0.1	0.2	0.29000
binom	1	0.2	0.2	0.26200
binom	1	0.3	0.2	0.23300
binom	1	0.4	0.2	0.23900
binom	1	0.5	0.2	0.23800
binom	1	0.6	0.2	0.24600
binom	1	0.7	0.2	0.23700
binom	1	0.8	0.2	0.22000
binom	1	0.9	0.2	0.20300
