binom	1	0	0	0.00800
binom	1	0.1	0	0.03900
binom	1	0.2	0	0.07400
binom	1	0.3	0	0.09200
binom	1	0.4	0	0.13600
binom	1	0.5	0	0.13600
binom	1	0.6	0	0.15800
binom	1	0.7	0	0.13700
binom	1	0.8	0	0.14400
binom	1	0.9	0	0.14700
binom	1	0	0.05	0.10200
binom	1	0.1	0.05	0.08500
binom	1	0.2	0.05	0.10600
binom	1	0.3	0.05	0.14000
binom	1	0.4	0.05	0.15400
binom	1	0.5	0.05	0.16100
binom	1	0.6	0.05	0.17000
binom	1	0.7	0.05	0.19400
binom	1	0.8	0.05	0.16600
binom	1	0.9	0.05	0.16800
binom	1	0	0.1	0.17200
binom	1	0.1	0.1	0.18000
binom	1	0.2	0.1	0.15400
binom	1	0.3	0.1	0.15800
binom	1	0.4	0.1	0.18700
binom	1	0.5	0.1	0.17900
binom	1	0.6	0.1	0.19800
binom	1	0.7	0.1	0.18200
binom	1	0.8	0.1	0.18300
binom	1	0.9	0.1	0.19200
binom	1	0	0.2	0.29400
binom	1	0.1	0.2	0.29600
binom	1	0.2	0.2	0.26500
binom	1	0.3	0.2	0.24100
binom	1	0.4	0.2	0.23500
binom	1	0.5	0.2	0.21300
binom	1	0.6	0.2	0.22400
binom	1	0.7	0.2	0.24900
binom	1	0.8	0.2	0.25000
binom	1	0.9	0.2	0.22300
