binom	1	0	0	0.01400
binom	1	0.1	0	0.04100
binom	1	0.2	0	0.08800
binom	1	0.3	0	0.09800
binom	1	0.4	0	0.12600
binom	1	0.5	0	0.14900
binom	1	0.6	0	0.13800
binom	1	0.7	0	0.15000
binom	1	0.8	0	0.15300
binom	1	0.9	0	0.14400
binom	1	0	0.05	0.09700
binom	1	0.1	0.05	0.07900
binom	1	0.2	0.05	0.11100
binom	1	0.3	0.05	0.14400
binom	1	0.4	0.05	0.15900
binom	1	0.5	0.05	0.14300
binom	1	0.6	0.05	0.19300
binom	1	0.7	0.05	0.14400
binom	1	0.8	0.05	0.16700
binom	1	0.9	0.05	0.15800
binom	1	0	0.1	0.17400
binom	1	0.1	0.1	0.19500
binom	1	0.2	0.1	0.14900
binom	1	0.3	0.1	0.17300
binom	1	0.4	0.1	0.17200
binom	1	0.5	0.1	0.18800
binom	1	0.6	0.1	0.21400
binom	1	0.7	0.1	0.18400
binom	1	0.8	0.1	0.18200
binom	1	0.9	0.1	0.18200
binom	1	0	0.2	0.32600
binom	1	0.1	0.2	0.28100
binom	1	0.2	0.2	0.26200
binom	1	0.3	0.2	0.24700
binom	1	0.4	0.2	0.21400
binom	1	0.5	0.2	0.23200
binom	1	0.6	0.2	0.22700
binom	1	0.7	0.2	0.23200
binom	1	0.8	0.2	0.22800
binom	1	0.9	0.2	0.23900
