binom	1	0	0	0.00900
binom	1	0.1	0	0.05100
binom	1	0.2	0	0.05900
binom	1	0.3	0	0.09800
binom	1	0.4	0	0.12200
binom	1	0.5	0	0.14600
binom	1	0.6	0	0.13600
binom	1	0.7	0	0.13000
binom	1	0.8	0	0.16700
binom	1	0.9	0	0.12800
binom	1	0	0.05	0.09900
binom	1	0.1	0.05	0.08300
binom	1	0.2	0.05	0.11400
binom	1	0.3	0.05	0.13100
binom	1	0.4	0.05	0.15800
binom	1	0.5	0.05	0.15800
binom	1	0.6	0.05	0.16000
binom	1	0.7	0.05	0.16500
binom	1	0.8	0.05	0.17600
binom	1	0.9	0.05	0.17900
binom	1	0	0.1	0.19000
binom	1	0.1	0.1	0.16200
binom	1	0.2	0.1	0.15600
binom	1	0.3	0.1	0.16000
binom	1	0.4	0.1	0.17500
binom	1	0.5	0.1	0.17600
binom	1	0.6	0.1	0.19400
binom	1	0.7	0.1	0.18400
binom	1	0.8	0.1	0.18400
binom	1	0.9	0.1	0.15700
binom	1	0	0.2	0.30100
binom	1	0.1	0.2	0.27300
binom	1	0.2	0.2	0.28200
binom	1	0.3	0.2	0.22900
binom	1	0.4	0.2	0.19200
binom	1	0.5	0.2	0.21800
binom	1	0.6	0.2	0.23400
binom	1	0.7	0.2	0.20700
binom	1	0.8	0.2	0.22200
binom	1	0.9	0.2	0.25100
