binom	1	0	0	0.00800
binom	1	0.1	0	0.03500
binom	1	0.2	0	0.07700
binom	1	0.3	0	0.12500
binom	1	0.4	0	0.11100
binom	1	0.5	0	0.14400
binom	1	0.6	0	0.15400
binom	1	0.7	0	0.13500
binom	1	0.8	0	0.12400
binom	1	0.9	0	0.12900
binom	1	0	0.05	0.09800
binom	1	0.1	0.05	0.09700
binom	1	0.2	0.05	0.10600
binom	1	0.3	0.05	0.15200
binom	1	0.4	0.05	0.15300
binom	1	0.5	0.05	0.16300
binom	1	0.6	0.05	0.18600
binom	1	0.7	0.05	0.15400
binom	1	0.8	0.05	0.16700
binom	1	0.9	0.05	0.16000
binom	1	0	0.1	0.18300
binom	1	0.1	0.1	0.16100
binom	1	0.2	0.1	0.15800
binom	1	0.3	0.1	0.17500
binom	1	0.4	0.1	0.19200
binom	1	0.5	0.1	0.19500
binom	1	0.6	0.1	0.18300
binom	1	0.7	0.1	0.20200
binom	1	0.8	0.1	0.20400
binom	1	0.9	0.1	0.17800
binom	1	0	0.2	0.32300
binom	1	0.1	0.2	0.27800
binom	1	0.2	0.2	0.29100
binom	1	0.3	0.2	0.25700
binom	1	0.4	0.2	0.21700
binom	1	0.5	0.2	0.23900
binom	1	0.6	0.2	0.25300
binom	1	0.7	0.2	0.23500
binom	1	0.8	0.2	0.21800
binom	1	0.9	0.2	0.21600
