binom	1	0	0	0.00700
binom	1	0.1	0	0.05100
binom	1	0.2	0	0.07900
binom	1	0.3	0	0.11000
binom	1	0.4	0	0.14100
binom	1	0.5	0	0.14300
binom	1	0.6	0	0.12800
binom	1	0.7	0	0.15000
binom	1	0.8	0	0.13900
binom	1	0.9	0	0.13200
binom	1	0	0.05	0.09100
binom	1	0.1	0.05	0.09500
binom	1	0.2	0.05	0.09700
binom	1	0.3	0.05	0.14100
binom	1	0.4	0.05	0.15400
binom	1	0.5	0.05	0.15700
binom	1	0.6	0.05	0.17900
binom	1	0.7	0.05	0.16700
binom	1	0.8	0.05	0.16100
binom	1	0.9	0.05	0.16100
binom	1	0	0.1	0.17400
binom	1	0.1	0.1	0.17500
binom	1	0.2	0.1	0.15400
binom	1	0.3	0.1	0.14900
binom	1	0.4	0.1	0.17800
binom	1	0.5	0.1	0.18200
binom	1	0.6	0.1	0.18000
binom	1	0.7	0.1	0.19700
binom	1	0.8	0.1	0.19800
binom	1	0.9	0.1	0.18300
binom	1	0	0.2	0.31600
binom	1	0.1	0.2	0.28700
binom	1	0.2	0.2	0.30500
binom	1	0.3	0.2	0.25000
binom	1	0.4	0.2	0.22000
binom	1	0.5	0.2	0.24800
binom	1	0.6	0.2	0.23500
binom	1	0.7	0.2	0.20900
binom	1	0.8	0.2	0.22800
binom	1	0.9	0.2	0.21200
