binom	1	0	0	0.01300
binom	1	0.1	0	0.04500
binom	1	0.2	0	0.09200
binom	1	0.3	0	0.11100
binom	1	0.4	0	0.12500
binom	1	0.5	0	0.13700
binom	1	0.6	0	0.12700
binom	1	0.7	0	0.16200
binom	1	0.8	0	0.13900
binom	1	0.9	0	0.13800
binom	1	0	0.05	0.09800
binom	1	0.1	0.05	0.09000
binom	1	0.2	0.05	0.11800
binom	1	0.3	0.05	0.14300
binom	1	0.4	0.05	0.14300
binom	1	0.5	0.05	0.15600
binom	1	0.6	0.05	0.15200
binom	1	0.7	0.05	0.17200
binom	1	0.8	0.05	0.17100
binom	1	0.9	0.05	0.15300
binom	1	0	0.1	0.15500
binom	1	0.1	0.1	0.15100
binom	1	0.2	0.1	0.15900
binom	1	0.3	0.1	0.16400
binom	1	0.4	0.1	0.18600
binom	1	0.5	0.1	0.20100
binom	1	0.6	0.1	0.18600
binom	1	0.7	0.1	0.19000
binom	1	0.8	0.1	0.18000
binom	1	0.9	0.1	0.16500
binom	1	0	0.2	0.30900
binom	1	0.1	0.2	0.27800
binom	1	0.2	0.2	0.26800
binom	1	0.3	0.2	0.25600
binom	1	0.4	0.2	0.22400
binom	1	0.5	0.2	0.23200
binom	1	0.6	0.2	0.22200
binom	1	0.7	0.2	0.22600
binom	1	0.8	0.2	0.23400
binom	1	0.9	0.2	0.20000
