binom	1	0	0	0.01200
binom	1	0.1	0	0.04300
binom	1	0.2	0	0.08200
binom	1	0.3	0	0.10200
binom	1	0.4	0	0.14000
binom	1	0.5	0	0.14900
binom	1	0.6	0	0.15800
binom	1	0.7	0	0.14000
binom	1	0.8	0	0.15800
binom	1	0.9	0	0.11700
binom	1	0	0.05	0.09100
binom	1	0.1	0.05	0.08700
binom	1	0.2	0.05	0.11700
binom	1	0.3	0.05	0.15900
binom	1	0.4	0.05	0.16700
binom	1	0.5	0.05	0.16400
binom	1	0.6	0.05	0.17600
binom	1	0.7	0.05	0.18500
binom	1	0.8	0.05	0.16800
binom	1	0.9	0.05	0.15900
binom	1	0	0.1	0.15800
binom	1	0.1	0.1	0.14800
binom	1	0.2	0.1	0.15800
binom	1	0.3	0.1	0.17500
binom	1	0.4	0.1	0.17700
binom	1	0.5	0.1	0.18800
binom	1	0.6	0.1	0.18900
binom	1	0.7	0.1	0.18200
binom	1	0.8	0.1	0.18200
binom	1	0.9	0.1	0.19200
binom	1	0	0.2	0.29000
binom	1	0.1	0.2	0.32100
binom	1	0.2	0.2	0.25000
binom	1	0.3	0.2	0.24200
binom	1	0.4	0.2	0.24200
binom	1	0.5	0.2	0.24400
binom	1	0.6	0.2	0.23500
binom	1	0.7	0.2	0.23400
binom	1	0.8	0.2	0.20900
binom	1	0.9	0.2	0.23000
