binom	1	0	0	0.01200
binom	1	0.1	0	0.05700
binom	1	0.2	0	0.08500
binom	1	0.3	0	0.08600
binom	1	0.4	0	0.11900
binom	1	0.5	0	0.14600
binom	1	0.6	0	0.11300
binom	1	0.7	0	0.16800
binom	1	0.8	0	0.15100
binom	1	0.9	0	0.13000
binom	1	0	0.05	0.08100
binom	1	0.1	0.05	0.08400
binom	1	0.2	0.05	0.10800
binom	1	0.3	0.05	0.14300
binom	1	0.4	0.05	0.17600
binom	1	0.5	0.05	0.16000
binom	1	0.6	0.05	0.17200
binom	1	0.7	0.05	0.17500
binom	1	0.8	0.05	0.17300
binom	1	0.9	0.05	0.15200
binom	1	0	0.1	0.14400
binom	1	0.1	0.1	0.15100
binom	1	0.2	0.1	0.15500
binom	1	0.3	0.1	0.15700
binom	1	0.4	0.1	0.16700
binom	1	0.5	0.1	0.19300
binom	1	0.6	0.1	0.18300
binom	1	0.7	0.1	0.19300
binom	1	0.8	0.1	0.19200
binom	1	0.9	0.1	0.16200
binom	1	0	0.2	0.29400
binom	1	0.1	0.2	0.28200
binom	1	0.2	0.2	0.28700
binom	1	0.3	0.2	0.24900
binom	1	0.4	0.2	0.22600
binom	1	0.5	0.2	0.24800
binom	1	0.6	0.2	0.22900
binom	1	0.7	0.2	0.22300
binom	1	0.8	0.2	0.23400
binom	1	0.9	0.2	0.20800
