binom	1	0	0	0.00200
binom	1	0.1	0	0.04400
binom	1	0.2	0	0.08200
binom	1	0.3	0	0.10500
binom	1	0.4	0	0.11000
binom	1	0.5	0	0.14400
binom	1	0.6	0	0.12500
binom	1	0.7	0	0.15200
binom	1	0.8	0	0.15600
binom	1	0.9	0	0.11100
binom	1	0	0.05	0.09200
binom	1	0.1	0.05	0.08100
binom	1	0.2	0.05	0.12300
binom	1	0.3	0.05	0.12400
binom	1	0.4	0.05	0.16300
binom	1	0.5	0.05	0.18500
binom	1	0.6	0.05	0.17000
binom	1	0.7	0.05	0.17400
binom	1	0.8	0.05	0.17600
binom	1	0.9	0.05	0.13900
binom	1	0	0.1	0.16000
binom	1	0.1	0.1	0.15800
binom	1	0.2	0.1	0.14100
binom	1	0.3	0.1	0.16400
binom	1	0.4	0.1	0.19100
binom	1	0.5	0.1	0.19000
binom	1	0.6	0.1	0.18500
binom	1	0.7	0.1	0.17500
binom	1	0.8	0.1	0.20600
binom	1	0.9	0.1	0.16300
binom	1	0	0.2	0.28300
binom	1	0.1	0.2	0.30300
binom	1	0.2	0.2	0.26300
binom	1	0.3	0.2	0.23600
binom	1	0.4	0.2	0.20100
binom	1	0.5	0.2	0.22600
binom	1	0.6	0.2	0.23000
binom	1	0.7	0.2	0.24900
binom	1	0.8	0.2	0.22500
binom	1	0.9	0.2	0.21700
