binom	1	0	0	0.00500
binom	1	0.1	0	0.04100
binom	1	0.2	0	0.07400
binom	1	0.3	0	0.08400
binom	1	0.4	0	0.11900
binom	1	0.5	0	0.13200
binom	1	0.6	0	0.14600
binom	1	0.7	0	0.13900
binom	1	0.8	0	0.13600
binom	1	0.9	0	0.13900
binom	1	0	0.05	0.09000
binom	1	0.1	0.05	0.08500
binom	1	0.2	0.05	0.11900
binom	1	0.3	0.05	0.14300
binom	1	0.4	0.05	0.16000
binom	1	0.5	0.05	0.14200
binom	1	0.6	0.05	0.15300
binom	1	0.7	0.05	0.17600
binom	1	0.8	0.05	0.14700
binom	1	0.9	0.05	0.14700
binom	1	0	0.1	0.15200
binom	1	0.1	0.1	0.17200
binom	1	0.2	0.1	0.14100
binom	1	0.3	0.1	0.16200
binom	1	0.4	0.1	0.16300
binom	1	0.5	0.1	0.18900
binom	1	0.6	0.1	0.18400
binom	1	0.7	0.1	0.21000
binom	1	0.8	0.1	0.18000
binom	1	0.9	0.1	0.17500
binom	1	0	0.2	0.31500
binom	1	0.1	0.2	0.26500
binom	1	0.2	0.2	0.25700
binom	1	0.3	0.2	0.23500
binom	1	0.4	0.2	0.22300
binom	1	0.5	0.2	0.23900
binom	1	0.6	0.2	0.24200
binom	1	0.7	0.2	0.22500
binom	1	0.8	0.2	0.24800
binom	1	0.9	0.2	0.21300
