binom	1	0	0	0.01700
binom	1	0.1	0	0.04900
binom	1	0.2	0	0.09500
binom	1	0.3	0	0.10900
binom	1	0.4	0	0.10000
binom	1	0.5	0	0.13300
binom	1	0.6	0	0.14500
binom	1	0.7	0	0.14900
binom	1	0.8	0	0.16000
binom	1	0.9	0	0.13000
binom	1	0	0.05	0.10200
binom	1	0.1	0.05	0.08800
binom	1	0.2	0.05	0.12800
binom	1	0.3	0.05	0.14400
binom	1	0.4	0.05	0.15700
binom	1	0.5	0.05	0.16700
binom	1	0.6	0.05	0.16500
binom	1	0.7	0.05	0.17000
binom	1	0.8	0.05	0.16900
binom	1	0.9	0.05	0.14500
binom	1	0	0.1	0.17300
binom	1	0.1	0.1	0.16300
binom	1	0.2	0.1	0.14500
binom	1	0.3	0.1	0.16600
binom	1	0.4	0.1	0.18100
binom	1	0.5	0.1	0.17900
binom	1	0.6	0.1	0.19600
binom	1	0.7	0.1	0.17500
binom	1	0.8	0.1	0.20100
binom	1	0.9	0.1	0.16700
binom	1	0	0.2	0.31000
binom	1	0.1	0.2	0.29200
binom	1	0.2	0.2	0.30500
binom	1	0.3	0.2	0.22400
binom	1	0.4	0.2	0.21500
binom	1	0.5	0.2	0.23000
binom	1	0.6	0.2	0.23400
binom	1	0.7	0.2	0.22800
binom	1	0.8	0.2	0.26000
binom	1	0.9	0.2	0.23600
