binom	1	0	0	0.01300
binom	1	0.1	0	0.03800
binom	1	0.2	0	0.06800
binom	1	0.3	0	0.10200
binom	1	0.4	0	0.11900
binom	1	0.5	0	0.12700
binom	1	0.6	0	0.12300
binom	1	0.7	0	0.16300
binom	1	0.8	0	0.13500
binom	1	0.9	0	0.13900
binom	1	0	0.05	0.07400
binom	1	0.1	0.05	0.08900
binom	1	0.2	0.05	0.11200
binom	1	0.3	0.05	0.14200
binom	1	0.4	0.05	0.16100
binom	1	0.5	0.05	0.16000
binom	1	0.6	0.05	0.16800
binom	1	0.7	0.05	0.17700
binom	1	0.8	0.05	0.17100
binom	1	0.9	0.05	0.15800
binom	1	0	0.1	0.17200
binom	1	0.1	0.1	0.17400
binom	1	0.2	0.1	0.14100
binom	1	0.3	0.1	0.16000
binom	1	0.4	0.1	0.20000
binom	1	0.5	0.1	0.18600
binom	1	0.6	0.1	0.20800
binom	1	0.7	0.1	0.20400
binom	1	0.8	0.1	0.18800
binom	1	0.9	0.1	0.16200
binom	1	0	0.2	0.30200
binom	1	0.1	0.2	0.32900
binom	1	0.2	0.2	0.28000
binom	1	0.3	0.2	0.23500
binom	1	0.4	0.2	0.23200
binom	1	0.5	0.2	0.23500
binom	1	0.6	0.2	0.23000
binom	1	0.7	0.2	0.21200
binom	1	0.8	0.2	0.25700
binom	1	0.9	0.2	0.20800
