binom	1	0	0	0.00900
binom	1	0.1	0	0.03900
binom	1	0.2	0	0.06700
binom	1	0.3	0	0.10400
binom	1	0.4	0	0.11000
binom	1	0.5	0	0.13600
binom	1	0.6	0	0.15000
binom	1	0.7	0	0.13400
binom	1	0.8	0	0.14300
binom	1	0.9	0	0.12800
binom	1	0	0.05	0.09500
binom	1	0.1	0.05	0.09100
binom	1	0.2	0.05	0.11500
binom	1	0.3	0.05	0.15100
binom	1	0.4	0.05	0.16200
binom	1	0.5	0.05	0.16600
binom	1	0.6	0.05	0.17000
binom	1	0.7	0.05	0.15500
binom	1	0.8	0.05	0.18100
binom	1	0.9	0.05	0.16900
binom	1	0	0.1	0.16500
binom	1	0.1	0.1	0.18400
binom	1	0.2	0.1	0.15000
binom	1	0.3	0.1	0.16000
binom	1	0.4	0.1	0.16300
binom	1	0.5	0.1	0.19500
binom	1	0.6	0.1	0.19800
binom	1	0.7	0.1	0.16600
binom	1	0.8	0.1	0.17900
binom	1	0.9	0.1	0.18700
binom	1	0	0.2	0.28100
binom	1	0.1	0.2	0.29900
binom	1	0.2	0.2	0.29000
binom	1	0.3	0.2	0.24300
binom	1	0.4	0.2	0.21300
binom	1	0.5	0.2	0.21200
binom	1	0.6	0.2	0.21000
binom	1	0.7	0.2	0.23100
binom	1	0.8	0.2	0.20500
binom	1	0.9	0.2	0.21300
