binom	1	0	0	0.01000
binom	1	0.1	0	0.04600
binom	1	0.2	0	0.07300
binom	1	0.3	0	0.11300
binom	1	0.4	0	0.13900
binom	1	0.5	0	0.13700
binom	1	0.6	0	0.15900
binom	1	0.7	0	0.16300
binom	1	0.8	0	0.15100
binom	1	0.9	0	0.11400
binom	1	0	0.05	0.09400
binom	1	0.1	0.05	0.08200
binom	1	0.2	0.05	0.13000
binom	1	0.3	0.05	0.12800
binom	1	0.4	0.05	0.15500
binom	1	0.5	0.05	0.15800
binom	1	0.6	0.05	0.18300
binom	1	0.7	0.05	0.16400
binom	1	0.8	0.05	0.17200
binom	1	0.9	0.05	0.17100
binom	1	0	0.1	0.17200
binom	1	0.1	0.1	0.16800
binom	1	0.2	0.1	0.16200
binom	1	0.3	0.1	0.12900
binom	1	0.4	0.1	0.17600
binom	1	0.5	0.1	0.21100
binom	1	0.6	0.1	0.19000
binom	1	0.7	0.1	0.17600
binom	1	0.8	0.1	0.16900
binom	1	0.9	0.1	0.18600
binom	1	0	0.2	0.31200
binom	1	0.1	0.2	0.29900
binom	1	0.2	0.2	0.27400
binom	1	0.3	0.2	0.26000
binom	1	0.4	0.2	0.21900
binom	1	0.5	0.2	0.23400
binom	1	0.6	0.2	0.23900
binom	1	0.7	0.2	0.24600
binom	1	0.8	0.2	0.19600
binom	1	0.9	0.2	0.22600
