binom	1	0	0	0.00700
binom	1	0.1	0	0.04200
binom	1	0.2	0	0.07600
binom	1	0.3	0	0.10400
binom	1	0.4	0	0.11600
binom	1	0.5	0	0.13300
binom	1	0.6	0	0.13300
binom	1	0.7	0	0.15100
binom	1	0.8	0	0.14200
binom	1	0.9	0	0.11400
binom	1	0	0.05	0.08900
binom	1	0.1	0.05	0.07600
binom	1	0.2	0.05	0.13400
binom	1	0.3	0.05	0.12900
binom	1	0.4	0.05	0.14900
binom	1	0.5	0.05	0.16700
binom	1	0.6	0.05	0.15700
binom	1	0.7	0.05	0.16500
binom	1	0.8	0.05	0.17600
binom	1	0.9	0.05	0.17600
binom	1	0	0.1	0.16600
binom	1	0.1	0.1	0.13800
binom	1	0.2	0.1	0.13200
binom	1	0.3	0.1	0.16700
binom	1	0.4	0.1	0.15900
binom	1	0.5	0.1	0.18700
binom	1	0.6	0.1	0.17100
binom	1	0.7	0.1	0.19700
binom	1	0.8	0.1	0.20600
binom	1	0.9	0.1	0.15400
binom	1	0	0.2	0.30000
binom	1	0.1	0.2	0.29400
binom	1	0.2	0.2	0.25700
binom	1	0.3	0.2	0.23800
binom	1	0.4	0.2	0.22000
binom	1	0.5	0.2	0.23400
binom	1	0.6	0.2	0.23500
binom	1	0.7	0.2	0.21800
binom	1	0.8	0.2	0.20400
binom	1	0.9	0.2	0.20400
