binom	1	0	0	0.01300
binom	1	0.1	0	0.04200
binom	1	0.2	0	0.07400
binom	1	0.3	0	0.10200
binom	1	0.4	0	0.11700
binom	1	0.5	0	0.13900
binom	1	0.6	0	0.15200
binom	1	0.7	0	0.14100
binom	1	0.8	0	0.14400
binom	1	0.9	0	0.12500
binom	1	0	0.05	0.10300
binom	1	0.1	0.05	0.08700
binom	1	0.2	0.05	0.09700
binom	1	0.3	0.05	0.13800
binom	1	0.4	0.05	0.15400
binom	1	0.5	0.05	0.16400
binom	1	0.6	0.05	0.17300
binom	1	0.7	0.05	0.18200
binom	1	0.8	0.05	0.15800
binom	1	0.9	0.05	0.17900
binom	1	0	0.1	0.16100
binom	1	0.1	0.1	0.13800
binom	1	0.2	0.1	0.13300
binom	1	0.3	0.1	0.16400
binom	1	0.4	0.1	0.19100
binom	1	0.5	0.1	0.20800
binom	1	0.6	0.1	0.19000
binom	1	0.7	0.1	0.18800
binom	1	0.8	0.1	0.18200
binom	1	0.9	0.1	0.19700
binom	1	0	0.2	0.30400
binom	1	0.1	0.2	0.28100
binom	1	0.2	0.2	0.27100
binom	1	0.3	0.2	0.25800
binom	1	0.4	0.2	0.24700
binom	1	0.5	0.2	0.25100
binom	1	0.6	0.2	0.24000
binom	1	0.7	0.2	0.24100
binom	1	0.8	0.2	0.20000
binom	1	0.9	0.2	0.23100
