binom	1	0	0	0.00800
binom	1	0.1	0	0.03600
binom	1	0.2	0	0.07600
binom	1	0.3	0	0.09700
binom	1	0.4	0	0.12700
binom	1	0.5	0	0.11300
binom	1	0.6	0	0.13700
binom	1	0.7	0	0.14200
binom	1	0.8	0	0.16300
binom	1	0.9	0	0.12900
binom	1	0	0.05	0.08700
binom	1	0.1	0.05	0.08100
binom	1	0.2	0.05	0.10200
binom	1	0.3	0.05	0.13800
binom	1	0.4	0.05	0.14700
binom	1	0.5	0.05	0.16400
binom	1	0.6	0.05	0.16300
binom	1	0.7	0.05	0.16800
binom	1	0.8	0.05	0.17500
binom	1	0.9	0.05	0.16500
binom	1	0	0.1	0.16600
binom	1	0.1	0.1	0.13800
binom	1	0.2	0.1	0.14400
binom	1	0.3	0.1	0.15200
binom	1	0.4	0.1	0.19400
binom	1	0.5	0.1	0.19700
binom	1	0.6	0.1	0.21600
binom	1	0.7	0.1	0.18900
binom	1	0.8	0.1	0.20200
binom	1	0.9	0.1	0.16300
binom	1	0	0.2	0.28700
binom	1	0.1	0.2	0.29600
binom	1	0.2	0.2	0.27600
binom	1	0.3	0.2	0.23600
binom	1	0.4	0.2	0.21100
binom	1	0.5	0.2	0.22800
binom	1	0.6	0.2	0.24500
binom	1	0.7	0.2	0.24000
binom	1	0.8	0.2	0.23000
binom	1	0.9	0.2	0.22300
