binom	1	0	0	0.01000
binom	1	0.1	0	0.04700
binom	1	0.2	0	0.06000
binom	1	0.3	0	0.08900
binom	1	0.4	0	0.12600
binom	1	0.5	0	0.13400
binom	1	0.6	0	0.14900
binom	1	0.7	0	0.14300
binom	1	0.8	0	0.14500
binom	1	0.9	0	0.14900
binom	1	0	0.05	0.08700
binom	1	0.1	0.05	0.10200
binom	1	0.2	0.05	0.11300
binom	1	0.3	0.05	0.11600
binom	1	0.4	0.05	0.15400
binom	1	0.5	0.05	0.16900
binom	1	0.6	0.05	0.17200
binom	1	0.7	0.05	0.17100
binom	1	0.8	0.05	0.16600
binom	1	0.9	0.05	0.14400
binom	1	0	0.1	0.16400
binom	1	0.1	0.1	0.15300
binom	1	0.2	0.1	0.14900
binom	1	0.3	0.1	0.16000
binom	1	0.4	0.1	0.19300
binom	1	0.5	0.1	0.18300
binom	1	0.6	0.1	0.20100
binom	1	0.7	0.1	0.16700
binom	1	0.8	0.1	0.19600
binom	1	0.9	0.1	0.16200
binom	1	0	0.2	0.30100
binom	1	0.1	0.2	0.30000
binom	1	0.2	0.2	0.26100
binom	1	0.3	0.2	0.25100
binom	1	0.4	0.2	0.24300
binom	1	0.5	0.2	0.22600
binom	1	0.6	0.2	0.23500
binom	1	0.7	0.2	0.22400
binom	1	0.8	0.2	0.20800
binom	1	0.9	0.2	0.21800
