binom	1	0	0	0.01600
binom	1	0.1	0	0.06000
binom	1	0.2	0	0.06700
binom	1	0.3	0	0.10400
binom	1	0.4	0	0.11900
binom	1	0.5	0	0.13900
binom	1	0.6	0	0.15200
binom	1	0.7	0	0.12800
binom	1	0.8	0	0.14300
binom	1	0.9	0	0.13800
binom	1	0	0.05	0.09800
binom	1	0.1	0.05	0.08600
binom	1	0.2	0.05	0.11100
binom	1	0.3	0.05	0.11700
binom	1	0.4	0.05	0.16300
binom	1	0.5	0.05	0.17600
binom	1	0.6	0.05	0.18500
binom	1	0.7	0.05	0.17200
binom	1	0.8	0.05	0.13200
binom	1	0.9	0.05	0.15500
binom	1	0	0.1	0.19700
binom	1	0.1	0.1	0.16200
binom	1	0.2	0.1	0.15800
binom	1	0.3	0.1	0.17300
binom	1	0.4	0.1	0.17500
binom	1	0.5	0.1	0.18900
binom	1	0.6	0.1	0.18100
binom	1	0.7	0.1	0.17900
binom	1	0.8	0.1	0.18800
binom	1	0.9	0.1	0.17200
binom	1	0	0.2	0.31600
binom	1	0.1	0.2	0.28800
binom	1	0.2	0.2	0.31000
binom	1	0.3	0.2	0.23300
binom	1	0.4	0.2	0.21800
binom	1	0.5	0.2	0.25500
binom	1	0.6	0.2	0.21100
binom	1	0.7	0.2	0.25200
binom	1	0.8	0.2	0.21400
binom	1	0.9	0.2	0.21200
