binom	1	0	0	0.01300
binom	1	0.1	0	0.05200
binom	1	0.2	0	0.07700
binom	1	0.3	0	0.09500
binom	1	0.4	0	0.12700
binom	1	0.5	0	0.13500
binom	1	0.6	0	0.15500
binom	1	0.7	0	0.12900
binom	1	0.8	0	0.12900
binom	1	0.9	0	0.14400
binom	1	0	0.05	0.08700
binom	1	0.1	0.05	0.08800
binom	1	0.2	0.05	0.08900
binom	1	0.3	0.05	0.11900
binom	1	0.4	0.05	0.14500
binom	1	0.5	0.05	0.16700
binom	1	0.6	0.05	0.15900
binom	1	0.7	0.05	0.16300
binom	1	0.8	0.05	0.16200
binom	1	0.9	0.05	0.15400
binom	1	0	0.1	0.18100
binom	1	0.1	0.1	0.15700
binom	1	0.2	0.1	0.16400
binom	1	0.3	0.1	0.16300
binom	1	0.4	0.1	0.17200
binom	1	0.5	0.1	0.19700
binom	1	0.6	0.1	0.19800
binom	1	0.7	0.1	0.18400
binom	1	0.8	0.1	0.17900
binom	1	0.9	0.1	0.18300
binom	1	0	0.2	0.30000
binom	1	0.1	0.2	0.29200
binom	1	0.2	0.2	0.26800
binom	1	0.3	0.2	0.23900
binom	1	0.4	0.2	0.22900
binom	1	0.5	0.2	0.21700
binom	1	0.6	0.2	0.23900
binom	1	0.7	0.2	0.24200
binom	1	0.8	0.2	0.23900
binom	1	0.9	0.2	0.19400
