binom	1	0	0	0.00600
binom	1	0.1	0	0.04100
binom	1	0.2	0	0.07500
binom	1	0.3	0	0.09600
binom	1	0.4	0	0.14500
binom	1	0.5	0	0.14100
binom	1	0.6	0	0.15300
binom	1	0.7	0	0.17400
binom	1	0.8	0	0.13500
binom	1	0.9	0	0.12400
binom	1	0	0.05	0.10300
binom	1	0.1	0.05	0.07000
binom	1	0.2	0.05	0.11400
binom	1	0.3	0.05	0.13300
binom	1	0.4	0.05	0.15800
binom	1	0.5	0.05	0.16900
binom	1	0.6	0.05	0.16600
binom	1	0.7	0.05	0.16800
binom	1	0.8	0.05	0.16400
binom	1	0.9	0.05	0.13900
binom	1	0	0.1	0.14900
binom	1	0.1	0.1	0.17000
binom	1	0.2	0.1	0.14200
binom	1	0.3	0.1	0.15100
binom	1	0.4	0.1	0.18400
binom	1	0.5	0.1	0.18500
binom	1	0.6	0.1	0.20600
binom	1	0.7	0.1	0.21100
binom	1	0.8	0.1	0.20100
binom	1	0.9	0.1	0.18700
binom	1	0	0.2	0.28700
binom	1	0.1	0.2	0.30200
binom	1	0.2	0.2	0.24800
binom	1	0.3	0.2	0.22000
binom	1	0.4	0.2	0.20900
binom	1	0.5	0.2	0.24400
binom	1	0.6	0.2	0.25700
binom	1	0.7	0.2	0.23200
binom	1	0.8	0.2	0.23700
binom	1	0.9	0.2	0.20300
