binom	1	0	0	0.01300
binom	1	0.1	0	0.04300
binom	1	0.2	0	0.07600
binom	1	0.3	0	0.08400
binom	1	0.4	0	0.14000
binom	1	0.5	0	0.12800
binom	1	0.6	0	0.15300
binom	1	0.7	0	0.12700
binom	1	0.8	0	0.13200
binom	1	0.9	0	0.15200
binom	1	0	0.05	0.10400
binom	1	0.1	0.05	0.08300
binom	1	0.2	0.05	0.12300
binom	1	0.3	0.05	0.13200
binom	1	0.4	0.05	0.16400
binom	1	0.5	0.05	0.18500
binom	1	0.6	0.05	0.15200
binom	1	0.7	0.05	0.16500
binom	1	0.8	0.05	0.15100
binom	1	0.9	0.05	0.15300
binom	1	0	0.1	0.19900
binom	1	0.1	0.1	0.13300
binom	1	0.2	0.1	0.13600
binom	1	0.3	0.1	0.17200
binom	1	0.4	0.1	0.18800
binom	1	0.5	0.1	0.18600
binom	1	0.6	0.1	0.17900
binom	1	0.7	0.1	0.16700
binom	1	0.8	0.1	0.21200
binom	1	0.9	0.1	0.17600
binom	1	0	0.2	0.31700
binom	1	0.1	0.2	0.28100
binom	1	0.2	0.2	0.28900
binom	1	0.3	0.2	0.21100
binom	1	0.4	0.2	0.22300
binom	1	0.5	0.2	0.22000
binom	1	0.6	0.2	0.24100
binom	1	0.7	0.2	0.24200
binom	1	0.8	0.2	0.23400
binom	1	0.9	0.2	0.22600
