binom	1	0	0	0.00800
binom	1	0.1	0	0.05000
binom	1	0.2	0	0.10100
binom	1	0.3	0	0.09400
binom	1	0.4	0	0.14400
binom	1	0.5	0	0.14300
binom	1	0.6	0	0.12100
binom	1	0.7	0	0.15400
binom	1	0.8	0	0.13100
binom	1	0.9	0	0.13100
binom	1	0	0.05	0.09700
binom	1	0.1	0.05	0.07500
binom	1	0.2	0.05	0.11600
binom	1	0.3	0.05	0.14400
binom	1	0.4	0.05	0.15600
binom	1	0.5	0.05	0.16400
binom	1	0.6	0.05	0.17500
binom	1	0.7	0.05	0.16400
binom	1	0.8	0.05	0.16900
binom	1	0.9	0.05	0.15200
binom	1	0	0.1	0.15600
binom	1	0.1	0.1	0.16900
binom	1	0.2	0.1	0.14700
binom	1	0.3	0.1	0.17500
binom	1	0.4	0.1	0.16000
binom	1	0.5	0.1	0.17400
binom	1	0.6	0.1	0.18900
binom	1	0.7	0.1	0.18600
binom	1	0.8	0.1	0.19600
binom	1	0.9	0.1	0.18800
binom	1	0	0.2	0.28200
binom	1	0.1	0.2	0.31500
binom	1	0.2	0.2	0.28200
binom	1	0.3	0.2	0.25000
binom	1	0.4	0.2	0.21800
binom	1	0.5	0.2	0.23800
binom	1	0.6	0.2	0.24800
binom	1	0.7	0.2	0.23000
binom	1	0.8	0.2	0.21300
binom	1	0.9	0.2	0.21400
