binom	1	0	0	0.01100
binom	1	0.1	0	0.05200
binom	1	0.2	0	0.08500
binom	1	0.3	0	0.10100
binom	1	0.4	0	0.12300
binom	1	0.5	0	0.15600
binom	1	0.6	0	0.14400
binom	1	0.7	0	0.14000
binom	1	0.8	0	0.16800
binom	1	0.9	0	0.12400
binom	1	0	0.05	0.07300
binom	1	0.1	0.05	0.07900
binom	1	0.2	0.05	0.09500
binom	1	0.3	0.05	0.13300
binom	1	0.4	0.05	0.15600
binom	1	0.5	0.05	0.16900
binom	1	0.6	0.05	0.16600
binom	1	0.7	0.05	0.18500
binom	1	0.8	0.05	0.17000
binom	1	0.9	0.05	0.13200
binom	1	0	0.1	0.15100
binom	1	0.1	0.1	0.17200
binom	1	0.2	0.1	0.14400
binom	1	0.3	0.1	0.15300
binom	1	0.4	0.1	0.18200
binom	1	0.5	0.1	0.20100
binom	1	0.6	0.1	0.21600
binom	1	0.7	0.1	0.18200
binom	1	0.8	0.1	0.16300
binom	1	0.9	0.1	0.18000
binom	1	0	0.2	0.29700
binom	1	0.1	0.2	0.28700
binom	1	0.2	0.2	0.26400
binom	1	0.3	0.2	0.23600
binom	1	0.4	0.2	0.22200
binom	1	0.5	0.2	0.21500
binom	1	0.6	0.2	0.23900
binom	1	0.7	0.2	0.23100
binom	1	0.8	0.2	0.22500
binom	1	0.9	0.2	0.23500
