binom	1	0	0	0.00900
binom	1	0.1	0	0.05400
binom	1	0.2	0	0.07300
binom	1	0.3	0	0.10100
binom	1	0.4	0	0.12700
binom	1	0.5	0	0.13900
binom	1	0.6	0	0.16400
binom	1	0.7	0	0.15700
binom	1	0.8	0	0.13500
binom	1	0.9	0	0.13100
binom	1	0	0.05	0.09200
binom	1	0.1	0.05	0.09900
binom	1	0.2	0.05	0.09800
binom	1	0.3	0.05	0.13500
binom	1	0.4	0.05	0.16800
binom	1	0.5	0.05	0.18000
binom	1	0.6	0.05	0.17000
binom	1	0.7	0.05	0.19900
binom	1	0.8	0.05	0.16400
binom	1	0.9	0.05	0.16500
binom	1	0	0.1	0.15700
binom	1	0.1	0.1	0.14900
binom	1	0.2	0.1	0.15200
binom	1	0.3	0.1	0.16500
binom	1	0.4	0.1	0.19000
binom	1	0.5	0.1	0.18700
binom	1	0.6	0.1	0.19600
binom	1	0.7	0.1	0.16200
binom	1	0.8	0.1	0.18600
binom	1	0.9	0.1	0.17600
binom	1	0	0.2	0.29200
binom	1	0.1	0.2	0.31200
binom	1	0.2	0.2	0.26100
binom	1	0.3	0.2	0.22300
binom	1	0.4	0.2	0.23100
binom	1	0.5	0.2	0.21700
binom	1	0.6	0.2	0.23700
binom	1	0.7	0.2	0.21000
binom	1	0.8	0.2	0.21800
binom	1	0.9	0.2	0.19900
