binom	1	0	0	0.01100
binom	1	0.1	0	0.04700
binom	1	0.2	0	0.08300
binom	1	0.3	0	0.09300
binom	1	0.4	0	0.12800
binom	1	0.5	0	0.13900
binom	1	0.6	0	0.14000
binom	1	0.7	0	0.12500
binom	1	0.8	0	0.14400
binom	1	0.9	0	0.14500
binom	1	0	0.05	0.10200
binom	1	0.1	0.05	0.09000
binom	1	0.2	0.05	0.11200
binom	1	0.3	0.05	0.13300
binom	1	0.4	0.05	0.11600
binom	1	0.5	0.05	0.16900
binom	1	0.6	0.05	0.17700
binom	1	0.7	0.05	0.16000
binom	1	0.8	0.05	0.16400
binom	1	0.9	0.05	0.16800
binom	1	0	0.1	0.17000
binom	1	0.1	0.1	0.17900
binom	1	0.2	0.1	0.11800
binom	1	0.3	0.1	0.16100
binom	1	0.4	0.1	0.14900
binom	1	0.5	0.1	0.17500
binom	1	0.6	0.1	0.18400
binom	1	0.7	0.1	0.20500
binom	1	0.8	0.1	0.17700
binom	1	0.9	0.1	0.17700
binom	1	0	0.2	0.27400
binom	1	0.1	0.2	0.31600
binom	1	0.2	0.2	0.28900
binom	1	0.3	0.2	0.26300
binom	1	0.4	0.2	0.23500
binom	1	0.5	0.2	0.22200
binom	1	0.6	0.2	0.23900
binom	1	0.7	0.2	0.21700
binom	1	0.8	0.2	0.21900
binom	1	0.9	0.2	0.22200
