binom	1	0	0	0.00900
binom	1	0.1	0	0.04900
binom	1	0.2	0	0.07500
binom	1	0.3	0	0.10600
binom	1	0.4	0	0.12800
binom	1	0.5	0	0.14700
binom	1	0.6	0	0.14600
binom	1	0.7	0	0.14000
binom	1	0.8	0	0.14700
binom	1	0.9	0	0.15000
binom	1	0	0.05	0.08900
binom	1	0.1	0.05	0.08900
binom	1	0.2	0.05	0.09700
binom	1	0.3	0.05	0.13500
binom	1	0.4	0.05	0.16100
binom	1	0.5	0.05	0.15700
binom	1	0.6	0.05	0.18500
binom	1	0.7	0.05	0.16100
binom	1	0.8	0.05	0.15600
binom	1	0.9	0.05	0.14500
binom	1	0	0.1	0.17900
binom	1	0.1	0.1	0.13800
binom	1	0.2	0.1	0.13700
binom	1	0.3	0.1	0.17500
binom	1	0.4	0.1	0.20700
binom	1	0.5	0.1	0.18000
binom	1	0.6	0.1	0.18000
binom	1	0.7	0.1	0.19600
binom	1	0.8	0.1	0.18100
binom	1	0.9	0.1	0.18000
binom	1	0	0.2	0.29200
binom	1	0.1	0.2	0.30300
binom	1	0.2	0.2	0.27600
binom	1	0.3	0.2	0.22500
binom	1	0.4	0.2	0.22200
binom	1	0.5	0.2	0.22700
binom	1	0.6	0.2	0.24900
binom	1	0.7	0.2	0.23600
binom	1	0.8	0.2	0.22100
binom	1	0.9	0.2	0.23200
