binom	1	0	0	0.01100
binom	1	0.1	0	0.04100
binom	1	0.2	0	0.07100
binom	1	0.3	0	0.11900
binom	1	0.4	0	0.12700
binom	1	0.5	0	0.13300
binom	1	0.6	0	0.13900
binom	1	0.7	0	0.15400
binom	1	0.8	0	0.14600
binom	1	0.9	0	0.12800
binom	1	0	0.05	0.08600
binom	1	0.1	0.05	0.09400
binom	1	0.2	0.05	0.10900
binom	1	0.3	0.05	0.14400
binom	1	0.4	0.05	0.15800
binom	1	0.5	0.05	0.15000
binom	1	0.6	0.05	0.16500
binom	1	0.7	0.05	0.19500
binom	1	0.8	0.05	0.17300
binom	1	0.9	0.05	0.14900
binom	1	0	0.1	0.16800
binom	1	0.1	0.1	0.17600
binom	1	0.2	0.1	0.14900
binom	1	0.3	0.1	0.16900
binom	1	0.4	0.1	0.17900
binom	1	0.5	0.1	0.19400
binom	1	0.6	0.1	0.16300
binom	1	0.7	0.1	0.16800
binom	1	0.8	0.1	0.18800
binom	1	0.9	0.1	0.18700
binom	1	0	0.2	0.31800
binom	1	0.1	0.2	0.29400
binom	1	0.2	0.2	0.26600
binom	1	0.3	0.2	0.26800
binom	1	0.4	0.2	0.20700
binom	1	0.5	0.2	0.22600
binom	1	0.6	0.2	0.23600
binom	1	0.7	0.2	0.21300
binom	1	0.8	0.2	0.20400
binom	1	0.9	0.2	0.21700
