binom	1	0	0	0.00600
binom	1	0.1	0	0.03800
binom	1	0.2	0	0.07600
binom	1	0.3	0	0.10300
binom	1	0.4	0	0.11900
binom	1	0.5	0	0.13600
binom	1	0.6	0	0.15500
binom	1	0.7	0	0.13300
binom	1	0.8	0	0.15100
binom	1	0.9	0	0.13900
binom	1	0	0.05	0.08900
binom	1	0.1	0.05	0.09800
binom	1	0.2	0.05	0.11700
binom	1	0.3	0.05	0.13900
binom	1	0.4	0.05	0.15100
binom	1	0.5	0.05	0.16100
binom	1	0.6	0.05	0.16000
binom	1	0.7	0.05	0.16900
binom	1	0.8	0.05	0.15900
binom	1	0.9	0.05	0.15000
binom	1	0	0.1	0.19000
binom	1	0.1	0.1	0.18200
binom	1	0.2	0.1	0.14900
binom	1	0.3	0.1	0.16800
binom	1	0.4	0.1	0.18400
binom	1	0.5	0.1	0.18200
binom	1	0.6	0.1	0.17500
binom	1	0.7	0.1	0.20100
binom	1	0.8	0.1	0.17800
binom	1	0.9	0.1	0.16700
binom	1	0	0.2	0.29600
binom	1	0.1	0.2	0.30200
binom	1	0.2	0.2	0.28900
binom	1	0.3	0.2	0.24300
binom	1	0.4	0.2	0.23300
binom	1	0.5	0.2	0.24100
binom	1	0.6	0.2	0.22400
binom	1	0.7	0.2	0.23800
binom	1	0.8	0.2	0.23000
binom	1	0.9	0.2	0.21800
