binom	1	0	0	0.00900
binom	1	0.1	0	0.04700
binom	1	0.2	0	0.07900
binom	1	0.3	0	0.11100
binom	1	0.4	0	0.13400
binom	1	0.5	0	0.14000
binom	1	0.6	0	0.13600
binom	1	0.7	0	0.13600
binom	1	0.8	0	0.13700
binom	1	0.9	0	0.12700
binom	1	0	0.05	0.10300
binom	1	0.1	0.05	0.09900
binom	1	0.2	0.05	0.11300
binom	1	0.3	0.05	0.13600
binom	1	0.4	0.05	0.15100
binom	1	0.5	0.05	0.16000
binom	1	0.6	0.05	0.17100
binom	1	0.7	0.05	0.17900
binom	1	0.8	0.05	0.17800
binom	1	0.9	0.05	0.15100
binom	1	0	0.1	0.18600
binom	1	0.1	0.1	0.18000
binom	1	0.2	0.1	0.14200
binom	1	0.3	0.1	0.13700
binom	1	0.4	0.1	0.18100
binom	1	0.5	0.1	0.18000
binom	1	0.6	0.1	0.18300
binom	1	0.7	0.1	0.19500
binom	1	0.8	0.1	0.17900
binom	1	0.9	0.1	0.18000
binom	1	0	0.2	0.30500
binom	1	0.1	0.2	0.30400
binom	1	0.2	0.2	0.28100
binom	1	0.3	0.2	0.22900
binom	1	0.4	0.2	0.21800
binom	1	0.5	0.2	0.23300
binom	1	0.6	0.2	0.22500
binom	1	0.7	0.2	0.22500
binom	1	0.8	0.2	0.23000
binom	1	0.9	0.2	0.22900
