binom	1	0	0	0.01400
binom	1	0.1	0	0.04900
binom	1	0.2	0	0.06700
binom	1	0.3	0	0.11600
binom	1	0.4	0	0.12000
binom	1	0.5	0	0.14200
binom	1	0.6	0	0.12900
binom	1	0.7	0	0.14300
binom	1	0.8	0	0.12700
binom	1	0.9	0	0.13600
binom	1	0	0.05	0.07500
binom	1	0.1	0.05	0.08000
binom	1	0.2	0.05	0.13300
binom	1	0.3	0.05	0.11400
binom	1	0.4	0.05	0.15600
binom	1	0.5	0.05	0.16100
binom	1	0.6	0.05	0.15900
binom	1	0.7	0.05	0.16800
binom	1	0.8	0.05	0.16700
binom	1	0.9	0.05	0.16500
binom	1	0	0.1	0.18300
binom	1	0.1	0.1	0.18000
binom	1	0.2	0.1	0.14900
binom	1	0.3	0.1	0.15300
binom	1	0.4	0.1	0.16400
binom	1	0.5	0.1	0.18500
binom	1	0.6	0.1	0.19600
binom	1	0.7	0.1	0.19900
binom	1	0.8	0.1	0.20300
binom	1	0.9	0.1	0.19000
binom	1	0	0.2	0.31000
binom	1	0.1	0.2	0.32300
binom	1	0.2	0.2	0.25900
binom	1	0.3	0.2	0.26200
binom	1	0.4	0.2	0.23000
binom	1	0.5	0.2	0.23500
binom	1	0.6	0.2	0.21100
binom	1	0.7	0.2	0.23400
binom	1	0.8	0.2	0.22400
binom	1	0.9	0.2	0.20900
