binom	1	0	0	0.01800
binom	1	0.1	0	0.02900
binom	1	0.2	0	0.07400
binom	1	0.3	0	0.10400
binom	1	0.4	0	0.12100
binom	1	0.5	0	0.14300
binom	1	0.6	0	0.15400
binom	1	0.7	0	0.13000
binom	1	0.8	0	0.14600
binom	1	0.9	0	0.13000
binom	1	0	0.05	0.09000
binom	1	0.1	0.05	0.08600
binom	1	0.2	0.05	0.11800
binom	1	0.3	0.05	0.12500
binom	1	0.4	0.05	0.17200
binom	1	0.5	0.05	0.15600
binom	1	0.6	0.05	0.16100
binom	1	0.7	0.05	0.15000
binom	1	0.8	0.05	0.16400
binom	1	0.9	0.05	0.15800
binom	1	0	0.1	0.15900
binom	1	0.1	0.1	0.13900
binom	1	0.2	0.1	0.13200
binom	1	0.3	0.1	0.17300
binom	1	0.4	0.1	0.18200
binom	1	0.5	0.1	0.18700
binom	1	0.6	0.1	0.19500
binom	1	0.7	0.1	0.20600
binom	1	0.8	0.1	0.18300
binom	1	0.9	0.1	0.17100
binom	1	0	0.2	0.29700
binom	1	0.1	0.2	0.31200
binom	1	0.2	0.2	0.28600
binom	1	0.3	0.2	0.25400
binom	1	0.4	0.2	0.23100
binom	1	0.5	0.2	0.23600
binom	1	0.6	0.2	0.25500
binom	1	0.7	0.2	0.21200
binom	1	0.8	0.2	0.24200
binom	1	0.9	0.2	0.24900
