binom	0.02360
binom	0.02180
binom	0.02240
binom	0.02140
binom	0.01800
binom	0.02120
binom	0.02340
binom	0.02140
binom	0.02060
binom	0.02360
binom	0.01620
binom	0.01860
binom	0.02360
binom	0.02280
binom	0.02220
binom	0.02240
binom	0.02080
binom	0.02220
binom	0.02080
binom	0.01480
binom	0.02200
binom	0.01940
binom	0.01660
binom	0.01780
binom	0.01920
binom	0.02040
binom	0.02020
binom	0.01800
binom	0.01680
binom	0.02060
binom	0.01640
binom	0.02040
binom	0.01320
binom	0.01780
binom	0.01960
binom	0.01240
binom	0.01920
binom	0.01820
binom	0.01440
binom	0.01840
binom	0.02020
binom	0.01560
binom	0.01820
binom	0.01420
binom	0.01700
binom	0.01780
binom	0.01660
binom	0.01420
binom	0.01780
binom	0.01440
binom	0.01460
