binom	1	0	0	0.01100
binom	1	0.1	0	0.03700
binom	1	0.2	0	0.07900
binom	1	0.3	0	0.10300
binom	1	0.4	0	0.11300
binom	1	0.5	0	0.12400
binom	1	0.6	0	0.14000
binom	1	0.7	0	0.14700
binom	1	0.8	0	0.15000
binom	1	0.9	0	0.14700
binom	1	0	0.05	0.09200
binom	1	0.1	0.05	0.09300
binom	1	0.2	0.05	0.11800
binom	1	0.3	0.05	0.15100
binom	1	0.4	0.05	0.12400
binom	1	0.5	0.05	0.16700
binom	1	0.6	0.05	0.15600
binom	1	0.7	0.05	0.18600
binom	1	0.8	0.05	0.15800
binom	1	0.9	0.05	0.14000
binom	1	0	0.1	0.17200
binom	1	0.1	0.1	0.16400
binom	1	0.2	0.1	0.14400
binom	1	0.3	0.1	0.14900
binom	1	0.4	0.1	0.17200
binom	1	0.5	0.1	0.17800
binom	1	0.6	0.1	0.17400
binom	1	0.7	0.1	0.19200
binom	1	0.8	0.1	0.21000
binom	1	0.9	0.1	0.16000
binom	1	0	0.2	0.32500
binom	1	0.1	0.2	0.30100
binom	1	0.2	0.2	0.26700
binom	1	0.3	0.2	0.24100
binom	1	0.4	0.2	0.21200
binom	1	0.5	0.2	0.23600
binom	1	0.6	0.2	0.23400
binom	1	0.7	0.2	0.21900
binom	1	0.8	0.2	0.23000
binom	1	0.9	0.2	0.21400
