binom	1	0	0	0.00800
binom	1	0.1	0	0.04100
binom	1	0.2	0	0.06400
binom	1	0.3	0	0.11000
binom	1	0.4	0	0.13200
binom	1	0.5	0	0.15300
binom	1	0.6	0	0.14000
binom	1	0.7	0	0.14300
binom	1	0.8	0	0.14200
binom	1	0.9	0	0.13800
binom	1	0	0.05	0.08100
binom	1	0.1	0.05	0.08600
binom	1	0.2	0.05	0.12600
binom	1	0.3	0.05	0.12600
binom	1	0.4	0.05	0.15400
binom	1	0.5	0.05	0.16400
binom	1	0.6	0.05	0.18700
binom	1	0.7	0.05	0.17600
binom	1	0.8	0.05	0.17000
binom	1	0.9	0.05	0.15400
binom	1	0	0.1	0.16600
binom	1	0.1	0.1	0.14900
binom	1	0.2	0.1	0.15200
binom	1	0.3	0.1	0.16300
binom	1	0.4	0.1	0.18300
binom	1	0.5	0.1	0.17900
binom	1	0.6	0.1	0.19200
binom	1	0.7	0.1	0.17600
binom	1	0.8	0.1	0.18300
binom	1	0.9	0.1	0.16700
binom	1	0	0.2	0.31100
binom	1	0.1	0.2	0.29000
binom	1	0.2	0.2	0.31100
binom	1	0.3	0.2	0.23800
binom	1	0.4	0.2	0.20800
binom	1	0.5	0.2	0.20900
binom	1	0.6	0.2	0.24400
binom	1	0.7	0.2	0.25400
binom	1	0.8	0.2	0.24600
binom	1	0.9	0.2	0.19800
