binom	1	0	0	0.01600
binom	1	0.1	0	0.04500
binom	1	0.2	0	0.08000
binom	1	0.3	0	0.12400
binom	1	0.4	0	0.10700
binom	1	0.5	0	0.12400
binom	1	0.6	0	0.14000
binom	1	0.7	0	0.13500
binom	1	0.8	0	0.13500
binom	1	0.9	0	0.14300
binom	1	0	0.05	0.08100
binom	1	0.1	0.05	0.09500
binom	1	0.2	0.05	0.12700
binom	1	0.3	0.05	0.12800
binom	1	0.4	0.05	0.15900
binom	1	0.5	0.05	0.18700
binom	1	0.6	0.05	0.18700
binom	1	0.7	0.05	0.16500
binom	1	0.8	0.05	0.17900
binom	1	0.9	0.05	0.17000
binom	1	0	0.1	0.15500
binom	1	0.1	0.1	0.16000
binom	1	0.2	0.1	0.14700
binom	1	0.3	0.1	0.16000
binom	1	0.4	0.1	0.18800
binom	1	0.5	0.1	0.19900
binom	1	0.6	0.1	0.18900
binom	1	0.7	0.1	0.20100
binom	1	0.8	0.1	0.16500
binom	1	0.9	0.1	0.17600
binom	1	0	0.2	0.28900
binom	1	0.1	0.2	0.27800
binom	1	0.2	0.2	0.28900
binom	1	0.3	0.2	0.23100
binom	1	0.4	0.2	0.21600
binom	1	0.5	0.2	0.22800
binom	1	0.6	0.2	0.22600
binom	1	0.7	0.2	0.23500
binom	1	0.8	0.2	0.23300
binom	1	0.9	0.2	0.22100
