binom	1	0	0	0.01300
binom	1	0.1	0	0.05400
binom	1	0.2	0	0.07700
binom	1	0.3	0	0.12000
binom	1	0.4	0	0.11600
binom	1	0.5	0	0.15100
binom	1	0.6	0	0.14600
binom	1	0.7	0	0.15800
binom	1	0.8	0	0.15700
binom	1	0.9	0	0.11800
binom	1	0	0.05	0.08900
binom	1	0.1	0.05	0.08800
binom	1	0.2	0.05	0.11300
binom	1	0.3	0.05	0.14000
binom	1	0.4	0.05	0.13500
binom	1	0.5	0.05	0.18300
binom	1	0.6	0.05	0.17500
binom	1	0.7	0.05	0.16200
binom	1	0.8	0.05	0.17900
binom	1	0.9	0.05	0.16000
binom	1	0	0.1	0.16400
binom	1	0.1	0.1	0.16500
binom	1	0.2	0.1	0.16500
binom	1	0.3	0.1	0.14400
binom	1	0.4	0.1	0.19700
binom	1	0.5	0.1	0.18000
binom	1	0.6	0.1	0.20300
binom	1	0.7	0.1	0.19600
binom	1	0.8	0.1	0.16200
binom	1	0.9	0.1	0.19600
binom	1	0	0.2	0.31500
binom	1	0.1	0.2	0.29800
binom	1	0.2	0.2	0.29300
binom	1	0.3	0.2	0.23200
binom	1	0.4	0.2	0.22800
binom	1	0.5	0.2	0.23900
binom	1	0.6	0.2	0.24200
binom	1	0.7	0.2	0.22500
binom	1	0.8	0.2	0.23300
binom	1	0.9	0.2	0.21100
