binom	1	0	0	0.00700
binom	1	0.1	0	0.04400
binom	1	0.2	0	0.07700
binom	1	0.3	0	0.11600
binom	1	0.4	0	0.12900
binom	1	0.5	0	0.13200
binom	1	0.6	0	0.16800
binom	1	0.7	0	0.14200
binom	1	0.8	0	0.13700
binom	1	0.9	0	0.12300
binom	1	0	0.05	0.08300
binom	1	0.1	0.05	0.08500
binom	1	0.2	0.05	0.12500
binom	1	0.3	0.05	0.16300
binom	1	0.4	0.05	0.16200
binom	1	0.5	0.05	0.18800
binom	1	0.6	0.05	0.16900
binom	1	0.7	0.05	0.17800
binom	1	0.8	0.05	0.15900
binom	1	0.9	0.05	0.16500
binom	1	0	0.1	0.17600
binom	1	0.1	0.1	0.13100
binom	1	0.2	0.1	0.15300
binom	1	0.3	0.1	0.17200
binom	1	0.4	0.1	0.17800
binom	1	0.5	0.1	0.19900
binom	1	0.6	0.1	0.19300
binom	1	0.7	0.1	0.20400
binom	1	0.8	0.1	0.18100
binom	1	0.9	0.1	0.17900
binom	1	0	0.2	0.28800
binom	1	0.1	0.2	0.28300
binom	1	0.2	0.2	0.27800
binom	1	0.3	0.2	0.25800
binom	1	0.4	0.2	0.24100
binom	1	0.5	0.2	0.21500
binom	1	0.6	0.2	0.24300
binom	1	0.7	0.2	0.21300
binom	1	0.8	0.2	0.21900
binom	1	0.9	0.2	0.21300
