binom	0.02060
binom	0.02420
binom	0.02600
binom	0.02220
binom	0.02120
binom	0.02560
binom	0.02320
binom	0.02140
binom	0.02700
binom	0.02340
binom	0.02140
binom	0.02180
binom	0.02420
binom	0.02200
binom	0.01860
binom	0.02540
binom	0.02040
binom	0.01900
binom	0.02240
binom	0.01880
binom	0.02160
binom	0.02200
binom	0.02200
binom	0.01860
binom	0.01940
binom	0.01900
binom	0.01820
binom	0.02040
binom	0.01700
binom	0.01780
binom	0.01800
binom	0.02040
binom	0.01620
binom	0.01660
binom	0.01620
binom	0.01720
binom	0.01840
binom	0.02040
binom	0.01500
binom	0.01680
binom	0.01300
binom	0.01780
binom	0.01500
binom	0.01560
binom	0.01640
binom	0.01680
binom	0.01240
binom	0.01580
binom	0.01380
binom	0.01440
binom	0.01360
