binom	1	0	0	0.00800
binom	1	0.1	0	0.04200
binom	1	0.2	0	0.06800
binom	1	0.3	0	0.11100
binom	1	0.4	0	0.13500
binom	1	0.5	0	0.11800
binom	1	0.6	0	0.14500
binom	1	0.7	0	0.15000
binom	1	0.8	0	0.13700
binom	1	0.9	0	0.13000
binom	1	0	0.05	0.08800
binom	1	0.1	0.05	0.09600
binom	1	0.2	0.05	0.13700
binom	1	0.3	0.05	0.13800
binom	1	0.4	0.05	0.15300
binom	1	0.5	0.05	0.15500
binom	1	0.6	0.05	0.17400
binom	1	0.7	0.05	0.17900
binom	1	0.8	0.05	0.16900
binom	1	0.9	0.05	0.15600
binom	1	0	0.1	0.17800
binom	1	0.1	0.1	0.15800
binom	1	0.2	0.1	0.15700
binom	1	0.3	0.1	0.17300
binom	1	0.4	0.1	0.17800
binom	1	0.5	0.1	0.17600
binom	1	0.6	0.1	0.20500
binom	1	0.7	0.1	0.20600
binom	1	0.8	0.1	0.16400
binom	1	0.9	0.1	0.17200
binom	1	0	0.2	0.30700
binom	1	0.1	0.2	0.28800
binom	1	0.2	0.2	0.29900
binom	1	0.3	0.2	0.26700
binom	1	0.4	0.2	0.22700
binom	1	0.5	0.2	0.23900
binom	1	0.6	0.2	0.21600
binom	1	0.7	0.2	0.20500
binom	1	0.8	0.2	0.23500
binom	1	0.9	0.2	0.21500
