binom	1	0	0	0.01200
binom	1	0.1	0	0.04100
binom	1	0.2	0	0.08300
binom	1	0.3	0	0.11100
binom	1	0.4	0	0.12500
binom	1	0.5	0	0.13000
binom	1	0.6	0	0.13500
binom	1	0.7	0	0.14900
binom	1	0.8	0	0.12500
binom	1	0.9	0	0.14600
binom	1	0	0.05	0.10800
binom	1	0.1	0.05	0.07500
binom	1	0.2	0.05	0.11100
binom	1	0.3	0.05	0.16300
binom	1	0.4	0.05	0.14600
binom	1	0.5	0.05	0.18700
binom	1	0.6	0.05	0.18400
binom	1	0.7	0.05	0.15100
binom	1	0.8	0.05	0.16900
binom	1	0.9	0.05	0.15800
binom	1	0	0.1	0.18500
binom	1	0.1	0.1	0.18100
binom	1	0.2	0.1	0.12700
binom	1	0.3	0.1	0.15600
binom	1	0.4	0.1	0.18200
binom	1	0.5	0.1	0.19300
binom	1	0.6	0.1	0.17500
binom	1	0.7	0.1	0.16800
binom	1	0.8	0.1	0.19300
binom	1	0.9	0.1	0.18400
binom	1	0	0.2	0.31400
binom	1	0.1	0.2	0.31300
binom	1	0.2	0.2	0.26900
binom	1	0.3	0.2	0.24300
binom	1	0.4	0.2	0.23300
binom	1	0.5	0.2	0.23500
binom	1	0.6	0.2	0.21600
binom	1	0.7	0.2	0.22600
binom	1	0.8	0.2	0.21000
binom	1	0.9	0.2	0.21200
