binom	1	0	0	0.01600
binom	1	0.1	0	0.04800
binom	1	0.2	0	0.08800
binom	1	0.3	0	0.10400
binom	1	0.4	0	0.11400
binom	1	0.5	0	0.13000
binom	1	0.6	0	0.13700
binom	1	0.7	0	0.15200
binom	1	0.8	0	0.14900
binom	1	0.9	0	0.12500
binom	1	0	0.05	0.09600
binom	1	0.1	0.05	0.08700
binom	1	0.2	0.05	0.12100
binom	1	0.3	0.05	0.13100
binom	1	0.4	0.05	0.15300
binom	1	0.5	0.05	0.16100
binom	1	0.6	0.05	0.18400
binom	1	0.7	0.05	0.17000
binom	1	0.8	0.05	0.15900
binom	1	0.9	0.05	0.14600
binom	1	0	0.1	0.16000
binom	1	0.1	0.1	0.14400
binom	1	0.2	0.1	0.15500
binom	1	0.3	0.1	0.16600
binom	1	0.4	0.1	0.18200
binom	1	0.5	0.1	0.19400
binom	1	0.6	0.1	0.18700
binom	1	0.7	0.1	0.21200
binom	1	0.8	0.1	0.17600
binom	1	0.9	0.1	0.19300
binom	1	0	0.2	0.30800
binom	1	0.1	0.2	0.31500
binom	1	0.2	0.2	0.26200
binom	1	0.3	0.2	0.25300
binom	1	0.4	0.2	0.22500
binom	1	0.5	0.2	0.22000
binom	1	0.6	0.2	0.24100
binom	1	0.7	0.2	0.24400
binom	1	0.8	0.2	0.20800
binom	1	0.9	0.2	0.22700
