binom	1	0	0	0.01400
binom	1	0.1	0	0.03200
binom	1	0.2	0	0.08500
binom	1	0.3	0	0.08700
binom	1	0.4	0	0.12400
binom	1	0.5	0	0.12100
binom	1	0.6	0	0.14200
binom	1	0.7	0	0.13700
binom	1	0.8	0	0.15500
binom	1	0.9	0	0.12200
binom	1	0	0.05	0.09800
binom	1	0.1	0.05	0.10400
binom	1	0.2	0.05	0.10100
binom	1	0.3	0.05	0.14100
binom	1	0.4	0.05	0.15100
binom	1	0.5	0.05	0.17100
binom	1	0.6	0.05	0.16000
binom	1	0.7	0.05	0.15100
binom	1	0.8	0.05	0.16700
binom	1	0.9	0.05	0.13700
binom	1	0	0.1	0.18100
binom	1	0.1	0.1	0.17500
binom	1	0.2	0.1	0.13800
binom	1	0.3	0.1	0.17000
binom	1	0.4	0.1	0.18400
binom	1	0.5	0.1	0.18300
binom	1	0.6	0.1	0.21600
binom	1	0.7	0.1	0.16700
binom	1	0.8	0.1	0.17300
binom	1	0.9	0.1	0.14700
binom	1	0	0.2	0.30600
binom	1	0.1	0.2	0.28400
binom	1	0.2	0.2	0.31100
binom	1	0.3	0.2	0.26800
binom	1	0.4	0.2	0.22800
binom	1	0.5	0.2	0.23100
binom	1	0.6	0.2	0.23700
binom	1	0.7	0.2	0.20500
binom	1	0.8	0.2	0.22500
binom	1	0.9	0.2	0.19800
