binom	1	0	0	0.01300
binom	1	0.1	0	0.03900
binom	1	0.2	0	0.08400
binom	1	0.3	0	0.11400
binom	1	0.4	0	0.11200
binom	1	0.5	0	0.13700
binom	1	0.6	0	0.15100
binom	1	0.7	0	0.16400
binom	1	0.8	0	0.16400
binom	1	0.9	0	0.12800
binom	1	0	0.05	0.08200
binom	1	0.1	0.05	0.10400
binom	1	0.2	0.05	0.12500
binom	1	0.3	0.05	0.12700
binom	1	0.4	0.05	0.16600
binom	1	0.5	0.05	0.18100
binom	1	0.6	0.05	0.15100
binom	1	0.7	0.05	0.16900
binom	1	0.8	0.05	0.15200
binom	1	0.9	0.05	0.15400
binom	1	0	0.1	0.18300
binom	1	0.1	0.1	0.16000
binom	1	0.2	0.1	0.15000
binom	1	0.3	0.1	0.17500
binom	1	0.4	0.1	0.18400
binom	1	0.5	0.1	0.19400
binom	1	0.6	0.1	0.17200
binom	1	0.7	0.1	0.17400
binom	1	0.8	0.1	0.17100
binom	1	0.9	0.1	0.18100
binom	1	0	0.2	0.31100
binom	1	0.1	0.2	0.29700
binom	1	0.2	0.2	0.24900
binom	1	0.3	0.2	0.25200
binom	1	0.4	0.2	0.23100
binom	1	0.5	0.2	0.22600
binom	1	0.6	0.2	0.22600
binom	1	0.7	0.2	0.22900
binom	1	0.8	0.2	0.23300
binom	1	0.9	0.2	0.21800
