binom	1	0	0	0.00500
binom	1	0.1	0	0.04400
binom	1	0.2	0	0.07900
binom	1	0.3	0	0.12200
binom	1	0.4	0	0.12300
binom	1	0.5	0	0.12600
binom	1	0.6	0	0.12900
binom	1	0.7	0	0.15600
binom	1	0.8	0	0.15000
binom	1	0.9	0	0.13200
binom	1	0	0.05	0.08300
binom	1	0.1	0.05	0.08700
binom	1	0.2	0.05	0.10200
binom	1	0.3	0.05	0.12900
binom	1	0.4	0.05	0.13300
binom	1	0.5	0.05	0.17000
binom	1	0.6	0.05	0.17500
binom	1	0.7	0.05	0.17500
binom	1	0.8	0.05	0.15700
binom	1	0.9	0.05	0.14600
binom	1	0	0.1	0.15900
binom	1	0.1	0.1	0.15800
binom	1	0.2	0.1	0.16200
binom	1	0.3	0.1	0.15500
binom	1	0.4	0.1	0.19400
binom	1	0.5	0.1	0.19700
binom	1	0.6	0.1	0.18400
binom	1	0.7	0.1	0.20400
binom	1	0.8	0.1	0.18300
binom	1	0.9	0.1	0.16800
binom	1	0	0.2	0.31700
binom	1	0.1	0.2	0.31400
binom	1	0.2	0.2	0.29400
binom	1	0.3	0.2	0.24900
binom	1	0.4	0.2	0.23600
binom	1	0.5	0.2	0.21800
binom	1	0.6	0.2	0.23600
binom	1	0.7	0.2	0.23400
binom	1	0.8	0.2	0.21700
binom	1	0.9	0.2	0.21000
