binom	1	0	0	0.00900
binom	1	0.1	0	0.03700
binom	1	0.2	0	0.08200
binom	1	0.3	0	0.08600
binom	1	0.4	0	0.13000
binom	1	0.5	0	0.14700
binom	1	0.6	0	0.15400
binom	1	0.7	0	0.13900
binom	1	0.8	0	0.12800
binom	1	0.9	0	0.14200
binom	1	0	0.05	0.08100
binom	1	0.1	0.05	0.07100
binom	1	0.2	0.05	0.13500
binom	1	0.3	0.05	0.12400
binom	1	0.4	0.05	0.15100
binom	1	0.5	0.05	0.15800
binom	1	0.6	0.05	0.16700
binom	1	0.7	0.05	0.16300
binom	1	0.8	0.05	0.15700
binom	1	0.9	0.05	0.14400
binom	1	0	0.1	0.16800
binom	1	0.1	0.1	0.15600
binom	1	0.2	0.1	0.14300
binom	1	0.3	0.1	0.16200
binom	1	0.4	0.1	0.18400
binom	1	0.5	0.1	0.19700
binom	1	0.6	0.1	0.17300
binom	1	0.7	0.1	0.23600
binom	1	0.8	0.1	0.19900
binom	1	0.9	0.1	0.17700
binom	1	0	0.2	0.31700
binom	1	0.1	0.2	0.30300
binom	1	0.2	0.2	0.27600
binom	1	0.3	0.2	0.25700
binom	1	0.4	0.2	0.25900
binom	1	0.5	0.2	0.23500
binom	1	0.6	0.2	0.24500
binom	1	0.7	0.2	0.22200
binom	1	0.8	0.2	0.22500
binom	1	0.9	0.2	0.23200
