binom	1	0	0	0.00900
binom	1	0.1	0	0.04700
binom	1	0.2	0	0.06900
binom	1	0.3	0	0.10800
binom	1	0.4	0	0.12800
binom	1	0.5	0	0.13900
binom	1	0.6	0	0.14200
binom	1	0.7	0	0.14500
binom	1	0.8	0	0.15000
binom	1	0.9	0	0.12600
binom	1	0	0.05	0.09600
binom	1	0.1	0.05	0.09500
binom	1	0.2	0.05	0.11300
binom	1	0.3	0.05	0.11900
binom	1	0.4	0.05	0.16500
binom	1	0.5	0.05	0.17600
binom	1	0.6	0.05	0.16200
binom	1	0.7	0.05	0.16900
binom	1	0.8	0.05	0.13700
binom	1	0.9	0.05	0.16200
binom	1	0	0.1	0.18100
binom	1	0.1	0.1	0.15200
binom	1	0.2	0.1	0.15500
binom	1	0.3	0.1	0.17500
binom	1	0.4	0.1	0.18200
binom	1	0.5	0.1	0.21600
binom	1	0.6	0.1	0.19400
binom	1	0.7	0.1	0.18200
binom	1	0.8	0.1	0.17100
binom	1	0.9	0.1	0.18000
binom	1	0	0.2	0.29200
binom	1	0.1	0.2	0.30700
binom	1	0.2	0.2	0.28300
binom	1	0.3	0.2	0.26100
binom	1	0.4	0.2	0.21400
binom	1	0.5	0.2	0.20200
binom	1	0.6	0.2	0.23500
binom	1	0.7	0.2	0.22400
binom	1	0.8	0.2	0.20800
binom	1	0.9	0.2	0.18800
