binom	1	0	0	0.00900
binom	1	0.1	0	0.05000
binom	1	0.2	0	0.08600
binom	1	0.3	0	0.11500
binom	1	0.4	0	0.12300
binom	1	0.5	0	0.13400
binom	1	0.6	0	0.15100
binom	1	0.7	0	0.15900
binom	1	0.8	0	0.13600
binom	1	0.9	0	0.12900
binom	1	0	0.05	0.09700
binom	1	0.1	0.05	0.08200
binom	1	0.2	0.05	0.12700
binom	1	0.3	0.05	0.14200
binom	1	0.4	0.05	0.15500
binom	1	0.5	0.05	0.16800
binom	1	0.6	0.05	0.16400
binom	1	0.7	0.05	0.16400
binom	1	0.8	0.05	0.17000
binom	1	0.9	0.05	0.14500
binom	1	0	0.1	0.15500
binom	1	0.1	0.1	0.17800
binom	1	0.2	0.1	0.15400
binom	1	0.3	0.1	0.16300
binom	1	0.4	0.1	0.18800
binom	1	0.5	0.1	0.16300
binom	1	0.6	0.1	0.18400
binom	1	0.7	0.1	0.18900
binom	1	0.8	0.1	0.15900
binom	1	0.9	0.1	0.14100
binom	1	0	0.2	0.28800
binom	1	0.1	0.2	0.29000
binom	1	0.2	0.2	0.27800
binom	1	0.3	0.2	0.23900
binom	1	0.4	0.2	0.21800
binom	1	0.5	0.2	0.22400
binom	1	0.6	0.2	0.21500
binom	1	0.7	0.2	0.23300
binom	1	0.8	0.2	0.24400
binom	1	0.9	0.2	0.20300
