binom	1	0	0	0.00700
binom	1	0.1	0	0.03800
binom	1	0.2	0	0.09600
binom	1	0.3	0	0.11400
binom	1	0.4	0	0.12400
binom	1	0.5	0	0.12700
binom	1	0.6	0	0.13300
binom	1	0.7	0	0.13600
binom	1	0.8	0	0.14300
binom	1	0.9	0	0.13400
binom	1	0	0.05	0.08200
binom	1	0.1	0.05	0.08200
binom	1	0.2	0.05	0.12200
binom	1	0.3	0.05	0.14400
binom	1	0.4	0.05	0.15600
binom	1	0.5	0.05	0.15100
binom	1	0.6	0.05	0.17000
binom	1	0.7	0.05	0.16200
binom	1	0.8	0.05	0.15700
binom	1	0.9	0.05	0.14800
binom	1	0	0.1	0.17800
binom	1	0.1	0.1	0.17100
binom	1	0.2	0.1	0.14900
binom	1	0.3	0.1	0.15100
binom	1	0.4	0.1	0.19100
binom	1	0.5	0.1	0.17500
binom	1	0.6	0.1	0.19800
binom	1	0.7	0.1	0.16100
binom	1	0.8	0.1	0.18600
binom	1	0.9	0.1	0.17900
binom	1	0	0.2	0.30200
binom	1	0.1	0.2	0.30600
binom	1	0.2	0.2	0.26600
binom	1	0.3	0.2	0.25600
binom	1	0.4	0.2	0.22400
binom	1	0.5	0.2	0.21300
binom	1	0.6	0.2	0.21400
binom	1	0.7	0.2	0.23300
binom	1	0.8	0.2	0.21900
binom	1	0.9	0.2	0.21100
