binom	1	0	0	0.00400
binom	1	0.1	0	0.03800
binom	1	0.2	0	0.08600
binom	1	0.3	0	0.09400
binom	1	0.4	0	0.14200
binom	1	0.5	0	0.14200
binom	1	0.6	0	0.14500
binom	1	0.7	0	0.13500
binom	1	0.8	0	0.12300
binom	1	0.9	0	0.14000
binom	1	0	0.05	0.09100
binom	1	0.1	0.05	0.08800
binom	1	0.2	0.05	0.10200
binom	1	0.3	0.05	0.13700
binom	1	0.4	0.05	0.15600
binom	1	0.5	0.05	0.16700
binom	1	0.6	0.05	0.16100
binom	1	0.7	0.05	0.17700
binom	1	0.8	0.05	0.14000
binom	1	0.9	0.05	0.15200
binom	1	0	0.1	0.15600
binom	1	0.1	0.1	0.16100
binom	1	0.2	0.1	0.15400
binom	1	0.3	0.1	0.18100
binom	1	0.4	0.1	0.16800
binom	1	0.5	0.1	0.18900
binom	1	0.6	0.1	0.19900
binom	1	0.7	0.1	0.20300
binom	1	0.8	0.1	0.18500
binom	1	0.9	0.1	0.15600
binom	1	0	0.2	0.30900
binom	1	0.1	0.2	0.27500
binom	1	0.2	0.2	0.27100
binom	1	0.3	0.2	0.26700
binom	1	0.4	0.2	0.21300
binom	1	0.5	0.2	0.23300
binom	1	0.6	0.2	0.22000
binom	1	0.7	0.2	0.22200
binom	1	0.8	0.2	0.23300
binom	1	0.9	0.2	0.22300
