binom	1	0	0	0.00900
binom	1	0.1	0	0.05100
binom	1	0.2	0	0.07300
binom	1	0.3	0	0.09800
binom	1	0.4	0	0.11400
binom	1	0.5	0	0.15300
binom	1	0.6	0	0.13600
binom	1	0.7	0	0.16500
binom	1	0.8	0	0.13600
binom	1	0.9	0	0.12500
binom	1	0	0.05	0.09000
binom	1	0.1	0.05	0.09100
binom	1	0.2	0.05	0.12200
binom	1	0.3	0.05	0.13500
binom	1	0.4	0.05	0.15900
binom	1	0.5	0.05	0.17200
binom	1	0.6	0.05	0.18900
binom	1	0.7	0.05	0.18300
binom	1	0.8	0.05	0.17400
binom	1	0.9	0.05	0.14900
binom	1	0	0.1	0.16300
binom	1	0.1	0.1	0.15300
binom	1	0.2	0.1	0.15500
binom	1	0.3	0.1	0.17300
binom	1	0.4	0.1	0.17300
binom	1	0.5	0.1	0.19600
binom	1	0.6	0.1	0.20100
binom	1	0.7	0.1	0.20400
binom	1	0.8	0.1	0.19900
binom	1	0.9	0.1	0.17500
binom	1	0	0.2	0.30500
binom	1	0.1	0.2	0.30300
binom	1	0.2	0.2	0.29100
binom	1	0.3	0.2	0.23900
binom	1	0.4	0.2	0.22700
binom	1	0.5	0.2	0.21900
binom	1	0.6	0.2	0.23100
binom	1	0.7	0.2	0.24000
binom	1	0.8	0.2	0.21800
binom	1	0.9	0.2	0.21800
