binom	1	0	0	0.01700
binom	1	0.1	0	0.04400
binom	1	0.2	0	0.09000
binom	1	0.3	0	0.11200
binom	1	0.4	0	0.14200
binom	1	0.5	0	0.10600
binom	1	0.6	0	0.14900
binom	1	0.7	0	0.14100
binom	1	0.8	0	0.13900
binom	1	0.9	0	0.13100
binom	1	0	0.05	0.08900
binom	1	0.1	0.05	0.07200
binom	1	0.2	0.05	0.10500
binom	1	0.3	0.05	0.12600
binom	1	0.4	0.05	0.15300
binom	1	0.5	0.05	0.17800
binom	1	0.6	0.05	0.17900
binom	1	0.7	0.05	0.17500
binom	1	0.8	0.05	0.13800
binom	1	0.9	0.05	0.16600
binom	1	0	0.1	0.16300
binom	1	0.1	0.1	0.14500
binom	1	0.2	0.1	0.15900
binom	1	0.3	0.1	0.18100
binom	1	0.4	0.1	0.16600
binom	1	0.5	0.1	0.18000
binom	1	0.6	0.1	0.18700
binom	1	0.7	0.1	0.19300
binom	1	0.8	0.1	0.18800
binom	1	0.9	0.1	0.17900
binom	1	0	0.2	0.30600
binom	1	0.1	0.2	0.27200
binom	1	0.2	0.2	0.27100
binom	1	0.3	0.2	0.25700
binom	1	0.4	0.2	0.21800
binom	1	0.5	0.2	0.22800
binom	1	0.6	0.2	0.21400
binom	1	0.7	0.2	0.24800
binom	1	0.8	0.2	0.21200
binom	1	0.9	0.2	0.21000
