binom	1	0	0	0.01400
binom	1	0.1	0	0.04800
binom	1	0.2	0	0.07300
binom	1	0.3	0	0.09300
binom	1	0.4	0	0.11900
binom	1	0.5	0	0.14300
binom	1	0.6	0	0.13400
binom	1	0.7	0	0.13300
binom	1	0.8	0	0.12700
binom	1	0.9	0	0.13800
binom	1	0	0.05	0.09200
binom	1	0.1	0.05	0.08200
binom	1	0.2	0.05	0.12000
binom	1	0.3	0.05	0.12500
binom	1	0.4	0.05	0.13900
binom	1	0.5	0.05	0.16100
binom	1	0.6	0.05	0.17000
binom	1	0.7	0.05	0.16200
binom	1	0.8	0.05	0.16500
binom	1	0.9	0.05	0.15100
binom	1	0	0.1	0.17600
binom	1	0.1	0.1	0.15600
binom	1	0.2	0.1	0.16000
binom	1	0.3	0.1	0.14800
binom	1	0.4	0.1	0.17600
binom	1	0.5	0.1	0.19200
binom	1	0.6	0.1	0.20000
binom	1	0.7	0.1	0.16900
binom	1	0.8	0.1	0.18700
binom	1	0.9	0.1	0.17400
binom	1	0	0.2	0.30400
binom	1	0.1	0.2	0.30100
binom	1	0.2	0.2	0.27100
binom	1	0.3	0.2	0.24400
binom	1	0.4	0.2	0.23000
binom	1	0.5	0.2	0.21200
binom	1	0.6	0.2	0.24700
binom	1	0.7	0.2	0.20000
binom	1	0.8	0.2	0.24400
binom	1	0.9	0.2	0.21500
