binom	1	0	0	0.01000
binom	1	0.1	0	0.04100
binom	1	0.2	0	0.07400
binom	1	0.3	0	0.10400
binom	1	0.4	0	0.12400
binom	1	0.5	0	0.16100
binom	1	0.6	0	0.16300
binom	1	0.7	0	0.13900
binom	1	0.8	0	0.12700
binom	1	0.9	0	0.11600
binom	1	0	0.05	0.10700
binom	1	0.1	0.05	0.08800
binom	1	0.2	0.05	0.10600
binom	1	0.3	0.05	0.12400
binom	1	0.4	0.05	0.15100
binom	1	0.5	0.05	0.16300
binom	1	0.6	0.05	0.17100
binom	1	0.7	0.05	0.18600
binom	1	0.8	0.05	0.15400
binom	1	0.9	0.05	0.15200
binom	1	0	0.1	0.16900
binom	1	0.1	0.1	0.16900
binom	1	0.2	0.1	0.15100
binom	1	0.3	0.1	0.15400
binom	1	0.4	0.1	0.17200
binom	1	0.5	0.1	0.18800
binom	1	0.6	0.1	0.20300
binom	1	0.7	0.1	0.19900
binom	1	0.8	0.1	0.19300
binom	1	0.9	0.1	0.18300
binom	1	0	0.2	0.29500
binom	1	0.1	0.2	0.30200
binom	1	0.2	0.2	0.27900
binom	1	0.3	0.2	0.24500
binom	1	0.4	0.2	0.23500
binom	1	0.5	0.2	0.21900
binom	1	0.6	0.2	0.26000
binom	1	0.7	0.2	0.22100
binom	1	0.8	0.2	0.26100
binom	1	0.9	0.2	0.20700
