binom	1	0	0	0.00900
binom	1	0.1	0	0.04700
binom	1	0.2	0	0.07100
binom	1	0.3	0	0.07600
binom	1	0.4	0	0.13400
binom	1	0.5	0	0.12200
binom	1	0.6	0	0.13000
binom	1	0.7	0	0.14700
binom	1	0.8	0	0.12500
binom	1	0.9	0	0.13300
binom	1	0	0.05	0.08900
binom	1	0.1	0.05	0.09600
binom	1	0.2	0.05	0.10400
binom	1	0.3	0.05	0.14200
binom	1	0.4	0.05	0.15700
binom	1	0.5	0.05	0.15900
binom	1	0.6	0.05	0.17000
binom	1	0.7	0.05	0.14700
binom	1	0.8	0.05	0.16600
binom	1	0.9	0.05	0.15500
binom	1	0	0.1	0.15900
binom	1	0.1	0.1	0.18500
binom	1	0.2	0.1	0.15400
binom	1	0.3	0.1	0.15600
binom	1	0.4	0.1	0.15400
binom	1	0.5	0.1	0.18400
binom	1	0.6	0.1	0.17800
binom	1	0.7	0.1	0.17900
binom	1	0.8	0.1	0.19100
binom	1	0.9	0.1	0.19400
binom	1	0	0.2	0.32300
binom	1	0.1	0.2	0.30600
binom	1	0.2	0.2	0.26600
binom	1	0.3	0.2	0.25100
binom	1	0.4	0.2	0.22800
binom	1	0.5	0.2	0.24400
binom	1	0.6	0.2	0.23800
binom	1	0.7	0.2	0.24000
binom	1	0.8	0.2	0.23800
binom	1	0.9	0.2	0.21000
