binom	1	0	0	0.01300
binom	1	0.1	0	0.04600
binom	1	0.2	0	0.08200
binom	1	0.3	0	0.09600
binom	1	0.4	0	0.12800
binom	1	0.5	0	0.13800
binom	1	0.6	0	0.14400
binom	1	0.7	0	0.14100
binom	1	0.8	0	0.16300
binom	1	0.9	0	0.11300
binom	1	0	0.05	0.10500
binom	1	0.1	0.05	0.09800
binom	1	0.2	0.05	0.11400
binom	1	0.3	0.05	0.12600
binom	1	0.4	0.05	0.14800
binom	1	0.5	0.05	0.15500
binom	1	0.6	0.05	0.16800
binom	1	0.7	0.05	0.16000
binom	1	0.8	0.05	0.17800
binom	1	0.9	0.05	0.15200
binom	1	0	0.1	0.17900
binom	1	0.1	0.1	0.17000
binom	1	0.2	0.1	0.15000
binom	1	0.3	0.1	0.15700
binom	1	0.4	0.1	0.20300
binom	1	0.5	0.1	0.19300
binom	1	0.6	0.1	0.20900
binom	1	0.7	0.1	0.19900
binom	1	0.8	0.1	0.18900
binom	1	0.9	0.1	0.17600
binom	1	0	0.2	0.28600
binom	1	0.1	0.2	0.28800
binom	1	0.2	0.2	0.27100
binom	1	0.3	0.2	0.23700
binom	1	0.4	0.2	0.21900
binom	1	0.5	0.2	0.22800
binom	1	0.6	0.2	0.27700
binom	1	0.7	0.2	0.21000
binom	1	0.8	0.2	0.23900
binom	1	0.9	0.2	0.20300
