binom	1	0	0	0.01000
binom	1	0.1	0	0.05500
binom	1	0.2	0	0.08800
binom	1	0.3	0	0.09800
binom	1	0.4	0	0.13200
binom	1	0.5	0	0.14200
binom	1	0.6	0	0.13400
binom	1	0.7	0	0.12800
binom	1	0.8	0	0.13000
binom	1	0.9	0	0.14000
binom	1	0	0.05	0.09600
binom	1	0.1	0.05	0.09800
binom	1	0.2	0.05	0.10200
binom	1	0.3	0.05	0.13200
binom	1	0.4	0.05	0.15300
binom	1	0.5	0.05	0.17900
binom	1	0.6	0.05	0.17200
binom	1	0.7	0.05	0.16100
binom	1	0.8	0.05	0.16500
binom	1	0.9	0.05	0.15700
binom	1	0	0.1	0.19200
binom	1	0.1	0.1	0.14000
binom	1	0.2	0.1	0.14500
binom	1	0.3	0.1	0.17200
binom	1	0.4	0.1	0.17800
binom	1	0.5	0.1	0.18400
binom	1	0.6	0.1	0.19700
binom	1	0.7	0.1	0.17800
binom	1	0.8	0.1	0.20600
binom	1	0.9	0.1	0.20400
binom	1	0	0.2	0.31100
binom	1	0.1	0.2	0.28600
binom	1	0.2	0.2	0.27400
binom	1	0.3	0.2	0.22200
binom	1	0.4	0.2	0.21600
binom	1	0.5	0.2	0.23000
binom	1	0.6	0.2	0.21400
binom	1	0.7	0.2	0.24700
binom	1	0.8	0.2	0.22000
binom	1	0.9	0.2	0.21800
