binom	1	0	0	0.01700
binom	1	0.1	0	0.04200
binom	1	0.2	0	0.05700
binom	1	0.3	0	0.11500
binom	1	0.4	0	0.12900
binom	1	0.5	0	0.12800
binom	1	0.6	0	0.14600
binom	1	0.7	0	0.14700
binom	1	0.8	0	0.14000
binom	1	0.9	0	0.12800
binom	1	0	0.05	0.09800
binom	1	0.1	0.05	0.08800
binom	1	0.2	0.05	0.12000
binom	1	0.3	0.05	0.14100
binom	1	0.4	0.05	0.15100
binom	1	0.5	0.05	0.15700
binom	1	0.6	0.05	0.17000
binom	1	0.7	0.05	0.16400
binom	1	0.8	0.05	0.17900
binom	1	0.9	0.05	0.18400
binom	1	0	0.1	0.16900
binom	1	0.1	0.1	0.17100
binom	1	0.2	0.1	0.11900
binom	1	0.3	0.1	0.16800
binom	1	0.4	0.1	0.18400
binom	1	0.5	0.1	0.18600
binom	1	0.6	0.1	0.20300
binom	1	0.7	0.1	0.19800
binom	1	0.8	0.1	0.19700
binom	1	0.9	0.1	0.18400
binom	1	0	0.2	0.29400
binom	1	0.1	0.2	0.29800
binom	1	0.2	0.2	0.29600
binom	1	0.3	0.2	0.26300
binom	1	0.4	0.2	0.24000
binom	1	0.5	0.2	0.24000
binom	1	0.6	0.2	0.22100
binom	1	0.7	0.2	0.25800
binom	1	0.8	0.2	0.20700
binom	1	0.9	0.2	0.22000
