binom	1	0	0	0.01200
binom	1	0.1	0	0.04500
binom	1	0.2	0	0.07700
binom	1	0.3	0	0.09800
binom	1	0.4	0	0.12800
binom	1	0.5	0	0.13800
binom	1	0.6	0	0.14900
binom	1	0.7	0	0.12900
binom	1	0.8	0	0.15800
binom	1	0.9	0	0.12600
binom	1	0	0.05	0.08900
binom	1	0.1	0.05	0.09600
binom	1	0.2	0.05	0.12400
binom	1	0.3	0.05	0.13700
binom	1	0.4	0.05	0.14700
binom	1	0.5	0.05	0.15200
binom	1	0.6	0.05	0.18000
binom	1	0.7	0.05	0.16500
binom	1	0.8	0.05	0.17300
binom	1	0.9	0.05	0.14200
binom	1	0	0.1	0.16600
binom	1	0.1	0.1	0.15700
binom	1	0.2	0.1	0.15300
binom	1	0.3	0.1	0.16100
binom	1	0.4	0.1	0.18600
binom	1	0.5	0.1	0.18300
binom	1	0.6	0.1	0.19000
binom	1	0.7	0.1	0.18100
binom	1	0.8	0.1	0.16900
binom	1	0.9	0.1	0.17900
binom	1	0	0.2	0.29500
binom	1	0.1	0.2	0.29900
binom	1	0.2	0.2	0.26800
binom	1	0.3	0.2	0.23600
binom	1	0.4	0.2	0.23100
binom	1	0.5	0.2	0.21900
binom	1	0.6	0.2	0.22700
binom	1	0.7	0.2	0.21200
binom	1	0.8	0.2	0.25400
binom	1	0.9	0.2	0.22700
