binom	1	0	0	0.00700
binom	1	0.1	0	0.03000
binom	1	0.2	0	0.06800
binom	1	0.3	0	0.10100
binom	1	0.4	0	0.11700
binom	1	0.5	0	0.11800
binom	1	0.6	0	0.14300
binom	1	0.7	0	0.14800
binom	1	0.8	0	0.14300
binom	1	0.9	0	0.14500
binom	1	0	0.05	0.09400
binom	1	0.1	0.05	0.08200
binom	1	0.2	0.05	0.11500
binom	1	0.3	0.05	0.13100
binom	1	0.4	0.05	0.17800
binom	1	0.5	0.05	0.15100
binom	1	0.6	0.05	0.18500
binom	1	0.7	0.05	0.16600
binom	1	0.8	0.05	0.16400
binom	1	0.9	0.05	0.15300
binom	1	0	0.1	0.17200
binom	1	0.1	0.1	0.17200
binom	1	0.2	0.1	0.15300
binom	1	0.3	0.1	0.17500
binom	1	0.4	0.1	0.17500
binom	1	0.5	0.1	0.16800
binom	1	0.6	0.1	0.16800
binom	1	0.7	0.1	0.21000
binom	1	0.8	0.1	0.18300
binom	1	0.9	0.1	0.16000
binom	1	0	0.2	0.29100
binom	1	0.1	0.2	0.28300
binom	1	0.2	0.2	0.26200
binom	1	0.3	0.2	0.23300
binom	1	0.4	0.2	0.23900
binom	1	0.5	0.2	0.23900
binom	1	0.6	0.2	0.21500
binom	1	0.7	0.2	0.26200
binom	1	0.8	0.2	0.22300
binom	1	0.9	0.2	0.23500
