binom	1	0	0	0.00900
binom	1	0.1	0	0.04300
binom	1	0.2	0	0.08100
binom	1	0.3	0	0.10600
binom	1	0.4	0	0.12100
binom	1	0.5	0	0.13400
binom	1	0.6	0	0.12900
binom	1	0.7	0	0.13200
binom	1	0.8	0	0.13800
binom	1	0.9	0	0.11900
binom	1	0	0.05	0.09700
binom	1	0.1	0.05	0.08300
binom	1	0.2	0.05	0.11800
binom	1	0.3	0.05	0.11500
binom	1	0.4	0.05	0.16600
binom	1	0.5	0.05	0.17500
binom	1	0.6	0.05	0.17500
binom	1	0.7	0.05	0.17000
binom	1	0.8	0.05	0.16000
binom	1	0.9	0.05	0.17000
binom	1	0	0.1	0.16800
binom	1	0.1	0.1	0.15100
binom	1	0.2	0.1	0.15000
binom	1	0.3	0.1	0.15600
binom	1	0.4	0.1	0.18200
binom	1	0.5	0.1	0.19700
binom	1	0.6	0.1	0.19600
binom	1	0.7	0.1	0.19400
binom	1	0.8	0.1	0.20600
binom	1	0.9	0.1	0.18400
binom	1	0	0.2	0.27200
binom	1	0.1	0.2	0.30000
binom	1	0.2	0.2	0.26100
binom	1	0.3	0.2	0.21900
binom	1	0.4	0.2	0.22500
binom	1	0.5	0.2	0.23200
binom	1	0.6	0.2	0.23400
binom	1	0.7	0.2	0.25600
binom	1	0.8	0.2	0.23300
binom	1	0.9	0.2	0.20600
