binom	1	0	0	0.01200
binom	1	0.1	0	0.05400
binom	1	0.2	0	0.08000
binom	1	0.3	0	0.09700
binom	1	0.4	0	0.13900
binom	1	0.5	0	0.14100
binom	1	0.6	0	0.12200
binom	1	0.7	0	0.13200
binom	1	0.8	0	0.13600
binom	1	0.9	0	0.13100
binom	1	0	0.05	0.08300
binom	1	0.1	0.05	0.08200
binom	1	0.2	0.05	0.10600
binom	1	0.3	0.05	0.15200
binom	1	0.4	0.05	0.16400
binom	1	0.5	0.05	0.18200
binom	1	0.6	0.05	0.17000
binom	1	0.7	0.05	0.17100
binom	1	0.8	0.05	0.17800
binom	1	0.9	0.05	0.16100
binom	1	0	0.1	0.17400
binom	1	0.1	0.1	0.15000
binom	1	0.2	0.1	0.14400
binom	1	0.3	0.1	0.16400
binom	1	0.4	0.1	0.17600
binom	1	0.5	0.1	0.19700
binom	1	0.6	0.1	0.18500
binom	1	0.7	0.1	0.16800
binom	1	0.8	0.1	0.17400
binom	1	0.9	0.1	0.16600
binom	1	0	0.2	0.30100
binom	1	0.1	0.2	0.29100
binom	1	0.2	0.2	0.24500
binom	1	0.3	0.2	0.23600
binom	1	0.4	0.2	0.22600
binom	1	0.5	0.2	0.23600
binom	1	0.6	0.2	0.20800
binom	1	0.7	0.2	0.23300
binom	1	0.8	0.2	0.20900
binom	1	0.9	0.2	0.22400
