binom	1	0	0	0.01300
binom	1	0.1	0	0.04200
binom	1	0.2	0	0.07900
binom	1	0.3	0	0.10300
binom	1	0.4	0	0.10800
binom	1	0.5	0	0.12600
binom	1	0.6	0	0.13400
binom	1	0.7	0	0.13400
binom	1	0.8	0	0.14100
binom	1	0.9	0	0.14100
binom	1	0	0.05	0.08800
binom	1	0.1	0.05	0.09300
binom	1	0.2	0.05	0.10800
binom	1	0.3	0.05	0.12700
binom	1	0.4	0.05	0.15600
binom	1	0.5	0.05	0.17300
binom	1	0.6	0.05	0.17100
binom	1	0.7	0.05	0.17300
binom	1	0.8	0.05	0.14400
binom	1	0.9	0.05	0.15600
binom	1	0	0.1	0.18200
binom	1	0.1	0.1	0.15800
binom	1	0.2	0.1	0.13300
binom	1	0.3	0.1	0.15200
binom	1	0.4	0.1	0.16500
binom	1	0.5	0.1	0.18600
binom	1	0.6	0.1	0.18400
binom	1	0.7	0.1	0.19800
binom	1	0.8	0.1	0.19200
binom	1	0.9	0.1	0.18000
binom	1	0	0.2	0.30600
binom	1	0.1	0.2	0.27600
binom	1	0.2	0.2	0.28200
binom	1	0.3	0.2	0.23700
binom	1	0.4	0.2	0.23700
binom	1	0.5	0.2	0.22600
binom	1	0.6	0.2	0.22400
binom	1	0.7	0.2	0.23000
binom	1	0.8	0.2	0.23300
binom	1	0.9	0.2	0.20900
