binom	1	0	0	0.00500
binom	1	0.1	0	0.05400
binom	1	0.2	0	0.08200
binom	1	0.3	0	0.11100
binom	1	0.4	0	0.14100
binom	1	0.5	0	0.13700
binom	1	0.6	0	0.13900
binom	1	0.7	0	0.13500
binom	1	0.8	0	0.13300
binom	1	0.9	0	0.14400
binom	1	0	0.05	0.10100
binom	1	0.1	0.05	0.07300
binom	1	0.2	0.05	0.12300
binom	1	0.3	0.05	0.14400
binom	1	0.4	0.05	0.15500
binom	1	0.5	0.05	0.17200
binom	1	0.6	0.05	0.15800
binom	1	0.7	0.05	0.17600
binom	1	0.8	0.05	0.17400
binom	1	0.9	0.05	0.14600
binom	1	0	0.1	0.17200
binom	1	0.1	0.1	0.16300
binom	1	0.2	0.1	0.15700
binom	1	0.3	0.1	0.15700
binom	1	0.4	0.1	0.17900
binom	1	0.5	0.1	0.21600
binom	1	0.6	0.1	0.19000
binom	1	0.7	0.1	0.17400
binom	1	0.8	0.1	0.19400
binom	1	0.9	0.1	0.18000
binom	1	0	0.2	0.29200
binom	1	0.1	0.2	0.28200
binom	1	0.2	0.2	0.27100
binom	1	0.3	0.2	0.25400
binom	1	0.4	0.2	0.22700
binom	1	0.5	0.2	0.23300
binom	1	0.6	0.2	0.23900
binom	1	0.7	0.2	0.22500
binom	1	0.8	0.2	0.21200
binom	1	0.9	0.2	0.22100
