binom	1	0	0	0.01200
binom	1	0.1	0	0.04400
binom	1	0.2	0	0.07200
binom	1	0.3	0	0.10700
binom	1	0.4	0	0.12600
binom	1	0.5	0	0.14400
binom	1	0.6	0	0.13800
binom	1	0.7	0	0.14600
binom	1	0.8	0	0.15800
binom	1	0.9	0	0.14200
binom	1	0	0.05	0.10800
binom	1	0.1	0.05	0.07800
binom	1	0.2	0.05	0.10900
binom	1	0.3	0.05	0.12600
binom	1	0.4	0.05	0.15600
binom	1	0.5	0.05	0.14800
binom	1	0.6	0.05	0.16800
binom	1	0.7	0.05	0.16800
binom	1	0.8	0.05	0.16200
binom	1	0.9	0.05	0.14500
binom	1	0	0.1	0.16000
binom	1	0.1	0.1	0.15400
binom	1	0.2	0.1	0.15000
binom	1	0.3	0.1	0.16200
binom	1	0.4	0.1	0.16100
binom	1	0.5	0.1	0.19500
binom	1	0.6	0.1	0.19200
binom	1	0.7	0.1	0.19100
binom	1	0.8	0.1	0.19900
binom	1	0.9	0.1	0.18700
binom	1	0	0.2	0.30000
binom	1	0.1	0.2	0.32600
binom	1	0.2	0.2	0.27800
binom	1	0.3	0.2	0.25200
binom	1	0.4	0.2	0.22800
binom	1	0.5	0.2	0.23000
binom	1	0.6	0.2	0.20100
binom	1	0.7	0.2	0.21700
binom	1	0.8	0.2	0.20400
binom	1	0.9	0.2	0.20800
