binom	1	0	0	0.01100
binom	1	0.1	0	0.05600
binom	1	0.2	0	0.07700
binom	1	0.3	0	0.10000
binom	1	0.4	0	0.12700
binom	1	0.5	0	0.13300
binom	1	0.6	0	0.13300
binom	1	0.7	0	0.15000
binom	1	0.8	0	0.13900
binom	1	0.9	0	0.13900
binom	1	0	0.05	0.10500
binom	1	0.1	0.05	0.09400
binom	1	0.2	0.05	0.10000
binom	1	0.3	0.05	0.14900
binom	1	0.4	0.05	0.14700
binom	1	0.5	0.05	0.14800
binom	1	0.6	0.05	0.14600
binom	1	0.7	0.05	0.16600
binom	1	0.8	0.05	0.17500
binom	1	0.9	0.05	0.15400
binom	1	0	0.1	0.16200
binom	1	0.1	0.1	0.15200
binom	1	0.2	0.1	0.14400
binom	1	0.3	0.1	0.16600
binom	1	0.4	0.1	0.18700
binom	1	0.5	0.1	0.20200
binom	1	0.6	0.1	0.18500
binom	1	0.7	0.1	0.18900
binom	1	0.8	0.1	0.20600
binom	1	0.9	0.1	0.18000
binom	1	0	0.2	0.28500
binom	1	0.1	0.2	0.30500
binom	1	0.2	0.2	0.26700
binom	1	0.3	0.2	0.26300
binom	1	0.4	0.2	0.22200
binom	1	0.5	0.2	0.21600
binom	1	0.6	0.2	0.21900
binom	1	0.7	0.2	0.22200
binom	1	0.8	0.2	0.22900
binom	1	0.9	0.2	0.21700
