binom	1	0	0	0.01000
binom	1	0.1	0	0.03900
binom	1	0.2	0	0.08500
binom	1	0.3	0	0.08600
binom	1	0.4	0	0.11900
binom	1	0.5	0	0.13500
binom	1	0.6	0	0.13000
binom	1	0.7	0	0.13700
binom	1	0.8	0	0.12100
binom	1	0.9	0	0.14000
binom	1	0	0.05	0.10100
binom	1	0.1	0.05	0.09100
binom	1	0.2	0.05	0.11700
binom	1	0.3	0.05	0.14300
binom	1	0.4	0.05	0.14900
binom	1	0.5	0.05	0.16200
binom	1	0.6	0.05	0.16200
binom	1	0.7	0.05	0.18900
binom	1	0.8	0.05	0.17800
binom	1	0.9	0.05	0.13600
binom	1	0	0.1	0.16300
binom	1	0.1	0.1	0.14500
binom	1	0.2	0.1	0.15800
binom	1	0.3	0.1	0.16900
binom	1	0.4	0.1	0.15800
binom	1	0.5	0.1	0.21400
binom	1	0.6	0.1	0.19900
binom	1	0.7	0.1	0.20400
binom	1	0.8	0.1	0.17700
binom	1	0.9	0.1	0.18900
binom	1	0	0.2	0.25800
binom	1	0.1	0.2	0.29300
binom	1	0.2	0.2	0.26700
binom	1	0.3	0.2	0.24700
binom	1	0.4	0.2	0.25500
binom	1	0.5	0.2	0.20900
binom	1	0.6	0.2	0.23000
binom	1	0.7	0.2	0.23600
binom	1	0.8	0.2	0.21300
binom	1	0.9	0.2	0.23100
