binom	1	0	0	0.01400
binom	1	0.1	0	0.04600
binom	1	0.2	0	0.07800
binom	1	0.3	0	0.11000
binom	1	0.4	0	0.10000
binom	1	0.5	0	0.13400
binom	1	0.6	0	0.13000
binom	1	0.7	0	0.15300
binom	1	0.8	0	0.14500
binom	1	0.9	0	0.11500
binom	1	0	0.05	0.09100
binom	1	0.1	0.05	0.08600
binom	1	0.2	0.05	0.12300
binom	1	0.3	0.05	0.13100
binom	1	0.4	0.05	0.13300
binom	1	0.5	0.05	0.15700
binom	1	0.6	0.05	0.17400
binom	1	0.7	0.05	0.14200
binom	1	0.8	0.05	0.18800
binom	1	0.9	0.05	0.15600
binom	1	0	0.1	0.19500
binom	1	0.1	0.1	0.16300
binom	1	0.2	0.1	0.15700
binom	1	0.3	0.1	0.15700
binom	1	0.4	0.1	0.17300
binom	1	0.5	0.1	0.18900
binom	1	0.6	0.1	0.19300
binom	1	0.7	0.1	0.18900
binom	1	0.8	0.1	0.18200
binom	1	0.9	0.1	0.17700
binom	1	0	0.2	0.30800
binom	1	0.1	0.2	0.29800
binom	1	0.2	0.2	0.28000
binom	1	0.3	0.2	0.27100
binom	1	0.4	0.2	0.21700
binom	1	0.5	0.2	0.22500
binom	1	0.6	0.2	0.24000
binom	1	0.7	0.2	0.25600
binom	1	0.8	0.2	0.23300
binom	1	0.9	0.2	0.18000
