binom	1	0	0	0.01400
binom	1	0.1	0	0.03900
binom	1	0.2	0	0.07800
binom	1	0.3	0	0.09500
binom	1	0.4	0	0.12800
binom	1	0.5	0	0.14300
binom	1	0.6	0	0.13300
binom	1	0.7	0	0.13600
binom	1	0.8	0	0.13400
binom	1	0.9	0	0.14100
binom	1	0	0.05	0.08700
binom	1	0.1	0.05	0.08400
binom	1	0.2	0.05	0.11500
binom	1	0.3	0.05	0.12400
binom	1	0.4	0.05	0.14600
binom	1	0.5	0.05	0.16900
binom	1	0.6	0.05	0.16200
binom	1	0.7	0.05	0.17400
binom	1	0.8	0.05	0.15200
binom	1	0.9	0.05	0.13200
binom	1	0	0.1	0.17200
binom	1	0.1	0.1	0.16200
binom	1	0.2	0.1	0.16100
binom	1	0.3	0.1	0.15600
binom	1	0.4	0.1	0.17800
binom	1	0.5	0.1	0.18300
binom	1	0.6	0.1	0.22800
binom	1	0.7	0.1	0.18900
binom	1	0.8	0.1	0.18400
binom	1	0.9	0.1	0.17700
binom	1	0	0.2	0.30300
binom	1	0.1	0.2	0.26500
binom	1	0.2	0.2	0.29000
binom	1	0.3	0.2	0.23400
binom	1	0.4	0.2	0.21900
binom	1	0.5	0.2	0.20600
binom	1	0.6	0.2	0.22300
binom	1	0.7	0.2	0.26100
binom	1	0.8	0.2	0.24900
binom	1	0.9	0.2	0.23000
