binom	1	0	0	0.01500
binom	1	0.1	0	0.03900
binom	1	0.2	0	0.07400
binom	1	0.3	0	0.09500
binom	1	0.4	0	0.12700
binom	1	0.5	0	0.14000
binom	1	0.6	0	0.16200
binom	1	0.7	0	0.13800
binom	1	0.8	0	0.13900
binom	1	0.9	0	0.13100
binom	1	0	0.05	0.09900
binom	1	0.1	0.05	0.08200
binom	1	0.2	0.05	0.10900
binom	1	0.3	0.05	0.12200
binom	1	0.4	0.05	0.14900
binom	1	0.5	0.05	0.13700
binom	1	0.6	0.05	0.16600
binom	1	0.7	0.05	0.17900
binom	1	0.8	0.05	0.15700
binom	1	0.9	0.05	0.16300
binom	1	0	0.1	0.15900
binom	1	0.1	0.1	0.15200
binom	1	0.2	0.1	0.15400
binom	1	0.3	0.1	0.16700
binom	1	0.4	0.1	0.18600
binom	1	0.5	0.1	0.16500
binom	1	0.6	0.1	0.18700
binom	1	0.7	0.1	0.18300
binom	1	0.8	0.1	0.19600
binom	1	0.9	0.1	0.16000
binom	1	0	0.2	0.29800
binom	1	0.1	0.2	0.29900
binom	1	0.2	0.2	0.25500
binom	1	0.3	0.2	0.22800
binom	1	0.4	0.2	0.21300
binom	1	0.5	0.2	0.22300
binom	1	0.6	0.2	0.21200
binom	1	0.7	0.2	0.22900
binom	1	0.8	0.2	0.24000
binom	1	0.9	0.2	0.21900
