binom	1	0	0	0.00800
binom	1	0.1	0	0.04600
binom	1	0.2	0	0.06600
binom	1	0.3	0	0.11900
binom	1	0.4	0	0.10800
binom	1	0.5	0	0.14100
binom	1	0.6	0	0.14000
binom	1	0.7	0	0.15500
binom	1	0.8	0	0.15700
binom	1	0.9	0	0.11100
binom	1	0	0.05	0.08500
binom	1	0.1	0.05	0.08900
binom	1	0.2	0.05	0.12100
binom	1	0.3	0.05	0.14100
binom	1	0.4	0.05	0.14700
binom	1	0.5	0.05	0.15400
binom	1	0.6	0.05	0.17100
binom	1	0.7	0.05	0.15400
binom	1	0.8	0.05	0.16600
binom	1	0.9	0.05	0.14800
binom	1	0	0.1	0.18400
binom	1	0.1	0.1	0.16600
binom	1	0.2	0.1	0.13500
binom	1	0.3	0.1	0.13500
binom	1	0.4	0.1	0.20000
binom	1	0.5	0.1	0.19300
binom	1	0.6	0.1	0.20800
binom	1	0.7	0.1	0.18600
binom	1	0.8	0.1	0.18800
binom	1	0.9	0.1	0.17100
binom	1	0	0.2	0.29300
binom	1	0.1	0.2	0.30800
binom	1	0.2	0.2	0.27600
binom	1	0.3	0.2	0.30500
binom	1	0.4	0.2	0.23400
binom	1	0.5	0.2	0.21700
binom	1	0.6	0.2	0.22400
binom	1	0.7	0.2	0.22600
binom	1	0.8	0.2	0.22500
binom	1	0.9	0.2	0.21500
