binom	1	0	0	0.00600
binom	1	0.1	0	0.03700
binom	1	0.2	0	0.07200
binom	1	0.3	0	0.11400
binom	1	0.4	0	0.13800
binom	1	0.5	0	0.13200
binom	1	0.6	0	0.13500
binom	1	0.7	0	0.14200
binom	1	0.8	0	0.12800
binom	1	0.9	0	0.13500
binom	1	0	0.05	0.10500
binom	1	0.1	0.05	0.09500
binom	1	0.2	0.05	0.11600
binom	1	0.3	0.05	0.13700
binom	1	0.4	0.05	0.17000
binom	1	0.5	0.05	0.15900
binom	1	0.6	0.05	0.17300
binom	1	0.7	0.05	0.16300
binom	1	0.8	0.05	0.18200
binom	1	0.9	0.05	0.17100
binom	1	0	0.1	0.18300
binom	1	0.1	0.1	0.17100
binom	1	0.2	0.1	0.14100
binom	1	0.3	0.1	0.18900
binom	1	0.4	0.1	0.16400
binom	1	0.5	0.1	0.18600
binom	1	0.6	0.1	0.20500
binom	1	0.7	0.1	0.18000
binom	1	0.8	0.1	0.18700
binom	1	0.9	0.1	0.16000
binom	1	0	0.2	0.28300
binom	1	0.1	0.2	0.30300
binom	1	0.2	0.2	0.27300
binom	1	0.3	0.2	0.22700
binom	1	0.4	0.2	0.21700
binom	1	0.5	0.2	0.21900
binom	1	0.6	0.2	0.24000
binom	1	0.7	0.2	0.23500
binom	1	0.8	0.2	0.22000
binom	1	0.9	0.2	0.23100
