binom	1	0	0	0.01000
binom	1	0.1	0	0.05500
binom	1	0.2	0	0.08800
binom	1	0.3	0	0.12200
binom	1	0.4	0	0.11100
binom	1	0.5	0	0.14000
binom	1	0.6	0	0.14500
binom	1	0.7	0	0.16200
binom	1	0.8	0	0.13200
binom	1	0.9	0	0.12600
binom	1	0	0.05	0.09000
binom	1	0.1	0.05	0.09400
binom	1	0.2	0.05	0.10800
binom	1	0.3	0.05	0.13400
binom	1	0.4	0.05	0.16500
binom	1	0.5	0.05	0.18500
binom	1	0.6	0.05	0.16700
binom	1	0.7	0.05	0.16500
binom	1	0.8	0.05	0.16300
binom	1	0.9	0.05	0.13400
binom	1	0	0.1	0.16800
binom	1	0.1	0.1	0.14700
binom	1	0.2	0.1	0.15300
binom	1	0.3	0.1	0.16900
binom	1	0.4	0.1	0.17800
binom	1	0.5	0.1	0.19700
binom	1	0.6	0.1	0.17800
binom	1	0.7	0.1	0.21100
binom	1	0.8	0.1	0.18700
binom	1	0.9	0.1	0.18200
binom	1	0	0.2	0.27300
binom	1	0.1	0.2	0.27500
binom	1	0.2	0.2	0.26300
binom	1	0.3	0.2	0.26800
binom	1	0.4	0.2	0.20200
binom	1	0.5	0.2	0.23300
binom	1	0.6	0.2	0.21700
binom	1	0.7	0.2	0.23800
binom	1	0.8	0.2	0.25000
binom	1	0.9	0.2	0.20600
