binom	1	0	0	0.01300
binom	1	0.1	0	0.05800
binom	1	0.2	0	0.08100
binom	1	0.3	0	0.11800
binom	1	0.4	0	0.12500
binom	1	0.5	0	0.15600
binom	1	0.6	0	0.13300
binom	1	0.7	0	0.12400
binom	1	0.8	0	0.16000
binom	1	0.9	0	0.13200
binom	1	0	0.05	0.08600
binom	1	0.1	0.05	0.09500
binom	1	0.2	0.05	0.11800
binom	1	0.3	0.05	0.12300
binom	1	0.4	0.05	0.15900
binom	1	0.5	0.05	0.16000
binom	1	0.6	0.05	0.16800
binom	1	0.7	0.05	0.14500
binom	1	0.8	0.05	0.17000
binom	1	0.9	0.05	0.16100
binom	1	0	0.1	0.16900
binom	1	0.1	0.1	0.15800
binom	1	0.2	0.1	0.13700
binom	1	0.3	0.1	0.16400
binom	1	0.4	0.1	0.17100
binom	1	0.5	0.1	0.18500
binom	1	0.6	0.1	0.20200
binom	1	0.7	0.1	0.16300
binom	1	0.8	0.1	0.18100
binom	1	0.9	0.1	0.19000
binom	1	0	0.2	0.33700
binom	1	0.1	0.2	0.30100
binom	1	0.2	0.2	0.30700
binom	1	0.3	0.2	0.24300
binom	1	0.4	0.2	0.23400
binom	1	0.5	0.2	0.23500
binom	1	0.6	0.2	0.22400
binom	1	0.7	0.2	0.24300
binom	1	0.8	0.2	0.22400
binom	1	0.9	0.2	0.20100
