binom	1	0	0	0.00900
binom	1	0.1	0	0.04200
binom	1	0.2	0	0.07700
binom	1	0.3	0	0.09900
binom	1	0.4	0	0.12300
binom	1	0.5	0	0.14400
binom	1	0.6	0	0.13400
binom	1	0.7	0	0.13900
binom	1	0.8	0	0.12100
binom	1	0.9	0	0.14500
binom	1	0	0.05	0.09400
binom	1	0.1	0.05	0.08800
binom	1	0.2	0.05	0.11600
binom	1	0.3	0.05	0.14000
binom	1	0.4	0.05	0.14500
binom	1	0.5	0.05	0.16500
binom	1	0.6	0.05	0.19700
binom	1	0.7	0.05	0.17900
binom	1	0.8	0.05	0.14200
binom	1	0.9	0.05	0.16900
binom	1	0	0.1	0.15600
binom	1	0.1	0.1	0.17400
binom	1	0.2	0.1	0.13400
binom	1	0.3	0.1	0.17200
binom	1	0.4	0.1	0.18400
binom	1	0.5	0.1	0.17600
binom	1	0.6	0.1	0.16300
binom	1	0.7	0.1	0.17800
binom	1	0.8	0.1	0.18500
binom	1	0.9	0.1	0.16900
binom	1	0	0.2	0.31100
binom	1	0.1	0.2	0.26900
binom	1	0.2	0.2	0.29100
binom	1	0.3	0.2	0.22700
binom	1	0.4	0.2	0.21000
binom	1	0.5	0.2	0.22300
binom	1	0.6	0.2	0.23400
binom	1	0.7	0.2	0.21900
binom	1	0.8	0.2	0.21800
binom	1	0.9	0.2	0.21500
