binom	1	0	0	0.01500
binom	1	0.1	0	0.03800
binom	1	0.2	0	0.07400
binom	1	0.3	0	0.11200
binom	1	0.4	0	0.11900
binom	1	0.5	0	0.13900
binom	1	0.6	0	0.15400
binom	1	0.7	0	0.14300
binom	1	0.8	0	0.13300
binom	1	0.9	0	0.12100
binom	1	0	0.05	0.08100
binom	1	0.1	0.05	0.07900
binom	1	0.2	0.05	0.13200
binom	1	0.3	0.05	0.14400
binom	1	0.4	0.05	0.15100
binom	1	0.5	0.05	0.16700
binom	1	0.6	0.05	0.16500
binom	1	0.7	0.05	0.15700
binom	1	0.8	0.05	0.17200
binom	1	0.9	0.05	0.14700
binom	1	0	0.1	0.18800
binom	1	0.1	0.1	0.16600
binom	1	0.2	0.1	0.13800
binom	1	0.3	0.1	0.14100
binom	1	0.4	0.1	0.17200
binom	1	0.5	0.1	0.18300
binom	1	0.6	0.1	0.18900
binom	1	0.7	0.1	0.17100
binom	1	0.8	0.1	0.17400
binom	1	0.9	0.1	0.13500
binom	1	0	0.2	0.29900
binom	1	0.1	0.2	0.29900
binom	1	0.2	0.2	0.26200
binom	1	0.3	0.2	0.22900
binom	1	0.4	0.2	0.21200
binom	1	0.5	0.2	0.23700
binom	1	0.6	0.2	0.22300
binom	1	0.7	0.2	0.22400
binom	1	0.8	0.2	0.21200
binom	1	0.9	0.2	0.20600
