binom	1	0	0	0.00900
binom	1	0.1	0	0.04500
binom	1	0.2	0	0.08700
binom	1	0.3	0	0.10600
binom	1	0.4	0	0.12700
binom	1	0.5	0	0.15400
binom	1	0.6	0	0.13800
binom	1	0.7	0	0.13300
binom	1	0.8	0	0.12700
binom	1	0.9	0	0.13400
binom	1	0	0.05	0.07500
binom	1	0.1	0.05	0.08700
binom	1	0.2	0.05	0.11300
binom	1	0.3	0.05	0.13600
binom	1	0.4	0.05	0.14200
binom	1	0.5	0.05	0.15700
binom	1	0.6	0.05	0.16700
binom	1	0.7	0.05	0.16800
binom	1	0.8	0.05	0.15800
binom	1	0.9	0.05	0.15900
binom	1	0	0.1	0.16300
binom	1	0.1	0.1	0.17900
binom	1	0.2	0.1	0.15100
binom	1	0.3	0.1	0.16900
binom	1	0.4	0.1	0.18700
binom	1	0.5	0.1	0.20200
binom	1	0.6	0.1	0.18300
binom	1	0.7	0.1	0.17800
binom	1	0.8	0.1	0.19200
binom	1	0.9	0.1	0.18000
binom	1	0	0.2	0.31300
binom	1	0.1	0.2	0.28600
binom	1	0.2	0.2	0.27400
binom	1	0.3	0.2	0.23800
binom	1	0.4	0.2	0.23200
binom	1	0.5	0.2	0.21800
binom	1	0.6	0.2	0.21100
binom	1	0.7	0.2	0.23300
binom	1	0.8	0.2	0.22200
binom	1	0.9	0.2	0.21300
