binom	1	0	0	0.01500
binom	1	0.1	0	0.03900
binom	1	0.2	0	0.09200
binom	1	0.3	0	0.11100
binom	1	0.4	0	0.11200
binom	1	0.5	0	0.13400
binom	1	0.6	0	0.17200
binom	1	0.7	0	0.13200
binom	1	0.8	0	0.14800
binom	1	0.9	0	0.14300
binom	1	0	0.05	0.10900
binom	1	0.1	0.05	0.08700
binom	1	0.2	0.05	0.09800
binom	1	0.3	0.05	0.13700
binom	1	0.4	0.05	0.15600
binom	1	0.5	0.05	0.15500
binom	1	0.6	0.05	0.17900
binom	1	0.7	0.05	0.15000
binom	1	0.8	0.05	0.16200
binom	1	0.9	0.05	0.15800
binom	1	0	0.1	0.17400
binom	1	0.1	0.1	0.14900
binom	1	0.2	0.1	0.14400
binom	1	0.3	0.1	0.17300
binom	1	0.4	0.1	0.16100
binom	1	0.5	0.1	0.17100
binom	1	0.6	0.1	0.21000
binom	1	0.7	0.1	0.18800
binom	1	0.8	0.1	0.20000
binom	1	0.9	0.1	0.16200
binom	1	0	0.2	0.27100
binom	1	0.1	0.2	0.28000
binom	1	0.2	0.2	0.28200
binom	1	0.3	0.2	0.24200
binom	1	0.4	0.2	0.21400
binom	1	0.5	0.2	0.22900
binom	1	0.6	0.2	0.21900
binom	1	0.7	0.2	0.23700
binom	1	0.8	0.2	0.22100
binom	1	0.9	0.2	0.21300
