binom	1	0	0	0.01000
binom	1	0.1	0	0.03900
binom	1	0.2	0	0.07700
binom	1	0.3	0	0.10400
binom	1	0.4	0	0.11200
binom	1	0.5	0	0.16100
binom	1	0.6	0	0.16500
binom	1	0.7	0	0.13200
binom	1	0.8	0	0.14700
binom	1	0.9	0	0.12700
binom	1	0	0.05	0.08900
binom	1	0.1	0.05	0.09300
binom	1	0.2	0.05	0.11200
binom	1	0.3	0.05	0.13100
binom	1	0.4	0.05	0.15200
binom	1	0.5	0.05	0.18600
binom	1	0.6	0.05	0.15400
binom	1	0.7	0.05	0.16500
binom	1	0.8	0.05	0.17900
binom	1	0.9	0.05	0.15500
binom	1	0	0.1	0.16200
binom	1	0.1	0.1	0.15900
binom	1	0.2	0.1	0.14200
binom	1	0.3	0.1	0.15100
binom	1	0.4	0.1	0.18200
binom	1	0.5	0.1	0.19900
binom	1	0.6	0.1	0.19300
binom	1	0.7	0.1	0.19200
binom	1	0.8	0.1	0.18800
binom	1	0.9	0.1	0.17300
binom	1	0	0.2	0.30000
binom	1	0.1	0.2	0.30400
binom	1	0.2	0.2	0.26800
binom	1	0.3	0.2	0.24600
binom	1	0.4	0.2	0.21500
binom	1	0.5	0.2	0.24500
binom	1	0.6	0.2	0.21200
binom	1	0.7	0.2	0.23900
binom	1	0.8	0.2	0.22000
binom	1	0.9	0.2	0.20200
