binom	1	0	0	0.00700
binom	1	0.1	0	0.04100
binom	1	0.2	0	0.07200
binom	1	0.3	0	0.12000
binom	1	0.4	0	0.11100
binom	1	0.5	0	0.15700
binom	1	0.6	0	0.15700
binom	1	0.7	0	0.15200
binom	1	0.8	0	0.15200
binom	1	0.9	0	0.15000
binom	1	0	0.05	0.09700
binom	1	0.1	0.05	0.09500
binom	1	0.2	0.05	0.10900
binom	1	0.3	0.05	0.15200
binom	1	0.4	0.05	0.15100
binom	1	0.5	0.05	0.17900
binom	1	0.6	0.05	0.15400
binom	1	0.7	0.05	0.17600
binom	1	0.8	0.05	0.16800
binom	1	0.9	0.05	0.15200
binom	1	0	0.1	0.15600
binom	1	0.1	0.1	0.17600
binom	1	0.2	0.1	0.14700
binom	1	0.3	0.1	0.16700
binom	1	0.4	0.1	0.19700
binom	1	0.5	0.1	0.17400
binom	1	0.6	0.1	0.20600
binom	1	0.7	0.1	0.21300
binom	1	0.8	0.1	0.16200
binom	1	0.9	0.1	0.18600
binom	1	0	0.2	0.30600
binom	1	0.1	0.2	0.27600
binom	1	0.2	0.2	0.27300
binom	1	0.3	0.2	0.26900
binom	1	0.4	0.2	0.22900
binom	1	0.5	0.2	0.25500
binom	1	0.6	0.2	0.22600
binom	1	0.7	0.2	0.20900
binom	1	0.8	0.2	0.20100
binom	1	0.9	0.2	0.20500
