binom	1	0	0	0.01100
binom	1	0.1	0	0.04700
binom	1	0.2	0	0.07600
binom	1	0.3	0	0.11600
binom	1	0.4	0	0.11900
binom	1	0.5	0	0.14500
binom	1	0.6	0	0.16000
binom	1	0.7	0	0.14000
binom	1	0.8	0	0.14500
binom	1	0.9	0	0.13800
binom	1	0	0.05	0.10000
binom	1	0.1	0.05	0.07400
binom	1	0.2	0.05	0.11700
binom	1	0.3	0.05	0.12200
binom	1	0.4	0.05	0.14600
binom	1	0.5	0.05	0.14300
binom	1	0.6	0.05	0.16900
binom	1	0.7	0.05	0.17500
binom	1	0.8	0.05	0.19400
binom	1	0.9	0.05	0.14800
binom	1	0	0.1	0.17000
binom	1	0.1	0.1	0.16100
binom	1	0.2	0.1	0.13300
binom	1	0.3	0.1	0.15700
binom	1	0.4	0.1	0.18600
binom	1	0.5	0.1	0.16900
binom	1	0.6	0.1	0.18500
binom	1	0.7	0.1	0.22200
binom	1	0.8	0.1	0.17600
binom	1	0.9	0.1	0.17000
binom	1	0	0.2	0.29400
binom	1	0.1	0.2	0.29300
binom	1	0.2	0.2	0.26900
binom	1	0.3	0.2	0.23300
binom	1	0.4	0.2	0.22200
binom	1	0.5	0.2	0.24200
binom	1	0.6	0.2	0.21600
binom	1	0.7	0.2	0.23700
binom	1	0.8	0.2	0.22500
binom	1	0.9	0.2	0.20400
