binom	1	0	0	0.01100
binom	1	0.1	0	0.04600
binom	1	0.2	0	0.08600
binom	1	0.3	0	0.11000
binom	1	0.4	0	0.11800
binom	1	0.5	0	0.13600
binom	1	0.6	0	0.14200
binom	1	0.7	0	0.15400
binom	1	0.8	0	0.14800
binom	1	0.9	0	0.14800
binom	1	0	0.05	0.09100
binom	1	0.1	0.05	0.07500
binom	1	0.2	0.05	0.10500
binom	1	0.3	0.05	0.14300
binom	1	0.4	0.05	0.11600
binom	1	0.5	0.05	0.15300
binom	1	0.6	0.05	0.17100
binom	1	0.7	0.05	0.15200
binom	1	0.8	0.05	0.15600
binom	1	0.9	0.05	0.14700
binom	1	0	0.1	0.16400
binom	1	0.1	0.1	0.16300
binom	1	0.2	0.1	0.13400
binom	1	0.3	0.1	0.17300
binom	1	0.4	0.1	0.18900
binom	1	0.5	0.1	0.19000
binom	1	0.6	0.1	0.15600
binom	1	0.7	0.1	0.18200
binom	1	0.8	0.1	0.16900
binom	1	0.9	0.1	0.18100
binom	1	0	0.2	0.29000
binom	1	0.1	0.2	0.27900
binom	1	0.2	0.2	0.27000
binom	1	0.3	0.2	0.24600
binom	1	0.4	0.2	0.21800
binom	1	0.5	0.2	0.23200
binom	1	0.6	0.2	0.23000
binom	1	0.7	0.2	0.24600
binom	1	0.8	0.2	0.19700
binom	1	0.9	0.2	0.22900
