binom	1	0	0	0.00400
binom	1	0.1	0	0.04700
binom	1	0.2	0	0.09300
binom	1	0.3	0	0.10600
binom	1	0.4	0	0.13000
binom	1	0.5	0	0.12000
binom	1	0.6	0	0.13600
binom	1	0.7	0	0.15100
binom	1	0.8	0	0.13900
binom	1	0.9	0	0.12200
binom	1	0	0.05	0.08200
binom	1	0.1	0.05	0.08700
binom	1	0.2	0.05	0.11300
binom	1	0.3	0.05	0.14900
binom	1	0.4	0.05	0.14000
binom	1	0.5	0.05	0.16500
binom	1	0.6	0.05	0.16800
binom	1	0.7	0.05	0.16800
binom	1	0.8	0.05	0.14800
binom	1	0.9	0.05	0.14100
binom	1	0	0.1	0.18400
binom	1	0.1	0.1	0.15800
binom	1	0.2	0.1	0.15700
binom	1	0.3	0.1	0.17500
binom	1	0.4	0.1	0.18000
binom	1	0.5	0.1	0.17000
binom	1	0.6	0.1	0.21300
binom	1	0.7	0.1	0.21300
binom	1	0.8	0.1	0.15900
binom	1	0.9	0.1	0.16100
binom	1	0	0.2	0.30100
binom	1	0.1	0.2	0.32700
binom	1	0.2	0.2	0.26900
binom	1	0.3	0.2	0.24000
binom	1	0.4	0.2	0.21900
binom	1	0.5	0.2	0.24500
binom	1	0.6	0.2	0.24100
binom	1	0.7	0.2	0.23100
binom	1	0.8	0.2	0.20300
binom	1	0.9	0.2	0.21700
