binom	0.02520
binom	0.02100
binom	0.02360
binom	0.02340
binom	0.02520
binom	0.02500
binom	0.01960
binom	0.01960
binom	0.01900
binom	0.02400
binom	0.02020
binom	0.01820
binom	0.02160
binom	0.02160
binom	0.02180
binom	0.02020
binom	0.02080
binom	0.01940
binom	0.01840
binom	0.02440
binom	0.01700
binom	0.01600
binom	0.02000
binom	0.01800
binom	0.02080
binom	0.02160
binom	0.02220
binom	0.01640
binom	0.01880
binom	0.01700
binom	0.01940
binom	0.01920
binom	0.01760
binom	0.01380
binom	0.01840
binom	0.02000
binom	0.01700
binom	0.01740
binom	0.01900
binom	0.02080
binom	0.01740
binom	0.01640
binom	0.01760
binom	0.01720
binom	0.01520
binom	0.01500
binom	0.01560
binom	0.01220
binom	0.01440
binom	0.01300
binom	0.01520
