binom	1	0	0	0.00800
binom	1	0.1	0	0.03900
binom	1	0.2	0	0.07100
binom	1	0.3	0	0.10200
binom	1	0.4	0	0.12400
binom	1	0.5	0	0.13200
binom	1	0.6	0	0.14300
binom	1	0.7	0	0.15700
binom	1	0.8	0	0.13600
binom	1	0.9	0	0.10600
binom	1	0	0.05	0.10200
binom	1	0.1	0.05	0.08800
binom	1	0.2	0.05	0.10000
binom	1	0.3	0.05	0.12700
binom	1	0.4	0.05	0.14200
binom	1	0.5	0.05	0.17200
binom	1	0.6	0.05	0.17100
binom	1	0.7	0.05	0.17600
binom	1	0.8	0.05	0.17900
binom	1	0.9	0.05	0.16900
binom	1	0	0.1	0.16600
binom	1	0.1	0.1	0.14500
binom	1	0.2	0.1	0.16200
binom	1	0.3	0.1	0.16400
binom	1	0.4	0.1	0.17000
binom	1	0.5	0.1	0.16900
binom	1	0.6	0.1	0.18300
binom	1	0.7	0.1	0.16700
binom	1	0.8	0.1	0.18400
binom	1	0.9	0.1	0.18400
binom	1	0	0.2	0.30700
binom	1	0.1	0.2	0.28800
binom	1	0.2	0.2	0.27500
binom	1	0.3	0.2	0.24800
binom	1	0.4	0.2	0.22500
binom	1	0.5	0.2	0.23200
binom	1	0.6	0.2	0.25300
binom	1	0.7	0.2	0.22300
binom	1	0.8	0.2	0.22000
binom	1	0.9	0.2	0.22100
