binom	1	0	0	0.01100
binom	1	0.1	0	0.05100
binom	1	0.2	0	0.07500
binom	1	0.3	0	0.11200
binom	1	0.4	0	0.12000
binom	1	0.5	0	0.14000
binom	1	0.6	0	0.12900
binom	1	0.7	0	0.14700
binom	1	0.8	0	0.14300
binom	1	0.9	0	0.14600
binom	1	0	0.05	0.09100
binom	1	0.1	0.05	0.09500
binom	1	0.2	0.05	0.13000
binom	1	0.3	0.05	0.14300
binom	1	0.4	0.05	0.15300
binom	1	0.5	0.05	0.15200
binom	1	0.6	0.05	0.16800
binom	1	0.7	0.05	0.17900
binom	1	0.8	0.05	0.14500
binom	1	0.9	0.05	0.15900
binom	1	0	0.1	0.20400
binom	1	0.1	0.1	0.15800
binom	1	0.2	0.1	0.15100
binom	1	0.3	0.1	0.16700
binom	1	0.4	0.1	0.16400
binom	1	0.5	0.1	0.19200
binom	1	0.6	0.1	0.19400
binom	1	0.7	0.1	0.19900
binom	1	0.8	0.1	0.18000
binom	1	0.9	0.1	0.18600
binom	1	0	0.2	0.31100
binom	1	0.1	0.2	0.30200
binom	1	0.2	0.2	0.29200
binom	1	0.3	0.2	0.23200
binom	1	0.4	0.2	0.22800
binom	1	0.5	0.2	0.23100
binom	1	0.6	0.2	0.24100
binom	1	0.7	0.2	0.23000
binom	1	0.8	0.2	0.22700
binom	1	0.9	0.2	0.21100
