binom	1	0	0	0.00900
binom	1	0.1	0	0.04600
binom	1	0.2	0	0.09200
binom	1	0.3	0	0.10000
binom	1	0.4	0	0.13400
binom	1	0.5	0	0.11500
binom	1	0.6	0	0.13500
binom	1	0.7	0	0.13400
binom	1	0.8	0	0.15500
binom	1	0.9	0	0.15100
binom	1	0	0.05	0.09700
binom	1	0.1	0.05	0.09400
binom	1	0.2	0.05	0.10000
binom	1	0.3	0.05	0.13500
binom	1	0.4	0.05	0.15400
binom	1	0.5	0.05	0.18300
binom	1	0.6	0.05	0.17100
binom	1	0.7	0.05	0.16500
binom	1	0.8	0.05	0.15000
binom	1	0.9	0.05	0.15700
binom	1	0	0.1	0.16000
binom	1	0.1	0.1	0.19000
binom	1	0.2	0.1	0.15400
binom	1	0.3	0.1	0.16500
binom	1	0.4	0.1	0.18400
binom	1	0.5	0.1	0.16700
binom	1	0.6	0.1	0.20700
binom	1	0.7	0.1	0.19900
binom	1	0.8	0.1	0.20000
binom	1	0.9	0.1	0.17200
binom	1	0	0.2	0.30100
binom	1	0.1	0.2	0.31800
binom	1	0.2	0.2	0.27100
binom	1	0.3	0.2	0.27300
binom	1	0.4	0.2	0.21900
binom	1	0.5	0.2	0.21800
binom	1	0.6	0.2	0.22200
binom	1	0.7	0.2	0.25800
binom	1	0.8	0.2	0.22100
binom	1	0.9	0.2	0.21000
