binom	1	0	0	0.01300
binom	1	0.1	0	0.04200
binom	1	0.2	0	0.07900
binom	1	0.3	0	0.11100
binom	1	0.4	0	0.11900
binom	1	0.5	0	0.13700
binom	1	0.6	0	0.12700
binom	1	0.7	0	0.13700
binom	1	0.8	0	0.13900
binom	1	0.9	0	0.13800
binom	1	0	0.05	0.07600
binom	1	0.1	0.05	0.10500
binom	1	0.2	0.05	0.10400
binom	1	0.3	0.05	0.12600
binom	1	0.4	0.05	0.14700
binom	1	0.5	0.05	0.16400
binom	1	0.6	0.05	0.17300
binom	1	0.7	0.05	0.17600
binom	1	0.8	0.05	0.16400
binom	1	0.9	0.05	0.15200
binom	1	0	0.1	0.16300
binom	1	0.1	0.1	0.16700
binom	1	0.2	0.1	0.15300
binom	1	0.3	0.1	0.14400
binom	1	0.4	0.1	0.15400
binom	1	0.5	0.1	0.18400
binom	1	0.6	0.1	0.19800
binom	1	0.7	0.1	0.19000
binom	1	0.8	0.1	0.18400
binom	1	0.9	0.1	0.15000
binom	1	0	0.2	0.26100
binom	1	0.1	0.2	0.31300
binom	1	0.2	0.2	0.27200
binom	1	0.3	0.2	0.24500
binom	1	0.4	0.2	0.21800
binom	1	0.5	0.2	0.21900
binom	1	0.6	0.2	0.25500
binom	1	0.7	0.2	0.25400
binom	1	0.8	0.2	0.21400
binom	1	0.9	0.2	0.19900
