binom	1	0	0	0.01300
binom	1	0.1	0	0.05100
binom	1	0.2	0	0.08000
binom	1	0.3	0	0.09900
binom	1	0.4	0	0.12300
binom	1	0.5	0	0.15500
binom	1	0.6	0	0.13300
binom	1	0.7	0	0.14400
binom	1	0.8	0	0.14300
binom	1	0.9	0	0.12900
binom	1	0	0.05	0.08500
binom	1	0.1	0.05	0.07700
binom	1	0.2	0.05	0.11900
binom	1	0.3	0.05	0.13700
binom	1	0.4	0.05	0.14900
binom	1	0.5	0.05	0.15400
binom	1	0.6	0.05	0.16200
binom	1	0.7	0.05	0.16500
binom	1	0.8	0.05	0.17400
binom	1	0.9	0.05	0.16300
binom	1	0	0.1	0.17800
binom	1	0.1	0.1	0.17500
binom	1	0.2	0.1	0.13100
binom	1	0.3	0.1	0.17200
binom	1	0.4	0.1	0.17300
binom	1	0.5	0.1	0.19600
binom	1	0.6	0.1	0.21900
binom	1	0.7	0.1	0.18700
binom	1	0.8	0.1	0.18800
binom	1	0.9	0.1	0.15700
binom	1	0	0.2	0.30800
binom	1	0.1	0.2	0.30600
binom	1	0.2	0.2	0.26900
binom	1	0.3	0.2	0.24100
binom	1	0.4	0.2	0.20700
binom	1	0.5	0.2	0.22200
binom	1	0.6	0.2	0.20900
binom	1	0.7	0.2	0.22800
binom	1	0.8	0.2	0.22400
binom	1	0.9	0.2	0.20300
