binom	1	0	0	0.01000
binom	1	0.1	0	0.04200
binom	1	0.2	0	0.08100
binom	1	0.3	0	0.10300
binom	1	0.4	0	0.11100
binom	1	0.5	0	0.15400
binom	1	0.6	0	0.16100
binom	1	0.7	0	0.15900
binom	1	0.8	0	0.15000
binom	1	0.9	0	0.13200
binom	1	0	0.05	0.08100
binom	1	0.1	0.05	0.08300
binom	1	0.2	0.05	0.10900
binom	1	0.3	0.05	0.15600
binom	1	0.4	0.05	0.17000
binom	1	0.5	0.05	0.14500
binom	1	0.6	0.05	0.17400
binom	1	0.7	0.05	0.16400
binom	1	0.8	0.05	0.16700
binom	1	0.9	0.05	0.14900
binom	1	0	0.1	0.15800
binom	1	0.1	0.1	0.16200
binom	1	0.2	0.1	0.15300
binom	1	0.3	0.1	0.17100
binom	1	0.4	0.1	0.17100
binom	1	0.5	0.1	0.16000
binom	1	0.6	0.1	0.20300
binom	1	0.7	0.1	0.20500
binom	1	0.8	0.1	0.18100
binom	1	0.9	0.1	0.16000
binom	1	0	0.2	0.28800
binom	1	0.1	0.2	0.30800
binom	1	0.2	0.2	0.28800
binom	1	0.3	0.2	0.24400
binom	1	0.4	0.2	0.22400
binom	1	0.5	0.2	0.24900
binom	1	0.6	0.2	0.20200
binom	1	0.7	0.2	0.23800
binom	1	0.8	0.2	0.21800
binom	1	0.9	0.2	0.21100
