binom	1	0	0	0.00700
binom	1	0.1	0	0.03400
binom	1	0.2	0	0.06900
binom	1	0.3	0	0.09900
binom	1	0.4	0	0.11300
binom	1	0.5	0	0.11900
binom	1	0.6	0	0.15100
binom	1	0.7	0	0.14100
binom	1	0.8	0	0.13500
binom	1	0.9	0	0.12100
binom	1	0	0.05	0.08300
binom	1	0.1	0.05	0.08500
binom	1	0.2	0.05	0.12500
binom	1	0.3	0.05	0.12400
binom	1	0.4	0.05	0.16200
binom	1	0.5	0.05	0.17100
binom	1	0.6	0.05	0.16900
binom	1	0.7	0.05	0.16800
binom	1	0.8	0.05	0.16800
binom	1	0.9	0.05	0.15300
binom	1	0	0.1	0.17100
binom	1	0.1	0.1	0.16400
binom	1	0.2	0.1	0.16000
binom	1	0.3	0.1	0.14500
binom	1	0.4	0.1	0.16100
binom	1	0.5	0.1	0.19700
binom	1	0.6	0.1	0.18900
binom	1	0.7	0.1	0.17300
binom	1	0.8	0.1	0.18900
binom	1	0.9	0.1	0.17400
binom	1	0	0.2	0.29800
binom	1	0.1	0.2	0.30800
binom	1	0.2	0.2	0.27500
binom	1	0.3	0.2	0.24300
binom	1	0.4	0.2	0.21500
binom	1	0.5	0.2	0.23400
binom	1	0.6	0.2	0.21400
binom	1	0.7	0.2	0.23300
binom	1	0.8	0.2	0.22800
binom	1	0.9	0.2	0.23100
