binom	1	0	0	0.01400
binom	1	0.1	0	0.04900
binom	1	0.2	0	0.08600
binom	1	0.3	0	0.11200
binom	1	0.4	0	0.13600
binom	1	0.5	0	0.13200
binom	1	0.6	0	0.13700
binom	1	0.7	0	0.13600
binom	1	0.8	0	0.13200
binom	1	0.9	0	0.14400
binom	1	0	0.05	0.08300
binom	1	0.1	0.05	0.09100
binom	1	0.2	0.05	0.10100
binom	1	0.3	0.05	0.15100
binom	1	0.4	0.05	0.13900
binom	1	0.5	0.05	0.15400
binom	1	0.6	0.05	0.16700
binom	1	0.7	0.05	0.18100
binom	1	0.8	0.05	0.15500
binom	1	0.9	0.05	0.14600
binom	1	0	0.1	0.15900
binom	1	0.1	0.1	0.14100
binom	1	0.2	0.1	0.14200
binom	1	0.3	0.1	0.15800
binom	1	0.4	0.1	0.17500
binom	1	0.5	0.1	0.18400
binom	1	0.6	0.1	0.21400
binom	1	0.7	0.1	0.19400
binom	1	0.8	0.1	0.15000
binom	1	0.9	0.1	0.18000
binom	1	0	0.2	0.32500
binom	1	0.1	0.2	0.28900
binom	1	0.2	0.2	0.27400
binom	1	0.3	0.2	0.22500
binom	1	0.4	0.2	0.21400
binom	1	0.5	0.2	0.22500
binom	1	0.6	0.2	0.25100
binom	1	0.7	0.2	0.22500
binom	1	0.8	0.2	0.22600
binom	1	0.9	0.2	0.23200
