binom	1	0	0	0.01000
binom	1	0.1	0	0.03600
binom	1	0.2	0	0.08700
binom	1	0.3	0	0.11000
binom	1	0.4	0	0.11600
binom	1	0.5	0	0.12500
binom	1	0.6	0	0.14500
binom	1	0.7	0	0.14300
binom	1	0.8	0	0.14300
binom	1	0.9	0	0.12900
binom	1	0	0.05	0.09800
binom	1	0.1	0.05	0.09100
binom	1	0.2	0.05	0.11200
binom	1	0.3	0.05	0.11500
binom	1	0.4	0.05	0.16100
binom	1	0.5	0.05	0.15700
binom	1	0.6	0.05	0.16000
binom	1	0.7	0.05	0.17300
binom	1	0.8	0.05	0.15100
binom	1	0.9	0.05	0.17800
binom	1	0	0.1	0.14700
binom	1	0.1	0.1	0.14600
binom	1	0.2	0.1	0.13900
binom	1	0.3	0.1	0.17100
binom	1	0.4	0.1	0.18200
binom	1	0.5	0.1	0.18500
binom	1	0.6	0.1	0.21500
binom	1	0.7	0.1	0.20700
binom	1	0.8	0.1	0.18200
binom	1	0.9	0.1	0.17400
binom	1	0	0.2	0.30600
binom	1	0.1	0.2	0.27900
binom	1	0.2	0.2	0.27500
binom	1	0.3	0.2	0.24300
binom	1	0.4	0.2	0.23800
binom	1	0.5	0.2	0.24200
binom	1	0.6	0.2	0.20900
binom	1	0.7	0.2	0.22800
binom	1	0.8	0.2	0.21000
binom	1	0.9	0.2	0.21800
