binom	1	0	0	0.00900
binom	1	0.1	0	0.04200
binom	1	0.2	0	0.06200
binom	1	0.3	0	0.11900
binom	1	0.4	0	0.11500
binom	1	0.5	0	0.12700
binom	1	0.6	0	0.13500
binom	1	0.7	0	0.15500
binom	1	0.8	0	0.14600
binom	1	0.9	0	0.12500
binom	1	0	0.05	0.09500
binom	1	0.1	0.05	0.09300
binom	1	0.2	0.05	0.12600
binom	1	0.3	0.05	0.15900
binom	1	0.4	0.05	0.14900
binom	1	0.5	0.05	0.15700
binom	1	0.6	0.05	0.17000
binom	1	0.7	0.05	0.17700
binom	1	0.8	0.05	0.15200
binom	1	0.9	0.05	0.16200
binom	1	0	0.1	0.17500
binom	1	0.1	0.1	0.16500
binom	1	0.2	0.1	0.14100
binom	1	0.3	0.1	0.16700
binom	1	0.4	0.1	0.16000
binom	1	0.5	0.1	0.18400
binom	1	0.6	0.1	0.20500
binom	1	0.7	0.1	0.19600
binom	1	0.8	0.1	0.18400
binom	1	0.9	0.1	0.18500
binom	1	0	0.2	0.30500
binom	1	0.1	0.2	0.26600
binom	1	0.2	0.2	0.27000
binom	1	0.3	0.2	0.23600
binom	1	0.4	0.2	0.22800
binom	1	0.5	0.2	0.22900
binom	1	0.6	0.2	0.21900
binom	1	0.7	0.2	0.20700
binom	1	0.8	0.2	0.22000
binom	1	0.9	0.2	0.22600
