binom	1	0	0	0.01800
binom	1	0.1	0	0.04200
binom	1	0.2	0	0.07700
binom	1	0.3	0	0.09200
binom	1	0.4	0	0.12700
binom	1	0.5	0	0.14100
binom	1	0.6	0	0.13800
binom	1	0.7	0	0.12600
binom	1	0.8	0	0.15200
binom	1	0.9	0	0.14400
binom	1	0	0.05	0.08500
binom	1	0.1	0.05	0.07700
binom	1	0.2	0.05	0.12100
binom	1	0.3	0.05	0.14300
binom	1	0.4	0.05	0.14800
binom	1	0.5	0.05	0.17300
binom	1	0.6	0.05	0.15800
binom	1	0.7	0.05	0.16100
binom	1	0.8	0.05	0.16800
binom	1	0.9	0.05	0.17000
binom	1	0	0.1	0.16500
binom	1	0.1	0.1	0.16600
binom	1	0.2	0.1	0.16600
binom	1	0.3	0.1	0.18100
binom	1	0.4	0.1	0.16800
binom	1	0.5	0.1	0.19200
binom	1	0.6	0.1	0.18300
binom	1	0.7	0.1	0.21000
binom	1	0.8	0.1	0.19200
binom	1	0.9	0.1	0.17700
binom	1	0	0.2	0.31200
binom	1	0.1	0.2	0.27900
binom	1	0.2	0.2	0.27200
binom	1	0.3	0.2	0.24000
binom	1	0.4	0.2	0.23400
binom	1	0.5	0.2	0.21300
binom	1	0.6	0.2	0.24100
binom	1	0.7	0.2	0.22500
binom	1	0.8	0.2	0.23900
binom	1	0.9	0.2	0.20900
