binom	1	0	0	0.00900
binom	1	0.1	0	0.04900
binom	1	0.2	0	0.08900
binom	1	0.3	0	0.11600
binom	1	0.4	0	0.12000
binom	1	0.5	0	0.12400
binom	1	0.6	0	0.14100
binom	1	0.7	0	0.19000
binom	1	0.8	0	0.15200
binom	1	0.9	0	0.14100
binom	1	0	0.05	0.07600
binom	1	0.1	0.05	0.10500
binom	1	0.2	0.05	0.11900
binom	1	0.3	0.05	0.15400
binom	1	0.4	0.05	0.16900
binom	1	0.5	0.05	0.16800
binom	1	0.6	0.05	0.16700
binom	1	0.7	0.05	0.17800
binom	1	0.8	0.05	0.16900
binom	1	0.9	0.05	0.13900
binom	1	0	0.1	0.16700
binom	1	0.1	0.1	0.16100
binom	1	0.2	0.1	0.16200
binom	1	0.3	0.1	0.17400
binom	1	0.4	0.1	0.17400
binom	1	0.5	0.1	0.16800
binom	1	0.6	0.1	0.20000
binom	1	0.7	0.1	0.18000
binom	1	0.8	0.1	0.19700
binom	1	0.9	0.1	0.18600
binom	1	0	0.2	0.28800
binom	1	0.1	0.2	0.28800
binom	1	0.2	0.2	0.25700
binom	1	0.3	0.2	0.23400
binom	1	0.4	0.2	0.22100
binom	1	0.5	0.2	0.21800
binom	1	0.6	0.2	0.25000
binom	1	0.7	0.2	0.22500
binom	1	0.8	0.2	0.21600
binom	1	0.9	0.2	0.20500
