binom	1	0	0	0.00600
binom	1	0.1	0	0.04400
binom	1	0.2	0	0.07700
binom	1	0.3	0	0.09600
binom	1	0.4	0	0.12600
binom	1	0.5	0	0.14700
binom	1	0.6	0	0.15600
binom	1	0.7	0	0.16000
binom	1	0.8	0	0.12600
binom	1	0.9	0	0.14300
binom	1	0	0.05	0.08600
binom	1	0.1	0.05	0.07900
binom	1	0.2	0.05	0.10800
binom	1	0.3	0.05	0.13900
binom	1	0.4	0.05	0.14300
binom	1	0.5	0.05	0.13800
binom	1	0.6	0.05	0.18900
binom	1	0.7	0.05	0.15800
binom	1	0.8	0.05	0.17900
binom	1	0.9	0.05	0.17700
binom	1	0	0.1	0.14000
binom	1	0.1	0.1	0.15300
binom	1	0.2	0.1	0.13100
binom	1	0.3	0.1	0.14900
binom	1	0.4	0.1	0.17100
binom	1	0.5	0.1	0.16300
binom	1	0.6	0.1	0.19300
binom	1	0.7	0.1	0.17400
binom	1	0.8	0.1	0.18100
binom	1	0.9	0.1	0.16200
binom	1	0	0.2	0.30700
binom	1	0.1	0.2	0.31200
binom	1	0.2	0.2	0.24400
binom	1	0.3	0.2	0.25300
binom	1	0.4	0.2	0.21500
binom	1	0.5	0.2	0.23400
binom	1	0.6	0.2	0.22100
binom	1	0.7	0.2	0.23500
binom	1	0.8	0.2	0.23600
binom	1	0.9	0.2	0.21900
