binom	1	0	0	0.01200
binom	1	0.1	0	0.05400
binom	1	0.2	0	0.08500
binom	1	0.3	0	0.09100
binom	1	0.4	0	0.11500
binom	1	0.5	0	0.14500
binom	1	0.6	0	0.14400
binom	1	0.7	0	0.16900
binom	1	0.8	0	0.15700
binom	1	0.9	0	0.14700
binom	1	0	0.05	0.10700
binom	1	0.1	0.05	0.08900
binom	1	0.2	0.05	0.10800
binom	1	0.3	0.05	0.14200
binom	1	0.4	0.05	0.15100
binom	1	0.5	0.05	0.16100
binom	1	0.6	0.05	0.16600
binom	1	0.7	0.05	0.15900
binom	1	0.8	0.05	0.15700
binom	1	0.9	0.05	0.14600
binom	1	0	0.1	0.16100
binom	1	0.1	0.1	0.15500
binom	1	0.2	0.1	0.13800
binom	1	0.3	0.1	0.16500
binom	1	0.4	0.1	0.19400
binom	1	0.5	0.1	0.17100
binom	1	0.6	0.1	0.18000
binom	1	0.7	0.1	0.20200
binom	1	0.8	0.1	0.19100
binom	1	0.9	0.1	0.20400
binom	1	0	0.2	0.30100
binom	1	0.1	0.2	0.28800
binom	1	0.2	0.2	0.27900
binom	1	0.3	0.2	0.24700
binom	1	0.4	0.2	0.21400
binom	1	0.5	0.2	0.22500
binom	1	0.6	0.2	0.22200
binom	1	0.7	0.2	0.22800
binom	1	0.8	0.2	0.21100
binom	1	0.9	0.2	0.23700
