binom	1	0	0	0.01400
binom	1	0.1	0	0.04300
binom	1	0.2	0	0.06600
binom	1	0.3	0	0.10200
binom	1	0.4	0	0.12500
binom	1	0.5	0	0.14400
binom	1	0.6	0	0.15800
binom	1	0.7	0	0.14800
binom	1	0.8	0	0.13900
binom	1	0.9	0	0.12200
binom	1	0	0.05	0.08500
binom	1	0.1	0.05	0.07800
binom	1	0.2	0.05	0.12400
binom	1	0.3	0.05	0.13000
binom	1	0.4	0.05	0.17700
binom	1	0.5	0.05	0.15700
binom	1	0.6	0.05	0.17400
binom	1	0.7	0.05	0.17300
binom	1	0.8	0.05	0.18400
binom	1	0.9	0.05	0.15200
binom	1	0	0.1	0.17300
binom	1	0.1	0.1	0.15900
binom	1	0.2	0.1	0.14900
binom	1	0.3	0.1	0.16100
binom	1	0.4	0.1	0.17400
binom	1	0.5	0.1	0.17900
binom	1	0.6	0.1	0.18900
binom	1	0.7	0.1	0.20100
binom	1	0.8	0.1	0.17100
binom	1	0.9	0.1	0.15400
binom	1	0	0.2	0.29000
binom	1	0.1	0.2	0.30400
binom	1	0.2	0.2	0.30900
binom	1	0.3	0.2	0.24000
binom	1	0.4	0.2	0.22400
binom	1	0.5	0.2	0.23200
binom	1	0.6	0.2	0.22700
binom	1	0.7	0.2	0.23100
binom	1	0.8	0.2	0.21600
binom	1	0.9	0.2	0.21100
