binom	1	0	0	0.00900
binom	1	0.1	0	0.05500
binom	1	0.2	0	0.08000
binom	1	0.3	0	0.09500
binom	1	0.4	0	0.14500
binom	1	0.5	0	0.14700
binom	1	0.6	0	0.14600
binom	1	0.7	0	0.14900
binom	1	0.8	0	0.13000
binom	1	0.9	0	0.13200
binom	1	0	0.05	0.09100
binom	1	0.1	0.05	0.08700
binom	1	0.2	0.05	0.11500
binom	1	0.3	0.05	0.12600
binom	1	0.4	0.05	0.14300
binom	1	0.5	0.05	0.15000
binom	1	0.6	0.05	0.19100
binom	1	0.7	0.05	0.16700
binom	1	0.8	0.05	0.17100
binom	1	0.9	0.05	0.15800
binom	1	0	0.1	0.14500
binom	1	0.1	0.1	0.16400
binom	1	0.2	0.1	0.16300
binom	1	0.3	0.1	0.17500
binom	1	0.4	0.1	0.17200
binom	1	0.5	0.1	0.18700
binom	1	0.6	0.1	0.20400
binom	1	0.7	0.1	0.18000
binom	1	0.8	0.1	0.18600
binom	1	0.9	0.1	0.18900
binom	1	0	0.2	0.26300
binom	1	0.1	0.2	0.29500
binom	1	0.2	0.2	0.29400
binom	1	0.3	0.2	0.25500
binom	1	0.4	0.2	0.24100
binom	1	0.5	0.2	0.23400
binom	1	0.6	0.2	0.23100
binom	1	0.7	0.2	0.22800
binom	1	0.8	0.2	0.22100
binom	1	0.9	0.2	0.21600
