binom	1	0	0	0.01200
binom	1	0.1	0	0.03700
binom	1	0.2	0	0.08500
binom	1	0.3	0	0.10400
binom	1	0.4	0	0.11500
binom	1	0.5	0	0.15900
binom	1	0.6	0	0.12500
binom	1	0.7	0	0.13900
binom	1	0.8	0	0.13100
binom	1	0.9	0	0.12500
binom	1	0	0.05	0.08300
binom	1	0.1	0.05	0.08500
binom	1	0.2	0.05	0.11900
binom	1	0.3	0.05	0.13700
binom	1	0.4	0.05	0.13900
binom	1	0.5	0.05	0.14600
binom	1	0.6	0.05	0.16500
binom	1	0.7	0.05	0.18600
binom	1	0.8	0.05	0.15500
binom	1	0.9	0.05	0.15400
binom	1	0	0.1	0.20000
binom	1	0.1	0.1	0.14000
binom	1	0.2	0.1	0.13900
binom	1	0.3	0.1	0.17600
binom	1	0.4	0.1	0.19300
binom	1	0.5	0.1	0.19100
binom	1	0.6	0.1	0.19800
binom	1	0.7	0.1	0.18100
binom	1	0.8	0.1	0.19100
binom	1	0.9	0.1	0.17400
binom	1	0	0.2	0.28600
binom	1	0.1	0.2	0.29000
binom	1	0.2	0.2	0.27500
binom	1	0.3	0.2	0.26100
binom	1	0.4	0.2	0.23400
binom	1	0.5	0.2	0.24000
binom	1	0.6	0.2	0.23600
binom	1	0.7	0.2	0.20900
binom	1	0.8	0.2	0.24600
binom	1	0.9	0.2	0.20600
