binom	1	0	0	0.00800
binom	1	0.1	0	0.04200
binom	1	0.2	0	0.07400
binom	1	0.3	0	0.11100
binom	1	0.4	0	0.11300
binom	1	0.5	0	0.14000
binom	1	0.6	0	0.15100
binom	1	0.7	0	0.13200
binom	1	0.8	0	0.13700
binom	1	0.9	0	0.13000
binom	1	0	0.05	0.10000
binom	1	0.1	0.05	0.10200
binom	1	0.2	0.05	0.09900
binom	1	0.3	0.05	0.12400
binom	1	0.4	0.05	0.14000
binom	1	0.5	0.05	0.16400
binom	1	0.6	0.05	0.16600
binom	1	0.7	0.05	0.16800
binom	1	0.8	0.05	0.15800
binom	1	0.9	0.05	0.15800
binom	1	0	0.1	0.17800
binom	1	0.1	0.1	0.14600
binom	1	0.2	0.1	0.17300
binom	1	0.3	0.1	0.15200
binom	1	0.4	0.1	0.16400
binom	1	0.5	0.1	0.17100
binom	1	0.6	0.1	0.19700
binom	1	0.7	0.1	0.19800
binom	1	0.8	0.1	0.17700
binom	1	0.9	0.1	0.18200
binom	1	0	0.2	0.29300
binom	1	0.1	0.2	0.28800
binom	1	0.2	0.2	0.27900
binom	1	0.3	0.2	0.25100
binom	1	0.4	0.2	0.22000
binom	1	0.5	0.2	0.22900
binom	1	0.6	0.2	0.22200
binom	1	0.7	0.2	0.22200
binom	1	0.8	0.2	0.22600
binom	1	0.9	0.2	0.21400
