binom	1	0	0	0.00100
binom	1	0.1	0	0.04600
binom	1	0.2	0	0.09200
binom	1	0.3	0	0.10000
binom	1	0.4	0	0.13400
binom	1	0.5	0	0.12900
binom	1	0.6	0	0.13600
binom	1	0.7	0	0.12900
binom	1	0.8	0	0.15000
binom	1	0.9	0	0.15100
binom	1	0	0.05	0.09700
binom	1	0.1	0.05	0.08700
binom	1	0.2	0.05	0.11300
binom	1	0.3	0.05	0.15000
binom	1	0.4	0.05	0.14100
binom	1	0.5	0.05	0.16200
binom	1	0.6	0.05	0.17100
binom	1	0.7	0.05	0.16500
binom	1	0.8	0.05	0.17800
binom	1	0.9	0.05	0.15200
binom	1	0	0.1	0.17300
binom	1	0.1	0.1	0.15600
binom	1	0.2	0.1	0.15800
binom	1	0.3	0.1	0.16000
binom	1	0.4	0.1	0.17400
binom	1	0.5	0.1	0.19900
binom	1	0.6	0.1	0.17300
binom	1	0.7	0.1	0.20000
binom	1	0.8	0.1	0.18300
binom	1	0.9	0.1	0.19200
binom	1	0	0.2	0.28700
binom	1	0.1	0.2	0.29000
binom	1	0.2	0.2	0.27400
binom	1	0.3	0.2	0.25500
binom	1	0.4	0.2	0.23200
binom	1	0.5	0.2	0.23800
binom	1	0.6	0.2	0.24300
binom	1	0.7	0.2	0.21200
binom	1	0.8	0.2	0.21100
binom	1	0.9	0.2	0.20800
