binom	1	0	0	0.00800
binom	1	0.1	0	0.03700
binom	1	0.2	0	0.07900
binom	1	0.3	0	0.09400
binom	1	0.4	0	0.13800
binom	1	0.5	0	0.12800
binom	1	0.6	0	0.14600
binom	1	0.7	0	0.15600
binom	1	0.8	0	0.12800
binom	1	0.9	0	0.13100
binom	1	0	0.05	0.09400
binom	1	0.1	0.05	0.08900
binom	1	0.2	0.05	0.11400
binom	1	0.3	0.05	0.12400
binom	1	0.4	0.05	0.16100
binom	1	0.5	0.05	0.14100
binom	1	0.6	0.05	0.18700
binom	1	0.7	0.05	0.17500
binom	1	0.8	0.05	0.17400
binom	1	0.9	0.05	0.14800
binom	1	0	0.1	0.16900
binom	1	0.1	0.1	0.17500
binom	1	0.2	0.1	0.13200
binom	1	0.3	0.1	0.16200
binom	1	0.4	0.1	0.17800
binom	1	0.5	0.1	0.20900
binom	1	0.6	0.1	0.18000
binom	1	0.7	0.1	0.19700
binom	1	0.8	0.1	0.19800
binom	1	0.9	0.1	0.16600
binom	1	0	0.2	0.29800
binom	1	0.1	0.2	0.30900
binom	1	0.2	0.2	0.27100
binom	1	0.3	0.2	0.23900
binom	1	0.4	0.2	0.20900
binom	1	0.5	0.2	0.24900
binom	1	0.6	0.2	0.22800
binom	1	0.7	0.2	0.22600
binom	1	0.8	0.2	0.24000
binom	1	0.9	0.2	0.23300
