binom	1	0	0	0.01000
binom	1	0.1	0	0.03200
binom	1	0.2	0	0.09200
binom	1	0.3	0	0.11200
binom	1	0.4	0	0.11500
binom	1	0.5	0	0.11800
binom	1	0.6	0	0.14100
binom	1	0.7	0	0.14400
binom	1	0.8	0	0.13300
binom	1	0.9	0	0.14000
binom	1	0	0.05	0.08600
binom	1	0.1	0.05	0.09000
binom	1	0.2	0.05	0.11100
binom	1	0.3	0.05	0.15200
binom	1	0.4	0.05	0.16200
binom	1	0.5	0.05	0.15200
binom	1	0.6	0.05	0.18600
binom	1	0.7	0.05	0.15000
binom	1	0.8	0.05	0.15300
binom	1	0.9	0.05	0.14700
binom	1	0	0.1	0.15800
binom	1	0.1	0.1	0.14400
binom	1	0.2	0.1	0.15200
binom	1	0.3	0.1	0.19000
binom	1	0.4	0.1	0.19000
binom	1	0.5	0.1	0.19200
binom	1	0.6	0.1	0.19900
binom	1	0.7	0.1	0.18900
binom	1	0.8	0.1	0.18700
binom	1	0.9	0.1	0.17300
binom	1	0	0.2	0.30000
binom	1	0.1	0.2	0.31500
binom	1	0.2	0.2	0.29100
binom	1	0.3	0.2	0.23500
binom	1	0.4	0.2	0.23900
binom	1	0.5	0.2	0.24500
binom	1	0.6	0.2	0.25500
binom	1	0.7	0.2	0.22200
binom	1	0.8	0.2	0.23600
binom	1	0.9	0.2	0.22900
