binom	1	0	0	0.01100
binom	1	0.1	0	0.04600
binom	1	0.2	0	0.07700
binom	1	0.3	0	0.10500
binom	1	0.4	0	0.13400
binom	1	0.5	0	0.11500
binom	1	0.6	0	0.13500
binom	1	0.7	0	0.13400
binom	1	0.8	0	0.15500
binom	1	0.9	0	0.15100
binom	1	0	0.05	0.09700
binom	1	0.1	0.05	0.08700
binom	1	0.2	0.05	0.11300
binom	1	0.3	0.05	0.13800
binom	1	0.4	0.05	0.15900
binom	1	0.5	0.05	0.15600
binom	1	0.6	0.05	0.17100
binom	1	0.7	0.05	0.16800
binom	1	0.8	0.05	0.15300
binom	1	0.9	0.05	0.14600
binom	1	0	0.1	0.16200
binom	1	0.1	0.1	0.15800
binom	1	0.2	0.1	0.15400
binom	1	0.3	0.1	0.15400
binom	1	0.4	0.1	0.17400
binom	1	0.5	0.1	0.17100
binom	1	0.6	0.1	0.19400
binom	1	0.7	0.1	0.19400
binom	1	0.8	0.1	0.20200
binom	1	0.9	0.1	0.19400
binom	1	0	0.2	0.32300
binom	1	0.1	0.2	0.29400
binom	1	0.2	0.2	0.29200
binom	1	0.3	0.2	0.23300
binom	1	0.4	0.2	0.21800
binom	1	0.5	0.2	0.25500
binom	1	0.6	0.2	0.22600
binom	1	0.7	0.2	0.22900
binom	1	0.8	0.2	0.21700
binom	1	0.9	0.2	0.21400
