binom	1	0	0	0.00900
binom	1	0.1	0	0.03500
binom	1	0.2	0	0.07000
binom	1	0.3	0	0.10200
binom	1	0.4	0	0.12100
binom	1	0.5	0	0.12200
binom	1	0.6	0	0.12700
binom	1	0.7	0	0.13100
binom	1	0.8	0	0.13700
binom	1	0.9	0	0.13500
binom	1	0	0.05	0.09600
binom	1	0.1	0.05	0.10100
binom	1	0.2	0.05	0.11700
binom	1	0.3	0.05	0.13000
binom	1	0.4	0.05	0.15500
binom	1	0.5	0.05	0.16100
binom	1	0.6	0.05	0.18300
binom	1	0.7	0.05	0.17100
binom	1	0.8	0.05	0.16700
binom	1	0.9	0.05	0.13800
binom	1	0	0.1	0.18100
binom	1	0.1	0.1	0.14600
binom	1	0.2	0.1	0.16500
binom	1	0.3	0.1	0.16000
binom	1	0.4	0.1	0.17100
binom	1	0.5	0.1	0.20400
binom	1	0.6	0.1	0.18500
binom	1	0.7	0.1	0.20100
binom	1	0.8	0.1	0.17300
binom	1	0.9	0.1	0.16800
binom	1	0	0.2	0.31200
binom	1	0.1	0.2	0.28400
binom	1	0.2	0.2	0.28200
binom	1	0.3	0.2	0.25300
binom	1	0.4	0.2	0.20800
binom	1	0.5	0.2	0.21600
binom	1	0.6	0.2	0.24400
binom	1	0.7	0.2	0.24300
binom	1	0.8	0.2	0.21600
binom	1	0.9	0.2	0.23700
