binom	1	0	0	0.01200
binom	1	0.1	0	0.03700
binom	1	0.2	0	0.09100
binom	1	0.3	0	0.10400
binom	1	0.4	0	0.12300
binom	1	0.5	0	0.13100
binom	1	0.6	0	0.13000
binom	1	0.7	0	0.14600
binom	1	0.8	0	0.14500
binom	1	0.9	0	0.12800
binom	1	0	0.05	0.08400
binom	1	0.1	0.05	0.08400
binom	1	0.2	0.05	0.11300
binom	1	0.3	0.05	0.14400
binom	1	0.4	0.05	0.15900
binom	1	0.5	0.05	0.15200
binom	1	0.6	0.05	0.17700
binom	1	0.7	0.05	0.14800
binom	1	0.8	0.05	0.14400
binom	1	0.9	0.05	0.17700
binom	1	0	0.1	0.18400
binom	1	0.1	0.1	0.16100
binom	1	0.2	0.1	0.15300
binom	1	0.3	0.1	0.15400
binom	1	0.4	0.1	0.18500
binom	1	0.5	0.1	0.18100
binom	1	0.6	0.1	0.18700
binom	1	0.7	0.1	0.20100
binom	1	0.8	0.1	0.17500
binom	1	0.9	0.1	0.15900
binom	1	0	0.2	0.30200
binom	1	0.1	0.2	0.30100
binom	1	0.2	0.2	0.28900
binom	1	0.3	0.2	0.22900
binom	1	0.4	0.2	0.22700
binom	1	0.5	0.2	0.22300
binom	1	0.6	0.2	0.24500
binom	1	0.7	0.2	0.26000
binom	1	0.8	0.2	0.21800
binom	1	0.9	0.2	0.23200
