binom	1	0	0	0.00300
binom	1	0.1	0	0.03700
binom	1	0.2	0	0.08100
binom	1	0.3	0	0.09600
binom	1	0.4	0	0.12800
binom	1	0.5	0	0.11700
binom	1	0.6	0	0.15400
binom	1	0.7	0	0.13600
binom	1	0.8	0	0.15400
binom	1	0.9	0	0.12600
binom	1	0	0.05	0.09800
binom	1	0.1	0.05	0.08800
binom	1	0.2	0.05	0.10900
binom	1	0.3	0.05	0.14500
binom	1	0.4	0.05	0.16300
binom	1	0.5	0.05	0.17700
binom	1	0.6	0.05	0.15300
binom	1	0.7	0.05	0.16400
binom	1	0.8	0.05	0.16200
binom	1	0.9	0.05	0.15700
binom	1	0	0.1	0.18900
binom	1	0.1	0.1	0.17200
binom	1	0.2	0.1	0.13700
binom	1	0.3	0.1	0.15900
binom	1	0.4	0.1	0.18500
binom	1	0.5	0.1	0.19700
binom	1	0.6	0.1	0.18400
binom	1	0.7	0.1	0.20500
binom	1	0.8	0.1	0.18300
binom	1	0.9	0.1	0.18000
binom	1	0	0.2	0.30300
binom	1	0.1	0.2	0.29300
binom	1	0.2	0.2	0.26800
binom	1	0.3	0.2	0.26400
binom	1	0.4	0.2	0.21900
binom	1	0.5	0.2	0.23700
binom	1	0.6	0.2	0.24300
binom	1	0.7	0.2	0.23600
binom	1	0.8	0.2	0.20500
binom	1	0.9	0.2	0.21000
