binom	1	0	0	0.00900
binom	1	0.1	0	0.04500
binom	1	0.2	0	0.07900
binom	1	0.3	0	0.11100
binom	1	0.4	0	0.11800
binom	1	0.5	0	0.14500
binom	1	0.6	0	0.13600
binom	1	0.7	0	0.15100
binom	1	0.8	0	0.15100
binom	1	0.9	0	0.13300
binom	1	0	0.05	0.08900
binom	1	0.1	0.05	0.10400
binom	1	0.2	0.05	0.10200
binom	1	0.3	0.05	0.11600
binom	1	0.4	0.05	0.15900
binom	1	0.5	0.05	0.15900
binom	1	0.6	0.05	0.16600
binom	1	0.7	0.05	0.16100
binom	1	0.8	0.05	0.16200
binom	1	0.9	0.05	0.14600
binom	1	0	0.1	0.19200
binom	1	0.1	0.1	0.15400
binom	1	0.2	0.1	0.17000
binom	1	0.3	0.1	0.16700
binom	1	0.4	0.1	0.20100
binom	1	0.5	0.1	0.18400
binom	1	0.6	0.1	0.21900
binom	1	0.7	0.1	0.20400
binom	1	0.8	0.1	0.18200
binom	1	0.9	0.1	0.17500
binom	1	0	0.2	0.29900
binom	1	0.1	0.2	0.29000
binom	1	0.2	0.2	0.28900
binom	1	0.3	0.2	0.25600
binom	1	0.4	0.2	0.21300
binom	1	0.5	0.2	0.23500
binom	1	0.6	0.2	0.23200
binom	1	0.7	0.2	0.21100
binom	1	0.8	0.2	0.19700
binom	1	0.9	0.2	0.21600
