binom	1	0	0	0.00700
binom	1	0.1	0	0.04900
binom	1	0.2	0	0.07800
binom	1	0.3	0	0.10400
binom	1	0.4	0	0.13600
binom	1	0.5	0	0.14900
binom	1	0.6	0	0.14500
binom	1	0.7	0	0.15500
binom	1	0.8	0	0.15200
binom	1	0.9	0	0.12800
binom	1	0	0.05	0.09700
binom	1	0.1	0.05	0.09100
binom	1	0.2	0.05	0.11500
binom	1	0.3	0.05	0.15800
binom	1	0.4	0.05	0.17500
binom	1	0.5	0.05	0.19100
binom	1	0.6	0.05	0.16200
binom	1	0.7	0.05	0.15800
binom	1	0.8	0.05	0.19000
binom	1	0.9	0.05	0.15000
binom	1	0	0.1	0.16300
binom	1	0.1	0.1	0.15100
binom	1	0.2	0.1	0.15500
binom	1	0.3	0.1	0.14700
binom	1	0.4	0.1	0.20300
binom	1	0.5	0.1	0.18700
binom	1	0.6	0.1	0.21700
binom	1	0.7	0.1	0.19900
binom	1	0.8	0.1	0.17700
binom	1	0.9	0.1	0.19500
binom	1	0	0.2	0.30600
binom	1	0.1	0.2	0.29600
binom	1	0.2	0.2	0.27800
binom	1	0.3	0.2	0.25300
binom	1	0.4	0.2	0.23300
binom	1	0.5	0.2	0.22700
binom	1	0.6	0.2	0.22800
binom	1	0.7	0.2	0.22300
binom	1	0.8	0.2	0.19900
binom	1	0.9	0.2	0.23000
