binom	1	0	0	0.00900
binom	1	0.1	0	0.04100
binom	1	0.2	0	0.07600
binom	1	0.3	0	0.09000
binom	1	0.4	0	0.12500
binom	1	0.5	0	0.13100
binom	1	0.6	0	0.14200
binom	1	0.7	0	0.14700
binom	1	0.8	0	0.14000
binom	1	0.9	0	0.13800
binom	1	0	0.05	0.09000
binom	1	0.1	0.05	0.09500
binom	1	0.2	0.05	0.12200
binom	1	0.3	0.05	0.13400
binom	1	0.4	0.05	0.15100
binom	1	0.5	0.05	0.17600
binom	1	0.6	0.05	0.16100
binom	1	0.7	0.05	0.15900
binom	1	0.8	0.05	0.18400
binom	1	0.9	0.05	0.15800
binom	1	0	0.1	0.17500
binom	1	0.1	0.1	0.18800
binom	1	0.2	0.1	0.16900
binom	1	0.3	0.1	0.17500
binom	1	0.4	0.1	0.17600
binom	1	0.5	0.1	0.20400
binom	1	0.6	0.1	0.18600
binom	1	0.7	0.1	0.19800
binom	1	0.8	0.1	0.17100
binom	1	0.9	0.1	0.19400
binom	1	0	0.2	0.28100
binom	1	0.1	0.2	0.29600
binom	1	0.2	0.2	0.27100
binom	1	0.3	0.2	0.22800
binom	1	0.4	0.2	0.22000
binom	1	0.5	0.2	0.20900
binom	1	0.6	0.2	0.26600
binom	1	0.7	0.2	0.22100
binom	1	0.8	0.2	0.22100
binom	1	0.9	0.2	0.22300
