binom	1	0	0	0.01100
binom	1	0.1	0	0.04400
binom	1	0.2	0	0.08000
binom	1	0.3	0	0.09800
binom	1	0.4	0	0.11900
binom	1	0.5	0	0.14800
binom	1	0.6	0	0.13200
binom	1	0.7	0	0.14200
binom	1	0.8	0	0.13100
binom	1	0.9	0	0.11300
binom	1	0	0.05	0.08800
binom	1	0.1	0.05	0.08600
binom	1	0.2	0.05	0.10700
binom	1	0.3	0.05	0.13600
binom	1	0.4	0.05	0.16900
binom	1	0.5	0.05	0.17900
binom	1	0.6	0.05	0.16900
binom	1	0.7	0.05	0.17200
binom	1	0.8	0.05	0.16200
binom	1	0.9	0.05	0.13700
binom	1	0	0.1	0.17000
binom	1	0.1	0.1	0.17500
binom	1	0.2	0.1	0.16200
binom	1	0.3	0.1	0.14000
binom	1	0.4	0.1	0.19000
binom	1	0.5	0.1	0.17500
binom	1	0.6	0.1	0.21900
binom	1	0.7	0.1	0.20700
binom	1	0.8	0.1	0.18200
binom	1	0.9	0.1	0.18000
binom	1	0	0.2	0.32900
binom	1	0.1	0.2	0.29600
binom	1	0.2	0.2	0.25800
binom	1	0.3	0.2	0.28600
binom	1	0.4	0.2	0.20600
binom	1	0.5	0.2	0.21500
binom	1	0.6	0.2	0.20600
binom	1	0.7	0.2	0.21300
binom	1	0.8	0.2	0.21900
binom	1	0.9	0.2	0.21400
