binom	1	0	0	0.01200
binom	1	0.1	0	0.03800
binom	1	0.2	0	0.09900
binom	1	0.3	0	0.10800
binom	1	0.4	0	0.13100
binom	1	0.5	0	0.14400
binom	1	0.6	0	0.15200
binom	1	0.7	0	0.14300
binom	1	0.8	0	0.14500
binom	1	0.9	0	0.13600
binom	1	0	0.05	0.08100
binom	1	0.1	0.05	0.07800
binom	1	0.2	0.05	0.11000
binom	1	0.3	0.05	0.13300
binom	1	0.4	0.05	0.15400
binom	1	0.5	0.05	0.15700
binom	1	0.6	0.05	0.16400
binom	1	0.7	0.05	0.16300
binom	1	0.8	0.05	0.16100
binom	1	0.9	0.05	0.16500
binom	1	0	0.1	0.19100
binom	1	0.1	0.1	0.17000
binom	1	0.2	0.1	0.13000
binom	1	0.3	0.1	0.17500
binom	1	0.4	0.1	0.17100
binom	1	0.5	0.1	0.19300
binom	1	0.6	0.1	0.18200
binom	1	0.7	0.1	0.18800
binom	1	0.8	0.1	0.19100
binom	1	0.9	0.1	0.16500
binom	1	0	0.2	0.31800
binom	1	0.1	0.2	0.26000
binom	1	0.2	0.2	0.28400
binom	1	0.3	0.2	0.26200
binom	1	0.4	0.2	0.21900
binom	1	0.5	0.2	0.24500
binom	1	0.6	0.2	0.24000
binom	1	0.7	0.2	0.22600
binom	1	0.8	0.2	0.23000
binom	1	0.9	0.2	0.19600
