binom	1	0	0	0.00900
binom	1	0.1	0	0.04100
binom	1	0.2	0	0.07300
binom	1	0.3	0	0.11100
binom	1	0.4	0	0.11700
binom	1	0.5	0	0.14600
binom	1	0.6	0	0.14600
binom	1	0.7	0	0.13400
binom	1	0.8	0	0.15500
binom	1	0.9	0	0.15100
binom	1	0	0.05	0.09700
binom	1	0.1	0.05	0.09400
binom	1	0.2	0.05	0.10000
binom	1	0.3	0.05	0.13500
binom	1	0.4	0.05	0.15400
binom	1	0.5	0.05	0.16300
binom	1	0.6	0.05	0.18400
binom	1	0.7	0.05	0.16800
binom	1	0.8	0.05	0.17400
binom	1	0.9	0.05	0.14100
binom	1	0	0.1	0.16400
binom	1	0.1	0.1	0.16800
binom	1	0.2	0.1	0.13300
binom	1	0.3	0.1	0.16600
binom	1	0.4	0.1	0.18700
binom	1	0.5	0.1	0.20200
binom	1	0.6	0.1	0.21500
binom	1	0.7	0.1	0.20000
binom	1	0.8	0.1	0.18300
binom	1	0.9	0.1	0.18300
binom	1	0	0.2	0.28700
binom	1	0.1	0.2	0.29000
binom	1	0.2	0.2	0.27400
binom	1	0.3	0.2	0.25500
binom	1	0.4	0.2	0.23200
binom	1	0.5	0.2	0.21000
binom	1	0.6	0.2	0.22000
binom	1	0.7	0.2	0.23500
binom	1	0.8	0.2	0.21400
binom	1	0.9	0.2	0.20200
