binom	1	0	0	0.00700
binom	1	0.1	0	0.03600
binom	1	0.2	0	0.07800
binom	1	0.3	0	0.11600
binom	1	0.4	0	0.12400
binom	1	0.5	0	0.13700
binom	1	0.6	0	0.14900
binom	1	0.7	0	0.15400
binom	1	0.8	0	0.13800
binom	1	0.9	0	0.11100
binom	1	0	0.05	0.10400
binom	1	0.1	0.05	0.08300
binom	1	0.2	0.05	0.12300
binom	1	0.3	0.05	0.13200
binom	1	0.4	0.05	0.16400
binom	1	0.5	0.05	0.18500
binom	1	0.6	0.05	0.16500
binom	1	0.7	0.05	0.15700
binom	1	0.8	0.05	0.18400
binom	1	0.9	0.05	0.16800
binom	1	0	0.1	0.18600
binom	1	0.1	0.1	0.15500
binom	1	0.2	0.1	0.15900
binom	1	0.3	0.1	0.17200
binom	1	0.4	0.1	0.18800
binom	1	0.5	0.1	0.18600
binom	1	0.6	0.1	0.17900
binom	1	0.7	0.1	0.16700
binom	1	0.8	0.1	0.21200
binom	1	0.9	0.1	0.17600
binom	1	0	0.2	0.30700
binom	1	0.1	0.2	0.29600
binom	1	0.2	0.2	0.25100
binom	1	0.3	0.2	0.22900
binom	1	0.4	0.2	0.24600
binom	1	0.5	0.2	0.20200
binom	1	0.6	0.2	0.24300
binom	1	0.7	0.2	0.21600
binom	1	0.8	0.2	0.22300
binom	1	0.9	0.2	0.22000
