uniform	0.02160
uniform	0.02800
uniform	0.02380
uniform	0.02420
uniform	0.02240
uniform	0.02140
uniform	0.01980
uniform	0.02360
uniform	0.02460
uniform	0.02420
uniform	0.02220
uniform	0.01680
uniform	0.02240
uniform	0.01920
uniform	0.02160
uniform	0.02220
uniform	0.02440
uniform	0.02300
uniform	0.01860
uniform	0.02240
uniform	0.02200
uniform	0.02180
uniform	0.02260
uniform	0.02440
uniform	0.02060
uniform	0.02500
uniform	0.02080
uniform	0.02280
uniform	0.02060
uniform	0.01780
uniform	0.01860
uniform	0.02280
uniform	0.01940
uniform	0.02100
uniform	0.02180
uniform	0.02060
uniform	0.02180
uniform	0.02280
uniform	0.02080
uniform	0.01880
uniform	0.02100
uniform	0.02180
uniform	0.02040
uniform	0.02040
uniform	0.01660
uniform	0.01980
uniform	0.01780
uniform	0.01680
uniform	0.01860
uniform	0.02000
uniform	0.01760
