binom	1	0	0	0.01600
binom	1	0.1	0	0.05500
binom	1	0.2	0	0.09300
binom	1	0.3	0	0.09200
binom	1	0.4	0	0.12600
binom	1	0.5	0	0.13700
binom	1	0.6	0	0.12600
binom	1	0.7	0	0.12300
binom	1	0.8	0	0.15600
binom	1	0.9	0	0.15600
binom	1	0	0.05	0.08400
binom	1	0.1	0.05	0.09700
binom	1	0.2	0.05	0.12500
binom	1	0.3	0.05	0.13500
binom	1	0.4	0.05	0.16500
binom	1	0.5	0.05	0.14900
binom	1	0.6	0.05	0.16700
binom	1	0.7	0.05	0.15200
binom	1	0.8	0.05	0.16600
binom	1	0.9	0.05	0.15000
binom	1	0	0.1	0.16800
binom	1	0.1	0.1	0.16300
binom	1	0.2	0.1	0.16600
binom	1	0.3	0.1	0.17100
binom	1	0.4	0.1	0.18700
binom	1	0.5	0.1	0.17700
binom	1	0.6	0.1	0.19900
binom	1	0.7	0.1	0.20000
binom	1	0.8	0.1	0.17000
binom	1	0.9	0.1	0.18200
binom	1	0	0.2	0.28800
binom	1	0.1	0.2	0.28800
binom	1	0.2	0.2	0.29000
binom	1	0.3	0.2	0.21800
binom	1	0.4	0.2	0.20700
binom	1	0.5	0.2	0.22800
binom	1	0.6	0.2	0.24900
binom	1	0.7	0.2	0.21700
binom	1	0.8	0.2	0.19800
binom	1	0.9	0.2	0.21700
