binom	1	0	0	0.01600
binom	1	0.1	0	0.05600
binom	1	0.2	0	0.07200
binom	1	0.3	0	0.11000
binom	1	0.4	0	0.12100
binom	1	0.5	0	0.13400
binom	1	0.6	0	0.14300
binom	1	0.7	0	0.12800
binom	1	0.8	0	0.13200
binom	1	0.9	0	0.12900
binom	1	0	0.05	0.09300
binom	1	0.1	0.05	0.08800
binom	1	0.2	0.05	0.11100
binom	1	0.3	0.05	0.13500
binom	1	0.4	0.05	0.17400
binom	1	0.5	0.05	0.17700
binom	1	0.6	0.05	0.17100
binom	1	0.7	0.05	0.15400
binom	1	0.8	0.05	0.16900
binom	1	0.9	0.05	0.14900
binom	1	0	0.1	0.16700
binom	1	0.1	0.1	0.15300
binom	1	0.2	0.1	0.13900
binom	1	0.3	0.1	0.16300
binom	1	0.4	0.1	0.17000
binom	1	0.5	0.1	0.20000
binom	1	0.6	0.1	0.18400
binom	1	0.7	0.1	0.18500
binom	1	0.8	0.1	0.17500
binom	1	0.9	0.1	0.15900
binom	1	0	0.2	0.29100
binom	1	0.1	0.2	0.29900
binom	1	0.2	0.2	0.27200
binom	1	0.3	0.2	0.22800
binom	1	0.4	0.2	0.21500
binom	1	0.5	0.2	0.23900
binom	1	0.6	0.2	0.22600
binom	1	0.7	0.2	0.21700
binom	1	0.8	0.2	0.24100
binom	1	0.9	0.2	0.19500
