binom	1	0	0	0.00600
binom	1	0.1	0	0.04400
binom	1	0.2	0	0.08700
binom	1	0.3	0	0.12400
binom	1	0.4	0	0.12000
binom	1	0.5	0	0.13400
binom	1	0.6	0	0.15700
binom	1	0.7	0	0.13100
binom	1	0.8	0	0.14400
binom	1	0.9	0	0.14200
binom	1	0	0.05	0.10100
binom	1	0.1	0.05	0.11900
binom	1	0.2	0.05	0.11000
binom	1	0.3	0.05	0.12800
binom	1	0.4	0.05	0.14500
binom	1	0.5	0.05	0.15000
binom	1	0.6	0.05	0.17900
binom	1	0.7	0.05	0.18400
binom	1	0.8	0.05	0.16800
binom	1	0.9	0.05	0.15800
binom	1	0	0.1	0.17800
binom	1	0.1	0.1	0.16600
binom	1	0.2	0.1	0.16900
binom	1	0.3	0.1	0.15500
binom	1	0.4	0.1	0.16500
binom	1	0.5	0.1	0.19500
binom	1	0.6	0.1	0.19100
binom	1	0.7	0.1	0.19500
binom	1	0.8	0.1	0.20000
binom	1	0.9	0.1	0.18900
binom	1	0	0.2	0.29900
binom	1	0.1	0.2	0.31000
binom	1	0.2	0.2	0.27100
binom	1	0.3	0.2	0.23400
binom	1	0.4	0.2	0.22100
binom	1	0.5	0.2	0.23400
binom	1	0.6	0.2	0.21900
binom	1	0.7	0.2	0.23900
binom	1	0.8	0.2	0.21300
binom	1	0.9	0.2	0.23700
