binom	1	0	0	0.01500
binom	1	0.1	0	0.05000
binom	1	0.2	0	0.06900
binom	1	0.3	0	0.10400
binom	1	0.4	0	0.10600
binom	1	0.5	0	0.11700
binom	1	0.6	0	0.14200
binom	1	0.7	0	0.14400
binom	1	0.8	0	0.15200
binom	1	0.9	0	0.13600
binom	1	0	0.05	0.09100
binom	1	0.1	0.05	0.09400
binom	1	0.2	0.05	0.11900
binom	1	0.3	0.05	0.12600
binom	1	0.4	0.05	0.14900
binom	1	0.5	0.05	0.18100
binom	1	0.6	0.05	0.17100
binom	1	0.7	0.05	0.16500
binom	1	0.8	0.05	0.15000
binom	1	0.9	0.05	0.14900
binom	1	0	0.1	0.17900
binom	1	0.1	0.1	0.15600
binom	1	0.2	0.1	0.16200
binom	1	0.3	0.1	0.16200
binom	1	0.4	0.1	0.19700
binom	1	0.5	0.1	0.20000
binom	1	0.6	0.1	0.18700
binom	1	0.7	0.1	0.19100
binom	1	0.8	0.1	0.20200
binom	1	0.9	0.1	0.19500
binom	1	0	0.2	0.29000
binom	1	0.1	0.2	0.30400
binom	1	0.2	0.2	0.27800
binom	1	0.3	0.2	0.26200
binom	1	0.4	0.2	0.23600
binom	1	0.5	0.2	0.22300
binom	1	0.6	0.2	0.22700
binom	1	0.7	0.2	0.22200
binom	1	0.8	0.2	0.20900
binom	1	0.9	0.2	0.23400
