binom	1	0	0	0.00400
binom	1	0.1	0	0.05000
binom	1	0.2	0	0.08300
binom	1	0.3	0	0.12200
binom	1	0.4	0	0.12900
binom	1	0.5	0	0.15000
binom	1	0.6	0	0.15200
binom	1	0.7	0	0.13900
binom	1	0.8	0	0.14200
binom	1	0.9	0	0.13100
binom	1	0	0.05	0.09700
binom	1	0.1	0.05	0.08000
binom	1	0.2	0.05	0.08800
binom	1	0.3	0.05	0.13300
binom	1	0.4	0.05	0.16000
binom	1	0.5	0.05	0.18900
binom	1	0.6	0.05	0.18100
binom	1	0.7	0.05	0.16800
binom	1	0.8	0.05	0.17300
binom	1	0.9	0.05	0.15800
binom	1	0	0.1	0.17400
binom	1	0.1	0.1	0.14000
binom	1	0.2	0.1	0.14100
binom	1	0.3	0.1	0.16400
binom	1	0.4	0.1	0.18700
binom	1	0.5	0.1	0.19000
binom	1	0.6	0.1	0.19000
binom	1	0.7	0.1	0.20000
binom	1	0.8	0.1	0.16900
binom	1	0.9	0.1	0.18500
binom	1	0	0.2	0.29600
binom	1	0.1	0.2	0.29600
binom	1	0.2	0.2	0.29100
binom	1	0.3	0.2	0.24900
binom	1	0.4	0.2	0.18700
binom	1	0.5	0.2	0.22700
binom	1	0.6	0.2	0.25000
binom	1	0.7	0.2	0.24300
binom	1	0.8	0.2	0.20600
binom	1	0.9	0.2	0.18800
