binom	1	0	0	0.01100
binom	1	0.1	0	0.03700
binom	1	0.2	0	0.07300
binom	1	0.3	0	0.11200
binom	1	0.4	0	0.12900
binom	1	0.5	0	0.12400
binom	1	0.6	0	0.13400
binom	1	0.7	0	0.14900
binom	1	0.8	0	0.13800
binom	1	0.9	0	0.15200
binom	1	0	0.05	0.09300
binom	1	0.1	0.05	0.07600
binom	1	0.2	0.05	0.10400
binom	1	0.3	0.05	0.14700
binom	1	0.4	0.05	0.17200
binom	1	0.5	0.05	0.17100
binom	1	0.6	0.05	0.16800
binom	1	0.7	0.05	0.16000
binom	1	0.8	0.05	0.15900
binom	1	0.9	0.05	0.18500
binom	1	0	0.1	0.16700
binom	1	0.1	0.1	0.15200
binom	1	0.2	0.1	0.14800
binom	1	0.3	0.1	0.16500
binom	1	0.4	0.1	0.17300
binom	1	0.5	0.1	0.20000
binom	1	0.6	0.1	0.19500
binom	1	0.7	0.1	0.18500
binom	1	0.8	0.1	0.19000
binom	1	0.9	0.1	0.19400
binom	1	0	0.2	0.29000
binom	1	0.1	0.2	0.29400
binom	1	0.2	0.2	0.28800
binom	1	0.3	0.2	0.25000
binom	1	0.4	0.2	0.24000
binom	1	0.5	0.2	0.20100
binom	1	0.6	0.2	0.22600
binom	1	0.7	0.2	0.19100
binom	1	0.8	0.2	0.21700
binom	1	0.9	0.2	0.19300
