binom	1	0	0	0.01000
binom	1	0.1	0	0.04800
binom	1	0.2	0	0.06300
binom	1	0.3	0	0.10500
binom	1	0.4	0	0.13700
binom	1	0.5	0	0.13400
binom	1	0.6	0	0.14900
binom	1	0.7	0	0.15400
binom	1	0.8	0	0.14500
binom	1	0.9	0	0.14900
binom	1	0	0.05	0.08700
binom	1	0.1	0.05	0.10200
binom	1	0.2	0.05	0.11300
binom	1	0.3	0.05	0.11600
binom	1	0.4	0.05	0.14900
binom	1	0.5	0.05	0.15700
binom	1	0.6	0.05	0.17300
binom	1	0.7	0.05	0.16400
binom	1	0.8	0.05	0.15800
binom	1	0.9	0.05	0.15000
binom	1	0	0.1	0.16900
binom	1	0.1	0.1	0.16000
binom	1	0.2	0.1	0.15500
binom	1	0.3	0.1	0.16200
binom	1	0.4	0.1	0.19200
binom	1	0.5	0.1	0.20600
binom	1	0.6	0.1	0.19300
binom	1	0.7	0.1	0.18600
binom	1	0.8	0.1	0.18300
binom	1	0.9	0.1	0.17300
binom	1	0	0.2	0.27600
binom	1	0.1	0.2	0.31800
binom	1	0.2	0.2	0.25900
binom	1	0.3	0.2	0.24100
binom	1	0.4	0.2	0.21500
binom	1	0.5	0.2	0.23700
binom	1	0.6	0.2	0.21800
binom	1	0.7	0.2	0.22200
binom	1	0.8	0.2	0.22100
binom	1	0.9	0.2	0.20600
