binom	1	0	0	0.01700
binom	1	0.1	0	0.03400
binom	1	0.2	0	0.08100
binom	1	0.3	0	0.11400
binom	1	0.4	0	0.11800
binom	1	0.5	0	0.14300
binom	1	0.6	0	0.13200
binom	1	0.7	0	0.12500
binom	1	0.8	0	0.13400
binom	1	0.9	0	0.14700
binom	1	0	0.05	0.09100
binom	1	0.1	0.05	0.10300
binom	1	0.2	0.05	0.11500
binom	1	0.3	0.05	0.13200
binom	1	0.4	0.05	0.14400
binom	1	0.5	0.05	0.17000
binom	1	0.6	0.05	0.14500
binom	1	0.7	0.05	0.16000
binom	1	0.8	0.05	0.15800
binom	1	0.9	0.05	0.13300
binom	1	0	0.1	0.17100
binom	1	0.1	0.1	0.15700
binom	1	0.2	0.1	0.14800
binom	1	0.3	0.1	0.15800
binom	1	0.4	0.1	0.19000
binom	1	0.5	0.1	0.19500
binom	1	0.6	0.1	0.20000
binom	1	0.7	0.1	0.19700
binom	1	0.8	0.1	0.18900
binom	1	0.9	0.1	0.18700
binom	1	0	0.2	0.29800
binom	1	0.1	0.2	0.33100
binom	1	0.2	0.2	0.25600
binom	1	0.3	0.2	0.24300
binom	1	0.4	0.2	0.22000
binom	1	0.5	0.2	0.25200
binom	1	0.6	0.2	0.20800
binom	1	0.7	0.2	0.23900
binom	1	0.8	0.2	0.21300
binom	1	0.9	0.2	0.21900
