binom	1	0	0	0.01500
binom	1	0.1	0	0.05100
binom	1	0.2	0	0.06500
binom	1	0.3	0	0.12300
binom	1	0.4	0	0.12600
binom	1	0.5	0	0.14300
binom	1	0.6	0	0.13800
binom	1	0.7	0	0.15400
binom	1	0.8	0	0.14400
binom	1	0.9	0	0.13000
binom	1	0	0.05	0.10400
binom	1	0.1	0.05	0.09600
binom	1	0.2	0.05	0.11500
binom	1	0.3	0.05	0.12500
binom	1	0.4	0.05	0.16100
binom	1	0.5	0.05	0.15600
binom	1	0.6	0.05	0.19300
binom	1	0.7	0.05	0.19200
binom	1	0.8	0.05	0.14900
binom	1	0.9	0.05	0.14400
binom	1	0	0.1	0.18600
binom	1	0.1	0.1	0.18200
binom	1	0.2	0.1	0.14400
binom	1	0.3	0.1	0.16500
binom	1	0.4	0.1	0.17400
binom	1	0.5	0.1	0.18400
binom	1	0.6	0.1	0.18100
binom	1	0.7	0.1	0.19300
binom	1	0.8	0.1	0.18100
binom	1	0.9	0.1	0.18900
binom	1	0	0.2	0.28800
binom	1	0.1	0.2	0.28100
binom	1	0.2	0.2	0.26900
binom	1	0.3	0.2	0.24900
binom	1	0.4	0.2	0.23000
binom	1	0.5	0.2	0.23100
binom	1	0.6	0.2	0.25200
binom	1	0.7	0.2	0.23000
binom	1	0.8	0.2	0.20000
binom	1	0.9	0.2	0.19000
