binom	1	0	0	0.00900
binom	1	0.1	0	0.03400
binom	1	0.2	0	0.08400
binom	1	0.3	0	0.11600
binom	1	0.4	0	0.12800
binom	1	0.5	0	0.13900
binom	1	0.6	0	0.15600
binom	1	0.7	0	0.13800
binom	1	0.8	0	0.16200
binom	1	0.9	0	0.15400
binom	1	0	0.05	0.09700
binom	1	0.1	0.05	0.10700
binom	1	0.2	0.05	0.11800
binom	1	0.3	0.05	0.13900
binom	1	0.4	0.05	0.15600
binom	1	0.5	0.05	0.16500
binom	1	0.6	0.05	0.16200
binom	1	0.7	0.05	0.17700
binom	1	0.8	0.05	0.17400
binom	1	0.9	0.05	0.16200
binom	1	0	0.1	0.17000
binom	1	0.1	0.1	0.16100
binom	1	0.2	0.1	0.12700
binom	1	0.3	0.1	0.16200
binom	1	0.4	0.1	0.18000
binom	1	0.5	0.1	0.17700
binom	1	0.6	0.1	0.21700
binom	1	0.7	0.1	0.18000
binom	1	0.8	0.1	0.20600
binom	1	0.9	0.1	0.20300
binom	1	0	0.2	0.31300
binom	1	0.1	0.2	0.27300
binom	1	0.2	0.2	0.29700
binom	1	0.3	0.2	0.24200
binom	1	0.4	0.2	0.20800
binom	1	0.5	0.2	0.23300
binom	1	0.6	0.2	0.23500
binom	1	0.7	0.2	0.22700
binom	1	0.8	0.2	0.22000
binom	1	0.9	0.2	0.22900
