binom	1	0	0	0.01100
binom	1	0.1	0	0.04900
binom	1	0.2	0	0.09000
binom	1	0.3	0	0.09200
binom	1	0.4	0	0.13400
binom	1	0.5	0	0.12900
binom	1	0.6	0	0.13500
binom	1	0.7	0	0.12900
binom	1	0.8	0	0.15000
binom	1	0.9	0	0.15100
binom	1	0	0.05	0.10600
binom	1	0.1	0.05	0.09600
binom	1	0.2	0.05	0.12300
binom	1	0.3	0.05	0.13500
binom	1	0.4	0.05	0.14900
binom	1	0.5	0.05	0.16300
binom	1	0.6	0.05	0.18400
binom	1	0.7	0.05	0.16800
binom	1	0.8	0.05	0.17400
binom	1	0.9	0.05	0.14100
binom	1	0	0.1	0.17700
binom	1	0.1	0.1	0.16200
binom	1	0.2	0.1	0.15800
binom	1	0.3	0.1	0.17800
binom	1	0.4	0.1	0.17500
binom	1	0.5	0.1	0.18000
binom	1	0.6	0.1	0.20700
binom	1	0.7	0.1	0.19900
binom	1	0.8	0.1	0.18800
binom	1	0.9	0.1	0.16700
binom	1	0	0.2	0.29800
binom	1	0.1	0.2	0.31600
binom	1	0.2	0.2	0.26500
binom	1	0.3	0.2	0.25800
binom	1	0.4	0.2	0.23500
binom	1	0.5	0.2	0.24500
binom	1	0.6	0.2	0.23100
binom	1	0.7	0.2	0.24200
binom	1	0.8	0.2	0.21700
binom	1	0.9	0.2	0.21900
