binom	1	0	0	0.01500
binom	1	0.1	0	0.05000
binom	1	0.2	0	0.06900
binom	1	0.3	0	0.11100
binom	1	0.4	0	0.11900
binom	1	0.5	0	0.13400
binom	1	0.6	0	0.14200
binom	1	0.7	0	0.14000
binom	1	0.8	0	0.14700
binom	1	0.9	0	0.15000
binom	1	0	0.05	0.08200
binom	1	0.1	0.05	0.08300
binom	1	0.2	0.05	0.11700
binom	1	0.3	0.05	0.14900
binom	1	0.4	0.05	0.15100
binom	1	0.5	0.05	0.16900
binom	1	0.6	0.05	0.16600
binom	1	0.7	0.05	0.18500
binom	1	0.8	0.05	0.17000
binom	1	0.9	0.05	0.13200
binom	1	0	0.1	0.17400
binom	1	0.1	0.1	0.16200
binom	1	0.2	0.1	0.14400
binom	1	0.3	0.1	0.15300
binom	1	0.4	0.1	0.18200
binom	1	0.5	0.1	0.17600
binom	1	0.6	0.1	0.17700
binom	1	0.7	0.1	0.20600
binom	1	0.8	0.1	0.17200
binom	1	0.9	0.1	0.15400
binom	1	0	0.2	0.29300
binom	1	0.1	0.2	0.29300
binom	1	0.2	0.2	0.28100
binom	1	0.3	0.2	0.23600
binom	1	0.4	0.2	0.21600
binom	1	0.5	0.2	0.23600
binom	1	0.6	0.2	0.22600
binom	1	0.7	0.2	0.22200
binom	1	0.8	0.2	0.24800
binom	1	0.9	0.2	0.24000
