binom	1	0	0	0.01300
binom	1	0.1	0	0.05100
binom	1	0.2	0	0.07500
binom	1	0.3	0	0.11000
binom	1	0.4	0	0.13700
binom	1	0.5	0	0.14700
binom	1	0.6	0	0.16800
binom	1	0.7	0	0.12700
binom	1	0.8	0	0.13800
binom	1	0.9	0	0.14100
binom	1	0	0.05	0.08800
binom	1	0.1	0.05	0.08200
binom	1	0.2	0.05	0.10500
binom	1	0.3	0.05	0.13600
binom	1	0.4	0.05	0.14900
binom	1	0.5	0.05	0.15800
binom	1	0.6	0.05	0.16100
binom	1	0.7	0.05	0.16400
binom	1	0.8	0.05	0.17400
binom	1	0.9	0.05	0.15000
binom	1	0	0.1	0.17200
binom	1	0.1	0.1	0.14300
binom	1	0.2	0.1	0.13900
binom	1	0.3	0.1	0.17900
binom	1	0.4	0.1	0.18700
binom	1	0.5	0.1	0.17000
binom	1	0.6	0.1	0.21300
binom	1	0.7	0.1	0.18400
binom	1	0.8	0.1	0.18800
binom	1	0.9	0.1	0.19500
binom	1	0	0.2	0.32100
binom	1	0.1	0.2	0.28500
binom	1	0.2	0.2	0.26300
binom	1	0.3	0.2	0.24800
binom	1	0.4	0.2	0.22300
binom	1	0.5	0.2	0.22900
binom	1	0.6	0.2	0.24900
binom	1	0.7	0.2	0.24500
binom	1	0.8	0.2	0.24900
binom	1	0.9	0.2	0.21700
