binom	1	0	0	0.00800
binom	1	0.1	0	0.04000
binom	1	0.2	0	0.08100
binom	1	0.3	0	0.09900
binom	1	0.4	0	0.13600
binom	1	0.5	0	0.14000
binom	1	0.6	0	0.16300
binom	1	0.7	0	0.14000
binom	1	0.8	0	0.13200
binom	1	0.9	0	0.12900
binom	1	0	0.05	0.08000
binom	1	0.1	0.05	0.08500
binom	1	0.2	0.05	0.11900
binom	1	0.3	0.05	0.12600
binom	1	0.4	0.05	0.15900
binom	1	0.5	0.05	0.16100
binom	1	0.6	0.05	0.17100
binom	1	0.7	0.05	0.17900
binom	1	0.8	0.05	0.18400
binom	1	0.9	0.05	0.15600
binom	1	0	0.1	0.16600
binom	1	0.1	0.1	0.15900
binom	1	0.2	0.1	0.15900
binom	1	0.3	0.1	0.16100
binom	1	0.4	0.1	0.16700
binom	1	0.5	0.1	0.17500
binom	1	0.6	0.1	0.18200
binom	1	0.7	0.1	0.19400
binom	1	0.8	0.1	0.19700
binom	1	0.9	0.1	0.17000
binom	1	0	0.2	0.30100
binom	1	0.1	0.2	0.29300
binom	1	0.2	0.2	0.29300
binom	1	0.3	0.2	0.22400
binom	1	0.4	0.2	0.21300
binom	1	0.5	0.2	0.23600
binom	1	0.6	0.2	0.23300
binom	1	0.7	0.2	0.25100
binom	1	0.8	0.2	0.22000
binom	1	0.9	0.2	0.20100
