binom	1	0	0	0.01000
binom	1	0.1	0	0.04700
binom	1	0.2	0	0.08500
binom	1	0.3	0	0.10600
binom	1	0.4	0	0.12900
binom	1	0.5	0	0.13800
binom	1	0.6	0	0.13600
binom	1	0.7	0	0.12900
binom	1	0.8	0	0.14100
binom	1	0.9	0	0.12700
binom	1	0	0.05	0.10600
binom	1	0.1	0.05	0.09700
binom	1	0.2	0.05	0.11200
binom	1	0.3	0.05	0.15600
binom	1	0.4	0.05	0.15700
binom	1	0.5	0.05	0.16100
binom	1	0.6	0.05	0.17400
binom	1	0.7	0.05	0.16100
binom	1	0.8	0.05	0.18200
binom	1	0.9	0.05	0.15300
binom	1	0	0.1	0.17000
binom	1	0.1	0.1	0.17300
binom	1	0.2	0.1	0.14500
binom	1	0.3	0.1	0.16300
binom	1	0.4	0.1	0.18600
binom	1	0.5	0.1	0.16800
binom	1	0.6	0.1	0.20300
binom	1	0.7	0.1	0.19200
binom	1	0.8	0.1	0.20200
binom	1	0.9	0.1	0.16900
binom	1	0	0.2	0.30500
binom	1	0.1	0.2	0.31900
binom	1	0.2	0.2	0.26400
binom	1	0.3	0.2	0.23100
binom	1	0.4	0.2	0.23000
binom	1	0.5	0.2	0.20500
binom	1	0.6	0.2	0.22000
binom	1	0.7	0.2	0.22900
binom	1	0.8	0.2	0.24300
binom	1	0.9	0.2	0.22000
