binom	1	0	0	0.00800
binom	1	0.1	0	0.03800
binom	1	0.2	0	0.07600
binom	1	0.3	0	0.10600
binom	1	0.4	0	0.12000
binom	1	0.5	0	0.12600
binom	1	0.6	0	0.15600
binom	1	0.7	0	0.14000
binom	1	0.8	0	0.13800
binom	1	0.9	0	0.12600
binom	1	0	0.05	0.09400
binom	1	0.1	0.05	0.07000
binom	1	0.2	0.05	0.11400
binom	1	0.3	0.05	0.14400
binom	1	0.4	0.05	0.14700
binom	1	0.5	0.05	0.14700
binom	1	0.6	0.05	0.18600
binom	1	0.7	0.05	0.16800
binom	1	0.8	0.05	0.15400
binom	1	0.9	0.05	0.15200
binom	1	0	0.1	0.18900
binom	1	0.1	0.1	0.16000
binom	1	0.2	0.1	0.14300
binom	1	0.3	0.1	0.15200
binom	1	0.4	0.1	0.18700
binom	1	0.5	0.1	0.17300
binom	1	0.6	0.1	0.19500
binom	1	0.7	0.1	0.18900
binom	1	0.8	0.1	0.18400
binom	1	0.9	0.1	0.18500
binom	1	0	0.2	0.30700
binom	1	0.1	0.2	0.29500
binom	1	0.2	0.2	0.26200
binom	1	0.3	0.2	0.23700
binom	1	0.4	0.2	0.21300
binom	1	0.5	0.2	0.21900
binom	1	0.6	0.2	0.24900
binom	1	0.7	0.2	0.23800
binom	1	0.8	0.2	0.21300
binom	1	0.9	0.2	0.21600
