binom	1	0	0	0.00600
binom	1	0.1	0	0.05600
binom	1	0.2	0	0.08100
binom	1	0.3	0	0.10200
binom	1	0.4	0	0.12000
binom	1	0.5	0	0.16100
binom	1	0.6	0	0.15800
binom	1	0.7	0	0.16100
binom	1	0.8	0	0.15200
binom	1	0.9	0	0.14200
binom	1	0	0.05	0.08900
binom	1	0.1	0.05	0.07400
binom	1	0.2	0.05	0.11900
binom	1	0.3	0.05	0.12800
binom	1	0.4	0.05	0.15800
binom	1	0.5	0.05	0.17000
binom	1	0.6	0.05	0.16600
binom	1	0.7	0.05	0.16100
binom	1	0.8	0.05	0.15400
binom	1	0.9	0.05	0.15000
binom	1	0	0.1	0.16200
binom	1	0.1	0.1	0.15700
binom	1	0.2	0.1	0.14400
binom	1	0.3	0.1	0.14400
binom	1	0.4	0.1	0.17000
binom	1	0.5	0.1	0.17900
binom	1	0.6	0.1	0.19600
binom	1	0.7	0.1	0.18200
binom	1	0.8	0.1	0.19900
binom	1	0.9	0.1	0.15800
binom	1	0	0.2	0.28600
binom	1	0.1	0.2	0.27700
binom	1	0.2	0.2	0.27000
binom	1	0.3	0.2	0.24000
binom	1	0.4	0.2	0.21900
binom	1	0.5	0.2	0.23200
binom	1	0.6	0.2	0.23800
binom	1	0.7	0.2	0.24700
binom	1	0.8	0.2	0.23000
binom	1	0.9	0.2	0.22300
