binom	1	0	0	0.01200
binom	1	0.1	0	0.04600
binom	1	0.2	0	0.08600
binom	1	0.3	0	0.10000
binom	1	0.4	0	0.12100
binom	1	0.5	0	0.13300
binom	1	0.6	0	0.15200
binom	1	0.7	0	0.13500
binom	1	0.8	0	0.15900
binom	1	0.9	0	0.11900
binom	1	0	0.05	0.08400
binom	1	0.1	0.05	0.09300
binom	1	0.2	0.05	0.11500
binom	1	0.3	0.05	0.12500
binom	1	0.4	0.05	0.17500
binom	1	0.5	0.05	0.16000
binom	1	0.6	0.05	0.15700
binom	1	0.7	0.05	0.18200
binom	1	0.8	0.05	0.16500
binom	1	0.9	0.05	0.16100
binom	1	0	0.1	0.15900
binom	1	0.1	0.1	0.14900
binom	1	0.2	0.1	0.16300
binom	1	0.3	0.1	0.16900
binom	1	0.4	0.1	0.18500
binom	1	0.5	0.1	0.22400
binom	1	0.6	0.1	0.18300
binom	1	0.7	0.1	0.20800
binom	1	0.8	0.1	0.19100
binom	1	0.9	0.1	0.19900
binom	1	0	0.2	0.29800
binom	1	0.1	0.2	0.30000
binom	1	0.2	0.2	0.24800
binom	1	0.3	0.2	0.24300
binom	1	0.4	0.2	0.22500
binom	1	0.5	0.2	0.22200
binom	1	0.6	0.2	0.24100
binom	1	0.7	0.2	0.24300
binom	1	0.8	0.2	0.22500
binom	1	0.9	0.2	0.22500
