binom	1	0	0	0.00900
binom	1	0.1	0	0.04200
binom	1	0.2	0	0.07500
binom	1	0.3	0	0.10400
binom	1	0.4	0	0.11100
binom	1	0.5	0	0.14100
binom	1	0.6	0	0.16200
binom	1	0.7	0	0.13700
binom	1	0.8	0	0.13700
binom	1	0.9	0	0.11400
binom	1	0	0.05	0.09800
binom	1	0.1	0.05	0.08100
binom	1	0.2	0.05	0.11600
binom	1	0.3	0.05	0.13000
binom	1	0.4	0.05	0.16200
binom	1	0.5	0.05	0.14300
binom	1	0.6	0.05	0.17600
binom	1	0.7	0.05	0.17900
binom	1	0.8	0.05	0.17100
binom	1	0.9	0.05	0.15900
binom	1	0	0.1	0.18600
binom	1	0.1	0.1	0.16900
binom	1	0.2	0.1	0.15100
binom	1	0.3	0.1	0.16100
binom	1	0.4	0.1	0.16700
binom	1	0.5	0.1	0.17000
binom	1	0.6	0.1	0.19300
binom	1	0.7	0.1	0.21700
binom	1	0.8	0.1	0.19900
binom	1	0.9	0.1	0.17100
binom	1	0	0.2	0.29500
binom	1	0.1	0.2	0.25300
binom	1	0.2	0.2	0.27800
binom	1	0.3	0.2	0.24600
binom	1	0.4	0.2	0.23700
binom	1	0.5	0.2	0.22900
binom	1	0.6	0.2	0.22200
binom	1	0.7	0.2	0.22200
binom	1	0.8	0.2	0.22800
binom	1	0.9	0.2	0.21400
