binom	1	0	0	0.01800
binom	1	0.1	0	0.04700
binom	1	0.2	0	0.07700
binom	1	0.3	0	0.10500
binom	1	0.4	0	0.12800
binom	1	0.5	0	0.12200
binom	1	0.6	0	0.13100
binom	1	0.7	0	0.15000
binom	1	0.8	0	0.13100
binom	1	0.9	0	0.12300
binom	1	0	0.05	0.08800
binom	1	0.1	0.05	0.09000
binom	1	0.2	0.05	0.12500
binom	1	0.3	0.05	0.13300
binom	1	0.4	0.05	0.15100
binom	1	0.5	0.05	0.15500
binom	1	0.6	0.05	0.15000
binom	1	0.7	0.05	0.19300
binom	1	0.8	0.05	0.17200
binom	1	0.9	0.05	0.15100
binom	1	0	0.1	0.16800
binom	1	0.1	0.1	0.18200
binom	1	0.2	0.1	0.13900
binom	1	0.3	0.1	0.16000
binom	1	0.4	0.1	0.17800
binom	1	0.5	0.1	0.18400
binom	1	0.6	0.1	0.18600
binom	1	0.7	0.1	0.19100
binom	1	0.8	0.1	0.18300
binom	1	0.9	0.1	0.16100
binom	1	0	0.2	0.29300
binom	1	0.1	0.2	0.30600
binom	1	0.2	0.2	0.28600
binom	1	0.3	0.2	0.23400
binom	1	0.4	0.2	0.22300
binom	1	0.5	0.2	0.23600
binom	1	0.6	0.2	0.25100
binom	1	0.7	0.2	0.23400
binom	1	0.8	0.2	0.22100
binom	1	0.9	0.2	0.21900
