binom	1	0	0	0.00800
binom	1	0.1	0	0.04600
binom	1	0.2	0	0.07700
binom	1	0.3	0	0.11300
binom	1	0.4	0	0.12300
binom	1	0.5	0	0.15900
binom	1	0.6	0	0.13800
binom	1	0.7	0	0.13800
binom	1	0.8	0	0.14400
binom	1	0.9	0	0.13600
binom	1	0	0.05	0.07900
binom	1	0.1	0.05	0.07400
binom	1	0.2	0.05	0.11500
binom	1	0.3	0.05	0.12300
binom	1	0.4	0.05	0.15700
binom	1	0.5	0.05	0.15700
binom	1	0.6	0.05	0.17400
binom	1	0.7	0.05	0.17800
binom	1	0.8	0.05	0.16700
binom	1	0.9	0.05	0.15200
binom	1	0	0.1	0.15200
binom	1	0.1	0.1	0.16600
binom	1	0.2	0.1	0.14200
binom	1	0.3	0.1	0.15800
binom	1	0.4	0.1	0.17200
binom	1	0.5	0.1	0.19800
binom	1	0.6	0.1	0.18800
binom	1	0.7	0.1	0.18200
binom	1	0.8	0.1	0.20800
binom	1	0.9	0.1	0.16500
binom	1	0	0.2	0.32000
binom	1	0.1	0.2	0.28500
binom	1	0.2	0.2	0.26400
binom	1	0.3	0.2	0.26800
binom	1	0.4	0.2	0.24000
binom	1	0.5	0.2	0.20800
binom	1	0.6	0.2	0.25200
binom	1	0.7	0.2	0.21900
binom	1	0.8	0.2	0.22500
binom	1	0.9	0.2	0.20700
