binom	1	0	0	0.01000
binom	1	0.1	0	0.04800
binom	1	0.2	0	0.07600
binom	1	0.3	0	0.10300
binom	1	0.4	0	0.12100
binom	1	0.5	0	0.12800
binom	1	0.6	0	0.14700
binom	1	0.7	0	0.16200
binom	1	0.8	0	0.13700
binom	1	0.9	0	0.13600
binom	1	0	0.05	0.09700
binom	1	0.1	0.05	0.10200
binom	1	0.2	0.05	0.09300
binom	1	0.3	0.05	0.14100
binom	1	0.4	0.05	0.17000
binom	1	0.5	0.05	0.15200
binom	1	0.6	0.05	0.16200
binom	1	0.7	0.05	0.15900
binom	1	0.8	0.05	0.16100
binom	1	0.9	0.05	0.15700
binom	1	0	0.1	0.18200
binom	1	0.1	0.1	0.15000
binom	1	0.2	0.1	0.14200
binom	1	0.3	0.1	0.17400
binom	1	0.4	0.1	0.18900
binom	1	0.5	0.1	0.17600
binom	1	0.6	0.1	0.18400
binom	1	0.7	0.1	0.18400
binom	1	0.8	0.1	0.18700
binom	1	0.9	0.1	0.19400
binom	1	0	0.2	0.27600
binom	1	0.1	0.2	0.29900
binom	1	0.2	0.2	0.26500
binom	1	0.3	0.2	0.25700
binom	1	0.4	0.2	0.22000
binom	1	0.5	0.2	0.22600
binom	1	0.6	0.2	0.24100
binom	1	0.7	0.2	0.22900
binom	1	0.8	0.2	0.24600
binom	1	0.9	0.2	0.23200
