binom	1	0	0	0.00650
binom	1	0.1	0	0.01350
binom	1	0.2	0	0.01150
binom	1	0.3	0	0.01150
binom	1	0.4	0	0.01050
binom	1	0.5	0	0.01050
binom	1	0.6	0	0.01050
binom	1	0.7	0	0.00500
binom	1	0.8	0	0.00300
binom	1	0.9	0	0.00200
binom	1	0	0.05	0.03800
binom	1	0.1	0.05	0.04900
binom	1	0.2	0.05	0.04350
binom	1	0.3	0.05	0.04200
binom	1	0.4	0.05	0.03600
binom	1	0.5	0.05	0.03750
binom	1	0.6	0.05	0.03000
binom	1	0.7	0.05	0.02600
binom	1	0.8	0.05	0.01300
binom	1	0.9	0.05	0.00550
binom	1	0	0.1	0.09700
binom	1	0.1	0.1	0.07950
binom	1	0.2	0.1	0.08000
binom	1	0.3	0.1	0.07450
binom	1	0.4	0.1	0.08100
binom	1	0.5	0.1	0.07350
binom	1	0.6	0.1	0.05850
binom	1	0.7	0.1	0.05000
binom	1	0.8	0.1	0.03300
binom	1	0.9	0.1	0.02450
binom	1	0	0.2	0.16050
binom	1	0.1	0.2	0.16900
binom	1	0.2	0.2	0.15200
binom	1	0.3	0.2	0.15700
binom	1	0.4	0.2	0.15050
binom	1	0.5	0.2	0.13750
binom	1	0.6	0.2	0.13000
binom	1	0.7	0.2	0.11600
binom	1	0.8	0.2	0.09650
binom	1	0.9	0.2	0.07000
