binom	0.02460
binom	0.02360
binom	0.02140
binom	0.01940
binom	0.02220
binom	0.02160
binom	0.02280
binom	0.02560
binom	0.01920
binom	0.02120
binom	0.02100
binom	0.02460
binom	0.01880
binom	0.02480
binom	0.02740
binom	0.02040
binom	0.01940
binom	0.02040
binom	0.01940
binom	0.02280
binom	0.02100
binom	0.02320
binom	0.02080
binom	0.02100
binom	0.01800
binom	0.02100
binom	0.02000
binom	0.01820
binom	0.01840
binom	0.01800
binom	0.01820
binom	0.02000
binom	0.01740
binom	0.01540
binom	0.01840
binom	0.02060
binom	0.01620
binom	0.01560
binom	0.01700
binom	0.01440
binom	0.01760
binom	0.01620
binom	0.01660
binom	0.01560
binom	0.01580
binom	0.01660
binom	0.01680
binom	0.01120
binom	0.01680
binom	0.01260
binom	0.01420
