binom	1	0	0	0.00900
binom	1	0.1	0	0.04000
binom	1	0.2	0	0.08300
binom	1	0.3	0	0.11900
binom	1	0.4	0	0.11300
binom	1	0.5	0	0.14900
binom	1	0.6	0	0.13100
binom	1	0.7	0	0.15200
binom	1	0.8	0	0.14900
binom	1	0.9	0	0.13600
binom	1	0	0.05	0.08800
binom	1	0.1	0.05	0.08700
binom	1	0.2	0.05	0.12100
binom	1	0.3	0.05	0.15000
binom	1	0.4	0.05	0.15200
binom	1	0.5	0.05	0.17300
binom	1	0.6	0.05	0.18400
binom	1	0.7	0.05	0.15800
binom	1	0.8	0.05	0.15700
binom	1	0.9	0.05	0.15800
binom	1	0	0.1	0.16200
binom	1	0.1	0.1	0.16400
binom	1	0.2	0.1	0.16400
binom	1	0.3	0.1	0.13800
binom	1	0.4	0.1	0.18400
binom	1	0.5	0.1	0.20600
binom	1	0.6	0.1	0.19400
binom	1	0.7	0.1	0.20500
binom	1	0.8	0.1	0.18900
binom	1	0.9	0.1	0.17900
binom	1	0	0.2	0.29600
binom	1	0.1	0.2	0.31100
binom	1	0.2	0.2	0.27100
binom	1	0.3	0.2	0.24200
binom	1	0.4	0.2	0.21100
binom	1	0.5	0.2	0.21600
binom	1	0.6	0.2	0.22800
binom	1	0.7	0.2	0.22200
binom	1	0.8	0.2	0.22300
binom	1	0.9	0.2	0.20300
