binom	1	0	0	0.01300
binom	1	0.1	0	0.03700
binom	1	0.2	0	0.08400
binom	1	0.3	0	0.10400
binom	1	0.4	0	0.13200
binom	1	0.5	0	0.14700
binom	1	0.6	0	0.15100
binom	1	0.7	0	0.14000
binom	1	0.8	0	0.14300
binom	1	0.9	0	0.15000
binom	1	0	0.05	0.08400
binom	1	0.1	0.05	0.09500
binom	1	0.2	0.05	0.11900
binom	1	0.3	0.05	0.12500
binom	1	0.4	0.05	0.15300
binom	1	0.5	0.05	0.17800
binom	1	0.6	0.05	0.15100
binom	1	0.7	0.05	0.17700
binom	1	0.8	0.05	0.16100
binom	1	0.9	0.05	0.15000
binom	1	0	0.1	0.20400
binom	1	0.1	0.1	0.15500
binom	1	0.2	0.1	0.12800
binom	1	0.3	0.1	0.16700
binom	1	0.4	0.1	0.17100
binom	1	0.5	0.1	0.17700
binom	1	0.6	0.1	0.17900
binom	1	0.7	0.1	0.19300
binom	1	0.8	0.1	0.21400
binom	1	0.9	0.1	0.17000
binom	1	0	0.2	0.28800
binom	1	0.1	0.2	0.29100
binom	1	0.2	0.2	0.29000
binom	1	0.3	0.2	0.23600
binom	1	0.4	0.2	0.20900
binom	1	0.5	0.2	0.22700
binom	1	0.6	0.2	0.25000
binom	1	0.7	0.2	0.23300
binom	1	0.8	0.2	0.23500
binom	1	0.9	0.2	0.22600
