binom	0.02340
binom	0.01940
binom	0.01860
binom	0.02060
binom	0.02360
binom	0.02260
binom	0.02340
binom	0.02300
binom	0.02660
binom	0.01880
binom	0.01900
binom	0.02320
binom	0.02620
binom	0.02320
binom	0.02500
binom	0.02040
binom	0.02240
binom	0.02340
binom	0.01960
binom	0.02400
binom	0.02000
binom	0.01820
binom	0.01860
binom	0.02060
binom	0.02120
binom	0.01700
binom	0.02260
binom	0.02000
binom	0.01620
binom	0.01840
binom	0.01480
binom	0.02180
binom	0.01860
binom	0.01920
binom	0.01840
binom	0.01600
binom	0.01800
binom	0.01840
binom	0.01400
binom	0.01720
binom	0.01920
binom	0.01740
binom	0.01560
binom	0.01560
binom	0.01540
binom	0.01560
binom	0.01280
binom	0.01320
binom	0.01240
binom	0.01680
binom	0.01680
