binom	1	0	0	0.01300
binom	1	0.1	0	0.03900
binom	1	0.2	0	0.07500
binom	1	0.3	0	0.09700
binom	1	0.4	0	0.13400
binom	1	0.5	0	0.15300
binom	1	0.6	0	0.14900
binom	1	0.7	0	0.13800
binom	1	0.8	0	0.13500
binom	1	0.9	0	0.14100
binom	1	0	0.05	0.10100
binom	1	0.1	0.05	0.11900
binom	1	0.2	0.05	0.11300
binom	1	0.3	0.05	0.16100
binom	1	0.4	0.05	0.13800
binom	1	0.5	0.05	0.18500
binom	1	0.6	0.05	0.15900
binom	1	0.7	0.05	0.17000
binom	1	0.8	0.05	0.17200
binom	1	0.9	0.05	0.15000
binom	1	0	0.1	0.17600
binom	1	0.1	0.1	0.17200
binom	1	0.2	0.1	0.15000
binom	1	0.3	0.1	0.15300
binom	1	0.4	0.1	0.18000
binom	1	0.5	0.1	0.18700
binom	1	0.6	0.1	0.17700
binom	1	0.7	0.1	0.17700
binom	1	0.8	0.1	0.17900
binom	1	0.9	0.1	0.15800
binom	1	0	0.2	0.29800
binom	1	0.1	0.2	0.28100
binom	1	0.2	0.2	0.28200
binom	1	0.3	0.2	0.24700
binom	1	0.4	0.2	0.23700
binom	1	0.5	0.2	0.24600
binom	1	0.6	0.2	0.23900
binom	1	0.7	0.2	0.23400
binom	1	0.8	0.2	0.23400
binom	1	0.9	0.2	0.20300
