binom	1	0	0	0.01400
binom	1	0.1	0	0.03700
binom	1	0.2	0	0.08300
binom	1	0.3	0	0.09300
binom	1	0.4	0	0.13200
binom	1	0.5	0	0.14400
binom	1	0.6	0	0.14500
binom	1	0.7	0	0.12700
binom	1	0.8	0	0.14000
binom	1	0.9	0	0.14300
binom	1	0	0.05	0.10200
binom	1	0.1	0.05	0.09700
binom	1	0.2	0.05	0.13200
binom	1	0.3	0.05	0.10800
binom	1	0.4	0.05	0.14000
binom	1	0.5	0.05	0.19600
binom	1	0.6	0.05	0.14500
binom	1	0.7	0.05	0.16000
binom	1	0.8	0.05	0.15900
binom	1	0.9	0.05	0.16000
binom	1	0	0.1	0.16400
binom	1	0.1	0.1	0.16200
binom	1	0.2	0.1	0.14700
binom	1	0.3	0.1	0.15400
binom	1	0.4	0.1	0.18100
binom	1	0.5	0.1	0.17600
binom	1	0.6	0.1	0.18500
binom	1	0.7	0.1	0.19200
binom	1	0.8	0.1	0.16800
binom	1	0.9	0.1	0.15300
binom	1	0	0.2	0.29500
binom	1	0.1	0.2	0.31800
binom	1	0.2	0.2	0.28200
binom	1	0.3	0.2	0.25700
binom	1	0.4	0.2	0.22600
binom	1	0.5	0.2	0.23500
binom	1	0.6	0.2	0.22700
binom	1	0.7	0.2	0.22400
binom	1	0.8	0.2	0.20800
binom	1	0.9	0.2	0.23700
