binom	1	0	0	0.01100
binom	1	0.1	0	0.05600
binom	1	0.2	0	0.07700
binom	1	0.3	0	0.10000
binom	1	0.4	0	0.12700
binom	1	0.5	0	0.13300
binom	1	0.6	0	0.13300
binom	1	0.7	0	0.15000
binom	1	0.8	0	0.13900
binom	1	0.9	0	0.13900
binom	1	0	0.05	0.09300
binom	1	0.1	0.05	0.10000
binom	1	0.2	0.05	0.12400
binom	1	0.3	0.05	0.14800
binom	1	0.4	0.05	0.15600
binom	1	0.5	0.05	0.16300
binom	1	0.6	0.05	0.14500
binom	1	0.7	0.05	0.18800
binom	1	0.8	0.05	0.16600
binom	1	0.9	0.05	0.14300
binom	1	0	0.1	0.17800
binom	1	0.1	0.1	0.17200
binom	1	0.2	0.1	0.16500
binom	1	0.3	0.1	0.15800
binom	1	0.4	0.1	0.16200
binom	1	0.5	0.1	0.17900
binom	1	0.6	0.1	0.19600
binom	1	0.7	0.1	0.17500
binom	1	0.8	0.1	0.17500
binom	1	0.9	0.1	0.19200
binom	1	0	0.2	0.28900
binom	1	0.1	0.2	0.28200
binom	1	0.2	0.2	0.25700
binom	1	0.3	0.2	0.23200
binom	1	0.4	0.2	0.23500
binom	1	0.5	0.2	0.23600
binom	1	0.6	0.2	0.22600
binom	1	0.7	0.2	0.25200
binom	1	0.8	0.2	0.24400
binom	1	0.9	0.2	0.21400
