binom	1	0	0	0.00600
binom	1	0.1	0	0.04200
binom	1	0.2	0	0.09000
binom	1	0.3	0	0.10300
binom	1	0.4	0	0.10300
binom	1	0.5	0	0.15100
binom	1	0.6	0	0.13000
binom	1	0.7	0	0.11800
binom	1	0.8	0	0.15000
binom	1	0.9	0	0.12200
binom	1	0	0.05	0.09500
binom	1	0.1	0.05	0.08300
binom	1	0.2	0.05	0.12100
binom	1	0.3	0.05	0.15100
binom	1	0.4	0.05	0.16200
binom	1	0.5	0.05	0.16600
binom	1	0.6	0.05	0.17000
binom	1	0.7	0.05	0.15300
binom	1	0.8	0.05	0.17600
binom	1	0.9	0.05	0.16300
binom	1	0	0.1	0.16300
binom	1	0.1	0.1	0.14900
binom	1	0.2	0.1	0.16500
binom	1	0.3	0.1	0.15800
binom	1	0.4	0.1	0.17300
binom	1	0.5	0.1	0.20600
binom	1	0.6	0.1	0.19200
binom	1	0.7	0.1	0.18800
binom	1	0.8	0.1	0.19700
binom	1	0.9	0.1	0.17900
binom	1	0	0.2	0.32600
binom	1	0.1	0.2	0.29000
binom	1	0.2	0.2	0.26000
binom	1	0.3	0.2	0.22800
binom	1	0.4	0.2	0.25200
binom	1	0.5	0.2	0.23400
binom	1	0.6	0.2	0.24200
binom	1	0.7	0.2	0.23500
binom	1	0.8	0.2	0.21400
binom	1	0.9	0.2	0.21800
