binom	1	0	0	0.00900
binom	1	0.1	0	0.04900
binom	1	0.2	0	0.06600
binom	1	0.3	0	0.11900
binom	1	0.4	0	0.12900
binom	1	0.5	0	0.13000
binom	1	0.6	0	0.14500
binom	1	0.7	0	0.12800
binom	1	0.8	0	0.15000
binom	1	0.9	0	0.13900
binom	1	0	0.05	0.10600
binom	1	0.1	0.05	0.11000
binom	1	0.2	0.05	0.10700
binom	1	0.3	0.05	0.11600
binom	1	0.4	0.05	0.16700
binom	1	0.5	0.05	0.16600
binom	1	0.6	0.05	0.18800
binom	1	0.7	0.05	0.18100
binom	1	0.8	0.05	0.17600
binom	1	0.9	0.05	0.13900
binom	1	0	0.1	0.17900
binom	1	0.1	0.1	0.16200
binom	1	0.2	0.1	0.13700
binom	1	0.3	0.1	0.16200
binom	1	0.4	0.1	0.18400
binom	1	0.5	0.1	0.19200
binom	1	0.6	0.1	0.18600
binom	1	0.7	0.1	0.20800
binom	1	0.8	0.1	0.17400
binom	1	0.9	0.1	0.17300
binom	1	0	0.2	0.28100
binom	1	0.1	0.2	0.29000
binom	1	0.2	0.2	0.28400
binom	1	0.3	0.2	0.23500
binom	1	0.4	0.2	0.21100
binom	1	0.5	0.2	0.23300
binom	1	0.6	0.2	0.21100
binom	1	0.7	0.2	0.22200
binom	1	0.8	0.2	0.22000
binom	1	0.9	0.2	0.21800
