binom	1	0	0	0.01500
binom	1	0.1	0	0.05300
binom	1	0.2	0	0.08400
binom	1	0.3	0	0.11400
binom	1	0.4	0	0.12200
binom	1	0.5	0	0.13900
binom	1	0.6	0	0.15200
binom	1	0.7	0	0.13700
binom	1	0.8	0	0.13100
binom	1	0.9	0	0.11800
binom	1	0	0.05	0.09500
binom	1	0.1	0.05	0.07900
binom	1	0.2	0.05	0.12900
binom	1	0.3	0.05	0.13500
binom	1	0.4	0.05	0.15000
binom	1	0.5	0.05	0.16100
binom	1	0.6	0.05	0.15500
binom	1	0.7	0.05	0.15600
binom	1	0.8	0.05	0.15900
binom	1	0.9	0.05	0.14200
binom	1	0	0.1	0.18200
binom	1	0.1	0.1	0.16800
binom	1	0.2	0.1	0.17400
binom	1	0.3	0.1	0.17700
binom	1	0.4	0.1	0.18000
binom	1	0.5	0.1	0.18300
binom	1	0.6	0.1	0.17700
binom	1	0.7	0.1	0.19400
binom	1	0.8	0.1	0.18600
binom	1	0.9	0.1	0.16500
binom	1	0	0.2	0.29100
binom	1	0.1	0.2	0.28500
binom	1	0.2	0.2	0.26100
binom	1	0.3	0.2	0.24400
binom	1	0.4	0.2	0.19800
binom	1	0.5	0.2	0.22400
binom	1	0.6	0.2	0.22300
binom	1	0.7	0.2	0.25500
binom	1	0.8	0.2	0.23900
binom	1	0.9	0.2	0.22000
