binom	1	0	0	0.00800
binom	1	0.1	0	0.04200
binom	1	0.2	0	0.09100
binom	1	0.3	0	0.12100
binom	1	0.4	0	0.11900
binom	1	0.5	0	0.13200
binom	1	0.6	0	0.12600
binom	1	0.7	0	0.15700
binom	1	0.8	0	0.15900
binom	1	0.9	0	0.13800
binom	1	0	0.05	0.08700
binom	1	0.1	0.05	0.09300
binom	1	0.2	0.05	0.11600
binom	1	0.3	0.05	0.12400
binom	1	0.4	0.05	0.15700
binom	1	0.5	0.05	0.18500
binom	1	0.6	0.05	0.17000
binom	1	0.7	0.05	0.17400
binom	1	0.8	0.05	0.17600
binom	1	0.9	0.05	0.15400
binom	1	0	0.1	0.18700
binom	1	0.1	0.1	0.15100
binom	1	0.2	0.1	0.14800
binom	1	0.3	0.1	0.16400
binom	1	0.4	0.1	0.18300
binom	1	0.5	0.1	0.17800
binom	1	0.6	0.1	0.19300
binom	1	0.7	0.1	0.20000
binom	1	0.8	0.1	0.20900
binom	1	0.9	0.1	0.17500
binom	1	0	0.2	0.26800
binom	1	0.1	0.2	0.30800
binom	1	0.2	0.2	0.28900
binom	1	0.3	0.2	0.24500
binom	1	0.4	0.2	0.21400
binom	1	0.5	0.2	0.21800
binom	1	0.6	0.2	0.22500
binom	1	0.7	0.2	0.21300
binom	1	0.8	0.2	0.24100
binom	1	0.9	0.2	0.20800
