binom	1	0	0	0.00900
binom	1	0.1	0	0.05400
binom	1	0.2	0	0.08200
binom	1	0.3	0	0.10500
binom	1	0.4	0	0.10900
binom	1	0.5	0	0.14400
binom	1	0.6	0	0.16700
binom	1	0.7	0	0.14500
binom	1	0.8	0	0.13100
binom	1	0.9	0	0.12300
binom	1	0	0.05	0.08300
binom	1	0.1	0.05	0.07200
binom	1	0.2	0.05	0.12100
binom	1	0.3	0.05	0.14400
binom	1	0.4	0.05	0.12100
binom	1	0.5	0.05	0.16400
binom	1	0.6	0.05	0.16100
binom	1	0.7	0.05	0.15200
binom	1	0.8	0.05	0.17700
binom	1	0.9	0.05	0.15800
binom	1	0	0.1	0.17700
binom	1	0.1	0.1	0.15500
binom	1	0.2	0.1	0.15000
binom	1	0.3	0.1	0.15400
binom	1	0.4	0.1	0.17800
binom	1	0.5	0.1	0.16000
binom	1	0.6	0.1	0.19200
binom	1	0.7	0.1	0.19000
binom	1	0.8	0.1	0.20500
binom	1	0.9	0.1	0.18600
binom	1	0	0.2	0.31000
binom	1	0.1	0.2	0.30600
binom	1	0.2	0.2	0.26500
binom	1	0.3	0.2	0.21900
binom	1	0.4	0.2	0.23800
binom	1	0.5	0.2	0.21300
binom	1	0.6	0.2	0.23800
binom	1	0.7	0.2	0.21600
binom	1	0.8	0.2	0.23700
binom	1	0.9	0.2	0.21700
