binom	1	0	0	0.00900
binom	1	0.1	0	0.04000
binom	1	0.2	0	0.07300
binom	1	0.3	0	0.12300
binom	1	0.4	0	0.12900
binom	1	0.5	0	0.14200
binom	1	0.6	0	0.13900
binom	1	0.7	0	0.13600
binom	1	0.8	0	0.13200
binom	1	0.9	0	0.12900
binom	1	0	0.05	0.10600
binom	1	0.1	0.05	0.10000
binom	1	0.2	0.05	0.11400
binom	1	0.3	0.05	0.12600
binom	1	0.4	0.05	0.17400
binom	1	0.5	0.05	0.15900
binom	1	0.6	0.05	0.14100
binom	1	0.7	0.05	0.17600
binom	1	0.8	0.05	0.15200
binom	1	0.9	0.05	0.15700
binom	1	0	0.1	0.16800
binom	1	0.1	0.1	0.17900
binom	1	0.2	0.1	0.15800
binom	1	0.3	0.1	0.12500
binom	1	0.4	0.1	0.18500
binom	1	0.5	0.1	0.17300
binom	1	0.6	0.1	0.20200
binom	1	0.7	0.1	0.15700
binom	1	0.8	0.1	0.18500
binom	1	0.9	0.1	0.17800
binom	1	0	0.2	0.30100
binom	1	0.1	0.2	0.27900
binom	1	0.2	0.2	0.25500
binom	1	0.3	0.2	0.24200
binom	1	0.4	0.2	0.22100
binom	1	0.5	0.2	0.22100
binom	1	0.6	0.2	0.23000
binom	1	0.7	0.2	0.24600
binom	1	0.8	0.2	0.22500
binom	1	0.9	0.2	0.21400
