binom	1	0	0	0.01300
binom	1	0.1	0	0.04900
binom	1	0.2	0	0.08800
binom	1	0.3	0	0.10400
binom	1	0.4	0	0.13500
binom	1	0.5	0	0.14900
binom	1	0.6	0	0.13300
binom	1	0.7	0	0.16200
binom	1	0.8	0	0.13800
binom	1	0.9	0	0.13800
binom	1	0	0.05	0.08900
binom	1	0.1	0.05	0.08100
binom	1	0.2	0.05	0.10700
binom	1	0.3	0.05	0.12000
binom	1	0.4	0.05	0.15000
binom	1	0.5	0.05	0.18500
binom	1	0.6	0.05	0.16500
binom	1	0.7	0.05	0.15700
binom	1	0.8	0.05	0.17200
binom	1	0.9	0.05	0.14700
binom	1	0	0.1	0.16200
binom	1	0.1	0.1	0.15400
binom	1	0.2	0.1	0.14100
binom	1	0.3	0.1	0.15000
binom	1	0.4	0.1	0.17600
binom	1	0.5	0.1	0.18600
binom	1	0.6	0.1	0.19600
binom	1	0.7	0.1	0.19500
binom	1	0.8	0.1	0.18100
binom	1	0.9	0.1	0.17400
binom	1	0	0.2	0.29900
binom	1	0.1	0.2	0.30800
binom	1	0.2	0.2	0.26400
binom	1	0.3	0.2	0.23500
binom	1	0.4	0.2	0.23100
binom	1	0.5	0.2	0.23400
binom	1	0.6	0.2	0.21800
binom	1	0.7	0.2	0.22800
binom	1	0.8	0.2	0.23400
binom	1	0.9	0.2	0.21900
