binom	1	0	0	0.01100
binom	1	0.1	0	0.04400
binom	1	0.2	0	0.07200
binom	1	0.3	0	0.10200
binom	1	0.4	0	0.13100
binom	1	0.5	0	0.12000
binom	1	0.6	0	0.13300
binom	1	0.7	0	0.14500
binom	1	0.8	0	0.13700
binom	1	0.9	0	0.14100
binom	1	0	0.05	0.08400
binom	1	0.1	0.05	0.09000
binom	1	0.2	0.05	0.11700
binom	1	0.3	0.05	0.13300
binom	1	0.4	0.05	0.16400
binom	1	0.5	0.05	0.15400
binom	1	0.6	0.05	0.17300
binom	1	0.7	0.05	0.19100
binom	1	0.8	0.05	0.18600
binom	1	0.9	0.05	0.15400
binom	1	0	0.1	0.15000
binom	1	0.1	0.1	0.18800
binom	1	0.2	0.1	0.14900
binom	1	0.3	0.1	0.14500
binom	1	0.4	0.1	0.18600
binom	1	0.5	0.1	0.19700
binom	1	0.6	0.1	0.19400
binom	1	0.7	0.1	0.18900
binom	1	0.8	0.1	0.17200
binom	1	0.9	0.1	0.16000
binom	1	0	0.2	0.30800
binom	1	0.1	0.2	0.31900
binom	1	0.2	0.2	0.26900
binom	1	0.3	0.2	0.23500
binom	1	0.4	0.2	0.21000
binom	1	0.5	0.2	0.22700
binom	1	0.6	0.2	0.20900
binom	1	0.7	0.2	0.22800
binom	1	0.8	0.2	0.22800
binom	1	0.9	0.2	0.19900
