binom	1	0	0	0.00400
binom	1	0.1	0	0.04200
binom	1	0.2	0	0.09200
binom	1	0.3	0	0.09400
binom	1	0.4	0	0.11200
binom	1	0.5	0	0.14400
binom	1	0.6	0	0.12500
binom	1	0.7	0	0.14200
binom	1	0.8	0	0.13100
binom	1	0.9	0	0.12200
binom	1	0	0.05	0.07100
binom	1	0.1	0.05	0.08400
binom	1	0.2	0.05	0.11500
binom	1	0.3	0.05	0.13000
binom	1	0.4	0.05	0.14800
binom	1	0.5	0.05	0.16800
binom	1	0.6	0.05	0.16800
binom	1	0.7	0.05	0.15700
binom	1	0.8	0.05	0.17000
binom	1	0.9	0.05	0.13900
binom	1	0	0.1	0.18000
binom	1	0.1	0.1	0.15000
binom	1	0.2	0.1	0.14500
binom	1	0.3	0.1	0.17700
binom	1	0.4	0.1	0.18200
binom	1	0.5	0.1	0.19700
binom	1	0.6	0.1	0.18300
binom	1	0.7	0.1	0.19600
binom	1	0.8	0.1	0.18800
binom	1	0.9	0.1	0.19000
binom	1	0	0.2	0.32300
binom	1	0.1	0.2	0.29700
binom	1	0.2	0.2	0.25100
binom	1	0.3	0.2	0.22900
binom	1	0.4	0.2	0.22900
binom	1	0.5	0.2	0.21500
binom	1	0.6	0.2	0.23600
binom	1	0.7	0.2	0.24100
binom	1	0.8	0.2	0.21300
binom	1	0.9	0.2	0.22500
