binom	1	0	0	0.01100
binom	1	0.1	0	0.04000
binom	1	0.2	0	0.07500
binom	1	0.3	0	0.09900
binom	1	0.4	0	0.13700
binom	1	0.5	0	0.11300
binom	1	0.6	0	0.13800
binom	1	0.7	0	0.12900
binom	1	0.8	0	0.13500
binom	1	0.9	0	0.12600
binom	1	0	0.05	0.10100
binom	1	0.1	0.05	0.09800
binom	1	0.2	0.05	0.10600
binom	1	0.3	0.05	0.14100
binom	1	0.4	0.05	0.16900
binom	1	0.5	0.05	0.15300
binom	1	0.6	0.05	0.18600
binom	1	0.7	0.05	0.17200
binom	1	0.8	0.05	0.15300
binom	1	0.9	0.05	0.13800
binom	1	0	0.1	0.17200
binom	1	0.1	0.1	0.17300
binom	1	0.2	0.1	0.15400
binom	1	0.3	0.1	0.16200
binom	1	0.4	0.1	0.17100
binom	1	0.5	0.1	0.17000
binom	1	0.6	0.1	0.20000
binom	1	0.7	0.1	0.18800
binom	1	0.8	0.1	0.17600
binom	1	0.9	0.1	0.17200
binom	1	0	0.2	0.30500
binom	1	0.1	0.2	0.27700
binom	1	0.2	0.2	0.27700
binom	1	0.3	0.2	0.23600
binom	1	0.4	0.2	0.22600
binom	1	0.5	0.2	0.22300
binom	1	0.6	0.2	0.24400
binom	1	0.7	0.2	0.23700
binom	1	0.8	0.2	0.21900
binom	1	0.9	0.2	0.23100
