binom	1	0	0	0.00600
binom	1	0.1	0	0.03900
binom	1	0.2	0	0.08000
binom	1	0.3	0	0.10200
binom	1	0.4	0	0.11000
binom	1	0.5	0	0.12500
binom	1	0.6	0	0.13600
binom	1	0.7	0	0.15400
binom	1	0.8	0	0.13500
binom	1	0.9	0	0.12000
binom	1	0	0.05	0.08600
binom	1	0.1	0.05	0.10500
binom	1	0.2	0.05	0.10200
binom	1	0.3	0.05	0.13600
binom	1	0.4	0.05	0.14600
binom	1	0.5	0.05	0.14800
binom	1	0.6	0.05	0.18800
binom	1	0.7	0.05	0.17400
binom	1	0.8	0.05	0.18000
binom	1	0.9	0.05	0.15200
binom	1	0	0.1	0.18600
binom	1	0.1	0.1	0.17700
binom	1	0.2	0.1	0.16100
binom	1	0.3	0.1	0.15000
binom	1	0.4	0.1	0.17000
binom	1	0.5	0.1	0.19100
binom	1	0.6	0.1	0.18400
binom	1	0.7	0.1	0.21100
binom	1	0.8	0.1	0.19200
binom	1	0.9	0.1	0.19400
binom	1	0	0.2	0.31200
binom	1	0.1	0.2	0.27800
binom	1	0.2	0.2	0.27500
binom	1	0.3	0.2	0.19500
binom	1	0.4	0.2	0.24100
binom	1	0.5	0.2	0.23900
binom	1	0.6	0.2	0.23900
binom	1	0.7	0.2	0.21100
binom	1	0.8	0.2	0.20300
binom	1	0.9	0.2	0.22900
