binom	1	0	0	0.01400
binom	1	0.1	0	0.04900
binom	1	0.2	0	0.07300
binom	1	0.3	0	0.11100
binom	1	0.4	0	0.11200
binom	1	0.5	0	0.14300
binom	1	0.6	0	0.13900
binom	1	0.7	0	0.16100
binom	1	0.8	0	0.14100
binom	1	0.9	0	0.12800
binom	1	0	0.05	0.09100
binom	1	0.1	0.05	0.08700
binom	1	0.2	0.05	0.10600
binom	1	0.3	0.05	0.12200
binom	1	0.4	0.05	0.14300
binom	1	0.5	0.05	0.14700
binom	1	0.6	0.05	0.17600
binom	1	0.7	0.05	0.16500
binom	1	0.8	0.05	0.17400
binom	1	0.9	0.05	0.15400
binom	1	0	0.1	0.16000
binom	1	0.1	0.1	0.15900
binom	1	0.2	0.1	0.15000
binom	1	0.3	0.1	0.16100
binom	1	0.4	0.1	0.18100
binom	1	0.5	0.1	0.19900
binom	1	0.6	0.1	0.19300
binom	1	0.7	0.1	0.19000
binom	1	0.8	0.1	0.18700
binom	1	0.9	0.1	0.19100
binom	1	0	0.2	0.32600
binom	1	0.1	0.2	0.30600
binom	1	0.2	0.2	0.26000
binom	1	0.3	0.2	0.22800
binom	1	0.4	0.2	0.21300
binom	1	0.5	0.2	0.21400
binom	1	0.6	0.2	0.24600
binom	1	0.7	0.2	0.23500
binom	1	0.8	0.2	0.23000
binom	1	0.9	0.2	0.23100
