binom	1	0	0	0.01000
binom	1	0.1	0	0.03800
binom	1	0.2	0	0.08200
binom	1	0.3	0	0.10000
binom	1	0.4	0	0.12800
binom	1	0.5	0	0.13000
binom	1	0.6	0	0.15300
binom	1	0.7	0	0.13400
binom	1	0.8	0	0.14800
binom	1	0.9	0	0.14800
binom	1	0	0.05	0.09200
binom	1	0.1	0.05	0.07500
binom	1	0.2	0.05	0.09600
binom	1	0.3	0.05	0.12400
binom	1	0.4	0.05	0.15900
binom	1	0.5	0.05	0.15600
binom	1	0.6	0.05	0.15800
binom	1	0.7	0.05	0.18000
binom	1	0.8	0.05	0.17000
binom	1	0.9	0.05	0.14300
binom	1	0	0.1	0.16400
binom	1	0.1	0.1	0.16000
binom	1	0.2	0.1	0.14500
binom	1	0.3	0.1	0.17000
binom	1	0.4	0.1	0.20100
binom	1	0.5	0.1	0.18300
binom	1	0.6	0.1	0.17900
binom	1	0.7	0.1	0.18800
binom	1	0.8	0.1	0.18800
binom	1	0.9	0.1	0.19000
binom	1	0	0.2	0.27600
binom	1	0.1	0.2	0.29000
binom	1	0.2	0.2	0.27500
binom	1	0.3	0.2	0.22500
binom	1	0.4	0.2	0.20000
binom	1	0.5	0.2	0.24100
binom	1	0.6	0.2	0.23100
binom	1	0.7	0.2	0.21700
binom	1	0.8	0.2	0.23200
binom	1	0.9	0.2	0.20400
