binom	1	0	0	0.00700
binom	1	0.1	0	0.04700
binom	1	0.2	0	0.06600
binom	1	0.3	0	0.08700
binom	1	0.4	0	0.13000
binom	1	0.5	0	0.13800
binom	1	0.6	0	0.14800
binom	1	0.7	0	0.14800
binom	1	0.8	0	0.14200
binom	1	0.9	0	0.12600
binom	1	0	0.05	0.08600
binom	1	0.1	0.05	0.08500
binom	1	0.2	0.05	0.09200
binom	1	0.3	0.05	0.12100
binom	1	0.4	0.05	0.15300
binom	1	0.5	0.05	0.15700
binom	1	0.6	0.05	0.14600
binom	1	0.7	0.05	0.17000
binom	1	0.8	0.05	0.15400
binom	1	0.9	0.05	0.15800
binom	1	0	0.1	0.18600
binom	1	0.1	0.1	0.17200
binom	1	0.2	0.1	0.14800
binom	1	0.3	0.1	0.17000
binom	1	0.4	0.1	0.18900
binom	1	0.5	0.1	0.22000
binom	1	0.6	0.1	0.19400
binom	1	0.7	0.1	0.20700
binom	1	0.8	0.1	0.19200
binom	1	0.9	0.1	0.18800
binom	1	0	0.2	0.28200
binom	1	0.1	0.2	0.30100
binom	1	0.2	0.2	0.30500
binom	1	0.3	0.2	0.25000
binom	1	0.4	0.2	0.22200
binom	1	0.5	0.2	0.20100
binom	1	0.6	0.2	0.23300
binom	1	0.7	0.2	0.24400
binom	1	0.8	0.2	0.20900
binom	1	0.9	0.2	0.21200
