binom	1	0	0	0.01000
binom	1	0.1	0	0.04900
binom	1	0.2	0	0.08100
binom	1	0.3	0	0.11400
binom	1	0.4	0	0.12000
binom	1	0.5	0	0.14100
binom	1	0.6	0	0.14100
binom	1	0.7	0	0.14000
binom	1	0.8	0	0.12900
binom	1	0.9	0	0.14200
binom	1	0	0.05	0.09700
binom	1	0.1	0.05	0.08900
binom	1	0.2	0.05	0.12400
binom	1	0.3	0.05	0.14700
binom	1	0.4	0.05	0.14600
binom	1	0.5	0.05	0.16100
binom	1	0.6	0.05	0.17500
binom	1	0.7	0.05	0.17200
binom	1	0.8	0.05	0.17300
binom	1	0.9	0.05	0.14200
binom	1	0	0.1	0.18300
binom	1	0.1	0.1	0.15400
binom	1	0.2	0.1	0.15700
binom	1	0.3	0.1	0.14700
binom	1	0.4	0.1	0.15500
binom	1	0.5	0.1	0.20100
binom	1	0.6	0.1	0.16600
binom	1	0.7	0.1	0.20600
binom	1	0.8	0.1	0.19300
binom	1	0.9	0.1	0.14100
binom	1	0	0.2	0.29400
binom	1	0.1	0.2	0.31300
binom	1	0.2	0.2	0.24500
binom	1	0.3	0.2	0.23600
binom	1	0.4	0.2	0.21200
binom	1	0.5	0.2	0.25700
binom	1	0.6	0.2	0.22400
binom	1	0.7	0.2	0.23400
binom	1	0.8	0.2	0.22200
binom	1	0.9	0.2	0.20800
