binom	1	0	0	0.01500
binom	1	0.1	0	0.05100
binom	1	0.2	0	0.08100
binom	1	0.3	0	0.10100
binom	1	0.4	0	0.13800
binom	1	0.5	0	0.14500
binom	1	0.6	0	0.15100
binom	1	0.7	0	0.13400
binom	1	0.8	0	0.13300
binom	1	0.9	0	0.12200
binom	1	0	0.05	0.08900
binom	1	0.1	0.05	0.10300
binom	1	0.2	0.05	0.11100
binom	1	0.3	0.05	0.13200
binom	1	0.4	0.05	0.16500
binom	1	0.5	0.05	0.17100
binom	1	0.6	0.05	0.17400
binom	1	0.7	0.05	0.17000
binom	1	0.8	0.05	0.18000
binom	1	0.9	0.05	0.16700
binom	1	0	0.1	0.18100
binom	1	0.1	0.1	0.14500
binom	1	0.2	0.1	0.13600
binom	1	0.3	0.1	0.14500
binom	1	0.4	0.1	0.19300
binom	1	0.5	0.1	0.19000
binom	1	0.6	0.1	0.20100
binom	1	0.7	0.1	0.19400
binom	1	0.8	0.1	0.18500
binom	1	0.9	0.1	0.15600
binom	1	0	0.2	0.32100
binom	1	0.1	0.2	0.28900
binom	1	0.2	0.2	0.29300
binom	1	0.3	0.2	0.24500
binom	1	0.4	0.2	0.22700
binom	1	0.5	0.2	0.22300
binom	1	0.6	0.2	0.25700
binom	1	0.7	0.2	0.21500
binom	1	0.8	0.2	0.23100
binom	1	0.9	0.2	0.20400
