binom	1	0	0	0.00600
binom	1	0.1	0	0.04800
binom	1	0.2	0	0.07000
binom	1	0.3	0	0.12400
binom	1	0.4	0	0.13300
binom	1	0.5	0	0.14300
binom	1	0.6	0	0.12600
binom	1	0.7	0	0.14700
binom	1	0.8	0	0.13200
binom	1	0.9	0	0.12000
binom	1	0	0.05	0.09500
binom	1	0.1	0.05	0.08100
binom	1	0.2	0.05	0.12300
binom	1	0.3	0.05	0.12300
binom	1	0.4	0.05	0.15200
binom	1	0.5	0.05	0.16800
binom	1	0.6	0.05	0.17200
binom	1	0.7	0.05	0.18700
binom	1	0.8	0.05	0.13800
binom	1	0.9	0.05	0.14000
binom	1	0	0.1	0.18500
binom	1	0.1	0.1	0.15900
binom	1	0.2	0.1	0.14800
binom	1	0.3	0.1	0.16800
binom	1	0.4	0.1	0.17500
binom	1	0.5	0.1	0.18000
binom	1	0.6	0.1	0.18200
binom	1	0.7	0.1	0.20300
binom	1	0.8	0.1	0.18100
binom	1	0.9	0.1	0.17700
binom	1	0	0.2	0.28800
binom	1	0.1	0.2	0.31100
binom	1	0.2	0.2	0.28900
binom	1	0.3	0.2	0.24700
binom	1	0.4	0.2	0.21800
binom	1	0.5	0.2	0.21800
binom	1	0.6	0.2	0.23400
binom	1	0.7	0.2	0.19500
binom	1	0.8	0.2	0.22700
binom	1	0.9	0.2	0.19600
