binom	1	0	0	0.01300
binom	1	0.1	0	0.05100
binom	1	0.2	0	0.07900
binom	1	0.3	0	0.10400
binom	1	0.4	0	0.11600
binom	1	0.5	0	0.14300
binom	1	0.6	0	0.13800
binom	1	0.7	0	0.15100
binom	1	0.8	0	0.15200
binom	1	0.9	0	0.13000
binom	1	0	0.05	0.08400
binom	1	0.1	0.05	0.08200
binom	1	0.2	0.05	0.10000
binom	1	0.3	0.05	0.12600
binom	1	0.4	0.05	0.14200
binom	1	0.5	0.05	0.16400
binom	1	0.6	0.05	0.18300
binom	1	0.7	0.05	0.17900
binom	1	0.8	0.05	0.17000
binom	1	0.9	0.05	0.17100
binom	1	0	0.1	0.19800
binom	1	0.1	0.1	0.16500
binom	1	0.2	0.1	0.16200
binom	1	0.3	0.1	0.16400
binom	1	0.4	0.1	0.17600
binom	1	0.5	0.1	0.18500
binom	1	0.6	0.1	0.18100
binom	1	0.7	0.1	0.21300
binom	1	0.8	0.1	0.20600
binom	1	0.9	0.1	0.16300
binom	1	0	0.2	0.31100
binom	1	0.1	0.2	0.30300
binom	1	0.2	0.2	0.24300
binom	1	0.3	0.2	0.26200
binom	1	0.4	0.2	0.21200
binom	1	0.5	0.2	0.23400
binom	1	0.6	0.2	0.22500
binom	1	0.7	0.2	0.23400
binom	1	0.8	0.2	0.20000
binom	1	0.9	0.2	0.21300
