binom	1	0	0	0.01100
binom	1	0.1	0	0.05200
binom	1	0.2	0	0.07700
binom	1	0.3	0	0.09400
binom	1	0.4	0	0.12100
binom	1	0.5	0	0.13900
binom	1	0.6	0	0.16000
binom	1	0.7	0	0.15600
binom	1	0.8	0	0.13400
binom	1	0.9	0	0.14100
binom	1	0	0.05	0.10500
binom	1	0.1	0.05	0.07900
binom	1	0.2	0.05	0.12300
binom	1	0.3	0.05	0.12900
binom	1	0.4	0.05	0.14000
binom	1	0.5	0.05	0.17500
binom	1	0.6	0.05	0.16100
binom	1	0.7	0.05	0.18000
binom	1	0.8	0.05	0.18200
binom	1	0.9	0.05	0.16200
binom	1	0	0.1	0.18000
binom	1	0.1	0.1	0.15800
binom	1	0.2	0.1	0.12600
binom	1	0.3	0.1	0.16700
binom	1	0.4	0.1	0.17200
binom	1	0.5	0.1	0.18700
binom	1	0.6	0.1	0.18300
binom	1	0.7	0.1	0.17400
binom	1	0.8	0.1	0.18700
binom	1	0.9	0.1	0.15700
binom	1	0	0.2	0.28800
binom	1	0.1	0.2	0.29600
binom	1	0.2	0.2	0.29400
binom	1	0.3	0.2	0.24300
binom	1	0.4	0.2	0.22800
binom	1	0.5	0.2	0.22600
binom	1	0.6	0.2	0.22100
binom	1	0.7	0.2	0.23900
binom	1	0.8	0.2	0.19900
binom	1	0.9	0.2	0.21600
