binom	1	0	0	0.01400
binom	1	0.1	0	0.05600
binom	1	0.2	0	0.07500
binom	1	0.3	0	0.12500
binom	1	0.4	0	0.12900
binom	1	0.5	0	0.15200
binom	1	0.6	0	0.15600
binom	1	0.7	0	0.15400
binom	1	0.8	0	0.14400
binom	1	0.9	0	0.12600
binom	1	0	0.05	0.08900
binom	1	0.1	0.05	0.07700
binom	1	0.2	0.05	0.12100
binom	1	0.3	0.05	0.11700
binom	1	0.4	0.05	0.16900
binom	1	0.5	0.05	0.14000
binom	1	0.6	0.05	0.16900
binom	1	0.7	0.05	0.16600
binom	1	0.8	0.05	0.16000
binom	1	0.9	0.05	0.16800
binom	1	0	0.1	0.16900
binom	1	0.1	0.1	0.18000
binom	1	0.2	0.1	0.15600
binom	1	0.3	0.1	0.15600
binom	1	0.4	0.1	0.18300
binom	1	0.5	0.1	0.20500
binom	1	0.6	0.1	0.21200
binom	1	0.7	0.1	0.18400
binom	1	0.8	0.1	0.18100
binom	1	0.9	0.1	0.17900
binom	1	0	0.2	0.31000
binom	1	0.1	0.2	0.32400
binom	1	0.2	0.2	0.26900
binom	1	0.3	0.2	0.24300
binom	1	0.4	0.2	0.21900
binom	1	0.5	0.2	0.21500
binom	1	0.6	0.2	0.24000
binom	1	0.7	0.2	0.23300
binom	1	0.8	0.2	0.21900
binom	1	0.9	0.2	0.21200
