binom	1	0	0	0.01100
binom	1	0.1	0	0.05600
binom	1	0.2	0	0.07700
binom	1	0.3	0	0.11200
binom	1	0.4	0	0.09800
binom	1	0.5	0	0.12800
binom	1	0.6	0	0.11800
binom	1	0.7	0	0.12900
binom	1	0.8	0	0.15000
binom	1	0.9	0	0.15100
binom	1	0	0.05	0.10600
binom	1	0.1	0.05	0.09600
binom	1	0.2	0.05	0.12300
binom	1	0.3	0.05	0.14000
binom	1	0.4	0.05	0.15400
binom	1	0.5	0.05	0.16300
binom	1	0.6	0.05	0.18400
binom	1	0.7	0.05	0.16800
binom	1	0.8	0.05	0.18100
binom	1	0.9	0.05	0.14500
binom	1	0	0.1	0.16000
binom	1	0.1	0.1	0.19000
binom	1	0.2	0.1	0.16100
binom	1	0.3	0.1	0.14100
binom	1	0.4	0.1	0.17400
binom	1	0.5	0.1	0.18300
binom	1	0.6	0.1	0.19600
binom	1	0.7	0.1	0.19000
binom	1	0.8	0.1	0.18800
binom	1	0.9	0.1	0.17200
binom	1	0	0.2	0.31600
binom	1	0.1	0.2	0.28200
binom	1	0.2	0.2	0.31000
binom	1	0.3	0.2	0.23300
binom	1	0.4	0.2	0.21800
binom	1	0.5	0.2	0.23500
binom	1	0.6	0.2	0.24000
binom	1	0.7	0.2	0.22300
binom	1	0.8	0.2	0.22900
binom	1	0.9	0.2	0.19400
