binom	1	0	0	0.01100
binom	1	0.1	0	0.04000
binom	1	0.2	0	0.06800
binom	1	0.3	0	0.10500
binom	1	0.4	0	0.11500
binom	1	0.5	0	0.13800
binom	1	0.6	0	0.16000
binom	1	0.7	0	0.12800
binom	1	0.8	0	0.14300
binom	1	0.9	0	0.14200
binom	1	0	0.05	0.07800
binom	1	0.1	0.05	0.08100
binom	1	0.2	0.05	0.10000
binom	1	0.3	0.05	0.15300
binom	1	0.4	0.05	0.14900
binom	1	0.5	0.05	0.17100
binom	1	0.6	0.05	0.18900
binom	1	0.7	0.05	0.16600
binom	1	0.8	0.05	0.15800
binom	1	0.9	0.05	0.15200
binom	1	0	0.1	0.16400
binom	1	0.1	0.1	0.17000
binom	1	0.2	0.1	0.15000
binom	1	0.3	0.1	0.14400
binom	1	0.4	0.1	0.19000
binom	1	0.5	0.1	0.18200
binom	1	0.6	0.1	0.21200
binom	1	0.7	0.1	0.19900
binom	1	0.8	0.1	0.18800
binom	1	0.9	0.1	0.15800
binom	1	0	0.2	0.33200
binom	1	0.1	0.2	0.29700
binom	1	0.2	0.2	0.27400
binom	1	0.3	0.2	0.24800
binom	1	0.4	0.2	0.21300
binom	1	0.5	0.2	0.22000
binom	1	0.6	0.2	0.23200
binom	1	0.7	0.2	0.25000
binom	1	0.8	0.2	0.22200
binom	1	0.9	0.2	0.21800
