binom	1	0	0	0.01000
binom	1	0.1	0	0.04400
binom	1	0.2	0	0.07700
binom	1	0.3	0	0.11200
binom	1	0.4	0	0.12200
binom	1	0.5	0	0.14700
binom	1	0.6	0	0.15800
binom	1	0.7	0	0.14100
binom	1	0.8	0	0.14700
binom	1	0.9	0	0.12800
binom	1	0	0.05	0.10700
binom	1	0.1	0.05	0.09000
binom	1	0.2	0.05	0.11300
binom	1	0.3	0.05	0.14500
binom	1	0.4	0.05	0.15000
binom	1	0.5	0.05	0.18200
binom	1	0.6	0.05	0.17200
binom	1	0.7	0.05	0.17000
binom	1	0.8	0.05	0.17100
binom	1	0.9	0.05	0.15300
binom	1	0	0.1	0.16300
binom	1	0.1	0.1	0.17300
binom	1	0.2	0.1	0.15300
binom	1	0.3	0.1	0.15800
binom	1	0.4	0.1	0.17300
binom	1	0.5	0.1	0.20600
binom	1	0.6	0.1	0.19200
binom	1	0.7	0.1	0.18800
binom	1	0.8	0.1	0.20000
binom	1	0.9	0.1	0.16200
binom	1	0	0.2	0.28500
binom	1	0.1	0.2	0.29500
binom	1	0.2	0.2	0.25200
binom	1	0.3	0.2	0.23900
binom	1	0.4	0.2	0.21900
binom	1	0.5	0.2	0.22700
binom	1	0.6	0.2	0.21300
binom	1	0.7	0.2	0.22400
binom	1	0.8	0.2	0.25300
binom	1	0.9	0.2	0.23400
