binom	1	0	0	0.00900
binom	1	0.1	0	0.04400
binom	1	0.2	0	0.08700
binom	1	0.3	0	0.09300
binom	1	0.4	0	0.13600
binom	1	0.5	0	0.14400
binom	1	0.6	0	0.13600
binom	1	0.7	0	0.15400
binom	1	0.8	0	0.15600
binom	1	0.9	0	0.13900
binom	1	0	0.05	0.07400
binom	1	0.1	0.05	0.09300
binom	1	0.2	0.05	0.11200
binom	1	0.3	0.05	0.13300
binom	1	0.4	0.05	0.13700
binom	1	0.5	0.05	0.17000
binom	1	0.6	0.05	0.17600
binom	1	0.7	0.05	0.16700
binom	1	0.8	0.05	0.17700
binom	1	0.9	0.05	0.14500
binom	1	0	0.1	0.17100
binom	1	0.1	0.1	0.15100
binom	1	0.2	0.1	0.17300
binom	1	0.3	0.1	0.17800
binom	1	0.4	0.1	0.18400
binom	1	0.5	0.1	0.18400
binom	1	0.6	0.1	0.18400
binom	1	0.7	0.1	0.18600
binom	1	0.8	0.1	0.18800
binom	1	0.9	0.1	0.18700
binom	1	0	0.2	0.30700
binom	1	0.1	0.2	0.29400
binom	1	0.2	0.2	0.27300
binom	1	0.3	0.2	0.22900
binom	1	0.4	0.2	0.22500
binom	1	0.5	0.2	0.24000
binom	1	0.6	0.2	0.24300
binom	1	0.7	0.2	0.25400
binom	1	0.8	0.2	0.22300
binom	1	0.9	0.2	0.19400
