binom	1	0	0	0.00800
binom	1	0.1	0	0.03400
binom	1	0.2	0	0.07300
binom	1	0.3	0	0.09000
binom	1	0.4	0	0.14600
binom	1	0.5	0	0.13700
binom	1	0.6	0	0.15400
binom	1	0.7	0	0.14500
binom	1	0.8	0	0.12200
binom	1	0.9	0	0.15000
binom	1	0	0.05	0.08400
binom	1	0.1	0.05	0.09600
binom	1	0.2	0.05	0.10900
binom	1	0.3	0.05	0.13500
binom	1	0.4	0.05	0.16700
binom	1	0.5	0.05	0.16500
binom	1	0.6	0.05	0.16200
binom	1	0.7	0.05	0.18000
binom	1	0.8	0.05	0.15700
binom	1	0.9	0.05	0.15200
binom	1	0	0.1	0.18700
binom	1	0.1	0.1	0.16700
binom	1	0.2	0.1	0.15000
binom	1	0.3	0.1	0.15400
binom	1	0.4	0.1	0.18700
binom	1	0.5	0.1	0.17900
binom	1	0.6	0.1	0.17900
binom	1	0.7	0.1	0.19300
binom	1	0.8	0.1	0.18800
binom	1	0.9	0.1	0.18500
binom	1	0	0.2	0.33200
binom	1	0.1	0.2	0.30800
binom	1	0.2	0.2	0.26700
binom	1	0.3	0.2	0.25500
binom	1	0.4	0.2	0.21400
binom	1	0.5	0.2	0.26200
binom	1	0.6	0.2	0.21900
binom	1	0.7	0.2	0.21800
binom	1	0.8	0.2	0.20800
binom	1	0.9	0.2	0.21000
