binom	1	0	0	0.01100
binom	1	0.1	0	0.04900
binom	1	0.2	0	0.08000
binom	1	0.3	0	0.10000
binom	1	0.4	0	0.13400
binom	1	0.5	0	0.11500
binom	1	0.6	0	0.13500
binom	1	0.7	0	0.12900
binom	1	0.8	0	0.15000
binom	1	0.9	0	0.13200
binom	1	0	0.05	0.09400
binom	1	0.1	0.05	0.09900
binom	1	0.2	0.05	0.10700
binom	1	0.3	0.05	0.14100
binom	1	0.4	0.05	0.16900
binom	1	0.5	0.05	0.18300
binom	1	0.6	0.05	0.17100
binom	1	0.7	0.05	0.16500
binom	1	0.8	0.05	0.17800
binom	1	0.9	0.05	0.15200
binom	1	0	0.1	0.17300
binom	1	0.1	0.1	0.17100
binom	1	0.2	0.1	0.15200
binom	1	0.3	0.1	0.15800
binom	1	0.4	0.1	0.18500
binom	1	0.5	0.1	0.20900
binom	1	0.6	0.1	0.20700
binom	1	0.7	0.1	0.19400
binom	1	0.8	0.1	0.18400
binom	1	0.9	0.1	0.16200
binom	1	0	0.2	0.32300
binom	1	0.1	0.2	0.28100
binom	1	0.2	0.2	0.26300
binom	1	0.3	0.2	0.25400
binom	1	0.4	0.2	0.22300
binom	1	0.5	0.2	0.24500
binom	1	0.6	0.2	0.24400
binom	1	0.7	0.2	0.20500
binom	1	0.8	0.2	0.22600
binom	1	0.9	0.2	0.22700
