binom	1	0	0	0.01200
binom	1	0.1	0	0.04700
binom	1	0.2	0	0.08800
binom	1	0.3	0	0.10000
binom	1	0.4	0	0.12900
binom	1	0.5	0	0.14000
binom	1	0.6	0	0.14400
binom	1	0.7	0	0.14800
binom	1	0.8	0	0.15600
binom	1	0.9	0	0.14200
binom	1	0	0.05	0.08800
binom	1	0.1	0.05	0.08700
binom	1	0.2	0.05	0.10600
binom	1	0.3	0.05	0.13500
binom	1	0.4	0.05	0.16300
binom	1	0.5	0.05	0.16500
binom	1	0.6	0.05	0.16900
binom	1	0.7	0.05	0.14100
binom	1	0.8	0.05	0.16500
binom	1	0.9	0.05	0.15600
binom	1	0	0.1	0.18500
binom	1	0.1	0.1	0.16600
binom	1	0.2	0.1	0.16200
binom	1	0.3	0.1	0.15700
binom	1	0.4	0.1	0.18700
binom	1	0.5	0.1	0.18600
binom	1	0.6	0.1	0.18800
binom	1	0.7	0.1	0.18400
binom	1	0.8	0.1	0.18200
binom	1	0.9	0.1	0.16100
binom	1	0	0.2	0.29600
binom	1	0.1	0.2	0.29200
binom	1	0.2	0.2	0.28000
binom	1	0.3	0.2	0.25100
binom	1	0.4	0.2	0.20900
binom	1	0.5	0.2	0.21400
binom	1	0.6	0.2	0.22500
binom	1	0.7	0.2	0.21900
binom	1	0.8	0.2	0.24300
binom	1	0.9	0.2	0.21600
