binom	1	0	0	0.01100
binom	1	0.1	0	0.04100
binom	1	0.2	0	0.07300
binom	1	0.3	0	0.12400
binom	1	0.4	0	0.13100
binom	1	0.5	0	0.11500
binom	1	0.6	0	0.13500
binom	1	0.7	0	0.13400
binom	1	0.8	0	0.15000
binom	1	0.9	0	0.15100
binom	1	0	0.05	0.10600
binom	1	0.1	0.05	0.07200
binom	1	0.2	0.05	0.11700
binom	1	0.3	0.05	0.11700
binom	1	0.4	0.05	0.16300
binom	1	0.5	0.05	0.17600
binom	1	0.6	0.05	0.16100
binom	1	0.7	0.05	0.15500
binom	1	0.8	0.05	0.18100
binom	1	0.9	0.05	0.16900
binom	1	0	0.1	0.16500
binom	1	0.1	0.1	0.17800
binom	1	0.2	0.1	0.14500
binom	1	0.3	0.1	0.15700
binom	1	0.4	0.1	0.17700
binom	1	0.5	0.1	0.19500
binom	1	0.6	0.1	0.19800
binom	1	0.7	0.1	0.16600
binom	1	0.8	0.1	0.20100
binom	1	0.9	0.1	0.18200
binom	1	0	0.2	0.32800
binom	1	0.1	0.2	0.32000
binom	1	0.2	0.2	0.28100
binom	1	0.3	0.2	0.25300
binom	1	0.4	0.2	0.23200
binom	1	0.5	0.2	0.20900
binom	1	0.6	0.2	0.24300
binom	1	0.7	0.2	0.23500
binom	1	0.8	0.2	0.22700
binom	1	0.9	0.2	0.21700
