binom	1	0	0	0.01200
binom	1	0.1	0	0.04100
binom	1	0.2	0	0.08600
binom	1	0.3	0	0.10300
binom	1	0.4	0	0.13600
binom	1	0.5	0	0.12600
binom	1	0.6	0	0.16500
binom	1	0.7	0	0.14400
binom	1	0.8	0	0.13000
binom	1	0.9	0	0.15100
binom	1	0	0.05	0.08500
binom	1	0.1	0.05	0.09300
binom	1	0.2	0.05	0.11400
binom	1	0.3	0.05	0.14000
binom	1	0.4	0.05	0.16700
binom	1	0.5	0.05	0.13700
binom	1	0.6	0.05	0.17700
binom	1	0.7	0.05	0.17900
binom	1	0.8	0.05	0.15100
binom	1	0.9	0.05	0.13100
binom	1	0	0.1	0.17500
binom	1	0.1	0.1	0.16000
binom	1	0.2	0.1	0.14700
binom	1	0.3	0.1	0.18100
binom	1	0.4	0.1	0.18300
binom	1	0.5	0.1	0.16500
binom	1	0.6	0.1	0.17700
binom	1	0.7	0.1	0.20400
binom	1	0.8	0.1	0.18900
binom	1	0.9	0.1	0.18200
binom	1	0	0.2	0.28200
binom	1	0.1	0.2	0.30000
binom	1	0.2	0.2	0.27600
binom	1	0.3	0.2	0.25800
binom	1	0.4	0.2	0.22400
binom	1	0.5	0.2	0.23200
binom	1	0.6	0.2	0.22400
binom	1	0.7	0.2	0.21800
binom	1	0.8	0.2	0.22100
binom	1	0.9	0.2	0.20200
