binom	1	0	0	0.01000
binom	1	0.1	0	0.04600
binom	1	0.2	0	0.07000
binom	1	0.3	0	0.10900
binom	1	0.4	0	0.13100
binom	1	0.5	0	0.11900
binom	1	0.6	0	0.13700
binom	1	0.7	0	0.13800
binom	1	0.8	0	0.14100
binom	1	0.9	0	0.13100
binom	1	0	0.05	0.08700
binom	1	0.1	0.05	0.08700
binom	1	0.2	0.05	0.11300
binom	1	0.3	0.05	0.15000
binom	1	0.4	0.05	0.13500
binom	1	0.5	0.05	0.15700
binom	1	0.6	0.05	0.17100
binom	1	0.7	0.05	0.15800
binom	1	0.8	0.05	0.15000
binom	1	0.9	0.05	0.14600
binom	1	0	0.1	0.16200
binom	1	0.1	0.1	0.17300
binom	1	0.2	0.1	0.16100
binom	1	0.3	0.1	0.14100
binom	1	0.4	0.1	0.17200
binom	1	0.5	0.1	0.18300
binom	1	0.6	0.1	0.19600
binom	1	0.7	0.1	0.17900
binom	1	0.8	0.1	0.18700
binom	1	0.9	0.1	0.17300
binom	1	0	0.2	0.29400
binom	1	0.1	0.2	0.28200
binom	1	0.2	0.2	0.29300
binom	1	0.3	0.2	0.25800
binom	1	0.4	0.2	0.19200
binom	1	0.5	0.2	0.23500
binom	1	0.6	0.2	0.24400
binom	1	0.7	0.2	0.22300
binom	1	0.8	0.2	0.22900
binom	1	0.9	0.2	0.22400
