binom	1	0	0	0.01500
binom	1	0.1	0	0.04400
binom	1	0.2	0	0.07100
binom	1	0.3	0	0.11400
binom	1	0.4	0	0.13000
binom	1	0.5	0	0.14700
binom	1	0.6	0	0.12500
binom	1	0.7	0	0.12700
binom	1	0.8	0	0.13000
binom	1	0.9	0	0.12700
binom	1	0	0.05	0.10100
binom	1	0.1	0.05	0.08500
binom	1	0.2	0.05	0.11400
binom	1	0.3	0.05	0.15900
binom	1	0.4	0.05	0.13700
binom	1	0.5	0.05	0.18000
binom	1	0.6	0.05	0.17500
binom	1	0.7	0.05	0.17700
binom	1	0.8	0.05	0.18700
binom	1	0.9	0.05	0.16600
binom	1	0	0.1	0.15600
binom	1	0.1	0.1	0.14800
binom	1	0.2	0.1	0.14600
binom	1	0.3	0.1	0.17500
binom	1	0.4	0.1	0.18000
binom	1	0.5	0.1	0.19800
binom	1	0.6	0.1	0.19700
binom	1	0.7	0.1	0.17600
binom	1	0.8	0.1	0.18700
binom	1	0.9	0.1	0.17000
binom	1	0	0.2	0.33300
binom	1	0.1	0.2	0.28700
binom	1	0.2	0.2	0.26800
binom	1	0.3	0.2	0.25100
binom	1	0.4	0.2	0.24800
binom	1	0.5	0.2	0.22500
binom	1	0.6	0.2	0.23100
binom	1	0.7	0.2	0.25900
binom	1	0.8	0.2	0.22700
binom	1	0.9	0.2	0.22100
