binom	1	0	0	0.01000
binom	1	0.1	0	0.04900
binom	1	0.2	0	0.07700
binom	1	0.3	0	0.11600
binom	1	0.4	0	0.11500
binom	1	0.5	0	0.13800
binom	1	0.6	0	0.14500
binom	1	0.7	0	0.14100
binom	1	0.8	0	0.13400
binom	1	0.9	0	0.11800
binom	1	0	0.05	0.08100
binom	1	0.1	0.05	0.09700
binom	1	0.2	0.05	0.11100
binom	1	0.3	0.05	0.13300
binom	1	0.4	0.05	0.16300
binom	1	0.5	0.05	0.13600
binom	1	0.6	0.05	0.14200
binom	1	0.7	0.05	0.17300
binom	1	0.8	0.05	0.14500
binom	1	0.9	0.05	0.16200
binom	1	0	0.1	0.15900
binom	1	0.1	0.1	0.13200
binom	1	0.2	0.1	0.15100
binom	1	0.3	0.1	0.17300
binom	1	0.4	0.1	0.16100
binom	1	0.5	0.1	0.19200
binom	1	0.6	0.1	0.18700
binom	1	0.7	0.1	0.17200
binom	1	0.8	0.1	0.19200
binom	1	0.9	0.1	0.18300
binom	1	0	0.2	0.29900
binom	1	0.1	0.2	0.30000
binom	1	0.2	0.2	0.28300
binom	1	0.3	0.2	0.24600
binom	1	0.4	0.2	0.21600
binom	1	0.5	0.2	0.24600
binom	1	0.6	0.2	0.22800
binom	1	0.7	0.2	0.23600
binom	1	0.8	0.2	0.22300
binom	1	0.9	0.2	0.20200
