binom	1	0	0	0.01100
binom	1	0.1	0	0.06000
binom	1	0.2	0	0.08800
binom	1	0.3	0	0.10900
binom	1	0.4	0	0.12600
binom	1	0.5	0	0.14800
binom	1	0.6	0	0.14600
binom	1	0.7	0	0.13700
binom	1	0.8	0	0.14400
binom	1	0.9	0	0.11600
binom	1	0	0.05	0.08000
binom	1	0.1	0.05	0.09000
binom	1	0.2	0.05	0.11800
binom	1	0.3	0.05	0.13500
binom	1	0.4	0.05	0.15800
binom	1	0.5	0.05	0.15100
binom	1	0.6	0.05	0.15400
binom	1	0.7	0.05	0.18100
binom	1	0.8	0.05	0.19200
binom	1	0.9	0.05	0.18000
binom	1	0	0.1	0.17000
binom	1	0.1	0.1	0.16200
binom	1	0.2	0.1	0.14900
binom	1	0.3	0.1	0.15800
binom	1	0.4	0.1	0.17800
binom	1	0.5	0.1	0.19900
binom	1	0.6	0.1	0.19000
binom	1	0.7	0.1	0.19000
binom	1	0.8	0.1	0.19600
binom	1	0.9	0.1	0.17700
binom	1	0	0.2	0.31000
binom	1	0.1	0.2	0.30500
binom	1	0.2	0.2	0.26000
binom	1	0.3	0.2	0.23500
binom	1	0.4	0.2	0.22300
binom	1	0.5	0.2	0.23300
binom	1	0.6	0.2	0.24500
binom	1	0.7	0.2	0.22600
binom	1	0.8	0.2	0.23500
binom	1	0.9	0.2	0.22900
