binom	1	0	0	0.01300
binom	1	0.1	0	0.04200
binom	1	0.2	0	0.09100
binom	1	0.3	0	0.10000
binom	1	0.4	0	0.12700
binom	1	0.5	0	0.13200
binom	1	0.6	0	0.14100
binom	1	0.7	0	0.13400
binom	1	0.8	0	0.14300
binom	1	0.9	0	0.12300
binom	1	0	0.05	0.09900
binom	1	0.1	0.05	0.10600
binom	1	0.2	0.05	0.11100
binom	1	0.3	0.05	0.13800
binom	1	0.4	0.05	0.15900
binom	1	0.5	0.05	0.15400
binom	1	0.6	0.05	0.15900
binom	1	0.7	0.05	0.17900
binom	1	0.8	0.05	0.16400
binom	1	0.9	0.05	0.15000
binom	1	0	0.1	0.17200
binom	1	0.1	0.1	0.17500
binom	1	0.2	0.1	0.13100
binom	1	0.3	0.1	0.16600
binom	1	0.4	0.1	0.18700
binom	1	0.5	0.1	0.17800
binom	1	0.6	0.1	0.21200
binom	1	0.7	0.1	0.18300
binom	1	0.8	0.1	0.19200
binom	1	0.9	0.1	0.17500
binom	1	0	0.2	0.32300
binom	1	0.1	0.2	0.29400
binom	1	0.2	0.2	0.28200
binom	1	0.3	0.2	0.23300
binom	1	0.4	0.2	0.21300
binom	1	0.5	0.2	0.21800
binom	1	0.6	0.2	0.23000
binom	1	0.7	0.2	0.22800
binom	1	0.8	0.2	0.23600
binom	1	0.9	0.2	0.22900
