binom	1	0	0	0.00600
binom	1	0.1	0	0.03800
binom	1	0.2	0	0.07600
binom	1	0.3	0	0.08500
binom	1	0.4	0	0.11100
binom	1	0.5	0	0.13200
binom	1	0.6	0	0.14400
binom	1	0.7	0	0.14700
binom	1	0.8	0	0.14000
binom	1	0.9	0	0.14000
binom	1	0	0.05	0.08700
binom	1	0.1	0.05	0.09000
binom	1	0.2	0.05	0.12600
binom	1	0.3	0.05	0.12400
binom	1	0.4	0.05	0.14800
binom	1	0.5	0.05	0.17400
binom	1	0.6	0.05	0.16800
binom	1	0.7	0.05	0.17900
binom	1	0.8	0.05	0.15000
binom	1	0.9	0.05	0.15100
binom	1	0	0.1	0.15900
binom	1	0.1	0.1	0.15600
binom	1	0.2	0.1	0.14900
binom	1	0.3	0.1	0.15000
binom	1	0.4	0.1	0.17300
binom	1	0.5	0.1	0.20100
binom	1	0.6	0.1	0.18500
binom	1	0.7	0.1	0.20500
binom	1	0.8	0.1	0.17700
binom	1	0.9	0.1	0.18600
binom	1	0	0.2	0.29800
binom	1	0.1	0.2	0.30600
binom	1	0.2	0.2	0.26700
binom	1	0.3	0.2	0.25600
binom	1	0.4	0.2	0.25000
binom	1	0.5	0.2	0.20900
binom	1	0.6	0.2	0.25700
binom	1	0.7	0.2	0.24600
binom	1	0.8	0.2	0.23400
binom	1	0.9	0.2	0.23700
