binom	1	0	0	0.01300
binom	1	0.1	0	0.03900
binom	1	0.2	0	0.07500
binom	1	0.3	0	0.09600
binom	1	0.4	0	0.12300
binom	1	0.5	0	0.14800
binom	1	0.6	0	0.14700
binom	1	0.7	0	0.13400
binom	1	0.8	0	0.12300
binom	1	0.9	0	0.13500
binom	1	0	0.05	0.09700
binom	1	0.1	0.05	0.08200
binom	1	0.2	0.05	0.11900
binom	1	0.3	0.05	0.13300
binom	1	0.4	0.05	0.15400
binom	1	0.5	0.05	0.18700
binom	1	0.6	0.05	0.17100
binom	1	0.7	0.05	0.17000
binom	1	0.8	0.05	0.16700
binom	1	0.9	0.05	0.15200
binom	1	0	0.1	0.17600
binom	1	0.1	0.1	0.18800
binom	1	0.2	0.1	0.15800
binom	1	0.3	0.1	0.15200
binom	1	0.4	0.1	0.17400
binom	1	0.5	0.1	0.17200
binom	1	0.6	0.1	0.19200
binom	1	0.7	0.1	0.21300
binom	1	0.8	0.1	0.19900
binom	1	0.9	0.1	0.17700
binom	1	0	0.2	0.30200
binom	1	0.1	0.2	0.28000
binom	1	0.2	0.2	0.25200
binom	1	0.3	0.2	0.23000
binom	1	0.4	0.2	0.24900
binom	1	0.5	0.2	0.23800
binom	1	0.6	0.2	0.22300
binom	1	0.7	0.2	0.22700
binom	1	0.8	0.2	0.24200
binom	1	0.9	0.2	0.23100
