binom	1	0	0	0.01000
binom	1	0.1	0	0.03900
binom	1	0.2	0	0.07500
binom	1	0.3	0	0.11700
binom	1	0.4	0	0.11600
binom	1	0.5	0	0.13900
binom	1	0.6	0	0.14900
binom	1	0.7	0	0.16300
binom	1	0.8	0	0.14800
binom	1	0.9	0	0.14300
binom	1	0	0.05	0.09000
binom	1	0.1	0.05	0.10100
binom	1	0.2	0.05	0.11000
binom	1	0.3	0.05	0.11200
binom	1	0.4	0.05	0.14000
binom	1	0.5	0.05	0.15300
binom	1	0.6	0.05	0.17900
binom	1	0.7	0.05	0.17600
binom	1	0.8	0.05	0.16600
binom	1	0.9	0.05	0.17100
binom	1	0	0.1	0.16500
binom	1	0.1	0.1	0.17200
binom	1	0.2	0.1	0.17000
binom	1	0.3	0.1	0.19100
binom	1	0.4	0.1	0.17900
binom	1	0.5	0.1	0.21500
binom	1	0.6	0.1	0.21500
binom	1	0.7	0.1	0.19500
binom	1	0.8	0.1	0.16600
binom	1	0.9	0.1	0.18100
binom	1	0	0.2	0.31000
binom	1	0.1	0.2	0.32600
binom	1	0.2	0.2	0.27700
binom	1	0.3	0.2	0.26000
binom	1	0.4	0.2	0.23700
binom	1	0.5	0.2	0.21900
binom	1	0.6	0.2	0.23000
binom	1	0.7	0.2	0.23200
binom	1	0.8	0.2	0.22100
binom	1	0.9	0.2	0.20900
