binom	1	0	0	0.00700
binom	1	0.1	0	0.03900
binom	1	0.2	0	0.07300
binom	1	0.3	0	0.09500
binom	1	0.4	0	0.11500
binom	1	0.5	0	0.14700
binom	1	0.6	0	0.14700
binom	1	0.7	0	0.13700
binom	1	0.8	0	0.17200
binom	1	0.9	0	0.12900
binom	1	0	0.05	0.09500
binom	1	0.1	0.05	0.08800
binom	1	0.2	0.05	0.12400
binom	1	0.3	0.05	0.14500
binom	1	0.4	0.05	0.16800
binom	1	0.5	0.05	0.14500
binom	1	0.6	0.05	0.18700
binom	1	0.7	0.05	0.15500
binom	1	0.8	0.05	0.15400
binom	1	0.9	0.05	0.14900
binom	1	0	0.1	0.15600
binom	1	0.1	0.1	0.19200
binom	1	0.2	0.1	0.14900
binom	1	0.3	0.1	0.15900
binom	1	0.4	0.1	0.18000
binom	1	0.5	0.1	0.17300
binom	1	0.6	0.1	0.19100
binom	1	0.7	0.1	0.19600
binom	1	0.8	0.1	0.18600
binom	1	0.9	0.1	0.18100
binom	1	0	0.2	0.30600
binom	1	0.1	0.2	0.29800
binom	1	0.2	0.2	0.28500
binom	1	0.3	0.2	0.25400
binom	1	0.4	0.2	0.22300
binom	1	0.5	0.2	0.22900
binom	1	0.6	0.2	0.20900
binom	1	0.7	0.2	0.22900
binom	1	0.8	0.2	0.22800
binom	1	0.9	0.2	0.22700
