binom	1	0	0	0.00700
binom	1	0.1	0	0.04800
binom	1	0.2	0	0.06500
binom	1	0.3	0	0.12300
binom	1	0.4	0	0.12600
binom	1	0.5	0	0.15200
binom	1	0.6	0	0.15400
binom	1	0.7	0	0.15000
binom	1	0.8	0	0.14600
binom	1	0.9	0	0.13400
binom	1	0	0.05	0.10300
binom	1	0.1	0.05	0.08400
binom	1	0.2	0.05	0.11300
binom	1	0.3	0.05	0.17000
binom	1	0.4	0.05	0.15100
binom	1	0.5	0.05	0.17300
binom	1	0.6	0.05	0.17500
binom	1	0.7	0.05	0.17600
binom	1	0.8	0.05	0.17200
binom	1	0.9	0.05	0.13700
binom	1	0	0.1	0.16400
binom	1	0.1	0.1	0.15700
binom	1	0.2	0.1	0.13400
binom	1	0.3	0.1	0.17100
binom	1	0.4	0.1	0.19200
binom	1	0.5	0.1	0.17200
binom	1	0.6	0.1	0.17600
binom	1	0.7	0.1	0.20400
binom	1	0.8	0.1	0.21600
binom	1	0.9	0.1	0.16500
binom	1	0	0.2	0.32700
binom	1	0.1	0.2	0.31800
binom	1	0.2	0.2	0.26100
binom	1	0.3	0.2	0.22000
binom	1	0.4	0.2	0.20600
binom	1	0.5	0.2	0.21000
binom	1	0.6	0.2	0.24800
binom	1	0.7	0.2	0.23900
binom	1	0.8	0.2	0.22900
binom	1	0.9	0.2	0.22500
