binom	1	0	0	0.00100
binom	1	0.1	0	0.04900
binom	1	0.2	0	0.09200
binom	1	0.3	0	0.10900
binom	1	0.4	0	0.13300
binom	1	0.5	0	0.14000
binom	1	0.6	0	0.14200
binom	1	0.7	0	0.15000
binom	1	0.8	0	0.14700
binom	1	0.9	0	0.13100
binom	1	0	0.05	0.09900
binom	1	0.1	0.05	0.07900
binom	1	0.2	0.05	0.12100
binom	1	0.3	0.05	0.13100
binom	1	0.4	0.05	0.16600
binom	1	0.5	0.05	0.16400
binom	1	0.6	0.05	0.17900
binom	1	0.7	0.05	0.16800
binom	1	0.8	0.05	0.15700
binom	1	0.9	0.05	0.14900
binom	1	0	0.1	0.17500
binom	1	0.1	0.1	0.15800
binom	1	0.2	0.1	0.15900
binom	1	0.3	0.1	0.17400
binom	1	0.4	0.1	0.18100
binom	1	0.5	0.1	0.17900
binom	1	0.6	0.1	0.18100
binom	1	0.7	0.1	0.19500
binom	1	0.8	0.1	0.18000
binom	1	0.9	0.1	0.19800
binom	1	0	0.2	0.29600
binom	1	0.1	0.2	0.28100
binom	1	0.2	0.2	0.27900
binom	1	0.3	0.2	0.25400
binom	1	0.4	0.2	0.22300
binom	1	0.5	0.2	0.22700
binom	1	0.6	0.2	0.23000
binom	1	0.7	0.2	0.22300
binom	1	0.8	0.2	0.21700
binom	1	0.9	0.2	0.19700
