binom	1	0	0	0.00600
binom	1	0.1	0	0.04100
binom	1	0.2	0	0.08800
binom	1	0.3	0	0.10600
binom	1	0.4	0	0.11700
binom	1	0.5	0	0.13800
binom	1	0.6	0	0.14100
binom	1	0.7	0	0.15400
binom	1	0.8	0	0.14100
binom	1	0.9	0	0.13400
binom	1	0	0.05	0.07700
binom	1	0.1	0.05	0.09200
binom	1	0.2	0.05	0.10400
binom	1	0.3	0.05	0.12800
binom	1	0.4	0.05	0.14300
binom	1	0.5	0.05	0.16400
binom	1	0.6	0.05	0.18800
binom	1	0.7	0.05	0.16600
binom	1	0.8	0.05	0.16900
binom	1	0.9	0.05	0.16100
binom	1	0	0.1	0.15000
binom	1	0.1	0.1	0.16900
binom	1	0.2	0.1	0.14200
binom	1	0.3	0.1	0.17700
binom	1	0.4	0.1	0.16400
binom	1	0.5	0.1	0.17400
binom	1	0.6	0.1	0.19900
binom	1	0.7	0.1	0.18100
binom	1	0.8	0.1	0.18000
binom	1	0.9	0.1	0.16100
binom	1	0	0.2	0.27700
binom	1	0.1	0.2	0.30000
binom	1	0.2	0.2	0.28700
binom	1	0.3	0.2	0.23600
binom	1	0.4	0.2	0.20400
binom	1	0.5	0.2	0.22700
binom	1	0.6	0.2	0.22200
binom	1	0.7	0.2	0.24300
binom	1	0.8	0.2	0.21900
binom	1	0.9	0.2	0.23500
