binom	1	0	0	0.01300
binom	1	0.1	0	0.04900
binom	1	0.2	0	0.07700
binom	1	0.3	0	0.09900
binom	1	0.4	0	0.13400
binom	1	0.5	0	0.14400
binom	1	0.6	0	0.14700
binom	1	0.7	0	0.15000
binom	1	0.8	0	0.15000
binom	1	0.9	0	0.12100
binom	1	0	0.05	0.08700
binom	1	0.1	0.05	0.08200
binom	1	0.2	0.05	0.11500
binom	1	0.3	0.05	0.13300
binom	1	0.4	0.05	0.15800
binom	1	0.5	0.05	0.14000
binom	1	0.6	0.05	0.19100
binom	1	0.7	0.05	0.16800
binom	1	0.8	0.05	0.17500
binom	1	0.9	0.05	0.17300
binom	1	0	0.1	0.16200
binom	1	0.1	0.1	0.17200
binom	1	0.2	0.1	0.13600
binom	1	0.3	0.1	0.16600
binom	1	0.4	0.1	0.18200
binom	1	0.5	0.1	0.18500
binom	1	0.6	0.1	0.18800
binom	1	0.7	0.1	0.19500
binom	1	0.8	0.1	0.19400
binom	1	0.9	0.1	0.17300
binom	1	0	0.2	0.29600
binom	1	0.1	0.2	0.30200
binom	1	0.2	0.2	0.27100
binom	1	0.3	0.2	0.24500
binom	1	0.4	0.2	0.22600
binom	1	0.5	0.2	0.24300
binom	1	0.6	0.2	0.23200
binom	1	0.7	0.2	0.24700
binom	1	0.8	0.2	0.20600
binom	1	0.9	0.2	0.18500
