binom	1	0	0	0.01100
binom	1	0.1	0	0.05300
binom	1	0.2	0	0.08400
binom	1	0.3	0	0.09900
binom	1	0.4	0	0.13300
binom	1	0.5	0	0.13000
binom	1	0.6	0	0.14200
binom	1	0.7	0	0.13200
binom	1	0.8	0	0.13600
binom	1	0.9	0	0.12300
binom	1	0	0.05	0.10100
binom	1	0.1	0.05	0.08500
binom	1	0.2	0.05	0.12300
binom	1	0.3	0.05	0.13200
binom	1	0.4	0.05	0.16000
binom	1	0.5	0.05	0.16800
binom	1	0.6	0.05	0.16200
binom	1	0.7	0.05	0.15900
binom	1	0.8	0.05	0.17300
binom	1	0.9	0.05	0.16000
binom	1	0	0.1	0.17600
binom	1	0.1	0.1	0.15500
binom	1	0.2	0.1	0.13100
binom	1	0.3	0.1	0.16400
binom	1	0.4	0.1	0.19000
binom	1	0.5	0.1	0.19100
binom	1	0.6	0.1	0.21100
binom	1	0.7	0.1	0.19200
binom	1	0.8	0.1	0.20800
binom	1	0.9	0.1	0.17000
binom	1	0	0.2	0.25400
binom	1	0.1	0.2	0.27700
binom	1	0.2	0.2	0.27400
binom	1	0.3	0.2	0.23400
binom	1	0.4	0.2	0.19700
binom	1	0.5	0.2	0.22700
binom	1	0.6	0.2	0.22300
binom	1	0.7	0.2	0.24100
binom	1	0.8	0.2	0.22900
binom	1	0.9	0.2	0.20700
