binom	1	0	0	0.00700
binom	1	0.1	0	0.04300
binom	1	0.2	0	0.07600
binom	1	0.3	0	0.10400
binom	1	0.4	0	0.13300
binom	1	0.5	0	0.14000
binom	1	0.6	0	0.13500
binom	1	0.7	0	0.15700
binom	1	0.8	0	0.14700
binom	1	0.9	0	0.13500
binom	1	0	0.05	0.09100
binom	1	0.1	0.05	0.08400
binom	1	0.2	0.05	0.10400
binom	1	0.3	0.05	0.13500
binom	1	0.4	0.05	0.15400
binom	1	0.5	0.05	0.18300
binom	1	0.6	0.05	0.17100
binom	1	0.7	0.05	0.15800
binom	1	0.8	0.05	0.15000
binom	1	0.9	0.05	0.15200
binom	1	0	0.1	0.17300
binom	1	0.1	0.1	0.15600
binom	1	0.2	0.1	0.15400
binom	1	0.3	0.1	0.15500
binom	1	0.4	0.1	0.17400
binom	1	0.5	0.1	0.17100
binom	1	0.6	0.1	0.19400
binom	1	0.7	0.1	0.20600
binom	1	0.8	0.1	0.18600
binom	1	0.9	0.1	0.19400
binom	1	0	0.2	0.31600
binom	1	0.1	0.2	0.29500
binom	1	0.2	0.2	0.29200
binom	1	0.3	0.2	0.23300
binom	1	0.4	0.2	0.21800
binom	1	0.5	0.2	0.25500
binom	1	0.6	0.2	0.22600
binom	1	0.7	0.2	0.22900
binom	1	0.8	0.2	0.24400
binom	1	0.9	0.2	0.23600
