binom	1	0	0	0.00600
binom	1	0.1	0	0.04100
binom	1	0.2	0	0.09100
binom	1	0.3	0	0.10800
binom	1	0.4	0	0.11200
binom	1	0.5	0	0.14400
binom	1	0.6	0	0.15000
binom	1	0.7	0	0.14000
binom	1	0.8	0	0.14000
binom	1	0.9	0	0.14400
binom	1	0	0.05	0.09400
binom	1	0.1	0.05	0.09500
binom	1	0.2	0.05	0.09600
binom	1	0.3	0.05	0.13600
binom	1	0.4	0.05	0.14500
binom	1	0.5	0.05	0.16400
binom	1	0.6	0.05	0.15200
binom	1	0.7	0.05	0.15500
binom	1	0.8	0.05	0.16400
binom	1	0.9	0.05	0.15000
binom	1	0	0.1	0.20400
binom	1	0.1	0.1	0.16800
binom	1	0.2	0.1	0.14600
binom	1	0.3	0.1	0.16200
binom	1	0.4	0.1	0.17700
binom	1	0.5	0.1	0.21400
binom	1	0.6	0.1	0.17900
binom	1	0.7	0.1	0.18700
binom	1	0.8	0.1	0.17800
binom	1	0.9	0.1	0.18700
binom	1	0	0.2	0.30600
binom	1	0.1	0.2	0.30600
binom	1	0.2	0.2	0.29300
binom	1	0.3	0.2	0.24000
binom	1	0.4	0.2	0.22800
binom	1	0.5	0.2	0.22600
binom	1	0.6	0.2	0.21700
binom	1	0.7	0.2	0.21300
binom	1	0.8	0.2	0.20900
binom	1	0.9	0.2	0.21900
