binom	1	0	0	0.00800
binom	1	0.1	0	0.05400
binom	1	0.2	0	0.09000
binom	1	0.3	0	0.12000
binom	1	0.4	0	0.13600
binom	1	0.5	0	0.12900
binom	1	0.6	0	0.15300
binom	1	0.7	0	0.11900
binom	1	0.8	0	0.13700
binom	1	0.9	0	0.11400
binom	1	0	0.05	0.08300
binom	1	0.1	0.05	0.09100
binom	1	0.2	0.05	0.09200
binom	1	0.3	0.05	0.13400
binom	1	0.4	0.05	0.18100
binom	1	0.5	0.05	0.18500
binom	1	0.6	0.05	0.17500
binom	1	0.7	0.05	0.20000
binom	1	0.8	0.05	0.16300
binom	1	0.9	0.05	0.13400
binom	1	0	0.1	0.16400
binom	1	0.1	0.1	0.15700
binom	1	0.2	0.1	0.15600
binom	1	0.3	0.1	0.16700
binom	1	0.4	0.1	0.16700
binom	1	0.5	0.1	0.18700
binom	1	0.6	0.1	0.18300
binom	1	0.7	0.1	0.22000
binom	1	0.8	0.1	0.18000
binom	1	0.9	0.1	0.16900
binom	1	0	0.2	0.28300
binom	1	0.1	0.2	0.28600
binom	1	0.2	0.2	0.29600
binom	1	0.3	0.2	0.22500
binom	1	0.4	0.2	0.23300
binom	1	0.5	0.2	0.21300
binom	1	0.6	0.2	0.23800
binom	1	0.7	0.2	0.21600
binom	1	0.8	0.2	0.23900
binom	1	0.9	0.2	0.20700
