binom	1	0	0	0.01200
binom	1	0.1	0	0.04600
binom	1	0.2	0	0.09400
binom	1	0.3	0	0.07900
binom	1	0.4	0	0.11900
binom	1	0.5	0	0.12800
binom	1	0.6	0	0.16500
binom	1	0.7	0	0.14800
binom	1	0.8	0	0.12600
binom	1	0.9	0	0.13000
binom	1	0	0.05	0.08000
binom	1	0.1	0.05	0.09200
binom	1	0.2	0.05	0.09300
binom	1	0.3	0.05	0.11700
binom	1	0.4	0.05	0.14300
binom	1	0.5	0.05	0.17200
binom	1	0.6	0.05	0.14700
binom	1	0.7	0.05	0.18400
binom	1	0.8	0.05	0.17900
binom	1	0.9	0.05	0.14800
binom	1	0	0.1	0.16600
binom	1	0.1	0.1	0.16900
binom	1	0.2	0.1	0.14100
binom	1	0.3	0.1	0.16300
binom	1	0.4	0.1	0.18300
binom	1	0.5	0.1	0.18500
binom	1	0.6	0.1	0.18600
binom	1	0.7	0.1	0.15900
binom	1	0.8	0.1	0.19700
binom	1	0.9	0.1	0.16800
binom	1	0	0.2	0.32400
binom	1	0.1	0.2	0.31000
binom	1	0.2	0.2	0.29600
binom	1	0.3	0.2	0.23700
binom	1	0.4	0.2	0.21600
binom	1	0.5	0.2	0.23000
binom	1	0.6	0.2	0.23200
binom	1	0.7	0.2	0.22500
binom	1	0.8	0.2	0.21900
binom	1	0.9	0.2	0.20400
