binom	1	0	0	0.01000
binom	1	0.1	0	0.04200
binom	1	0.2	0	0.08700
binom	1	0.3	0	0.10100
binom	1	0.4	0	0.10300
binom	1	0.5	0	0.15200
binom	1	0.6	0	0.13500
binom	1	0.7	0	0.16000
binom	1	0.8	0	0.13900
binom	1	0.9	0	0.14400
binom	1	0	0.05	0.10000
binom	1	0.1	0.05	0.09000
binom	1	0.2	0.05	0.11700
binom	1	0.3	0.05	0.12100
binom	1	0.4	0.05	0.14600
binom	1	0.5	0.05	0.17200
binom	1	0.6	0.05	0.16000
binom	1	0.7	0.05	0.16700
binom	1	0.8	0.05	0.18500
binom	1	0.9	0.05	0.15300
binom	1	0	0.1	0.16900
binom	1	0.1	0.1	0.16100
binom	1	0.2	0.1	0.14000
binom	1	0.3	0.1	0.15700
binom	1	0.4	0.1	0.16700
binom	1	0.5	0.1	0.18300
binom	1	0.6	0.1	0.20200
binom	1	0.7	0.1	0.15700
binom	1	0.8	0.1	0.19400
binom	1	0.9	0.1	0.17500
binom	1	0	0.2	0.29600
binom	1	0.1	0.2	0.30300
binom	1	0.2	0.2	0.31900
binom	1	0.3	0.2	0.23500
binom	1	0.4	0.2	0.23700
binom	1	0.5	0.2	0.21300
binom	1	0.6	0.2	0.22200
binom	1	0.7	0.2	0.22100
binom	1	0.8	0.2	0.21100
binom	1	0.9	0.2	0.22500
