binom	1	0	0	0.01600
binom	1	0.1	0	0.04100
binom	1	0.2	0	0.07900
binom	1	0.3	0	0.12200
binom	1	0.4	0	0.10700
binom	1	0.5	0	0.14500
binom	1	0.6	0	0.13000
binom	1	0.7	0	0.14500
binom	1	0.8	0	0.14400
binom	1	0.9	0	0.15300
binom	1	0	0.05	0.08800
binom	1	0.1	0.05	0.07600
binom	1	0.2	0.05	0.10500
binom	1	0.3	0.05	0.12700
binom	1	0.4	0.05	0.13700
binom	1	0.5	0.05	0.13800
binom	1	0.6	0.05	0.15800
binom	1	0.7	0.05	0.16600
binom	1	0.8	0.05	0.15800
binom	1	0.9	0.05	0.16600
binom	1	0	0.1	0.17200
binom	1	0.1	0.1	0.16900
binom	1	0.2	0.1	0.15400
binom	1	0.3	0.1	0.16600
binom	1	0.4	0.1	0.17600
binom	1	0.5	0.1	0.18700
binom	1	0.6	0.1	0.20400
binom	1	0.7	0.1	0.18500
binom	1	0.8	0.1	0.17000
binom	1	0.9	0.1	0.18400
binom	1	0	0.2	0.30500
binom	1	0.1	0.2	0.31000
binom	1	0.2	0.2	0.29300
binom	1	0.3	0.2	0.25600
binom	1	0.4	0.2	0.21700
binom	1	0.5	0.2	0.23400
binom	1	0.6	0.2	0.21800
binom	1	0.7	0.2	0.24200
binom	1	0.8	0.2	0.20300
binom	1	0.9	0.2	0.20100
