binom	1	0	0	0.00700
binom	1	0.1	0	0.04700
binom	1	0.2	0	0.07000
binom	1	0.3	0	0.10500
binom	1	0.4	0	0.13400
binom	1	0.5	0	0.12900
binom	1	0.6	0	0.13900
binom	1	0.7	0	0.13200
binom	1	0.8	0	0.13800
binom	1	0.9	0	0.12000
binom	1	0	0.05	0.08800
binom	1	0.1	0.05	0.08700
binom	1	0.2	0.05	0.11500
binom	1	0.3	0.05	0.12900
binom	1	0.4	0.05	0.14700
binom	1	0.5	0.05	0.15800
binom	1	0.6	0.05	0.17900
binom	1	0.7	0.05	0.15000
binom	1	0.8	0.05	0.17900
binom	1	0.9	0.05	0.16000
binom	1	0	0.1	0.16500
binom	1	0.1	0.1	0.15800
binom	1	0.2	0.1	0.14600
binom	1	0.3	0.1	0.18400
binom	1	0.4	0.1	0.15900
binom	1	0.5	0.1	0.16800
binom	1	0.6	0.1	0.18700
binom	1	0.7	0.1	0.21500
binom	1	0.8	0.1	0.19000
binom	1	0.9	0.1	0.17900
binom	1	0	0.2	0.31600
binom	1	0.1	0.2	0.28700
binom	1	0.2	0.2	0.26100
binom	1	0.3	0.2	0.25300
binom	1	0.4	0.2	0.22600
binom	1	0.5	0.2	0.21300
binom	1	0.6	0.2	0.24200
binom	1	0.7	0.2	0.21200
binom	1	0.8	0.2	0.22600
binom	1	0.9	0.2	0.21200
