binom	1	0	0	0.00900
binom	1	0.1	0	0.04400
binom	1	0.2	0	0.08200
binom	1	0.3	0	0.10100
binom	1	0.4	0	0.12100
binom	1	0.5	0	0.13500
binom	1	0.6	0	0.13900
binom	1	0.7	0	0.13300
binom	1	0.8	0	0.14900
binom	1	0.9	0	0.13800
binom	1	0	0.05	0.10600
binom	1	0.1	0.05	0.09300
binom	1	0.2	0.05	0.11100
binom	1	0.3	0.05	0.15200
binom	1	0.4	0.05	0.13900
binom	1	0.5	0.05	0.14300
binom	1	0.6	0.05	0.15900
binom	1	0.7	0.05	0.14800
binom	1	0.8	0.05	0.17500
binom	1	0.9	0.05	0.16000
binom	1	0	0.1	0.16000
binom	1	0.1	0.1	0.14400
binom	1	0.2	0.1	0.16600
binom	1	0.3	0.1	0.16900
binom	1	0.4	0.1	0.18100
binom	1	0.5	0.1	0.20000
binom	1	0.6	0.1	0.21600
binom	1	0.7	0.1	0.19500
binom	1	0.8	0.1	0.18300
binom	1	0.9	0.1	0.18000
binom	1	0	0.2	0.29100
binom	1	0.1	0.2	0.28600
binom	1	0.2	0.2	0.28800
binom	1	0.3	0.2	0.23500
binom	1	0.4	0.2	0.21500
binom	1	0.5	0.2	0.23200
binom	1	0.6	0.2	0.24800
binom	1	0.7	0.2	0.22900
binom	1	0.8	0.2	0.23500
binom	1	0.9	0.2	0.22600
