binom	1	0	0	0.00500
binom	1	0.1	0	0.05300
binom	1	0.2	0	0.07500
binom	1	0.3	0	0.10500
binom	1	0.4	0	0.13000
binom	1	0.5	0	0.12900
binom	1	0.6	0	0.16000
binom	1	0.7	0	0.13500
binom	1	0.8	0	0.15300
binom	1	0.9	0	0.13100
binom	1	0	0.05	0.09400
binom	1	0.1	0.05	0.09900
binom	1	0.2	0.05	0.11200
binom	1	0.3	0.05	0.14900
binom	1	0.4	0.05	0.16100
binom	1	0.5	0.05	0.17600
binom	1	0.6	0.05	0.17400
binom	1	0.7	0.05	0.18800
binom	1	0.8	0.05	0.17700
binom	1	0.9	0.05	0.16400
binom	1	0	0.1	0.17700
binom	1	0.1	0.1	0.15400
binom	1	0.2	0.1	0.14300
binom	1	0.3	0.1	0.17600
binom	1	0.4	0.1	0.17900
binom	1	0.5	0.1	0.17900
binom	1	0.6	0.1	0.16600
binom	1	0.7	0.1	0.18700
binom	1	0.8	0.1	0.21000
binom	1	0.9	0.1	0.15600
binom	1	0	0.2	0.32200
binom	1	0.1	0.2	0.28400
binom	1	0.2	0.2	0.25200
binom	1	0.3	0.2	0.23700
binom	1	0.4	0.2	0.23100
binom	1	0.5	0.2	0.23700
binom	1	0.6	0.2	0.21400
binom	1	0.7	0.2	0.22300
binom	1	0.8	0.2	0.21900
binom	1	0.9	0.2	0.20800
