binom	1	0	0	0.00600
binom	1	0.1	0	0.05200
binom	1	0.2	0	0.08600
binom	1	0.3	0	0.10400
binom	1	0.4	0	0.13300
binom	1	0.5	0	0.13900
binom	1	0.6	0	0.12900
binom	1	0.7	0	0.16100
binom	1	0.8	0	0.13700
binom	1	0.9	0	0.10200
binom	1	0	0.05	0.09200
binom	1	0.1	0.05	0.07900
binom	1	0.2	0.05	0.10600
binom	1	0.3	0.05	0.14700
binom	1	0.4	0.05	0.14600
binom	1	0.5	0.05	0.17200
binom	1	0.6	0.05	0.15900
binom	1	0.7	0.05	0.16600
binom	1	0.8	0.05	0.18000
binom	1	0.9	0.05	0.17300
binom	1	0	0.1	0.19300
binom	1	0.1	0.1	0.17000
binom	1	0.2	0.1	0.16500
binom	1	0.3	0.1	0.16300
binom	1	0.4	0.1	0.18100
binom	1	0.5	0.1	0.18000
binom	1	0.6	0.1	0.18200
binom	1	0.7	0.1	0.20800
binom	1	0.8	0.1	0.18700
binom	1	0.9	0.1	0.16900
binom	1	0	0.2	0.30700
binom	1	0.1	0.2	0.27700
binom	1	0.2	0.2	0.28500
binom	1	0.3	0.2	0.25400
binom	1	0.4	0.2	0.22000
binom	1	0.5	0.2	0.21100
binom	1	0.6	0.2	0.23900
binom	1	0.7	0.2	0.20600
binom	1	0.8	0.2	0.21300
binom	1	0.9	0.2	0.21300
