binom	1	0	0	0.00800
binom	1	0.1	0	0.05100
binom	1	0.2	0	0.07600
binom	1	0.3	0	0.11000
binom	1	0.4	0	0.11700
binom	1	0.5	0	0.14200
binom	1	0.6	0	0.13900
binom	1	0.7	0	0.13500
binom	1	0.8	0	0.13700
binom	1	0.9	0	0.14300
binom	1	0	0.05	0.08100
binom	1	0.1	0.05	0.09600
binom	1	0.2	0.05	0.11800
binom	1	0.3	0.05	0.10700
binom	1	0.4	0.05	0.16000
binom	1	0.5	0.05	0.16900
binom	1	0.6	0.05	0.17000
binom	1	0.7	0.05	0.17900
binom	1	0.8	0.05	0.18900
binom	1	0.9	0.05	0.15900
binom	1	0	0.1	0.16500
binom	1	0.1	0.1	0.17300
binom	1	0.2	0.1	0.14800
binom	1	0.3	0.1	0.15600
binom	1	0.4	0.1	0.16300
binom	1	0.5	0.1	0.19000
binom	1	0.6	0.1	0.19200
binom	1	0.7	0.1	0.18500
binom	1	0.8	0.1	0.19100
binom	1	0.9	0.1	0.18900
binom	1	0	0.2	0.29300
binom	1	0.1	0.2	0.28100
binom	1	0.2	0.2	0.28400
binom	1	0.3	0.2	0.26300
binom	1	0.4	0.2	0.22100
binom	1	0.5	0.2	0.23100
binom	1	0.6	0.2	0.23600
binom	1	0.7	0.2	0.22200
binom	1	0.8	0.2	0.21400
binom	1	0.9	0.2	0.22000
