binom	1	0	0	0.01100
binom	1	0.1	0	0.03800
binom	1	0.2	0	0.08200
binom	1	0.3	0	0.09300
binom	1	0.4	0	0.14200
binom	1	0.5	0	0.12500
binom	1	0.6	0	0.15400
binom	1	0.7	0	0.14100
binom	1	0.8	0	0.13500
binom	1	0.9	0	0.12000
binom	1	0	0.05	0.09900
binom	1	0.1	0.05	0.08400
binom	1	0.2	0.05	0.12000
binom	1	0.3	0.05	0.14100
binom	1	0.4	0.05	0.17200
binom	1	0.5	0.05	0.16600
binom	1	0.6	0.05	0.16700
binom	1	0.7	0.05	0.18300
binom	1	0.8	0.05	0.18400
binom	1	0.9	0.05	0.14800
binom	1	0	0.1	0.18600
binom	1	0.1	0.1	0.16600
binom	1	0.2	0.1	0.14800
binom	1	0.3	0.1	0.17200
binom	1	0.4	0.1	0.18200
binom	1	0.5	0.1	0.21100
binom	1	0.6	0.1	0.18700
binom	1	0.7	0.1	0.21200
binom	1	0.8	0.1	0.17300
binom	1	0.9	0.1	0.18900
binom	1	0	0.2	0.30300
binom	1	0.1	0.2	0.30800
binom	1	0.2	0.2	0.26700
binom	1	0.3	0.2	0.23200
binom	1	0.4	0.2	0.21800
binom	1	0.5	0.2	0.20800
binom	1	0.6	0.2	0.22000
binom	1	0.7	0.2	0.22500
binom	1	0.8	0.2	0.22800
binom	1	0.9	0.2	0.21500
