binom	1	0	0	0.01000
binom	1	0.1	0	0.05300
binom	1	0.2	0	0.08600
binom	1	0.3	0	0.09000
binom	1	0.4	0	0.14000
binom	1	0.5	0	0.15000
binom	1	0.6	0	0.13600
binom	1	0.7	0	0.13500
binom	1	0.8	0	0.15700
binom	1	0.9	0	0.14000
binom	1	0	0.05	0.08400
binom	1	0.1	0.05	0.10600
binom	1	0.2	0.05	0.12100
binom	1	0.3	0.05	0.14600
binom	1	0.4	0.05	0.15600
binom	1	0.5	0.05	0.15900
binom	1	0.6	0.05	0.16000
binom	1	0.7	0.05	0.19300
binom	1	0.8	0.05	0.15900
binom	1	0.9	0.05	0.14900
binom	1	0	0.1	0.17100
binom	1	0.1	0.1	0.18200
binom	1	0.2	0.1	0.13800
binom	1	0.3	0.1	0.16200
binom	1	0.4	0.1	0.18300
binom	1	0.5	0.1	0.19000
binom	1	0.6	0.1	0.18800
binom	1	0.7	0.1	0.18700
binom	1	0.8	0.1	0.19200
binom	1	0.9	0.1	0.16500
binom	1	0	0.2	0.29800
binom	1	0.1	0.2	0.27500
binom	1	0.2	0.2	0.25700
binom	1	0.3	0.2	0.24400
binom	1	0.4	0.2	0.22700
binom	1	0.5	0.2	0.22800
binom	1	0.6	0.2	0.24900
binom	1	0.7	0.2	0.22100
binom	1	0.8	0.2	0.23300
binom	1	0.9	0.2	0.20600
