binom	1	0	0	0.00900
binom	1	0.1	0	0.03800
binom	1	0.2	0	0.07600
binom	1	0.3	0	0.10300
binom	1	0.4	0	0.13400
binom	1	0.5	0	0.15000
binom	1	0.6	0	0.12400
binom	1	0.7	0	0.12700
binom	1	0.8	0	0.13300
binom	1	0.9	0	0.13800
binom	1	0	0.05	0.10500
binom	1	0.1	0.05	0.09900
binom	1	0.2	0.05	0.10200
binom	1	0.3	0.05	0.13900
binom	1	0.4	0.05	0.13900
binom	1	0.5	0.05	0.16500
binom	1	0.6	0.05	0.16900
binom	1	0.7	0.05	0.17200
binom	1	0.8	0.05	0.16700
binom	1	0.9	0.05	0.15500
binom	1	0	0.1	0.18400
binom	1	0.1	0.1	0.16000
binom	1	0.2	0.1	0.16100
binom	1	0.3	0.1	0.16500
binom	1	0.4	0.1	0.14800
binom	1	0.5	0.1	0.21500
binom	1	0.6	0.1	0.17400
binom	1	0.7	0.1	0.19500
binom	1	0.8	0.1	0.18700
binom	1	0.9	0.1	0.17100
binom	1	0	0.2	0.27500
binom	1	0.1	0.2	0.27000
binom	1	0.2	0.2	0.29400
binom	1	0.3	0.2	0.24400
binom	1	0.4	0.2	0.22800
binom	1	0.5	0.2	0.22300
binom	1	0.6	0.2	0.23000
binom	1	0.7	0.2	0.21100
binom	1	0.8	0.2	0.22300
binom	1	0.9	0.2	0.21700
