binom	1	0	0	0.00800
binom	1	0.1	0	0.05200
binom	1	0.2	0	0.07400
binom	1	0.3	0	0.09800
binom	1	0.4	0	0.14000
binom	1	0.5	0	0.12000
binom	1	0.6	0	0.15400
binom	1	0.7	0	0.14800
binom	1	0.8	0	0.15500
binom	1	0.9	0	0.12900
binom	1	0	0.05	0.08400
binom	1	0.1	0.05	0.07600
binom	1	0.2	0.05	0.12700
binom	1	0.3	0.05	0.13200
binom	1	0.4	0.05	0.13900
binom	1	0.5	0.05	0.17000
binom	1	0.6	0.05	0.15500
binom	1	0.7	0.05	0.16500
binom	1	0.8	0.05	0.17300
binom	1	0.9	0.05	0.14200
binom	1	0	0.1	0.16600
binom	1	0.1	0.1	0.15700
binom	1	0.2	0.1	0.16300
binom	1	0.3	0.1	0.16300
binom	1	0.4	0.1	0.15900
binom	1	0.5	0.1	0.18200
binom	1	0.6	0.1	0.19000
binom	1	0.7	0.1	0.21400
binom	1	0.8	0.1	0.16900
binom	1	0.9	0.1	0.17500
binom	1	0	0.2	0.28500
binom	1	0.1	0.2	0.29200
binom	1	0.2	0.2	0.25700
binom	1	0.3	0.2	0.23900
binom	1	0.4	0.2	0.21400
binom	1	0.5	0.2	0.24700
binom	1	0.6	0.2	0.23800
binom	1	0.7	0.2	0.22200
binom	1	0.8	0.2	0.22900
binom	1	0.9	0.2	0.20800
