binom	0.02280
binom	0.02260
binom	0.01940
binom	0.01980
binom	0.02080
binom	0.02360
binom	0.02200
binom	0.02380
binom	0.02220
binom	0.02140
binom	0.02380
binom	0.02020
binom	0.01980
binom	0.02440
binom	0.01960
binom	0.02020
binom	0.02040
binom	0.01920
binom	0.02300
binom	0.02300
binom	0.01940
binom	0.02020
binom	0.02020
binom	0.01740
binom	0.02140
binom	0.01800
binom	0.01900
binom	0.02440
binom	0.01980
binom	0.01680
binom	0.01820
binom	0.01720
binom	0.01860
binom	0.01640
binom	0.01580
binom	0.01600
binom	0.01720
binom	0.01640
binom	0.01800
binom	0.01560
binom	0.01620
binom	0.01700
binom	0.01980
binom	0.01660
binom	0.01780
binom	0.01660
binom	0.01520
binom	0.01540
binom	0.01340
binom	0.01380
binom	0.01360
