binom	1	0	0	0.00900
binom	1	0.1	0	0.05000
binom	1	0.2	0	0.08800
binom	1	0.3	0	0.11100
binom	1	0.4	0	0.12700
binom	1	0.5	0	0.15200
binom	1	0.6	0	0.15400
binom	1	0.7	0	0.13900
binom	1	0.8	0	0.13200
binom	1	0.9	0	0.13600
binom	1	0	0.05	0.09100
binom	1	0.1	0.05	0.09500
binom	1	0.2	0.05	0.09700
binom	1	0.3	0.05	0.15900
binom	1	0.4	0.05	0.14000
binom	1	0.5	0.05	0.16800
binom	1	0.6	0.05	0.19300
binom	1	0.7	0.05	0.19300
binom	1	0.8	0.05	0.17700
binom	1	0.9	0.05	0.15800
binom	1	0	0.1	0.17700
binom	1	0.1	0.1	0.15600
binom	1	0.2	0.1	0.14400
binom	1	0.3	0.1	0.16900
binom	1	0.4	0.1	0.18200
binom	1	0.5	0.1	0.19600
binom	1	0.6	0.1	0.18700
binom	1	0.7	0.1	0.20400
binom	1	0.8	0.1	0.19900
binom	1	0.9	0.1	0.16900
binom	1	0	0.2	0.31300
binom	1	0.1	0.2	0.33100
binom	1	0.2	0.2	0.26600
binom	1	0.3	0.2	0.24600
binom	1	0.4	0.2	0.23700
binom	1	0.5	0.2	0.24800
binom	1	0.6	0.2	0.23500
binom	1	0.7	0.2	0.23100
binom	1	0.8	0.2	0.20500
binom	1	0.9	0.2	0.19300
