binom	1	0	0	0.00900
binom	1	0.1	0	0.05700
binom	1	0.2	0	0.08800
binom	1	0.3	0	0.11100
binom	1	0.4	0	0.11500
binom	1	0.5	0	0.14700
binom	1	0.6	0	0.14300
binom	1	0.7	0	0.15500
binom	1	0.8	0	0.12400
binom	1	0.9	0	0.13700
binom	1	0	0.05	0.07500
binom	1	0.1	0.05	0.09200
binom	1	0.2	0.05	0.11900
binom	1	0.3	0.05	0.13600
binom	1	0.4	0.05	0.15000
binom	1	0.5	0.05	0.16300
binom	1	0.6	0.05	0.18000
binom	1	0.7	0.05	0.18000
binom	1	0.8	0.05	0.15200
binom	1	0.9	0.05	0.14100
binom	1	0	0.1	0.17500
binom	1	0.1	0.1	0.15000
binom	1	0.2	0.1	0.14900
binom	1	0.3	0.1	0.16800
binom	1	0.4	0.1	0.18500
binom	1	0.5	0.1	0.19700
binom	1	0.6	0.1	0.18100
binom	1	0.7	0.1	0.18400
binom	1	0.8	0.1	0.18500
binom	1	0.9	0.1	0.19500
binom	1	0	0.2	0.31300
binom	1	0.1	0.2	0.26500
binom	1	0.2	0.2	0.29100
binom	1	0.3	0.2	0.24900
binom	1	0.4	0.2	0.20400
binom	1	0.5	0.2	0.23200
binom	1	0.6	0.2	0.24800
binom	1	0.7	0.2	0.22300
binom	1	0.8	0.2	0.23900
binom	1	0.9	0.2	0.21800
