binom	1	0	0	0.00800
binom	1	0.1	0	0.04000
binom	1	0.2	0	0.07200
binom	1	0.3	0	0.10200
binom	1	0.4	0	0.11000
binom	1	0.5	0	0.14700
binom	1	0.6	0	0.15300
binom	1	0.7	0	0.15300
binom	1	0.8	0	0.13500
binom	1	0.9	0	0.12700
binom	1	0	0.05	0.09900
binom	1	0.1	0.05	0.08500
binom	1	0.2	0.05	0.12300
binom	1	0.3	0.05	0.12500
binom	1	0.4	0.05	0.15700
binom	1	0.5	0.05	0.15100
binom	1	0.6	0.05	0.17400
binom	1	0.7	0.05	0.17300
binom	1	0.8	0.05	0.17600
binom	1	0.9	0.05	0.14100
binom	1	0	0.1	0.18200
binom	1	0.1	0.1	0.13500
binom	1	0.2	0.1	0.14700
binom	1	0.3	0.1	0.14400
binom	1	0.4	0.1	0.18800
binom	1	0.5	0.1	0.19500
binom	1	0.6	0.1	0.20500
binom	1	0.7	0.1	0.16900
binom	1	0.8	0.1	0.17500
binom	1	0.9	0.1	0.18000
binom	1	0	0.2	0.28000
binom	1	0.1	0.2	0.26700
binom	1	0.2	0.2	0.26800
binom	1	0.3	0.2	0.25700
binom	1	0.4	0.2	0.20600
binom	1	0.5	0.2	0.21600
binom	1	0.6	0.2	0.22200
binom	1	0.7	0.2	0.24300
binom	1	0.8	0.2	0.21800
binom	1	0.9	0.2	0.19100
