binom	1	0	0	0.00900
binom	1	0.1	0	0.04600
binom	1	0.2	0	0.07700
binom	1	0.3	0	0.10400
binom	1	0.4	0	0.12700
binom	1	0.5	0	0.11900
binom	1	0.6	0	0.14200
binom	1	0.7	0	0.15800
binom	1	0.8	0	0.13100
binom	1	0.9	0	0.12100
binom	1	0	0.05	0.09500
binom	1	0.1	0.05	0.09000
binom	1	0.2	0.05	0.13200
binom	1	0.3	0.05	0.14000
binom	1	0.4	0.05	0.15800
binom	1	0.5	0.05	0.16400
binom	1	0.6	0.05	0.15600
binom	1	0.7	0.05	0.15400
binom	1	0.8	0.05	0.16200
binom	1	0.9	0.05	0.15800
binom	1	0	0.1	0.16000
binom	1	0.1	0.1	0.16800
binom	1	0.2	0.1	0.15100
binom	1	0.3	0.1	0.15700
binom	1	0.4	0.1	0.18300
binom	1	0.5	0.1	0.17400
binom	1	0.6	0.1	0.19300
binom	1	0.7	0.1	0.21400
binom	1	0.8	0.1	0.20100
binom	1	0.9	0.1	0.18200
binom	1	0	0.2	0.30600
binom	1	0.1	0.2	0.28000
binom	1	0.2	0.2	0.27400
binom	1	0.3	0.2	0.24500
binom	1	0.4	0.2	0.22800
binom	1	0.5	0.2	0.22300
binom	1	0.6	0.2	0.25100
binom	1	0.7	0.2	0.25000
binom	1	0.8	0.2	0.19900
binom	1	0.9	0.2	0.20600
