binom	1	0	0	0.01300
binom	1	0.1	0	0.04800
binom	1	0.2	0	0.08600
binom	1	0.3	0	0.10000
binom	1	0.4	0	0.11500
binom	1	0.5	0	0.12000
binom	1	0.6	0	0.15300
binom	1	0.7	0	0.13700
binom	1	0.8	0	0.14400
binom	1	0.9	0	0.14300
binom	1	0	0.05	0.09600
binom	1	0.1	0.05	0.08600
binom	1	0.2	0.05	0.09600
binom	1	0.3	0.05	0.13800
binom	1	0.4	0.05	0.16500
binom	1	0.5	0.05	0.15800
binom	1	0.6	0.05	0.18000
binom	1	0.7	0.05	0.16500
binom	1	0.8	0.05	0.16000
binom	1	0.9	0.05	0.16200
binom	1	0	0.1	0.16500
binom	1	0.1	0.1	0.16000
binom	1	0.2	0.1	0.14500
binom	1	0.3	0.1	0.16700
binom	1	0.4	0.1	0.16300
binom	1	0.5	0.1	0.20100
binom	1	0.6	0.1	0.20200
binom	1	0.7	0.1	0.17100
binom	1	0.8	0.1	0.18200
binom	1	0.9	0.1	0.18000
binom	1	0	0.2	0.30600
binom	1	0.1	0.2	0.30000
binom	1	0.2	0.2	0.25200
binom	1	0.3	0.2	0.24300
binom	1	0.4	0.2	0.22800
binom	1	0.5	0.2	0.19900
binom	1	0.6	0.2	0.23700
binom	1	0.7	0.2	0.20500
binom	1	0.8	0.2	0.21200
binom	1	0.9	0.2	0.20600
