binom	1	0	0	0.01400
binom	1	0.1	0	0.04700
binom	1	0.2	0	0.06500
binom	1	0.3	0	0.09400
binom	1	0.4	0	0.12100
binom	1	0.5	0	0.14200
binom	1	0.6	0	0.14100
binom	1	0.7	0	0.16500
binom	1	0.8	0	0.14700
binom	1	0.9	0	0.12500
binom	1	0	0.05	0.09300
binom	1	0.1	0.05	0.08000
binom	1	0.2	0.05	0.11300
binom	1	0.3	0.05	0.13800
binom	1	0.4	0.05	0.14800
binom	1	0.5	0.05	0.17300
binom	1	0.6	0.05	0.19300
binom	1	0.7	0.05	0.17400
binom	1	0.8	0.05	0.16800
binom	1	0.9	0.05	0.16100
binom	1	0	0.1	0.18300
binom	1	0.1	0.1	0.16000
binom	1	0.2	0.1	0.15900
binom	1	0.3	0.1	0.17000
binom	1	0.4	0.1	0.17400
binom	1	0.5	0.1	0.20700
binom	1	0.6	0.1	0.19300
binom	1	0.7	0.1	0.19900
binom	1	0.8	0.1	0.18900
binom	1	0.9	0.1	0.17100
binom	1	0	0.2	0.29800
binom	1	0.1	0.2	0.30600
binom	1	0.2	0.2	0.27800
binom	1	0.3	0.2	0.22500
binom	1	0.4	0.2	0.22400
binom	1	0.5	0.2	0.21700
binom	1	0.6	0.2	0.23200
binom	1	0.7	0.2	0.24600
binom	1	0.8	0.2	0.22700
binom	1	0.9	0.2	0.22500
