binom	1	0	0	0.01150
binom	1	0.1	0	0.01150
binom	1	0.2	0	0.01100
binom	1	0.3	0	0.00750
binom	1	0.4	0	0.01250
binom	1	0.5	0	0.01000
binom	1	0.6	0	0.00950
binom	1	0.7	0	0.00500
binom	1	0.8	0	0.00550
binom	1	0.9	0	0.00150
binom	1	0	0.05	0.05000
binom	1	0.1	0.05	0.05200
binom	1	0.2	0.05	0.04050
binom	1	0.3	0.05	0.04700
binom	1	0.4	0.05	0.04450
binom	1	0.5	0.05	0.03800
binom	1	0.6	0.05	0.03100
binom	1	0.7	0.05	0.02250
binom	1	0.8	0.05	0.01300
binom	1	0.9	0.05	0.00550
binom	1	0	0.1	0.09650
binom	1	0.1	0.1	0.09000
binom	1	0.2	0.1	0.09600
binom	1	0.3	0.1	0.07800
binom	1	0.4	0.1	0.08200
binom	1	0.5	0.1	0.07700
binom	1	0.6	0.1	0.06600
binom	1	0.7	0.1	0.05100
binom	1	0.8	0.1	0.03750
binom	1	0.9	0.1	0.02200
binom	1	0	0.2	0.18100
binom	1	0.1	0.2	0.16500
binom	1	0.2	0.2	0.16450
binom	1	0.3	0.2	0.15600
binom	1	0.4	0.2	0.14300
binom	1	0.5	0.2	0.14750
binom	1	0.6	0.2	0.14500
binom	1	0.7	0.2	0.12000
binom	1	0.8	0.2	0.10200
binom	1	0.9	0.2	0.08650
