binom	1	0	0	0.00400
binom	1	0.1	0	0.04200
binom	1	0.2	0	0.07600
binom	1	0.3	0	0.11100
binom	1	0.4	0	0.12000
binom	1	0.5	0	0.13300
binom	1	0.6	0	0.15200
binom	1	0.7	0	0.14800
binom	1	0.8	0	0.11600
binom	1	0.9	0	0.12600
binom	1	0	0.05	0.09800
binom	1	0.1	0.05	0.10200
binom	1	0.2	0.05	0.11100
binom	1	0.3	0.05	0.12600
binom	1	0.4	0.05	0.15200
binom	1	0.5	0.05	0.17800
binom	1	0.6	0.05	0.14100
binom	1	0.7	0.05	0.16400
binom	1	0.8	0.05	0.16900
binom	1	0.9	0.05	0.14000
binom	1	0	0.1	0.16700
binom	1	0.1	0.1	0.14700
binom	1	0.2	0.1	0.13600
binom	1	0.3	0.1	0.16300
binom	1	0.4	0.1	0.15600
binom	1	0.5	0.1	0.20400
binom	1	0.6	0.1	0.21100
binom	1	0.7	0.1	0.19500
binom	1	0.8	0.1	0.18400
binom	1	0.9	0.1	0.16700
binom	1	0	0.2	0.28400
binom	1	0.1	0.2	0.28200
binom	1	0.2	0.2	0.26900
binom	1	0.3	0.2	0.22200
binom	1	0.4	0.2	0.22000
binom	1	0.5	0.2	0.23700
binom	1	0.6	0.2	0.23800
binom	1	0.7	0.2	0.22900
binom	1	0.8	0.2	0.23200
binom	1	0.9	0.2	0.23600
