binom	1	0	0	0.01100
binom	1	0.1	0	0.01150
binom	1	0.2	0	0.01200
binom	1	0.3	0	0.01250
binom	1	0.4	0	0.01000
binom	1	0.5	0	0.00950
binom	1	0.6	0	0.00500
binom	1	0.7	0	0.00600
binom	1	0.8	0	0.00450
binom	1	0.9	0	0.00200
binom	1	0	0.05	0.05450
binom	1	0.1	0.05	0.04750
binom	1	0.2	0.05	0.04350
binom	1	0.3	0.05	0.05100
binom	1	0.4	0.05	0.04050
binom	1	0.5	0.05	0.03450
binom	1	0.6	0.05	0.03000
binom	1	0.7	0.05	0.02700
binom	1	0.8	0.05	0.00750
binom	1	0.9	0.05	0.00550
binom	1	0	0.1	0.08300
binom	1	0.1	0.1	0.09150
binom	1	0.2	0.1	0.08100
binom	1	0.3	0.1	0.09200
binom	1	0.4	0.1	0.08450
binom	1	0.5	0.1	0.07800
binom	1	0.6	0.1	0.06200
binom	1	0.7	0.1	0.04500
binom	1	0.8	0.1	0.03300
binom	1	0.9	0.1	0.02050
binom	1	0	0.2	0.17450
binom	1	0.1	0.2	0.17300
binom	1	0.2	0.2	0.17600
binom	1	0.3	0.2	0.15400
binom	1	0.4	0.2	0.14550
binom	1	0.5	0.2	0.15950
binom	1	0.6	0.2	0.12500
binom	1	0.7	0.2	0.12900
binom	1	0.8	0.2	0.09650
binom	1	0.9	0.2	0.08250
