binom	1	0	0	0.01100
binom	1	0.1	0	0.04700
binom	1	0.2	0	0.08000
binom	1	0.3	0	0.09500
binom	1	0.4	0	0.11900
binom	1	0.5	0	0.13500
binom	1	0.6	0	0.16000
binom	1	0.7	0	0.15200
binom	1	0.8	0	0.13700
binom	1	0.9	0	0.12100
binom	1	0	0.05	0.08700
binom	1	0.1	0.05	0.09000
binom	1	0.2	0.05	0.11600
binom	1	0.3	0.05	0.13100
binom	1	0.4	0.05	0.14200
binom	1	0.5	0.05	0.16200
binom	1	0.6	0.05	0.15700
binom	1	0.7	0.05	0.17000
binom	1	0.8	0.05	0.16500
binom	1	0.9	0.05	0.14700
binom	1	0	0.1	0.17100
binom	1	0.1	0.1	0.17200
binom	1	0.2	0.1	0.14400
binom	1	0.3	0.1	0.16900
binom	1	0.4	0.1	0.18200
binom	1	0.5	0.1	0.19300
binom	1	0.6	0.1	0.16400
binom	1	0.7	0.1	0.19700
binom	1	0.8	0.1	0.17700
binom	1	0.9	0.1	0.17000
binom	1	0	0.2	0.30000
binom	1	0.1	0.2	0.28900
binom	1	0.2	0.2	0.28100
binom	1	0.3	0.2	0.26000
binom	1	0.4	0.2	0.21500
binom	1	0.5	0.2	0.23700
binom	1	0.6	0.2	0.20500
binom	1	0.7	0.2	0.21200
binom	1	0.8	0.2	0.23500
binom	1	0.9	0.2	0.21600
