binom	1	0	0	0.01300
binom	1	0.1	0	0.04600
binom	1	0.2	0	0.09100
binom	1	0.3	0	0.09600
binom	1	0.4	0	0.11500
binom	1	0.5	0	0.14300
binom	1	0.6	0	0.15000
binom	1	0.7	0	0.14600
binom	1	0.8	0	0.15300
binom	1	0.9	0	0.13600
binom	1	0	0.05	0.08500
binom	1	0.1	0.05	0.09400
binom	1	0.2	0.05	0.11000
binom	1	0.3	0.05	0.12900
binom	1	0.4	0.05	0.14500
binom	1	0.5	0.05	0.16700
binom	1	0.6	0.05	0.14400
binom	1	0.7	0.05	0.16900
binom	1	0.8	0.05	0.14800
binom	1	0.9	0.05	0.15400
binom	1	0	0.1	0.20700
binom	1	0.1	0.1	0.16900
binom	1	0.2	0.1	0.16200
binom	1	0.3	0.1	0.17300
binom	1	0.4	0.1	0.17200
binom	1	0.5	0.1	0.20400
binom	1	0.6	0.1	0.17200
binom	1	0.7	0.1	0.20100
binom	1	0.8	0.1	0.18400
binom	1	0.9	0.1	0.19000
binom	1	0	0.2	0.29800
binom	1	0.1	0.2	0.29400
binom	1	0.2	0.2	0.27400
binom	1	0.3	0.2	0.23600
binom	1	0.4	0.2	0.23000
binom	1	0.5	0.2	0.23200
binom	1	0.6	0.2	0.24700
binom	1	0.7	0.2	0.23600
binom	1	0.8	0.2	0.20700
binom	1	0.9	0.2	0.20900
