binom	1	0	0	0.00600
binom	1	0.1	0	0.04300
binom	1	0.2	0	0.06900
binom	1	0.3	0	0.09400
binom	1	0.4	0	0.11700
binom	1	0.5	0	0.12400
binom	1	0.6	0	0.15300
binom	1	0.7	0	0.14600
binom	1	0.8	0	0.13300
binom	1	0.9	0	0.15300
binom	1	0	0.05	0.08400
binom	1	0.1	0.05	0.08400
binom	1	0.2	0.05	0.10700
binom	1	0.3	0.05	0.14700
binom	1	0.4	0.05	0.13800
binom	1	0.5	0.05	0.14100
binom	1	0.6	0.05	0.17900
binom	1	0.7	0.05	0.16400
binom	1	0.8	0.05	0.15300
binom	1	0.9	0.05	0.16600
binom	1	0	0.1	0.17000
binom	1	0.1	0.1	0.15700
binom	1	0.2	0.1	0.17600
binom	1	0.3	0.1	0.15800
binom	1	0.4	0.1	0.18900
binom	1	0.5	0.1	0.19100
binom	1	0.6	0.1	0.19300
binom	1	0.7	0.1	0.20300
binom	1	0.8	0.1	0.18600
binom	1	0.9	0.1	0.16700
binom	1	0	0.2	0.30200
binom	1	0.1	0.2	0.31400
binom	1	0.2	0.2	0.29500
binom	1	0.3	0.2	0.22600
binom	1	0.4	0.2	0.22100
binom	1	0.5	0.2	0.22300
binom	1	0.6	0.2	0.21900
binom	1	0.7	0.2	0.23000
binom	1	0.8	0.2	0.22700
binom	1	0.9	0.2	0.18800
