binom	1	0	0	0.01300
binom	1	0.1	0	0.04800
binom	1	0.2	0	0.07700
binom	1	0.3	0	0.09600
binom	1	0.4	0	0.10400
binom	1	0.5	0	0.12700
binom	1	0.6	0	0.13700
binom	1	0.7	0	0.13400
binom	1	0.8	0	0.15000
binom	1	0.9	0	0.15100
binom	1	0	0.05	0.10600
binom	1	0.1	0.05	0.09600
binom	1	0.2	0.05	0.12300
binom	1	0.3	0.05	0.14000
binom	1	0.4	0.05	0.15000
binom	1	0.5	0.05	0.16400
binom	1	0.6	0.05	0.17000
binom	1	0.7	0.05	0.15400
binom	1	0.8	0.05	0.17800
binom	1	0.9	0.05	0.14100
binom	1	0	0.1	0.16400
binom	1	0.1	0.1	0.16800
binom	1	0.2	0.1	0.13300
binom	1	0.3	0.1	0.16700
binom	1	0.4	0.1	0.16700
binom	1	0.5	0.1	0.16700
binom	1	0.6	0.1	0.21100
binom	1	0.7	0.1	0.20300
binom	1	0.8	0.1	0.19000
binom	1	0.9	0.1	0.17800
binom	1	0	0.2	0.29100
binom	1	0.1	0.2	0.28300
binom	1	0.2	0.2	0.25500
binom	1	0.3	0.2	0.22800
binom	1	0.4	0.2	0.25200
binom	1	0.5	0.2	0.23400
binom	1	0.6	0.2	0.23400
binom	1	0.7	0.2	0.24500
binom	1	0.8	0.2	0.21400
binom	1	0.9	0.2	0.19400
