binom	1	0	0	0.01100
binom	1	0.1	0	0.04000
binom	1	0.2	0	0.06800
binom	1	0.3	0	0.09600
binom	1	0.4	0	0.12600
binom	1	0.5	0	0.11100
binom	1	0.6	0	0.13600
binom	1	0.7	0	0.13200
binom	1	0.8	0	0.15700
binom	1	0.9	0	0.14600
binom	1	0	0.05	0.07800
binom	1	0.1	0.05	0.10700
binom	1	0.2	0.05	0.11300
binom	1	0.3	0.05	0.17700
binom	1	0.4	0.05	0.14100
binom	1	0.5	0.05	0.16600
binom	1	0.6	0.05	0.15300
binom	1	0.7	0.05	0.17100
binom	1	0.8	0.05	0.14200
binom	1	0.9	0.05	0.15300
binom	1	0	0.1	0.17600
binom	1	0.1	0.1	0.17500
binom	1	0.2	0.1	0.14100
binom	1	0.3	0.1	0.15600
binom	1	0.4	0.1	0.19000
binom	1	0.5	0.1	0.18900
binom	1	0.6	0.1	0.18400
binom	1	0.7	0.1	0.20100
binom	1	0.8	0.1	0.18100
binom	1	0.9	0.1	0.15900
binom	1	0	0.2	0.30500
binom	1	0.1	0.2	0.28500
binom	1	0.2	0.2	0.28800
binom	1	0.3	0.2	0.23000
binom	1	0.4	0.2	0.21700
binom	1	0.5	0.2	0.23800
binom	1	0.6	0.2	0.20900
binom	1	0.7	0.2	0.21000
binom	1	0.8	0.2	0.21100
binom	1	0.9	0.2	0.20500
