binom	1	0	0	0.01000
binom	1	0.1	0	0.04400
binom	1	0.2	0	0.08200
binom	1	0.3	0	0.10000
binom	1	0.4	0	0.13300
binom	1	0.5	0	0.13000
binom	1	0.6	0	0.14900
binom	1	0.7	0	0.15800
binom	1	0.8	0	0.13800
binom	1	0.9	0	0.13100
binom	1	0	0.05	0.09300
binom	1	0.1	0.05	0.09300
binom	1	0.2	0.05	0.11100
binom	1	0.3	0.05	0.12500
binom	1	0.4	0.05	0.15700
binom	1	0.5	0.05	0.19400
binom	1	0.6	0.05	0.15000
binom	1	0.7	0.05	0.14900
binom	1	0.8	0.05	0.15800
binom	1	0.9	0.05	0.14500
binom	1	0	0.1	0.16000
binom	1	0.1	0.1	0.15700
binom	1	0.2	0.1	0.14800
binom	1	0.3	0.1	0.17600
binom	1	0.4	0.1	0.17800
binom	1	0.5	0.1	0.15600
binom	1	0.6	0.1	0.19500
binom	1	0.7	0.1	0.21100
binom	1	0.8	0.1	0.19900
binom	1	0.9	0.1	0.15000
binom	1	0	0.2	0.29700
binom	1	0.1	0.2	0.31800
binom	1	0.2	0.2	0.27300
binom	1	0.3	0.2	0.23300
binom	1	0.4	0.2	0.22900
binom	1	0.5	0.2	0.23300
binom	1	0.6	0.2	0.22200
binom	1	0.7	0.2	0.22200
binom	1	0.8	0.2	0.23000
binom	1	0.9	0.2	0.21800
