binom	1	0	0	0.01400
binom	1	0.1	0	0.04600
binom	1	0.2	0	0.08100
binom	1	0.3	0	0.10100
binom	1	0.4	0	0.13400
binom	1	0.5	0	0.15900
binom	1	0.6	0	0.15000
binom	1	0.7	0	0.13700
binom	1	0.8	0	0.13800
binom	1	0.9	0	0.13100
binom	1	0	0.05	0.08000
binom	1	0.1	0.05	0.08200
binom	1	0.2	0.05	0.11000
binom	1	0.3	0.05	0.14000
binom	1	0.4	0.05	0.14600
binom	1	0.5	0.05	0.17800
binom	1	0.6	0.05	0.18400
binom	1	0.7	0.05	0.16400
binom	1	0.8	0.05	0.19700
binom	1	0.9	0.05	0.16200
binom	1	0	0.1	0.15900
binom	1	0.1	0.1	0.17000
binom	1	0.2	0.1	0.14200
binom	1	0.3	0.1	0.18700
binom	1	0.4	0.1	0.18000
binom	1	0.5	0.1	0.17800
binom	1	0.6	0.1	0.19300
binom	1	0.7	0.1	0.19100
binom	1	0.8	0.1	0.17600
binom	1	0.9	0.1	0.17400
binom	1	0	0.2	0.28600
binom	1	0.1	0.2	0.31000
binom	1	0.2	0.2	0.29200
binom	1	0.3	0.2	0.25900
binom	1	0.4	0.2	0.21000
binom	1	0.5	0.2	0.20400
binom	1	0.6	0.2	0.22700
binom	1	0.7	0.2	0.20100
binom	1	0.8	0.2	0.24800
binom	1	0.9	0.2	0.21300
