binom	1	0	0	0.01500
binom	1	0.1	0	0.04600
binom	1	0.2	0	0.07700
binom	1	0.3	0	0.12000
binom	1	0.4	0	0.13000
binom	1	0.5	0	0.11700
binom	1	0.6	0	0.13500
binom	1	0.7	0	0.14000
binom	1	0.8	0	0.12400
binom	1	0.9	0	0.12200
binom	1	0	0.05	0.09700
binom	1	0.1	0.05	0.08300
binom	1	0.2	0.05	0.10200
binom	1	0.3	0.05	0.13500
binom	1	0.4	0.05	0.15200
binom	1	0.5	0.05	0.17000
binom	1	0.6	0.05	0.16800
binom	1	0.7	0.05	0.18700
binom	1	0.8	0.05	0.15100
binom	1	0.9	0.05	0.13300
binom	1	0	0.1	0.17100
binom	1	0.1	0.1	0.18000
binom	1	0.2	0.1	0.14800
binom	1	0.3	0.1	0.16600
binom	1	0.4	0.1	0.18200
binom	1	0.5	0.1	0.17300
binom	1	0.6	0.1	0.18400
binom	1	0.7	0.1	0.17500
binom	1	0.8	0.1	0.15900
binom	1	0.9	0.1	0.17100
binom	1	0	0.2	0.27500
binom	1	0.1	0.2	0.30300
binom	1	0.2	0.2	0.25900
binom	1	0.3	0.2	0.25500
binom	1	0.4	0.2	0.22600
binom	1	0.5	0.2	0.22300
binom	1	0.6	0.2	0.23100
binom	1	0.7	0.2	0.23900
binom	1	0.8	0.2	0.21200
binom	1	0.9	0.2	0.21400
