binom	1	0	0	0.01200
binom	1	0.1	0	0.04800
binom	1	0.2	0	0.07500
binom	1	0.3	0	0.11000
binom	1	0.4	0	0.12800
binom	1	0.5	0	0.12400
binom	1	0.6	0	0.15200
binom	1	0.7	0	0.13600
binom	1	0.8	0	0.14700
binom	1	0.9	0	0.13700
binom	1	0	0.05	0.09300
binom	1	0.1	0.05	0.09500
binom	1	0.2	0.05	0.12300
binom	1	0.3	0.05	0.14800
binom	1	0.4	0.05	0.15100
binom	1	0.5	0.05	0.15900
binom	1	0.6	0.05	0.16700
binom	1	0.7	0.05	0.16800
binom	1	0.8	0.05	0.15800
binom	1	0.9	0.05	0.16000
binom	1	0	0.1	0.17400
binom	1	0.1	0.1	0.17900
binom	1	0.2	0.1	0.13600
binom	1	0.3	0.1	0.16300
binom	1	0.4	0.1	0.16300
binom	1	0.5	0.1	0.17100
binom	1	0.6	0.1	0.19800
binom	1	0.7	0.1	0.22300
binom	1	0.8	0.1	0.17300
binom	1	0.9	0.1	0.18100
binom	1	0	0.2	0.32100
binom	1	0.1	0.2	0.30000
binom	1	0.2	0.2	0.26300
binom	1	0.3	0.2	0.23200
binom	1	0.4	0.2	0.21700
binom	1	0.5	0.2	0.23000
binom	1	0.6	0.2	0.25400
binom	1	0.7	0.2	0.24300
binom	1	0.8	0.2	0.25400
binom	1	0.9	0.2	0.19800
