binom	1	0	0	0.00800
binom	1	0.1	0	0.04200
binom	1	0.2	0	0.07700
binom	1	0.3	0	0.11700
binom	1	0.4	0	0.12300
binom	1	0.5	0	0.13600
binom	1	0.6	0	0.13700
binom	1	0.7	0	0.14900
binom	1	0.8	0	0.14800
binom	1	0.9	0	0.14000
binom	1	0	0.05	0.09400
binom	1	0.1	0.05	0.08600
binom	1	0.2	0.05	0.10000
binom	1	0.3	0.05	0.14500
binom	1	0.4	0.05	0.14000
binom	1	0.5	0.05	0.16400
binom	1	0.6	0.05	0.16600
binom	1	0.7	0.05	0.16400
binom	1	0.8	0.05	0.17400
binom	1	0.9	0.05	0.13300
binom	1	0	0.1	0.17500
binom	1	0.1	0.1	0.14700
binom	1	0.2	0.1	0.14800
binom	1	0.3	0.1	0.15800
binom	1	0.4	0.1	0.18500
binom	1	0.5	0.1	0.19100
binom	1	0.6	0.1	0.19800
binom	1	0.7	0.1	0.16800
binom	1	0.8	0.1	0.20400
binom	1	0.9	0.1	0.15300
binom	1	0	0.2	0.30800
binom	1	0.1	0.2	0.30700
binom	1	0.2	0.2	0.28900
binom	1	0.3	0.2	0.24300
binom	1	0.4	0.2	0.19200
binom	1	0.5	0.2	0.24200
binom	1	0.6	0.2	0.22300
binom	1	0.7	0.2	0.24800
binom	1	0.8	0.2	0.24900
binom	1	0.9	0.2	0.21400
