binom	1	0	0	0.00900
binom	1	0.1	0	0.04000
binom	1	0.2	0	0.09400
binom	1	0.3	0	0.11300
binom	1	0.4	0	0.11600
binom	1	0.5	0	0.15800
binom	1	0.6	0	0.13300
binom	1	0.7	0	0.16000
binom	1	0.8	0	0.13300
binom	1	0.9	0	0.13500
binom	1	0	0.05	0.08400
binom	1	0.1	0.05	0.08800
binom	1	0.2	0.05	0.13400
binom	1	0.3	0.05	0.11800
binom	1	0.4	0.05	0.15600
binom	1	0.5	0.05	0.16800
binom	1	0.6	0.05	0.16800
binom	1	0.7	0.05	0.16200
binom	1	0.8	0.05	0.16700
binom	1	0.9	0.05	0.17200
binom	1	0	0.1	0.17200
binom	1	0.1	0.1	0.15200
binom	1	0.2	0.1	0.14300
binom	1	0.3	0.1	0.16100
binom	1	0.4	0.1	0.19000
binom	1	0.5	0.1	0.19800
binom	1	0.6	0.1	0.18100
binom	1	0.7	0.1	0.20100
binom	1	0.8	0.1	0.18000
binom	1	0.9	0.1	0.15900
binom	1	0	0.2	0.30700
binom	1	0.1	0.2	0.27600
binom	1	0.2	0.2	0.23900
binom	1	0.3	0.2	0.25200
binom	1	0.4	0.2	0.22400
binom	1	0.5	0.2	0.22700
binom	1	0.6	0.2	0.23900
binom	1	0.7	0.2	0.23300
binom	1	0.8	0.2	0.23500
binom	1	0.9	0.2	0.20600
