binom	1	0	0	0.01000
binom	1	0.1	0	0.03800
binom	1	0.2	0	0.08300
binom	1	0.3	0	0.11300
binom	1	0.4	0	0.12400
binom	1	0.5	0	0.13900
binom	1	0.6	0	0.14200
binom	1	0.7	0	0.16300
binom	1	0.8	0	0.15500
binom	1	0.9	0	0.13500
binom	1	0	0.05	0.11700
binom	1	0.1	0.05	0.07800
binom	1	0.2	0.05	0.12500
binom	1	0.3	0.05	0.13000
binom	1	0.4	0.05	0.15800
binom	1	0.5	0.05	0.14400
binom	1	0.6	0.05	0.14300
binom	1	0.7	0.05	0.16400
binom	1	0.8	0.05	0.17000
binom	1	0.9	0.05	0.17000
binom	1	0	0.1	0.15800
binom	1	0.1	0.1	0.17900
binom	1	0.2	0.1	0.15100
binom	1	0.3	0.1	0.17500
binom	1	0.4	0.1	0.19600
binom	1	0.5	0.1	0.20600
binom	1	0.6	0.1	0.19300
binom	1	0.7	0.1	0.18200
binom	1	0.8	0.1	0.19100
binom	1	0.9	0.1	0.19700
binom	1	0	0.2	0.30200
binom	1	0.1	0.2	0.26700
binom	1	0.2	0.2	0.26100
binom	1	0.3	0.2	0.24500
binom	1	0.4	0.2	0.20700
binom	1	0.5	0.2	0.22600
binom	1	0.6	0.2	0.24800
binom	1	0.7	0.2	0.24000
binom	1	0.8	0.2	0.22400
binom	1	0.9	0.2	0.23600
