binom	1	0	0	0.01200
binom	1	0.1	0	0.04400
binom	1	0.2	0	0.06700
binom	1	0.3	0	0.08900
binom	1	0.4	0	0.13100
binom	1	0.5	0	0.13700
binom	1	0.6	0	0.13600
binom	1	0.7	0	0.13600
binom	1	0.8	0	0.15600
binom	1	0.9	0	0.15200
binom	1	0	0.05	0.11500
binom	1	0.1	0.05	0.08300
binom	1	0.2	0.05	0.10700
binom	1	0.3	0.05	0.14700
binom	1	0.4	0.05	0.15300
binom	1	0.5	0.05	0.14700
binom	1	0.6	0.05	0.16000
binom	1	0.7	0.05	0.16800
binom	1	0.8	0.05	0.14600
binom	1	0.9	0.05	0.15900
binom	1	0	0.1	0.20500
binom	1	0.1	0.1	0.15300
binom	1	0.2	0.1	0.13800
binom	1	0.3	0.1	0.15100
binom	1	0.4	0.1	0.15000
binom	1	0.5	0.1	0.19800
binom	1	0.6	0.1	0.18600
binom	1	0.7	0.1	0.18100
binom	1	0.8	0.1	0.19000
binom	1	0.9	0.1	0.17200
binom	1	0	0.2	0.28900
binom	1	0.1	0.2	0.29000
binom	1	0.2	0.2	0.26800
binom	1	0.3	0.2	0.25100
binom	1	0.4	0.2	0.21300
binom	1	0.5	0.2	0.23400
binom	1	0.6	0.2	0.23700
binom	1	0.7	0.2	0.24200
binom	1	0.8	0.2	0.23400
binom	1	0.9	0.2	0.19200
