binom	1	0	0	0.00800
binom	1	0.1	0	0.05600
binom	1	0.2	0	0.08700
binom	1	0.3	0	0.09900
binom	1	0.4	0	0.14000
binom	1	0.5	0	0.13400
binom	1	0.6	0	0.14700
binom	1	0.7	0	0.16300
binom	1	0.8	0	0.13000
binom	1	0.9	0	0.13200
binom	1	0	0.05	0.08800
binom	1	0.1	0.05	0.08500
binom	1	0.2	0.05	0.13300
binom	1	0.3	0.05	0.14000
binom	1	0.4	0.05	0.15600
binom	1	0.5	0.05	0.18200
binom	1	0.6	0.05	0.17600
binom	1	0.7	0.05	0.16300
binom	1	0.8	0.05	0.16800
binom	1	0.9	0.05	0.15600
binom	1	0	0.1	0.19400
binom	1	0.1	0.1	0.15100
binom	1	0.2	0.1	0.14700
binom	1	0.3	0.1	0.16700
binom	1	0.4	0.1	0.18800
binom	1	0.5	0.1	0.17400
binom	1	0.6	0.1	0.22600
binom	1	0.7	0.1	0.16400
binom	1	0.8	0.1	0.18900
binom	1	0.9	0.1	0.16100
binom	1	0	0.2	0.29300
binom	1	0.1	0.2	0.30000
binom	1	0.2	0.2	0.26300
binom	1	0.3	0.2	0.25700
binom	1	0.4	0.2	0.20300
binom	1	0.5	0.2	0.23700
binom	1	0.6	0.2	0.23700
binom	1	0.7	0.2	0.22400
binom	1	0.8	0.2	0.21100
binom	1	0.9	0.2	0.20700
