binom	1	0	0	0.01500
binom	1	0.1	0	0.04400
binom	1	0.2	0	0.06900
binom	1	0.3	0	0.10900
binom	1	0.4	0	0.12900
binom	1	0.5	0	0.13200
binom	1	0.6	0	0.12100
binom	1	0.7	0	0.15000
binom	1	0.8	0	0.15000
binom	1	0.9	0	0.13200
binom	1	0	0.05	0.08100
binom	1	0.1	0.05	0.08300
binom	1	0.2	0.05	0.10900
binom	1	0.3	0.05	0.15600
binom	1	0.4	0.05	0.15800
binom	1	0.5	0.05	0.16500
binom	1	0.6	0.05	0.15900
binom	1	0.7	0.05	0.17200
binom	1	0.8	0.05	0.15900
binom	1	0.9	0.05	0.15200
binom	1	0	0.1	0.18400
binom	1	0.1	0.1	0.18700
binom	1	0.2	0.1	0.14200
binom	1	0.3	0.1	0.17900
binom	1	0.4	0.1	0.16400
binom	1	0.5	0.1	0.20900
binom	1	0.6	0.1	0.18600
binom	1	0.7	0.1	0.16700
binom	1	0.8	0.1	0.17000
binom	1	0.9	0.1	0.17900
binom	1	0	0.2	0.27700
binom	1	0.1	0.2	0.29600
binom	1	0.2	0.2	0.28100
binom	1	0.3	0.2	0.25600
binom	1	0.4	0.2	0.23400
binom	1	0.5	0.2	0.21800
binom	1	0.6	0.2	0.23000
binom	1	0.7	0.2	0.25800
binom	1	0.8	0.2	0.23500
binom	1	0.9	0.2	0.21700
