binom	1	0	0	0.00650
binom	1	0.1	0	0.00800
binom	1	0.2	0	0.01200
binom	1	0.3	0	0.01350
binom	1	0.4	0	0.01400
binom	1	0.5	0	0.01100
binom	1	0.6	0	0.00800
binom	1	0.7	0	0.00450
binom	1	0.8	0	0.00450
binom	1	0.9	0	0.00100
binom	1	0	0.05	0.05500
binom	1	0.1	0.05	0.05100
binom	1	0.2	0.05	0.05500
binom	1	0.3	0.05	0.04650
binom	1	0.4	0.05	0.04600
binom	1	0.5	0.05	0.04350
binom	1	0.6	0.05	0.03000
binom	1	0.7	0.05	0.02500
binom	1	0.8	0.05	0.01550
binom	1	0.9	0.05	0.00700
binom	1	0	0.1	0.08700
binom	1	0.1	0.1	0.09500
binom	1	0.2	0.1	0.08150
binom	1	0.3	0.1	0.08400
binom	1	0.4	0.1	0.07600
binom	1	0.5	0.1	0.06400
binom	1	0.6	0.1	0.05700
binom	1	0.7	0.1	0.04600
binom	1	0.8	0.1	0.03250
binom	1	0.9	0.1	0.02050
binom	1	0	0.2	0.17000
binom	1	0.1	0.2	0.17500
binom	1	0.2	0.2	0.15600
binom	1	0.3	0.2	0.16500
binom	1	0.4	0.2	0.15800
binom	1	0.5	0.2	0.12900
binom	1	0.6	0.2	0.12650
binom	1	0.7	0.2	0.11400
binom	1	0.8	0.2	0.08900
binom	1	0.9	0.2	0.08950
