binom	1	0	0	0.00500
binom	1	0.1	0	0.05500
binom	1	0.2	0	0.09100
binom	1	0.3	0	0.10900
binom	1	0.4	0	0.13900
binom	1	0.5	0	0.12100
binom	1	0.6	0	0.14300
binom	1	0.7	0	0.12500
binom	1	0.8	0	0.13200
binom	1	0.9	0	0.16000
binom	1	0	0.05	0.09300
binom	1	0.1	0.05	0.08400
binom	1	0.2	0.05	0.11200
binom	1	0.3	0.05	0.11900
binom	1	0.4	0.05	0.15500
binom	1	0.5	0.05	0.17600
binom	1	0.6	0.05	0.17200
binom	1	0.7	0.05	0.14900
binom	1	0.8	0.05	0.18500
binom	1	0.9	0.05	0.15800
binom	1	0	0.1	0.15700
binom	1	0.1	0.1	0.17100
binom	1	0.2	0.1	0.14800
binom	1	0.3	0.1	0.15900
binom	1	0.4	0.1	0.19200
binom	1	0.5	0.1	0.17700
binom	1	0.6	0.1	0.19600
binom	1	0.7	0.1	0.18100
binom	1	0.8	0.1	0.19400
binom	1	0.9	0.1	0.17500
binom	1	0	0.2	0.32300
binom	1	0.1	0.2	0.28500
binom	1	0.2	0.2	0.27300
binom	1	0.3	0.2	0.24200
binom	1	0.4	0.2	0.22500
binom	1	0.5	0.2	0.26000
binom	1	0.6	0.2	0.22800
binom	1	0.7	0.2	0.23400
binom	1	0.8	0.2	0.21700
binom	1	0.9	0.2	0.20800
