binom	1	0	0	0.00900
binom	1	0.1	0	0.04900
binom	1	0.2	0	0.08300
binom	1	0.3	0	0.10800
binom	1	0.4	0	0.12100
binom	1	0.5	0	0.12400
binom	1	0.6	0	0.14900
binom	1	0.7	0	0.13300
binom	1	0.8	0	0.12400
binom	1	0.9	0	0.13800
binom	1	0	0.05	0.09700
binom	1	0.1	0.05	0.10100
binom	1	0.2	0.05	0.10100
binom	1	0.3	0.05	0.12200
binom	1	0.4	0.05	0.14800
binom	1	0.5	0.05	0.14600
binom	1	0.6	0.05	0.17300
binom	1	0.7	0.05	0.15400
binom	1	0.8	0.05	0.19800
binom	1	0.9	0.05	0.16200
binom	1	0	0.1	0.16800
binom	1	0.1	0.1	0.16600
binom	1	0.2	0.1	0.16600
binom	1	0.3	0.1	0.17300
binom	1	0.4	0.1	0.18300
binom	1	0.5	0.1	0.19800
binom	1	0.6	0.1	0.16900
binom	1	0.7	0.1	0.18800
binom	1	0.8	0.1	0.21400
binom	1	0.9	0.1	0.14800
binom	1	0	0.2	0.30000
binom	1	0.1	0.2	0.30700
binom	1	0.2	0.2	0.28800
binom	1	0.3	0.2	0.25600
binom	1	0.4	0.2	0.22500
binom	1	0.5	0.2	0.22200
binom	1	0.6	0.2	0.24600
binom	1	0.7	0.2	0.22500
binom	1	0.8	0.2	0.25400
binom	1	0.9	0.2	0.22500
