binom	1	0	0	0.00800
binom	1	0.1	0	0.03700
binom	1	0.2	0	0.08000
binom	1	0.3	0	0.10400
binom	1	0.4	0	0.13100
binom	1	0.5	0	0.12700
binom	1	0.6	0	0.13800
binom	1	0.7	0	0.12800
binom	1	0.8	0	0.14200
binom	1	0.9	0	0.11800
binom	1	0	0.05	0.08500
binom	1	0.1	0.05	0.08700
binom	1	0.2	0.05	0.11300
binom	1	0.3	0.05	0.13900
binom	1	0.4	0.05	0.16500
binom	1	0.5	0.05	0.15500
binom	1	0.6	0.05	0.15900
binom	1	0.7	0.05	0.16900
binom	1	0.8	0.05	0.14400
binom	1	0.9	0.05	0.14600
binom	1	0	0.1	0.16700
binom	1	0.1	0.1	0.17000
binom	1	0.2	0.1	0.15200
binom	1	0.3	0.1	0.15200
binom	1	0.4	0.1	0.18600
binom	1	0.5	0.1	0.18500
binom	1	0.6	0.1	0.17600
binom	1	0.7	0.1	0.17900
binom	1	0.8	0.1	0.18700
binom	1	0.9	0.1	0.18000
binom	1	0	0.2	0.32400
binom	1	0.1	0.2	0.30600
binom	1	0.2	0.2	0.27100
binom	1	0.3	0.2	0.23500
binom	1	0.4	0.2	0.20800
binom	1	0.5	0.2	0.18800
binom	1	0.6	0.2	0.24100
binom	1	0.7	0.2	0.24100
binom	1	0.8	0.2	0.21600
binom	1	0.9	0.2	0.20700
