binom	1	0	0	0.01100
binom	1	0.1	0	0.04200
binom	1	0.2	0	0.08200
binom	1	0.3	0	0.11100
binom	1	0.4	0	0.13400
binom	1	0.5	0	0.13600
binom	1	0.6	0	0.12600
binom	1	0.7	0	0.14400
binom	1	0.8	0	0.14100
binom	1	0.9	0	0.12400
binom	1	0	0.05	0.09500
binom	1	0.1	0.05	0.09000
binom	1	0.2	0.05	0.09900
binom	1	0.3	0.05	0.14700
binom	1	0.4	0.05	0.16000
binom	1	0.5	0.05	0.16400
binom	1	0.6	0.05	0.16500
binom	1	0.7	0.05	0.17000
binom	1	0.8	0.05	0.16100
binom	1	0.9	0.05	0.15800
binom	1	0	0.1	0.15300
binom	1	0.1	0.1	0.15900
binom	1	0.2	0.1	0.13900
binom	1	0.3	0.1	0.16600
binom	1	0.4	0.1	0.20900
binom	1	0.5	0.1	0.17700
binom	1	0.6	0.1	0.18300
binom	1	0.7	0.1	0.17800
binom	1	0.8	0.1	0.20500
binom	1	0.9	0.1	0.17800
binom	1	0	0.2	0.31700
binom	1	0.1	0.2	0.26800
binom	1	0.2	0.2	0.25700
binom	1	0.3	0.2	0.25900
binom	1	0.4	0.2	0.20100
binom	1	0.5	0.2	0.23400
binom	1	0.6	0.2	0.23700
binom	1	0.7	0.2	0.23500
binom	1	0.8	0.2	0.18400
binom	1	0.9	0.2	0.24300
