binom	1	0	0	0.01100
binom	1	0.1	0	0.03300
binom	1	0.2	0	0.06800
binom	1	0.3	0	0.11000
binom	1	0.4	0	0.13800
binom	1	0.5	0	0.15900
binom	1	0.6	0	0.15600
binom	1	0.7	0	0.15500
binom	1	0.8	0	0.12200
binom	1	0.9	0	0.14000
binom	1	0	0.05	0.07500
binom	1	0.1	0.05	0.07700
binom	1	0.2	0.05	0.11900
binom	1	0.3	0.05	0.12300
binom	1	0.4	0.05	0.15600
binom	1	0.5	0.05	0.18800
binom	1	0.6	0.05	0.15600
binom	1	0.7	0.05	0.15900
binom	1	0.8	0.05	0.17700
binom	1	0.9	0.05	0.14500
binom	1	0	0.1	0.17800
binom	1	0.1	0.1	0.16000
binom	1	0.2	0.1	0.15900
binom	1	0.3	0.1	0.15600
binom	1	0.4	0.1	0.17600
binom	1	0.5	0.1	0.20100
binom	1	0.6	0.1	0.19800
binom	1	0.7	0.1	0.17200
binom	1	0.8	0.1	0.19100
binom	1	0.9	0.1	0.17500
binom	1	0	0.2	0.29500
binom	1	0.1	0.2	0.28700
binom	1	0.2	0.2	0.27300
binom	1	0.3	0.2	0.24800
binom	1	0.4	0.2	0.22800
binom	1	0.5	0.2	0.22000
binom	1	0.6	0.2	0.22400
binom	1	0.7	0.2	0.23600
binom	1	0.8	0.2	0.22700
binom	1	0.9	0.2	0.20200
