binom	1	0	0	0.01600
binom	1	0.1	0	0.03300
binom	1	0.2	0	0.07600
binom	1	0.3	0	0.12100
binom	1	0.4	0	0.10300
binom	1	0.5	0	0.15600
binom	1	0.6	0	0.15600
binom	1	0.7	0	0.15500
binom	1	0.8	0	0.14700
binom	1	0.9	0	0.14200
binom	1	0	0.05	0.09700
binom	1	0.1	0.05	0.08900
binom	1	0.2	0.05	0.10600
binom	1	0.3	0.05	0.13100
binom	1	0.4	0.05	0.16100
binom	1	0.5	0.05	0.19300
binom	1	0.6	0.05	0.17200
binom	1	0.7	0.05	0.15800
binom	1	0.8	0.05	0.17700
binom	1	0.9	0.05	0.16600
binom	1	0	0.1	0.18700
binom	1	0.1	0.1	0.14600
binom	1	0.2	0.1	0.15600
binom	1	0.3	0.1	0.18400
binom	1	0.4	0.1	0.17500
binom	1	0.5	0.1	0.17700
binom	1	0.6	0.1	0.21100
binom	1	0.7	0.1	0.20800
binom	1	0.8	0.1	0.17000
binom	1	0.9	0.1	0.17200
binom	1	0	0.2	0.29700
binom	1	0.1	0.2	0.32500
binom	1	0.2	0.2	0.24900
binom	1	0.3	0.2	0.24100
binom	1	0.4	0.2	0.20800
binom	1	0.5	0.2	0.18800
binom	1	0.6	0.2	0.23600
binom	1	0.7	0.2	0.23000
binom	1	0.8	0.2	0.20700
binom	1	0.9	0.2	0.21800
