binom	1	0	0	0.01100
binom	1	0.1	0	0.04200
binom	1	0.2	0	0.08100
binom	1	0.3	0	0.12000
binom	1	0.4	0	0.11500
binom	1	0.5	0	0.12400
binom	1	0.6	0	0.13200
binom	1	0.7	0	0.13900
binom	1	0.8	0	0.13900
binom	1	0.9	0	0.12000
binom	1	0	0.05	0.10300
binom	1	0.1	0.05	0.09700
binom	1	0.2	0.05	0.12100
binom	1	0.3	0.05	0.13800
binom	1	0.4	0.05	0.11900
binom	1	0.5	0.05	0.15500
binom	1	0.6	0.05	0.16300
binom	1	0.7	0.05	0.19500
binom	1	0.8	0.05	0.14600
binom	1	0.9	0.05	0.16400
binom	1	0	0.1	0.18100
binom	1	0.1	0.1	0.15600
binom	1	0.2	0.1	0.16200
binom	1	0.3	0.1	0.15200
binom	1	0.4	0.1	0.16400
binom	1	0.5	0.1	0.16200
binom	1	0.6	0.1	0.17000
binom	1	0.7	0.1	0.18900
binom	1	0.8	0.1	0.16600
binom	1	0.9	0.1	0.16900
binom	1	0	0.2	0.32700
binom	1	0.1	0.2	0.31900
binom	1	0.2	0.2	0.26600
binom	1	0.3	0.2	0.24900
binom	1	0.4	0.2	0.23300
binom	1	0.5	0.2	0.23600
binom	1	0.6	0.2	0.22300
binom	1	0.7	0.2	0.20700
binom	1	0.8	0.2	0.22600
binom	1	0.9	0.2	0.21400
