binom	1	0	0	0.01600
binom	1	0.1	0	0.04600
binom	1	0.2	0	0.07600
binom	1	0.3	0	0.10500
binom	1	0.4	0	0.12600
binom	1	0.5	0	0.14900
binom	1	0.6	0	0.13800
binom	1	0.7	0	0.14100
binom	1	0.8	0	0.13900
binom	1	0.9	0	0.13600
binom	1	0	0.05	0.09300
binom	1	0.1	0.05	0.09400
binom	1	0.2	0.05	0.11800
binom	1	0.3	0.05	0.13700
binom	1	0.4	0.05	0.15400
binom	1	0.5	0.05	0.17300
binom	1	0.6	0.05	0.15900
binom	1	0.7	0.05	0.15200
binom	1	0.8	0.05	0.18400
binom	1	0.9	0.05	0.14900
binom	1	0	0.1	0.18300
binom	1	0.1	0.1	0.14400
binom	1	0.2	0.1	0.14900
binom	1	0.3	0.1	0.15700
binom	1	0.4	0.1	0.17300
binom	1	0.5	0.1	0.19600
binom	1	0.6	0.1	0.19000
binom	1	0.7	0.1	0.18600
binom	1	0.8	0.1	0.17200
binom	1	0.9	0.1	0.19900
binom	1	0	0.2	0.31100
binom	1	0.1	0.2	0.29300
binom	1	0.2	0.2	0.27500
binom	1	0.3	0.2	0.24100
binom	1	0.4	0.2	0.22100
binom	1	0.5	0.2	0.22300
binom	1	0.6	0.2	0.21900
binom	1	0.7	0.2	0.23000
binom	1	0.8	0.2	0.23200
binom	1	0.9	0.2	0.20800
