binom	1	0	0	0.01000
binom	1	0.1	0	0.05000
binom	1	0.2	0	0.08200
binom	1	0.3	0	0.10300
binom	1	0.4	0	0.14800
binom	1	0.5	0	0.14400
binom	1	0.6	0	0.14500
binom	1	0.7	0	0.14500
binom	1	0.8	0	0.12200
binom	1	0.9	0	0.13000
binom	1	0	0.05	0.08700
binom	1	0.1	0.05	0.09300
binom	1	0.2	0.05	0.10100
binom	1	0.3	0.05	0.13500
binom	1	0.4	0.05	0.15600
binom	1	0.5	0.05	0.17100
binom	1	0.6	0.05	0.16800
binom	1	0.7	0.05	0.17400
binom	1	0.8	0.05	0.15000
binom	1	0.9	0.05	0.15000
binom	1	0	0.1	0.17000
binom	1	0.1	0.1	0.17100
binom	1	0.2	0.1	0.14900
binom	1	0.3	0.1	0.13900
binom	1	0.4	0.1	0.20200
binom	1	0.5	0.1	0.17300
binom	1	0.6	0.1	0.20000
binom	1	0.7	0.1	0.18500
binom	1	0.8	0.1	0.19400
binom	1	0.9	0.1	0.16200
binom	1	0	0.2	0.30700
binom	1	0.1	0.2	0.27100
binom	1	0.2	0.2	0.26600
binom	1	0.3	0.2	0.24500
binom	1	0.4	0.2	0.22400
binom	1	0.5	0.2	0.19400
binom	1	0.6	0.2	0.22600
binom	1	0.7	0.2	0.21500
binom	1	0.8	0.2	0.21700
binom	1	0.9	0.2	0.21100
