binom	1	0	0	0.01600
binom	1	0.1	0	0.03900
binom	1	0.2	0	0.06400
binom	1	0.3	0	0.10000
binom	1	0.4	0	0.13100
binom	1	0.5	0	0.12900
binom	1	0.6	0	0.12700
binom	1	0.7	0	0.15000
binom	1	0.8	0	0.13700
binom	1	0.9	0	0.13600
binom	1	0	0.05	0.08900
binom	1	0.1	0.05	0.08900
binom	1	0.2	0.05	0.10900
binom	1	0.3	0.05	0.12600
binom	1	0.4	0.05	0.15200
binom	1	0.5	0.05	0.15300
binom	1	0.6	0.05	0.15500
binom	1	0.7	0.05	0.17100
binom	1	0.8	0.05	0.17000
binom	1	0.9	0.05	0.16400
binom	1	0	0.1	0.18400
binom	1	0.1	0.1	0.16400
binom	1	0.2	0.1	0.13900
binom	1	0.3	0.1	0.13700
binom	1	0.4	0.1	0.18100
binom	1	0.5	0.1	0.20000
binom	1	0.6	0.1	0.19300
binom	1	0.7	0.1	0.19000
binom	1	0.8	0.1	0.18700
binom	1	0.9	0.1	0.19100
binom	1	0	0.2	0.31100
binom	1	0.1	0.2	0.29600
binom	1	0.2	0.2	0.25200
binom	1	0.3	0.2	0.23900
binom	1	0.4	0.2	0.23500
binom	1	0.5	0.2	0.23100
binom	1	0.6	0.2	0.23100
binom	1	0.7	0.2	0.23700
binom	1	0.8	0.2	0.20600
binom	1	0.9	0.2	0.21300
