binom	1	0	0	0.00900
binom	1	0.1	0	0.04900
binom	1	0.2	0	0.06700
binom	1	0.3	0	0.12600
binom	1	0.4	0	0.12600
binom	1	0.5	0	0.13800
binom	1	0.6	0	0.15400
binom	1	0.7	0	0.14200
binom	1	0.8	0	0.14800
binom	1	0.9	0	0.13600
binom	1	0	0.05	0.08900
binom	1	0.1	0.05	0.07900
binom	1	0.2	0.05	0.09500
binom	1	0.3	0.05	0.13700
binom	1	0.4	0.05	0.14000
binom	1	0.5	0.05	0.14800
binom	1	0.6	0.05	0.16300
binom	1	0.7	0.05	0.17000
binom	1	0.8	0.05	0.16600
binom	1	0.9	0.05	0.16100
binom	1	0	0.1	0.19200
binom	1	0.1	0.1	0.16900
binom	1	0.2	0.1	0.14100
binom	1	0.3	0.1	0.15600
binom	1	0.4	0.1	0.17600
binom	1	0.5	0.1	0.19000
binom	1	0.6	0.1	0.22600
binom	1	0.7	0.1	0.17700
binom	1	0.8	0.1	0.15800
binom	1	0.9	0.1	0.17500
binom	1	0	0.2	0.28900
binom	1	0.1	0.2	0.27200
binom	1	0.2	0.2	0.28700
binom	1	0.3	0.2	0.25300
binom	1	0.4	0.2	0.22800
binom	1	0.5	0.2	0.22600
binom	1	0.6	0.2	0.24000
binom	1	0.7	0.2	0.21600
binom	1	0.8	0.2	0.22600
binom	1	0.9	0.2	0.19900
