binom	1	0	0	0.01000
binom	1	0.1	0	0.04500
binom	1	0.2	0	0.06600
binom	1	0.3	0	0.09800
binom	1	0.4	0	0.11300
binom	1	0.5	0	0.13400
binom	1	0.6	0	0.15200
binom	1	0.7	0	0.14300
binom	1	0.8	0	0.15400
binom	1	0.9	0	0.11300
binom	1	0	0.05	0.09400
binom	1	0.1	0.05	0.08300
binom	1	0.2	0.05	0.10000
binom	1	0.3	0.05	0.14500
binom	1	0.4	0.05	0.14400
binom	1	0.5	0.05	0.16600
binom	1	0.6	0.05	0.16600
binom	1	0.7	0.05	0.15600
binom	1	0.8	0.05	0.15700
binom	1	0.9	0.05	0.15400
binom	1	0	0.1	0.17200
binom	1	0.1	0.1	0.14500
binom	1	0.2	0.1	0.16100
binom	1	0.3	0.1	0.14400
binom	1	0.4	0.1	0.19400
binom	1	0.5	0.1	0.19800
binom	1	0.6	0.1	0.20600
binom	1	0.7	0.1	0.19400
binom	1	0.8	0.1	0.20000
binom	1	0.9	0.1	0.19300
binom	1	0	0.2	0.29600
binom	1	0.1	0.2	0.29800
binom	1	0.2	0.2	0.27700
binom	1	0.3	0.2	0.23900
binom	1	0.4	0.2	0.22600
binom	1	0.5	0.2	0.21600
binom	1	0.6	0.2	0.23700
binom	1	0.7	0.2	0.22700
binom	1	0.8	0.2	0.23300
binom	1	0.9	0.2	0.21500
