binom	1	0	0	0.01000
binom	1	0.1	0	0.05100
binom	1	0.2	0	0.09200
binom	1	0.3	0	0.11200
binom	1	0.4	0	0.12400
binom	1	0.5	0	0.12600
binom	1	0.6	0	0.12500
binom	1	0.7	0	0.12500
binom	1	0.8	0	0.14800
binom	1	0.9	0	0.13200
binom	1	0	0.05	0.08100
binom	1	0.1	0.05	0.09500
binom	1	0.2	0.05	0.10700
binom	1	0.3	0.05	0.14700
binom	1	0.4	0.05	0.14800
binom	1	0.5	0.05	0.16800
binom	1	0.6	0.05	0.18600
binom	1	0.7	0.05	0.15300
binom	1	0.8	0.05	0.14800
binom	1	0.9	0.05	0.15400
binom	1	0	0.1	0.15000
binom	1	0.1	0.1	0.15400
binom	1	0.2	0.1	0.17000
binom	1	0.3	0.1	0.19500
binom	1	0.4	0.1	0.15800
binom	1	0.5	0.1	0.17500
binom	1	0.6	0.1	0.19500
binom	1	0.7	0.1	0.19800
binom	1	0.8	0.1	0.20900
binom	1	0.9	0.1	0.17800
binom	1	0	0.2	0.30800
binom	1	0.1	0.2	0.30400
binom	1	0.2	0.2	0.26100
binom	1	0.3	0.2	0.25900
binom	1	0.4	0.2	0.21500
binom	1	0.5	0.2	0.23300
binom	1	0.6	0.2	0.23300
binom	1	0.7	0.2	0.24200
binom	1	0.8	0.2	0.22700
binom	1	0.9	0.2	0.24200
