binom	1	0	0	0.01000
binom	1	0.1	0	0.04100
binom	1	0.2	0	0.08600
binom	1	0.3	0	0.10200
binom	1	0.4	0	0.10600
binom	1	0.5	0	0.13500
binom	1	0.6	0	0.12000
binom	1	0.7	0	0.15500
binom	1	0.8	0	0.14000
binom	1	0.9	0	0.12200
binom	1	0	0.05	0.07600
binom	1	0.1	0.05	0.09600
binom	1	0.2	0.05	0.11000
binom	1	0.3	0.05	0.13500
binom	1	0.4	0.05	0.14000
binom	1	0.5	0.05	0.15800
binom	1	0.6	0.05	0.20600
binom	1	0.7	0.05	0.16300
binom	1	0.8	0.05	0.15600
binom	1	0.9	0.05	0.16000
binom	1	0	0.1	0.16900
binom	1	0.1	0.1	0.17000
binom	1	0.2	0.1	0.14900
binom	1	0.3	0.1	0.16700
binom	1	0.4	0.1	0.16900
binom	1	0.5	0.1	0.18100
binom	1	0.6	0.1	0.17400
binom	1	0.7	0.1	0.17800
binom	1	0.8	0.1	0.19000
binom	1	0.9	0.1	0.16300
binom	1	0	0.2	0.28400
binom	1	0.1	0.2	0.29800
binom	1	0.2	0.2	0.28300
binom	1	0.3	0.2	0.25100
binom	1	0.4	0.2	0.22100
binom	1	0.5	0.2	0.24000
binom	1	0.6	0.2	0.21200
binom	1	0.7	0.2	0.22900
binom	1	0.8	0.2	0.23300
binom	1	0.9	0.2	0.20800
