binom	1	0	0	0.00800
binom	1	0.1	0	0.04000
binom	1	0.2	0	0.06700
binom	1	0.3	0	0.10400
binom	1	0.4	0	0.13200
binom	1	0.5	0	0.13100
binom	1	0.6	0	0.16600
binom	1	0.7	0	0.13300
binom	1	0.8	0	0.15400
binom	1	0.9	0	0.13500
binom	1	0	0.05	0.08500
binom	1	0.1	0.05	0.09600
binom	1	0.2	0.05	0.11000
binom	1	0.3	0.05	0.16600
binom	1	0.4	0.05	0.15000
binom	1	0.5	0.05	0.16300
binom	1	0.6	0.05	0.18300
binom	1	0.7	0.05	0.15600
binom	1	0.8	0.05	0.17400
binom	1	0.9	0.05	0.15900
binom	1	0	0.1	0.15000
binom	1	0.1	0.1	0.17400
binom	1	0.2	0.1	0.15200
binom	1	0.3	0.1	0.16200
binom	1	0.4	0.1	0.18800
binom	1	0.5	0.1	0.18500
binom	1	0.6	0.1	0.19600
binom	1	0.7	0.1	0.17400
binom	1	0.8	0.1	0.17600
binom	1	0.9	0.1	0.19500
binom	1	0	0.2	0.34000
binom	1	0.1	0.2	0.29900
binom	1	0.2	0.2	0.27100
binom	1	0.3	0.2	0.26300
binom	1	0.4	0.2	0.23800
binom	1	0.5	0.2	0.22500
binom	1	0.6	0.2	0.22300
binom	1	0.7	0.2	0.22300
binom	1	0.8	0.2	0.21200
binom	1	0.9	0.2	0.23900
