binom	1	0	0	0.01300
binom	1	0.1	0	0.03800
binom	1	0.2	0	0.07900
binom	1	0.3	0	0.09300
binom	1	0.4	0	0.11100
binom	1	0.5	0	0.14400
binom	1	0.6	0	0.13600
binom	1	0.7	0	0.16700
binom	1	0.8	0	0.14200
binom	1	0.9	0	0.14300
binom	1	0	0.05	0.08600
binom	1	0.1	0.05	0.09600
binom	1	0.2	0.05	0.10600
binom	1	0.3	0.05	0.13100
binom	1	0.4	0.05	0.15000
binom	1	0.5	0.05	0.15500
binom	1	0.6	0.05	0.17100
binom	1	0.7	0.05	0.17000
binom	1	0.8	0.05	0.17900
binom	1	0.9	0.05	0.15800
binom	1	0	0.1	0.17500
binom	1	0.1	0.1	0.16400
binom	1	0.2	0.1	0.14500
binom	1	0.3	0.1	0.16700
binom	1	0.4	0.1	0.18500
binom	1	0.5	0.1	0.18700
binom	1	0.6	0.1	0.19500
binom	1	0.7	0.1	0.18100
binom	1	0.8	0.1	0.17900
binom	1	0.9	0.1	0.16600
binom	1	0	0.2	0.28500
binom	1	0.1	0.2	0.30500
binom	1	0.2	0.2	0.29000
binom	1	0.3	0.2	0.24600
binom	1	0.4	0.2	0.20100
binom	1	0.5	0.2	0.22600
binom	1	0.6	0.2	0.22600
binom	1	0.7	0.2	0.21700
binom	1	0.8	0.2	0.20600
binom	1	0.9	0.2	0.21600
