binom	1	0	0	0.01300
binom	1	0.1	0	0.05000
binom	1	0.2	0	0.08000
binom	1	0.3	0	0.10600
binom	1	0.4	0	0.12100
binom	1	0.5	0	0.12700
binom	1	0.6	0	0.13100
binom	1	0.7	0	0.13200
binom	1	0.8	0	0.14900
binom	1	0.9	0	0.12200
binom	1	0	0.05	0.08800
binom	1	0.1	0.05	0.08800
binom	1	0.2	0.05	0.11400
binom	1	0.3	0.05	0.13500
binom	1	0.4	0.05	0.17300
binom	1	0.5	0.05	0.15900
binom	1	0.6	0.05	0.17900
binom	1	0.7	0.05	0.18300
binom	1	0.8	0.05	0.16100
binom	1	0.9	0.05	0.14700
binom	1	0	0.1	0.15700
binom	1	0.1	0.1	0.14900
binom	1	0.2	0.1	0.13900
binom	1	0.3	0.1	0.16600
binom	1	0.4	0.1	0.17600
binom	1	0.5	0.1	0.17500
binom	1	0.6	0.1	0.20600
binom	1	0.7	0.1	0.18600
binom	1	0.8	0.1	0.19900
binom	1	0.9	0.1	0.17300
binom	1	0	0.2	0.28800
binom	1	0.1	0.2	0.28200
binom	1	0.2	0.2	0.27900
binom	1	0.3	0.2	0.26700
binom	1	0.4	0.2	0.23900
binom	1	0.5	0.2	0.25200
binom	1	0.6	0.2	0.23700
binom	1	0.7	0.2	0.24000
binom	1	0.8	0.2	0.22400
binom	1	0.9	0.2	0.22300
