binom	1	0	0	0.00800
binom	1	0.1	0	0.03500
binom	1	0.2	0	0.08800
binom	1	0.3	0	0.10200
binom	1	0.4	0	0.11100
binom	1	0.5	0	0.15100
binom	1	0.6	0	0.15000
binom	1	0.7	0	0.14300
binom	1	0.8	0	0.16700
binom	1	0.9	0	0.15300
binom	1	0	0.05	0.10300
binom	1	0.1	0.05	0.08800
binom	1	0.2	0.05	0.10000
binom	1	0.3	0.05	0.12100
binom	1	0.4	0.05	0.15900
binom	1	0.5	0.05	0.15500
binom	1	0.6	0.05	0.17700
binom	1	0.7	0.05	0.17500
binom	1	0.8	0.05	0.14200
binom	1	0.9	0.05	0.13500
binom	1	0	0.1	0.15100
binom	1	0.1	0.1	0.16200
binom	1	0.2	0.1	0.15200
binom	1	0.3	0.1	0.16500
binom	1	0.4	0.1	0.14100
binom	1	0.5	0.1	0.17700
binom	1	0.6	0.1	0.18500
binom	1	0.7	0.1	0.18700
binom	1	0.8	0.1	0.18800
binom	1	0.9	0.1	0.17500
binom	1	0	0.2	0.28100
binom	1	0.1	0.2	0.29300
binom	1	0.2	0.2	0.28900
binom	1	0.3	0.2	0.25600
binom	1	0.4	0.2	0.21300
binom	1	0.5	0.2	0.24700
binom	1	0.6	0.2	0.23000
binom	1	0.7	0.2	0.23800
binom	1	0.8	0.2	0.21600
binom	1	0.9	0.2	0.21600
