binom	1	0	0	0.01000
binom	1	0.1	0	0.04600
binom	1	0.2	0	0.07900
binom	1	0.3	0	0.11600
binom	1	0.4	0	0.11500
binom	1	0.5	0	0.14100
binom	1	0.6	0	0.14300
binom	1	0.7	0	0.13100
binom	1	0.8	0	0.14200
binom	1	0.9	0	0.15100
binom	1	0	0.05	0.09300
binom	1	0.1	0.05	0.08800
binom	1	0.2	0.05	0.11300
binom	1	0.3	0.05	0.14700
binom	1	0.4	0.05	0.14500
binom	1	0.5	0.05	0.16700
binom	1	0.6	0.05	0.13900
binom	1	0.7	0.05	0.15500
binom	1	0.8	0.05	0.15700
binom	1	0.9	0.05	0.15600
binom	1	0	0.1	0.17500
binom	1	0.1	0.1	0.14600
binom	1	0.2	0.1	0.15200
binom	1	0.3	0.1	0.15200
binom	1	0.4	0.1	0.16900
binom	1	0.5	0.1	0.18800
binom	1	0.6	0.1	0.18500
binom	1	0.7	0.1	0.19300
binom	1	0.8	0.1	0.20700
binom	1	0.9	0.1	0.19200
binom	1	0	0.2	0.28100
binom	1	0.1	0.2	0.29700
binom	1	0.2	0.2	0.26900
binom	1	0.3	0.2	0.23300
binom	1	0.4	0.2	0.22600
binom	1	0.5	0.2	0.23400
binom	1	0.6	0.2	0.23800
binom	1	0.7	0.2	0.23500
binom	1	0.8	0.2	0.21000
binom	1	0.9	0.2	0.21100
