binom	1	0	0	0.00500
binom	1	0.1	0	0.05000
binom	1	0.2	0	0.06400
binom	1	0.3	0	0.11300
binom	1	0.4	0	0.12200
binom	1	0.5	0	0.14200
binom	1	0.6	0	0.14600
binom	1	0.7	0	0.15200
binom	1	0.8	0	0.12700
binom	1	0.9	0	0.12600
binom	1	0	0.05	0.07900
binom	1	0.1	0.05	0.08600
binom	1	0.2	0.05	0.10300
binom	1	0.3	0.05	0.13200
binom	1	0.4	0.05	0.15900
binom	1	0.5	0.05	0.16900
binom	1	0.6	0.05	0.15300
binom	1	0.7	0.05	0.18500
binom	1	0.8	0.05	0.16500
binom	1	0.9	0.05	0.12700
binom	1	0	0.1	0.18000
binom	1	0.1	0.1	0.18000
binom	1	0.2	0.1	0.15500
binom	1	0.3	0.1	0.14700
binom	1	0.4	0.1	0.17700
binom	1	0.5	0.1	0.15400
binom	1	0.6	0.1	0.18600
binom	1	0.7	0.1	0.18200
binom	1	0.8	0.1	0.19800
binom	1	0.9	0.1	0.15000
binom	1	0	0.2	0.29000
binom	1	0.1	0.2	0.28600
binom	1	0.2	0.2	0.28000
binom	1	0.3	0.2	0.25600
binom	1	0.4	0.2	0.21700
binom	1	0.5	0.2	0.21700
binom	1	0.6	0.2	0.23100
binom	1	0.7	0.2	0.24000
binom	1	0.8	0.2	0.23300
binom	1	0.9	0.2	0.21000
