binom	1	0	0	0.01100
binom	1	0.1	0	0.04200
binom	1	0.2	0	0.07500
binom	1	0.3	0	0.10400
binom	1	0.4	0	0.12500
binom	1	0.5	0	0.13700
binom	1	0.6	0	0.13700
binom	1	0.7	0	0.14100
binom	1	0.8	0	0.13200
binom	1	0.9	0	0.13300
binom	1	0	0.05	0.09500
binom	1	0.1	0.05	0.11100
binom	1	0.2	0.05	0.08800
binom	1	0.3	0.05	0.14700
binom	1	0.4	0.05	0.15300
binom	1	0.5	0.05	0.15700
binom	1	0.6	0.05	0.18300
binom	1	0.7	0.05	0.19000
binom	1	0.8	0.05	0.14300
binom	1	0.9	0.05	0.16300
binom	1	0	0.1	0.18700
binom	1	0.1	0.1	0.16200
binom	1	0.2	0.1	0.14100
binom	1	0.3	0.1	0.16000
binom	1	0.4	0.1	0.17600
binom	1	0.5	0.1	0.17500
binom	1	0.6	0.1	0.19400
binom	1	0.7	0.1	0.18000
binom	1	0.8	0.1	0.16200
binom	1	0.9	0.1	0.15600
binom	1	0	0.2	0.29700
binom	1	0.1	0.2	0.31300
binom	1	0.2	0.2	0.27200
binom	1	0.3	0.2	0.25800
binom	1	0.4	0.2	0.22800
binom	1	0.5	0.2	0.21100
binom	1	0.6	0.2	0.24400
binom	1	0.7	0.2	0.21400
binom	1	0.8	0.2	0.20600
binom	1	0.9	0.2	0.22800
