binom	1	0	0	0.01300
binom	1	0.1	0	0.05300
binom	1	0.2	0	0.08800
binom	1	0.3	0	0.11400
binom	1	0.4	0	0.09900
binom	1	0.5	0	0.15300
binom	1	0.6	0	0.15400
binom	1	0.7	0	0.12000
binom	1	0.8	0	0.15300
binom	1	0.9	0	0.14200
binom	1	0	0.05	0.08900
binom	1	0.1	0.05	0.09500
binom	1	0.2	0.05	0.10400
binom	1	0.3	0.05	0.13400
binom	1	0.4	0.05	0.15300
binom	1	0.5	0.05	0.18200
binom	1	0.6	0.05	0.17700
binom	1	0.7	0.05	0.17500
binom	1	0.8	0.05	0.17300
binom	1	0.9	0.05	0.15100
binom	1	0	0.1	0.17400
binom	1	0.1	0.1	0.15900
binom	1	0.2	0.1	0.14300
binom	1	0.3	0.1	0.17300
binom	1	0.4	0.1	0.15800
binom	1	0.5	0.1	0.17700
binom	1	0.6	0.1	0.20400
binom	1	0.7	0.1	0.18800
binom	1	0.8	0.1	0.18700
binom	1	0.9	0.1	0.15600
binom	1	0	0.2	0.30900
binom	1	0.1	0.2	0.31600
binom	1	0.2	0.2	0.29200
binom	1	0.3	0.2	0.26300
binom	1	0.4	0.2	0.22900
binom	1	0.5	0.2	0.22800
binom	1	0.6	0.2	0.23400
binom	1	0.7	0.2	0.22400
binom	1	0.8	0.2	0.20600
binom	1	0.9	0.2	0.21300
