binom	1	0	0	0.01200
binom	1	0.1	0	0.04200
binom	1	0.2	0	0.08500
binom	1	0.3	0	0.10100
binom	1	0.4	0	0.13800
binom	1	0.5	0	0.13300
binom	1	0.6	0	0.17000
binom	1	0.7	0	0.14700
binom	1	0.8	0	0.13000
binom	1	0.9	0	0.14100
binom	1	0	0.05	0.09600
binom	1	0.1	0.05	0.07100
binom	1	0.2	0.05	0.11500
binom	1	0.3	0.05	0.15200
binom	1	0.4	0.05	0.16300
binom	1	0.5	0.05	0.16300
binom	1	0.6	0.05	0.17400
binom	1	0.7	0.05	0.18400
binom	1	0.8	0.05	0.19900
binom	1	0.9	0.05	0.16500
binom	1	0	0.1	0.16900
binom	1	0.1	0.1	0.17200
binom	1	0.2	0.1	0.16000
binom	1	0.3	0.1	0.15500
binom	1	0.4	0.1	0.19700
binom	1	0.5	0.1	0.20100
binom	1	0.6	0.1	0.19800
binom	1	0.7	0.1	0.18900
binom	1	0.8	0.1	0.18500
binom	1	0.9	0.1	0.15100
binom	1	0	0.2	0.29500
binom	1	0.1	0.2	0.29100
binom	1	0.2	0.2	0.28300
binom	1	0.3	0.2	0.22000
binom	1	0.4	0.2	0.21500
binom	1	0.5	0.2	0.22400
binom	1	0.6	0.2	0.22000
binom	1	0.7	0.2	0.23000
binom	1	0.8	0.2	0.21800
binom	1	0.9	0.2	0.19200
