binom	1	0	0	0.01300
binom	1	0.1	0	0.03900
binom	1	0.2	0	0.07200
binom	1	0.3	0	0.10500
binom	1	0.4	0	0.13700
binom	1	0.5	0	0.14400
binom	1	0.6	0	0.14700
binom	1	0.7	0	0.17600
binom	1	0.8	0	0.15000
binom	1	0.9	0	0.11300
binom	1	0	0.05	0.07700
binom	1	0.1	0.05	0.08900
binom	1	0.2	0.05	0.11500
binom	1	0.3	0.05	0.13000
binom	1	0.4	0.05	0.16200
binom	1	0.5	0.05	0.16400
binom	1	0.6	0.05	0.15500
binom	1	0.7	0.05	0.18600
binom	1	0.8	0.05	0.17500
binom	1	0.9	0.05	0.13900
binom	1	0	0.1	0.15700
binom	1	0.1	0.1	0.14100
binom	1	0.2	0.1	0.13600
binom	1	0.3	0.1	0.15900
binom	1	0.4	0.1	0.17900
binom	1	0.5	0.1	0.19500
binom	1	0.6	0.1	0.19300
binom	1	0.7	0.1	0.20600
binom	1	0.8	0.1	0.19400
binom	1	0.9	0.1	0.16300
binom	1	0	0.2	0.29500
binom	1	0.1	0.2	0.30800
binom	1	0.2	0.2	0.28300
binom	1	0.3	0.2	0.26000
binom	1	0.4	0.2	0.21100
binom	1	0.5	0.2	0.23200
binom	1	0.6	0.2	0.22500
binom	1	0.7	0.2	0.22500
binom	1	0.8	0.2	0.23400
binom	1	0.9	0.2	0.20500
