binom	1	0	0	0.00500
binom	1	0.1	0	0.05000
binom	1	0.2	0	0.06600
binom	1	0.3	0	0.10500
binom	1	0.4	0	0.13200
binom	1	0.5	0	0.14300
binom	1	0.6	0	0.12900
binom	1	0.7	0	0.15100
binom	1	0.8	0	0.13900
binom	1	0.9	0	0.14200
binom	1	0	0.05	0.10200
binom	1	0.1	0.05	0.10500
binom	1	0.2	0.05	0.12000
binom	1	0.3	0.05	0.13900
binom	1	0.4	0.05	0.15400
binom	1	0.5	0.05	0.17700
binom	1	0.6	0.05	0.15300
binom	1	0.7	0.05	0.20000
binom	1	0.8	0.05	0.14900
binom	1	0.9	0.05	0.17000
binom	1	0	0.1	0.16600
binom	1	0.1	0.1	0.17500
binom	1	0.2	0.1	0.12700
binom	1	0.3	0.1	0.15300
binom	1	0.4	0.1	0.15900
binom	1	0.5	0.1	0.18000
binom	1	0.6	0.1	0.20600
binom	1	0.7	0.1	0.17800
binom	1	0.8	0.1	0.18700
binom	1	0.9	0.1	0.16300
binom	1	0	0.2	0.29500
binom	1	0.1	0.2	0.31500
binom	1	0.2	0.2	0.25400
binom	1	0.3	0.2	0.26300
binom	1	0.4	0.2	0.20900
binom	1	0.5	0.2	0.24200
binom	1	0.6	0.2	0.24100
binom	1	0.7	0.2	0.22400
binom	1	0.8	0.2	0.23900
binom	1	0.9	0.2	0.21400
