binom	1	0	0	0.01100
binom	1	0.1	0	0.05600
binom	1	0.2	0	0.07700
binom	1	0.3	0	0.10000
binom	1	0.4	0	0.13000
binom	1	0.5	0	0.14200
binom	1	0.6	0	0.13300
binom	1	0.7	0	0.15000
binom	1	0.8	0	0.13900
binom	1	0.9	0	0.13900
binom	1	0	0.05	0.10500
binom	1	0.1	0.05	0.09300
binom	1	0.2	0.05	0.10000
binom	1	0.3	0.05	0.14900
binom	1	0.4	0.05	0.14700
binom	1	0.5	0.05	0.15300
binom	1	0.6	0.05	0.14600
binom	1	0.7	0.05	0.16600
binom	1	0.8	0.05	0.17800
binom	1	0.9	0.05	0.16000
binom	1	0	0.1	0.16400
binom	1	0.1	0.1	0.16800
binom	1	0.2	0.1	0.13300
binom	1	0.3	0.1	0.16600
binom	1	0.4	0.1	0.18700
binom	1	0.5	0.1	0.20200
binom	1	0.6	0.1	0.21500
binom	1	0.7	0.1	0.19800
binom	1	0.8	0.1	0.18300
binom	1	0.9	0.1	0.19200
binom	1	0	0.2	0.28700
binom	1	0.1	0.2	0.29800
binom	1	0.2	0.2	0.26700
binom	1	0.3	0.2	0.23500
binom	1	0.4	0.2	0.25200
binom	1	0.5	0.2	0.23400
binom	1	0.6	0.2	0.23400
binom	1	0.7	0.2	0.24500
binom	1	0.8	0.2	0.23200
binom	1	0.9	0.2	0.19400
