binom	1	0	0	0.00900
binom	1	0.1	0	0.03400
binom	1	0.2	0	0.06500
binom	1	0.3	0	0.10900
binom	1	0.4	0	0.11700
binom	1	0.5	0	0.15300
binom	1	0.6	0	0.12700
binom	1	0.7	0	0.15000
binom	1	0.8	0	0.14700
binom	1	0.9	0	0.13200
binom	1	0	0.05	0.08700
binom	1	0.1	0.05	0.09200
binom	1	0.2	0.05	0.12300
binom	1	0.3	0.05	0.14400
binom	1	0.4	0.05	0.11900
binom	1	0.5	0.05	0.18300
binom	1	0.6	0.05	0.15900
binom	1	0.7	0.05	0.19400
binom	1	0.8	0.05	0.15200
binom	1	0.9	0.05	0.15200
binom	1	0	0.1	0.17800
binom	1	0.1	0.1	0.16800
binom	1	0.2	0.1	0.13200
binom	1	0.3	0.1	0.16900
binom	1	0.4	0.1	0.15400
binom	1	0.5	0.1	0.19600
binom	1	0.6	0.1	0.20100
binom	1	0.7	0.1	0.20400
binom	1	0.8	0.1	0.18100
binom	1	0.9	0.1	0.17500
binom	1	0	0.2	0.30500
binom	1	0.1	0.2	0.27200
binom	1	0.2	0.2	0.29600
binom	1	0.3	0.2	0.26600
binom	1	0.4	0.2	0.23100
binom	1	0.5	0.2	0.23400
binom	1	0.6	0.2	0.24600
binom	1	0.7	0.2	0.22100
binom	1	0.8	0.2	0.22000
binom	1	0.9	0.2	0.20900
