binom	1	0	0	0.01100
binom	1	0.1	0	0.00950
binom	1	0.2	0	0.01600
binom	1	0.3	0	0.01450
binom	1	0.4	0	0.01100
binom	1	0.5	0	0.01250
binom	1	0.6	0	0.00900
binom	1	0.7	0	0.00500
binom	1	0.8	0	0.00400
binom	1	0.9	0	0.00100
binom	1	0	0.05	0.04800
binom	1	0.1	0.05	0.03800
binom	1	0.2	0.05	0.04200
binom	1	0.3	0.05	0.03550
binom	1	0.4	0.05	0.04700
binom	1	0.5	0.05	0.02800
binom	1	0.6	0.05	0.02750
binom	1	0.7	0.05	0.01850
binom	1	0.8	0.05	0.01600
binom	1	0.9	0.05	0.00850
binom	1	0	0.1	0.10000
binom	1	0.1	0.1	0.09100
binom	1	0.2	0.1	0.08800
binom	1	0.3	0.1	0.08800
binom	1	0.4	0.1	0.07500
binom	1	0.5	0.1	0.07150
binom	1	0.6	0.1	0.05350
binom	1	0.7	0.1	0.04900
binom	1	0.8	0.1	0.02650
binom	1	0.9	0.1	0.01750
binom	1	0	0.2	0.16700
binom	1	0.1	0.2	0.15600
binom	1	0.2	0.2	0.15450
binom	1	0.3	0.2	0.14450
binom	1	0.4	0.2	0.14600
binom	1	0.5	0.2	0.13550
binom	1	0.6	0.2	0.13350
binom	1	0.7	0.2	0.11450
binom	1	0.8	0.2	0.09950
binom	1	0.9	0.2	0.06600
