binom	1	0	0	0.00800
binom	1	0.1	0	0.03900
binom	1	0.2	0	0.06500
binom	1	0.3	0	0.09700
binom	1	0.4	0	0.11300
binom	1	0.5	0	0.14300
binom	1	0.6	0	0.13500
binom	1	0.7	0	0.15200
binom	1	0.8	0	0.12300
binom	1	0.9	0	0.12300
binom	1	0	0.05	0.09400
binom	1	0.1	0.05	0.09100
binom	1	0.2	0.05	0.11700
binom	1	0.3	0.05	0.14100
binom	1	0.4	0.05	0.16200
binom	1	0.5	0.05	0.15700
binom	1	0.6	0.05	0.17300
binom	1	0.7	0.05	0.16900
binom	1	0.8	0.05	0.16400
binom	1	0.9	0.05	0.16600
binom	1	0	0.1	0.18300
binom	1	0.1	0.1	0.17200
binom	1	0.2	0.1	0.14800
binom	1	0.3	0.1	0.18600
binom	1	0.4	0.1	0.18600
binom	1	0.5	0.1	0.18300
binom	1	0.6	0.1	0.21100
binom	1	0.7	0.1	0.18600
binom	1	0.8	0.1	0.21700
binom	1	0.9	0.1	0.15800
binom	1	0	0.2	0.30400
binom	1	0.1	0.2	0.30000
binom	1	0.2	0.2	0.27700
binom	1	0.3	0.2	0.25200
binom	1	0.4	0.2	0.20800
binom	1	0.5	0.2	0.21800
binom	1	0.6	0.2	0.24400
binom	1	0.7	0.2	0.25100
binom	1	0.8	0.2	0.22500
binom	1	0.9	0.2	0.23500
