binom	1	0	0	0.01400
binom	1	0.1	0	0.04800
binom	1	0.2	0	0.09200
binom	1	0.3	0	0.10500
binom	1	0.4	0	0.11300
binom	1	0.5	0	0.15200
binom	1	0.6	0	0.13800
binom	1	0.7	0	0.14700
binom	1	0.8	0	0.14100
binom	1	0.9	0	0.13700
binom	1	0	0.05	0.09800
binom	1	0.1	0.05	0.10100
binom	1	0.2	0.05	0.13900
binom	1	0.3	0.05	0.14500
binom	1	0.4	0.05	0.16700
binom	1	0.5	0.05	0.16600
binom	1	0.6	0.05	0.16000
binom	1	0.7	0.05	0.16100
binom	1	0.8	0.05	0.16400
binom	1	0.9	0.05	0.15300
binom	1	0	0.1	0.16400
binom	1	0.1	0.1	0.18400
binom	1	0.2	0.1	0.12300
binom	1	0.3	0.1	0.17000
binom	1	0.4	0.1	0.18400
binom	1	0.5	0.1	0.17900
binom	1	0.6	0.1	0.19800
binom	1	0.7	0.1	0.19800
binom	1	0.8	0.1	0.21000
binom	1	0.9	0.1	0.15700
binom	1	0	0.2	0.28600
binom	1	0.1	0.2	0.28200
binom	1	0.2	0.2	0.25600
binom	1	0.3	0.2	0.24300
binom	1	0.4	0.2	0.24100
binom	1	0.5	0.2	0.20800
binom	1	0.6	0.2	0.23000
binom	1	0.7	0.2	0.21000
binom	1	0.8	0.2	0.21500
binom	1	0.9	0.2	0.23200
