binom	0.02680
binom	0.02360
binom	0.02240
binom	0.02100
binom	0.02360
binom	0.02140
binom	0.02520
binom	0.02140
binom	0.02100
binom	0.02440
binom	0.02120
binom	0.02020
binom	0.02060
binom	0.02060
binom	0.01920
binom	0.01800
binom	0.01940
binom	0.01960
binom	0.02240
binom	0.02320
binom	0.02060
binom	0.01960
binom	0.02060
binom	0.01600
binom	0.01460
binom	0.01980
binom	0.01760
binom	0.01760
binom	0.02260
binom	0.01800
binom	0.01960
binom	0.01780
binom	0.01900
binom	0.01760
binom	0.01880
binom	0.01560
binom	0.01800
binom	0.01700
binom	0.01680
binom	0.01520
binom	0.01600
binom	0.01520
binom	0.01660
binom	0.01440
binom	0.01760
binom	0.01320
binom	0.01600
binom	0.01760
binom	0.01440
binom	0.01300
binom	0.01620
