binom	1	0	0	0.01100
binom	1	0.1	0	0.04200
binom	1	0.2	0	0.07700
binom	1	0.3	0	0.10300
binom	1	0.4	0	0.11800
binom	1	0.5	0	0.14000
binom	1	0.6	0	0.13600
binom	1	0.7	0	0.14800
binom	1	0.8	0	0.14500
binom	1	0.9	0	0.11600
binom	1	0	0.05	0.09000
binom	1	0.1	0.05	0.08200
binom	1	0.2	0.05	0.11300
binom	1	0.3	0.05	0.15100
binom	1	0.4	0.05	0.15900
binom	1	0.5	0.05	0.16900
binom	1	0.6	0.05	0.15000
binom	1	0.7	0.05	0.17200
binom	1	0.8	0.05	0.17700
binom	1	0.9	0.05	0.15100
binom	1	0	0.1	0.16400
binom	1	0.1	0.1	0.15100
binom	1	0.2	0.1	0.13600
binom	1	0.3	0.1	0.16000
binom	1	0.4	0.1	0.19600
binom	1	0.5	0.1	0.19300
binom	1	0.6	0.1	0.20200
binom	1	0.7	0.1	0.19200
binom	1	0.8	0.1	0.19700
binom	1	0.9	0.1	0.19400
binom	1	0	0.2	0.28700
binom	1	0.1	0.2	0.31400
binom	1	0.2	0.2	0.27400
binom	1	0.3	0.2	0.25300
binom	1	0.4	0.2	0.23000
binom	1	0.5	0.2	0.22700
binom	1	0.6	0.2	0.22500
binom	1	0.7	0.2	0.23000
binom	1	0.8	0.2	0.21900
binom	1	0.9	0.2	0.20500
