binom	1	0	0	0.00600
binom	1	0.1	0	0.04600
binom	1	0.2	0	0.07300
binom	1	0.3	0	0.10200
binom	1	0.4	0	0.11100
binom	1	0.5	0	0.14100
binom	1	0.6	0	0.14300
binom	1	0.7	0	0.13500
binom	1	0.8	0	0.14000
binom	1	0.9	0	0.13500
binom	1	0	0.05	0.08700
binom	1	0.1	0.05	0.09500
binom	1	0.2	0.05	0.12400
binom	1	0.3	0.05	0.13700
binom	1	0.4	0.05	0.15300
binom	1	0.5	0.05	0.17800
binom	1	0.6	0.05	0.16400
binom	1	0.7	0.05	0.15500
binom	1	0.8	0.05	0.14800
binom	1	0.9	0.05	0.14500
binom	1	0	0.1	0.16800
binom	1	0.1	0.1	0.15900
binom	1	0.2	0.1	0.15000
binom	1	0.3	0.1	0.15500
binom	1	0.4	0.1	0.18000
binom	1	0.5	0.1	0.19800
binom	1	0.6	0.1	0.22400
binom	1	0.7	0.1	0.20400
binom	1	0.8	0.1	0.19200
binom	1	0.9	0.1	0.18000
binom	1	0	0.2	0.31700
binom	1	0.1	0.2	0.31300
binom	1	0.2	0.2	0.27000
binom	1	0.3	0.2	0.25300
binom	1	0.4	0.2	0.22700
binom	1	0.5	0.2	0.24400
binom	1	0.6	0.2	0.23100
binom	1	0.7	0.2	0.22200
binom	1	0.8	0.2	0.20700
binom	1	0.9	0.2	0.20300
