binom	1	0	0	0.01000
binom	1	0.1	0	0.04300
binom	1	0.2	0	0.07800
binom	1	0.3	0	0.11200
binom	1	0.4	0	0.11100
binom	1	0.5	0	0.11800
binom	1	0.6	0	0.16300
binom	1	0.7	0	0.13500
binom	1	0.8	0	0.14500
binom	1	0.9	0	0.15900
binom	1	0	0.05	0.10100
binom	1	0.1	0.05	0.11000
binom	1	0.2	0.05	0.09400
binom	1	0.3	0.05	0.13300
binom	1	0.4	0.05	0.17300
binom	1	0.5	0.05	0.17100
binom	1	0.6	0.05	0.17700
binom	1	0.7	0.05	0.17600
binom	1	0.8	0.05	0.16000
binom	1	0.9	0.05	0.13700
binom	1	0	0.1	0.14600
binom	1	0.1	0.1	0.16700
binom	1	0.2	0.1	0.14800
binom	1	0.3	0.1	0.16300
binom	1	0.4	0.1	0.18900
binom	1	0.5	0.1	0.18100
binom	1	0.6	0.1	0.19900
binom	1	0.7	0.1	0.20400
binom	1	0.8	0.1	0.19100
binom	1	0.9	0.1	0.15900
binom	1	0	0.2	0.27400
binom	1	0.1	0.2	0.30200
binom	1	0.2	0.2	0.27100
binom	1	0.3	0.2	0.23100
binom	1	0.4	0.2	0.22100
binom	1	0.5	0.2	0.24900
binom	1	0.6	0.2	0.23200
binom	1	0.7	0.2	0.21900
binom	1	0.8	0.2	0.23800
binom	1	0.9	0.2	0.21400
