binom	0.02140
binom	0.02500
binom	0.02280
binom	0.01980
binom	0.02440
binom	0.01960
binom	0.02620
binom	0.02360
binom	0.02080
binom	0.01800
binom	0.02320
binom	0.02380
binom	0.02120
binom	0.02240
binom	0.02180
binom	0.02280
binom	0.02360
binom	0.01960
binom	0.02460
binom	0.01460
binom	0.02300
binom	0.02060
binom	0.02440
binom	0.01600
binom	0.01960
binom	0.02100
binom	0.01740
binom	0.01700
binom	0.01680
binom	0.01840
binom	0.01400
binom	0.01820
binom	0.01380
binom	0.01900
binom	0.01940
binom	0.01920
binom	0.01940
binom	0.01740
binom	0.01740
binom	0.01980
binom	0.01940
binom	0.01780
binom	0.01480
binom	0.01560
binom	0.01440
binom	0.01800
binom	0.01600
binom	0.01700
binom	0.01640
binom	0.01320
binom	0.01520
