binom	1	0	0	0.01200
binom	1	0.1	0	0.05900
binom	1	0.2	0	0.08200
binom	1	0.3	0	0.11300
binom	1	0.4	0	0.13200
binom	1	0.5	0	0.13800
binom	1	0.6	0	0.14100
binom	1	0.7	0	0.15000
binom	1	0.8	0	0.13800
binom	1	0.9	0	0.12300
binom	1	0	0.05	0.08800
binom	1	0.1	0.05	0.08200
binom	1	0.2	0.05	0.12200
binom	1	0.3	0.05	0.13200
binom	1	0.4	0.05	0.15000
binom	1	0.5	0.05	0.16900
binom	1	0.6	0.05	0.16200
binom	1	0.7	0.05	0.17200
binom	1	0.8	0.05	0.17300
binom	1	0.9	0.05	0.15600
binom	1	0	0.1	0.16400
binom	1	0.1	0.1	0.15900
binom	1	0.2	0.1	0.14300
binom	1	0.3	0.1	0.17100
binom	1	0.4	0.1	0.16600
binom	1	0.5	0.1	0.20300
binom	1	0.6	0.1	0.19600
binom	1	0.7	0.1	0.18200
binom	1	0.8	0.1	0.19100
binom	1	0.9	0.1	0.17400
binom	1	0	0.2	0.28800
binom	1	0.1	0.2	0.28800
binom	1	0.2	0.2	0.25600
binom	1	0.3	0.2	0.21800
binom	1	0.4	0.2	0.21500
binom	1	0.5	0.2	0.22800
binom	1	0.6	0.2	0.23200
binom	1	0.7	0.2	0.23500
binom	1	0.8	0.2	0.21500
binom	1	0.9	0.2	0.21200
