binom	1	0	0	0.00600
binom	1	0.1	0	0.05000
binom	1	0.2	0	0.07700
binom	1	0.3	0	0.10900
binom	1	0.4	0	0.13000
binom	1	0.5	0	0.13500
binom	1	0.6	0	0.14600
binom	1	0.7	0	0.12700
binom	1	0.8	0	0.15600
binom	1	0.9	0	0.13400
binom	1	0	0.05	0.10000
binom	1	0.1	0.05	0.08300
binom	1	0.2	0.05	0.09600
binom	1	0.3	0.05	0.13000
binom	1	0.4	0.05	0.15600
binom	1	0.5	0.05	0.16500
binom	1	0.6	0.05	0.15200
binom	1	0.7	0.05	0.17100
binom	1	0.8	0.05	0.17100
binom	1	0.9	0.05	0.17600
binom	1	0	0.1	0.14600
binom	1	0.1	0.1	0.15800
binom	1	0.2	0.1	0.14400
binom	1	0.3	0.1	0.16000
binom	1	0.4	0.1	0.18000
binom	1	0.5	0.1	0.18500
binom	1	0.6	0.1	0.21200
binom	1	0.7	0.1	0.18900
binom	1	0.8	0.1	0.17600
binom	1	0.9	0.1	0.16200
binom	1	0	0.2	0.28900
binom	1	0.1	0.2	0.31700
binom	1	0.2	0.2	0.27500
binom	1	0.3	0.2	0.22900
binom	1	0.4	0.2	0.20800
binom	1	0.5	0.2	0.21000
binom	1	0.6	0.2	0.26300
binom	1	0.7	0.2	0.25000
binom	1	0.8	0.2	0.21700
binom	1	0.9	0.2	0.21100
