binom	0.02300
binom	0.02360
binom	0.02440
binom	0.02360
binom	0.02500
binom	0.02500
binom	0.01360
binom	0.02360
binom	0.02360
binom	0.02220
binom	0.02200
binom	0.02540
binom	0.02040
binom	0.02440
binom	0.02180
binom	0.02280
binom	0.01960
binom	0.01580
binom	0.01900
binom	0.01920
binom	0.01840
binom	0.01840
binom	0.01920
binom	0.01740
binom	0.01960
binom	0.01880
binom	0.01780
binom	0.02120
binom	0.01900
binom	0.01960
binom	0.01980
binom	0.02200
binom	0.01780
binom	0.01620
binom	0.01960
binom	0.01800
binom	0.01820
binom	0.01840
binom	0.01640
binom	0.01480
binom	0.01780
binom	0.01280
binom	0.01680
binom	0.01380
binom	0.01680
binom	0.01520
binom	0.01700
binom	0.01680
binom	0.01620
binom	0.01340
binom	0.01540
