binom	1	0	0	0.01300
binom	1	0.1	0	0.04800
binom	1	0.2	0	0.07700
binom	1	0.3	0	0.10000
binom	1	0.4	0	0.11900
binom	1	0.5	0	0.14300
binom	1	0.6	0	0.16000
binom	1	0.7	0	0.13400
binom	1	0.8	0	0.14200
binom	1	0.9	0	0.14200
binom	1	0	0.05	0.10600
binom	1	0.1	0.05	0.07400
binom	1	0.2	0.05	0.11000
binom	1	0.3	0.05	0.12600
binom	1	0.4	0.05	0.15000
binom	1	0.5	0.05	0.16700
binom	1	0.6	0.05	0.15800
binom	1	0.7	0.05	0.15700
binom	1	0.8	0.05	0.18700
binom	1	0.9	0.05	0.15600
binom	1	0	0.1	0.16900
binom	1	0.1	0.1	0.16400
binom	1	0.2	0.1	0.13900
binom	1	0.3	0.1	0.16700
binom	1	0.4	0.1	0.17100
binom	1	0.5	0.1	0.17000
binom	1	0.6	0.1	0.18400
binom	1	0.7	0.1	0.19900
binom	1	0.8	0.1	0.18200
binom	1	0.9	0.1	0.17100
binom	1	0	0.2	0.30900
binom	1	0.1	0.2	0.29700
binom	1	0.2	0.2	0.28100
binom	1	0.3	0.2	0.24400
binom	1	0.4	0.2	0.21300
binom	1	0.5	0.2	0.21800
binom	1	0.6	0.2	0.21400
binom	1	0.7	0.2	0.23900
binom	1	0.8	0.2	0.23600
binom	1	0.9	0.2	0.22200
