binom	1	0	0	0.00500
binom	1	0.1	0	0.04200
binom	1	0.2	0	0.08100
binom	1	0.3	0	0.09500
binom	1	0.4	0	0.12800
binom	1	0.5	0	0.12900
binom	1	0.6	0	0.15000
binom	1	0.7	0	0.15200
binom	1	0.8	0	0.15000
binom	1	0.9	0	0.13800
binom	1	0	0.05	0.08300
binom	1	0.1	0.05	0.09300
binom	1	0.2	0.05	0.12300
binom	1	0.3	0.05	0.15400
binom	1	0.4	0.05	0.16800
binom	1	0.5	0.05	0.15100
binom	1	0.6	0.05	0.17400
binom	1	0.7	0.05	0.16700
binom	1	0.8	0.05	0.17700
binom	1	0.9	0.05	0.15800
binom	1	0	0.1	0.18600
binom	1	0.1	0.1	0.14500
binom	1	0.2	0.1	0.14900
binom	1	0.3	0.1	0.15800
binom	1	0.4	0.1	0.16000
binom	1	0.5	0.1	0.18000
binom	1	0.6	0.1	0.19900
binom	1	0.7	0.1	0.21600
binom	1	0.8	0.1	0.17600
binom	1	0.9	0.1	0.16700
binom	1	0	0.2	0.30000
binom	1	0.1	0.2	0.31000
binom	1	0.2	0.2	0.28200
binom	1	0.3	0.2	0.25800
binom	1	0.4	0.2	0.23400
binom	1	0.5	0.2	0.21400
binom	1	0.6	0.2	0.22500
binom	1	0.7	0.2	0.21500
binom	1	0.8	0.2	0.22400
binom	1	0.9	0.2	0.22800
