binom	1	0	0	0.00800
binom	1	0.1	0	0.04700
binom	1	0.2	0	0.06400
binom	1	0.3	0	0.10800
binom	1	0.4	0	0.14400
binom	1	0.5	0	0.11900
binom	1	0.6	0	0.13600
binom	1	0.7	0	0.14100
binom	1	0.8	0	0.14700
binom	1	0.9	0	0.12800
binom	1	0	0.05	0.10700
binom	1	0.1	0.05	0.09600
binom	1	0.2	0.05	0.10700
binom	1	0.3	0.05	0.13600
binom	1	0.4	0.05	0.17300
binom	1	0.5	0.05	0.15300
binom	1	0.6	0.05	0.15500
binom	1	0.7	0.05	0.16500
binom	1	0.8	0.05	0.17000
binom	1	0.9	0.05	0.16400
binom	1	0	0.1	0.18400
binom	1	0.1	0.1	0.16400
binom	1	0.2	0.1	0.13900
binom	1	0.3	0.1	0.18500
binom	1	0.4	0.1	0.16100
binom	1	0.5	0.1	0.20900
binom	1	0.6	0.1	0.19600
binom	1	0.7	0.1	0.19400
binom	1	0.8	0.1	0.18100
binom	1	0.9	0.1	0.15500
binom	1	0	0.2	0.32600
binom	1	0.1	0.2	0.31300
binom	1	0.2	0.2	0.28300
binom	1	0.3	0.2	0.23900
binom	1	0.4	0.2	0.21600
binom	1	0.5	0.2	0.21900
binom	1	0.6	0.2	0.20800
binom	1	0.7	0.2	0.22500
binom	1	0.8	0.2	0.21300
binom	1	0.9	0.2	0.19500
