binom	1	0	0	0.01000
binom	1	0.1	0	0.03300
binom	1	0.2	0	0.06800
binom	1	0.3	0	0.09700
binom	1	0.4	0	0.12500
binom	1	0.5	0	0.15800
binom	1	0.6	0	0.13700
binom	1	0.7	0	0.12800
binom	1	0.8	0	0.14400
binom	1	0.9	0	0.11900
binom	1	0	0.05	0.09200
binom	1	0.1	0.05	0.08300
binom	1	0.2	0.05	0.12500
binom	1	0.3	0.05	0.12800
binom	1	0.4	0.05	0.15000
binom	1	0.5	0.05	0.16200
binom	1	0.6	0.05	0.15900
binom	1	0.7	0.05	0.16300
binom	1	0.8	0.05	0.16300
binom	1	0.9	0.05	0.17100
binom	1	0	0.1	0.14600
binom	1	0.1	0.1	0.17800
binom	1	0.2	0.1	0.12600
binom	1	0.3	0.1	0.16300
binom	1	0.4	0.1	0.18800
binom	1	0.5	0.1	0.18600
binom	1	0.6	0.1	0.18600
binom	1	0.7	0.1	0.19500
binom	1	0.8	0.1	0.18200
binom	1	0.9	0.1	0.18900
binom	1	0	0.2	0.28700
binom	1	0.1	0.2	0.32000
binom	1	0.2	0.2	0.28400
binom	1	0.3	0.2	0.26800
binom	1	0.4	0.2	0.22000
binom	1	0.5	0.2	0.22900
binom	1	0.6	0.2	0.23100
binom	1	0.7	0.2	0.21200
binom	1	0.8	0.2	0.22600
binom	1	0.9	0.2	0.21400
