binom	1	0	0	0.00900
binom	1	0.1	0	0.04300
binom	1	0.2	0	0.08000
binom	1	0.3	0	0.09800
binom	1	0.4	0	0.14600
binom	1	0.5	0	0.12800
binom	1	0.6	0	0.15100
binom	1	0.7	0	0.15800
binom	1	0.8	0	0.13600
binom	1	0.9	0	0.14400
binom	1	0	0.05	0.09000
binom	1	0.1	0.05	0.08200
binom	1	0.2	0.05	0.10200
binom	1	0.3	0.05	0.11900
binom	1	0.4	0.05	0.13200
binom	1	0.5	0.05	0.16000
binom	1	0.6	0.05	0.19500
binom	1	0.7	0.05	0.16700
binom	1	0.8	0.05	0.17200
binom	1	0.9	0.05	0.13600
binom	1	0	0.1	0.18400
binom	1	0.1	0.1	0.16500
binom	1	0.2	0.1	0.15000
binom	1	0.3	0.1	0.17000
binom	1	0.4	0.1	0.18000
binom	1	0.5	0.1	0.17600
binom	1	0.6	0.1	0.19200
binom	1	0.7	0.1	0.18500
binom	1	0.8	0.1	0.18600
binom	1	0.9	0.1	0.18300
binom	1	0	0.2	0.32700
binom	1	0.1	0.2	0.30900
binom	1	0.2	0.2	0.27400
binom	1	0.3	0.2	0.25300
binom	1	0.4	0.2	0.23700
binom	1	0.5	0.2	0.23100
binom	1	0.6	0.2	0.22800
binom	1	0.7	0.2	0.23900
binom	1	0.8	0.2	0.20400
binom	1	0.9	0.2	0.20600
