binom	1	0	0	0.00400
binom	1	0.1	0	0.04700
binom	1	0.2	0	0.07800
binom	1	0.3	0	0.12400
binom	1	0.4	0	0.12200
binom	1	0.5	0	0.14600
binom	1	0.6	0	0.12600
binom	1	0.7	0	0.14700
binom	1	0.8	0	0.14300
binom	1	0.9	0	0.13700
binom	1	0	0.05	0.09200
binom	1	0.1	0.05	0.09300
binom	1	0.2	0.05	0.11500
binom	1	0.3	0.05	0.11500
binom	1	0.4	0.05	0.14300
binom	1	0.5	0.05	0.17800
binom	1	0.6	0.05	0.16700
binom	1	0.7	0.05	0.16200
binom	1	0.8	0.05	0.14900
binom	1	0.9	0.05	0.13400
binom	1	0	0.1	0.16000
binom	1	0.1	0.1	0.15900
binom	1	0.2	0.1	0.12200
binom	1	0.3	0.1	0.17800
binom	1	0.4	0.1	0.18300
binom	1	0.5	0.1	0.16700
binom	1	0.6	0.1	0.17500
binom	1	0.7	0.1	0.21700
binom	1	0.8	0.1	0.19400
binom	1	0.9	0.1	0.17200
binom	1	0	0.2	0.31500
binom	1	0.1	0.2	0.29500
binom	1	0.2	0.2	0.26500
binom	1	0.3	0.2	0.26500
binom	1	0.4	0.2	0.26100
binom	1	0.5	0.2	0.23300
binom	1	0.6	0.2	0.24400
binom	1	0.7	0.2	0.22600
binom	1	0.8	0.2	0.23200
binom	1	0.9	0.2	0.21300
