uniform	0.02220
uniform	0.02260
uniform	0.01980
uniform	0.02080
uniform	0.02420
uniform	0.02320
uniform	0.02400
uniform	0.02120
uniform	0.02320
uniform	0.02260
uniform	0.02320
uniform	0.02140
uniform	0.02240
uniform	0.02160
uniform	0.01900
uniform	0.02380
uniform	0.02300
uniform	0.02280
uniform	0.02360
uniform	0.02140
uniform	0.02180
uniform	0.02180
uniform	0.02000
uniform	0.02000
uniform	0.02400
uniform	0.01880
uniform	0.01980
uniform	0.02200
uniform	0.01780
uniform	0.02260
uniform	0.02060
uniform	0.02300
uniform	0.01820
uniform	0.01960
uniform	0.02200
uniform	0.02280
uniform	0.02280
uniform	0.01880
uniform	0.02240
uniform	0.01980
uniform	0.02280
uniform	0.01960
uniform	0.02180
uniform	0.01900
uniform	0.01580
uniform	0.02040
uniform	0.02000
uniform	0.01560
uniform	0.01780
uniform	0.02020
uniform	0.01880
