binom	1	0	0	0.00600
binom	1	0.1	0	0.04900
binom	1	0.2	0	0.09000
binom	1	0.3	0	0.09200
binom	1	0.4	0	0.13400
binom	1	0.5	0	0.11500
binom	1	0.6	0	0.13500
binom	1	0.7	0	0.13400
binom	1	0.8	0	0.15500
binom	1	0.9	0	0.13200
binom	1	0	0.05	0.09400
binom	1	0.1	0.05	0.09100
binom	1	0.2	0.05	0.10400
binom	1	0.3	0.05	0.13300
binom	1	0.4	0.05	0.15700
binom	1	0.5	0.05	0.17600
binom	1	0.6	0.05	0.18500
binom	1	0.7	0.05	0.17200
binom	1	0.8	0.05	0.13200
binom	1	0.9	0.05	0.15500
binom	1	0	0.1	0.19700
binom	1	0.1	0.1	0.17400
binom	1	0.2	0.1	0.13800
binom	1	0.3	0.1	0.17100
binom	1	0.4	0.1	0.18400
binom	1	0.5	0.1	0.16700
binom	1	0.6	0.1	0.19200
binom	1	0.7	0.1	0.21100
binom	1	0.8	0.1	0.18900
binom	1	0.9	0.1	0.16900
binom	1	0	0.2	0.28700
binom	1	0.1	0.2	0.32700
binom	1	0.2	0.2	0.27400
binom	1	0.3	0.2	0.25100
binom	1	0.4	0.2	0.25200
binom	1	0.5	0.2	0.22700
binom	1	0.6	0.2	0.24100
binom	1	0.7	0.2	0.25100
binom	1	0.8	0.2	0.22200
binom	1	0.9	0.2	0.21800
