binom	1	0	0	0.00800
binom	1	0.1	0	0.04100
binom	1	0.2	0	0.07200
binom	1	0.3	0	0.10400
binom	1	0.4	0	0.12600
binom	1	0.5	0	0.13500
binom	1	0.6	0	0.15200
binom	1	0.7	0	0.14600
binom	1	0.8	0	0.17300
binom	1	0.9	0	0.14800
binom	1	0	0.05	0.11600
binom	1	0.1	0.05	0.07800
binom	1	0.2	0.05	0.10000
binom	1	0.3	0.05	0.13400
binom	1	0.4	0.05	0.16100
binom	1	0.5	0.05	0.17500
binom	1	0.6	0.05	0.16000
binom	1	0.7	0.05	0.14700
binom	1	0.8	0.05	0.15800
binom	1	0.9	0.05	0.14600
binom	1	0	0.1	0.17200
binom	1	0.1	0.1	0.15800
binom	1	0.2	0.1	0.14100
binom	1	0.3	0.1	0.14600
binom	1	0.4	0.1	0.16400
binom	1	0.5	0.1	0.20000
binom	1	0.6	0.1	0.19100
binom	1	0.7	0.1	0.16000
binom	1	0.8	0.1	0.20800
binom	1	0.9	0.1	0.16800
binom	1	0	0.2	0.28800
binom	1	0.1	0.2	0.30600
binom	1	0.2	0.2	0.27900
binom	1	0.3	0.2	0.26900
binom	1	0.4	0.2	0.21900
binom	1	0.5	0.2	0.19700
binom	1	0.6	0.2	0.22700
binom	1	0.7	0.2	0.24100
binom	1	0.8	0.2	0.22000
binom	1	0.9	0.2	0.19400
