binom	1	0	0	0.01100
binom	1	0.1	0	0.04100
binom	1	0.2	0	0.06900
binom	1	0.3	0	0.11200
binom	1	0.4	0	0.11100
binom	1	0.5	0	0.12400
binom	1	0.6	0	0.14800
binom	1	0.7	0	0.17100
binom	1	0.8	0	0.13900
binom	1	0.9	0	0.11500
binom	1	0	0.05	0.08900
binom	1	0.1	0.05	0.09700
binom	1	0.2	0.05	0.11800
binom	1	0.3	0.05	0.13200
binom	1	0.4	0.05	0.16200
binom	1	0.5	0.05	0.16700
binom	1	0.6	0.05	0.15400
binom	1	0.7	0.05	0.17500
binom	1	0.8	0.05	0.17600
binom	1	0.9	0.05	0.14600
binom	1	0	0.1	0.16200
binom	1	0.1	0.1	0.16300
binom	1	0.2	0.1	0.14600
binom	1	0.3	0.1	0.14900
binom	1	0.4	0.1	0.18100
binom	1	0.5	0.1	0.18900
binom	1	0.6	0.1	0.18200
binom	1	0.7	0.1	0.18100
binom	1	0.8	0.1	0.19300
binom	1	0.9	0.1	0.16900
binom	1	0	0.2	0.29100
binom	1	0.1	0.2	0.30300
binom	1	0.2	0.2	0.25600
binom	1	0.3	0.2	0.22900
binom	1	0.4	0.2	0.22500
binom	1	0.5	0.2	0.21200
binom	1	0.6	0.2	0.25000
binom	1	0.7	0.2	0.24600
binom	1	0.8	0.2	0.19700
binom	1	0.9	0.2	0.24900
