binom	1	0	0	0.01000
binom	1	0.1	0	0.03800
binom	1	0.2	0	0.08600
binom	1	0.3	0	0.09400
binom	1	0.4	0	0.14200
binom	1	0.5	0	0.14500
binom	1	0.6	0	0.14500
binom	1	0.7	0	0.14000
binom	1	0.8	0	0.12300
binom	1	0.9	0	0.12900
binom	1	0	0.05	0.10000
binom	1	0.1	0.05	0.09600
binom	1	0.2	0.05	0.12800
binom	1	0.3	0.05	0.14000
binom	1	0.4	0.05	0.18400
binom	1	0.5	0.05	0.15500
binom	1	0.6	0.05	0.18500
binom	1	0.7	0.05	0.16500
binom	1	0.8	0.05	0.17000
binom	1	0.9	0.05	0.16400
binom	1	0	0.1	0.18400
binom	1	0.1	0.1	0.16400
binom	1	0.2	0.1	0.16400
binom	1	0.3	0.1	0.17100
binom	1	0.4	0.1	0.17200
binom	1	0.5	0.1	0.21100
binom	1	0.6	0.1	0.21100
binom	1	0.7	0.1	0.20300
binom	1	0.8	0.1	0.19000
binom	1	0.9	0.1	0.17800
binom	1	0	0.2	0.30100
binom	1	0.1	0.2	0.32000
binom	1	0.2	0.2	0.28100
binom	1	0.3	0.2	0.25500
binom	1	0.4	0.2	0.23200
binom	1	0.5	0.2	0.23800
binom	1	0.6	0.2	0.23900
binom	1	0.7	0.2	0.21200
binom	1	0.8	0.2	0.21100
binom	1	0.9	0.2	0.20800
