binom	1	0	0	0.00800
binom	1	0.1	0	0.04800
binom	1	0.2	0	0.08000
binom	1	0.3	0	0.09400
binom	1	0.4	0	0.11700
binom	1	0.5	0	0.14800
binom	1	0.6	0	0.14100
binom	1	0.7	0	0.19000
binom	1	0.8	0	0.15200
binom	1	0.9	0	0.14100
binom	1	0	0.05	0.09800
binom	1	0.1	0.05	0.09200
binom	1	0.2	0.05	0.13000
binom	1	0.3	0.05	0.13900
binom	1	0.4	0.05	0.16300
binom	1	0.5	0.05	0.14900
binom	1	0.6	0.05	0.17900
binom	1	0.7	0.05	0.16800
binom	1	0.8	0.05	0.15600
binom	1	0.9	0.05	0.16100
binom	1	0	0.1	0.16200
binom	1	0.1	0.1	0.16900
binom	1	0.2	0.1	0.15000
binom	1	0.3	0.1	0.16000
binom	1	0.4	0.1	0.17800
binom	1	0.5	0.1	0.16900
binom	1	0.6	0.1	0.20800
binom	1	0.7	0.1	0.19200
binom	1	0.8	0.1	0.16800
binom	1	0.9	0.1	0.14500
binom	1	0	0.2	0.29600
binom	1	0.1	0.2	0.31800
binom	1	0.2	0.2	0.27200
binom	1	0.3	0.2	0.24800
binom	1	0.4	0.2	0.21700
binom	1	0.5	0.2	0.24200
binom	1	0.6	0.2	0.23200
binom	1	0.7	0.2	0.20500
binom	1	0.8	0.2	0.21300
binom	1	0.9	0.2	0.23300
