binom	1	0	0	0.00800
binom	1	0.1	0	0.04000
binom	1	0.2	0	0.09100
binom	1	0.3	0	0.10700
binom	1	0.4	0	0.10900
binom	1	0.5	0	0.14400
binom	1	0.6	0	0.15400
binom	1	0.7	0	0.14400
binom	1	0.8	0	0.15300
binom	1	0.9	0	0.14100
binom	1	0	0.05	0.09700
binom	1	0.1	0.05	0.09400
binom	1	0.2	0.05	0.12200
binom	1	0.3	0.05	0.12300
binom	1	0.4	0.05	0.15400
binom	1	0.5	0.05	0.15300
binom	1	0.6	0.05	0.16100
binom	1	0.7	0.05	0.18400
binom	1	0.8	0.05	0.18000
binom	1	0.9	0.05	0.16900
binom	1	0	0.1	0.17900
binom	1	0.1	0.1	0.16500
binom	1	0.2	0.1	0.13900
binom	1	0.3	0.1	0.16800
binom	1	0.4	0.1	0.15600
binom	1	0.5	0.1	0.17300
binom	1	0.6	0.1	0.19900
binom	1	0.7	0.1	0.20600
binom	1	0.8	0.1	0.18100
binom	1	0.9	0.1	0.16500
binom	1	0	0.2	0.29100
binom	1	0.1	0.2	0.26600
binom	1	0.2	0.2	0.31000
binom	1	0.3	0.2	0.21200
binom	1	0.4	0.2	0.22400
binom	1	0.5	0.2	0.22900
binom	1	0.6	0.2	0.23600
binom	1	0.7	0.2	0.22000
binom	1	0.8	0.2	0.21900
binom	1	0.9	0.2	0.23900
