binom	1	0	0	0.00900
binom	1	0.1	0	0.04600
binom	1	0.2	0	0.08300
binom	1	0.3	0	0.09400
binom	1	0.4	0	0.12700
binom	1	0.5	0	0.13800
binom	1	0.6	0	0.14200
binom	1	0.7	0	0.13500
binom	1	0.8	0	0.13100
binom	1	0.9	0	0.11200
binom	1	0	0.05	0.10200
binom	1	0.1	0.05	0.08600
binom	1	0.2	0.05	0.11500
binom	1	0.3	0.05	0.12900
binom	1	0.4	0.05	0.18400
binom	1	0.5	0.05	0.15500
binom	1	0.6	0.05	0.18000
binom	1	0.7	0.05	0.17100
binom	1	0.8	0.05	0.17300
binom	1	0.9	0.05	0.18700
binom	1	0	0.1	0.17200
binom	1	0.1	0.1	0.15500
binom	1	0.2	0.1	0.13100
binom	1	0.3	0.1	0.15600
binom	1	0.4	0.1	0.17600
binom	1	0.5	0.1	0.19500
binom	1	0.6	0.1	0.19400
binom	1	0.7	0.1	0.18400
binom	1	0.8	0.1	0.18900
binom	1	0.9	0.1	0.16200
binom	1	0	0.2	0.30600
binom	1	0.1	0.2	0.27100
binom	1	0.2	0.2	0.29800
binom	1	0.3	0.2	0.25500
binom	1	0.4	0.2	0.21600
binom	1	0.5	0.2	0.22600
binom	1	0.6	0.2	0.22100
binom	1	0.7	0.2	0.23500
binom	1	0.8	0.2	0.23800
binom	1	0.9	0.2	0.20100
