binom	1	0	0	0.00500
binom	1	0.1	0	0.04900
binom	1	0.2	0	0.08300
binom	1	0.3	0	0.10200
binom	1	0.4	0	0.14000
binom	1	0.5	0	0.14600
binom	1	0.6	0	0.14100
binom	1	0.7	0	0.14600
binom	1	0.8	0	0.14400
binom	1	0.9	0	0.14600
binom	1	0	0.05	0.07300
binom	1	0.1	0.05	0.09600
binom	1	0.2	0.05	0.11200
binom	1	0.3	0.05	0.14300
binom	1	0.4	0.05	0.14700
binom	1	0.5	0.05	0.15500
binom	1	0.6	0.05	0.16100
binom	1	0.7	0.05	0.17700
binom	1	0.8	0.05	0.17800
binom	1	0.9	0.05	0.14900
binom	1	0	0.1	0.16700
binom	1	0.1	0.1	0.16400
binom	1	0.2	0.1	0.14000
binom	1	0.3	0.1	0.15700
binom	1	0.4	0.1	0.18000
binom	1	0.5	0.1	0.15500
binom	1	0.6	0.1	0.19200
binom	1	0.7	0.1	0.17900
binom	1	0.8	0.1	0.17400
binom	1	0.9	0.1	0.16700
binom	1	0	0.2	0.31000
binom	1	0.1	0.2	0.29600
binom	1	0.2	0.2	0.27200
binom	1	0.3	0.2	0.21900
binom	1	0.4	0.2	0.23500
binom	1	0.5	0.2	0.21900
binom	1	0.6	0.2	0.21600
binom	1	0.7	0.2	0.21900
binom	1	0.8	0.2	0.23500
binom	1	0.9	0.2	0.21500
