binom	1	0	0	0.01700
binom	1	0.1	0	0.04000
binom	1	0.2	0	0.08200
binom	1	0.3	0	0.09000
binom	1	0.4	0	0.13400
binom	1	0.5	0	0.13700
binom	1	0.6	0	0.13100
binom	1	0.7	0	0.13600
binom	1	0.8	0	0.14000
binom	1	0.9	0	0.12000
binom	1	0	0.05	0.08400
binom	1	0.1	0.05	0.09200
binom	1	0.2	0.05	0.12500
binom	1	0.3	0.05	0.14000
binom	1	0.4	0.05	0.17800
binom	1	0.5	0.05	0.16500
binom	1	0.6	0.05	0.16700
binom	1	0.7	0.05	0.15100
binom	1	0.8	0.05	0.17100
binom	1	0.9	0.05	0.15200
binom	1	0	0.1	0.15600
binom	1	0.1	0.1	0.18000
binom	1	0.2	0.1	0.15100
binom	1	0.3	0.1	0.16300
binom	1	0.4	0.1	0.17800
binom	1	0.5	0.1	0.18000
binom	1	0.6	0.1	0.20800
binom	1	0.7	0.1	0.18300
binom	1	0.8	0.1	0.19300
binom	1	0.9	0.1	0.19300
binom	1	0	0.2	0.30200
binom	1	0.1	0.2	0.28600
binom	1	0.2	0.2	0.27400
binom	1	0.3	0.2	0.23700
binom	1	0.4	0.2	0.23100
binom	1	0.5	0.2	0.24500
binom	1	0.6	0.2	0.24000
binom	1	0.7	0.2	0.21000
binom	1	0.8	0.2	0.24000
binom	1	0.9	0.2	0.19900
