binom	1	0	0	0.01000
binom	1	0.1	0	0.04000
binom	1	0.2	0	0.08600
binom	1	0.3	0	0.12000
binom	1	0.4	0	0.11400
binom	1	0.5	0	0.12500
binom	1	0.6	0	0.15200
binom	1	0.7	0	0.14800
binom	1	0.8	0	0.12900
binom	1	0.9	0	0.11500
binom	1	0	0.05	0.09000
binom	1	0.1	0.05	0.08300
binom	1	0.2	0.05	0.10300
binom	1	0.3	0.05	0.14400
binom	1	0.4	0.05	0.14100
binom	1	0.5	0.05	0.15900
binom	1	0.6	0.05	0.16500
binom	1	0.7	0.05	0.17500
binom	1	0.8	0.05	0.16200
binom	1	0.9	0.05	0.15800
binom	1	0	0.1	0.19000
binom	1	0.1	0.1	0.16300
binom	1	0.2	0.1	0.15100
binom	1	0.3	0.1	0.16800
binom	1	0.4	0.1	0.17400
binom	1	0.5	0.1	0.17900
binom	1	0.6	0.1	0.16700
binom	1	0.7	0.1	0.17400
binom	1	0.8	0.1	0.15600
binom	1	0.9	0.1	0.17200
binom	1	0	0.2	0.28700
binom	1	0.1	0.2	0.30600
binom	1	0.2	0.2	0.25700
binom	1	0.3	0.2	0.23400
binom	1	0.4	0.2	0.23400
binom	1	0.5	0.2	0.21200
binom	1	0.6	0.2	0.22000
binom	1	0.7	0.2	0.23000
binom	1	0.8	0.2	0.24700
binom	1	0.9	0.2	0.23100
