binom	1	0	0	0.01100
binom	1	0.1	0	0.03700
binom	1	0.2	0	0.08300
binom	1	0.3	0	0.09500
binom	1	0.4	0	0.12200
binom	1	0.5	0	0.12700
binom	1	0.6	0	0.14000
binom	1	0.7	0	0.14300
binom	1	0.8	0	0.14400
binom	1	0.9	0	0.12400
binom	1	0	0.05	0.09900
binom	1	0.1	0.05	0.09000
binom	1	0.2	0.05	0.11700
binom	1	0.3	0.05	0.14000
binom	1	0.4	0.05	0.15900
binom	1	0.5	0.05	0.18400
binom	1	0.6	0.05	0.17200
binom	1	0.7	0.05	0.18400
binom	1	0.8	0.05	0.17400
binom	1	0.9	0.05	0.14800
binom	1	0	0.1	0.16400
binom	1	0.1	0.1	0.16700
binom	1	0.2	0.1	0.15700
binom	1	0.3	0.1	0.16600
binom	1	0.4	0.1	0.15000
binom	1	0.5	0.1	0.18500
binom	1	0.6	0.1	0.17300
binom	1	0.7	0.1	0.20600
binom	1	0.8	0.1	0.18200
binom	1	0.9	0.1	0.16600
binom	1	0	0.2	0.30500
binom	1	0.1	0.2	0.28000
binom	1	0.2	0.2	0.30300
binom	1	0.3	0.2	0.24400
binom	1	0.4	0.2	0.22800
binom	1	0.5	0.2	0.22100
binom	1	0.6	0.2	0.22200
binom	1	0.7	0.2	0.22700
binom	1	0.8	0.2	0.23800
binom	1	0.9	0.2	0.21200
