binom	1	0	0	0.00500
binom	1	0.1	0	0.04400
binom	1	0.2	0	0.09400
binom	1	0.3	0	0.09100
binom	1	0.4	0	0.14800
binom	1	0.5	0	0.13200
binom	1	0.6	0	0.15000
binom	1	0.7	0	0.12500
binom	1	0.8	0	0.13900
binom	1	0.9	0	0.13400
binom	1	0	0.05	0.10000
binom	1	0.1	0.05	0.07800
binom	1	0.2	0.05	0.12000
binom	1	0.3	0.05	0.15500
binom	1	0.4	0.05	0.14900
binom	1	0.5	0.05	0.15200
binom	1	0.6	0.05	0.18800
binom	1	0.7	0.05	0.17900
binom	1	0.8	0.05	0.16700
binom	1	0.9	0.05	0.15000
binom	1	0	0.1	0.16600
binom	1	0.1	0.1	0.15900
binom	1	0.2	0.1	0.14900
binom	1	0.3	0.1	0.16500
binom	1	0.4	0.1	0.16700
binom	1	0.5	0.1	0.19500
binom	1	0.6	0.1	0.18900
binom	1	0.7	0.1	0.18400
binom	1	0.8	0.1	0.18100
binom	1	0.9	0.1	0.16400
binom	1	0	0.2	0.29600
binom	1	0.1	0.2	0.27700
binom	1	0.2	0.2	0.28200
binom	1	0.3	0.2	0.25100
binom	1	0.4	0.2	0.22000
binom	1	0.5	0.2	0.24600
binom	1	0.6	0.2	0.23500
binom	1	0.7	0.2	0.24000
binom	1	0.8	0.2	0.20000
binom	1	0.9	0.2	0.19400
