binom	1	0	0	0.00900
binom	1	0.1	0	0.04000
binom	1	0.2	0	0.07500
binom	1	0.3	0	0.09800
binom	1	0.4	0	0.12700
binom	1	0.5	0	0.12100
binom	1	0.6	0	0.15500
binom	1	0.7	0	0.13000
binom	1	0.8	0	0.13600
binom	1	0.9	0	0.13300
binom	1	0	0.05	0.09200
binom	1	0.1	0.05	0.08200
binom	1	0.2	0.05	0.10900
binom	1	0.3	0.05	0.11700
binom	1	0.4	0.05	0.15500
binom	1	0.5	0.05	0.17300
binom	1	0.6	0.05	0.14700
binom	1	0.7	0.05	0.15900
binom	1	0.8	0.05	0.17800
binom	1	0.9	0.05	0.14200
binom	1	0	0.1	0.15600
binom	1	0.1	0.1	0.16700
binom	1	0.2	0.1	0.12900
binom	1	0.3	0.1	0.15800
binom	1	0.4	0.1	0.16800
binom	1	0.5	0.1	0.18500
binom	1	0.6	0.1	0.20400
binom	1	0.7	0.1	0.16500
binom	1	0.8	0.1	0.18700
binom	1	0.9	0.1	0.16700
binom	1	0	0.2	0.29500
binom	1	0.1	0.2	0.30100
binom	1	0.2	0.2	0.27400
binom	1	0.3	0.2	0.22000
binom	1	0.4	0.2	0.23700
binom	1	0.5	0.2	0.21600
binom	1	0.6	0.2	0.22200
binom	1	0.7	0.2	0.22700
binom	1	0.8	0.2	0.23600
binom	1	0.9	0.2	0.22800
