binom	1	0	0	0.00900
binom	1	0.1	0	0.04500
binom	1	0.2	0	0.08100
binom	1	0.3	0	0.10700
binom	1	0.4	0	0.13100
binom	1	0.5	0	0.13400
binom	1	0.6	0	0.13900
binom	1	0.7	0	0.13700
binom	1	0.8	0	0.13900
binom	1	0.9	0	0.12600
binom	1	0	0.05	0.10600
binom	1	0.1	0.05	0.09100
binom	1	0.2	0.05	0.09500
binom	1	0.3	0.05	0.13800
binom	1	0.4	0.05	0.15000
binom	1	0.5	0.05	0.16200
binom	1	0.6	0.05	0.18500
binom	1	0.7	0.05	0.16500
binom	1	0.8	0.05	0.15600
binom	1	0.9	0.05	0.13800
binom	1	0	0.1	0.18700
binom	1	0.1	0.1	0.14800
binom	1	0.2	0.1	0.15300
binom	1	0.3	0.1	0.15300
binom	1	0.4	0.1	0.18100
binom	1	0.5	0.1	0.20000
binom	1	0.6	0.1	0.19300
binom	1	0.7	0.1	0.19000
binom	1	0.8	0.1	0.19700
binom	1	0.9	0.1	0.19100
binom	1	0	0.2	0.31100
binom	1	0.1	0.2	0.29600
binom	1	0.2	0.2	0.28400
binom	1	0.3	0.2	0.24700
binom	1	0.4	0.2	0.22000
binom	1	0.5	0.2	0.24800
binom	1	0.6	0.2	0.23100
binom	1	0.7	0.2	0.24700
binom	1	0.8	0.2	0.22800
binom	1	0.9	0.2	0.20200
