binom	1	0	0	0.01150
binom	1	0.1	0	0.01700
binom	1	0.2	0	0.01150
binom	1	0.3	0	0.01600
binom	1	0.4	0	0.00850
binom	1	0.5	0	0.01500
binom	1	0.6	0	0.00700
binom	1	0.7	0	0.00750
binom	1	0.8	0	0.00450
binom	1	0.9	0	0.00100
binom	1	0	0.05	0.04500
binom	1	0.1	0.05	0.05100
binom	1	0.2	0.05	0.05500
binom	1	0.3	0.05	0.04800
binom	1	0.4	0.05	0.04300
binom	1	0.5	0.05	0.03800
binom	1	0.6	0.05	0.02800
binom	1	0.7	0.05	0.03000
binom	1	0.8	0.05	0.01200
binom	1	0.9	0.05	0.00850
binom	1	0	0.1	0.09900
binom	1	0.1	0.1	0.09550
binom	1	0.2	0.1	0.08900
binom	1	0.3	0.1	0.08300
binom	1	0.4	0.1	0.08050
binom	1	0.5	0.1	0.07350
binom	1	0.6	0.1	0.06000
binom	1	0.7	0.1	0.04250
binom	1	0.8	0.1	0.02500
binom	1	0.9	0.1	0.01950
binom	1	0	0.2	0.17900
binom	1	0.1	0.2	0.15350
binom	1	0.2	0.2	0.14600
binom	1	0.3	0.2	0.15400
binom	1	0.4	0.2	0.14700
binom	1	0.5	0.2	0.14850
binom	1	0.6	0.2	0.14800
binom	1	0.7	0.2	0.11350
binom	1	0.8	0.2	0.09600
binom	1	0.9	0.2	0.07950
