uniform	0.02220
uniform	0.02400
uniform	0.02280
uniform	0.01960
uniform	0.02420
uniform	0.02420
uniform	0.02520
uniform	0.02120
uniform	0.01560
uniform	0.02240
uniform	0.02440
uniform	0.02280
uniform	0.02220
uniform	0.02140
uniform	0.02420
uniform	0.02100
uniform	0.02420
uniform	0.01900
uniform	0.02080
uniform	0.02180
uniform	0.02620
uniform	0.02620
uniform	0.02600
uniform	0.02220
uniform	0.02000
uniform	0.02020
uniform	0.02240
uniform	0.02020
uniform	0.02500
uniform	0.01860
uniform	0.02220
uniform	0.01940
uniform	0.01960
uniform	0.02040
uniform	0.02200
uniform	0.02320
uniform	0.02020
uniform	0.01920
uniform	0.01940
uniform	0.02020
uniform	0.02160
uniform	0.02400
uniform	0.01660
uniform	0.01800
uniform	0.01720
uniform	0.01600
uniform	0.01720
uniform	0.01860
uniform	0.02100
uniform	0.01820
uniform	0.01760
