binom	1	0	0	0.01100
binom	1	0.1	0	0.06200
binom	1	0.2	0	0.08200
binom	1	0.3	0	0.11600
binom	1	0.4	0	0.12600
binom	1	0.5	0	0.12800
binom	1	0.6	0	0.14700
binom	1	0.7	0	0.12500
binom	1	0.8	0	0.15200
binom	1	0.9	0	0.13700
binom	1	0	0.05	0.09200
binom	1	0.1	0.05	0.08700
binom	1	0.2	0.05	0.12900
binom	1	0.3	0.05	0.15000
binom	1	0.4	0.05	0.15600
binom	1	0.5	0.05	0.17600
binom	1	0.6	0.05	0.17900
binom	1	0.7	0.05	0.19100
binom	1	0.8	0.05	0.15200
binom	1	0.9	0.05	0.14200
binom	1	0	0.1	0.16200
binom	1	0.1	0.1	0.15600
binom	1	0.2	0.1	0.14300
binom	1	0.3	0.1	0.16400
binom	1	0.4	0.1	0.18200
binom	1	0.5	0.1	0.19600
binom	1	0.6	0.1	0.22300
binom	1	0.7	0.1	0.17300
binom	1	0.8	0.1	0.18800
binom	1	0.9	0.1	0.16500
binom	1	0	0.2	0.30300
binom	1	0.1	0.2	0.29100
binom	1	0.2	0.2	0.29700
binom	1	0.3	0.2	0.22200
binom	1	0.4	0.2	0.20800
binom	1	0.5	0.2	0.23000
binom	1	0.6	0.2	0.22900
binom	1	0.7	0.2	0.23900
binom	1	0.8	0.2	0.24300
binom	1	0.9	0.2	0.23500
