binom	1	0	0	0.01100
binom	1	0.1	0	0.03300
binom	1	0.2	0	0.07000
binom	1	0.3	0	0.11400
binom	1	0.4	0	0.11400
binom	1	0.5	0	0.13000
binom	1	0.6	0	0.14800
binom	1	0.7	0	0.14400
binom	1	0.8	0	0.14000
binom	1	0.9	0	0.13400
binom	1	0	0.05	0.09600
binom	1	0.1	0.05	0.06900
binom	1	0.2	0.05	0.10200
binom	1	0.3	0.05	0.14000
binom	1	0.4	0.05	0.14200
binom	1	0.5	0.05	0.16100
binom	1	0.6	0.05	0.18300
binom	1	0.7	0.05	0.17500
binom	1	0.8	0.05	0.15000
binom	1	0.9	0.05	0.15600
binom	1	0	0.1	0.17100
binom	1	0.1	0.1	0.16500
binom	1	0.2	0.1	0.12300
binom	1	0.3	0.1	0.15500
binom	1	0.4	0.1	0.17100
binom	1	0.5	0.1	0.19900
binom	1	0.6	0.1	0.19700
binom	1	0.7	0.1	0.20200
binom	1	0.8	0.1	0.18100
binom	1	0.9	0.1	0.17100
binom	1	0	0.2	0.32600
binom	1	0.1	0.2	0.27000
binom	1	0.2	0.2	0.24600
binom	1	0.3	0.2	0.25800
binom	1	0.4	0.2	0.24400
binom	1	0.5	0.2	0.25000
binom	1	0.6	0.2	0.22300
binom	1	0.7	0.2	0.24700
binom	1	0.8	0.2	0.23000
binom	1	0.9	0.2	0.21200
