binom	1	0	0	0.00700
binom	1	0.1	0	0.04000
binom	1	0.2	0	0.07700
binom	1	0.3	0	0.11700
binom	1	0.4	0	0.11900
binom	1	0.5	0	0.13600
binom	1	0.6	0	0.13400
binom	1	0.7	0	0.15700
binom	1	0.8	0	0.13800
binom	1	0.9	0	0.13500
binom	1	0	0.05	0.09800
binom	1	0.1	0.05	0.08900
binom	1	0.2	0.05	0.11900
binom	1	0.3	0.05	0.13500
binom	1	0.4	0.05	0.14000
binom	1	0.5	0.05	0.17200
binom	1	0.6	0.05	0.17000
binom	1	0.7	0.05	0.17000
binom	1	0.8	0.05	0.16900
binom	1	0.9	0.05	0.14200
binom	1	0	0.1	0.15900
binom	1	0.1	0.1	0.15100
binom	1	0.2	0.1	0.13900
binom	1	0.3	0.1	0.17600
binom	1	0.4	0.1	0.16600
binom	1	0.5	0.1	0.17200
binom	1	0.6	0.1	0.19600
binom	1	0.7	0.1	0.19900
binom	1	0.8	0.1	0.16800
binom	1	0.9	0.1	0.18200
binom	1	0	0.2	0.33200
binom	1	0.1	0.2	0.31200
binom	1	0.2	0.2	0.27400
binom	1	0.3	0.2	0.24800
binom	1	0.4	0.2	0.21300
binom	1	0.5	0.2	0.20900
binom	1	0.6	0.2	0.23100
binom	1	0.7	0.2	0.21700
binom	1	0.8	0.2	0.23700
binom	1	0.9	0.2	0.20800
