binom	1	0	0	0.00800
binom	1	0.1	0	0.05300
binom	1	0.2	0	0.08700
binom	1	0.3	0	0.09300
binom	1	0.4	0	0.13900
binom	1	0.5	0	0.11100
binom	1	0.6	0	0.15800
binom	1	0.7	0	0.16600
binom	1	0.8	0	0.13200
binom	1	0.9	0	0.13700
binom	1	0	0.05	0.09800
binom	1	0.1	0.05	0.08800
binom	1	0.2	0.05	0.12500
binom	1	0.3	0.05	0.13100
binom	1	0.4	0.05	0.14200
binom	1	0.5	0.05	0.14300
binom	1	0.6	0.05	0.16600
binom	1	0.7	0.05	0.17000
binom	1	0.8	0.05	0.16800
binom	1	0.9	0.05	0.17000
binom	1	0	0.1	0.17200
binom	1	0.1	0.1	0.14600
binom	1	0.2	0.1	0.15000
binom	1	0.3	0.1	0.15000
binom	1	0.4	0.1	0.18200
binom	1	0.5	0.1	0.18400
binom	1	0.6	0.1	0.19400
binom	1	0.7	0.1	0.18900
binom	1	0.8	0.1	0.19400
binom	1	0.9	0.1	0.15900
binom	1	0	0.2	0.30700
binom	1	0.1	0.2	0.30100
binom	1	0.2	0.2	0.27500
binom	1	0.3	0.2	0.27100
binom	1	0.4	0.2	0.22700
binom	1	0.5	0.2	0.22600
binom	1	0.6	0.2	0.21100
binom	1	0.7	0.2	0.23100
binom	1	0.8	0.2	0.22400
binom	1	0.9	0.2	0.23400
