binom	1	0	0	0.00900
binom	1	0.1	0	0.05000
binom	1	0.2	0	0.07900
binom	1	0.3	0	0.10300
binom	1	0.4	0	0.13000
binom	1	0.5	0	0.13800
binom	1	0.6	0	0.13600
binom	1	0.7	0	0.15800
binom	1	0.8	0	0.14900
binom	1	0.9	0	0.12900
binom	1	0	0.05	0.08600
binom	1	0.1	0.05	0.10000
binom	1	0.2	0.05	0.11700
binom	1	0.3	0.05	0.14800
binom	1	0.4	0.05	0.13400
binom	1	0.5	0.05	0.16900
binom	1	0.6	0.05	0.16900
binom	1	0.7	0.05	0.13800
binom	1	0.8	0.05	0.17800
binom	1	0.9	0.05	0.15300
binom	1	0	0.1	0.19200
binom	1	0.1	0.1	0.16800
binom	1	0.2	0.1	0.14300
binom	1	0.3	0.1	0.14300
binom	1	0.4	0.1	0.19400
binom	1	0.5	0.1	0.19500
binom	1	0.6	0.1	0.18000
binom	1	0.7	0.1	0.18000
binom	1	0.8	0.1	0.18400
binom	1	0.9	0.1	0.18000
binom	1	0	0.2	0.29700
binom	1	0.1	0.2	0.30200
binom	1	0.2	0.2	0.28600
binom	1	0.3	0.2	0.23000
binom	1	0.4	0.2	0.22200
binom	1	0.5	0.2	0.24500
binom	1	0.6	0.2	0.22500
binom	1	0.7	0.2	0.23400
binom	1	0.8	0.2	0.23400
binom	1	0.9	0.2	0.22700
