binom	1	0	0	0.01100
binom	1	0.1	0	0.05300
binom	1	0.2	0	0.06500
binom	1	0.3	0	0.10200
binom	1	0.4	0	0.12000
binom	1	0.5	0	0.13500
binom	1	0.6	0	0.14500
binom	1	0.7	0	0.13400
binom	1	0.8	0	0.13500
binom	1	0.9	0	0.11000
binom	1	0	0.05	0.08900
binom	1	0.1	0.05	0.09000
binom	1	0.2	0.05	0.10000
binom	1	0.3	0.05	0.13200
binom	1	0.4	0.05	0.15200
binom	1	0.5	0.05	0.17000
binom	1	0.6	0.05	0.15800
binom	1	0.7	0.05	0.19600
binom	1	0.8	0.05	0.17100
binom	1	0.9	0.05	0.14900
binom	1	0	0.1	0.16900
binom	1	0.1	0.1	0.16000
binom	1	0.2	0.1	0.16400
binom	1	0.3	0.1	0.15300
binom	1	0.4	0.1	0.17400
binom	1	0.5	0.1	0.21500
binom	1	0.6	0.1	0.20500
binom	1	0.7	0.1	0.20200
binom	1	0.8	0.1	0.17700
binom	1	0.9	0.1	0.15800
binom	1	0	0.2	0.28100
binom	1	0.1	0.2	0.29700
binom	1	0.2	0.2	0.26200
binom	1	0.3	0.2	0.22700
binom	1	0.4	0.2	0.22700
binom	1	0.5	0.2	0.23300
binom	1	0.6	0.2	0.22300
binom	1	0.7	0.2	0.23500
binom	1	0.8	0.2	0.21100
binom	1	0.9	0.2	0.23100
