binom	1	0	0	0.01000
binom	1	0.1	0	0.04500
binom	1	0.2	0	0.07500
binom	1	0.3	0	0.12400
binom	1	0.4	0	0.13400
binom	1	0.5	0	0.14000
binom	1	0.6	0	0.15400
binom	1	0.7	0	0.14900
binom	1	0.8	0	0.13600
binom	1	0.9	0	0.13300
binom	1	0	0.05	0.09900
binom	1	0.1	0.05	0.08300
binom	1	0.2	0.05	0.12400
binom	1	0.3	0.05	0.14400
binom	1	0.4	0.05	0.16300
binom	1	0.5	0.05	0.18600
binom	1	0.6	0.05	0.18000
binom	1	0.7	0.05	0.17000
binom	1	0.8	0.05	0.16100
binom	1	0.9	0.05	0.16100
binom	1	0	0.1	0.19600
binom	1	0.1	0.1	0.17500
binom	1	0.2	0.1	0.12100
binom	1	0.3	0.1	0.16300
binom	1	0.4	0.1	0.16600
binom	1	0.5	0.1	0.18400
binom	1	0.6	0.1	0.19400
binom	1	0.7	0.1	0.20000
binom	1	0.8	0.1	0.18200
binom	1	0.9	0.1	0.17400
binom	1	0	0.2	0.30100
binom	1	0.1	0.2	0.29300
binom	1	0.2	0.2	0.30000
binom	1	0.3	0.2	0.23500
binom	1	0.4	0.2	0.22100
binom	1	0.5	0.2	0.25100
binom	1	0.6	0.2	0.21300
binom	1	0.7	0.2	0.22600
binom	1	0.8	0.2	0.22300
binom	1	0.9	0.2	0.21900
