binom	1	0	0	0.00600
binom	1	0.1	0	0.02900
binom	1	0.2	0	0.07400
binom	1	0.3	0	0.11700
binom	1	0.4	0	0.13000
binom	1	0.5	0	0.14500
binom	1	0.6	0	0.13400
binom	1	0.7	0	0.15700
binom	1	0.8	0	0.14700
binom	1	0.9	0	0.12700
binom	1	0	0.05	0.09200
binom	1	0.1	0.05	0.08900
binom	1	0.2	0.05	0.11800
binom	1	0.3	0.05	0.13000
binom	1	0.4	0.05	0.15500
binom	1	0.5	0.05	0.14600
binom	1	0.6	0.05	0.16200
binom	1	0.7	0.05	0.17900
binom	1	0.8	0.05	0.16600
binom	1	0.9	0.05	0.17400
binom	1	0	0.1	0.17700
binom	1	0.1	0.1	0.15200
binom	1	0.2	0.1	0.13900
binom	1	0.3	0.1	0.15900
binom	1	0.4	0.1	0.18800
binom	1	0.5	0.1	0.19900
binom	1	0.6	0.1	0.20100
binom	1	0.7	0.1	0.20100
binom	1	0.8	0.1	0.19900
binom	1	0.9	0.1	0.18000
binom	1	0	0.2	0.31600
binom	1	0.1	0.2	0.28200
binom	1	0.2	0.2	0.28100
binom	1	0.3	0.2	0.24600
binom	1	0.4	0.2	0.22400
binom	1	0.5	0.2	0.23100
binom	1	0.6	0.2	0.24800
binom	1	0.7	0.2	0.22600
binom	1	0.8	0.2	0.21000
binom	1	0.9	0.2	0.20200
