binom	1	0	0	0.00200
binom	1	0.1	0	0.05200
binom	1	0.2	0	0.06600
binom	1	0.3	0	0.10200
binom	1	0.4	0	0.13400
binom	1	0.5	0	0.14100
binom	1	0.6	0	0.15200
binom	1	0.7	0	0.15200
binom	1	0.8	0	0.12800
binom	1	0.9	0	0.11500
binom	1	0	0.05	0.09000
binom	1	0.1	0.05	0.08300
binom	1	0.2	0.05	0.11700
binom	1	0.3	0.05	0.13300
binom	1	0.4	0.05	0.15400
binom	1	0.5	0.05	0.16100
binom	1	0.6	0.05	0.15000
binom	1	0.7	0.05	0.17700
binom	1	0.8	0.05	0.17200
binom	1	0.9	0.05	0.15000
binom	1	0	0.1	0.16100
binom	1	0.1	0.1	0.15700
binom	1	0.2	0.1	0.15500
binom	1	0.3	0.1	0.15300
binom	1	0.4	0.1	0.18700
binom	1	0.5	0.1	0.19700
binom	1	0.6	0.1	0.19000
binom	1	0.7	0.1	0.18500
binom	1	0.8	0.1	0.20000
binom	1	0.9	0.1	0.19200
binom	1	0	0.2	0.29800
binom	1	0.1	0.2	0.28100
binom	1	0.2	0.2	0.28400
binom	1	0.3	0.2	0.25700
binom	1	0.4	0.2	0.19000
binom	1	0.5	0.2	0.23600
binom	1	0.6	0.2	0.22600
binom	1	0.7	0.2	0.20000
binom	1	0.8	0.2	0.21800
binom	1	0.9	0.2	0.20400
