binom	1	0	0	0.01000
binom	1	0.1	0	0.04700
binom	1	0.2	0	0.08100
binom	1	0.3	0	0.11200
binom	1	0.4	0	0.12000
binom	1	0.5	0	0.13400
binom	1	0.6	0	0.16400
binom	1	0.7	0	0.15200
binom	1	0.8	0	0.14300
binom	1	0.9	0	0.12400
binom	1	0	0.05	0.08900
binom	1	0.1	0.05	0.08500
binom	1	0.2	0.05	0.10900
binom	1	0.3	0.05	0.12600
binom	1	0.4	0.05	0.16200
binom	1	0.5	0.05	0.16300
binom	1	0.6	0.05	0.17600
binom	1	0.7	0.05	0.13500
binom	1	0.8	0.05	0.14800
binom	1	0.9	0.05	0.15800
binom	1	0	0.1	0.16000
binom	1	0.1	0.1	0.17400
binom	1	0.2	0.1	0.17600
binom	1	0.3	0.1	0.17000
binom	1	0.4	0.1	0.18900
binom	1	0.5	0.1	0.17700
binom	1	0.6	0.1	0.17700
binom	1	0.7	0.1	0.18000
binom	1	0.8	0.1	0.19000
binom	1	0.9	0.1	0.16300
binom	1	0	0.2	0.31300
binom	1	0.1	0.2	0.32100
binom	1	0.2	0.2	0.27600
binom	1	0.3	0.2	0.23500
binom	1	0.4	0.2	0.21900
binom	1	0.5	0.2	0.21400
binom	1	0.6	0.2	0.21400
binom	1	0.7	0.2	0.23600
binom	1	0.8	0.2	0.25000
binom	1	0.9	0.2	0.20200
