binom	1	0	0	0.00900
binom	1	0.1	0	0.03800
binom	1	0.2	0	0.08200
binom	1	0.3	0	0.09400
binom	1	0.4	0	0.12100
binom	1	0.5	0	0.14500
binom	1	0.6	0	0.15100
binom	1	0.7	0	0.14800
binom	1	0.8	0	0.13800
binom	1	0.9	0	0.13400
binom	1	0	0.05	0.08900
binom	1	0.1	0.05	0.08900
binom	1	0.2	0.05	0.09500
binom	1	0.3	0.05	0.14500
binom	1	0.4	0.05	0.14700
binom	1	0.5	0.05	0.15000
binom	1	0.6	0.05	0.15200
binom	1	0.7	0.05	0.16500
binom	1	0.8	0.05	0.16000
binom	1	0.9	0.05	0.15300
binom	1	0	0.1	0.15400
binom	1	0.1	0.1	0.14400
binom	1	0.2	0.1	0.15900
binom	1	0.3	0.1	0.15600
binom	1	0.4	0.1	0.19000
binom	1	0.5	0.1	0.17100
binom	1	0.6	0.1	0.17900
binom	1	0.7	0.1	0.19700
binom	1	0.8	0.1	0.19600
binom	1	0.9	0.1	0.16800
binom	1	0	0.2	0.31100
binom	1	0.1	0.2	0.29500
binom	1	0.2	0.2	0.26500
binom	1	0.3	0.2	0.23000
binom	1	0.4	0.2	0.21400
binom	1	0.5	0.2	0.22500
binom	1	0.6	0.2	0.23700
binom	1	0.7	0.2	0.22500
binom	1	0.8	0.2	0.22900
binom	1	0.9	0.2	0.20700
