binom	1	0	0	0.01300
binom	1	0.1	0	0.04100
binom	1	0.2	0	0.06900
binom	1	0.3	0	0.10400
binom	1	0.4	0	0.10500
binom	1	0.5	0	0.15300
binom	1	0.6	0	0.14000
binom	1	0.7	0	0.14700
binom	1	0.8	0	0.13300
binom	1	0.9	0	0.15500
binom	1	0	0.05	0.09000
binom	1	0.1	0.05	0.08600
binom	1	0.2	0.05	0.11500
binom	1	0.3	0.05	0.15200
binom	1	0.4	0.05	0.15600
binom	1	0.5	0.05	0.17300
binom	1	0.6	0.05	0.16700
binom	1	0.7	0.05	0.17500
binom	1	0.8	0.05	0.16700
binom	1	0.9	0.05	0.13800
binom	1	0	0.1	0.16700
binom	1	0.1	0.1	0.16200
binom	1	0.2	0.1	0.13800
binom	1	0.3	0.1	0.14800
binom	1	0.4	0.1	0.17300
binom	1	0.5	0.1	0.19400
binom	1	0.6	0.1	0.16800
binom	1	0.7	0.1	0.18200
binom	1	0.8	0.1	0.19800
binom	1	0.9	0.1	0.19900
binom	1	0	0.2	0.28200
binom	1	0.1	0.2	0.29700
binom	1	0.2	0.2	0.27800
binom	1	0.3	0.2	0.24100
binom	1	0.4	0.2	0.22400
binom	1	0.5	0.2	0.23200
binom	1	0.6	0.2	0.22000
binom	1	0.7	0.2	0.21600
binom	1	0.8	0.2	0.22700
binom	1	0.9	0.2	0.18800
