binom	1	0	0	0.01000
binom	1	0.1	0	0.04200
binom	1	0.2	0	0.09900
binom	1	0.3	0	0.09200
binom	1	0.4	0	0.12700
binom	1	0.5	0	0.13500
binom	1	0.6	0	0.14600
binom	1	0.7	0	0.14900
binom	1	0.8	0	0.14900
binom	1	0.9	0	0.12800
binom	1	0	0.05	0.10200
binom	1	0.1	0.05	0.09000
binom	1	0.2	0.05	0.11500
binom	1	0.3	0.05	0.12600
binom	1	0.4	0.05	0.17100
binom	1	0.5	0.05	0.14300
binom	1	0.6	0.05	0.17100
binom	1	0.7	0.05	0.16200
binom	1	0.8	0.05	0.14500
binom	1	0.9	0.05	0.14700
binom	1	0	0.1	0.20400
binom	1	0.1	0.1	0.16100
binom	1	0.2	0.1	0.15900
binom	1	0.3	0.1	0.16600
binom	1	0.4	0.1	0.17200
binom	1	0.5	0.1	0.18200
binom	1	0.6	0.1	0.20400
binom	1	0.7	0.1	0.18000
binom	1	0.8	0.1	0.19700
binom	1	0.9	0.1	0.15200
binom	1	0	0.2	0.29200
binom	1	0.1	0.2	0.29500
binom	1	0.2	0.2	0.27300
binom	1	0.3	0.2	0.24900
binom	1	0.4	0.2	0.21300
binom	1	0.5	0.2	0.20900
binom	1	0.6	0.2	0.24100
binom	1	0.7	0.2	0.23000
binom	1	0.8	0.2	0.24100
binom	1	0.9	0.2	0.20400
