binom	1	0	0	0.01300
binom	1	0.1	0	0.04700
binom	1	0.2	0	0.07200
binom	1	0.3	0	0.10300
binom	1	0.4	0	0.13200
binom	1	0.5	0	0.13500
binom	1	0.6	0	0.16400
binom	1	0.7	0	0.14400
binom	1	0.8	0	0.14400
binom	1	0.9	0	0.15000
binom	1	0	0.05	0.08500
binom	1	0.1	0.05	0.09700
binom	1	0.2	0.05	0.10600
binom	1	0.3	0.05	0.12100
binom	1	0.4	0.05	0.15200
binom	1	0.5	0.05	0.15300
binom	1	0.6	0.05	0.16000
binom	1	0.7	0.05	0.18500
binom	1	0.8	0.05	0.17100
binom	1	0.9	0.05	0.15000
binom	1	0	0.1	0.15800
binom	1	0.1	0.1	0.15500
binom	1	0.2	0.1	0.15200
binom	1	0.3	0.1	0.15200
binom	1	0.4	0.1	0.15800
binom	1	0.5	0.1	0.15300
binom	1	0.6	0.1	0.19900
binom	1	0.7	0.1	0.19600
binom	1	0.8	0.1	0.19400
binom	1	0.9	0.1	0.17800
binom	1	0	0.2	0.32000
binom	1	0.1	0.2	0.29400
binom	1	0.2	0.2	0.25000
binom	1	0.3	0.2	0.24600
binom	1	0.4	0.2	0.24300
binom	1	0.5	0.2	0.23500
binom	1	0.6	0.2	0.22900
binom	1	0.7	0.2	0.23500
binom	1	0.8	0.2	0.24200
binom	1	0.9	0.2	0.20900
