binom	1	0	0	0.00700
binom	1	0.1	0	0.04300
binom	1	0.2	0	0.05900
binom	1	0.3	0	0.10600
binom	1	0.4	0	0.13400
binom	1	0.5	0	0.13000
binom	1	0.6	0	0.12700
binom	1	0.7	0	0.16100
binom	1	0.8	0	0.14900
binom	1	0.9	0	0.13900
binom	1	0	0.05	0.08300
binom	1	0.1	0.05	0.07600
binom	1	0.2	0.05	0.11900
binom	1	0.3	0.05	0.13300
binom	1	0.4	0.05	0.15400
binom	1	0.5	0.05	0.16700
binom	1	0.6	0.05	0.18500
binom	1	0.7	0.05	0.15500
binom	1	0.8	0.05	0.19000
binom	1	0.9	0.05	0.14800
binom	1	0	0.1	0.15800
binom	1	0.1	0.1	0.14600
binom	1	0.2	0.1	0.14700
binom	1	0.3	0.1	0.15700
binom	1	0.4	0.1	0.17300
binom	1	0.5	0.1	0.16300
binom	1	0.6	0.1	0.20000
binom	1	0.7	0.1	0.20700
binom	1	0.8	0.1	0.17400
binom	1	0.9	0.1	0.15900
binom	1	0	0.2	0.28200
binom	1	0.1	0.2	0.29300
binom	1	0.2	0.2	0.27000
binom	1	0.3	0.2	0.25500
binom	1	0.4	0.2	0.22200
binom	1	0.5	0.2	0.21300
binom	1	0.6	0.2	0.24900
binom	1	0.7	0.2	0.22100
binom	1	0.8	0.2	0.22300
binom	1	0.9	0.2	0.21900
