binom	1	0	0	0.00600
binom	1	0.1	0	0.04000
binom	1	0.2	0	0.09300
binom	1	0.3	0	0.13100
binom	1	0.4	0	0.12700
binom	1	0.5	0	0.14200
binom	1	0.6	0	0.14500
binom	1	0.7	0	0.12200
binom	1	0.8	0	0.14900
binom	1	0.9	0	0.13000
binom	1	0	0.05	0.09200
binom	1	0.1	0.05	0.09800
binom	1	0.2	0.05	0.10300
binom	1	0.3	0.05	0.13600
binom	1	0.4	0.05	0.14900
binom	1	0.5	0.05	0.14400
binom	1	0.6	0.05	0.14300
binom	1	0.7	0.05	0.19800
binom	1	0.8	0.05	0.17700
binom	1	0.9	0.05	0.15000
binom	1	0	0.1	0.16500
binom	1	0.1	0.1	0.15700
binom	1	0.2	0.1	0.15000
binom	1	0.3	0.1	0.16200
binom	1	0.4	0.1	0.16300
binom	1	0.5	0.1	0.20000
binom	1	0.6	0.1	0.19300
binom	1	0.7	0.1	0.18800
binom	1	0.8	0.1	0.17500
binom	1	0.9	0.1	0.20800
binom	1	0	0.2	0.29000
binom	1	0.1	0.2	0.27700
binom	1	0.2	0.2	0.26100
binom	1	0.3	0.2	0.26100
binom	1	0.4	0.2	0.23600
binom	1	0.5	0.2	0.23000
binom	1	0.6	0.2	0.21800
binom	1	0.7	0.2	0.21700
binom	1	0.8	0.2	0.22600
binom	1	0.9	0.2	0.20500
