binom	1	0	0	0.01000
binom	1	0.1	0	0.03200
binom	1	0.2	0	0.07500
binom	1	0.3	0	0.09400
binom	1	0.4	0	0.13900
binom	1	0.5	0	0.14600
binom	1	0.6	0	0.14700
binom	1	0.7	0	0.15800
binom	1	0.8	0	0.16000
binom	1	0.9	0	0.13600
binom	1	0	0.05	0.09400
binom	1	0.1	0.05	0.09500
binom	1	0.2	0.05	0.11600
binom	1	0.3	0.05	0.14300
binom	1	0.4	0.05	0.15600
binom	1	0.5	0.05	0.17800
binom	1	0.6	0.05	0.17300
binom	1	0.7	0.05	0.16100
binom	1	0.8	0.05	0.14200
binom	1	0.9	0.05	0.14200
binom	1	0	0.1	0.18800
binom	1	0.1	0.1	0.16900
binom	1	0.2	0.1	0.15700
binom	1	0.3	0.1	0.18500
binom	1	0.4	0.1	0.17300
binom	1	0.5	0.1	0.20400
binom	1	0.6	0.1	0.19700
binom	1	0.7	0.1	0.17500
binom	1	0.8	0.1	0.19200
binom	1	0.9	0.1	0.19200
binom	1	0	0.2	0.30700
binom	1	0.1	0.2	0.28900
binom	1	0.2	0.2	0.27400
binom	1	0.3	0.2	0.24100
binom	1	0.4	0.2	0.21900
binom	1	0.5	0.2	0.21300
binom	1	0.6	0.2	0.23400
binom	1	0.7	0.2	0.22700
binom	1	0.8	0.2	0.22600
binom	1	0.9	0.2	0.20800
