binom	1	0	0	0.01000
binom	1	0.1	0	0.03800
binom	1	0.2	0	0.06700
binom	1	0.3	0	0.11900
binom	1	0.4	0	0.09700
binom	1	0.5	0	0.13400
binom	1	0.6	0	0.13600
binom	1	0.7	0	0.13500
binom	1	0.8	0	0.13600
binom	1	0.9	0	0.13200
binom	1	0	0.05	0.09600
binom	1	0.1	0.05	0.09700
binom	1	0.2	0.05	0.10700
binom	1	0.3	0.05	0.12100
binom	1	0.4	0.05	0.13400
binom	1	0.5	0.05	0.16700
binom	1	0.6	0.05	0.17500
binom	1	0.7	0.05	0.16900
binom	1	0.8	0.05	0.15900
binom	1	0.9	0.05	0.14500
binom	1	0	0.1	0.18200
binom	1	0.1	0.1	0.18100
binom	1	0.2	0.1	0.16400
binom	1	0.3	0.1	0.16100
binom	1	0.4	0.1	0.20300
binom	1	0.5	0.1	0.21400
binom	1	0.6	0.1	0.22700
binom	1	0.7	0.1	0.19000
binom	1	0.8	0.1	0.19300
binom	1	0.9	0.1	0.15000
binom	1	0	0.2	0.28800
binom	1	0.1	0.2	0.32300
binom	1	0.2	0.2	0.26600
binom	1	0.3	0.2	0.23600
binom	1	0.4	0.2	0.22700
binom	1	0.5	0.2	0.23900
binom	1	0.6	0.2	0.24100
binom	1	0.7	0.2	0.21500
binom	1	0.8	0.2	0.23100
binom	1	0.9	0.2	0.19800
