binom	1	0	0	0.01350
binom	1	0.1	0	0.01300
binom	1	0.2	0	0.01200
binom	1	0.3	0	0.01400
binom	1	0.4	0	0.01100
binom	1	0.5	0	0.01150
binom	1	0.6	0	0.01100
binom	1	0.7	0	0.00450
binom	1	0.8	0	0.00350
binom	1	0.9	0	0.00200
binom	1	0	0.05	0.04750
binom	1	0.1	0.05	0.04950
binom	1	0.2	0.05	0.04200
binom	1	0.3	0.05	0.03550
binom	1	0.4	0.05	0.04150
binom	1	0.5	0.05	0.02800
binom	1	0.6	0.05	0.02750
binom	1	0.7	0.05	0.01850
binom	1	0.8	0.05	0.01600
binom	1	0.9	0.05	0.00600
binom	1	0	0.1	0.08800
binom	1	0.1	0.1	0.09900
binom	1	0.2	0.1	0.08750
binom	1	0.3	0.1	0.09200
binom	1	0.4	0.1	0.07400
binom	1	0.5	0.1	0.06300
binom	1	0.6	0.1	0.07250
binom	1	0.7	0.1	0.05200
binom	1	0.8	0.1	0.04100
binom	1	0.9	0.1	0.01800
binom	1	0	0.2	0.15050
binom	1	0.1	0.2	0.16100
binom	1	0.2	0.2	0.16900
binom	1	0.3	0.2	0.16950
binom	1	0.4	0.2	0.13550
binom	1	0.5	0.2	0.14750
binom	1	0.6	0.2	0.13400
binom	1	0.7	0.2	0.13100
binom	1	0.8	0.2	0.10850
binom	1	0.9	0.2	0.07700
