binom	1	0	0	0.01300
binom	1	0.1	0	0.04700
binom	1	0.2	0	0.09300
binom	1	0.3	0	0.11300
binom	1	0.4	0	0.13700
binom	1	0.5	0	0.13700
binom	1	0.6	0	0.12100
binom	1	0.7	0	0.15400
binom	1	0.8	0	0.12500
binom	1	0.9	0	0.12400
binom	1	0	0.05	0.10400
binom	1	0.1	0.05	0.09600
binom	1	0.2	0.05	0.10500
binom	1	0.3	0.05	0.13100
binom	1	0.4	0.05	0.15600
binom	1	0.5	0.05	0.16700
binom	1	0.6	0.05	0.17400
binom	1	0.7	0.05	0.17700
binom	1	0.8	0.05	0.14200
binom	1	0.9	0.05	0.15200
binom	1	0	0.1	0.17900
binom	1	0.1	0.1	0.16800
binom	1	0.2	0.1	0.17300
binom	1	0.3	0.1	0.15700
binom	1	0.4	0.1	0.17200
binom	1	0.5	0.1	0.18900
binom	1	0.6	0.1	0.19500
binom	1	0.7	0.1	0.19100
binom	1	0.8	0.1	0.18300
binom	1	0.9	0.1	0.18700
binom	1	0	0.2	0.29900
binom	1	0.1	0.2	0.28800
binom	1	0.2	0.2	0.27500
binom	1	0.3	0.2	0.25500
binom	1	0.4	0.2	0.22300
binom	1	0.5	0.2	0.22700
binom	1	0.6	0.2	0.26400
binom	1	0.7	0.2	0.24400
binom	1	0.8	0.2	0.22600
binom	1	0.9	0.2	0.20400
