binom	1	0	0	0.01300
binom	1	0.1	0	0.03900
binom	1	0.2	0	0.07800
binom	1	0.3	0	0.10000
binom	1	0.4	0	0.11900
binom	1	0.5	0	0.15200
binom	1	0.6	0	0.14900
binom	1	0.7	0	0.13700
binom	1	0.8	0	0.12300
binom	1	0.9	0	0.13700
binom	1	0	0.05	0.09600
binom	1	0.1	0.05	0.08800
binom	1	0.2	0.05	0.10700
binom	1	0.3	0.05	0.13900
binom	1	0.4	0.05	0.15700
binom	1	0.5	0.05	0.18900
binom	1	0.6	0.05	0.17500
binom	1	0.7	0.05	0.14000
binom	1	0.8	0.05	0.15500
binom	1	0.9	0.05	0.14900
binom	1	0	0.1	0.16100
binom	1	0.1	0.1	0.16700
binom	1	0.2	0.1	0.14900
binom	1	0.3	0.1	0.17300
binom	1	0.4	0.1	0.16300
binom	1	0.5	0.1	0.18400
binom	1	0.6	0.1	0.19000
binom	1	0.7	0.1	0.20600
binom	1	0.8	0.1	0.18100
binom	1	0.9	0.1	0.17600
binom	1	0	0.2	0.28300
binom	1	0.1	0.2	0.32100
binom	1	0.2	0.2	0.29000
binom	1	0.3	0.2	0.24100
binom	1	0.4	0.2	0.22700
binom	1	0.5	0.2	0.22000
binom	1	0.6	0.2	0.24400
binom	1	0.7	0.2	0.23600
binom	1	0.8	0.2	0.22900
binom	1	0.9	0.2	0.22300
