binom	1	0	0	0.01800
binom	1	0.1	0	0.04300
binom	1	0.2	0	0.09100
binom	1	0.3	0	0.10000
binom	1	0.4	0	0.11800
binom	1	0.5	0	0.14100
binom	1	0.6	0	0.12900
binom	1	0.7	0	0.14700
binom	1	0.8	0	0.12700
binom	1	0.9	0	0.12300
binom	1	0	0.05	0.09700
binom	1	0.1	0.05	0.07400
binom	1	0.2	0.05	0.12300
binom	1	0.3	0.05	0.13600
binom	1	0.4	0.05	0.15300
binom	1	0.5	0.05	0.16100
binom	1	0.6	0.05	0.16600
binom	1	0.7	0.05	0.18400
binom	1	0.8	0.05	0.16100
binom	1	0.9	0.05	0.14700
binom	1	0	0.1	0.17100
binom	1	0.1	0.1	0.16600
binom	1	0.2	0.1	0.17400
binom	1	0.3	0.1	0.17800
binom	1	0.4	0.1	0.18100
binom	1	0.5	0.1	0.20300
binom	1	0.6	0.1	0.18700
binom	1	0.7	0.1	0.18200
binom	1	0.8	0.1	0.19900
binom	1	0.9	0.1	0.16700
binom	1	0	0.2	0.30000
binom	1	0.1	0.2	0.29900
binom	1	0.2	0.2	0.28100
binom	1	0.3	0.2	0.24200
binom	1	0.4	0.2	0.22600
binom	1	0.5	0.2	0.23500
binom	1	0.6	0.2	0.23000
binom	1	0.7	0.2	0.21500
binom	1	0.8	0.2	0.25100
binom	1	0.9	0.2	0.21500
