binom	1	0	0	0.00400
binom	1	0.1	0	0.04800
binom	1	0.2	0	0.08100
binom	1	0.3	0	0.11400
binom	1	0.4	0	0.11800
binom	1	0.5	0	0.15500
binom	1	0.6	0	0.13700
binom	1	0.7	0	0.14100
binom	1	0.8	0	0.14300
binom	1	0.9	0	0.13300
binom	1	0	0.05	0.07100
binom	1	0.1	0.05	0.09200
binom	1	0.2	0.05	0.11200
binom	1	0.3	0.05	0.14200
binom	1	0.4	0.05	0.14000
binom	1	0.5	0.05	0.16000
binom	1	0.6	0.05	0.15600
binom	1	0.7	0.05	0.17500
binom	1	0.8	0.05	0.14400
binom	1	0.9	0.05	0.16800
binom	1	0	0.1	0.17300
binom	1	0.1	0.1	0.15400
binom	1	0.2	0.1	0.15400
binom	1	0.3	0.1	0.16800
binom	1	0.4	0.1	0.19400
binom	1	0.5	0.1	0.18900
binom	1	0.6	0.1	0.21600
binom	1	0.7	0.1	0.18100
binom	1	0.8	0.1	0.19400
binom	1	0.9	0.1	0.16900
binom	1	0	0.2	0.29600
binom	1	0.1	0.2	0.29900
binom	1	0.2	0.2	0.25200
binom	1	0.3	0.2	0.25500
binom	1	0.4	0.2	0.23600
binom	1	0.5	0.2	0.19000
binom	1	0.6	0.2	0.24100
binom	1	0.7	0.2	0.22200
binom	1	0.8	0.2	0.22700
binom	1	0.9	0.2	0.20800
