binom	1	0	0	0.00900
binom	1	0.1	0	0.04200
binom	1	0.2	0	0.08100
binom	1	0.3	0	0.10400
binom	1	0.4	0	0.11800
binom	1	0.5	0	0.15900
binom	1	0.6	0	0.14300
binom	1	0.7	0	0.15600
binom	1	0.8	0	0.14100
binom	1	0.9	0	0.13900
binom	1	0	0.05	0.07700
binom	1	0.1	0.05	0.08900
binom	1	0.2	0.05	0.10500
binom	1	0.3	0.05	0.14800
binom	1	0.4	0.05	0.15300
binom	1	0.5	0.05	0.15700
binom	1	0.6	0.05	0.18300
binom	1	0.7	0.05	0.19000
binom	1	0.8	0.05	0.14300
binom	1	0.9	0.05	0.16300
binom	1	0	0.1	0.16800
binom	1	0.1	0.1	0.14000
binom	1	0.2	0.1	0.15700
binom	1	0.3	0.1	0.17000
binom	1	0.4	0.1	0.19100
binom	1	0.5	0.1	0.17100
binom	1	0.6	0.1	0.18000
binom	1	0.7	0.1	0.18400
binom	1	0.8	0.1	0.16600
binom	1	0.9	0.1	0.18100
binom	1	0	0.2	0.29700
binom	1	0.1	0.2	0.29400
binom	1	0.2	0.2	0.29900
binom	1	0.3	0.2	0.25900
binom	1	0.4	0.2	0.25000
binom	1	0.5	0.2	0.21300
binom	1	0.6	0.2	0.23100
binom	1	0.7	0.2	0.24100
binom	1	0.8	0.2	0.23600
binom	1	0.9	0.2	0.23500
