binom	1	0	0	0.01900
binom	1	0.1	0	0.04700
binom	1	0.2	0	0.08200
binom	1	0.3	0	0.11000
binom	1	0.4	0	0.12100
binom	1	0.5	0	0.13700
binom	1	0.6	0	0.15200
binom	1	0.7	0	0.12600
binom	1	0.8	0	0.15400
binom	1	0.9	0	0.13400
binom	1	0	0.05	0.09200
binom	1	0.1	0.05	0.07500
binom	1	0.2	0.05	0.10900
binom	1	0.3	0.05	0.13100
binom	1	0.4	0.05	0.14400
binom	1	0.5	0.05	0.16700
binom	1	0.6	0.05	0.15400
binom	1	0.7	0.05	0.17000
binom	1	0.8	0.05	0.14900
binom	1	0.9	0.05	0.15800
binom	1	0	0.1	0.16200
binom	1	0.1	0.1	0.16300
binom	1	0.2	0.1	0.13000
binom	1	0.3	0.1	0.16100
binom	1	0.4	0.1	0.17400
binom	1	0.5	0.1	0.19600
binom	1	0.6	0.1	0.19900
binom	1	0.7	0.1	0.18400
binom	1	0.8	0.1	0.18200
binom	1	0.9	0.1	0.17800
binom	1	0	0.2	0.30800
binom	1	0.1	0.2	0.28100
binom	1	0.2	0.2	0.27500
binom	1	0.3	0.2	0.27800
binom	1	0.4	0.2	0.22000
binom	1	0.5	0.2	0.23200
binom	1	0.6	0.2	0.23500
binom	1	0.7	0.2	0.22200
binom	1	0.8	0.2	0.24600
binom	1	0.9	0.2	0.20800
