binom	1	0	0	0.01300
binom	1	0.1	0	0.03900
binom	1	0.2	0	0.07400
binom	1	0.3	0	0.12700
binom	1	0.4	0	0.12700
binom	1	0.5	0	0.15000
binom	1	0.6	0	0.16000
binom	1	0.7	0	0.16700
binom	1	0.8	0	0.14200
binom	1	0.9	0	0.14500
binom	1	0	0.05	0.10200
binom	1	0.1	0.05	0.07200
binom	1	0.2	0.05	0.10700
binom	1	0.3	0.05	0.13500
binom	1	0.4	0.05	0.15600
binom	1	0.5	0.05	0.16700
binom	1	0.6	0.05	0.16900
binom	1	0.7	0.05	0.16000
binom	1	0.8	0.05	0.17200
binom	1	0.9	0.05	0.13800
binom	1	0	0.1	0.15500
binom	1	0.1	0.1	0.15500
binom	1	0.2	0.1	0.16700
binom	1	0.3	0.1	0.14500
binom	1	0.4	0.1	0.17300
binom	1	0.5	0.1	0.20400
binom	1	0.6	0.1	0.17200
binom	1	0.7	0.1	0.20100
binom	1	0.8	0.1	0.19100
binom	1	0.9	0.1	0.17200
binom	1	0	0.2	0.29000
binom	1	0.1	0.2	0.28000
binom	1	0.2	0.2	0.25000
binom	1	0.3	0.2	0.23000
binom	1	0.4	0.2	0.22300
binom	1	0.5	0.2	0.21500
binom	1	0.6	0.2	0.25300
binom	1	0.7	0.2	0.22200
binom	1	0.8	0.2	0.21900
binom	1	0.9	0.2	0.22300
