binom	1	0	0	0.01100
binom	1	0.1	0	0.04100
binom	1	0.2	0	0.08700
binom	1	0.3	0	0.12300
binom	1	0.4	0	0.12100
binom	1	0.5	0	0.12400
binom	1	0.6	0	0.13100
binom	1	0.7	0	0.15200
binom	1	0.8	0	0.14000
binom	1	0.9	0	0.10000
binom	1	0	0.05	0.08700
binom	1	0.1	0.05	0.07100
binom	1	0.2	0.05	0.12600
binom	1	0.3	0.05	0.13100
binom	1	0.4	0.05	0.14300
binom	1	0.5	0.05	0.15200
binom	1	0.6	0.05	0.16100
binom	1	0.7	0.05	0.17500
binom	1	0.8	0.05	0.16000
binom	1	0.9	0.05	0.16600
binom	1	0	0.1	0.19300
binom	1	0.1	0.1	0.13600
binom	1	0.2	0.1	0.13700
binom	1	0.3	0.1	0.15900
binom	1	0.4	0.1	0.17800
binom	1	0.5	0.1	0.18800
binom	1	0.6	0.1	0.19400
binom	1	0.7	0.1	0.18400
binom	1	0.8	0.1	0.19100
binom	1	0.9	0.1	0.18700
binom	1	0	0.2	0.31700
binom	1	0.1	0.2	0.29300
binom	1	0.2	0.2	0.25400
binom	1	0.3	0.2	0.24900
binom	1	0.4	0.2	0.24000
binom	1	0.5	0.2	0.21600
binom	1	0.6	0.2	0.20900
binom	1	0.7	0.2	0.23800
binom	1	0.8	0.2	0.23500
binom	1	0.9	0.2	0.21800
