binom	1	0	0	0.00800
binom	1	0.1	0	0.04100
binom	1	0.2	0	0.07700
binom	1	0.3	0	0.11900
binom	1	0.4	0	0.13000
binom	1	0.5	0	0.12800
binom	1	0.6	0	0.15500
binom	1	0.7	0	0.15500
binom	1	0.8	0	0.13200
binom	1	0.9	0	0.14200
binom	1	0	0.05	0.10100
binom	1	0.1	0.05	0.08600
binom	1	0.2	0.05	0.11300
binom	1	0.3	0.05	0.15000
binom	1	0.4	0.05	0.13500
binom	1	0.5	0.05	0.15700
binom	1	0.6	0.05	0.17100
binom	1	0.7	0.05	0.16800
binom	1	0.8	0.05	0.15300
binom	1	0.9	0.05	0.14600
binom	1	0	0.1	0.16200
binom	1	0.1	0.1	0.17300
binom	1	0.2	0.1	0.16100
binom	1	0.3	0.1	0.14100
binom	1	0.4	0.1	0.17400
binom	1	0.5	0.1	0.19900
binom	1	0.6	0.1	0.17300
binom	1	0.7	0.1	0.19800
binom	1	0.8	0.1	0.18300
binom	1	0.9	0.1	0.19200
binom	1	0	0.2	0.28700
binom	1	0.1	0.2	0.29000
binom	1	0.2	0.2	0.30800
binom	1	0.3	0.2	0.23600
binom	1	0.4	0.2	0.23500
binom	1	0.5	0.2	0.24500
binom	1	0.6	0.2	0.25300
binom	1	0.7	0.2	0.24000
binom	1	0.8	0.2	0.23200
binom	1	0.9	0.2	0.20800
