binom	1	0	0	0.00800
binom	1	0.1	0	0.04900
binom	1	0.2	0	0.09000
binom	1	0.3	0	0.10000
binom	1	0.4	0	0.12600
binom	1	0.5	0	0.14800
binom	1	0.6	0	0.13800
binom	1	0.7	0	0.14300
binom	1	0.8	0	0.16000
binom	1	0.9	0	0.14500
binom	1	0	0.05	0.08500
binom	1	0.1	0.05	0.08800
binom	1	0.2	0.05	0.09500
binom	1	0.3	0.05	0.13800
binom	1	0.4	0.05	0.13800
binom	1	0.5	0.05	0.14700
binom	1	0.6	0.05	0.17600
binom	1	0.7	0.05	0.19200
binom	1	0.8	0.05	0.17300
binom	1	0.9	0.05	0.16300
binom	1	0	0.1	0.17400
binom	1	0.1	0.1	0.16200
binom	1	0.2	0.1	0.14700
binom	1	0.3	0.1	0.16100
binom	1	0.4	0.1	0.16600
binom	1	0.5	0.1	0.19400
binom	1	0.6	0.1	0.20000
binom	1	0.7	0.1	0.18300
binom	1	0.8	0.1	0.17900
binom	1	0.9	0.1	0.18700
binom	1	0	0.2	0.28100
binom	1	0.1	0.2	0.29900
binom	1	0.2	0.2	0.28300
binom	1	0.3	0.2	0.23900
binom	1	0.4	0.2	0.21600
binom	1	0.5	0.2	0.21900
binom	1	0.6	0.2	0.20800
binom	1	0.7	0.2	0.20700
binom	1	0.8	0.2	0.21300
binom	1	0.9	0.2	0.20300
