binom	1	0	0	0.00900
binom	1	0.1	0	0.05500
binom	1	0.2	0	0.07900
binom	1	0.3	0	0.09700
binom	1	0.4	0	0.12700
binom	1	0.5	0	0.11800
binom	1	0.6	0	0.14600
binom	1	0.7	0	0.13500
binom	1	0.8	0	0.15300
binom	1	0.9	0	0.13300
binom	1	0	0.05	0.09100
binom	1	0.1	0.05	0.08300
binom	1	0.2	0.05	0.12100
binom	1	0.3	0.05	0.14300
binom	1	0.4	0.05	0.13700
binom	1	0.5	0.05	0.16200
binom	1	0.6	0.05	0.18200
binom	1	0.7	0.05	0.18400
binom	1	0.8	0.05	0.17100
binom	1	0.9	0.05	0.16400
binom	1	0	0.1	0.16300
binom	1	0.1	0.1	0.16400
binom	1	0.2	0.1	0.13900
binom	1	0.3	0.1	0.14700
binom	1	0.4	0.1	0.15500
binom	1	0.5	0.1	0.20900
binom	1	0.6	0.1	0.19200
binom	1	0.7	0.1	0.18600
binom	1	0.8	0.1	0.19200
binom	1	0.9	0.1	0.17800
binom	1	0	0.2	0.30300
binom	1	0.1	0.2	0.28000
binom	1	0.2	0.2	0.24700
binom	1	0.3	0.2	0.21300
binom	1	0.4	0.2	0.22100
binom	1	0.5	0.2	0.21800
binom	1	0.6	0.2	0.22800
binom	1	0.7	0.2	0.24200
binom	1	0.8	0.2	0.19800
binom	1	0.9	0.2	0.21400
