binom	1	0	0	0.00800
binom	1	0.1	0	0.03300
binom	1	0.2	0	0.08700
binom	1	0.3	0	0.09200
binom	1	0.4	0	0.12400
binom	1	0.5	0	0.14200
binom	1	0.6	0	0.13900
binom	1	0.7	0	0.13300
binom	1	0.8	0	0.14700
binom	1	0.9	0	0.14300
binom	1	0	0.05	0.08800
binom	1	0.1	0.05	0.08700
binom	1	0.2	0.05	0.13700
binom	1	0.3	0.05	0.14100
binom	1	0.4	0.05	0.15900
binom	1	0.5	0.05	0.17800
binom	1	0.6	0.05	0.16700
binom	1	0.7	0.05	0.15400
binom	1	0.8	0.05	0.16800
binom	1	0.9	0.05	0.15800
binom	1	0	0.1	0.16600
binom	1	0.1	0.1	0.14900
binom	1	0.2	0.1	0.13800
binom	1	0.3	0.1	0.15100
binom	1	0.4	0.1	0.18200
binom	1	0.5	0.1	0.18200
binom	1	0.6	0.1	0.17500
binom	1	0.7	0.1	0.20700
binom	1	0.8	0.1	0.16600
binom	1	0.9	0.1	0.17400
binom	1	0	0.2	0.31300
binom	1	0.1	0.2	0.28000
binom	1	0.2	0.2	0.27200
binom	1	0.3	0.2	0.27300
binom	1	0.4	0.2	0.21300
binom	1	0.5	0.2	0.22600
binom	1	0.6	0.2	0.21100
binom	1	0.7	0.2	0.24800
binom	1	0.8	0.2	0.21200
binom	1	0.9	0.2	0.18800
