binom	1	0	0	0.01300
binom	1	0.1	0	0.03500
binom	1	0.2	0	0.08600
binom	1	0.3	0	0.08600
binom	1	0.4	0	0.12700
binom	1	0.5	0	0.16000
binom	1	0.6	0	0.13300
binom	1	0.7	0	0.14400
binom	1	0.8	0	0.14200
binom	1	0.9	0	0.13300
binom	1	0	0.05	0.10800
binom	1	0.1	0.05	0.09500
binom	1	0.2	0.05	0.10600
binom	1	0.3	0.05	0.13300
binom	1	0.4	0.05	0.14600
binom	1	0.5	0.05	0.18500
binom	1	0.6	0.05	0.17400
binom	1	0.7	0.05	0.15300
binom	1	0.8	0.05	0.15000
binom	1	0.9	0.05	0.14200
binom	1	0	0.1	0.16500
binom	1	0.1	0.1	0.14600
binom	1	0.2	0.1	0.16100
binom	1	0.3	0.1	0.18800
binom	1	0.4	0.1	0.17700
binom	1	0.5	0.1	0.20000
binom	1	0.6	0.1	0.19300
binom	1	0.7	0.1	0.19100
binom	1	0.8	0.1	0.19600
binom	1	0.9	0.1	0.15200
binom	1	0	0.2	0.31300
binom	1	0.1	0.2	0.28700
binom	1	0.2	0.2	0.30100
binom	1	0.3	0.2	0.24500
binom	1	0.4	0.2	0.22500
binom	1	0.5	0.2	0.23300
binom	1	0.6	0.2	0.23000
binom	1	0.7	0.2	0.21800
binom	1	0.8	0.2	0.22100
binom	1	0.9	0.2	0.22600
