binom	1	0	0	0.01300
binom	1	0.1	0	0.04800
binom	1	0.2	0	0.08100
binom	1	0.3	0	0.12400
binom	1	0.4	0	0.10700
binom	1	0.5	0	0.13900
binom	1	0.6	0	0.14200
binom	1	0.7	0	0.15100
binom	1	0.8	0	0.12500
binom	1	0.9	0	0.14400
binom	1	0	0.05	0.08500
binom	1	0.1	0.05	0.09400
binom	1	0.2	0.05	0.11500
binom	1	0.3	0.05	0.14400
binom	1	0.4	0.05	0.14600
binom	1	0.5	0.05	0.16000
binom	1	0.6	0.05	0.16800
binom	1	0.7	0.05	0.17600
binom	1	0.8	0.05	0.15800
binom	1	0.9	0.05	0.16300
binom	1	0	0.1	0.16300
binom	1	0.1	0.1	0.16700
binom	1	0.2	0.1	0.13800
binom	1	0.3	0.1	0.13900
binom	1	0.4	0.1	0.17600
binom	1	0.5	0.1	0.19000
binom	1	0.6	0.1	0.20100
binom	1	0.7	0.1	0.17600
binom	1	0.8	0.1	0.19600
binom	1	0.9	0.1	0.16700
binom	1	0	0.2	0.28700
binom	1	0.1	0.2	0.31000
binom	1	0.2	0.2	0.28300
binom	1	0.3	0.2	0.23400
binom	1	0.4	0.2	0.22400
binom	1	0.5	0.2	0.22600
binom	1	0.6	0.2	0.23500
binom	1	0.7	0.2	0.22100
binom	1	0.8	0.2	0.21300
binom	1	0.9	0.2	0.22400
