binom	1	0	0	0.00500
binom	1	0.1	0	0.04800
binom	1	0.2	0	0.07100
binom	1	0.3	0	0.11600
binom	1	0.4	0	0.13500
binom	1	0.5	0	0.13000
binom	1	0.6	0	0.14200
binom	1	0.7	0	0.13700
binom	1	0.8	0	0.12500
binom	1	0.9	0	0.11500
binom	1	0	0.05	0.08300
binom	1	0.1	0.05	0.09500
binom	1	0.2	0.05	0.11000
binom	1	0.3	0.05	0.11800
binom	1	0.4	0.05	0.15600
binom	1	0.5	0.05	0.16000
binom	1	0.6	0.05	0.16600
binom	1	0.7	0.05	0.17400
binom	1	0.8	0.05	0.17700
binom	1	0.9	0.05	0.16200
binom	1	0	0.1	0.17100
binom	1	0.1	0.1	0.16800
binom	1	0.2	0.1	0.14600
binom	1	0.3	0.1	0.14700
binom	1	0.4	0.1	0.17400
binom	1	0.5	0.1	0.15900
binom	1	0.6	0.1	0.17400
binom	1	0.7	0.1	0.18000
binom	1	0.8	0.1	0.19200
binom	1	0.9	0.1	0.15600
binom	1	0	0.2	0.27400
binom	1	0.1	0.2	0.29600
binom	1	0.2	0.2	0.25400
binom	1	0.3	0.2	0.24600
binom	1	0.4	0.2	0.23600
binom	1	0.5	0.2	0.24200
binom	1	0.6	0.2	0.23500
binom	1	0.7	0.2	0.24000
binom	1	0.8	0.2	0.21600
binom	1	0.9	0.2	0.21200
