binom	1	0	0	0.00900
binom	1	0.1	0	0.04500
binom	1	0.2	0	0.07400
binom	1	0.3	0	0.09600
binom	1	0.4	0	0.12400
binom	1	0.5	0	0.13900
binom	1	0.6	0	0.16000
binom	1	0.7	0	0.14000
binom	1	0.8	0	0.13500
binom	1	0.9	0	0.14800
binom	1	0	0.05	0.08400
binom	1	0.1	0.05	0.08600
binom	1	0.2	0.05	0.11400
binom	1	0.3	0.05	0.13100
binom	1	0.4	0.05	0.14900
binom	1	0.5	0.05	0.17000
binom	1	0.6	0.05	0.17900
binom	1	0.7	0.05	0.16600
binom	1	0.8	0.05	0.14200
binom	1	0.9	0.05	0.15300
binom	1	0	0.1	0.18000
binom	1	0.1	0.1	0.17200
binom	1	0.2	0.1	0.16200
binom	1	0.3	0.1	0.16900
binom	1	0.4	0.1	0.18600
binom	1	0.5	0.1	0.19100
binom	1	0.6	0.1	0.18200
binom	1	0.7	0.1	0.19200
binom	1	0.8	0.1	0.20500
binom	1	0.9	0.1	0.18400
binom	1	0	0.2	0.28900
binom	1	0.1	0.2	0.29600
binom	1	0.2	0.2	0.28300
binom	1	0.3	0.2	0.24900
binom	1	0.4	0.2	0.21100
binom	1	0.5	0.2	0.22400
binom	1	0.6	0.2	0.23500
binom	1	0.7	0.2	0.23700
binom	1	0.8	0.2	0.23000
binom	1	0.9	0.2	0.19300
