binom	1	0	0	0.00900
binom	1	0.1	0	0.03800
binom	1	0.2	0	0.07600
binom	1	0.3	0	0.10600
binom	1	0.4	0	0.12700
binom	1	0.5	0	0.13000
binom	1	0.6	0	0.16300
binom	1	0.7	0	0.14100
binom	1	0.8	0	0.15300
binom	1	0.9	0	0.13000
binom	1	0	0.05	0.08600
binom	1	0.1	0.05	0.08500
binom	1	0.2	0.05	0.11100
binom	1	0.3	0.05	0.13500
binom	1	0.4	0.05	0.15400
binom	1	0.5	0.05	0.16000
binom	1	0.6	0.05	0.18600
binom	1	0.7	0.05	0.15300
binom	1	0.8	0.05	0.17200
binom	1	0.9	0.05	0.14200
binom	1	0	0.1	0.15800
binom	1	0.1	0.1	0.14700
binom	1	0.2	0.1	0.14400
binom	1	0.3	0.1	0.14500
binom	1	0.4	0.1	0.16700
binom	1	0.5	0.1	0.20100
binom	1	0.6	0.1	0.16900
binom	1	0.7	0.1	0.19800
binom	1	0.8	0.1	0.18800
binom	1	0.9	0.1	0.19300
binom	1	0	0.2	0.31700
binom	1	0.1	0.2	0.27600
binom	1	0.2	0.2	0.26400
binom	1	0.3	0.2	0.25800
binom	1	0.4	0.2	0.23000
binom	1	0.5	0.2	0.23100
binom	1	0.6	0.2	0.23700
binom	1	0.7	0.2	0.22500
binom	1	0.8	0.2	0.20700
binom	1	0.9	0.2	0.21100
