binom	1	0	0	0.00400
binom	1	0.1	0	0.03900
binom	1	0.2	0	0.06400
binom	1	0.3	0	0.09000
binom	1	0.4	0	0.14000
binom	1	0.5	0	0.14600
binom	1	0.6	0	0.13600
binom	1	0.7	0	0.14600
binom	1	0.8	0	0.13900
binom	1	0.9	0	0.13300
binom	1	0	0.05	0.08000
binom	1	0.1	0.05	0.09000
binom	1	0.2	0.05	0.12200
binom	1	0.3	0.05	0.12700
binom	1	0.4	0.05	0.13300
binom	1	0.5	0.05	0.15000
binom	1	0.6	0.05	0.17600
binom	1	0.7	0.05	0.16800
binom	1	0.8	0.05	0.16800
binom	1	0.9	0.05	0.16100
binom	1	0	0.1	0.16800
binom	1	0.1	0.1	0.15400
binom	1	0.2	0.1	0.13300
binom	1	0.3	0.1	0.18900
binom	1	0.4	0.1	0.15900
binom	1	0.5	0.1	0.17600
binom	1	0.6	0.1	0.16900
binom	1	0.7	0.1	0.19000
binom	1	0.8	0.1	0.20900
binom	1	0.9	0.1	0.14500
binom	1	0	0.2	0.29600
binom	1	0.1	0.2	0.29900
binom	1	0.2	0.2	0.26900
binom	1	0.3	0.2	0.25000
binom	1	0.4	0.2	0.21700
binom	1	0.5	0.2	0.23100
binom	1	0.6	0.2	0.25700
binom	1	0.7	0.2	0.22400
binom	1	0.8	0.2	0.22000
binom	1	0.9	0.2	0.21800
