binom	1	0	0	0.00800
binom	1	0.1	0	0.04900
binom	1	0.2	0	0.08800
binom	1	0.3	0	0.11400
binom	1	0.4	0	0.13600
binom	1	0.5	0	0.13000
binom	1	0.6	0	0.16100
binom	1	0.7	0	0.15100
binom	1	0.8	0	0.13700
binom	1	0.9	0	0.13100
binom	1	0	0.05	0.08600
binom	1	0.1	0.05	0.08600
binom	1	0.2	0.05	0.11100
binom	1	0.3	0.05	0.13100
binom	1	0.4	0.05	0.14300
binom	1	0.5	0.05	0.18200
binom	1	0.6	0.05	0.16700
binom	1	0.7	0.05	0.15800
binom	1	0.8	0.05	0.14800
binom	1	0.9	0.05	0.16600
binom	1	0	0.1	0.18000
binom	1	0.1	0.1	0.14600
binom	1	0.2	0.1	0.16100
binom	1	0.3	0.1	0.15700
binom	1	0.4	0.1	0.17800
binom	1	0.5	0.1	0.18700
binom	1	0.6	0.1	0.19600
binom	1	0.7	0.1	0.20000
binom	1	0.8	0.1	0.18400
binom	1	0.9	0.1	0.17800
binom	1	0	0.2	0.29100
binom	1	0.1	0.2	0.29900
binom	1	0.2	0.2	0.28300
binom	1	0.3	0.2	0.24900
binom	1	0.4	0.2	0.21700
binom	1	0.5	0.2	0.24500
binom	1	0.6	0.2	0.25500
binom	1	0.7	0.2	0.23400
binom	1	0.8	0.2	0.23600
binom	1	0.9	0.2	0.22900
