binom	1	0	0	0.01800
binom	1	0.1	0	0.05100
binom	1	0.2	0	0.08800
binom	1	0.3	0	0.09800
binom	1	0.4	0	0.12500
binom	1	0.5	0	0.14500
binom	1	0.6	0	0.13800
binom	1	0.7	0	0.15400
binom	1	0.8	0	0.14700
binom	1	0.9	0	0.13200
binom	1	0	0.05	0.09200
binom	1	0.1	0.05	0.08400
binom	1	0.2	0.05	0.10700
binom	1	0.3	0.05	0.14100
binom	1	0.4	0.05	0.15600
binom	1	0.5	0.05	0.16200
binom	1	0.6	0.05	0.17000
binom	1	0.7	0.05	0.18000
binom	1	0.8	0.05	0.14200
binom	1	0.9	0.05	0.15200
binom	1	0	0.1	0.17700
binom	1	0.1	0.1	0.13500
binom	1	0.2	0.1	0.13900
binom	1	0.3	0.1	0.17600
binom	1	0.4	0.1	0.17000
binom	1	0.5	0.1	0.17000
binom	1	0.6	0.1	0.19900
binom	1	0.7	0.1	0.18500
binom	1	0.8	0.1	0.20100
binom	1	0.9	0.1	0.18200
binom	1	0	0.2	0.29300
binom	1	0.1	0.2	0.28200
binom	1	0.2	0.2	0.28200
binom	1	0.3	0.2	0.25100
binom	1	0.4	0.2	0.20100
binom	1	0.5	0.2	0.20900
binom	1	0.6	0.2	0.22600
binom	1	0.7	0.2	0.23300
binom	1	0.8	0.2	0.21900
binom	1	0.9	0.2	0.20900
