binom	1	0	0	0.00700
binom	1	0.1	0	0.04900
binom	1	0.2	0	0.08200
binom	1	0.3	0	0.10700
binom	1	0.4	0	0.11900
binom	1	0.5	0	0.15000
binom	1	0.6	0	0.15400
binom	1	0.7	0	0.15000
binom	1	0.8	0	0.13800
binom	1	0.9	0	0.14000
binom	1	0	0.05	0.09600
binom	1	0.1	0.05	0.08700
binom	1	0.2	0.05	0.12400
binom	1	0.3	0.05	0.15200
binom	1	0.4	0.05	0.15300
binom	1	0.5	0.05	0.17300
binom	1	0.6	0.05	0.17000
binom	1	0.7	0.05	0.17800
binom	1	0.8	0.05	0.15300
binom	1	0.9	0.05	0.16000
binom	1	0	0.1	0.17200
binom	1	0.1	0.1	0.15800
binom	1	0.2	0.1	0.16600
binom	1	0.3	0.1	0.16400
binom	1	0.4	0.1	0.19100
binom	1	0.5	0.1	0.18700
binom	1	0.6	0.1	0.17600
binom	1	0.7	0.1	0.18900
binom	1	0.8	0.1	0.20600
binom	1	0.9	0.1	0.16300
binom	1	0	0.2	0.30000
binom	1	0.1	0.2	0.30500
binom	1	0.2	0.2	0.26800
binom	1	0.3	0.2	0.23000
binom	1	0.4	0.2	0.21300
binom	1	0.5	0.2	0.22500
binom	1	0.6	0.2	0.22100
binom	1	0.7	0.2	0.21900
binom	1	0.8	0.2	0.22000
binom	1	0.9	0.2	0.21700
