binom	1	0	0	0.01100
binom	1	0.1	0	0.05600
binom	1	0.2	0	0.07700
binom	1	0.3	0	0.11200
binom	1	0.4	0	0.14400
binom	1	0.5	0	0.12800
binom	1	0.6	0	0.13600
binom	1	0.7	0	0.12700
binom	1	0.8	0	0.14100
binom	1	0.9	0	0.14700
binom	1	0	0.05	0.08700
binom	1	0.1	0.05	0.08700
binom	1	0.2	0.05	0.11300
binom	1	0.3	0.05	0.13800
binom	1	0.4	0.05	0.15900
binom	1	0.5	0.05	0.15700
binom	1	0.6	0.05	0.17100
binom	1	0.7	0.05	0.16800
binom	1	0.8	0.05	0.15300
binom	1	0.9	0.05	0.14600
binom	1	0	0.1	0.16200
binom	1	0.1	0.1	0.15800
binom	1	0.2	0.1	0.13900
binom	1	0.3	0.1	0.17900
binom	1	0.4	0.1	0.17700
binom	1	0.5	0.1	0.20100
binom	1	0.6	0.1	0.18500
binom	1	0.7	0.1	0.19600
binom	1	0.8	0.1	0.19600
binom	1	0.9	0.1	0.18500
binom	1	0	0.2	0.29100
binom	1	0.1	0.2	0.31500
binom	1	0.2	0.2	0.25900
binom	1	0.3	0.2	0.23300
binom	1	0.4	0.2	0.21800
binom	1	0.5	0.2	0.25500
binom	1	0.6	0.2	0.22900
binom	1	0.7	0.2	0.25200
binom	1	0.8	0.2	0.22100
binom	1	0.9	0.2	0.21200
