binom	1	0	0	0.00800
binom	1	0.1	0	0.04800
binom	1	0.2	0	0.08000
binom	1	0.3	0	0.11900
binom	1	0.4	0	0.11800
binom	1	0.5	0	0.15200
binom	1	0.6	0	0.15700
binom	1	0.7	0	0.12700
binom	1	0.8	0	0.14300
binom	1	0.9	0	0.12200
binom	1	0	0.05	0.10200
binom	1	0.1	0.05	0.10900
binom	1	0.2	0.05	0.11500
binom	1	0.3	0.05	0.14700
binom	1	0.4	0.05	0.15300
binom	1	0.5	0.05	0.17300
binom	1	0.6	0.05	0.16400
binom	1	0.7	0.05	0.18200
binom	1	0.8	0.05	0.14500
binom	1	0.9	0.05	0.15100
binom	1	0	0.1	0.18300
binom	1	0.1	0.1	0.15300
binom	1	0.2	0.1	0.15900
binom	1	0.3	0.1	0.16700
binom	1	0.4	0.1	0.19800
binom	1	0.5	0.1	0.19000
binom	1	0.6	0.1	0.21500
binom	1	0.7	0.1	0.18300
binom	1	0.8	0.1	0.18100
binom	1	0.9	0.1	0.16900
binom	1	0	0.2	0.31000
binom	1	0.1	0.2	0.29500
binom	1	0.2	0.2	0.29600
binom	1	0.3	0.2	0.24600
binom	1	0.4	0.2	0.23900
binom	1	0.5	0.2	0.22200
binom	1	0.6	0.2	0.22900
binom	1	0.7	0.2	0.22100
binom	1	0.8	0.2	0.22400
binom	1	0.9	0.2	0.21100
