binom	1	0	0	0.01100
binom	1	0.1	0	0.05000
binom	1	0.2	0	0.07600
binom	1	0.3	0	0.10400
binom	1	0.4	0	0.12100
binom	1	0.5	0	0.13400
binom	1	0.6	0	0.13100
binom	1	0.7	0	0.15600
binom	1	0.8	0	0.13900
binom	1	0.9	0	0.12800
binom	1	0	0.05	0.09400
binom	1	0.1	0.05	0.09200
binom	1	0.2	0.05	0.12100
binom	1	0.3	0.05	0.13600
binom	1	0.4	0.05	0.17700
binom	1	0.5	0.05	0.15300
binom	1	0.6	0.05	0.16600
binom	1	0.7	0.05	0.16100
binom	1	0.8	0.05	0.16200
binom	1	0.9	0.05	0.16300
binom	1	0	0.1	0.16500
binom	1	0.1	0.1	0.16700
binom	1	0.2	0.1	0.15100
binom	1	0.3	0.1	0.17300
binom	1	0.4	0.1	0.20100
binom	1	0.5	0.1	0.19100
binom	1	0.6	0.1	0.18700
binom	1	0.7	0.1	0.18500
binom	1	0.8	0.1	0.19700
binom	1	0.9	0.1	0.16900
binom	1	0	0.2	0.29400
binom	1	0.1	0.2	0.30000
binom	1	0.2	0.2	0.27800
binom	1	0.3	0.2	0.24000
binom	1	0.4	0.2	0.22900
binom	1	0.5	0.2	0.23900
binom	1	0.6	0.2	0.24200
binom	1	0.7	0.2	0.23300
binom	1	0.8	0.2	0.22600
binom	1	0.9	0.2	0.20300
