binom	1	0	0	0.01300
binom	1	0.1	0	0.05100
binom	1	0.2	0	0.08100
binom	1	0.3	0	0.10800
binom	1	0.4	0	0.11200
binom	1	0.5	0	0.12400
binom	1	0.6	0	0.14600
binom	1	0.7	0	0.12000
binom	1	0.8	0	0.14400
binom	1	0.9	0	0.11800
binom	1	0	0.05	0.08900
binom	1	0.1	0.05	0.09700
binom	1	0.2	0.05	0.11400
binom	1	0.3	0.05	0.13600
binom	1	0.4	0.05	0.13000
binom	1	0.5	0.05	0.16700
binom	1	0.6	0.05	0.16700
binom	1	0.7	0.05	0.18900
binom	1	0.8	0.05	0.17600
binom	1	0.9	0.05	0.13400
binom	1	0	0.1	0.16800
binom	1	0.1	0.1	0.15400
binom	1	0.2	0.1	0.17000
binom	1	0.3	0.1	0.15200
binom	1	0.4	0.1	0.20500
binom	1	0.5	0.1	0.18800
binom	1	0.6	0.1	0.16100
binom	1	0.7	0.1	0.19500
binom	1	0.8	0.1	0.18800
binom	1	0.9	0.1	0.14600
binom	1	0	0.2	0.29100
binom	1	0.1	0.2	0.31000
binom	1	0.2	0.2	0.27400
binom	1	0.3	0.2	0.25800
binom	1	0.4	0.2	0.25400
binom	1	0.5	0.2	0.21800
binom	1	0.6	0.2	0.22400
binom	1	0.7	0.2	0.23400
binom	1	0.8	0.2	0.19100
binom	1	0.9	0.2	0.22600
