binom	1	0	0	0.00900
binom	1	0.1	0	0.05100
binom	1	0.2	0	0.08000
binom	1	0.3	0	0.09900
binom	1	0.4	0	0.12600
binom	1	0.5	0	0.15500
binom	1	0.6	0	0.15900
binom	1	0.7	0	0.14100
binom	1	0.8	0	0.11700
binom	1	0.9	0	0.14300
binom	1	0	0.05	0.08300
binom	1	0.1	0.05	0.07500
binom	1	0.2	0.05	0.12500
binom	1	0.3	0.05	0.15200
binom	1	0.4	0.05	0.14600
binom	1	0.5	0.05	0.16000
binom	1	0.6	0.05	0.16200
binom	1	0.7	0.05	0.15500
binom	1	0.8	0.05	0.16800
binom	1	0.9	0.05	0.15900
binom	1	0	0.1	0.15700
binom	1	0.1	0.1	0.16300
binom	1	0.2	0.1	0.15400
binom	1	0.3	0.1	0.16900
binom	1	0.4	0.1	0.17400
binom	1	0.5	0.1	0.17200
binom	1	0.6	0.1	0.17000
binom	1	0.7	0.1	0.16200
binom	1	0.8	0.1	0.17300
binom	1	0.9	0.1	0.15600
binom	1	0	0.2	0.28000
binom	1	0.1	0.2	0.30400
binom	1	0.2	0.2	0.30300
binom	1	0.3	0.2	0.24000
binom	1	0.4	0.2	0.23100
binom	1	0.5	0.2	0.22700
binom	1	0.6	0.2	0.24900
binom	1	0.7	0.2	0.20900
binom	1	0.8	0.2	0.24800
binom	1	0.9	0.2	0.21800
