binom	0.01820
binom	0.02420
binom	0.02080
binom	0.02160
binom	0.02220
binom	0.02400
binom	0.02220
binom	0.02140
binom	0.02200
binom	0.02140
binom	0.02300
binom	0.02280
binom	0.02100
binom	0.02140
binom	0.02320
binom	0.01960
binom	0.02220
binom	0.02080
binom	0.01920
binom	0.02020
binom	0.01920
binom	0.01980
binom	0.02040
binom	0.02480
binom	0.01980
binom	0.01600
binom	0.01760
binom	0.01260
binom	0.02200
binom	0.01800
binom	0.01820
binom	0.01720
binom	0.01280
binom	0.01500
binom	0.01540
binom	0.01300
binom	0.01600
binom	0.01480
binom	0.01780
binom	0.01880
binom	0.01840
binom	0.01600
binom	0.02000
binom	0.01680
binom	0.01560
binom	0.01360
binom	0.01380
binom	0.01220
binom	0.01280
binom	0.01420
binom	0.01500
