binom	1	0	0	0.01300
binom	1	0.1	0	0.03700
binom	1	0.2	0	0.07800
binom	1	0.3	0	0.09900
binom	1	0.4	0	0.11600
binom	1	0.5	0	0.15500
binom	1	0.6	0	0.13800
binom	1	0.7	0	0.13400
binom	1	0.8	0	0.14900
binom	1	0.9	0	0.12800
binom	1	0	0.05	0.07500
binom	1	0.1	0.05	0.10500
binom	1	0.2	0.05	0.10300
binom	1	0.3	0.05	0.14900
binom	1	0.4	0.05	0.16700
binom	1	0.5	0.05	0.16100
binom	1	0.6	0.05	0.20300
binom	1	0.7	0.05	0.17300
binom	1	0.8	0.05	0.17500
binom	1	0.9	0.05	0.15000
binom	1	0	0.1	0.14900
binom	1	0.1	0.1	0.17100
binom	1	0.2	0.1	0.14300
binom	1	0.3	0.1	0.16400
binom	1	0.4	0.1	0.17400
binom	1	0.5	0.1	0.16600
binom	1	0.6	0.1	0.20100
binom	1	0.7	0.1	0.18800
binom	1	0.8	0.1	0.19100
binom	1	0.9	0.1	0.15400
binom	1	0	0.2	0.29500
binom	1	0.1	0.2	0.30000
binom	1	0.2	0.2	0.29400
binom	1	0.3	0.2	0.26600
binom	1	0.4	0.2	0.22400
binom	1	0.5	0.2	0.21800
binom	1	0.6	0.2	0.21700
binom	1	0.7	0.2	0.23800
binom	1	0.8	0.2	0.24000
binom	1	0.9	0.2	0.20300
