binom	1	0	0	0.00400
binom	1	0.1	0	0.03400
binom	1	0.2	0	0.08500
binom	1	0.3	0	0.08900
binom	1	0.4	0	0.11200
binom	1	0.5	0	0.11000
binom	1	0.6	0	0.13900
binom	1	0.7	0	0.15300
binom	1	0.8	0	0.14900
binom	1	0.9	0	0.13000
binom	1	0	0.05	0.08700
binom	1	0.1	0.05	0.07700
binom	1	0.2	0.05	0.11100
binom	1	0.3	0.05	0.12100
binom	1	0.4	0.05	0.13400
binom	1	0.5	0.05	0.17500
binom	1	0.6	0.05	0.17100
binom	1	0.7	0.05	0.18000
binom	1	0.8	0.05	0.16100
binom	1	0.9	0.05	0.15600
binom	1	0	0.1	0.17700
binom	1	0.1	0.1	0.18400
binom	1	0.2	0.1	0.17200
binom	1	0.3	0.1	0.16100
binom	1	0.4	0.1	0.18600
binom	1	0.5	0.1	0.21400
binom	1	0.6	0.1	0.22700
binom	1	0.7	0.1	0.19000
binom	1	0.8	0.1	0.16300
binom	1	0.9	0.1	0.19200
binom	1	0	0.2	0.27500
binom	1	0.1	0.2	0.25300
binom	1	0.2	0.2	0.28000
binom	1	0.3	0.2	0.24700
binom	1	0.4	0.2	0.22500
binom	1	0.5	0.2	0.23200
binom	1	0.6	0.2	0.24400
binom	1	0.7	0.2	0.21100
binom	1	0.8	0.2	0.22000
binom	1	0.9	0.2	0.19600
