binom	1	0	0	0.00900
binom	1	0.1	0	0.05100
binom	1	0.2	0	0.08700
binom	1	0.3	0	0.09200
binom	1	0.4	0	0.12600
binom	1	0.5	0	0.13200
binom	1	0.6	0	0.14900
binom	1	0.7	0	0.13700
binom	1	0.8	0	0.13900
binom	1	0.9	0	0.14300
binom	1	0	0.05	0.09900
binom	1	0.1	0.05	0.09300
binom	1	0.2	0.05	0.11700
binom	1	0.3	0.05	0.13100
binom	1	0.4	0.05	0.15400
binom	1	0.5	0.05	0.16700
binom	1	0.6	0.05	0.17400
binom	1	0.7	0.05	0.18300
binom	1	0.8	0.05	0.17000
binom	1	0.9	0.05	0.16100
binom	1	0	0.1	0.16400
binom	1	0.1	0.1	0.16500
binom	1	0.2	0.1	0.13600
binom	1	0.3	0.1	0.18300
binom	1	0.4	0.1	0.16500
binom	1	0.5	0.1	0.18200
binom	1	0.6	0.1	0.19800
binom	1	0.7	0.1	0.19400
binom	1	0.8	0.1	0.17900
binom	1	0.9	0.1	0.16500
binom	1	0	0.2	0.29600
binom	1	0.1	0.2	0.29400
binom	1	0.2	0.2	0.29500
binom	1	0.3	0.2	0.26700
binom	1	0.4	0.2	0.21600
binom	1	0.5	0.2	0.22300
binom	1	0.6	0.2	0.23500
binom	1	0.7	0.2	0.23100
binom	1	0.8	0.2	0.21800
binom	1	0.9	0.2	0.21000
