binom	1	0	0	0.01300
binom	1	0.1	0	0.04100
binom	1	0.2	0	0.08200
binom	1	0.3	0	0.10000
binom	1	0.4	0	0.12600
binom	1	0.5	0	0.15300
binom	1	0.6	0	0.13700
binom	1	0.7	0	0.14500
binom	1	0.8	0	0.16100
binom	1	0.9	0	0.13200
binom	1	0	0.05	0.07700
binom	1	0.1	0.05	0.08700
binom	1	0.2	0.05	0.12200
binom	1	0.3	0.05	0.12200
binom	1	0.4	0.05	0.15200
binom	1	0.5	0.05	0.16500
binom	1	0.6	0.05	0.15900
binom	1	0.7	0.05	0.15700
binom	1	0.8	0.05	0.16300
binom	1	0.9	0.05	0.14500
binom	1	0	0.1	0.16500
binom	1	0.1	0.1	0.16300
binom	1	0.2	0.1	0.12500
binom	1	0.3	0.1	0.16700
binom	1	0.4	0.1	0.17100
binom	1	0.5	0.1	0.17000
binom	1	0.6	0.1	0.19600
binom	1	0.7	0.1	0.19600
binom	1	0.8	0.1	0.17700
binom	1	0.9	0.1	0.18700
binom	1	0	0.2	0.27800
binom	1	0.1	0.2	0.29000
binom	1	0.2	0.2	0.29200
binom	1	0.3	0.2	0.23500
binom	1	0.4	0.2	0.22500
binom	1	0.5	0.2	0.23400
binom	1	0.6	0.2	0.24600
binom	1	0.7	0.2	0.23800
binom	1	0.8	0.2	0.20400
binom	1	0.9	0.2	0.22200
