binom	1	0	0	0.00900
binom	1	0.1	0	0.04700
binom	1	0.2	0	0.07400
binom	1	0.3	0	0.10100
binom	1	0.4	0	0.10700
binom	1	0.5	0	0.13900
binom	1	0.6	0	0.15100
binom	1	0.7	0	0.15700
binom	1	0.8	0	0.13800
binom	1	0.9	0	0.11500
binom	1	0	0.05	0.09300
binom	1	0.1	0.05	0.08200
binom	1	0.2	0.05	0.11800
binom	1	0.3	0.05	0.12400
binom	1	0.4	0.05	0.15500
binom	1	0.5	0.05	0.17500
binom	1	0.6	0.05	0.16900
binom	1	0.7	0.05	0.17600
binom	1	0.8	0.05	0.16100
binom	1	0.9	0.05	0.14800
binom	1	0	0.1	0.19500
binom	1	0.1	0.1	0.16900
binom	1	0.2	0.1	0.12800
binom	1	0.3	0.1	0.16600
binom	1	0.4	0.1	0.17000
binom	1	0.5	0.1	0.17600
binom	1	0.6	0.1	0.20600
binom	1	0.7	0.1	0.17700
binom	1	0.8	0.1	0.19700
binom	1	0.9	0.1	0.18200
binom	1	0	0.2	0.30000
binom	1	0.1	0.2	0.30500
binom	1	0.2	0.2	0.29100
binom	1	0.3	0.2	0.22000
binom	1	0.4	0.2	0.23800
binom	1	0.5	0.2	0.22400
binom	1	0.6	0.2	0.22200
binom	1	0.7	0.2	0.22700
binom	1	0.8	0.2	0.22000
binom	1	0.9	0.2	0.21500
