binom	1	0	0	0.01000
binom	1	0.1	0	0.03600
binom	1	0.2	0	0.06500
binom	1	0.3	0	0.09800
binom	1	0.4	0	0.10300
binom	1	0.5	0	0.13400
binom	1	0.6	0	0.13800
binom	1	0.7	0	0.12500
binom	1	0.8	0	0.15200
binom	1	0.9	0	0.12700
binom	1	0	0.05	0.09000
binom	1	0.1	0.05	0.07400
binom	1	0.2	0.05	0.11500
binom	1	0.3	0.05	0.14200
binom	1	0.4	0.05	0.16500
binom	1	0.5	0.05	0.16100
binom	1	0.6	0.05	0.17400
binom	1	0.7	0.05	0.18300
binom	1	0.8	0.05	0.17400
binom	1	0.9	0.05	0.14700
binom	1	0	0.1	0.18300
binom	1	0.1	0.1	0.16800
binom	1	0.2	0.1	0.14800
binom	1	0.3	0.1	0.16000
binom	1	0.4	0.1	0.16900
binom	1	0.5	0.1	0.20900
binom	1	0.6	0.1	0.17900
binom	1	0.7	0.1	0.20700
binom	1	0.8	0.1	0.18800
binom	1	0.9	0.1	0.15200
binom	1	0	0.2	0.28900
binom	1	0.1	0.2	0.28900
binom	1	0.2	0.2	0.29000
binom	1	0.3	0.2	0.26300
binom	1	0.4	0.2	0.23900
binom	1	0.5	0.2	0.24000
binom	1	0.6	0.2	0.20100
binom	1	0.7	0.2	0.21500
binom	1	0.8	0.2	0.21700
binom	1	0.9	0.2	0.23800
