binom	1	0	0	0.01700
binom	1	0.1	0	0.03400
binom	1	0.2	0	0.09900
binom	1	0.3	0	0.09200
binom	1	0.4	0	0.11300
binom	1	0.5	0	0.13700
binom	1	0.6	0	0.15300
binom	1	0.7	0	0.15400
binom	1	0.8	0	0.15500
binom	1	0.9	0	0.13000
binom	1	0	0.05	0.10700
binom	1	0.1	0.05	0.08700
binom	1	0.2	0.05	0.12100
binom	1	0.3	0.05	0.13900
binom	1	0.4	0.05	0.14900
binom	1	0.5	0.05	0.15800
binom	1	0.6	0.05	0.17100
binom	1	0.7	0.05	0.16100
binom	1	0.8	0.05	0.16100
binom	1	0.9	0.05	0.15300
binom	1	0	0.1	0.16400
binom	1	0.1	0.1	0.13200
binom	1	0.2	0.1	0.17000
binom	1	0.3	0.1	0.16000
binom	1	0.4	0.1	0.17700
binom	1	0.5	0.1	0.21700
binom	1	0.6	0.1	0.19000
binom	1	0.7	0.1	0.18200
binom	1	0.8	0.1	0.19900
binom	1	0.9	0.1	0.15800
binom	1	0	0.2	0.31900
binom	1	0.1	0.2	0.30200
binom	1	0.2	0.2	0.27200
binom	1	0.3	0.2	0.23600
binom	1	0.4	0.2	0.21800
binom	1	0.5	0.2	0.21700
binom	1	0.6	0.2	0.25200
binom	1	0.7	0.2	0.24600
binom	1	0.8	0.2	0.22100
binom	1	0.9	0.2	0.18700
