uniform	0.00580
uniform	0.00840
uniform	0.00840
uniform	0.00940
uniform	0.00960
uniform	0.01180
uniform	0.00880
uniform	0.01020
uniform	0.00980
uniform	0.01120
uniform	0.01120
uniform	0.01080
uniform	0.00960
uniform	0.01040
uniform	0.01220
uniform	0.00780
uniform	0.00800
uniform	0.01120
uniform	0.00920
uniform	0.00960
uniform	0.00960
uniform	0.01000
uniform	0.00940
uniform	0.00960
uniform	0.01180
uniform	0.01040
uniform	0.00940
uniform	0.01140
uniform	0.00900
uniform	0.01220
uniform	0.01140
uniform	0.01280
uniform	0.00900
uniform	0.00940
uniform	0.01140
uniform	0.00740
uniform	0.01160
uniform	0.01360
uniform	0.00960
uniform	0.00900
uniform	0.00900
uniform	0.01120
uniform	0.01060
uniform	0.01040
uniform	0.01240
uniform	0.01080
uniform	0.00980
uniform	0.00940
uniform	0.00960
uniform	0.00840
uniform	0.00900
