binom	1	0	0	0.00500
binom	1	0.1	0	0.03600
binom	1	0.2	0	0.08000
binom	1	0.3	0	0.10000
binom	1	0.4	0	0.12100
binom	1	0.5	0	0.14200
binom	1	0.6	0	0.16300
binom	1	0.7	0	0.12500
binom	1	0.8	0	0.14900
binom	1	0.9	0	0.13100
binom	1	0	0.05	0.11500
binom	1	0.1	0.05	0.06800
binom	1	0.2	0.05	0.12200
binom	1	0.3	0.05	0.12900
binom	1	0.4	0.05	0.14000
binom	1	0.5	0.05	0.15600
binom	1	0.6	0.05	0.16700
binom	1	0.7	0.05	0.17600
binom	1	0.8	0.05	0.17000
binom	1	0.9	0.05	0.16400
binom	1	0	0.1	0.14800
binom	1	0.1	0.1	0.16000
binom	1	0.2	0.1	0.14400
binom	1	0.3	0.1	0.16900
binom	1	0.4	0.1	0.18400
binom	1	0.5	0.1	0.17400
binom	1	0.6	0.1	0.18200
binom	1	0.7	0.1	0.20400
binom	1	0.8	0.1	0.17500
binom	1	0.9	0.1	0.16900
binom	1	0	0.2	0.29600
binom	1	0.1	0.2	0.29900
binom	1	0.2	0.2	0.26600
binom	1	0.3	0.2	0.25500
binom	1	0.4	0.2	0.22200
binom	1	0.5	0.2	0.23600
binom	1	0.6	0.2	0.21400
binom	1	0.7	0.2	0.21800
binom	1	0.8	0.2	0.22700
binom	1	0.9	0.2	0.22300
