binom	1	0	0	0.01000
binom	1	0.1	0	0.04400
binom	1	0.2	0	0.08800
binom	1	0.3	0	0.09100
binom	1	0.4	0	0.14800
binom	1	0.5	0	0.14400
binom	1	0.6	0	0.13500
binom	1	0.7	0	0.13000
binom	1	0.8	0	0.16300
binom	1	0.9	0	0.13700
binom	1	0	0.05	0.09800
binom	1	0.1	0.05	0.07200
binom	1	0.2	0.05	0.12000
binom	1	0.3	0.05	0.12600
binom	1	0.4	0.05	0.15100
binom	1	0.5	0.05	0.15600
binom	1	0.6	0.05	0.16100
binom	1	0.7	0.05	0.16400
binom	1	0.8	0.05	0.16800
binom	1	0.9	0.05	0.17300
binom	1	0	0.1	0.16200
binom	1	0.1	0.1	0.16500
binom	1	0.2	0.1	0.13800
binom	1	0.3	0.1	0.14800
binom	1	0.4	0.1	0.19900
binom	1	0.5	0.1	0.19100
binom	1	0.6	0.1	0.19100
binom	1	0.7	0.1	0.21900
binom	1	0.8	0.1	0.21300
binom	1	0.9	0.1	0.18600
binom	1	0	0.2	0.30300
binom	1	0.1	0.2	0.28100
binom	1	0.2	0.2	0.27500
binom	1	0.3	0.2	0.24400
binom	1	0.4	0.2	0.21900
binom	1	0.5	0.2	0.21800
binom	1	0.6	0.2	0.22900
binom	1	0.7	0.2	0.20800
binom	1	0.8	0.2	0.22400
binom	1	0.9	0.2	0.21100
