binom	1	0	0	0.00700
binom	1	0.1	0	0.05100
binom	1	0.2	0	0.07600
binom	1	0.3	0	0.10300
binom	1	0.4	0	0.12700
binom	1	0.5	0	0.13700
binom	1	0.6	0	0.13300
binom	1	0.7	0	0.13700
binom	1	0.8	0	0.13000
binom	1	0.9	0	0.13200
binom	1	0	0.05	0.10700
binom	1	0.1	0.05	0.08000
binom	1	0.2	0.05	0.11500
binom	1	0.3	0.05	0.12600
binom	1	0.4	0.05	0.14000
binom	1	0.5	0.05	0.16400
binom	1	0.6	0.05	0.14700
binom	1	0.7	0.05	0.15600
binom	1	0.8	0.05	0.15600
binom	1	0.9	0.05	0.15100
binom	1	0	0.1	0.15800
binom	1	0.1	0.1	0.16900
binom	1	0.2	0.1	0.14100
binom	1	0.3	0.1	0.15100
binom	1	0.4	0.1	0.17400
binom	1	0.5	0.1	0.19700
binom	1	0.6	0.1	0.18800
binom	1	0.7	0.1	0.19200
binom	1	0.8	0.1	0.19000
binom	1	0.9	0.1	0.17400
binom	1	0	0.2	0.30700
binom	1	0.1	0.2	0.28200
binom	1	0.2	0.2	0.27900
binom	1	0.3	0.2	0.25100
binom	1	0.4	0.2	0.21000
binom	1	0.5	0.2	0.22900
binom	1	0.6	0.2	0.22500
binom	1	0.7	0.2	0.22100
binom	1	0.8	0.2	0.22100
binom	1	0.9	0.2	0.20000
