binom	1	0	0	0.00500
binom	1	0.1	0	0.05100
binom	1	0.2	0	0.08300
binom	1	0.3	0	0.11200
binom	1	0.4	0	0.13200
binom	1	0.5	0	0.14500
binom	1	0.6	0	0.15200
binom	1	0.7	0	0.15600
binom	1	0.8	0	0.15500
binom	1	0.9	0	0.14700
binom	1	0	0.05	0.08800
binom	1	0.1	0.05	0.07800
binom	1	0.2	0.05	0.11100
binom	1	0.3	0.05	0.13500
binom	1	0.4	0.05	0.14000
binom	1	0.5	0.05	0.15800
binom	1	0.6	0.05	0.18000
binom	1	0.7	0.05	0.18000
binom	1	0.8	0.05	0.17500
binom	1	0.9	0.05	0.16400
binom	1	0	0.1	0.18800
binom	1	0.1	0.1	0.14700
binom	1	0.2	0.1	0.15100
binom	1	0.3	0.1	0.15400
binom	1	0.4	0.1	0.18600
binom	1	0.5	0.1	0.18000
binom	1	0.6	0.1	0.18000
binom	1	0.7	0.1	0.17800
binom	1	0.8	0.1	0.17800
binom	1	0.9	0.1	0.17200
binom	1	0	0.2	0.31300
binom	1	0.1	0.2	0.33100
binom	1	0.2	0.2	0.26600
binom	1	0.3	0.2	0.24200
binom	1	0.4	0.2	0.21000
binom	1	0.5	0.2	0.24300
binom	1	0.6	0.2	0.24800
binom	1	0.7	0.2	0.22200
binom	1	0.8	0.2	0.24300
binom	1	0.9	0.2	0.21700
