binom	1	0	0	0.01000
binom	1	0.1	0	0.04900
binom	1	0.2	0	0.08100
binom	1	0.3	0	0.12000
binom	1	0.4	0	0.14500
binom	1	0.5	0	0.14500
binom	1	0.6	0	0.15500
binom	1	0.7	0	0.14800
binom	1	0.8	0	0.14000
binom	1	0.9	0	0.11900
binom	1	0	0.05	0.09900
binom	1	0.1	0.05	0.09100
binom	1	0.2	0.05	0.11100
binom	1	0.3	0.05	0.13400
binom	1	0.4	0.05	0.15800
binom	1	0.5	0.05	0.13900
binom	1	0.6	0.05	0.16400
binom	1	0.7	0.05	0.19700
binom	1	0.8	0.05	0.17900
binom	1	0.9	0.05	0.13600
binom	1	0	0.1	0.19300
binom	1	0.1	0.1	0.15600
binom	1	0.2	0.1	0.14400
binom	1	0.3	0.1	0.17900
binom	1	0.4	0.1	0.17500
binom	1	0.5	0.1	0.18500
binom	1	0.6	0.1	0.19500
binom	1	0.7	0.1	0.18300
binom	1	0.8	0.1	0.18200
binom	1	0.9	0.1	0.15900
binom	1	0	0.2	0.30400
binom	1	0.1	0.2	0.30300
binom	1	0.2	0.2	0.31900
binom	1	0.3	0.2	0.23300
binom	1	0.4	0.2	0.21200
binom	1	0.5	0.2	0.22100
binom	1	0.6	0.2	0.22900
binom	1	0.7	0.2	0.22300
binom	1	0.8	0.2	0.21200
binom	1	0.9	0.2	0.21700
