binom	1	0	0	0.00400
binom	1	0.1	0	0.04800
binom	1	0.2	0	0.07400
binom	1	0.3	0	0.10300
binom	1	0.4	0	0.12200
binom	1	0.5	0	0.14400
binom	1	0.6	0	0.15000
binom	1	0.7	0	0.14700
binom	1	0.8	0	0.12700
binom	1	0.9	0	0.13900
binom	1	0	0.05	0.07700
binom	1	0.1	0.05	0.09100
binom	1	0.2	0.05	0.13800
binom	1	0.3	0.05	0.13200
binom	1	0.4	0.05	0.17000
binom	1	0.5	0.05	0.18200
binom	1	0.6	0.05	0.15700
binom	1	0.7	0.05	0.15700
binom	1	0.8	0.05	0.15900
binom	1	0.9	0.05	0.14000
binom	1	0	0.1	0.18000
binom	1	0.1	0.1	0.18100
binom	1	0.2	0.1	0.16100
binom	1	0.3	0.1	0.18900
binom	1	0.4	0.1	0.17600
binom	1	0.5	0.1	0.19200
binom	1	0.6	0.1	0.18800
binom	1	0.7	0.1	0.18000
binom	1	0.8	0.1	0.16200
binom	1	0.9	0.1	0.17000
binom	1	0	0.2	0.29600
binom	1	0.1	0.2	0.30700
binom	1	0.2	0.2	0.27900
binom	1	0.3	0.2	0.24600
binom	1	0.4	0.2	0.20400
binom	1	0.5	0.2	0.25200
binom	1	0.6	0.2	0.25600
binom	1	0.7	0.2	0.23500
binom	1	0.8	0.2	0.23700
binom	1	0.9	0.2	0.21800
