binom	1	0	0	0.01400
binom	1	0.1	0	0.04900
binom	1	0.2	0	0.08700
binom	1	0.3	0	0.09300
binom	1	0.4	0	0.12100
binom	1	0.5	0	0.15100
binom	1	0.6	0	0.15200
binom	1	0.7	0	0.14100
binom	1	0.8	0	0.14100
binom	1	0.9	0	0.14100
binom	1	0	0.05	0.10400
binom	1	0.1	0.05	0.08300
binom	1	0.2	0.05	0.10800
binom	1	0.3	0.05	0.14100
binom	1	0.4	0.05	0.15300
binom	1	0.5	0.05	0.17600
binom	1	0.6	0.05	0.16400
binom	1	0.7	0.05	0.18100
binom	1	0.8	0.05	0.14500
binom	1	0.9	0.05	0.14700
binom	1	0	0.1	0.14800
binom	1	0.1	0.1	0.16700
binom	1	0.2	0.1	0.13100
binom	1	0.3	0.1	0.15900
binom	1	0.4	0.1	0.17300
binom	1	0.5	0.1	0.19500
binom	1	0.6	0.1	0.19400
binom	1	0.7	0.1	0.17400
binom	1	0.8	0.1	0.18100
binom	1	0.9	0.1	0.15700
binom	1	0	0.2	0.28000
binom	1	0.1	0.2	0.30000
binom	1	0.2	0.2	0.26600
binom	1	0.3	0.2	0.24700
binom	1	0.4	0.2	0.22300
binom	1	0.5	0.2	0.20100
binom	1	0.6	0.2	0.24100
binom	1	0.7	0.2	0.24300
binom	1	0.8	0.2	0.21500
binom	1	0.9	0.2	0.19800
