binom	1	0	0	0.00700
binom	1	0.1	0	0.04800
binom	1	0.2	0	0.07500
binom	1	0.3	0	0.10200
binom	1	0.4	0	0.11300
binom	1	0.5	0	0.14400
binom	1	0.6	0	0.12400
binom	1	0.7	0	0.14100
binom	1	0.8	0	0.12600
binom	1	0.9	0	0.13300
binom	1	0	0.05	0.08800
binom	1	0.1	0.05	0.07400
binom	1	0.2	0.05	0.10400
binom	1	0.3	0.05	0.13400
binom	1	0.4	0.05	0.13500
binom	1	0.5	0.05	0.16900
binom	1	0.6	0.05	0.15300
binom	1	0.7	0.05	0.17000
binom	1	0.8	0.05	0.16000
binom	1	0.9	0.05	0.16900
binom	1	0	0.1	0.19000
binom	1	0.1	0.1	0.14500
binom	1	0.2	0.1	0.15300
binom	1	0.3	0.1	0.17900
binom	1	0.4	0.1	0.18800
binom	1	0.5	0.1	0.19900
binom	1	0.6	0.1	0.20500
binom	1	0.7	0.1	0.19900
binom	1	0.8	0.1	0.17700
binom	1	0.9	0.1	0.17700
binom	1	0	0.2	0.29700
binom	1	0.1	0.2	0.31900
binom	1	0.2	0.2	0.26800
binom	1	0.3	0.2	0.24100
binom	1	0.4	0.2	0.20600
binom	1	0.5	0.2	0.21600
binom	1	0.6	0.2	0.22200
binom	1	0.7	0.2	0.25300
binom	1	0.8	0.2	0.22300
binom	1	0.9	0.2	0.22400
