binom	1	0	0	0.01000
binom	1	0.1	0	0.04400
binom	1	0.2	0	0.07800
binom	1	0.3	0	0.10600
binom	1	0.4	0	0.12900
binom	1	0.5	0	0.11800
binom	1	0.6	0	0.14100
binom	1	0.7	0	0.15000
binom	1	0.8	0	0.15000
binom	1	0.9	0	0.15900
binom	1	0	0.05	0.09300
binom	1	0.1	0.05	0.11200
binom	1	0.2	0.05	0.10600
binom	1	0.3	0.05	0.12000
binom	1	0.4	0.05	0.15900
binom	1	0.5	0.05	0.18000
binom	1	0.6	0.05	0.14600
binom	1	0.7	0.05	0.20200
binom	1	0.8	0.05	0.16000
binom	1	0.9	0.05	0.15200
binom	1	0	0.1	0.15600
binom	1	0.1	0.1	0.15100
binom	1	0.2	0.1	0.14600
binom	1	0.3	0.1	0.17600
binom	1	0.4	0.1	0.17300
binom	1	0.5	0.1	0.16700
binom	1	0.6	0.1	0.18800
binom	1	0.7	0.1	0.17100
binom	1	0.8	0.1	0.19000
binom	1	0.9	0.1	0.17200
binom	1	0	0.2	0.29600
binom	1	0.1	0.2	0.28000
binom	1	0.2	0.2	0.28400
binom	1	0.3	0.2	0.24100
binom	1	0.4	0.2	0.23000
binom	1	0.5	0.2	0.23200
binom	1	0.6	0.2	0.21600
binom	1	0.7	0.2	0.22200
binom	1	0.8	0.2	0.21900
binom	1	0.9	0.2	0.21100
