binom	1	0	0	0.01900
binom	1	0.1	0	0.05000
binom	1	0.2	0	0.07800
binom	1	0.3	0	0.11800
binom	1	0.4	0	0.12100
binom	1	0.5	0	0.14100
binom	1	0.6	0	0.14700
binom	1	0.7	0	0.14500
binom	1	0.8	0	0.14400
binom	1	0.9	0	0.11700
binom	1	0	0.05	0.11200
binom	1	0.1	0.05	0.11400
binom	1	0.2	0.05	0.12400
binom	1	0.3	0.05	0.13400
binom	1	0.4	0.05	0.14400
binom	1	0.5	0.05	0.14500
binom	1	0.6	0.05	0.15300
binom	1	0.7	0.05	0.15600
binom	1	0.8	0.05	0.17900
binom	1	0.9	0.05	0.15600
binom	1	0	0.1	0.16100
binom	1	0.1	0.1	0.16200
binom	1	0.2	0.1	0.15600
binom	1	0.3	0.1	0.17400
binom	1	0.4	0.1	0.18300
binom	1	0.5	0.1	0.18600
binom	1	0.6	0.1	0.19000
binom	1	0.7	0.1	0.22600
binom	1	0.8	0.1	0.18200
binom	1	0.9	0.1	0.17100
binom	1	0	0.2	0.31100
binom	1	0.1	0.2	0.30200
binom	1	0.2	0.2	0.28900
binom	1	0.3	0.2	0.25700
binom	1	0.4	0.2	0.22900
binom	1	0.5	0.2	0.22500
binom	1	0.6	0.2	0.21800
binom	1	0.7	0.2	0.21900
binom	1	0.8	0.2	0.22000
binom	1	0.9	0.2	0.21600
