binom	1	0	0	0.00900
binom	1	0.1	0	0.03100
binom	1	0.2	0	0.08600
binom	1	0.3	0	0.10900
binom	1	0.4	0	0.13500
binom	1	0.5	0	0.15200
binom	1	0.6	0	0.15000
binom	1	0.7	0	0.17500
binom	1	0.8	0	0.12800
binom	1	0.9	0	0.12700
binom	1	0	0.05	0.10300
binom	1	0.1	0.05	0.09900
binom	1	0.2	0.05	0.10600
binom	1	0.3	0.05	0.14700
binom	1	0.4	0.05	0.15300
binom	1	0.5	0.05	0.15200
binom	1	0.6	0.05	0.16800
binom	1	0.7	0.05	0.17200
binom	1	0.8	0.05	0.16500
binom	1	0.9	0.05	0.14000
binom	1	0	0.1	0.15500
binom	1	0.1	0.1	0.16700
binom	1	0.2	0.1	0.14500
binom	1	0.3	0.1	0.16000
binom	1	0.4	0.1	0.15700
binom	1	0.5	0.1	0.19200
binom	1	0.6	0.1	0.19200
binom	1	0.7	0.1	0.17800
binom	1	0.8	0.1	0.18400
binom	1	0.9	0.1	0.16500
binom	1	0	0.2	0.31600
binom	1	0.1	0.2	0.27200
binom	1	0.2	0.2	0.26000
binom	1	0.3	0.2	0.24600
binom	1	0.4	0.2	0.21300
binom	1	0.5	0.2	0.20900
binom	1	0.6	0.2	0.24100
binom	1	0.7	0.2	0.24400
binom	1	0.8	0.2	0.21500
binom	1	0.9	0.2	0.21800
