binom	1	0	0	0.01300
binom	1	0.1	0	0.04200
binom	1	0.2	0	0.08100
binom	1	0.3	0	0.10000
binom	1	0.4	0	0.10900
binom	1	0.5	0	0.14000
binom	1	0.6	0	0.13200
binom	1	0.7	0	0.15500
binom	1	0.8	0	0.14100
binom	1	0.9	0	0.12600
binom	1	0	0.05	0.10100
binom	1	0.1	0.05	0.10200
binom	1	0.2	0.05	0.12300
binom	1	0.3	0.05	0.12600
binom	1	0.4	0.05	0.15900
binom	1	0.5	0.05	0.15800
binom	1	0.6	0.05	0.15900
binom	1	0.7	0.05	0.15200
binom	1	0.8	0.05	0.14800
binom	1	0.9	0.05	0.14000
binom	1	0	0.1	0.17700
binom	1	0.1	0.1	0.15300
binom	1	0.2	0.1	0.16000
binom	1	0.3	0.1	0.15600
binom	1	0.4	0.1	0.18700
binom	1	0.5	0.1	0.18900
binom	1	0.6	0.1	0.18000
binom	1	0.7	0.1	0.20300
binom	1	0.8	0.1	0.20000
binom	1	0.9	0.1	0.15900
binom	1	0	0.2	0.28700
binom	1	0.1	0.2	0.28300
binom	1	0.2	0.2	0.28600
binom	1	0.3	0.2	0.26700
binom	1	0.4	0.2	0.22600
binom	1	0.5	0.2	0.23700
binom	1	0.6	0.2	0.24500
binom	1	0.7	0.2	0.23700
binom	1	0.8	0.2	0.20900
binom	1	0.9	0.2	0.20200
