binom	1	0	0	0.01100
binom	1	0.1	0	0.03400
binom	1	0.2	0	0.07300
binom	1	0.3	0	0.11000
binom	1	0.4	0	0.12600
binom	1	0.5	0	0.13100
binom	1	0.6	0	0.13400
binom	1	0.7	0	0.14700
binom	1	0.8	0	0.15700
binom	1	0.9	0	0.12000
binom	1	0	0.05	0.11700
binom	1	0.1	0.05	0.07800
binom	1	0.2	0.05	0.12400
binom	1	0.3	0.05	0.14500
binom	1	0.4	0.05	0.14600
binom	1	0.5	0.05	0.16200
binom	1	0.6	0.05	0.16200
binom	1	0.7	0.05	0.17300
binom	1	0.8	0.05	0.20300
binom	1	0.9	0.05	0.15200
binom	1	0	0.1	0.17300
binom	1	0.1	0.1	0.18300
binom	1	0.2	0.1	0.15600
binom	1	0.3	0.1	0.16300
binom	1	0.4	0.1	0.19100
binom	1	0.5	0.1	0.18800
binom	1	0.6	0.1	0.18800
binom	1	0.7	0.1	0.20100
binom	1	0.8	0.1	0.17700
binom	1	0.9	0.1	0.15400
binom	1	0	0.2	0.29000
binom	1	0.1	0.2	0.30000
binom	1	0.2	0.2	0.27200
binom	1	0.3	0.2	0.25700
binom	1	0.4	0.2	0.23100
binom	1	0.5	0.2	0.21000
binom	1	0.6	0.2	0.21100
binom	1	0.7	0.2	0.19400
binom	1	0.8	0.2	0.24100
binom	1	0.9	0.2	0.22600
