binom	1	0	0	0.01500
binom	1	0.1	0	0.04400
binom	1	0.2	0	0.08800
binom	1	0.3	0	0.11600
binom	1	0.4	0	0.11400
binom	1	0.5	0	0.13500
binom	1	0.6	0	0.14200
binom	1	0.7	0	0.13500
binom	1	0.8	0	0.14200
binom	1	0.9	0	0.15000
binom	1	0	0.05	0.09800
binom	1	0.1	0.05	0.08300
binom	1	0.2	0.05	0.11800
binom	1	0.3	0.05	0.13300
binom	1	0.4	0.05	0.15200
binom	1	0.5	0.05	0.14700
binom	1	0.6	0.05	0.18100
binom	1	0.7	0.05	0.16600
binom	1	0.8	0.05	0.14600
binom	1	0.9	0.05	0.17100
binom	1	0	0.1	0.20500
binom	1	0.1	0.1	0.16100
binom	1	0.2	0.1	0.14500
binom	1	0.3	0.1	0.17500
binom	1	0.4	0.1	0.16500
binom	1	0.5	0.1	0.17500
binom	1	0.6	0.1	0.21500
binom	1	0.7	0.1	0.20000
binom	1	0.8	0.1	0.17500
binom	1	0.9	0.1	0.16200
binom	1	0	0.2	0.31600
binom	1	0.1	0.2	0.30600
binom	1	0.2	0.2	0.26100
binom	1	0.3	0.2	0.24900
binom	1	0.4	0.2	0.23700
binom	1	0.5	0.2	0.23700
binom	1	0.6	0.2	0.21400
binom	1	0.7	0.2	0.21000
binom	1	0.8	0.2	0.23100
binom	1	0.9	0.2	0.22000
