binom	1	0	0	0.00500
binom	1	0.1	0	0.05500
binom	1	0.2	0	0.07700
binom	1	0.3	0	0.10600
binom	1	0.4	0	0.11100
binom	1	0.5	0	0.13700
binom	1	0.6	0	0.12600
binom	1	0.7	0	0.13100
binom	1	0.8	0	0.13600
binom	1	0.9	0	0.12200
binom	1	0	0.05	0.08100
binom	1	0.1	0.05	0.09400
binom	1	0.2	0.05	0.08800
binom	1	0.3	0.05	0.15400
binom	1	0.4	0.05	0.15400
binom	1	0.5	0.05	0.15400
binom	1	0.6	0.05	0.15700
binom	1	0.7	0.05	0.17100
binom	1	0.8	0.05	0.17100
binom	1	0.9	0.05	0.15400
binom	1	0	0.1	0.16000
binom	1	0.1	0.1	0.14800
binom	1	0.2	0.1	0.14800
binom	1	0.3	0.1	0.17900
binom	1	0.4	0.1	0.17800
binom	1	0.5	0.1	0.20700
binom	1	0.6	0.1	0.16900
binom	1	0.7	0.1	0.17000
binom	1	0.8	0.1	0.18100
binom	1	0.9	0.1	0.18700
binom	1	0	0.2	0.31300
binom	1	0.1	0.2	0.29500
binom	1	0.2	0.2	0.26100
binom	1	0.3	0.2	0.26200
binom	1	0.4	0.2	0.25200
binom	1	0.5	0.2	0.21100
binom	1	0.6	0.2	0.24800
binom	1	0.7	0.2	0.23600
binom	1	0.8	0.2	0.23200
binom	1	0.9	0.2	0.19900
