binom	1	0	0	0.00900
binom	1	0.1	0	0.04600
binom	1	0.2	0	0.08100
binom	1	0.3	0	0.11000
binom	1	0.4	0	0.11900
binom	1	0.5	0	0.12900
binom	1	0.6	0	0.14200
binom	1	0.7	0	0.14200
binom	1	0.8	0	0.16000
binom	1	0.9	0	0.14700
binom	1	0	0.05	0.10700
binom	1	0.1	0.05	0.08700
binom	1	0.2	0.05	0.12600
binom	1	0.3	0.05	0.15200
binom	1	0.4	0.05	0.15400
binom	1	0.5	0.05	0.18000
binom	1	0.6	0.05	0.18500
binom	1	0.7	0.05	0.18100
binom	1	0.8	0.05	0.17400
binom	1	0.9	0.05	0.16900
binom	1	0	0.1	0.15700
binom	1	0.1	0.1	0.18600
binom	1	0.2	0.1	0.15500
binom	1	0.3	0.1	0.17200
binom	1	0.4	0.1	0.17000
binom	1	0.5	0.1	0.18200
binom	1	0.6	0.1	0.19200
binom	1	0.7	0.1	0.17500
binom	1	0.8	0.1	0.19000
binom	1	0.9	0.1	0.16800
binom	1	0	0.2	0.28000
binom	1	0.1	0.2	0.30700
binom	1	0.2	0.2	0.26500
binom	1	0.3	0.2	0.24900
binom	1	0.4	0.2	0.21600
binom	1	0.5	0.2	0.23500
binom	1	0.6	0.2	0.27600
binom	1	0.7	0.2	0.25400
binom	1	0.8	0.2	0.22400
binom	1	0.9	0.2	0.21800
