binom	1	0	0	0.01400
binom	1	0.1	0	0.04000
binom	1	0.2	0	0.06200
binom	1	0.3	0	0.10200
binom	1	0.4	0	0.12000
binom	1	0.5	0	0.14400
binom	1	0.6	0	0.15400
binom	1	0.7	0	0.12900
binom	1	0.8	0	0.13700
binom	1	0.9	0	0.13300
binom	1	0	0.05	0.08800
binom	1	0.1	0.05	0.07500
binom	1	0.2	0.05	0.11200
binom	1	0.3	0.05	0.14000
binom	1	0.4	0.05	0.15200
binom	1	0.5	0.05	0.14200
binom	1	0.6	0.05	0.15800
binom	1	0.7	0.05	0.16600
binom	1	0.8	0.05	0.18700
binom	1	0.9	0.05	0.16800
binom	1	0	0.1	0.15500
binom	1	0.1	0.1	0.14500
binom	1	0.2	0.1	0.12400
binom	1	0.3	0.1	0.14900
binom	1	0.4	0.1	0.16400
binom	1	0.5	0.1	0.19500
binom	1	0.6	0.1	0.21500
binom	1	0.7	0.1	0.17100
binom	1	0.8	0.1	0.16800
binom	1	0.9	0.1	0.16900
binom	1	0	0.2	0.31300
binom	1	0.1	0.2	0.31000
binom	1	0.2	0.2	0.28900
binom	1	0.3	0.2	0.21900
binom	1	0.4	0.2	0.22600
binom	1	0.5	0.2	0.22200
binom	1	0.6	0.2	0.24500
binom	1	0.7	0.2	0.23100
binom	1	0.8	0.2	0.22200
binom	1	0.9	0.2	0.22500
