binom	1	0	0	0.01000
binom	1	0.1	0	0.04600
binom	1	0.2	0	0.08300
binom	1	0.3	0	0.09500
binom	1	0.4	0	0.14500
binom	1	0.5	0	0.14200
binom	1	0.6	0	0.14900
binom	1	0.7	0	0.12800
binom	1	0.8	0	0.13400
binom	1	0.9	0	0.10500
binom	1	0	0.05	0.09100
binom	1	0.1	0.05	0.08600
binom	1	0.2	0.05	0.11600
binom	1	0.3	0.05	0.12900
binom	1	0.4	0.05	0.15600
binom	1	0.5	0.05	0.14200
binom	1	0.6	0.05	0.15800
binom	1	0.7	0.05	0.16200
binom	1	0.8	0.05	0.16000
binom	1	0.9	0.05	0.14900
binom	1	0	0.1	0.16600
binom	1	0.1	0.1	0.14200
binom	1	0.2	0.1	0.13600
binom	1	0.3	0.1	0.15600
binom	1	0.4	0.1	0.20300
binom	1	0.5	0.1	0.19600
binom	1	0.6	0.1	0.20200
binom	1	0.7	0.1	0.20600
binom	1	0.8	0.1	0.18300
binom	1	0.9	0.1	0.17300
binom	1	0	0.2	0.28000
binom	1	0.1	0.2	0.28100
binom	1	0.2	0.2	0.26000
binom	1	0.3	0.2	0.26100
binom	1	0.4	0.2	0.21600
binom	1	0.5	0.2	0.24100
binom	1	0.6	0.2	0.23600
binom	1	0.7	0.2	0.22900
binom	1	0.8	0.2	0.23000
binom	1	0.9	0.2	0.21100
