binom	1	0	0	0.00800
binom	1	0.1	0	0.03600
binom	1	0.2	0	0.08000
binom	1	0.3	0	0.09500
binom	1	0.4	0	0.13200
binom	1	0.5	0	0.14500
binom	1	0.6	0	0.15800
binom	1	0.7	0	0.15900
binom	1	0.8	0	0.12900
binom	1	0.9	0	0.13300
binom	1	0	0.05	0.09300
binom	1	0.1	0.05	0.09500
binom	1	0.2	0.05	0.12600
binom	1	0.3	0.05	0.13800
binom	1	0.4	0.05	0.14500
binom	1	0.5	0.05	0.14600
binom	1	0.6	0.05	0.16900
binom	1	0.7	0.05	0.18600
binom	1	0.8	0.05	0.15700
binom	1	0.9	0.05	0.16300
binom	1	0	0.1	0.17000
binom	1	0.1	0.1	0.15400
binom	1	0.2	0.1	0.13200
binom	1	0.3	0.1	0.17500
binom	1	0.4	0.1	0.19200
binom	1	0.5	0.1	0.19500
binom	1	0.6	0.1	0.18700
binom	1	0.7	0.1	0.20200
binom	1	0.8	0.1	0.16800
binom	1	0.9	0.1	0.17600
binom	1	0	0.2	0.32300
binom	1	0.1	0.2	0.29700
binom	1	0.2	0.2	0.29000
binom	1	0.3	0.2	0.25500
binom	1	0.4	0.2	0.21200
binom	1	0.5	0.2	0.24000
binom	1	0.6	0.2	0.24800
binom	1	0.7	0.2	0.23600
binom	1	0.8	0.2	0.24600
binom	1	0.9	0.2	0.20200
