binom	1	0	0	0.01000
binom	1	0.1	0	0.04200
binom	1	0.2	0	0.06900
binom	1	0.3	0	0.12700
binom	1	0.4	0	0.11900
binom	1	0.5	0	0.13800
binom	1	0.6	0	0.15500
binom	1	0.7	0	0.15400
binom	1	0.8	0	0.12700
binom	1	0.9	0	0.12700
binom	1	0	0.05	0.10400
binom	1	0.1	0.05	0.07600
binom	1	0.2	0.05	0.11300
binom	1	0.3	0.05	0.15600
binom	1	0.4	0.05	0.14100
binom	1	0.5	0.05	0.15700
binom	1	0.6	0.05	0.15200
binom	1	0.7	0.05	0.16800
binom	1	0.8	0.05	0.19800
binom	1	0.9	0.05	0.18200
binom	1	0	0.1	0.17900
binom	1	0.1	0.1	0.16100
binom	1	0.2	0.1	0.14000
binom	1	0.3	0.1	0.15900
binom	1	0.4	0.1	0.18000
binom	1	0.5	0.1	0.17600
binom	1	0.6	0.1	0.18900
binom	1	0.7	0.1	0.19000
binom	1	0.8	0.1	0.20600
binom	1	0.9	0.1	0.17000
binom	1	0	0.2	0.29300
binom	1	0.1	0.2	0.29200
binom	1	0.2	0.2	0.28900
binom	1	0.3	0.2	0.23000
binom	1	0.4	0.2	0.24500
binom	1	0.5	0.2	0.23200
binom	1	0.6	0.2	0.22700
binom	1	0.7	0.2	0.23800
binom	1	0.8	0.2	0.21700
binom	1	0.9	0.2	0.19900
