binom	1	0	0	0.00900
binom	1	0.1	0	0.04100
binom	1	0.2	0	0.07300
binom	1	0.3	0	0.12400
binom	1	0.4	0	0.13100
binom	1	0.5	0	0.11500
binom	1	0.6	0	0.13500
binom	1	0.7	0	0.12900
binom	1	0.8	0	0.15000
binom	1	0.9	0	0.15100
binom	1	0	0.05	0.09700
binom	1	0.1	0.05	0.08700
binom	1	0.2	0.05	0.11300
binom	1	0.3	0.05	0.13800
binom	1	0.4	0.05	0.14100
binom	1	0.5	0.05	0.17900
binom	1	0.6	0.05	0.17300
binom	1	0.7	0.05	0.16800
binom	1	0.8	0.05	0.15300
binom	1	0.9	0.05	0.14600
binom	1	0	0.1	0.16200
binom	1	0.1	0.1	0.15800
binom	1	0.2	0.1	0.15400
binom	1	0.3	0.1	0.15500
binom	1	0.4	0.1	0.17400
binom	1	0.5	0.1	0.17100
binom	1	0.6	0.1	0.19400
binom	1	0.7	0.1	0.20600
binom	1	0.8	0.1	0.18600
binom	1	0.9	0.1	0.19400
binom	1	0	0.2	0.31600
binom	1	0.1	0.2	0.32700
binom	1	0.2	0.2	0.27400
binom	1	0.3	0.2	0.25100
binom	1	0.4	0.2	0.22500
binom	1	0.5	0.2	0.22600
binom	1	0.6	0.2	0.23800
binom	1	0.7	0.2	0.23500
binom	1	0.8	0.2	0.21700
binom	1	0.9	0.2	0.20200
