binom	1	0	0	0.01200
binom	1	0.1	0	0.04600
binom	1	0.2	0	0.06900
binom	1	0.3	0	0.09700
binom	1	0.4	0	0.12500
binom	1	0.5	0	0.13100
binom	1	0.6	0	0.14100
binom	1	0.7	0	0.16200
binom	1	0.8	0	0.14300
binom	1	0.9	0	0.12900
binom	1	0	0.05	0.09600
binom	1	0.1	0.05	0.09700
binom	1	0.2	0.05	0.11500
binom	1	0.3	0.05	0.15000
binom	1	0.4	0.05	0.14600
binom	1	0.5	0.05	0.16200
binom	1	0.6	0.05	0.16100
binom	1	0.7	0.05	0.17700
binom	1	0.8	0.05	0.16400
binom	1	0.9	0.05	0.14200
binom	1	0	0.1	0.17200
binom	1	0.1	0.1	0.15200
binom	1	0.2	0.1	0.12600
binom	1	0.3	0.1	0.14500
binom	1	0.4	0.1	0.18600
binom	1	0.5	0.1	0.18300
binom	1	0.6	0.1	0.18600
binom	1	0.7	0.1	0.18700
binom	1	0.8	0.1	0.19400
binom	1	0.9	0.1	0.20400
binom	1	0	0.2	0.31800
binom	1	0.1	0.2	0.30600
binom	1	0.2	0.2	0.27700
binom	1	0.3	0.2	0.22400
binom	1	0.4	0.2	0.23600
binom	1	0.5	0.2	0.22300
binom	1	0.6	0.2	0.22400
binom	1	0.7	0.2	0.22700
binom	1	0.8	0.2	0.22000
binom	1	0.9	0.2	0.20600
