binom	1	0	0	0.01200
binom	1	0.1	0	0.03800
binom	1	0.2	0	0.06400
binom	1	0.3	0	0.10300
binom	1	0.4	0	0.11500
binom	1	0.5	0	0.12400
binom	1	0.6	0	0.15800
binom	1	0.7	0	0.15300
binom	1	0.8	0	0.14200
binom	1	0.9	0	0.14500
binom	1	0	0.05	0.10200
binom	1	0.1	0.05	0.08800
binom	1	0.2	0.05	0.11400
binom	1	0.3	0.05	0.14600
binom	1	0.4	0.05	0.15900
binom	1	0.5	0.05	0.16300
binom	1	0.6	0.05	0.18400
binom	1	0.7	0.05	0.15900
binom	1	0.8	0.05	0.15900
binom	1	0.9	0.05	0.14300
binom	1	0	0.1	0.18800
binom	1	0.1	0.1	0.18100
binom	1	0.2	0.1	0.14600
binom	1	0.3	0.1	0.16000
binom	1	0.4	0.1	0.15800
binom	1	0.5	0.1	0.18300
binom	1	0.6	0.1	0.20800
binom	1	0.7	0.1	0.19000
binom	1	0.8	0.1	0.17300
binom	1	0.9	0.1	0.17800
binom	1	0	0.2	0.30100
binom	1	0.1	0.2	0.28700
binom	1	0.2	0.2	0.26800
binom	1	0.3	0.2	0.23000
binom	1	0.4	0.2	0.21300
binom	1	0.5	0.2	0.21900
binom	1	0.6	0.2	0.20600
binom	1	0.7	0.2	0.21900
binom	1	0.8	0.2	0.22000
binom	1	0.9	0.2	0.21500
