binom	1	0	0	0.01400
binom	1	0.1	0	0.04100
binom	1	0.2	0	0.07600
binom	1	0.3	0	0.10300
binom	1	0.4	0	0.13300
binom	1	0.5	0	0.14300
binom	1	0.6	0	0.13500
binom	1	0.7	0	0.13500
binom	1	0.8	0	0.15300
binom	1	0.9	0	0.13000
binom	1	0	0.05	0.08600
binom	1	0.1	0.05	0.08400
binom	1	0.2	0.05	0.10000
binom	1	0.3	0.05	0.11200
binom	1	0.4	0.05	0.15000
binom	1	0.5	0.05	0.15400
binom	1	0.6	0.05	0.18000
binom	1	0.7	0.05	0.16600
binom	1	0.8	0.05	0.15600
binom	1	0.9	0.05	0.14300
binom	1	0	0.1	0.16700
binom	1	0.1	0.1	0.14500
binom	1	0.2	0.1	0.16200
binom	1	0.3	0.1	0.17200
binom	1	0.4	0.1	0.17300
binom	1	0.5	0.1	0.16300
binom	1	0.6	0.1	0.18500
binom	1	0.7	0.1	0.20300
binom	1	0.8	0.1	0.18200
binom	1	0.9	0.1	0.17300
binom	1	0	0.2	0.28100
binom	1	0.1	0.2	0.29100
binom	1	0.2	0.2	0.28400
binom	1	0.3	0.2	0.22000
binom	1	0.4	0.2	0.20100
binom	1	0.5	0.2	0.22300
binom	1	0.6	0.2	0.25900
binom	1	0.7	0.2	0.22600
binom	1	0.8	0.2	0.20700
binom	1	0.9	0.2	0.21200
