binom	1	0	0	0.01260
binom	1	0.1	0	0.01180
binom	1	0.2	0	0.01380
binom	1	0.3	0	0.01780
binom	1	0.4	0	0.01620
binom	1	0.5	0	0.01640
binom	1	0.6	0	0.01700
binom	1	0.7	0	0.02220
binom	1	0.8	0	0.02100
binom	1	0.9	0	0.01860
binom	1	0	0.05	0.04960
binom	1	0.1	0.05	0.05100
binom	1	0.2	0.05	0.04480
binom	1	0.3	0.05	0.04760
binom	1	0.4	0.05	0.04540
binom	1	0.5	0.05	0.04200
binom	1	0.6	0.05	0.04220
binom	1	0.7	0.05	0.04160
binom	1	0.8	0.05	0.03780
binom	1	0.9	0.05	0.03580
binom	1	0	0.1	0.09300
binom	1	0.1	0.1	0.08700
binom	1	0.2	0.1	0.09020
binom	1	0.3	0.1	0.08700
binom	1	0.4	0.1	0.07680
binom	1	0.5	0.1	0.07360
binom	1	0.6	0.1	0.06980
binom	1	0.7	0.1	0.06900
binom	1	0.8	0.1	0.06320
binom	1	0.9	0.1	0.05660
binom	1	0	0.2	0.17380
binom	1	0.1	0.2	0.16500
binom	1	0.2	0.2	0.16080
binom	1	0.3	0.2	0.14940
binom	1	0.4	0.2	0.14920
binom	1	0.5	0.2	0.15360
binom	1	0.6	0.2	0.13800
binom	1	0.7	0.2	0.12340
binom	1	0.8	0.2	0.11220
binom	1	0.9	0.2	0.11140
