binom	1	0	0	0.01000
binom	1	0.1	0	0.03600
binom	1	0.2	0	0.08300
binom	1	0.3	0	0.09700
binom	1	0.4	0	0.12300
binom	1	0.5	0	0.14100
binom	1	0.6	0	0.15000
binom	1	0.7	0	0.14100
binom	1	0.8	0	0.14300
binom	1	0.9	0	0.14200
binom	1	0	0.05	0.09800
binom	1	0.1	0.05	0.09300
binom	1	0.2	0.05	0.13000
binom	1	0.3	0.05	0.12600
binom	1	0.4	0.05	0.14900
binom	1	0.5	0.05	0.15800
binom	1	0.6	0.05	0.18000
binom	1	0.7	0.05	0.18200
binom	1	0.8	0.05	0.16500
binom	1	0.9	0.05	0.16100
binom	1	0	0.1	0.15900
binom	1	0.1	0.1	0.15800
binom	1	0.2	0.1	0.14500
binom	1	0.3	0.1	0.15100
binom	1	0.4	0.1	0.17500
binom	1	0.5	0.1	0.17000
binom	1	0.6	0.1	0.18600
binom	1	0.7	0.1	0.16300
binom	1	0.8	0.1	0.18400
binom	1	0.9	0.1	0.16700
binom	1	0	0.2	0.31700
binom	1	0.1	0.2	0.30100
binom	1	0.2	0.2	0.27200
binom	1	0.3	0.2	0.27500
binom	1	0.4	0.2	0.22900
binom	1	0.5	0.2	0.24100
binom	1	0.6	0.2	0.23300
binom	1	0.7	0.2	0.22300
binom	1	0.8	0.2	0.22800
binom	1	0.9	0.2	0.20700
