binom	1	0	0	0.01100
binom	1	0.1	0	0.05500
binom	1	0.2	0	0.06600
binom	1	0.3	0	0.12200
binom	1	0.4	0	0.14000
binom	1	0.5	0	0.12200
binom	1	0.6	0	0.14000
binom	1	0.7	0	0.14800
binom	1	0.8	0	0.12200
binom	1	0.9	0	0.14400
binom	1	0	0.05	0.10200
binom	1	0.1	0.05	0.09300
binom	1	0.2	0.05	0.13300
binom	1	0.3	0.05	0.13800
binom	1	0.4	0.05	0.14300
binom	1	0.5	0.05	0.15200
binom	1	0.6	0.05	0.14400
binom	1	0.7	0.05	0.18100
binom	1	0.8	0.05	0.14700
binom	1	0.9	0.05	0.16500
binom	1	0	0.1	0.16800
binom	1	0.1	0.1	0.15400
binom	1	0.2	0.1	0.13600
binom	1	0.3	0.1	0.14800
binom	1	0.4	0.1	0.17800
binom	1	0.5	0.1	0.19200
binom	1	0.6	0.1	0.18900
binom	1	0.7	0.1	0.18300
binom	1	0.8	0.1	0.18700
binom	1	0.9	0.1	0.19400
binom	1	0	0.2	0.31100
binom	1	0.1	0.2	0.29200
binom	1	0.2	0.2	0.29800
binom	1	0.3	0.2	0.26700
binom	1	0.4	0.2	0.23700
binom	1	0.5	0.2	0.21600
binom	1	0.6	0.2	0.26500
binom	1	0.7	0.2	0.21800
binom	1	0.8	0.2	0.23100
binom	1	0.9	0.2	0.20300
