binom	1	0	0	0.01500
binom	1	0.1	0	0.05200
binom	1	0.2	0	0.07300
binom	1	0.3	0	0.10600
binom	1	0.4	0	0.13700
binom	1	0.5	0	0.13800
binom	1	0.6	0	0.14800
binom	1	0.7	0	0.16300
binom	1	0.8	0	0.15600
binom	1	0.9	0	0.14600
binom	1	0	0.05	0.08600
binom	1	0.1	0.05	0.09700
binom	1	0.2	0.05	0.10700
binom	1	0.3	0.05	0.13900
binom	1	0.4	0.05	0.15200
binom	1	0.5	0.05	0.15800
binom	1	0.6	0.05	0.15700
binom	1	0.7	0.05	0.16600
binom	1	0.8	0.05	0.16800
binom	1	0.9	0.05	0.15200
binom	1	0	0.1	0.15600
binom	1	0.1	0.1	0.15800
binom	1	0.2	0.1	0.15000
binom	1	0.3	0.1	0.17700
binom	1	0.4	0.1	0.18300
binom	1	0.5	0.1	0.17700
binom	1	0.6	0.1	0.21000
binom	1	0.7	0.1	0.18800
binom	1	0.8	0.1	0.20700
binom	1	0.9	0.1	0.17500
binom	1	0	0.2	0.33400
binom	1	0.1	0.2	0.29600
binom	1	0.2	0.2	0.24400
binom	1	0.3	0.2	0.24700
binom	1	0.4	0.2	0.23400
binom	1	0.5	0.2	0.22600
binom	1	0.6	0.2	0.25900
binom	1	0.7	0.2	0.21200
binom	1	0.8	0.2	0.25700
binom	1	0.9	0.2	0.19900
