binom	1	0	0	0.00600
binom	1	0.1	0	0.04200
binom	1	0.2	0	0.09400
binom	1	0.3	0	0.09700
binom	1	0.4	0	0.10100
binom	1	0.5	0	0.13700
binom	1	0.6	0	0.14400
binom	1	0.7	0	0.14000
binom	1	0.8	0	0.13600
binom	1	0.9	0	0.14100
binom	1	0	0.05	0.09000
binom	1	0.1	0.05	0.09000
binom	1	0.2	0.05	0.09700
binom	1	0.3	0.05	0.12100
binom	1	0.4	0.05	0.14100
binom	1	0.5	0.05	0.15500
binom	1	0.6	0.05	0.16700
binom	1	0.7	0.05	0.17400
binom	1	0.8	0.05	0.15700
binom	1	0.9	0.05	0.16200
binom	1	0	0.1	0.16400
binom	1	0.1	0.1	0.13700
binom	1	0.2	0.1	0.16200
binom	1	0.3	0.1	0.14800
binom	1	0.4	0.1	0.17500
binom	1	0.5	0.1	0.19000
binom	1	0.6	0.1	0.19800
binom	1	0.7	0.1	0.19700
binom	1	0.8	0.1	0.19800
binom	1	0.9	0.1	0.19100
binom	1	0	0.2	0.28600
binom	1	0.1	0.2	0.27500
binom	1	0.2	0.2	0.28200
binom	1	0.3	0.2	0.23100
binom	1	0.4	0.2	0.23600
binom	1	0.5	0.2	0.19200
binom	1	0.6	0.2	0.23700
binom	1	0.7	0.2	0.22000
binom	1	0.8	0.2	0.23400
binom	1	0.9	0.2	0.21400
