binom	1	0	0	0.01000
binom	1	0.1	0	0.04300
binom	1	0.2	0	0.06500
binom	1	0.3	0	0.09400
binom	1	0.4	0	0.12300
binom	1	0.5	0	0.13400
binom	1	0.6	0	0.12900
binom	1	0.7	0	0.14300
binom	1	0.8	0	0.13400
binom	1	0.9	0	0.13700
binom	1	0	0.05	0.07200
binom	1	0.1	0.05	0.08200
binom	1	0.2	0.05	0.11300
binom	1	0.3	0.05	0.14500
binom	1	0.4	0.05	0.14700
binom	1	0.5	0.05	0.15000
binom	1	0.6	0.05	0.17900
binom	1	0.7	0.05	0.16200
binom	1	0.8	0.05	0.18000
binom	1	0.9	0.05	0.14700
binom	1	0	0.1	0.17200
binom	1	0.1	0.1	0.18800
binom	1	0.2	0.1	0.13400
binom	1	0.3	0.1	0.15800
binom	1	0.4	0.1	0.17100
binom	1	0.5	0.1	0.17700
binom	1	0.6	0.1	0.20200
binom	1	0.7	0.1	0.17600
binom	1	0.8	0.1	0.17100
binom	1	0.9	0.1	0.16000
binom	1	0	0.2	0.27100
binom	1	0.1	0.2	0.28400
binom	1	0.2	0.2	0.27900
binom	1	0.3	0.2	0.24000
binom	1	0.4	0.2	0.23600
binom	1	0.5	0.2	0.22200
binom	1	0.6	0.2	0.22100
binom	1	0.7	0.2	0.24400
binom	1	0.8	0.2	0.21000
binom	1	0.9	0.2	0.20400
