binom	1	0	0	0.00700
binom	1	0.1	0	0.04900
binom	1	0.2	0	0.07500
binom	1	0.3	0	0.08200
binom	1	0.4	0	0.12300
binom	1	0.5	0	0.13100
binom	1	0.6	0	0.13300
binom	1	0.7	0	0.14000
binom	1	0.8	0	0.11100
binom	1	0.9	0	0.12800
binom	1	0	0.05	0.08000
binom	1	0.1	0.05	0.09100
binom	1	0.2	0.05	0.12100
binom	1	0.3	0.05	0.12200
binom	1	0.4	0.05	0.15900
binom	1	0.5	0.05	0.17600
binom	1	0.6	0.05	0.14600
binom	1	0.7	0.05	0.17900
binom	1	0.8	0.05	0.16000
binom	1	0.9	0.05	0.13600
binom	1	0	0.1	0.16300
binom	1	0.1	0.1	0.16800
binom	1	0.2	0.1	0.14100
binom	1	0.3	0.1	0.16900
binom	1	0.4	0.1	0.20300
binom	1	0.5	0.1	0.19300
binom	1	0.6	0.1	0.17000
binom	1	0.7	0.1	0.21100
binom	1	0.8	0.1	0.17700
binom	1	0.9	0.1	0.19800
binom	1	0	0.2	0.30600
binom	1	0.1	0.2	0.29300
binom	1	0.2	0.2	0.26900
binom	1	0.3	0.2	0.23500
binom	1	0.4	0.2	0.22000
binom	1	0.5	0.2	0.21300
binom	1	0.6	0.2	0.22200
binom	1	0.7	0.2	0.21800
binom	1	0.8	0.2	0.22400
binom	1	0.9	0.2	0.20300
