binom	1	0	0	0.01400
binom	1	0.1	0	0.04100
binom	1	0.2	0	0.06900
binom	1	0.3	0	0.10400
binom	1	0.4	0	0.10500
binom	1	0.5	0	0.13800
binom	1	0.6	0	0.14200
binom	1	0.7	0	0.13400
binom	1	0.8	0	0.12300
binom	1	0.9	0	0.13600
binom	1	0	0.05	0.09300
binom	1	0.1	0.05	0.08400
binom	1	0.2	0.05	0.10200
binom	1	0.3	0.05	0.13100
binom	1	0.4	0.05	0.13800
binom	1	0.5	0.05	0.17600
binom	1	0.6	0.05	0.15300
binom	1	0.7	0.05	0.15900
binom	1	0.8	0.05	0.16600
binom	1	0.9	0.05	0.16700
binom	1	0	0.1	0.18600
binom	1	0.1	0.1	0.16200
binom	1	0.2	0.1	0.16700
binom	1	0.3	0.1	0.16700
binom	1	0.4	0.1	0.19200
binom	1	0.5	0.1	0.18300
binom	1	0.6	0.1	0.20100
binom	1	0.7	0.1	0.19700
binom	1	0.8	0.1	0.15600
binom	1	0.9	0.1	0.17100
binom	1	0	0.2	0.27900
binom	1	0.1	0.2	0.28900
binom	1	0.2	0.2	0.26000
binom	1	0.3	0.2	0.25300
binom	1	0.4	0.2	0.22500
binom	1	0.5	0.2	0.21300
binom	1	0.6	0.2	0.25000
binom	1	0.7	0.2	0.25400
binom	1	0.8	0.2	0.20000
binom	1	0.9	0.2	0.23100
