binom	1	0	0	0.00900
binom	1	0.1	0	0.03000
binom	1	0.2	0	0.07900
binom	1	0.3	0	0.11400
binom	1	0.4	0	0.11700
binom	1	0.5	0	0.14900
binom	1	0.6	0	0.13600
binom	1	0.7	0	0.13900
binom	1	0.8	0	0.14700
binom	1	0.9	0	0.14300
binom	1	0	0.05	0.08800
binom	1	0.1	0.05	0.09800
binom	1	0.2	0.05	0.11200
binom	1	0.3	0.05	0.15300
binom	1	0.4	0.05	0.15300
binom	1	0.5	0.05	0.15900
binom	1	0.6	0.05	0.14800
binom	1	0.7	0.05	0.17100
binom	1	0.8	0.05	0.17200
binom	1	0.9	0.05	0.16400
binom	1	0	0.1	0.16700
binom	1	0.1	0.1	0.14900
binom	1	0.2	0.1	0.13800
binom	1	0.3	0.1	0.16000
binom	1	0.4	0.1	0.20200
binom	1	0.5	0.1	0.17300
binom	1	0.6	0.1	0.18000
binom	1	0.7	0.1	0.17400
binom	1	0.8	0.1	0.16200
binom	1	0.9	0.1	0.16900
binom	1	0	0.2	0.29700
binom	1	0.1	0.2	0.29800
binom	1	0.2	0.2	0.29400
binom	1	0.3	0.2	0.27100
binom	1	0.4	0.2	0.22900
binom	1	0.5	0.2	0.22000
binom	1	0.6	0.2	0.20800
binom	1	0.7	0.2	0.21700
binom	1	0.8	0.2	0.23000
binom	1	0.9	0.2	0.23800
