binom	1	0	0	0.01500
binom	1	0.1	0	0.04800
binom	1	0.2	0	0.06900
binom	1	0.3	0	0.11200
binom	1	0.4	0	0.12100
binom	1	0.5	0	0.13400
binom	1	0.6	0	0.12700
binom	1	0.7	0	0.14200
binom	1	0.8	0	0.14700
binom	1	0.9	0	0.14100
binom	1	0	0.05	0.10000
binom	1	0.1	0.05	0.08300
binom	1	0.2	0.05	0.11700
binom	1	0.3	0.05	0.13600
binom	1	0.4	0.05	0.14100
binom	1	0.5	0.05	0.15700
binom	1	0.6	0.05	0.15600
binom	1	0.7	0.05	0.17300
binom	1	0.8	0.05	0.17700
binom	1	0.9	0.05	0.14800
binom	1	0	0.1	0.17400
binom	1	0.1	0.1	0.16500
binom	1	0.2	0.1	0.15200
binom	1	0.3	0.1	0.17000
binom	1	0.4	0.1	0.18200
binom	1	0.5	0.1	0.17900
binom	1	0.6	0.1	0.19800
binom	1	0.7	0.1	0.18200
binom	1	0.8	0.1	0.17200
binom	1	0.9	0.1	0.17100
binom	1	0	0.2	0.30800
binom	1	0.1	0.2	0.32000
binom	1	0.2	0.2	0.28100
binom	1	0.3	0.2	0.23100
binom	1	0.4	0.2	0.22600
binom	1	0.5	0.2	0.23500
binom	1	0.6	0.2	0.23700
binom	1	0.7	0.2	0.23900
binom	1	0.8	0.2	0.21800
binom	1	0.9	0.2	0.22700
