binom	1	0	0	0.01200
binom	1	0.1	0	0.04700
binom	1	0.2	0	0.08200
binom	1	0.3	0	0.12200
binom	1	0.4	0	0.13900
binom	1	0.5	0	0.15800
binom	1	0.6	0	0.13900
binom	1	0.7	0	0.14400
binom	1	0.8	0	0.13400
binom	1	0.9	0	0.11400
binom	1	0	0.05	0.09400
binom	1	0.1	0.05	0.08400
binom	1	0.2	0.05	0.10000
binom	1	0.3	0.05	0.12800
binom	1	0.4	0.05	0.13600
binom	1	0.5	0.05	0.15800
binom	1	0.6	0.05	0.16300
binom	1	0.7	0.05	0.17300
binom	1	0.8	0.05	0.14200
binom	1	0.9	0.05	0.14700
binom	1	0	0.1	0.17100
binom	1	0.1	0.1	0.17800
binom	1	0.2	0.1	0.13200
binom	1	0.3	0.1	0.15600
binom	1	0.4	0.1	0.18300
binom	1	0.5	0.1	0.16400
binom	1	0.6	0.1	0.18200
binom	1	0.7	0.1	0.18400
binom	1	0.8	0.1	0.18800
binom	1	0.9	0.1	0.17100
binom	1	0	0.2	0.30700
binom	1	0.1	0.2	0.30100
binom	1	0.2	0.2	0.26600
binom	1	0.3	0.2	0.26000
binom	1	0.4	0.2	0.22600
binom	1	0.5	0.2	0.24200
binom	1	0.6	0.2	0.23200
binom	1	0.7	0.2	0.22100
binom	1	0.8	0.2	0.23300
binom	1	0.9	0.2	0.19800
