binom	1	0	0	0.00600
binom	1	0.1	0	0.05400
binom	1	0.2	0	0.07600
binom	1	0.3	0	0.11100
binom	1	0.4	0	0.11500
binom	1	0.5	0	0.14900
binom	1	0.6	0	0.13400
binom	1	0.7	0	0.16100
binom	1	0.8	0	0.14100
binom	1	0.9	0	0.11800
binom	1	0	0.05	0.08600
binom	1	0.1	0.05	0.11100
binom	1	0.2	0.05	0.12800
binom	1	0.3	0.05	0.12600
binom	1	0.4	0.05	0.14900
binom	1	0.5	0.05	0.17800
binom	1	0.6	0.05	0.16200
binom	1	0.7	0.05	0.16100
binom	1	0.8	0.05	0.16400
binom	1	0.9	0.05	0.15900
binom	1	0	0.1	0.15600
binom	1	0.1	0.1	0.16400
binom	1	0.2	0.1	0.17400
binom	1	0.3	0.1	0.14700
binom	1	0.4	0.1	0.17300
binom	1	0.5	0.1	0.17900
binom	1	0.6	0.1	0.17300
binom	1	0.7	0.1	0.16800
binom	1	0.8	0.1	0.18800
binom	1	0.9	0.1	0.18800
binom	1	0	0.2	0.30700
binom	1	0.1	0.2	0.29300
binom	1	0.2	0.2	0.26600
binom	1	0.3	0.2	0.26800
binom	1	0.4	0.2	0.23300
binom	1	0.5	0.2	0.22700
binom	1	0.6	0.2	0.23100
binom	1	0.7	0.2	0.22800
binom	1	0.8	0.2	0.19900
binom	1	0.9	0.2	0.21900
