binom	0.02280
binom	0.02340
binom	0.02280
binom	0.01960
binom	0.02280
binom	0.02240
binom	0.02280
binom	0.02520
binom	0.02740
binom	0.02280
binom	0.02060
binom	0.02040
binom	0.01760
binom	0.02180
binom	0.02200
binom	0.01860
binom	0.02160
binom	0.02220
binom	0.01860
binom	0.01720
binom	0.02040
binom	0.02040
binom	0.02040
binom	0.01720
binom	0.02140
binom	0.02020
binom	0.02040
binom	0.01900
binom	0.01640
binom	0.01800
binom	0.01780
binom	0.01880
binom	0.01640
binom	0.01660
binom	0.01500
binom	0.01740
binom	0.01760
binom	0.01420
binom	0.02020
binom	0.01660
binom	0.01700
binom	0.01540
binom	0.01720
binom	0.01260
binom	0.01580
binom	0.01600
binom	0.01260
binom	0.01660
binom	0.01660
binom	0.01760
binom	0.01400
