binom	1	0	0	0.01500
binom	1	0.1	0	0.04900
binom	1	0.2	0	0.07900
binom	1	0.3	0	0.11000
binom	1	0.4	0	0.12500
binom	1	0.5	0	0.13300
binom	1	0.6	0	0.13800
binom	1	0.7	0	0.14100
binom	1	0.8	0	0.13900
binom	1	0.9	0	0.13600
binom	1	0	0.05	0.09300
binom	1	0.1	0.05	0.09400
binom	1	0.2	0.05	0.11800
binom	1	0.3	0.05	0.13700
binom	1	0.4	0.05	0.15400
binom	1	0.5	0.05	0.17300
binom	1	0.6	0.05	0.17300
binom	1	0.7	0.05	0.18200
binom	1	0.8	0.05	0.16700
binom	1	0.9	0.05	0.16800
binom	1	0	0.1	0.16800
binom	1	0.1	0.1	0.15700
binom	1	0.2	0.1	0.15900
binom	1	0.3	0.1	0.16100
binom	1	0.4	0.1	0.17900
binom	1	0.5	0.1	0.19200
binom	1	0.6	0.1	0.19700
binom	1	0.7	0.1	0.17900
binom	1	0.8	0.1	0.16700
binom	1	0.9	0.1	0.17400
binom	1	0	0.2	0.31900
binom	1	0.1	0.2	0.28700
binom	1	0.2	0.2	0.30200
binom	1	0.3	0.2	0.26200
binom	1	0.4	0.2	0.23800
binom	1	0.5	0.2	0.21800
binom	1	0.6	0.2	0.23500
binom	1	0.7	0.2	0.21400
binom	1	0.8	0.2	0.20700
binom	1	0.9	0.2	0.21200
