binom	1	0	0	0.00900
binom	1	0.1	0	0.04600
binom	1	0.2	0	0.08800
binom	1	0.3	0	0.10400
binom	1	0.4	0	0.11700
binom	1	0.5	0	0.14500
binom	1	0.6	0	0.13900
binom	1	0.7	0	0.16500
binom	1	0.8	0	0.14100
binom	1	0.9	0	0.15600
binom	1	0	0.05	0.08900
binom	1	0.1	0.05	0.09100
binom	1	0.2	0.05	0.11100
binom	1	0.3	0.05	0.12500
binom	1	0.4	0.05	0.16900
binom	1	0.5	0.05	0.16900
binom	1	0.6	0.05	0.16800
binom	1	0.7	0.05	0.16100
binom	1	0.8	0.05	0.17300
binom	1	0.9	0.05	0.15200
binom	1	0	0.1	0.14100
binom	1	0.1	0.1	0.15300
binom	1	0.2	0.1	0.16700
binom	1	0.3	0.1	0.16100
binom	1	0.4	0.1	0.18100
binom	1	0.5	0.1	0.17700
binom	1	0.6	0.1	0.18700
binom	1	0.7	0.1	0.19600
binom	1	0.8	0.1	0.20100
binom	1	0.9	0.1	0.19000
binom	1	0	0.2	0.30100
binom	1	0.1	0.2	0.25100
binom	1	0.2	0.2	0.27400
binom	1	0.3	0.2	0.23400
binom	1	0.4	0.2	0.23500
binom	1	0.5	0.2	0.25100
binom	1	0.6	0.2	0.20900
binom	1	0.7	0.2	0.21200
binom	1	0.8	0.2	0.23200
binom	1	0.9	0.2	0.22900
