binom	1	0	0	0.00800
binom	1	0.1	0	0.04700
binom	1	0.2	0	0.07500
binom	1	0.3	0	0.10500
binom	1	0.4	0	0.12200
binom	1	0.5	0	0.11800
binom	1	0.6	0	0.15800
binom	1	0.7	0	0.15300
binom	1	0.8	0	0.14300
binom	1	0.9	0	0.12800
binom	1	0	0.05	0.07300
binom	1	0.1	0.05	0.08600
binom	1	0.2	0.05	0.11600
binom	1	0.3	0.05	0.13700
binom	1	0.4	0.05	0.13900
binom	1	0.5	0.05	0.16700
binom	1	0.6	0.05	0.17000
binom	1	0.7	0.05	0.16800
binom	1	0.8	0.05	0.15600
binom	1	0.9	0.05	0.15100
binom	1	0	0.1	0.16200
binom	1	0.1	0.1	0.17200
binom	1	0.2	0.1	0.14700
binom	1	0.3	0.1	0.16700
binom	1	0.4	0.1	0.17400
binom	1	0.5	0.1	0.17100
binom	1	0.6	0.1	0.19200
binom	1	0.7	0.1	0.18900
binom	1	0.8	0.1	0.18500
binom	1	0.9	0.1	0.16500
binom	1	0	0.2	0.28700
binom	1	0.1	0.2	0.27700
binom	1	0.2	0.2	0.31200
binom	1	0.3	0.2	0.23500
binom	1	0.4	0.2	0.20500
binom	1	0.5	0.2	0.22800
binom	1	0.6	0.2	0.24500
binom	1	0.7	0.2	0.24000
binom	1	0.8	0.2	0.22600
binom	1	0.9	0.2	0.20700
