binom	1	0	0	0.01000
binom	1	0.1	0	0.04800
binom	1	0.2	0	0.07600
binom	1	0.3	0	0.10000
binom	1	0.4	0	0.12000
binom	1	0.5	0	0.14400
binom	1	0.6	0	0.14500
binom	1	0.7	0	0.14600
binom	1	0.8	0	0.13300
binom	1	0.9	0	0.13600
binom	1	0	0.05	0.10300
binom	1	0.1	0.05	0.09000
binom	1	0.2	0.05	0.13000
binom	1	0.3	0.05	0.15600
binom	1	0.4	0.05	0.16100
binom	1	0.5	0.05	0.14100
binom	1	0.6	0.05	0.16300
binom	1	0.7	0.05	0.17100
binom	1	0.8	0.05	0.17600
binom	1	0.9	0.05	0.14300
binom	1	0	0.1	0.17400
binom	1	0.1	0.1	0.16900
binom	1	0.2	0.1	0.14800
binom	1	0.3	0.1	0.15100
binom	1	0.4	0.1	0.17000
binom	1	0.5	0.1	0.17600
binom	1	0.6	0.1	0.17400
binom	1	0.7	0.1	0.19800
binom	1	0.8	0.1	0.18600
binom	1	0.9	0.1	0.15300
binom	1	0	0.2	0.28800
binom	1	0.1	0.2	0.28500
binom	1	0.2	0.2	0.25700
binom	1	0.3	0.2	0.24000
binom	1	0.4	0.2	0.23700
binom	1	0.5	0.2	0.22700
binom	1	0.6	0.2	0.23800
binom	1	0.7	0.2	0.24900
binom	1	0.8	0.2	0.23600
binom	1	0.9	0.2	0.21300
