binom	1	0	0	0.00900
binom	1	0.1	0	0.04800
binom	1	0.2	0	0.09900
binom	1	0.3	0	0.10300
binom	1	0.4	0	0.12400
binom	1	0.5	0	0.13800
binom	1	0.6	0	0.16200
binom	1	0.7	0	0.12900
binom	1	0.8	0	0.14700
binom	1	0.9	0	0.12300
binom	1	0	0.05	0.07800
binom	1	0.1	0.05	0.08700
binom	1	0.2	0.05	0.10700
binom	1	0.3	0.05	0.13800
binom	1	0.4	0.05	0.15200
binom	1	0.5	0.05	0.16000
binom	1	0.6	0.05	0.16300
binom	1	0.7	0.05	0.17200
binom	1	0.8	0.05	0.16200
binom	1	0.9	0.05	0.15300
binom	1	0	0.1	0.15400
binom	1	0.1	0.1	0.14500
binom	1	0.2	0.1	0.16600
binom	1	0.3	0.1	0.16600
binom	1	0.4	0.1	0.17400
binom	1	0.5	0.1	0.17000
binom	1	0.6	0.1	0.20700
binom	1	0.7	0.1	0.19700
binom	1	0.8	0.1	0.18100
binom	1	0.9	0.1	0.19100
binom	1	0	0.2	0.27700
binom	1	0.1	0.2	0.28300
binom	1	0.2	0.2	0.25600
binom	1	0.3	0.2	0.23800
binom	1	0.4	0.2	0.23200
binom	1	0.5	0.2	0.21900
binom	1	0.6	0.2	0.25000
binom	1	0.7	0.2	0.22400
binom	1	0.8	0.2	0.24300
binom	1	0.9	0.2	0.20900
