binom	1	0	0	0.01400
binom	1	0.1	0	0.05100
binom	1	0.2	0	0.09100
binom	1	0.3	0	0.08800
binom	1	0.4	0	0.11100
binom	1	0.5	0	0.14500
binom	1	0.6	0	0.15200
binom	1	0.7	0	0.13900
binom	1	0.8	0	0.12700
binom	1	0.9	0	0.13300
binom	1	0	0.05	0.08600
binom	1	0.1	0.05	0.08700
binom	1	0.2	0.05	0.11800
binom	1	0.3	0.05	0.12800
binom	1	0.4	0.05	0.14300
binom	1	0.5	0.05	0.14300
binom	1	0.6	0.05	0.16700
binom	1	0.7	0.05	0.16700
binom	1	0.8	0.05	0.17800
binom	1	0.9	0.05	0.15800
binom	1	0	0.1	0.18000
binom	1	0.1	0.1	0.18400
binom	1	0.2	0.1	0.15600
binom	1	0.3	0.1	0.17700
binom	1	0.4	0.1	0.16500
binom	1	0.5	0.1	0.19300
binom	1	0.6	0.1	0.16600
binom	1	0.7	0.1	0.18300
binom	1	0.8	0.1	0.21200
binom	1	0.9	0.1	0.14800
binom	1	0	0.2	0.28800
binom	1	0.1	0.2	0.27100
binom	1	0.2	0.2	0.29400
binom	1	0.3	0.2	0.23300
binom	1	0.4	0.2	0.20600
binom	1	0.5	0.2	0.24000
binom	1	0.6	0.2	0.25200
binom	1	0.7	0.2	0.25000
binom	1	0.8	0.2	0.20900
binom	1	0.9	0.2	0.22300
