binom	1	0	0	0.01200
binom	1	0.1	0	0.03800
binom	1	0.2	0	0.08600
binom	1	0.3	0	0.09400
binom	1	0.4	0	0.10800
binom	1	0.5	0	0.15100
binom	1	0.6	0	0.15300
binom	1	0.7	0	0.14900
binom	1	0.8	0	0.12300
binom	1	0.9	0	0.12900
binom	1	0	0.05	0.09500
binom	1	0.1	0.05	0.07700
binom	1	0.2	0.05	0.11300
binom	1	0.3	0.05	0.13100
binom	1	0.4	0.05	0.15600
binom	1	0.5	0.05	0.16700
binom	1	0.6	0.05	0.16100
binom	1	0.7	0.05	0.17700
binom	1	0.8	0.05	0.17900
binom	1	0.9	0.05	0.13900
binom	1	0	0.1	0.16300
binom	1	0.1	0.1	0.15500
binom	1	0.2	0.1	0.13700
binom	1	0.3	0.1	0.16700
binom	1	0.4	0.1	0.19400
binom	1	0.5	0.1	0.16200
binom	1	0.6	0.1	0.22100
binom	1	0.7	0.1	0.21400
binom	1	0.8	0.1	0.19500
binom	1	0.9	0.1	0.18900
binom	1	0	0.2	0.30600
binom	1	0.1	0.2	0.30900
binom	1	0.2	0.2	0.26100
binom	1	0.3	0.2	0.23100
binom	1	0.4	0.2	0.22900
binom	1	0.5	0.2	0.23300
binom	1	0.6	0.2	0.23000
binom	1	0.7	0.2	0.24600
binom	1	0.8	0.2	0.22500
binom	1	0.9	0.2	0.20500
