binom	1	0	0	0.00600
binom	1	0.1	0	0.04100
binom	1	0.2	0	0.06500
binom	1	0.3	0	0.09300
binom	1	0.4	0	0.13800
binom	1	0.5	0	0.12000
binom	1	0.6	0	0.13800
binom	1	0.7	0	0.16500
binom	1	0.8	0	0.16000
binom	1	0.9	0	0.14400
binom	1	0	0.05	0.09300
binom	1	0.1	0.05	0.07900
binom	1	0.2	0.05	0.10700
binom	1	0.3	0.05	0.12800
binom	1	0.4	0.05	0.14900
binom	1	0.5	0.05	0.17300
binom	1	0.6	0.05	0.18000
binom	1	0.7	0.05	0.16700
binom	1	0.8	0.05	0.16100
binom	1	0.9	0.05	0.14500
binom	1	0	0.1	0.18300
binom	1	0.1	0.1	0.19500
binom	1	0.2	0.1	0.14900
binom	1	0.3	0.1	0.15400
binom	1	0.4	0.1	0.18200
binom	1	0.5	0.1	0.19600
binom	1	0.6	0.1	0.21400
binom	1	0.7	0.1	0.18400
binom	1	0.8	0.1	0.17000
binom	1	0.9	0.1	0.15800
binom	1	0	0.2	0.28200
binom	1	0.1	0.2	0.29200
binom	1	0.2	0.2	0.29000
binom	1	0.3	0.2	0.24900
binom	1	0.4	0.2	0.24300
binom	1	0.5	0.2	0.22300
binom	1	0.6	0.2	0.23600
binom	1	0.7	0.2	0.22600
binom	1	0.8	0.2	0.22900
binom	1	0.9	0.2	0.21600
