binom	1	0	0	0.01300
binom	1	0.1	0	0.05100
binom	1	0.2	0	0.08200
binom	1	0.3	0	0.09300
binom	1	0.4	0	0.11600
binom	1	0.5	0	0.15500
binom	1	0.6	0	0.15100
binom	1	0.7	0	0.13600
binom	1	0.8	0	0.14500
binom	1	0.9	0	0.11300
binom	1	0	0.05	0.10100
binom	1	0.1	0.05	0.08800
binom	1	0.2	0.05	0.11400
binom	1	0.3	0.05	0.14700
binom	1	0.4	0.05	0.15700
binom	1	0.5	0.05	0.16200
binom	1	0.6	0.05	0.15700
binom	1	0.7	0.05	0.16700
binom	1	0.8	0.05	0.16400
binom	1	0.9	0.05	0.15700
binom	1	0	0.1	0.17200
binom	1	0.1	0.1	0.17800
binom	1	0.2	0.1	0.14200
binom	1	0.3	0.1	0.18700
binom	1	0.4	0.1	0.18600
binom	1	0.5	0.1	0.17200
binom	1	0.6	0.1	0.18900
binom	1	0.7	0.1	0.20100
binom	1	0.8	0.1	0.19700
binom	1	0.9	0.1	0.15000
binom	1	0	0.2	0.31200
binom	1	0.1	0.2	0.29800
binom	1	0.2	0.2	0.27300
binom	1	0.3	0.2	0.25100
binom	1	0.4	0.2	0.23000
binom	1	0.5	0.2	0.22900
binom	1	0.6	0.2	0.23200
binom	1	0.7	0.2	0.21400
binom	1	0.8	0.2	0.22500
binom	1	0.9	0.2	0.23200
