binom	1	0	0	0.00700
binom	1	0.1	0	0.05000
binom	1	0.2	0	0.06900
binom	1	0.3	0	0.09800
binom	1	0.4	0	0.14600
binom	1	0.5	0	0.12800
binom	1	0.6	0	0.15100
binom	1	0.7	0	0.15100
binom	1	0.8	0	0.15500
binom	1	0.9	0	0.13000
binom	1	0	0.05	0.10300
binom	1	0.1	0.05	0.08500
binom	1	0.2	0.05	0.12300
binom	1	0.3	0.05	0.12900
binom	1	0.4	0.05	0.15800
binom	1	0.5	0.05	0.15500
binom	1	0.6	0.05	0.16200
binom	1	0.7	0.05	0.16500
binom	1	0.8	0.05	0.17900
binom	1	0.9	0.05	0.17000
binom	1	0	0.1	0.16800
binom	1	0.1	0.1	0.16000
binom	1	0.2	0.1	0.12700
binom	1	0.3	0.1	0.15200
binom	1	0.4	0.1	0.17100
binom	1	0.5	0.1	0.18700
binom	1	0.6	0.1	0.18100
binom	1	0.7	0.1	0.17900
binom	1	0.8	0.1	0.19100
binom	1	0.9	0.1	0.18900
binom	1	0	0.2	0.30300
binom	1	0.1	0.2	0.28200
binom	1	0.2	0.2	0.23100
binom	1	0.3	0.2	0.25400
binom	1	0.4	0.2	0.23300
binom	1	0.5	0.2	0.21300
binom	1	0.6	0.2	0.23300
binom	1	0.7	0.2	0.22800
binom	1	0.8	0.2	0.22000
binom	1	0.9	0.2	0.23100
