binom	1	0	0	0.01300
binom	1	0.1	0	0.03800
binom	1	0.2	0	0.06900
binom	1	0.3	0	0.10100
binom	1	0.4	0	0.12300
binom	1	0.5	0	0.13900
binom	1	0.6	0	0.13400
binom	1	0.7	0	0.13300
binom	1	0.8	0	0.14000
binom	1	0.9	0	0.13700
binom	1	0	0.05	0.09000
binom	1	0.1	0.05	0.07700
binom	1	0.2	0.05	0.11900
binom	1	0.3	0.05	0.14000
binom	1	0.4	0.05	0.16300
binom	1	0.5	0.05	0.16400
binom	1	0.6	0.05	0.17500
binom	1	0.7	0.05	0.16200
binom	1	0.8	0.05	0.16100
binom	1	0.9	0.05	0.13700
binom	1	0	0.1	0.17200
binom	1	0.1	0.1	0.14700
binom	1	0.2	0.1	0.13900
binom	1	0.3	0.1	0.16000
binom	1	0.4	0.1	0.20600
binom	1	0.5	0.1	0.19500
binom	1	0.6	0.1	0.20500
binom	1	0.7	0.1	0.16400
binom	1	0.8	0.1	0.19000
binom	1	0.9	0.1	0.17200
binom	1	0	0.2	0.31600
binom	1	0.1	0.2	0.28200
binom	1	0.2	0.2	0.28300
binom	1	0.3	0.2	0.26100
binom	1	0.4	0.2	0.21500
binom	1	0.5	0.2	0.22900
binom	1	0.6	0.2	0.22300
binom	1	0.7	0.2	0.26200
binom	1	0.8	0.2	0.21800
binom	1	0.9	0.2	0.22700
