binom	1	0	0	0.00600
binom	1	0.1	0	0.04500
binom	1	0.2	0	0.08800
binom	1	0.3	0	0.10900
binom	1	0.4	0	0.12600
binom	1	0.5	0	0.13200
binom	1	0.6	0	0.15000
binom	1	0.7	0	0.13800
binom	1	0.8	0	0.13100
binom	1	0.9	0	0.13000
binom	1	0	0.05	0.08200
binom	1	0.1	0.05	0.08600
binom	1	0.2	0.05	0.12200
binom	1	0.3	0.05	0.13400
binom	1	0.4	0.05	0.12800
binom	1	0.5	0.05	0.17000
binom	1	0.6	0.05	0.16800
binom	1	0.7	0.05	0.17400
binom	1	0.8	0.05	0.16500
binom	1	0.9	0.05	0.15400
binom	1	0	0.1	0.17800
binom	1	0.1	0.1	0.15500
binom	1	0.2	0.1	0.13900
binom	1	0.3	0.1	0.16400
binom	1	0.4	0.1	0.19700
binom	1	0.5	0.1	0.18600
binom	1	0.6	0.1	0.18100
binom	1	0.7	0.1	0.18800
binom	1	0.8	0.1	0.16500
binom	1	0.9	0.1	0.16700
binom	1	0	0.2	0.29000
binom	1	0.1	0.2	0.32000
binom	1	0.2	0.2	0.25900
binom	1	0.3	0.2	0.25300
binom	1	0.4	0.2	0.21400
binom	1	0.5	0.2	0.23800
binom	1	0.6	0.2	0.23200
binom	1	0.7	0.2	0.21900
binom	1	0.8	0.2	0.20300
binom	1	0.9	0.2	0.23700
