binom	1	0	0	0.01100
binom	1	0.1	0	0.04700
binom	1	0.2	0	0.08200
binom	1	0.3	0	0.12000
binom	1	0.4	0	0.12300
binom	1	0.5	0	0.12600
binom	1	0.6	0	0.15700
binom	1	0.7	0	0.14800
binom	1	0.8	0	0.14700
binom	1	0.9	0	0.11800
binom	1	0	0.05	0.09300
binom	1	0.1	0.05	0.08100
binom	1	0.2	0.05	0.12800
binom	1	0.3	0.05	0.12500
binom	1	0.4	0.05	0.15800
binom	1	0.5	0.05	0.16600
binom	1	0.6	0.05	0.16300
binom	1	0.7	0.05	0.17700
binom	1	0.8	0.05	0.15800
binom	1	0.9	0.05	0.16000
binom	1	0	0.1	0.16500
binom	1	0.1	0.1	0.15300
binom	1	0.2	0.1	0.14000
binom	1	0.3	0.1	0.16800
binom	1	0.4	0.1	0.19500
binom	1	0.5	0.1	0.17500
binom	1	0.6	0.1	0.19100
binom	1	0.7	0.1	0.17300
binom	1	0.8	0.1	0.18200
binom	1	0.9	0.1	0.20900
binom	1	0	0.2	0.29800
binom	1	0.1	0.2	0.29000
binom	1	0.2	0.2	0.26800
binom	1	0.3	0.2	0.26900
binom	1	0.4	0.2	0.22300
binom	1	0.5	0.2	0.23900
binom	1	0.6	0.2	0.24200
binom	1	0.7	0.2	0.22500
binom	1	0.8	0.2	0.24800
binom	1	0.9	0.2	0.21300
