binom	1	0	0	0.00600
binom	1	0.1	0	0.04500
binom	1	0.2	0	0.08100
binom	1	0.3	0	0.10800
binom	1	0.4	0	0.13000
binom	1	0.5	0	0.12400
binom	1	0.6	0	0.15800
binom	1	0.7	0	0.16100
binom	1	0.8	0	0.14800
binom	1	0.9	0	0.13600
binom	1	0	0.05	0.08900
binom	1	0.1	0.05	0.08700
binom	1	0.2	0.05	0.11500
binom	1	0.3	0.05	0.13300
binom	1	0.4	0.05	0.16100
binom	1	0.5	0.05	0.16700
binom	1	0.6	0.05	0.15200
binom	1	0.7	0.05	0.16200
binom	1	0.8	0.05	0.16900
binom	1	0.9	0.05	0.16400
binom	1	0	0.1	0.17600
binom	1	0.1	0.1	0.17500
binom	1	0.2	0.1	0.14800
binom	1	0.3	0.1	0.16500
binom	1	0.4	0.1	0.17700
binom	1	0.5	0.1	0.18700
binom	1	0.6	0.1	0.19300
binom	1	0.7	0.1	0.17800
binom	1	0.8	0.1	0.18200
binom	1	0.9	0.1	0.16300
binom	1	0	0.2	0.28900
binom	1	0.1	0.2	0.28500
binom	1	0.2	0.2	0.28600
binom	1	0.3	0.2	0.22200
binom	1	0.4	0.2	0.22400
binom	1	0.5	0.2	0.22700
binom	1	0.6	0.2	0.21100
binom	1	0.7	0.2	0.23300
binom	1	0.8	0.2	0.23300
binom	1	0.9	0.2	0.23100
