binom	1	0	0	0.00900
binom	1	0.1	0	0.04100
binom	1	0.2	0	0.08200
binom	1	0.3	0	0.11600
binom	1	0.4	0	0.13700
binom	1	0.5	0	0.12700
binom	1	0.6	0	0.14400
binom	1	0.7	0	0.14000
binom	1	0.8	0	0.15900
binom	1	0.9	0	0.12800
binom	1	0	0.05	0.09700
binom	1	0.1	0.05	0.07100
binom	1	0.2	0.05	0.13000
binom	1	0.3	0.05	0.13200
binom	1	0.4	0.05	0.14000
binom	1	0.5	0.05	0.16200
binom	1	0.6	0.05	0.15100
binom	1	0.7	0.05	0.16700
binom	1	0.8	0.05	0.16500
binom	1	0.9	0.05	0.14800
binom	1	0	0.1	0.17000
binom	1	0.1	0.1	0.16100
binom	1	0.2	0.1	0.14100
binom	1	0.3	0.1	0.16000
binom	1	0.4	0.1	0.18500
binom	1	0.5	0.1	0.19200
binom	1	0.6	0.1	0.20500
binom	1	0.7	0.1	0.18100
binom	1	0.8	0.1	0.19200
binom	1	0.9	0.1	0.18000
binom	1	0	0.2	0.29100
binom	1	0.1	0.2	0.30400
binom	1	0.2	0.2	0.28400
binom	1	0.3	0.2	0.26500
binom	1	0.4	0.2	0.23400
binom	1	0.5	0.2	0.20500
binom	1	0.6	0.2	0.21000
binom	1	0.7	0.2	0.22500
binom	1	0.8	0.2	0.23600
binom	1	0.9	0.2	0.20600
