binom	1	0	0	0.01600
binom	1	0.1	0	0.05100
binom	1	0.2	0	0.08500
binom	1	0.3	0	0.11300
binom	1	0.4	0	0.12800
binom	1	0.5	0	0.12700
binom	1	0.6	0	0.15400
binom	1	0.7	0	0.15000
binom	1	0.8	0	0.15000
binom	1	0.9	0	0.14700
binom	1	0	0.05	0.09400
binom	1	0.1	0.05	0.10000
binom	1	0.2	0.05	0.11400
binom	1	0.3	0.05	0.12200
binom	1	0.4	0.05	0.17100
binom	1	0.5	0.05	0.16800
binom	1	0.6	0.05	0.16600
binom	1	0.7	0.05	0.15900
binom	1	0.8	0.05	0.17500
binom	1	0.9	0.05	0.16100
binom	1	0	0.1	0.15500
binom	1	0.1	0.1	0.16600
binom	1	0.2	0.1	0.14800
binom	1	0.3	0.1	0.18700
binom	1	0.4	0.1	0.18200
binom	1	0.5	0.1	0.18600
binom	1	0.6	0.1	0.19500
binom	1	0.7	0.1	0.19400
binom	1	0.8	0.1	0.17100
binom	1	0.9	0.1	0.18500
binom	1	0	0.2	0.30300
binom	1	0.1	0.2	0.29500
binom	1	0.2	0.2	0.27000
binom	1	0.3	0.2	0.25000
binom	1	0.4	0.2	0.22600
binom	1	0.5	0.2	0.22900
binom	1	0.6	0.2	0.20400
binom	1	0.7	0.2	0.23200
binom	1	0.8	0.2	0.22100
binom	1	0.9	0.2	0.19500
