binom	1	0	0	0.01100
binom	1	0.1	0	0.01100
binom	1	0.2	0	0.00900
binom	1	0.3	0	0.01300
binom	1	0.4	0	0.01350
binom	1	0.5	0	0.01350
binom	1	0.6	0	0.00600
binom	1	0.7	0	0.00350
binom	1	0.8	0	0.00150
binom	1	0.9	0	0.00100
binom	1	0	0.05	0.04750
binom	1	0.1	0.05	0.03750
binom	1	0.2	0.05	0.05150
binom	1	0.3	0.05	0.04200
binom	1	0.4	0.05	0.03600
binom	1	0.5	0.05	0.03450
binom	1	0.6	0.05	0.03450
binom	1	0.7	0.05	0.02300
binom	1	0.8	0.05	0.01300
binom	1	0.9	0.05	0.00900
binom	1	0	0.1	0.09350
binom	1	0.1	0.1	0.09500
binom	1	0.2	0.1	0.09350
binom	1	0.3	0.1	0.07800
binom	1	0.4	0.1	0.08400
binom	1	0.5	0.1	0.07550
binom	1	0.6	0.1	0.04800
binom	1	0.7	0.1	0.04950
binom	1	0.8	0.1	0.04300
binom	1	0.9	0.1	0.01950
binom	1	0	0.2	0.17650
binom	1	0.1	0.2	0.16550
binom	1	0.2	0.2	0.15900
binom	1	0.3	0.2	0.15900
binom	1	0.4	0.2	0.15200
binom	1	0.5	0.2	0.13700
binom	1	0.6	0.2	0.15200
binom	1	0.7	0.2	0.11100
binom	1	0.8	0.2	0.09400
binom	1	0.9	0.2	0.08950
