binom	1	0	0	0.01300
binom	1	0.1	0	0.04500
binom	1	0.2	0	0.08100
binom	1	0.3	0	0.11400
binom	1	0.4	0	0.12500
binom	1	0.5	0	0.13700
binom	1	0.6	0	0.12700
binom	1	0.7	0	0.16900
binom	1	0.8	0	0.13500
binom	1	0.9	0	0.14200
binom	1	0	0.05	0.08600
binom	1	0.1	0.05	0.09300
binom	1	0.2	0.05	0.13000
binom	1	0.3	0.05	0.13100
binom	1	0.4	0.05	0.13200
binom	1	0.5	0.05	0.15000
binom	1	0.6	0.05	0.15400
binom	1	0.7	0.05	0.17000
binom	1	0.8	0.05	0.15100
binom	1	0.9	0.05	0.16400
binom	1	0	0.1	0.15800
binom	1	0.1	0.1	0.17300
binom	1	0.2	0.1	0.15000
binom	1	0.3	0.1	0.16100
binom	1	0.4	0.1	0.18100
binom	1	0.5	0.1	0.20000
binom	1	0.6	0.1	0.19300
binom	1	0.7	0.1	0.19000
binom	1	0.8	0.1	0.18700
binom	1	0.9	0.1	0.19100
binom	1	0	0.2	0.31100
binom	1	0.1	0.2	0.31100
binom	1	0.2	0.2	0.28200
binom	1	0.3	0.2	0.24600
binom	1	0.4	0.2	0.23700
binom	1	0.5	0.2	0.22800
binom	1	0.6	0.2	0.23500
binom	1	0.7	0.2	0.23100
binom	1	0.8	0.2	0.22900
binom	1	0.9	0.2	0.22000
