binom	1	0	0	0.00900
binom	1	0.1	0	0.04500
binom	1	0.2	0	0.08000
binom	1	0.3	0	0.10200
binom	1	0.4	0	0.11300
binom	1	0.5	0	0.12800
binom	1	0.6	0	0.15700
binom	1	0.7	0	0.13400
binom	1	0.8	0	0.14300
binom	1	0.9	0	0.12800
binom	1	0	0.05	0.09500
binom	1	0.1	0.05	0.07000
binom	1	0.2	0.05	0.11900
binom	1	0.3	0.05	0.14400
binom	1	0.4	0.05	0.16000
binom	1	0.5	0.05	0.16800
binom	1	0.6	0.05	0.18500
binom	1	0.7	0.05	0.16100
binom	1	0.8	0.05	0.18700
binom	1	0.9	0.05	0.16800
binom	1	0	0.1	0.17700
binom	1	0.1	0.1	0.14900
binom	1	0.2	0.1	0.15400
binom	1	0.3	0.1	0.16500
binom	1	0.4	0.1	0.17800
binom	1	0.5	0.1	0.16700
binom	1	0.6	0.1	0.19000
binom	1	0.7	0.1	0.17200
binom	1	0.8	0.1	0.16400
binom	1	0.9	0.1	0.16700
binom	1	0	0.2	0.32300
binom	1	0.1	0.2	0.27800
binom	1	0.2	0.2	0.28800
binom	1	0.3	0.2	0.23400
binom	1	0.4	0.2	0.23300
binom	1	0.5	0.2	0.23300
binom	1	0.6	0.2	0.23300
binom	1	0.7	0.2	0.21600
binom	1	0.8	0.2	0.22400
binom	1	0.9	0.2	0.24200
