binom	1	0	0	0.01000
binom	1	0.1	0	0.04800
binom	1	0.2	0	0.07200
binom	1	0.3	0	0.09700
binom	1	0.4	0	0.12000
binom	1	0.5	0	0.15300
binom	1	0.6	0	0.16200
binom	1	0.7	0	0.15300
binom	1	0.8	0	0.15000
binom	1	0.9	0	0.12500
binom	1	0	0.05	0.09500
binom	1	0.1	0.05	0.07800
binom	1	0.2	0.05	0.11200
binom	1	0.3	0.05	0.14600
binom	1	0.4	0.05	0.14400
binom	1	0.5	0.05	0.16200
binom	1	0.6	0.05	0.18600
binom	1	0.7	0.05	0.16400
binom	1	0.8	0.05	0.14900
binom	1	0.9	0.05	0.16800
binom	1	0	0.1	0.15600
binom	1	0.1	0.1	0.16300
binom	1	0.2	0.1	0.15100
binom	1	0.3	0.1	0.18100
binom	1	0.4	0.1	0.18100
binom	1	0.5	0.1	0.20200
binom	1	0.6	0.1	0.20200
binom	1	0.7	0.1	0.16900
binom	1	0.8	0.1	0.16700
binom	1	0.9	0.1	0.17100
binom	1	0	0.2	0.28500
binom	1	0.1	0.2	0.26900
binom	1	0.2	0.2	0.27500
binom	1	0.3	0.2	0.23500
binom	1	0.4	0.2	0.21900
binom	1	0.5	0.2	0.24100
binom	1	0.6	0.2	0.23400
binom	1	0.7	0.2	0.21000
binom	1	0.8	0.2	0.22000
binom	1	0.9	0.2	0.21700
