binom	1	0	0	0.00900
binom	1	0.1	0	0.04400
binom	1	0.2	0	0.07800
binom	1	0.3	0	0.11300
binom	1	0.4	0	0.13900
binom	1	0.5	0	0.14000
binom	1	0.6	0	0.13300
binom	1	0.7	0	0.15300
binom	1	0.8	0	0.14000
binom	1	0.9	0	0.11600
binom	1	0	0.05	0.08300
binom	1	0.1	0.05	0.09200
binom	1	0.2	0.05	0.12400
binom	1	0.3	0.05	0.13100
binom	1	0.4	0.05	0.14800
binom	1	0.5	0.05	0.16400
binom	1	0.6	0.05	0.17000
binom	1	0.7	0.05	0.17900
binom	1	0.8	0.05	0.15500
binom	1	0.9	0.05	0.15300
binom	1	0	0.1	0.17800
binom	1	0.1	0.1	0.15700
binom	1	0.2	0.1	0.15600
binom	1	0.3	0.1	0.16000
binom	1	0.4	0.1	0.17200
binom	1	0.5	0.1	0.17300
binom	1	0.6	0.1	0.18500
binom	1	0.7	0.1	0.16700
binom	1	0.8	0.1	0.18200
binom	1	0.9	0.1	0.16400
binom	1	0	0.2	0.30400
binom	1	0.1	0.2	0.27300
binom	1	0.2	0.2	0.26500
binom	1	0.3	0.2	0.24300
binom	1	0.4	0.2	0.22200
binom	1	0.5	0.2	0.23600
binom	1	0.6	0.2	0.22900
binom	1	0.7	0.2	0.21800
binom	1	0.8	0.2	0.20200
binom	1	0.9	0.2	0.20200
