binom	1	0	0	0.01000
binom	1	0.1	0	0.03200
binom	1	0.2	0	0.07200
binom	1	0.3	0	0.09600
binom	1	0.4	0	0.10300
binom	1	0.5	0	0.14200
binom	1	0.6	0	0.13700
binom	1	0.7	0	0.14700
binom	1	0.8	0	0.12700
binom	1	0.9	0	0.13700
binom	1	0	0.05	0.09800
binom	1	0.1	0.05	0.11200
binom	1	0.2	0.05	0.11800
binom	1	0.3	0.05	0.13800
binom	1	0.4	0.05	0.14700
binom	1	0.5	0.05	0.15300
binom	1	0.6	0.05	0.16000
binom	1	0.7	0.05	0.17700
binom	1	0.8	0.05	0.16500
binom	1	0.9	0.05	0.17500
binom	1	0	0.1	0.15000
binom	1	0.1	0.1	0.14700
binom	1	0.2	0.1	0.15800
binom	1	0.3	0.1	0.14300
binom	1	0.4	0.1	0.16800
binom	1	0.5	0.1	0.22500
binom	1	0.6	0.1	0.19300
binom	1	0.7	0.1	0.21800
binom	1	0.8	0.1	0.17200
binom	1	0.9	0.1	0.17500
binom	1	0	0.2	0.29600
binom	1	0.1	0.2	0.29800
binom	1	0.2	0.2	0.25700
binom	1	0.3	0.2	0.25700
binom	1	0.4	0.2	0.21200
binom	1	0.5	0.2	0.23100
binom	1	0.6	0.2	0.24800
binom	1	0.7	0.2	0.23800
binom	1	0.8	0.2	0.23500
binom	1	0.9	0.2	0.21700
