binom	0.02460
binom	0.02420
binom	0.02280
binom	0.02700
binom	0.02300
binom	0.02580
binom	0.02120
binom	0.02040
binom	0.01780
binom	0.02320
binom	0.02120
binom	0.02540
binom	0.02080
binom	0.01860
binom	0.02160
binom	0.02200
binom	0.02360
binom	0.02060
binom	0.02700
binom	0.02240
binom	0.01920
binom	0.02020
binom	0.01960
binom	0.01720
binom	0.01980
binom	0.02280
binom	0.02000
binom	0.02080
binom	0.01960
binom	0.01660
binom	0.01760
binom	0.01620
binom	0.01960
binom	0.01740
binom	0.01440
binom	0.01820
binom	0.01400
binom	0.01740
binom	0.01640
binom	0.01720
binom	0.01740
binom	0.01660
binom	0.01760
binom	0.01700
binom	0.01760
binom	0.01460
binom	0.01740
binom	0.01400
binom	0.01340
binom	0.01300
binom	0.01560
