binom	1	0	0	0.00900
binom	1	0.1	0	0.04800
binom	1	0.2	0	0.09300
binom	1	0.3	0	0.10900
binom	1	0.4	0	0.13400
binom	1	0.5	0	0.11800
binom	1	0.6	0	0.13700
binom	1	0.7	0	0.12300
binom	1	0.8	0	0.16300
binom	1	0.9	0	0.15200
binom	1	0	0.05	0.10100
binom	1	0.1	0.05	0.09000
binom	1	0.2	0.05	0.10200
binom	1	0.3	0.05	0.12400
binom	1	0.4	0.05	0.15600
binom	1	0.5	0.05	0.14700
binom	1	0.6	0.05	0.16700
binom	1	0.7	0.05	0.17300
binom	1	0.8	0.05	0.17200
binom	1	0.9	0.05	0.17100
binom	1	0	0.1	0.16000
binom	1	0.1	0.1	0.14900
binom	1	0.2	0.1	0.15300
binom	1	0.3	0.1	0.17900
binom	1	0.4	0.1	0.17500
binom	1	0.5	0.1	0.20000
binom	1	0.6	0.1	0.20600
binom	1	0.7	0.1	0.19200
binom	1	0.8	0.1	0.17300
binom	1	0.9	0.1	0.16100
binom	1	0	0.2	0.33100
binom	1	0.1	0.2	0.28400
binom	1	0.2	0.2	0.25900
binom	1	0.3	0.2	0.25400
binom	1	0.4	0.2	0.23000
binom	1	0.5	0.2	0.21800
binom	1	0.6	0.2	0.20800
binom	1	0.7	0.2	0.23600
binom	1	0.8	0.2	0.20800
binom	1	0.9	0.2	0.22500
