binom	1	0	0	0.00900
binom	1	0.1	0	0.04400
binom	1	0.2	0	0.07600
binom	1	0.3	0	0.11000
binom	1	0.4	0	0.11400
binom	1	0.5	0	0.12700
binom	1	0.6	0	0.15900
binom	1	0.7	0	0.17600
binom	1	0.8	0	0.14900
binom	1	0.9	0	0.15400
binom	1	0	0.05	0.09000
binom	1	0.1	0.05	0.09600
binom	1	0.2	0.05	0.10300
binom	1	0.3	0.05	0.11900
binom	1	0.4	0.05	0.14800
binom	1	0.5	0.05	0.16400
binom	1	0.6	0.05	0.16100
binom	1	0.7	0.05	0.16000
binom	1	0.8	0.05	0.16300
binom	1	0.9	0.05	0.15600
binom	1	0	0.1	0.17700
binom	1	0.1	0.1	0.16600
binom	1	0.2	0.1	0.16000
binom	1	0.3	0.1	0.16500
binom	1	0.4	0.1	0.18100
binom	1	0.5	0.1	0.21000
binom	1	0.6	0.1	0.19500
binom	1	0.7	0.1	0.20600
binom	1	0.8	0.1	0.18400
binom	1	0.9	0.1	0.16700
binom	1	0	0.2	0.30500
binom	1	0.1	0.2	0.30100
binom	1	0.2	0.2	0.27700
binom	1	0.3	0.2	0.23600
binom	1	0.4	0.2	0.21900
binom	1	0.5	0.2	0.21300
binom	1	0.6	0.2	0.23400
binom	1	0.7	0.2	0.25000
binom	1	0.8	0.2	0.22000
binom	1	0.9	0.2	0.21300
