binom	1	0	0	0.00900
binom	1	0.1	0	0.03600
binom	1	0.2	0	0.06800
binom	1	0.3	0	0.12200
binom	1	0.4	0	0.11900
binom	1	0.5	0	0.15100
binom	1	0.6	0	0.13900
binom	1	0.7	0	0.14800
binom	1	0.8	0	0.14500
binom	1	0.9	0	0.12200
binom	1	0	0.05	0.09600
binom	1	0.1	0.05	0.08900
binom	1	0.2	0.05	0.11900
binom	1	0.3	0.05	0.13700
binom	1	0.4	0.05	0.15000
binom	1	0.5	0.05	0.14400
binom	1	0.6	0.05	0.16200
binom	1	0.7	0.05	0.17200
binom	1	0.8	0.05	0.15000
binom	1	0.9	0.05	0.17700
binom	1	0	0.1	0.17200
binom	1	0.1	0.1	0.16500
binom	1	0.2	0.1	0.14600
binom	1	0.3	0.1	0.17800
binom	1	0.4	0.1	0.16800
binom	1	0.5	0.1	0.18600
binom	1	0.6	0.1	0.21000
binom	1	0.7	0.1	0.16300
binom	1	0.8	0.1	0.18300
binom	1	0.9	0.1	0.16800
binom	1	0	0.2	0.28900
binom	1	0.1	0.2	0.32800
binom	1	0.2	0.2	0.27200
binom	1	0.3	0.2	0.25300
binom	1	0.4	0.2	0.23300
binom	1	0.5	0.2	0.21200
binom	1	0.6	0.2	0.23100
binom	1	0.7	0.2	0.22500
binom	1	0.8	0.2	0.21100
binom	1	0.9	0.2	0.21800
