binom	1	0	0	0.01000
binom	1	0.1	0	0.04600
binom	1	0.2	0	0.07900
binom	1	0.3	0	0.08500
binom	1	0.4	0	0.10700
binom	1	0.5	0	0.14500
binom	1	0.6	0	0.15200
binom	1	0.7	0	0.13400
binom	1	0.8	0	0.13500
binom	1	0.9	0	0.13100
binom	1	0	0.05	0.09300
binom	1	0.1	0.05	0.09300
binom	1	0.2	0.05	0.11100
binom	1	0.3	0.05	0.14100
binom	1	0.4	0.05	0.14400
binom	1	0.5	0.05	0.15800
binom	1	0.6	0.05	0.18300
binom	1	0.7	0.05	0.18800
binom	1	0.8	0.05	0.17200
binom	1	0.9	0.05	0.16200
binom	1	0	0.1	0.18500
binom	1	0.1	0.1	0.17700
binom	1	0.2	0.1	0.13700
binom	1	0.3	0.1	0.17000
binom	1	0.4	0.1	0.17300
binom	1	0.5	0.1	0.19900
binom	1	0.6	0.1	0.17300
binom	1	0.7	0.1	0.18600
binom	1	0.8	0.1	0.15200
binom	1	0.9	0.1	0.17900
binom	1	0	0.2	0.27900
binom	1	0.1	0.2	0.30400
binom	1	0.2	0.2	0.29300
binom	1	0.3	0.2	0.25400
binom	1	0.4	0.2	0.21600
binom	1	0.5	0.2	0.22300
binom	1	0.6	0.2	0.22700
binom	1	0.7	0.2	0.24300
binom	1	0.8	0.2	0.22700
binom	1	0.9	0.2	0.19900
