binom	1	0	0	0.01100
binom	1	0.1	0	0.04600
binom	1	0.2	0	0.08500
binom	1	0.3	0	0.10900
binom	1	0.4	0	0.13500
binom	1	0.5	0	0.12500
binom	1	0.6	0	0.14000
binom	1	0.7	0	0.12700
binom	1	0.8	0	0.14300
binom	1	0.9	0	0.14000
binom	1	0	0.05	0.07900
binom	1	0.1	0.05	0.08000
binom	1	0.2	0.05	0.12700
binom	1	0.3	0.05	0.11300
binom	1	0.4	0.05	0.17100
binom	1	0.5	0.05	0.14300
binom	1	0.6	0.05	0.15900
binom	1	0.7	0.05	0.17800
binom	1	0.8	0.05	0.15800
binom	1	0.9	0.05	0.13900
binom	1	0	0.1	0.16700
binom	1	0.1	0.1	0.18200
binom	1	0.2	0.1	0.13900
binom	1	0.3	0.1	0.17400
binom	1	0.4	0.1	0.18900
binom	1	0.5	0.1	0.17300
binom	1	0.6	0.1	0.16700
binom	1	0.7	0.1	0.20000
binom	1	0.8	0.1	0.20900
binom	1	0.9	0.1	0.16200
binom	1	0	0.2	0.29800
binom	1	0.1	0.2	0.31300
binom	1	0.2	0.2	0.28900
binom	1	0.3	0.2	0.24600
binom	1	0.4	0.2	0.22700
binom	1	0.5	0.2	0.25800
binom	1	0.6	0.2	0.22700
binom	1	0.7	0.2	0.22000
binom	1	0.8	0.2	0.22700
binom	1	0.9	0.2	0.20400
