binom	1	0	0	0.01300
binom	1	0.1	0	0.03800
binom	1	0.2	0	0.08800
binom	1	0.3	0	0.10400
binom	1	0.4	0	0.12000
binom	1	0.5	0	0.13800
binom	1	0.6	0	0.14000
binom	1	0.7	0	0.14700
binom	1	0.8	0	0.13300
binom	1	0.9	0	0.15300
binom	1	0	0.05	0.09500
binom	1	0.1	0.05	0.08800
binom	1	0.2	0.05	0.11100
binom	1	0.3	0.05	0.13700
binom	1	0.4	0.05	0.13900
binom	1	0.5	0.05	0.15000
binom	1	0.6	0.05	0.15500
binom	1	0.7	0.05	0.16200
binom	1	0.8	0.05	0.16000
binom	1	0.9	0.05	0.16200
binom	1	0	0.1	0.17400
binom	1	0.1	0.1	0.16200
binom	1	0.2	0.1	0.12400
binom	1	0.3	0.1	0.15500
binom	1	0.4	0.1	0.17600
binom	1	0.5	0.1	0.18400
binom	1	0.6	0.1	0.18800
binom	1	0.7	0.1	0.18600
binom	1	0.8	0.1	0.16800
binom	1	0.9	0.1	0.16300
binom	1	0	0.2	0.31100
binom	1	0.1	0.2	0.29000
binom	1	0.2	0.2	0.26800
binom	1	0.3	0.2	0.24500
binom	1	0.4	0.2	0.22600
binom	1	0.5	0.2	0.22000
binom	1	0.6	0.2	0.22900
binom	1	0.7	0.2	0.22700
binom	1	0.8	0.2	0.24600
binom	1	0.9	0.2	0.23000
