binom	1	0	0	0.01800
binom	1	0.1	0	0.03900
binom	1	0.2	0	0.06300
binom	1	0.3	0	0.09800
binom	1	0.4	0	0.12100
binom	1	0.5	0	0.16200
binom	1	0.6	0	0.14300
binom	1	0.7	0	0.14900
binom	1	0.8	0	0.13600
binom	1	0.9	0	0.14000
binom	1	0	0.05	0.09600
binom	1	0.1	0.05	0.09300
binom	1	0.2	0.05	0.11900
binom	1	0.3	0.05	0.13800
binom	1	0.4	0.05	0.17600
binom	1	0.5	0.05	0.14300
binom	1	0.6	0.05	0.16800
binom	1	0.7	0.05	0.13400
binom	1	0.8	0.05	0.16700
binom	1	0.9	0.05	0.14900
binom	1	0	0.1	0.16800
binom	1	0.1	0.1	0.16000
binom	1	0.2	0.1	0.14700
binom	1	0.3	0.1	0.15800
binom	1	0.4	0.1	0.16100
binom	1	0.5	0.1	0.18500
binom	1	0.6	0.1	0.18100
binom	1	0.7	0.1	0.18500
binom	1	0.8	0.1	0.21100
binom	1	0.9	0.1	0.17200
binom	1	0	0.2	0.32000
binom	1	0.1	0.2	0.30300
binom	1	0.2	0.2	0.27000
binom	1	0.3	0.2	0.25400
binom	1	0.4	0.2	0.22900
binom	1	0.5	0.2	0.21400
binom	1	0.6	0.2	0.22200
binom	1	0.7	0.2	0.22700
binom	1	0.8	0.2	0.21400
binom	1	0.9	0.2	0.23700
