binom	1	0	0	0.00900
binom	1	0.1	0	0.04600
binom	1	0.2	0	0.09100
binom	1	0.3	0	0.09900
binom	1	0.4	0	0.11300
binom	1	0.5	0	0.12400
binom	1	0.6	0	0.13200
binom	1	0.7	0	0.13900
binom	1	0.8	0	0.13900
binom	1	0.9	0	0.13200
binom	1	0	0.05	0.08700
binom	1	0.1	0.05	0.06800
binom	1	0.2	0.05	0.13500
binom	1	0.3	0.05	0.14700
binom	1	0.4	0.05	0.13000
binom	1	0.5	0.05	0.15600
binom	1	0.6	0.05	0.15900
binom	1	0.7	0.05	0.19400
binom	1	0.8	0.05	0.17200
binom	1	0.9	0.05	0.14800
binom	1	0	0.1	0.15900
binom	1	0.1	0.1	0.15300
binom	1	0.2	0.1	0.15000
binom	1	0.3	0.1	0.15200
binom	1	0.4	0.1	0.17400
binom	1	0.5	0.1	0.18400
binom	1	0.6	0.1	0.21600
binom	1	0.7	0.1	0.19000
binom	1	0.8	0.1	0.21600
binom	1	0.9	0.1	0.17600
binom	1	0	0.2	0.28900
binom	1	0.1	0.2	0.29900
binom	1	0.2	0.2	0.26200
binom	1	0.3	0.2	0.23400
binom	1	0.4	0.2	0.21200
binom	1	0.5	0.2	0.22700
binom	1	0.6	0.2	0.22000
binom	1	0.7	0.2	0.22500
binom	1	0.8	0.2	0.23400
binom	1	0.9	0.2	0.19400
