binom	1	0	0	0.01300
binom	1	0.1	0	0.04700
binom	1	0.2	0	0.07900
binom	1	0.3	0	0.10100
binom	1	0.4	0	0.14400
binom	1	0.5	0	0.11900
binom	1	0.6	0	0.13600
binom	1	0.7	0	0.14100
binom	1	0.8	0	0.14700
binom	1	0.9	0	0.12800
binom	1	0	0.05	0.10700
binom	1	0.1	0.05	0.09600
binom	1	0.2	0.05	0.11000
binom	1	0.3	0.05	0.13600
binom	1	0.4	0.05	0.17300
binom	1	0.5	0.05	0.15300
binom	1	0.6	0.05	0.15500
binom	1	0.7	0.05	0.16500
binom	1	0.8	0.05	0.17000
binom	1	0.9	0.05	0.16400
binom	1	0	0.1	0.18400
binom	1	0.1	0.1	0.15500
binom	1	0.2	0.1	0.16200
binom	1	0.3	0.1	0.16100
binom	1	0.4	0.1	0.18600
binom	1	0.5	0.1	0.18800
binom	1	0.6	0.1	0.18200
binom	1	0.7	0.1	0.20200
binom	1	0.8	0.1	0.18500
binom	1	0.9	0.1	0.15300
binom	1	0	0.2	0.28300
binom	1	0.1	0.2	0.28300
binom	1	0.2	0.2	0.29300
binom	1	0.3	0.2	0.23100
binom	1	0.4	0.2	0.21300
binom	1	0.5	0.2	0.23300
binom	1	0.6	0.2	0.22000
binom	1	0.7	0.2	0.22200
binom	1	0.8	0.2	0.24300
binom	1	0.9	0.2	0.22700
