binom	1	0	0	0.01200
binom	1	0.1	0	0.04800
binom	1	0.2	0	0.08000
binom	1	0.3	0	0.09800
binom	1	0.4	0	0.12500
binom	1	0.5	0	0.14900
binom	1	0.6	0	0.13900
binom	1	0.7	0	0.14800
binom	1	0.8	0	0.12500
binom	1	0.9	0	0.15300
binom	1	0	0.05	0.09200
binom	1	0.1	0.05	0.09700
binom	1	0.2	0.05	0.10100
binom	1	0.3	0.05	0.13800
binom	1	0.4	0.05	0.15100
binom	1	0.5	0.05	0.15700
binom	1	0.6	0.05	0.18300
binom	1	0.7	0.05	0.16600
binom	1	0.8	0.05	0.17400
binom	1	0.9	0.05	0.17100
binom	1	0	0.1	0.17100
binom	1	0.1	0.1	0.15600
binom	1	0.2	0.1	0.13200
binom	1	0.3	0.1	0.16800
binom	1	0.4	0.1	0.17200
binom	1	0.5	0.1	0.16700
binom	1	0.6	0.1	0.20300
binom	1	0.7	0.1	0.18100
binom	1	0.8	0.1	0.19100
binom	1	0.9	0.1	0.17200
binom	1	0	0.2	0.30700
binom	1	0.1	0.2	0.30800
binom	1	0.2	0.2	0.26500
binom	1	0.3	0.2	0.25600
binom	1	0.4	0.2	0.19700
binom	1	0.5	0.2	0.23900
binom	1	0.6	0.2	0.22500
binom	1	0.7	0.2	0.26200
binom	1	0.8	0.2	0.21400
binom	1	0.9	0.2	0.21900
