binom	1	0	0	0.01000
binom	1	0.1	0	0.04400
binom	1	0.2	0	0.08200
binom	1	0.3	0	0.10000
binom	1	0.4	0	0.13300
binom	1	0.5	0	0.13000
binom	1	0.6	0	0.14900
binom	1	0.7	0	0.15800
binom	1	0.8	0	0.12900
binom	1	0.9	0	0.13100
binom	1	0	0.05	0.09300
binom	1	0.1	0.05	0.09300
binom	1	0.2	0.05	0.11100
binom	1	0.3	0.05	0.12500
binom	1	0.4	0.05	0.16100
binom	1	0.5	0.05	0.17300
binom	1	0.6	0.05	0.16700
binom	1	0.7	0.05	0.17500
binom	1	0.8	0.05	0.18000
binom	1	0.9	0.05	0.13700
binom	1	0	0.1	0.18700
binom	1	0.1	0.1	0.17200
binom	1	0.2	0.1	0.13500
binom	1	0.3	0.1	0.16800
binom	1	0.4	0.1	0.17500
binom	1	0.5	0.1	0.19000
binom	1	0.6	0.1	0.20400
binom	1	0.7	0.1	0.19200
binom	1	0.8	0.1	0.15700
binom	1	0.9	0.1	0.16200
binom	1	0	0.2	0.28500
binom	1	0.1	0.2	0.28800
binom	1	0.2	0.2	0.28100
binom	1	0.3	0.2	0.24200
binom	1	0.4	0.2	0.20300
binom	1	0.5	0.2	0.22600
binom	1	0.6	0.2	0.25000
binom	1	0.7	0.2	0.20600
binom	1	0.8	0.2	0.22100
binom	1	0.9	0.2	0.19800
