binom	1	0	0	0.00800
binom	1	0.1	0	0.03800
binom	1	0.2	0	0.08400
binom	1	0.3	0	0.11200
binom	1	0.4	0	0.11400
binom	1	0.5	0	0.13300
binom	1	0.6	0	0.16000
binom	1	0.7	0	0.15400
binom	1	0.8	0	0.14800
binom	1	0.9	0	0.14900
binom	1	0	0.05	0.09200
binom	1	0.1	0.05	0.08700
binom	1	0.2	0.05	0.12800
binom	1	0.3	0.05	0.11600
binom	1	0.4	0.05	0.15700
binom	1	0.5	0.05	0.16300
binom	1	0.6	0.05	0.14400
binom	1	0.7	0.05	0.18700
binom	1	0.8	0.05	0.16900
binom	1	0.9	0.05	0.14500
binom	1	0	0.1	0.18000
binom	1	0.1	0.1	0.18400
binom	1	0.2	0.1	0.14700
binom	1	0.3	0.1	0.15500
binom	1	0.4	0.1	0.18600
binom	1	0.5	0.1	0.18500
binom	1	0.6	0.1	0.18800
binom	1	0.7	0.1	0.18600
binom	1	0.8	0.1	0.17000
binom	1	0.9	0.1	0.18600
binom	1	0	0.2	0.32100
binom	1	0.1	0.2	0.27100
binom	1	0.2	0.2	0.26700
binom	1	0.3	0.2	0.24400
binom	1	0.4	0.2	0.21500
binom	1	0.5	0.2	0.21400
binom	1	0.6	0.2	0.22700
binom	1	0.7	0.2	0.24800
binom	1	0.8	0.2	0.23300
binom	1	0.9	0.2	0.22000
