binom	1	0	0	0.01100
binom	1	0.1	0	0.04700
binom	1	0.2	0	0.06000
binom	1	0.3	0	0.10000
binom	1	0.4	0	0.14000
binom	1	0.5	0	0.15000
binom	1	0.6	0	0.15100
binom	1	0.7	0	0.13900
binom	1	0.8	0	0.14900
binom	1	0.9	0	0.13100
binom	1	0	0.05	0.08200
binom	1	0.1	0.05	0.08800
binom	1	0.2	0.05	0.11700
binom	1	0.3	0.05	0.12700
binom	1	0.4	0.05	0.16800
binom	1	0.5	0.05	0.17000
binom	1	0.6	0.05	0.15900
binom	1	0.7	0.05	0.18200
binom	1	0.8	0.05	0.15500
binom	1	0.9	0.05	0.16600
binom	1	0	0.1	0.18400
binom	1	0.1	0.1	0.16600
binom	1	0.2	0.1	0.14600
binom	1	0.3	0.1	0.18400
binom	1	0.4	0.1	0.19700
binom	1	0.5	0.1	0.18800
binom	1	0.6	0.1	0.17100
binom	1	0.7	0.1	0.17900
binom	1	0.8	0.1	0.16900
binom	1	0.9	0.1	0.15900
binom	1	0	0.2	0.28600
binom	1	0.1	0.2	0.31000
binom	1	0.2	0.2	0.31000
binom	1	0.3	0.2	0.26300
binom	1	0.4	0.2	0.22700
binom	1	0.5	0.2	0.23500
binom	1	0.6	0.2	0.23700
binom	1	0.7	0.2	0.23000
binom	1	0.8	0.2	0.23500
binom	1	0.9	0.2	0.22500
