binom	1	0	0	0.01500
binom	1	0.1	0	0.04100
binom	1	0.2	0	0.06900
binom	1	0.3	0	0.11900
binom	1	0.4	0	0.11900
binom	1	0.5	0	0.13400
binom	1	0.6	0	0.15600
binom	1	0.7	0	0.14100
binom	1	0.8	0	0.14000
binom	1	0.9	0	0.13700
binom	1	0	0.05	0.08900
binom	1	0.1	0.05	0.08700
binom	1	0.2	0.05	0.12000
binom	1	0.3	0.05	0.12400
binom	1	0.4	0.05	0.15800
binom	1	0.5	0.05	0.16500
binom	1	0.6	0.05	0.15600
binom	1	0.7	0.05	0.17700
binom	1	0.8	0.05	0.17000
binom	1	0.9	0.05	0.15200
binom	1	0	0.1	0.16300
binom	1	0.1	0.1	0.14300
binom	1	0.2	0.1	0.14600
binom	1	0.3	0.1	0.17200
binom	1	0.4	0.1	0.15600
binom	1	0.5	0.1	0.21200
binom	1	0.6	0.1	0.16900
binom	1	0.7	0.1	0.19500
binom	1	0.8	0.1	0.19500
binom	1	0.9	0.1	0.18600
binom	1	0	0.2	0.30800
binom	1	0.1	0.2	0.31700
binom	1	0.2	0.2	0.27400
binom	1	0.3	0.2	0.23600
binom	1	0.4	0.2	0.22000
binom	1	0.5	0.2	0.21600
binom	1	0.6	0.2	0.24000
binom	1	0.7	0.2	0.24300
binom	1	0.8	0.2	0.21100
binom	1	0.9	0.2	0.22800
