binom	1	0	0	0.01100
binom	1	0.1	0	0.04100
binom	1	0.2	0	0.07700
binom	1	0.3	0	0.12500
binom	1	0.4	0	0.13900
binom	1	0.5	0	0.12800
binom	1	0.6	0	0.16200
binom	1	0.7	0	0.16300
binom	1	0.8	0	0.14700
binom	1	0.9	0	0.12700
binom	1	0	0.05	0.09400
binom	1	0.1	0.05	0.07700
binom	1	0.2	0.05	0.11800
binom	1	0.3	0.05	0.15600
binom	1	0.4	0.05	0.15300
binom	1	0.5	0.05	0.19300
binom	1	0.6	0.05	0.16600
binom	1	0.7	0.05	0.16400
binom	1	0.8	0.05	0.16600
binom	1	0.9	0.05	0.16200
binom	1	0	0.1	0.16600
binom	1	0.1	0.1	0.14300
binom	1	0.2	0.1	0.14800
binom	1	0.3	0.1	0.16700
binom	1	0.4	0.1	0.19400
binom	1	0.5	0.1	0.20400
binom	1	0.6	0.1	0.19400
binom	1	0.7	0.1	0.19700
binom	1	0.8	0.1	0.20100
binom	1	0.9	0.1	0.17500
binom	1	0	0.2	0.29800
binom	1	0.1	0.2	0.28300
binom	1	0.2	0.2	0.25900
binom	1	0.3	0.2	0.27300
binom	1	0.4	0.2	0.24500
binom	1	0.5	0.2	0.21000
binom	1	0.6	0.2	0.20700
binom	1	0.7	0.2	0.22400
binom	1	0.8	0.2	0.20700
binom	1	0.9	0.2	0.21000
