binom	1	0	0	0.00800
binom	1	0.1	0	0.04300
binom	1	0.2	0	0.09600
binom	1	0.3	0	0.08900
binom	1	0.4	0	0.12200
binom	1	0.5	0	0.14900
binom	1	0.6	0	0.13200
binom	1	0.7	0	0.16700
binom	1	0.8	0	0.14700
binom	1	0.9	0	0.13800
binom	1	0	0.05	0.07700
binom	1	0.1	0.05	0.08200
binom	1	0.2	0.05	0.10500
binom	1	0.3	0.05	0.13200
binom	1	0.4	0.05	0.13600
binom	1	0.5	0.05	0.17500
binom	1	0.6	0.05	0.16200
binom	1	0.7	0.05	0.17100
binom	1	0.8	0.05	0.16200
binom	1	0.9	0.05	0.14800
binom	1	0	0.1	0.17200
binom	1	0.1	0.1	0.15000
binom	1	0.2	0.1	0.14500
binom	1	0.3	0.1	0.16700
binom	1	0.4	0.1	0.16800
binom	1	0.5	0.1	0.18900
binom	1	0.6	0.1	0.18800
binom	1	0.7	0.1	0.18400
binom	1	0.8	0.1	0.18900
binom	1	0.9	0.1	0.17200
binom	1	0	0.2	0.28600
binom	1	0.1	0.2	0.28900
binom	1	0.2	0.2	0.27700
binom	1	0.3	0.2	0.24400
binom	1	0.4	0.2	0.20900
binom	1	0.5	0.2	0.22100
binom	1	0.6	0.2	0.22300
binom	1	0.7	0.2	0.24900
binom	1	0.8	0.2	0.21900
binom	1	0.9	0.2	0.21300
