binom	1	0	0	0.01500
binom	1	0.1	0	0.03300
binom	1	0.2	0	0.09000
binom	1	0.3	0	0.09300
binom	1	0.4	0	0.13400
binom	1	0.5	0	0.13300
binom	1	0.6	0	0.13900
binom	1	0.7	0	0.13700
binom	1	0.8	0	0.13300
binom	1	0.9	0	0.13900
binom	1	0	0.05	0.10600
binom	1	0.1	0.05	0.08500
binom	1	0.2	0.05	0.11000
binom	1	0.3	0.05	0.12500
binom	1	0.4	0.05	0.15500
binom	1	0.5	0.05	0.15400
binom	1	0.6	0.05	0.16900
binom	1	0.7	0.05	0.16800
binom	1	0.8	0.05	0.15400
binom	1	0.9	0.05	0.16900
binom	1	0	0.1	0.17400
binom	1	0.1	0.1	0.15800
binom	1	0.2	0.1	0.12600
binom	1	0.3	0.1	0.18200
binom	1	0.4	0.1	0.17100
binom	1	0.5	0.1	0.18700
binom	1	0.6	0.1	0.18100
binom	1	0.7	0.1	0.16400
binom	1	0.8	0.1	0.18900
binom	1	0.9	0.1	0.18100
binom	1	0	0.2	0.32900
binom	1	0.1	0.2	0.31900
binom	1	0.2	0.2	0.26400
binom	1	0.3	0.2	0.28400
binom	1	0.4	0.2	0.24100
binom	1	0.5	0.2	0.21500
binom	1	0.6	0.2	0.25300
binom	1	0.7	0.2	0.24500
binom	1	0.8	0.2	0.22400
binom	1	0.9	0.2	0.22800
