binom	1	0	0	0.00600
binom	1	0.1	0	0.04500
binom	1	0.2	0	0.07600
binom	1	0.3	0	0.11300
binom	1	0.4	0	0.12100
binom	1	0.5	0	0.12700
binom	1	0.6	0	0.14400
binom	1	0.7	0	0.15800
binom	1	0.8	0	0.13200
binom	1	0.9	0	0.13100
binom	1	0	0.05	0.08300
binom	1	0.1	0.05	0.10400
binom	1	0.2	0.05	0.10900
binom	1	0.3	0.05	0.13400
binom	1	0.4	0.05	0.15400
binom	1	0.5	0.05	0.15500
binom	1	0.6	0.05	0.17600
binom	1	0.7	0.05	0.19500
binom	1	0.8	0.05	0.16900
binom	1	0.9	0.05	0.13900
binom	1	0	0.1	0.16700
binom	1	0.1	0.1	0.17200
binom	1	0.2	0.1	0.15000
binom	1	0.3	0.1	0.18000
binom	1	0.4	0.1	0.18100
binom	1	0.5	0.1	0.18700
binom	1	0.6	0.1	0.18700
binom	1	0.7	0.1	0.20300
binom	1	0.8	0.1	0.17600
binom	1	0.9	0.1	0.20400
binom	1	0	0.2	0.29200
binom	1	0.1	0.2	0.29800
binom	1	0.2	0.2	0.27100
binom	1	0.3	0.2	0.26700
binom	1	0.4	0.2	0.21000
binom	1	0.5	0.2	0.21600
binom	1	0.6	0.2	0.25100
binom	1	0.7	0.2	0.22900
binom	1	0.8	0.2	0.23300
binom	1	0.9	0.2	0.21100
