binom	1	0	0	0.00900
binom	1	0.1	0	0.04500
binom	1	0.2	0	0.08100
binom	1	0.3	0	0.11100
binom	1	0.4	0	0.12400
binom	1	0.5	0	0.12700
binom	1	0.6	0	0.14600
binom	1	0.7	0	0.13500
binom	1	0.8	0	0.13500
binom	1	0.9	0	0.13700
binom	1	0	0.05	0.10400
binom	1	0.1	0.05	0.10600
binom	1	0.2	0.05	0.12200
binom	1	0.3	0.05	0.13200
binom	1	0.4	0.05	0.15100
binom	1	0.5	0.05	0.16400
binom	1	0.6	0.05	0.17500
binom	1	0.7	0.05	0.16900
binom	1	0.8	0.05	0.17700
binom	1	0.9	0.05	0.14900
binom	1	0	0.1	0.17600
binom	1	0.1	0.1	0.14900
binom	1	0.2	0.1	0.14900
binom	1	0.3	0.1	0.18300
binom	1	0.4	0.1	0.17300
binom	1	0.5	0.1	0.15700
binom	1	0.6	0.1	0.20500
binom	1	0.7	0.1	0.19100
binom	1	0.8	0.1	0.16800
binom	1	0.9	0.1	0.18800
binom	1	0	0.2	0.27200
binom	1	0.1	0.2	0.29900
binom	1	0.2	0.2	0.26900
binom	1	0.3	0.2	0.24900
binom	1	0.4	0.2	0.22800
binom	1	0.5	0.2	0.20700
binom	1	0.6	0.2	0.24600
binom	1	0.7	0.2	0.21800
binom	1	0.8	0.2	0.23700
binom	1	0.9	0.2	0.21500
