binom	1	0	0	0.01000
binom	1	0.1	0	0.04100
binom	1	0.2	0	0.07400
binom	1	0.3	0	0.09800
binom	1	0.4	0	0.13000
binom	1	0.5	0	0.15300
binom	1	0.6	0	0.15200
binom	1	0.7	0	0.13400
binom	1	0.8	0	0.14900
binom	1	0.9	0	0.13900
binom	1	0	0.05	0.09300
binom	1	0.1	0.05	0.10500
binom	1	0.2	0.05	0.12200
binom	1	0.3	0.05	0.14500
binom	1	0.4	0.05	0.13500
binom	1	0.5	0.05	0.15100
binom	1	0.6	0.05	0.16400
binom	1	0.7	0.05	0.16600
binom	1	0.8	0.05	0.15600
binom	1	0.9	0.05	0.15000
binom	1	0	0.1	0.19300
binom	1	0.1	0.1	0.18100
binom	1	0.2	0.1	0.16100
binom	1	0.3	0.1	0.16600
binom	1	0.4	0.1	0.17400
binom	1	0.5	0.1	0.18900
binom	1	0.6	0.1	0.17500
binom	1	0.7	0.1	0.17600
binom	1	0.8	0.1	0.17800
binom	1	0.9	0.1	0.17500
binom	1	0	0.2	0.29200
binom	1	0.1	0.2	0.29700
binom	1	0.2	0.2	0.27900
binom	1	0.3	0.2	0.24300
binom	1	0.4	0.2	0.24300
binom	1	0.5	0.2	0.21600
binom	1	0.6	0.2	0.22400
binom	1	0.7	0.2	0.23000
binom	1	0.8	0.2	0.20000
binom	1	0.9	0.2	0.23100
