binom	1	0	0	0.00700
binom	1	0.1	0	0.04300
binom	1	0.2	0	0.07900
binom	1	0.3	0	0.10300
binom	1	0.4	0	0.11600
binom	1	0.5	0	0.13600
binom	1	0.6	0	0.13900
binom	1	0.7	0	0.13400
binom	1	0.8	0	0.14300
binom	1	0.9	0	0.12800
binom	1	0	0.05	0.09500
binom	1	0.1	0.05	0.07700
binom	1	0.2	0.05	0.10600
binom	1	0.3	0.05	0.12600
binom	1	0.4	0.05	0.14600
binom	1	0.5	0.05	0.15400
binom	1	0.6	0.05	0.17000
binom	1	0.7	0.05	0.16700
binom	1	0.8	0.05	0.13500
binom	1	0.9	0.05	0.17800
binom	1	0	0.1	0.19700
binom	1	0.1	0.1	0.15600
binom	1	0.2	0.1	0.14500
binom	1	0.3	0.1	0.14600
binom	1	0.4	0.1	0.17500
binom	1	0.5	0.1	0.16700
binom	1	0.6	0.1	0.19000
binom	1	0.7	0.1	0.17200
binom	1	0.8	0.1	0.16400
binom	1	0.9	0.1	0.16700
binom	1	0	0.2	0.28700
binom	1	0.1	0.2	0.29400
binom	1	0.2	0.2	0.27400
binom	1	0.3	0.2	0.23400
binom	1	0.4	0.2	0.23300
binom	1	0.5	0.2	0.22700
binom	1	0.6	0.2	0.23800
binom	1	0.7	0.2	0.22300
binom	1	0.8	0.2	0.22400
binom	1	0.9	0.2	0.22900
