binom	1	0	0	0.00800
binom	1	0.1	0	0.03600
binom	1	0.2	0	0.08800
binom	1	0.3	0	0.09800
binom	1	0.4	0	0.11400
binom	1	0.5	0	0.16000
binom	1	0.6	0	0.16300
binom	1	0.7	0	0.13800
binom	1	0.8	0	0.14000
binom	1	0.9	0	0.14100
binom	1	0	0.05	0.07700
binom	1	0.1	0.05	0.08900
binom	1	0.2	0.05	0.10500
binom	1	0.3	0.05	0.14600
binom	1	0.4	0.05	0.17200
binom	1	0.5	0.05	0.15800
binom	1	0.6	0.05	0.15000
binom	1	0.7	0.05	0.17300
binom	1	0.8	0.05	0.18400
binom	1	0.9	0.05	0.15800
binom	1	0	0.1	0.18200
binom	1	0.1	0.1	0.16900
binom	1	0.2	0.1	0.13700
binom	1	0.3	0.1	0.16900
binom	1	0.4	0.1	0.18200
binom	1	0.5	0.1	0.16800
binom	1	0.6	0.1	0.20100
binom	1	0.7	0.1	0.16100
binom	1	0.8	0.1	0.19300
binom	1	0.9	0.1	0.18800
binom	1	0	0.2	0.27500
binom	1	0.1	0.2	0.28300
binom	1	0.2	0.2	0.26000
binom	1	0.3	0.2	0.22400
binom	1	0.4	0.2	0.22900
binom	1	0.5	0.2	0.22500
binom	1	0.6	0.2	0.24200
binom	1	0.7	0.2	0.23800
binom	1	0.8	0.2	0.21500
binom	1	0.9	0.2	0.22800
