binom	1	0	0	0.01000
binom	1	0.1	0	0.03000
binom	1	0.2	0	0.10700
binom	1	0.3	0	0.11100
binom	1	0.4	0	0.13500
binom	1	0.5	0	0.12700
binom	1	0.6	0	0.11600
binom	1	0.7	0	0.14900
binom	1	0.8	0	0.12800
binom	1	0.9	0	0.14300
binom	1	0	0.05	0.09400
binom	1	0.1	0.05	0.09300
binom	1	0.2	0.05	0.11200
binom	1	0.3	0.05	0.13800
binom	1	0.4	0.05	0.14700
binom	1	0.5	0.05	0.16200
binom	1	0.6	0.05	0.16800
binom	1	0.7	0.05	0.18600
binom	1	0.8	0.05	0.16700
binom	1	0.9	0.05	0.15700
binom	1	0	0.1	0.18900
binom	1	0.1	0.1	0.16700
binom	1	0.2	0.1	0.15800
binom	1	0.3	0.1	0.16000
binom	1	0.4	0.1	0.19300
binom	1	0.5	0.1	0.18700
binom	1	0.6	0.1	0.17100
binom	1	0.7	0.1	0.17100
binom	1	0.8	0.1	0.18200
binom	1	0.9	0.1	0.18600
binom	1	0	0.2	0.30100
binom	1	0.1	0.2	0.29700
binom	1	0.2	0.2	0.26300
binom	1	0.3	0.2	0.27000
binom	1	0.4	0.2	0.21000
binom	1	0.5	0.2	0.24900
binom	1	0.6	0.2	0.20200
binom	1	0.7	0.2	0.23800
binom	1	0.8	0.2	0.23400
binom	1	0.9	0.2	0.20900
