binom	1	0	0	0.00700
binom	1	0.1	0	0.04400
binom	1	0.2	0	0.07200
binom	1	0.3	0	0.09900
binom	1	0.4	0	0.12100
binom	1	0.5	0	0.14700
binom	1	0.6	0	0.14900
binom	1	0.7	0	0.13900
binom	1	0.8	0	0.14900
binom	1	0.9	0	0.14300
binom	1	0	0.05	0.09600
binom	1	0.1	0.05	0.07700
binom	1	0.2	0.05	0.10000
binom	1	0.3	0.05	0.13500
binom	1	0.4	0.05	0.14800
binom	1	0.5	0.05	0.15500
binom	1	0.6	0.05	0.14600
binom	1	0.7	0.05	0.15800
binom	1	0.8	0.05	0.16600
binom	1	0.9	0.05	0.14800
binom	1	0	0.1	0.18400
binom	1	0.1	0.1	0.15200
binom	1	0.2	0.1	0.13600
binom	1	0.3	0.1	0.14700
binom	1	0.4	0.1	0.15700
binom	1	0.5	0.1	0.18000
binom	1	0.6	0.1	0.20500
binom	1	0.7	0.1	0.17800
binom	1	0.8	0.1	0.18800
binom	1	0.9	0.1	0.14000
binom	1	0	0.2	0.29000
binom	1	0.1	0.2	0.32600
binom	1	0.2	0.2	0.29300
binom	1	0.3	0.2	0.25200
binom	1	0.4	0.2	0.19900
binom	1	0.5	0.2	0.21900
binom	1	0.6	0.2	0.21800
binom	1	0.7	0.2	0.24600
binom	1	0.8	0.2	0.26100
binom	1	0.9	0.2	0.19200
