binom	1	0	0	0.01600
binom	1	0.1	0	0.03400
binom	1	0.2	0	0.08000
binom	1	0.3	0	0.09800
binom	1	0.4	0	0.12000
binom	1	0.5	0	0.12800
binom	1	0.6	0	0.14300
binom	1	0.7	0	0.14800
binom	1	0.8	0	0.13100
binom	1	0.9	0	0.13200
binom	1	0	0.05	0.08200
binom	1	0.1	0.05	0.08800
binom	1	0.2	0.05	0.11100
binom	1	0.3	0.05	0.13100
binom	1	0.4	0.05	0.16200
binom	1	0.5	0.05	0.15900
binom	1	0.6	0.05	0.17200
binom	1	0.7	0.05	0.16100
binom	1	0.8	0.05	0.15900
binom	1	0.9	0.05	0.14600
binom	1	0	0.1	0.16200
binom	1	0.1	0.1	0.15400
binom	1	0.2	0.1	0.16300
binom	1	0.3	0.1	0.16800
binom	1	0.4	0.1	0.19100
binom	1	0.5	0.1	0.18200
binom	1	0.6	0.1	0.18000
binom	1	0.7	0.1	0.17800
binom	1	0.8	0.1	0.16300
binom	1	0.9	0.1	0.17700
binom	1	0	0.2	0.29400
binom	1	0.1	0.2	0.28900
binom	1	0.2	0.2	0.30600
binom	1	0.3	0.2	0.23400
binom	1	0.4	0.2	0.22200
binom	1	0.5	0.2	0.21600
binom	1	0.6	0.2	0.25500
binom	1	0.7	0.2	0.24100
binom	1	0.8	0.2	0.20700
binom	1	0.9	0.2	0.20200
