binom	1	0	0	0.00700
binom	1	0.1	0	0.04800
binom	1	0.2	0	0.06400
binom	1	0.3	0	0.09200
binom	1	0.4	0	0.12900
binom	1	0.5	0	0.11900
binom	1	0.6	0	0.13900
binom	1	0.7	0	0.14400
binom	1	0.8	0	0.15200
binom	1	0.9	0	0.14100
binom	1	0	0.05	0.09300
binom	1	0.1	0.05	0.10000
binom	1	0.2	0.05	0.10500
binom	1	0.3	0.05	0.14700
binom	1	0.4	0.05	0.16100
binom	1	0.5	0.05	0.16700
binom	1	0.6	0.05	0.16400
binom	1	0.7	0.05	0.15300
binom	1	0.8	0.05	0.17200
binom	1	0.9	0.05	0.15500
binom	1	0	0.1	0.17700
binom	1	0.1	0.1	0.16300
binom	1	0.2	0.1	0.15100
binom	1	0.3	0.1	0.17400
binom	1	0.4	0.1	0.16600
binom	1	0.5	0.1	0.18200
binom	1	0.6	0.1	0.20000
binom	1	0.7	0.1	0.17700
binom	1	0.8	0.1	0.17800
binom	1	0.9	0.1	0.16800
binom	1	0	0.2	0.32300
binom	1	0.1	0.2	0.26900
binom	1	0.2	0.2	0.25100
binom	1	0.3	0.2	0.24300
binom	1	0.4	0.2	0.22500
binom	1	0.5	0.2	0.22700
binom	1	0.6	0.2	0.22600
binom	1	0.7	0.2	0.25800
binom	1	0.8	0.2	0.23700
binom	1	0.9	0.2	0.22500
