binom	1	0	0	0.01000
binom	1	0.1	0	0.04500
binom	1	0.2	0	0.09100
binom	1	0.3	0	0.13000
binom	1	0.4	0	0.12400
binom	1	0.5	0	0.13200
binom	1	0.6	0	0.13200
binom	1	0.7	0	0.15600
binom	1	0.8	0	0.14000
binom	1	0.9	0	0.13800
binom	1	0	0.05	0.09600
binom	1	0.1	0.05	0.07300
binom	1	0.2	0.05	0.11900
binom	1	0.3	0.05	0.14400
binom	1	0.4	0.05	0.15000
binom	1	0.5	0.05	0.14200
binom	1	0.6	0.05	0.16200
binom	1	0.7	0.05	0.16400
binom	1	0.8	0.05	0.15700
binom	1	0.9	0.05	0.15300
binom	1	0	0.1	0.18000
binom	1	0.1	0.1	0.17400
binom	1	0.2	0.1	0.13600
binom	1	0.3	0.1	0.16700
binom	1	0.4	0.1	0.19500
binom	1	0.5	0.1	0.17500
binom	1	0.6	0.1	0.17700
binom	1	0.7	0.1	0.20800
binom	1	0.8	0.1	0.17600
binom	1	0.9	0.1	0.18300
binom	1	0	0.2	0.30500
binom	1	0.1	0.2	0.31000
binom	1	0.2	0.2	0.27900
binom	1	0.3	0.2	0.23700
binom	1	0.4	0.2	0.22500
binom	1	0.5	0.2	0.23700
binom	1	0.6	0.2	0.23400
binom	1	0.7	0.2	0.24500
binom	1	0.8	0.2	0.23900
binom	1	0.9	0.2	0.23300
