binom	1	0	0	0.01000
binom	1	0.1	0	0.04500
binom	1	0.2	0	0.09000
binom	1	0.3	0	0.10100
binom	1	0.4	0	0.13800
binom	1	0.5	0	0.13500
binom	1	0.6	0	0.13500
binom	1	0.7	0	0.14700
binom	1	0.8	0	0.14300
binom	1	0.9	0	0.15000
binom	1	0	0.05	0.08200
binom	1	0.1	0.05	0.09000
binom	1	0.2	0.05	0.10600
binom	1	0.3	0.05	0.14900
binom	1	0.4	0.05	0.15600
binom	1	0.5	0.05	0.16900
binom	1	0.6	0.05	0.17800
binom	1	0.7	0.05	0.18500
binom	1	0.8	0.05	0.18400
binom	1	0.9	0.05	0.13200
binom	1	0	0.1	0.17400
binom	1	0.1	0.1	0.16200
binom	1	0.2	0.1	0.17000
binom	1	0.3	0.1	0.15700
binom	1	0.4	0.1	0.17700
binom	1	0.5	0.1	0.18000
binom	1	0.6	0.1	0.19200
binom	1	0.7	0.1	0.19600
binom	1	0.8	0.1	0.18600
binom	1	0.9	0.1	0.16700
binom	1	0	0.2	0.30300
binom	1	0.1	0.2	0.27700
binom	1	0.2	0.2	0.29400
binom	1	0.3	0.2	0.24500
binom	1	0.4	0.2	0.22300
binom	1	0.5	0.2	0.22900
binom	1	0.6	0.2	0.21600
binom	1	0.7	0.2	0.23500
binom	1	0.8	0.2	0.22600
binom	1	0.9	0.2	0.20800
