binom	1	0	0	0.01400
binom	1	0.1	0	0.04300
binom	1	0.2	0	0.08500
binom	1	0.3	0	0.08000
binom	1	0.4	0	0.14300
binom	1	0.5	0	0.14900
binom	1	0.6	0	0.15600
binom	1	0.7	0	0.13700
binom	1	0.8	0	0.15000
binom	1	0.9	0	0.12700
binom	1	0	0.05	0.11300
binom	1	0.1	0.05	0.10000
binom	1	0.2	0.05	0.09100
binom	1	0.3	0.05	0.14000
binom	1	0.4	0.05	0.14100
binom	1	0.5	0.05	0.16700
binom	1	0.6	0.05	0.16600
binom	1	0.7	0.05	0.14600
binom	1	0.8	0.05	0.17200
binom	1	0.9	0.05	0.12800
binom	1	0	0.1	0.15100
binom	1	0.1	0.1	0.16100
binom	1	0.2	0.1	0.14700
binom	1	0.3	0.1	0.15500
binom	1	0.4	0.1	0.14400
binom	1	0.5	0.1	0.18500
binom	1	0.6	0.1	0.19800
binom	1	0.7	0.1	0.18900
binom	1	0.8	0.1	0.19200
binom	1	0.9	0.1	0.18800
binom	1	0	0.2	0.29100
binom	1	0.1	0.2	0.28500
binom	1	0.2	0.2	0.26900
binom	1	0.3	0.2	0.25800
binom	1	0.4	0.2	0.22100
binom	1	0.5	0.2	0.23400
binom	1	0.6	0.2	0.25000
binom	1	0.7	0.2	0.24900
binom	1	0.8	0.2	0.24100
binom	1	0.9	0.2	0.20500
