binom	1	0	0	0.01500
binom	1	0.1	0	0.04100
binom	1	0.2	0	0.08900
binom	1	0.3	0	0.10000
binom	1	0.4	0	0.12500
binom	1	0.5	0	0.14200
binom	1	0.6	0	0.14200
binom	1	0.7	0	0.15400
binom	1	0.8	0	0.14200
binom	1	0.9	0	0.11800
binom	1	0	0.05	0.09300
binom	1	0.1	0.05	0.08600
binom	1	0.2	0.05	0.10500
binom	1	0.3	0.05	0.13900
binom	1	0.4	0.05	0.14700
binom	1	0.5	0.05	0.17800
binom	1	0.6	0.05	0.17800
binom	1	0.7	0.05	0.16600
binom	1	0.8	0.05	0.17400
binom	1	0.9	0.05	0.15000
binom	1	0	0.1	0.16400
binom	1	0.1	0.1	0.17800
binom	1	0.2	0.1	0.15500
binom	1	0.3	0.1	0.15000
binom	1	0.4	0.1	0.18100
binom	1	0.5	0.1	0.18500
binom	1	0.6	0.1	0.20000
binom	1	0.7	0.1	0.18400
binom	1	0.8	0.1	0.18300
binom	1	0.9	0.1	0.18400
binom	1	0	0.2	0.33200
binom	1	0.1	0.2	0.28800
binom	1	0.2	0.2	0.25500
binom	1	0.3	0.2	0.22300
binom	1	0.4	0.2	0.21400
binom	1	0.5	0.2	0.22900
binom	1	0.6	0.2	0.22200
binom	1	0.7	0.2	0.22800
binom	1	0.8	0.2	0.24000
binom	1	0.9	0.2	0.17900
