binom	1	0	0	0.00800
binom	1	0.1	0	0.03800
binom	1	0.2	0	0.09000
binom	1	0.3	0	0.11300
binom	1	0.4	0	0.13800
binom	1	0.5	0	0.13600
binom	1	0.6	0	0.11800
binom	1	0.7	0	0.15100
binom	1	0.8	0	0.13000
binom	1	0.9	0	0.13800
binom	1	0	0.05	0.10000
binom	1	0.1	0.05	0.08900
binom	1	0.2	0.05	0.12000
binom	1	0.3	0.05	0.11500
binom	1	0.4	0.05	0.15400
binom	1	0.5	0.05	0.16100
binom	1	0.6	0.05	0.16900
binom	1	0.7	0.05	0.16900
binom	1	0.8	0.05	0.16200
binom	1	0.9	0.05	0.13600
binom	1	0	0.1	0.17200
binom	1	0.1	0.1	0.14500
binom	1	0.2	0.1	0.13600
binom	1	0.3	0.1	0.17400
binom	1	0.4	0.1	0.18100
binom	1	0.5	0.1	0.18600
binom	1	0.6	0.1	0.17700
binom	1	0.7	0.1	0.20700
binom	1	0.8	0.1	0.23300
binom	1	0.9	0.1	0.16400
binom	1	0	0.2	0.30200
binom	1	0.1	0.2	0.29100
binom	1	0.2	0.2	0.28400
binom	1	0.3	0.2	0.25800
binom	1	0.4	0.2	0.20400
binom	1	0.5	0.2	0.21500
binom	1	0.6	0.2	0.21800
binom	1	0.7	0.2	0.23500
binom	1	0.8	0.2	0.21200
binom	1	0.9	0.2	0.22100
