binom	1	0	0	0.00700
binom	1	0.1	0	0.03500
binom	1	0.2	0	0.07300
binom	1	0.3	0	0.09400
binom	1	0.4	0	0.12100
binom	1	0.5	0	0.14400
binom	1	0.6	0	0.13700
binom	1	0.7	0	0.14600
binom	1	0.8	0	0.15300
binom	1	0.9	0	0.12900
binom	1	0	0.05	0.10500
binom	1	0.1	0.05	0.09500
binom	1	0.2	0.05	0.12300
binom	1	0.3	0.05	0.13600
binom	1	0.4	0.05	0.15300
binom	1	0.5	0.05	0.18000
binom	1	0.6	0.05	0.16800
binom	1	0.7	0.05	0.18200
binom	1	0.8	0.05	0.16500
binom	1	0.9	0.05	0.16400
binom	1	0	0.1	0.18900
binom	1	0.1	0.1	0.17500
binom	1	0.2	0.1	0.13600
binom	1	0.3	0.1	0.17200
binom	1	0.4	0.1	0.17700
binom	1	0.5	0.1	0.19700
binom	1	0.6	0.1	0.21200
binom	1	0.7	0.1	0.20100
binom	1	0.8	0.1	0.17000
binom	1	0.9	0.1	0.16000
binom	1	0	0.2	0.28300
binom	1	0.1	0.2	0.27800
binom	1	0.2	0.2	0.26400
binom	1	0.3	0.2	0.24500
binom	1	0.4	0.2	0.22600
binom	1	0.5	0.2	0.23300
binom	1	0.6	0.2	0.21500
binom	1	0.7	0.2	0.24700
binom	1	0.8	0.2	0.21000
binom	1	0.9	0.2	0.21500
