binom	1	0	0	0.00800
binom	1	0.1	0	0.05600
binom	1	0.2	0	0.08300
binom	1	0.3	0	0.10500
binom	1	0.4	0	0.12600
binom	1	0.5	0	0.12200
binom	1	0.6	0	0.15300
binom	1	0.7	0	0.14000
binom	1	0.8	0	0.16100
binom	1	0.9	0	0.11900
binom	1	0	0.05	0.09300
binom	1	0.1	0.05	0.09800
binom	1	0.2	0.05	0.12600
binom	1	0.3	0.05	0.12500
binom	1	0.4	0.05	0.14800
binom	1	0.5	0.05	0.15800
binom	1	0.6	0.05	0.18500
binom	1	0.7	0.05	0.15600
binom	1	0.8	0.05	0.15800
binom	1	0.9	0.05	0.14300
binom	1	0	0.1	0.18100
binom	1	0.1	0.1	0.14400
binom	1	0.2	0.1	0.14700
binom	1	0.3	0.1	0.16000
binom	1	0.4	0.1	0.18400
binom	1	0.5	0.1	0.18200
binom	1	0.6	0.1	0.21800
binom	1	0.7	0.1	0.19600
binom	1	0.8	0.1	0.18300
binom	1	0.9	0.1	0.16500
binom	1	0	0.2	0.30900
binom	1	0.1	0.2	0.27400
binom	1	0.2	0.2	0.26300
binom	1	0.3	0.2	0.23500
binom	1	0.4	0.2	0.23800
binom	1	0.5	0.2	0.26100
binom	1	0.6	0.2	0.23300
binom	1	0.7	0.2	0.23800
binom	1	0.8	0.2	0.21600
binom	1	0.9	0.2	0.19400
