binom	1	0	0	0.01200
binom	1	0.1	0	0.05400
binom	1	0.2	0	0.06900
binom	1	0.3	0	0.11300
binom	1	0.4	0	0.12800
binom	1	0.5	0	0.13600
binom	1	0.6	0	0.13700
binom	1	0.7	0	0.13600
binom	1	0.8	0	0.15200
binom	1	0.9	0	0.13300
binom	1	0	0.05	0.09000
binom	1	0.1	0.05	0.08000
binom	1	0.2	0.05	0.10800
binom	1	0.3	0.05	0.14900
binom	1	0.4	0.05	0.14200
binom	1	0.5	0.05	0.13800
binom	1	0.6	0.05	0.16600
binom	1	0.7	0.05	0.16200
binom	1	0.8	0.05	0.18200
binom	1	0.9	0.05	0.15000
binom	1	0	0.1	0.16500
binom	1	0.1	0.1	0.17000
binom	1	0.2	0.1	0.14600
binom	1	0.3	0.1	0.15900
binom	1	0.4	0.1	0.17100
binom	1	0.5	0.1	0.17500
binom	1	0.6	0.1	0.19700
binom	1	0.7	0.1	0.19400
binom	1	0.8	0.1	0.18000
binom	1	0.9	0.1	0.16200
binom	1	0	0.2	0.30800
binom	1	0.1	0.2	0.30300
binom	1	0.2	0.2	0.27000
binom	1	0.3	0.2	0.26400
binom	1	0.4	0.2	0.22700
binom	1	0.5	0.2	0.24200
binom	1	0.6	0.2	0.21100
binom	1	0.7	0.2	0.24600
binom	1	0.8	0.2	0.21900
binom	1	0.9	0.2	0.20200
