binom	1	0	0	0.01200
binom	1	0.1	0	0.04600
binom	1	0.2	0	0.09000
binom	1	0.3	0	0.08200
binom	1	0.4	0	0.13100
binom	1	0.5	0	0.14100
binom	1	0.6	0	0.13800
binom	1	0.7	0	0.13400
binom	1	0.8	0	0.15200
binom	1	0.9	0	0.13900
binom	1	0	0.05	0.09500
binom	1	0.1	0.05	0.07100
binom	1	0.2	0.05	0.11000
binom	1	0.3	0.05	0.14500
binom	1	0.4	0.05	0.15800
binom	1	0.5	0.05	0.15900
binom	1	0.6	0.05	0.15100
binom	1	0.7	0.05	0.16700
binom	1	0.8	0.05	0.17300
binom	1	0.9	0.05	0.16300
binom	1	0	0.1	0.16800
binom	1	0.1	0.1	0.17300
binom	1	0.2	0.1	0.15200
binom	1	0.3	0.1	0.16900
binom	1	0.4	0.1	0.17900
binom	1	0.5	0.1	0.19300
binom	1	0.6	0.1	0.18000
binom	1	0.7	0.1	0.17700
binom	1	0.8	0.1	0.21000
binom	1	0.9	0.1	0.17700
binom	1	0	0.2	0.30000
binom	1	0.1	0.2	0.28500
binom	1	0.2	0.2	0.25900
binom	1	0.3	0.2	0.24000
binom	1	0.4	0.2	0.25100
binom	1	0.5	0.2	0.20800
binom	1	0.6	0.2	0.23200
binom	1	0.7	0.2	0.21700
binom	1	0.8	0.2	0.21800
binom	1	0.9	0.2	0.21700
