binom	1	0	0	0.01200
binom	1	0.1	0	0.04400
binom	1	0.2	0	0.08000
binom	1	0.3	0	0.10500
binom	1	0.4	0	0.12300
binom	1	0.5	0	0.13100
binom	1	0.6	0	0.14200
binom	1	0.7	0	0.16200
binom	1	0.8	0	0.16300
binom	1	0.9	0	0.12600
binom	1	0	0.05	0.09300
binom	1	0.1	0.05	0.08200
binom	1	0.2	0.05	0.11800
binom	1	0.3	0.05	0.12400
binom	1	0.4	0.05	0.14700
binom	1	0.5	0.05	0.15400
binom	1	0.6	0.05	0.16000
binom	1	0.7	0.05	0.18500
binom	1	0.8	0.05	0.17600
binom	1	0.9	0.05	0.14600
binom	1	0	0.1	0.16700
binom	1	0.1	0.1	0.17200
binom	1	0.2	0.1	0.15600
binom	1	0.3	0.1	0.15300
binom	1	0.4	0.1	0.15200
binom	1	0.5	0.1	0.20800
binom	1	0.6	0.1	0.19600
binom	1	0.7	0.1	0.20700
binom	1	0.8	0.1	0.18100
binom	1	0.9	0.1	0.18100
binom	1	0	0.2	0.32200
binom	1	0.1	0.2	0.28900
binom	1	0.2	0.2	0.26200
binom	1	0.3	0.2	0.24700
binom	1	0.4	0.2	0.23100
binom	1	0.5	0.2	0.22700
binom	1	0.6	0.2	0.23600
binom	1	0.7	0.2	0.21400
binom	1	0.8	0.2	0.22400
binom	1	0.9	0.2	0.20800
