binom	1	0	0	0.01200
binom	1	0.1	0	0.04300
binom	1	0.2	0	0.07600
binom	1	0.3	0	0.09300
binom	1	0.4	0	0.11200
binom	1	0.5	0	0.14400
binom	1	0.6	0	0.14300
binom	1	0.7	0	0.14900
binom	1	0.8	0	0.14900
binom	1	0.9	0	0.14100
binom	1	0	0.05	0.09800
binom	1	0.1	0.05	0.08900
binom	1	0.2	0.05	0.11000
binom	1	0.3	0.05	0.13800
binom	1	0.4	0.05	0.14100
binom	1	0.5	0.05	0.18200
binom	1	0.6	0.05	0.17100
binom	1	0.7	0.05	0.17400
binom	1	0.8	0.05	0.13700
binom	1	0.9	0.05	0.14800
binom	1	0	0.1	0.17500
binom	1	0.1	0.1	0.16100
binom	1	0.2	0.1	0.13200
binom	1	0.3	0.1	0.16800
binom	1	0.4	0.1	0.18200
binom	1	0.5	0.1	0.16400
binom	1	0.6	0.1	0.18200
binom	1	0.7	0.1	0.16500
binom	1	0.8	0.1	0.18200
binom	1	0.9	0.1	0.17600
binom	1	0	0.2	0.30900
binom	1	0.1	0.2	0.29000
binom	1	0.2	0.2	0.27300
binom	1	0.3	0.2	0.24700
binom	1	0.4	0.2	0.21200
binom	1	0.5	0.2	0.23700
binom	1	0.6	0.2	0.25400
binom	1	0.7	0.2	0.23400
binom	1	0.8	0.2	0.23400
binom	1	0.9	0.2	0.20700
