binom	1	0	0	0.00800
binom	1	0.1	0	0.04700
binom	1	0.2	0	0.07500
binom	1	0.3	0	0.10500
binom	1	0.4	0	0.12700
binom	1	0.5	0	0.14500
binom	1	0.6	0	0.14400
binom	1	0.7	0	0.13700
binom	1	0.8	0	0.14100
binom	1	0.9	0	0.14200
binom	1	0	0.05	0.08200
binom	1	0.1	0.05	0.08000
binom	1	0.2	0.05	0.12300
binom	1	0.3	0.05	0.13800
binom	1	0.4	0.05	0.14200
binom	1	0.5	0.05	0.15500
binom	1	0.6	0.05	0.16700
binom	1	0.7	0.05	0.15700
binom	1	0.8	0.05	0.16300
binom	1	0.9	0.05	0.17300
binom	1	0	0.1	0.17800
binom	1	0.1	0.1	0.16300
binom	1	0.2	0.1	0.15100
binom	1	0.3	0.1	0.15800
binom	1	0.4	0.1	0.17100
binom	1	0.5	0.1	0.15800
binom	1	0.6	0.1	0.18200
binom	1	0.7	0.1	0.20200
binom	1	0.8	0.1	0.19000
binom	1	0.9	0.1	0.16000
binom	1	0	0.2	0.31800
binom	1	0.1	0.2	0.27300
binom	1	0.2	0.2	0.29400
binom	1	0.3	0.2	0.21400
binom	1	0.4	0.2	0.20500
binom	1	0.5	0.2	0.22900
binom	1	0.6	0.2	0.22400
binom	1	0.7	0.2	0.25100
binom	1	0.8	0.2	0.22400
binom	1	0.9	0.2	0.21200
