binom	1	0	0	0.00800
binom	1	0.1	0	0.05100
binom	1	0.2	0	0.06900
binom	1	0.3	0	0.12500
binom	1	0.4	0	0.14400
binom	1	0.5	0	0.11500
binom	1	0.6	0	0.13200
binom	1	0.7	0	0.14000
binom	1	0.8	0	0.15000
binom	1	0.9	0	0.11800
binom	1	0	0.05	0.10400
binom	1	0.1	0.05	0.08600
binom	1	0.2	0.05	0.10700
binom	1	0.3	0.05	0.14200
binom	1	0.4	0.05	0.17200
binom	1	0.5	0.05	0.17700
binom	1	0.6	0.05	0.15600
binom	1	0.7	0.05	0.17400
binom	1	0.8	0.05	0.16900
binom	1	0.9	0.05	0.14200
binom	1	0	0.1	0.15300
binom	1	0.1	0.1	0.17400
binom	1	0.2	0.1	0.14900
binom	1	0.3	0.1	0.15800
binom	1	0.4	0.1	0.17900
binom	1	0.5	0.1	0.21100
binom	1	0.6	0.1	0.20300
binom	1	0.7	0.1	0.19400
binom	1	0.8	0.1	0.17100
binom	1	0.9	0.1	0.16400
binom	1	0	0.2	0.29100
binom	1	0.1	0.2	0.30400
binom	1	0.2	0.2	0.29200
binom	1	0.3	0.2	0.25000
binom	1	0.4	0.2	0.23700
binom	1	0.5	0.2	0.20700
binom	1	0.6	0.2	0.26700
binom	1	0.7	0.2	0.21600
binom	1	0.8	0.2	0.21400
binom	1	0.9	0.2	0.20700
