binom	1	0	0	0.00400
binom	1	0.1	0	0.03700
binom	1	0.2	0	0.08400
binom	1	0.3	0	0.10900
binom	1	0.4	0	0.10200
binom	1	0.5	0	0.14200
binom	1	0.6	0	0.13700
binom	1	0.7	0	0.14900
binom	1	0.8	0	0.13700
binom	1	0.9	0	0.14900
binom	1	0	0.05	0.08800
binom	1	0.1	0.05	0.09000
binom	1	0.2	0.05	0.12800
binom	1	0.3	0.05	0.14100
binom	1	0.4	0.05	0.13200
binom	1	0.5	0.05	0.16800
binom	1	0.6	0.05	0.19500
binom	1	0.7	0.05	0.16700
binom	1	0.8	0.05	0.15900
binom	1	0.9	0.05	0.13900
binom	1	0	0.1	0.15000
binom	1	0.1	0.1	0.17900
binom	1	0.2	0.1	0.15800
binom	1	0.3	0.1	0.17500
binom	1	0.4	0.1	0.18600
binom	1	0.5	0.1	0.20800
binom	1	0.6	0.1	0.18800
binom	1	0.7	0.1	0.17200
binom	1	0.8	0.1	0.18500
binom	1	0.9	0.1	0.16100
binom	1	0	0.2	0.28700
binom	1	0.1	0.2	0.30100
binom	1	0.2	0.2	0.29400
binom	1	0.3	0.2	0.25100
binom	1	0.4	0.2	0.22800
binom	1	0.5	0.2	0.23500
binom	1	0.6	0.2	0.25000
binom	1	0.7	0.2	0.24700
binom	1	0.8	0.2	0.21500
binom	1	0.9	0.2	0.20000
