binom	1	0	0	0.00600
binom	1	0.1	0	0.04700
binom	1	0.2	0	0.07200
binom	1	0.3	0	0.08800
binom	1	0.4	0	0.12200
binom	1	0.5	0	0.13100
binom	1	0.6	0	0.12900
binom	1	0.7	0	0.15200
binom	1	0.8	0	0.14500
binom	1	0.9	0	0.11300
binom	1	0	0.05	0.08500
binom	1	0.1	0.05	0.08100
binom	1	0.2	0.05	0.11500
binom	1	0.3	0.05	0.12600
binom	1	0.4	0.05	0.14100
binom	1	0.5	0.05	0.17700
binom	1	0.6	0.05	0.15400
binom	1	0.7	0.05	0.16400
binom	1	0.8	0.05	0.18100
binom	1	0.9	0.05	0.14200
binom	1	0	0.1	0.14700
binom	1	0.1	0.1	0.16200
binom	1	0.2	0.1	0.14600
binom	1	0.3	0.1	0.15100
binom	1	0.4	0.1	0.18300
binom	1	0.5	0.1	0.20000
binom	1	0.6	0.1	0.17800
binom	1	0.7	0.1	0.19800
binom	1	0.8	0.1	0.17600
binom	1	0.9	0.1	0.18800
binom	1	0	0.2	0.29600
binom	1	0.1	0.2	0.29000
binom	1	0.2	0.2	0.28700
binom	1	0.3	0.2	0.26900
binom	1	0.4	0.2	0.24000
binom	1	0.5	0.2	0.23100
binom	1	0.6	0.2	0.23700
binom	1	0.7	0.2	0.22200
binom	1	0.8	0.2	0.21600
binom	1	0.9	0.2	0.24400
