binom	1	0	0	0.01000
binom	1	0.1	0	0.04400
binom	1	0.2	0	0.07000
binom	1	0.3	0	0.10100
binom	1	0.4	0	0.12200
binom	1	0.5	0	0.14500
binom	1	0.6	0	0.13700
binom	1	0.7	0	0.13800
binom	1	0.8	0	0.14100
binom	1	0.9	0	0.13100
binom	1	0	0.05	0.09100
binom	1	0.1	0.05	0.09100
binom	1	0.2	0.05	0.11800
binom	1	0.3	0.05	0.15200
binom	1	0.4	0.05	0.14700
binom	1	0.5	0.05	0.13400
binom	1	0.6	0.05	0.16800
binom	1	0.7	0.05	0.15400
binom	1	0.8	0.05	0.14800
binom	1	0.9	0.05	0.15500
binom	1	0	0.1	0.17200
binom	1	0.1	0.1	0.15600
binom	1	0.2	0.1	0.16100
binom	1	0.3	0.1	0.15700
binom	1	0.4	0.1	0.19800
binom	1	0.5	0.1	0.19200
binom	1	0.6	0.1	0.18800
binom	1	0.7	0.1	0.18700
binom	1	0.8	0.1	0.18600
binom	1	0.9	0.1	0.19400
binom	1	0	0.2	0.31600
binom	1	0.1	0.2	0.32700
binom	1	0.2	0.2	0.26500
binom	1	0.3	0.2	0.25800
binom	1	0.4	0.2	0.23500
binom	1	0.5	0.2	0.24500
binom	1	0.6	0.2	0.25300
binom	1	0.7	0.2	0.24000
binom	1	0.8	0.2	0.21000
binom	1	0.9	0.2	0.22600
