binom	1	0	0	0.01300
binom	1	0.1	0	0.03700
binom	1	0.2	0	0.08400
binom	1	0.3	0	0.10400
binom	1	0.4	0	0.12700
binom	1	0.5	0	0.13700
binom	1	0.6	0	0.13600
binom	1	0.7	0	0.13900
binom	1	0.8	0	0.13700
binom	1	0.9	0	0.12900
binom	1	0	0.05	0.10000
binom	1	0.1	0.05	0.08300
binom	1	0.2	0.05	0.10900
binom	1	0.3	0.05	0.13900
binom	1	0.4	0.05	0.14100
binom	1	0.5	0.05	0.16600
binom	1	0.6	0.05	0.16600
binom	1	0.7	0.05	0.16200
binom	1	0.8	0.05	0.16900
binom	1	0.9	0.05	0.15100
binom	1	0	0.1	0.16700
binom	1	0.1	0.1	0.17600
binom	1	0.2	0.1	0.16200
binom	1	0.3	0.1	0.16200
binom	1	0.4	0.1	0.18000
binom	1	0.5	0.1	0.17600
binom	1	0.6	0.1	0.18400
binom	1	0.7	0.1	0.18200
binom	1	0.8	0.1	0.17300
binom	1	0.9	0.1	0.17600
binom	1	0	0.2	0.31800
binom	1	0.1	0.2	0.28200
binom	1	0.2	0.2	0.29100
binom	1	0.3	0.2	0.24900
binom	1	0.4	0.2	0.21500
binom	1	0.5	0.2	0.23300
binom	1	0.6	0.2	0.24200
binom	1	0.7	0.2	0.21900
binom	1	0.8	0.2	0.22500
binom	1	0.9	0.2	0.20600
