binom	1	0	0	0.01100
binom	1	0.1	0	0.04800
binom	1	0.2	0	0.07700
binom	1	0.3	0	0.08700
binom	1	0.4	0	0.13300
binom	1	0.5	0	0.14700
binom	1	0.6	0	0.15400
binom	1	0.7	0	0.13600
binom	1	0.8	0	0.14100
binom	1	0.9	0	0.14200
binom	1	0	0.05	0.10300
binom	1	0.1	0.05	0.09000
binom	1	0.2	0.05	0.11400
binom	1	0.3	0.05	0.14100
binom	1	0.4	0.05	0.15200
binom	1	0.5	0.05	0.16400
binom	1	0.6	0.05	0.15300
binom	1	0.7	0.05	0.18100
binom	1	0.8	0.05	0.15400
binom	1	0.9	0.05	0.13600
binom	1	0	0.1	0.18600
binom	1	0.1	0.1	0.15900
binom	1	0.2	0.1	0.16100
binom	1	0.3	0.1	0.16600
binom	1	0.4	0.1	0.19200
binom	1	0.5	0.1	0.22000
binom	1	0.6	0.1	0.17000
binom	1	0.7	0.1	0.19800
binom	1	0.8	0.1	0.17600
binom	1	0.9	0.1	0.20600
binom	1	0	0.2	0.31100
binom	1	0.1	0.2	0.31900
binom	1	0.2	0.2	0.27400
binom	1	0.3	0.2	0.26700
binom	1	0.4	0.2	0.25100
binom	1	0.5	0.2	0.23000
binom	1	0.6	0.2	0.20200
binom	1	0.7	0.2	0.23100
binom	1	0.8	0.2	0.20200
binom	1	0.9	0.2	0.23200
