binom	1	0	0	0.00900
binom	1	0.1	0	0.04900
binom	1	0.2	0	0.06700
binom	1	0.3	0	0.10300
binom	1	0.4	0	0.15400
binom	1	0.5	0	0.12500
binom	1	0.6	0	0.15700
binom	1	0.7	0	0.13700
binom	1	0.8	0	0.16700
binom	1	0.9	0	0.12900
binom	1	0	0.05	0.07600
binom	1	0.1	0.05	0.09800
binom	1	0.2	0.05	0.10600
binom	1	0.3	0.05	0.12000
binom	1	0.4	0.05	0.14600
binom	1	0.5	0.05	0.15200
binom	1	0.6	0.05	0.16200
binom	1	0.7	0.05	0.17500
binom	1	0.8	0.05	0.14500
binom	1	0.9	0.05	0.16800
binom	1	0	0.1	0.17700
binom	1	0.1	0.1	0.17400
binom	1	0.2	0.1	0.14700
binom	1	0.3	0.1	0.15700
binom	1	0.4	0.1	0.19000
binom	1	0.5	0.1	0.18200
binom	1	0.6	0.1	0.19800
binom	1	0.7	0.1	0.18700
binom	1	0.8	0.1	0.18500
binom	1	0.9	0.1	0.18300
binom	1	0	0.2	0.29600
binom	1	0.1	0.2	0.30200
binom	1	0.2	0.2	0.27200
binom	1	0.3	0.2	0.21400
binom	1	0.4	0.2	0.22800
binom	1	0.5	0.2	0.21200
binom	1	0.6	0.2	0.23200
binom	1	0.7	0.2	0.22900
binom	1	0.8	0.2	0.22600
binom	1	0.9	0.2	0.21800
