binom	1	0	0	0.00700
binom	1	0.1	0	0.04600
binom	1	0.2	0	0.08600
binom	1	0.3	0	0.11100
binom	1	0.4	0	0.13500
binom	1	0.5	0	0.15800
binom	1	0.6	0	0.14200
binom	1	0.7	0	0.14700
binom	1	0.8	0	0.12200
binom	1	0.9	0	0.12500
binom	1	0	0.05	0.08100
binom	1	0.1	0.05	0.10100
binom	1	0.2	0.05	0.09200
binom	1	0.3	0.05	0.14400
binom	1	0.4	0.05	0.15300
binom	1	0.5	0.05	0.17600
binom	1	0.6	0.05	0.14600
binom	1	0.7	0.05	0.18000
binom	1	0.8	0.05	0.15000
binom	1	0.9	0.05	0.14100
binom	1	0	0.1	0.17200
binom	1	0.1	0.1	0.16000
binom	1	0.2	0.1	0.16100
binom	1	0.3	0.1	0.17000
binom	1	0.4	0.1	0.15900
binom	1	0.5	0.1	0.17500
binom	1	0.6	0.1	0.17600
binom	1	0.7	0.1	0.20100
binom	1	0.8	0.1	0.18100
binom	1	0.9	0.1	0.18700
binom	1	0	0.2	0.29800
binom	1	0.1	0.2	0.30300
binom	1	0.2	0.2	0.29100
binom	1	0.3	0.2	0.23900
binom	1	0.4	0.2	0.21800
binom	1	0.5	0.2	0.21900
binom	1	0.6	0.2	0.24100
binom	1	0.7	0.2	0.21400
binom	1	0.8	0.2	0.19600
binom	1	0.9	0.2	0.21800
