binom	1	0	0	0.01400
binom	1	0.1	0	0.03100
binom	1	0.2	0	0.08300
binom	1	0.3	0	0.09800
binom	1	0.4	0	0.12700
binom	1	0.5	0	0.13400
binom	1	0.6	0	0.14900
binom	1	0.7	0	0.14600
binom	1	0.8	0	0.14300
binom	1	0.9	0	0.12200
binom	1	0	0.05	0.08700
binom	1	0.1	0.05	0.07200
binom	1	0.2	0.05	0.11800
binom	1	0.3	0.05	0.13100
binom	1	0.4	0.05	0.16900
binom	1	0.5	0.05	0.14700
binom	1	0.6	0.05	0.19100
binom	1	0.7	0.05	0.18900
binom	1	0.8	0.05	0.16500
binom	1	0.9	0.05	0.14900
binom	1	0	0.1	0.17300
binom	1	0.1	0.1	0.15200
binom	1	0.2	0.1	0.15200
binom	1	0.3	0.1	0.16600
binom	1	0.4	0.1	0.20100
binom	1	0.5	0.1	0.19100
binom	1	0.6	0.1	0.18400
binom	1	0.7	0.1	0.18900
binom	1	0.8	0.1	0.20800
binom	1	0.9	0.1	0.18000
binom	1	0	0.2	0.30200
binom	1	0.1	0.2	0.30700
binom	1	0.2	0.2	0.27200
binom	1	0.3	0.2	0.25000
binom	1	0.4	0.2	0.23000
binom	1	0.5	0.2	0.24500
binom	1	0.6	0.2	0.23800
binom	1	0.7	0.2	0.24000
binom	1	0.8	0.2	0.22400
binom	1	0.9	0.2	0.22400
