binom	1	0	0	0.00400
binom	1	0.1	0	0.05000
binom	1	0.2	0	0.09000
binom	1	0.3	0	0.10000
binom	1	0.4	0	0.11900
binom	1	0.5	0	0.12800
binom	1	0.6	0	0.16900
binom	1	0.7	0	0.14400
binom	1	0.8	0	0.15800
binom	1	0.9	0	0.13100
binom	1	0	0.05	0.07400
binom	1	0.1	0.05	0.09900
binom	1	0.2	0.05	0.11100
binom	1	0.3	0.05	0.14500
binom	1	0.4	0.05	0.16000
binom	1	0.5	0.05	0.16700
binom	1	0.6	0.05	0.16500
binom	1	0.7	0.05	0.17400
binom	1	0.8	0.05	0.16200
binom	1	0.9	0.05	0.15200
binom	1	0	0.1	0.17200
binom	1	0.1	0.1	0.15200
binom	1	0.2	0.1	0.16200
binom	1	0.3	0.1	0.15400
binom	1	0.4	0.1	0.19000
binom	1	0.5	0.1	0.16900
binom	1	0.6	0.1	0.18700
binom	1	0.7	0.1	0.21000
binom	1	0.8	0.1	0.19300
binom	1	0.9	0.1	0.16300
binom	1	0	0.2	0.29800
binom	1	0.1	0.2	0.28100
binom	1	0.2	0.2	0.28000
binom	1	0.3	0.2	0.23100
binom	1	0.4	0.2	0.23800
binom	1	0.5	0.2	0.22900
binom	1	0.6	0.2	0.22700
binom	1	0.7	0.2	0.20600
binom	1	0.8	0.2	0.21200
binom	1	0.9	0.2	0.22100
