binom	1	0	0	0.01200
binom	1	0.1	0	0.04600
binom	1	0.2	0	0.06700
binom	1	0.3	0	0.11900
binom	1	0.4	0	0.13900
binom	1	0.5	0	0.12400
binom	1	0.6	0	0.12900
binom	1	0.7	0	0.14600
binom	1	0.8	0	0.14600
binom	1	0.9	0	0.14200
binom	1	0	0.05	0.07600
binom	1	0.1	0.05	0.08100
binom	1	0.2	0.05	0.11500
binom	1	0.3	0.05	0.13900
binom	1	0.4	0.05	0.13200
binom	1	0.5	0.05	0.14300
binom	1	0.6	0.05	0.15900
binom	1	0.7	0.05	0.18900
binom	1	0.8	0.05	0.14600
binom	1	0.9	0.05	0.17000
binom	1	0	0.1	0.17400
binom	1	0.1	0.1	0.14900
binom	1	0.2	0.1	0.14500
binom	1	0.3	0.1	0.15400
binom	1	0.4	0.1	0.18600
binom	1	0.5	0.1	0.21000
binom	1	0.6	0.1	0.18100
binom	1	0.7	0.1	0.17900
binom	1	0.8	0.1	0.20400
binom	1	0.9	0.1	0.17500
binom	1	0	0.2	0.29800
binom	1	0.1	0.2	0.30700
binom	1	0.2	0.2	0.24600
binom	1	0.3	0.2	0.26700
binom	1	0.4	0.2	0.23100
binom	1	0.5	0.2	0.22700
binom	1	0.6	0.2	0.22300
binom	1	0.7	0.2	0.21700
binom	1	0.8	0.2	0.22900
binom	1	0.9	0.2	0.20300
