binom	1	0	0	0.00700
binom	1	0.1	0	0.04600
binom	1	0.2	0	0.07200
binom	1	0.3	0	0.08000
binom	1	0.4	0	0.12800
binom	1	0.5	0	0.13100
binom	1	0.6	0	0.15000
binom	1	0.7	0	0.14000
binom	1	0.8	0	0.13100
binom	1	0.9	0	0.14400
binom	1	0	0.05	0.08700
binom	1	0.1	0.05	0.09500
binom	1	0.2	0.05	0.12500
binom	1	0.3	0.05	0.14300
binom	1	0.4	0.05	0.16600
binom	1	0.5	0.05	0.16100
binom	1	0.6	0.05	0.15100
binom	1	0.7	0.05	0.17300
binom	1	0.8	0.05	0.15900
binom	1	0.9	0.05	0.16900
binom	1	0	0.1	0.15700
binom	1	0.1	0.1	0.15100
binom	1	0.2	0.1	0.15200
binom	1	0.3	0.1	0.17500
binom	1	0.4	0.1	0.18600
binom	1	0.5	0.1	0.19100
binom	1	0.6	0.1	0.19200
binom	1	0.7	0.1	0.20800
binom	1	0.8	0.1	0.18700
binom	1	0.9	0.1	0.18100
binom	1	0	0.2	0.31100
binom	1	0.1	0.2	0.27700
binom	1	0.2	0.2	0.27400
binom	1	0.3	0.2	0.24300
binom	1	0.4	0.2	0.22600
binom	1	0.5	0.2	0.22900
binom	1	0.6	0.2	0.22700
binom	1	0.7	0.2	0.22300
binom	1	0.8	0.2	0.21100
binom	1	0.9	0.2	0.22300
