binom	1	0	0	0.01400
binom	1	0.1	0	0.05100
binom	1	0.2	0	0.05800
binom	1	0.3	0	0.11100
binom	1	0.4	0	0.14000
binom	1	0.5	0	0.14000
binom	1	0.6	0	0.14200
binom	1	0.7	0	0.15700
binom	1	0.8	0	0.12900
binom	1	0.9	0	0.14800
binom	1	0	0.05	0.08200
binom	1	0.1	0.05	0.09700
binom	1	0.2	0.05	0.08500
binom	1	0.3	0.05	0.13700
binom	1	0.4	0.05	0.15500
binom	1	0.5	0.05	0.14900
binom	1	0.6	0.05	0.16100
binom	1	0.7	0.05	0.17300
binom	1	0.8	0.05	0.16000
binom	1	0.9	0.05	0.13700
binom	1	0	0.1	0.17600
binom	1	0.1	0.1	0.15700
binom	1	0.2	0.1	0.14200
binom	1	0.3	0.1	0.14300
binom	1	0.4	0.1	0.17100
binom	1	0.5	0.1	0.19200
binom	1	0.6	0.1	0.18100
binom	1	0.7	0.1	0.19700
binom	1	0.8	0.1	0.17500
binom	1	0.9	0.1	0.13900
binom	1	0	0.2	0.27400
binom	1	0.1	0.2	0.31700
binom	1	0.2	0.2	0.26300
binom	1	0.3	0.2	0.23400
binom	1	0.4	0.2	0.22100
binom	1	0.5	0.2	0.22100
binom	1	0.6	0.2	0.22100
binom	1	0.7	0.2	0.22200
binom	1	0.8	0.2	0.22300
binom	1	0.9	0.2	0.21200
