binom	1	0	0	0.01000
binom	1	0.1	0	0.04600
binom	1	0.2	0	0.08400
binom	1	0.3	0	0.11800
binom	1	0.4	0	0.13000
binom	1	0.5	0	0.14900
binom	1	0.6	0	0.16100
binom	1	0.7	0	0.12400
binom	1	0.8	0	0.11500
binom	1	0.9	0	0.14500
binom	1	0	0.05	0.09700
binom	1	0.1	0.05	0.10100
binom	1	0.2	0.05	0.10300
binom	1	0.3	0.05	0.14400
binom	1	0.4	0.05	0.16200
binom	1	0.5	0.05	0.17800
binom	1	0.6	0.05	0.18100
binom	1	0.7	0.05	0.15700
binom	1	0.8	0.05	0.14700
binom	1	0.9	0.05	0.14500
binom	1	0	0.1	0.18100
binom	1	0.1	0.1	0.16100
binom	1	0.2	0.1	0.13500
binom	1	0.3	0.1	0.17200
binom	1	0.4	0.1	0.18000
binom	1	0.5	0.1	0.19200
binom	1	0.6	0.1	0.21200
binom	1	0.7	0.1	0.18400
binom	1	0.8	0.1	0.19200
binom	1	0.9	0.1	0.17900
binom	1	0	0.2	0.30400
binom	1	0.1	0.2	0.27100
binom	1	0.2	0.2	0.30200
binom	1	0.3	0.2	0.21800
binom	1	0.4	0.2	0.25000
binom	1	0.5	0.2	0.24000
binom	1	0.6	0.2	0.24000
binom	1	0.7	0.2	0.21100
binom	1	0.8	0.2	0.26400
binom	1	0.9	0.2	0.23400
