binom	1	0	0	0.01100
binom	1	0.1	0	0.05500
binom	1	0.2	0	0.08800
binom	1	0.3	0	0.10000
binom	1	0.4	0	0.14900
binom	1	0.5	0	0.12500
binom	1	0.6	0	0.14200
binom	1	0.7	0	0.16800
binom	1	0.8	0	0.14100
binom	1	0.9	0	0.13300
binom	1	0	0.05	0.09100
binom	1	0.1	0.05	0.09700
binom	1	0.2	0.05	0.10900
binom	1	0.3	0.05	0.13200
binom	1	0.4	0.05	0.16000
binom	1	0.5	0.05	0.15000
binom	1	0.6	0.05	0.16900
binom	1	0.7	0.05	0.17500
binom	1	0.8	0.05	0.15900
binom	1	0.9	0.05	0.16200
binom	1	0	0.1	0.18300
binom	1	0.1	0.1	0.17300
binom	1	0.2	0.1	0.14600
binom	1	0.3	0.1	0.18900
binom	1	0.4	0.1	0.16800
binom	1	0.5	0.1	0.19100
binom	1	0.6	0.1	0.19400
binom	1	0.7	0.1	0.18400
binom	1	0.8	0.1	0.17000
binom	1	0.9	0.1	0.17800
binom	1	0	0.2	0.29300
binom	1	0.1	0.2	0.28100
binom	1	0.2	0.2	0.25800
binom	1	0.3	0.2	0.24400
binom	1	0.4	0.2	0.21400
binom	1	0.5	0.2	0.22700
binom	1	0.6	0.2	0.24300
binom	1	0.7	0.2	0.23400
binom	1	0.8	0.2	0.23000
binom	1	0.9	0.2	0.22800
