binom	1	0	0	0.00800
binom	1	0.1	0	0.05500
binom	1	0.2	0	0.07700
binom	1	0.3	0	0.11000
binom	1	0.4	0	0.12100
binom	1	0.5	0	0.13000
binom	1	0.6	0	0.15000
binom	1	0.7	0	0.12000
binom	1	0.8	0	0.12400
binom	1	0.9	0	0.13200
binom	1	0	0.05	0.09900
binom	1	0.1	0.05	0.08900
binom	1	0.2	0.05	0.12500
binom	1	0.3	0.05	0.13800
binom	1	0.4	0.05	0.13900
binom	1	0.5	0.05	0.14900
binom	1	0.6	0.05	0.16600
binom	1	0.7	0.05	0.16800
binom	1	0.8	0.05	0.15600
binom	1	0.9	0.05	0.16200
binom	1	0	0.1	0.16800
binom	1	0.1	0.1	0.17200
binom	1	0.2	0.1	0.13500
binom	1	0.3	0.1	0.16700
binom	1	0.4	0.1	0.18300
binom	1	0.5	0.1	0.18300
binom	1	0.6	0.1	0.22000
binom	1	0.7	0.1	0.19900
binom	1	0.8	0.1	0.19300
binom	1	0.9	0.1	0.14700
binom	1	0	0.2	0.33600
binom	1	0.1	0.2	0.29500
binom	1	0.2	0.2	0.26500
binom	1	0.3	0.2	0.24900
binom	1	0.4	0.2	0.20600
binom	1	0.5	0.2	0.23800
binom	1	0.6	0.2	0.25300
binom	1	0.7	0.2	0.22600
binom	1	0.8	0.2	0.21800
binom	1	0.9	0.2	0.21100
