binom	1	0	0	0.00800
binom	1	0.1	0	0.04500
binom	1	0.2	0	0.08100
binom	1	0.3	0	0.11400
binom	1	0.4	0	0.12500
binom	1	0.5	0	0.13700
binom	1	0.6	0	0.14800
binom	1	0.7	0	0.13200
binom	1	0.8	0	0.14800
binom	1	0.9	0	0.14300
binom	1	0	0.05	0.10900
binom	1	0.1	0.05	0.08700
binom	1	0.2	0.05	0.10400
binom	1	0.3	0.05	0.12200
binom	1	0.4	0.05	0.14300
binom	1	0.5	0.05	0.14700
binom	1	0.6	0.05	0.17600
binom	1	0.7	0.05	0.16500
binom	1	0.8	0.05	0.14900
binom	1	0.9	0.05	0.14200
binom	1	0	0.1	0.16300
binom	1	0.1	0.1	0.17300
binom	1	0.2	0.1	0.14700
binom	1	0.3	0.1	0.16100
binom	1	0.4	0.1	0.16500
binom	1	0.5	0.1	0.18100
binom	1	0.6	0.1	0.19700
binom	1	0.7	0.1	0.19700
binom	1	0.8	0.1	0.18300
binom	1	0.9	0.1	0.17900
binom	1	0	0.2	0.32600
binom	1	0.1	0.2	0.29000
binom	1	0.2	0.2	0.26000
binom	1	0.3	0.2	0.22800
binom	1	0.4	0.2	0.25200
binom	1	0.5	0.2	0.23400
binom	1	0.6	0.2	0.24200
binom	1	0.7	0.2	0.23800
binom	1	0.8	0.2	0.23200
binom	1	0.9	0.2	0.20200
