binom	1	0	0	0.00800
binom	1	0.1	0	0.04200
binom	1	0.2	0	0.08300
binom	1	0.3	0	0.09700
binom	1	0.4	0	0.13500
binom	1	0.5	0	0.13900
binom	1	0.6	0	0.13700
binom	1	0.7	0	0.12700
binom	1	0.8	0	0.14500
binom	1	0.9	0	0.13600
binom	1	0	0.05	0.07700
binom	1	0.1	0.05	0.08700
binom	1	0.2	0.05	0.11600
binom	1	0.3	0.05	0.12600
binom	1	0.4	0.05	0.15500
binom	1	0.5	0.05	0.17800
binom	1	0.6	0.05	0.15500
binom	1	0.7	0.05	0.17000
binom	1	0.8	0.05	0.15900
binom	1	0.9	0.05	0.14500
binom	1	0	0.1	0.16100
binom	1	0.1	0.1	0.14900
binom	1	0.2	0.1	0.16900
binom	1	0.3	0.1	0.15900
binom	1	0.4	0.1	0.18100
binom	1	0.5	0.1	0.19900
binom	1	0.6	0.1	0.21600
binom	1	0.7	0.1	0.17000
binom	1	0.8	0.1	0.18100
binom	1	0.9	0.1	0.17900
binom	1	0	0.2	0.31100
binom	1	0.1	0.2	0.27300
binom	1	0.2	0.2	0.30600
binom	1	0.3	0.2	0.24500
binom	1	0.4	0.2	0.21800
binom	1	0.5	0.2	0.22100
binom	1	0.6	0.2	0.25700
binom	1	0.7	0.2	0.21900
binom	1	0.8	0.2	0.23200
binom	1	0.9	0.2	0.20000
