binom	1	0	0	0.00700
binom	1	0.1	0	0.04200
binom	1	0.2	0	0.07700
binom	1	0.3	0	0.10000
binom	1	0.4	0	0.14400
binom	1	0.5	0	0.14100
binom	1	0.6	0	0.14100
binom	1	0.7	0	0.14300
binom	1	0.8	0	0.13800
binom	1	0.9	0	0.14000
binom	1	0	0.05	0.08700
binom	1	0.1	0.05	0.09000
binom	1	0.2	0.05	0.09800
binom	1	0.3	0.05	0.14300
binom	1	0.4	0.05	0.14500
binom	1	0.5	0.05	0.14200
binom	1	0.6	0.05	0.17300
binom	1	0.7	0.05	0.16900
binom	1	0.8	0.05	0.17000
binom	1	0.9	0.05	0.16800
binom	1	0	0.1	0.17800
binom	1	0.1	0.1	0.16000
binom	1	0.2	0.1	0.14500
binom	1	0.3	0.1	0.16800
binom	1	0.4	0.1	0.18600
binom	1	0.5	0.1	0.20900
binom	1	0.6	0.1	0.19800
binom	1	0.7	0.1	0.18200
binom	1	0.8	0.1	0.20900
binom	1	0.9	0.1	0.16900
binom	1	0	0.2	0.29600
binom	1	0.1	0.2	0.28900
binom	1	0.2	0.2	0.27000
binom	1	0.3	0.2	0.25200
binom	1	0.4	0.2	0.20300
binom	1	0.5	0.2	0.21900
binom	1	0.6	0.2	0.23800
binom	1	0.7	0.2	0.25900
binom	1	0.8	0.2	0.22500
binom	1	0.9	0.2	0.22400
