binom	1	0	0	0.01100
binom	1	0.1	0	0.03100
binom	1	0.2	0	0.09000
binom	1	0.3	0	0.10700
binom	1	0.4	0	0.13200
binom	1	0.5	0	0.12900
binom	1	0.6	0	0.14500
binom	1	0.7	0	0.14400
binom	1	0.8	0	0.12700
binom	1	0.9	0	0.13200
binom	1	0	0.05	0.10000
binom	1	0.1	0.05	0.08200
binom	1	0.2	0.05	0.11000
binom	1	0.3	0.05	0.12400
binom	1	0.4	0.05	0.16200
binom	1	0.5	0.05	0.16000
binom	1	0.6	0.05	0.14200
binom	1	0.7	0.05	0.16600
binom	1	0.8	0.05	0.15200
binom	1	0.9	0.05	0.16500
binom	1	0	0.1	0.15700
binom	1	0.1	0.1	0.16000
binom	1	0.2	0.1	0.14600
binom	1	0.3	0.1	0.15400
binom	1	0.4	0.1	0.18900
binom	1	0.5	0.1	0.17000
binom	1	0.6	0.1	0.20900
binom	1	0.7	0.1	0.19100
binom	1	0.8	0.1	0.17100
binom	1	0.9	0.1	0.19200
binom	1	0	0.2	0.31600
binom	1	0.1	0.2	0.29500
binom	1	0.2	0.2	0.29800
binom	1	0.3	0.2	0.24700
binom	1	0.4	0.2	0.22400
binom	1	0.5	0.2	0.21400
binom	1	0.6	0.2	0.24500
binom	1	0.7	0.2	0.22700
binom	1	0.8	0.2	0.22500
binom	1	0.9	0.2	0.22600
