binom	1	0	0	0.00900
binom	1	0.1	0	0.04200
binom	1	0.2	0	0.07900
binom	1	0.3	0	0.10800
binom	1	0.4	0	0.11900
binom	1	0.5	0	0.13200
binom	1	0.6	0	0.14900
binom	1	0.7	0	0.12200
binom	1	0.8	0	0.16400
binom	1	0.9	0	0.14900
binom	1	0	0.05	0.08600
binom	1	0.1	0.05	0.10900
binom	1	0.2	0.05	0.11000
binom	1	0.3	0.05	0.14900
binom	1	0.4	0.05	0.15800
binom	1	0.5	0.05	0.16700
binom	1	0.6	0.05	0.16200
binom	1	0.7	0.05	0.15700
binom	1	0.8	0.05	0.17000
binom	1	0.9	0.05	0.15900
binom	1	0	0.1	0.17800
binom	1	0.1	0.1	0.14500
binom	1	0.2	0.1	0.16300
binom	1	0.3	0.1	0.15600
binom	1	0.4	0.1	0.17200
binom	1	0.5	0.1	0.16300
binom	1	0.6	0.1	0.18800
binom	1	0.7	0.1	0.20100
binom	1	0.8	0.1	0.17800
binom	1	0.9	0.1	0.15600
binom	1	0	0.2	0.30500
binom	1	0.1	0.2	0.28300
binom	1	0.2	0.2	0.27700
binom	1	0.3	0.2	0.24300
binom	1	0.4	0.2	0.23700
binom	1	0.5	0.2	0.19800
binom	1	0.6	0.2	0.22500
binom	1	0.7	0.2	0.23900
binom	1	0.8	0.2	0.21800
binom	1	0.9	0.2	0.22200
