uniform	0.02140
uniform	0.02380
uniform	0.02120
uniform	0.02220
uniform	0.02620
uniform	0.02280
uniform	0.01960
uniform	0.02180
uniform	0.02160
uniform	0.02200
uniform	0.02280
uniform	0.02300
uniform	0.02280
uniform	0.02060
uniform	0.02480
uniform	0.02420
uniform	0.02340
uniform	0.02160
uniform	0.01940
uniform	0.02580
uniform	0.02100
uniform	0.02140
uniform	0.02220
uniform	0.01900
uniform	0.02120
uniform	0.02240
uniform	0.01980
uniform	0.01840
uniform	0.02020
uniform	0.01820
uniform	0.01780
uniform	0.02240
uniform	0.02000
uniform	0.02140
uniform	0.01940
uniform	0.01740
uniform	0.01980
uniform	0.02120
uniform	0.01640
uniform	0.01760
uniform	0.02260
uniform	0.02160
uniform	0.01700
uniform	0.01720
uniform	0.02320
uniform	0.02060
uniform	0.01720
uniform	0.01900
uniform	0.01660
uniform	0.01660
uniform	0.02140
