binom	1	0	0	0.00800
binom	1	0.1	0	0.04900
binom	1	0.2	0	0.08200
binom	1	0.3	0	0.09900
binom	1	0.4	0	0.13100
binom	1	0.5	0	0.12200
binom	1	0.6	0	0.15200
binom	1	0.7	0	0.14700
binom	1	0.8	0	0.12700
binom	1	0.9	0	0.13800
binom	1	0	0.05	0.10100
binom	1	0.1	0.05	0.07700
binom	1	0.2	0.05	0.10700
binom	1	0.3	0.05	0.14200
binom	1	0.4	0.05	0.14300
binom	1	0.5	0.05	0.16500
binom	1	0.6	0.05	0.16900
binom	1	0.7	0.05	0.18200
binom	1	0.8	0.05	0.17100
binom	1	0.9	0.05	0.15700
binom	1	0	0.1	0.16300
binom	1	0.1	0.1	0.16300
binom	1	0.2	0.1	0.16200
binom	1	0.3	0.1	0.15500
binom	1	0.4	0.1	0.17800
binom	1	0.5	0.1	0.19100
binom	1	0.6	0.1	0.20000
binom	1	0.7	0.1	0.17800
binom	1	0.8	0.1	0.19700
binom	1	0.9	0.1	0.17900
binom	1	0	0.2	0.29800
binom	1	0.1	0.2	0.30800
binom	1	0.2	0.2	0.25000
binom	1	0.3	0.2	0.27300
binom	1	0.4	0.2	0.21500
binom	1	0.5	0.2	0.23600
binom	1	0.6	0.2	0.19800
binom	1	0.7	0.2	0.24600
binom	1	0.8	0.2	0.21300
binom	1	0.9	0.2	0.19000
