binom	1	0	0	0.00600
binom	1	0.1	0	0.04200
binom	1	0.2	0	0.07900
binom	1	0.3	0	0.10800
binom	1	0.4	0	0.10700
binom	1	0.5	0	0.14800
binom	1	0.6	0	0.14300
binom	1	0.7	0	0.15800
binom	1	0.8	0	0.15500
binom	1	0.9	0	0.13600
binom	1	0	0.05	0.09300
binom	1	0.1	0.05	0.08200
binom	1	0.2	0.05	0.10000
binom	1	0.3	0.05	0.13700
binom	1	0.4	0.05	0.14400
binom	1	0.5	0.05	0.15200
binom	1	0.6	0.05	0.16200
binom	1	0.7	0.05	0.17100
binom	1	0.8	0.05	0.16200
binom	1	0.9	0.05	0.15700
binom	1	0	0.1	0.17000
binom	1	0.1	0.1	0.15300
binom	1	0.2	0.1	0.15900
binom	1	0.3	0.1	0.15700
binom	1	0.4	0.1	0.18100
binom	1	0.5	0.1	0.18700
binom	1	0.6	0.1	0.19400
binom	1	0.7	0.1	0.20100
binom	1	0.8	0.1	0.18200
binom	1	0.9	0.1	0.18300
binom	1	0	0.2	0.31200
binom	1	0.1	0.2	0.27800
binom	1	0.2	0.2	0.29200
binom	1	0.3	0.2	0.24300
binom	1	0.4	0.2	0.22500
binom	1	0.5	0.2	0.24100
binom	1	0.6	0.2	0.21100
binom	1	0.7	0.2	0.22000
binom	1	0.8	0.2	0.24300
binom	1	0.9	0.2	0.21800
