binom	1	0	0	0.01000
binom	1	0.1	0	0.04400
binom	1	0.2	0	0.07800
binom	1	0.3	0	0.10300
binom	1	0.4	0	0.13000
binom	1	0.5	0	0.13500
binom	1	0.6	0	0.15200
binom	1	0.7	0	0.14800
binom	1	0.8	0	0.13600
binom	1	0.9	0	0.15000
binom	1	0	0.05	0.08900
binom	1	0.1	0.05	0.08100
binom	1	0.2	0.05	0.13400
binom	1	0.3	0.05	0.10700
binom	1	0.4	0.05	0.14900
binom	1	0.5	0.05	0.15400
binom	1	0.6	0.05	0.15200
binom	1	0.7	0.05	0.18600
binom	1	0.8	0.05	0.15100
binom	1	0.9	0.05	0.15500
binom	1	0	0.1	0.15200
binom	1	0.1	0.1	0.16600
binom	1	0.2	0.1	0.14900
binom	1	0.3	0.1	0.19200
binom	1	0.4	0.1	0.17300
binom	1	0.5	0.1	0.17200
binom	1	0.6	0.1	0.17900
binom	1	0.7	0.1	0.18900
binom	1	0.8	0.1	0.16100
binom	1	0.9	0.1	0.16500
binom	1	0	0.2	0.28400
binom	1	0.1	0.2	0.29200
binom	1	0.2	0.2	0.24200
binom	1	0.3	0.2	0.23600
binom	1	0.4	0.2	0.23900
binom	1	0.5	0.2	0.23700
binom	1	0.6	0.2	0.21400
binom	1	0.7	0.2	0.21600
binom	1	0.8	0.2	0.22900
binom	1	0.9	0.2	0.22500
