binom	1	0	0	0.01300
binom	1	0.1	0	0.03800
binom	1	0.2	0	0.08100
binom	1	0.3	0	0.10500
binom	1	0.4	0	0.12000
binom	1	0.5	0	0.12600
binom	1	0.6	0	0.16800
binom	1	0.7	0	0.16400
binom	1	0.8	0	0.15000
binom	1	0.9	0	0.13700
binom	1	0	0.05	0.09500
binom	1	0.1	0.05	0.09500
binom	1	0.2	0.05	0.10800
binom	1	0.3	0.05	0.14300
binom	1	0.4	0.05	0.15700
binom	1	0.5	0.05	0.17000
binom	1	0.6	0.05	0.18200
binom	1	0.7	0.05	0.16000
binom	1	0.8	0.05	0.17500
binom	1	0.9	0.05	0.16500
binom	1	0	0.1	0.16400
binom	1	0.1	0.1	0.18500
binom	1	0.2	0.1	0.13600
binom	1	0.3	0.1	0.15500
binom	1	0.4	0.1	0.17800
binom	1	0.5	0.1	0.18800
binom	1	0.6	0.1	0.18000
binom	1	0.7	0.1	0.17900
binom	1	0.8	0.1	0.18100
binom	1	0.9	0.1	0.17100
binom	1	0	0.2	0.26400
binom	1	0.1	0.2	0.32100
binom	1	0.2	0.2	0.27600
binom	1	0.3	0.2	0.25200
binom	1	0.4	0.2	0.21200
binom	1	0.5	0.2	0.21300
binom	1	0.6	0.2	0.24400
binom	1	0.7	0.2	0.23300
binom	1	0.8	0.2	0.21900
binom	1	0.9	0.2	0.22300
