binom	1	0	0	0.01300
binom	1	0.1	0	0.04500
binom	1	0.2	0	0.08100
binom	1	0.3	0	0.11400
binom	1	0.4	0	0.12500
binom	1	0.5	0	0.13700
binom	1	0.6	0	0.14800
binom	1	0.7	0	0.13200
binom	1	0.8	0	0.14800
binom	1	0.9	0	0.13800
binom	1	0	0.05	0.09800
binom	1	0.1	0.05	0.10800
binom	1	0.2	0.05	0.09800
binom	1	0.3	0.05	0.12200
binom	1	0.4	0.05	0.14300
binom	1	0.5	0.05	0.14700
binom	1	0.6	0.05	0.17600
binom	1	0.7	0.05	0.19200
binom	1	0.8	0.05	0.16900
binom	1	0.9	0.05	0.16300
binom	1	0	0.1	0.17000
binom	1	0.1	0.1	0.16100
binom	1	0.2	0.1	0.14800
binom	1	0.3	0.1	0.14900
binom	1	0.4	0.1	0.18200
binom	1	0.5	0.1	0.20600
binom	1	0.6	0.1	0.19200
binom	1	0.7	0.1	0.18800
binom	1	0.8	0.1	0.18100
binom	1	0.9	0.1	0.15500
binom	1	0	0.2	0.30000
binom	1	0.1	0.2	0.27100
binom	1	0.2	0.2	0.28200
binom	1	0.3	0.2	0.24200
binom	1	0.4	0.2	0.21400
binom	1	0.5	0.2	0.24800
binom	1	0.6	0.2	0.21900
binom	1	0.7	0.2	0.22500
binom	1	0.8	0.2	0.21900
binom	1	0.9	0.2	0.20400
