binom	1	0	0	0.00400
binom	1	0.1	0	0.03400
binom	1	0.2	0	0.10200
binom	1	0.3	0	0.10400
binom	1	0.4	0	0.11600
binom	1	0.5	0	0.13500
binom	1	0.6	0	0.16100
binom	1	0.7	0	0.14600
binom	1	0.8	0	0.15200
binom	1	0.9	0	0.12500
binom	1	0	0.05	0.10900
binom	1	0.1	0.05	0.08800
binom	1	0.2	0.05	0.12200
binom	1	0.3	0.05	0.14500
binom	1	0.4	0.05	0.14600
binom	1	0.5	0.05	0.15100
binom	1	0.6	0.05	0.16800
binom	1	0.7	0.05	0.17700
binom	1	0.8	0.05	0.17200
binom	1	0.9	0.05	0.14300
binom	1	0	0.1	0.17100
binom	1	0.1	0.1	0.15100
binom	1	0.2	0.1	0.16700
binom	1	0.3	0.1	0.16200
binom	1	0.4	0.1	0.19400
binom	1	0.5	0.1	0.19500
binom	1	0.6	0.1	0.15500
binom	1	0.7	0.1	0.20100
binom	1	0.8	0.1	0.19200
binom	1	0.9	0.1	0.19400
binom	1	0	0.2	0.31500
binom	1	0.1	0.2	0.28600
binom	1	0.2	0.2	0.28400
binom	1	0.3	0.2	0.25600
binom	1	0.4	0.2	0.22900
binom	1	0.5	0.2	0.23300
binom	1	0.6	0.2	0.25300
binom	1	0.7	0.2	0.23400
binom	1	0.8	0.2	0.21900
binom	1	0.9	0.2	0.22500
