binom	1	0	0	0.00900
binom	1	0.1	0	0.03800
binom	1	0.2	0	0.08400
binom	1	0.3	0	0.09700
binom	1	0.4	0	0.11800
binom	1	0.5	0	0.12800
binom	1	0.6	0	0.12600
binom	1	0.7	0	0.13600
binom	1	0.8	0	0.14900
binom	1	0.9	0	0.13100
binom	1	0	0.05	0.07000
binom	1	0.1	0.05	0.07400
binom	1	0.2	0.05	0.11100
binom	1	0.3	0.05	0.12900
binom	1	0.4	0.05	0.14200
binom	1	0.5	0.05	0.15300
binom	1	0.6	0.05	0.15700
binom	1	0.7	0.05	0.17000
binom	1	0.8	0.05	0.16400
binom	1	0.9	0.05	0.14900
binom	1	0	0.1	0.15700
binom	1	0.1	0.1	0.15000
binom	1	0.2	0.1	0.14300
binom	1	0.3	0.1	0.16400
binom	1	0.4	0.1	0.18300
binom	1	0.5	0.1	0.17300
binom	1	0.6	0.1	0.18600
binom	1	0.7	0.1	0.19000
binom	1	0.8	0.1	0.20300
binom	1	0.9	0.1	0.16600
binom	1	0	0.2	0.29000
binom	1	0.1	0.2	0.27700
binom	1	0.2	0.2	0.28200
binom	1	0.3	0.2	0.25000
binom	1	0.4	0.2	0.24300
binom	1	0.5	0.2	0.24200
binom	1	0.6	0.2	0.23200
binom	1	0.7	0.2	0.20300
binom	1	0.8	0.2	0.22700
binom	1	0.9	0.2	0.23900
