binom	1	0	0	0.00700
binom	1	0.1	0	0.04900
binom	1	0.2	0	0.07900
binom	1	0.3	0	0.11400
binom	1	0.4	0	0.11200
binom	1	0.5	0	0.10900
binom	1	0.6	0	0.15000
binom	1	0.7	0	0.17500
binom	1	0.8	0	0.12800
binom	1	0.9	0	0.14600
binom	1	0	0.05	0.07100
binom	1	0.1	0.05	0.08000
binom	1	0.2	0.05	0.10600
binom	1	0.3	0.05	0.14700
binom	1	0.4	0.05	0.15600
binom	1	0.5	0.05	0.16400
binom	1	0.6	0.05	0.16700
binom	1	0.7	0.05	0.15800
binom	1	0.8	0.05	0.15100
binom	1	0.9	0.05	0.15800
binom	1	0	0.1	0.18200
binom	1	0.1	0.1	0.16200
binom	1	0.2	0.1	0.16400
binom	1	0.3	0.1	0.16100
binom	1	0.4	0.1	0.15900
binom	1	0.5	0.1	0.16800
binom	1	0.6	0.1	0.20400
binom	1	0.7	0.1	0.18000
binom	1	0.8	0.1	0.19700
binom	1	0.9	0.1	0.15200
binom	1	0	0.2	0.33400
binom	1	0.1	0.2	0.31600
binom	1	0.2	0.2	0.27400
binom	1	0.3	0.2	0.21800
binom	1	0.4	0.2	0.23900
binom	1	0.5	0.2	0.22200
binom	1	0.6	0.2	0.22400
binom	1	0.7	0.2	0.23000
binom	1	0.8	0.2	0.22400
binom	1	0.9	0.2	0.20900
