binom	1	0	0	0.01100
binom	1	0.1	0	0.03000
binom	1	0.2	0	0.08300
binom	1	0.3	0	0.10700
binom	1	0.4	0	0.12900
binom	1	0.5	0	0.13900
binom	1	0.6	0	0.14100
binom	1	0.7	0	0.15300
binom	1	0.8	0	0.14500
binom	1	0.9	0	0.14500
binom	1	0	0.05	0.10900
binom	1	0.1	0.05	0.08300
binom	1	0.2	0.05	0.12900
binom	1	0.3	0.05	0.14100
binom	1	0.4	0.05	0.13000
binom	1	0.5	0.05	0.15300
binom	1	0.6	0.05	0.16300
binom	1	0.7	0.05	0.16400
binom	1	0.8	0.05	0.18600
binom	1	0.9	0.05	0.15500
binom	1	0	0.1	0.16300
binom	1	0.1	0.1	0.17600
binom	1	0.2	0.1	0.14900
binom	1	0.3	0.1	0.14000
binom	1	0.4	0.1	0.17300
binom	1	0.5	0.1	0.20900
binom	1	0.6	0.1	0.16800
binom	1	0.7	0.1	0.20100
binom	1	0.8	0.1	0.16900
binom	1	0.9	0.1	0.17500
binom	1	0	0.2	0.31400
binom	1	0.1	0.2	0.29200
binom	1	0.2	0.2	0.28500
binom	1	0.3	0.2	0.25900
binom	1	0.4	0.2	0.23600
binom	1	0.5	0.2	0.23900
binom	1	0.6	0.2	0.25000
binom	1	0.7	0.2	0.25100
binom	1	0.8	0.2	0.23300
binom	1	0.9	0.2	0.21900
