binom	1	0	0	0.00900
binom	1	0.1	0	0.03100
binom	1	0.2	0	0.08600
binom	1	0.3	0	0.13400
binom	1	0.4	0	0.12000
binom	1	0.5	0	0.13600
binom	1	0.6	0	0.14100
binom	1	0.7	0	0.19000
binom	1	0.8	0	0.14200
binom	1	0.9	0	0.12800
binom	1	0	0.05	0.08500
binom	1	0.1	0.05	0.08800
binom	1	0.2	0.05	0.11600
binom	1	0.3	0.05	0.13500
binom	1	0.4	0.05	0.17100
binom	1	0.5	0.05	0.14300
binom	1	0.6	0.05	0.15900
binom	1	0.7	0.05	0.16700
binom	1	0.8	0.05	0.15000
binom	1	0.9	0.05	0.16100
binom	1	0	0.1	0.15700
binom	1	0.1	0.1	0.16100
binom	1	0.2	0.1	0.15300
binom	1	0.3	0.1	0.15400
binom	1	0.4	0.1	0.16800
binom	1	0.5	0.1	0.16800
binom	1	0.6	0.1	0.17900
binom	1	0.7	0.1	0.18000
binom	1	0.8	0.1	0.19700
binom	1	0.9	0.1	0.15200
binom	1	0	0.2	0.33400
binom	1	0.1	0.2	0.29300
binom	1	0.2	0.2	0.27300
binom	1	0.3	0.2	0.25500
binom	1	0.4	0.2	0.20100
binom	1	0.5	0.2	0.22400
binom	1	0.6	0.2	0.23000
binom	1	0.7	0.2	0.24800
binom	1	0.8	0.2	0.24900
binom	1	0.9	0.2	0.22000
