binom	1	0	0	0.01300
binom	1	0.1	0	0.03900
binom	1	0.2	0	0.08100
binom	1	0.3	0	0.10200
binom	1	0.4	0	0.12600
binom	1	0.5	0	0.12300
binom	1	0.6	0	0.15400
binom	1	0.7	0	0.14900
binom	1	0.8	0	0.15100
binom	1	0.9	0	0.13300
binom	1	0	0.05	0.08600
binom	1	0.1	0.05	0.08300
binom	1	0.2	0.05	0.10700
binom	1	0.3	0.05	0.14800
binom	1	0.4	0.05	0.17500
binom	1	0.5	0.05	0.16100
binom	1	0.6	0.05	0.16700
binom	1	0.7	0.05	0.18500
binom	1	0.8	0.05	0.15500
binom	1	0.9	0.05	0.15800
binom	1	0	0.1	0.18100
binom	1	0.1	0.1	0.17000
binom	1	0.2	0.1	0.12100
binom	1	0.3	0.1	0.15500
binom	1	0.4	0.1	0.17100
binom	1	0.5	0.1	0.18200
binom	1	0.6	0.1	0.18200
binom	1	0.7	0.1	0.19000
binom	1	0.8	0.1	0.19600
binom	1	0.9	0.1	0.18800
binom	1	0	0.2	0.29000
binom	1	0.1	0.2	0.29400
binom	1	0.2	0.2	0.24700
binom	1	0.3	0.2	0.23700
binom	1	0.4	0.2	0.21900
binom	1	0.5	0.2	0.22100
binom	1	0.6	0.2	0.24100
binom	1	0.7	0.2	0.22500
binom	1	0.8	0.2	0.23200
binom	1	0.9	0.2	0.21100
