binom	1	0	0	0.01000
binom	1	0.1	0	0.03500
binom	1	0.2	0	0.09100
binom	1	0.3	0	0.10700
binom	1	0.4	0	0.13000
binom	1	0.5	0	0.14300
binom	1	0.6	0	0.15400
binom	1	0.7	0	0.16900
binom	1	0.8	0	0.15000
binom	1	0.9	0	0.12600
binom	1	0	0.05	0.08800
binom	1	0.1	0.05	0.07500
binom	1	0.2	0.05	0.11500
binom	1	0.3	0.05	0.14000
binom	1	0.4	0.05	0.15000
binom	1	0.5	0.05	0.16700
binom	1	0.6	0.05	0.17300
binom	1	0.7	0.05	0.14100
binom	1	0.8	0.05	0.17500
binom	1	0.9	0.05	0.14900
binom	1	0	0.1	0.14500
binom	1	0.1	0.1	0.16100
binom	1	0.2	0.1	0.14100
binom	1	0.3	0.1	0.16800
binom	1	0.4	0.1	0.17300
binom	1	0.5	0.1	0.18700
binom	1	0.6	0.1	0.15600
binom	1	0.7	0.1	0.19600
binom	1	0.8	0.1	0.21000
binom	1	0.9	0.1	0.18400
binom	1	0	0.2	0.30800
binom	1	0.1	0.2	0.31100
binom	1	0.2	0.2	0.24400
binom	1	0.3	0.2	0.21700
binom	1	0.4	0.2	0.24200
binom	1	0.5	0.2	0.21100
binom	1	0.6	0.2	0.24800
binom	1	0.7	0.2	0.24700
binom	1	0.8	0.2	0.23300
binom	1	0.9	0.2	0.19800
