binom	1	0	0	0.01000
binom	1	0.1	0	0.05000
binom	1	0.2	0	0.07100
binom	1	0.3	0	0.11200
binom	1	0.4	0	0.14100
binom	1	0.5	0	0.15300
binom	1	0.6	0	0.13900
binom	1	0.7	0	0.15500
binom	1	0.8	0	0.11800
binom	1	0.9	0	0.14200
binom	1	0	0.05	0.09900
binom	1	0.1	0.05	0.09900
binom	1	0.2	0.05	0.11500
binom	1	0.3	0.05	0.14000
binom	1	0.4	0.05	0.16200
binom	1	0.5	0.05	0.15000
binom	1	0.6	0.05	0.18000
binom	1	0.7	0.05	0.16100
binom	1	0.8	0.05	0.15900
binom	1	0.9	0.05	0.16900
binom	1	0	0.1	0.18300
binom	1	0.1	0.1	0.17500
binom	1	0.2	0.1	0.14300
binom	1	0.3	0.1	0.15700
binom	1	0.4	0.1	0.18900
binom	1	0.5	0.1	0.19900
binom	1	0.6	0.1	0.16700
binom	1	0.7	0.1	0.19700
binom	1	0.8	0.1	0.17600
binom	1	0.9	0.1	0.18800
binom	1	0	0.2	0.30200
binom	1	0.1	0.2	0.30300
binom	1	0.2	0.2	0.28500
binom	1	0.3	0.2	0.23800
binom	1	0.4	0.2	0.23000
binom	1	0.5	0.2	0.22600
binom	1	0.6	0.2	0.24500
binom	1	0.7	0.2	0.24700
binom	1	0.8	0.2	0.21400
binom	1	0.9	0.2	0.23100
