binom	1	0	0	0.01200
binom	1	0.1	0	0.05100
binom	1	0.2	0	0.07300
binom	1	0.3	0	0.10500
binom	1	0.4	0	0.12900
binom	1	0.5	0	0.13300
binom	1	0.6	0	0.12700
binom	1	0.7	0	0.14800
binom	1	0.8	0	0.13900
binom	1	0.9	0	0.12000
binom	1	0	0.05	0.09600
binom	1	0.1	0.05	0.09300
binom	1	0.2	0.05	0.10700
binom	1	0.3	0.05	0.13100
binom	1	0.4	0.05	0.13600
binom	1	0.5	0.05	0.16800
binom	1	0.6	0.05	0.16600
binom	1	0.7	0.05	0.15900
binom	1	0.8	0.05	0.15300
binom	1	0.9	0.05	0.15400
binom	1	0	0.1	0.15500
binom	1	0.1	0.1	0.16300
binom	1	0.2	0.1	0.15100
binom	1	0.3	0.1	0.15300
binom	1	0.4	0.1	0.16100
binom	1	0.5	0.1	0.19100
binom	1	0.6	0.1	0.19200
binom	1	0.7	0.1	0.21600
binom	1	0.8	0.1	0.19700
binom	1	0.9	0.1	0.19900
binom	1	0	0.2	0.29500
binom	1	0.1	0.2	0.30700
binom	1	0.2	0.2	0.27600
binom	1	0.3	0.2	0.24100
binom	1	0.4	0.2	0.22000
binom	1	0.5	0.2	0.23300
binom	1	0.6	0.2	0.20900
binom	1	0.7	0.2	0.21200
binom	1	0.8	0.2	0.21100
binom	1	0.9	0.2	0.22500
