binom	1	0	0	0.01000
binom	1	0.1	0	0.04400
binom	1	0.2	0	0.07000
binom	1	0.3	0	0.09400
binom	1	0.4	0	0.10700
binom	1	0.5	0	0.12400
binom	1	0.6	0	0.14500
binom	1	0.7	0	0.14100
binom	1	0.8	0	0.14400
binom	1	0.9	0	0.13300
binom	1	0	0.05	0.11700
binom	1	0.1	0.05	0.09600
binom	1	0.2	0.05	0.09900
binom	1	0.3	0.05	0.14400
binom	1	0.4	0.05	0.14400
binom	1	0.5	0.05	0.17700
binom	1	0.6	0.05	0.15800
binom	1	0.7	0.05	0.17700
binom	1	0.8	0.05	0.16800
binom	1	0.9	0.05	0.13800
binom	1	0	0.1	0.18300
binom	1	0.1	0.1	0.14800
binom	1	0.2	0.1	0.14700
binom	1	0.3	0.1	0.17300
binom	1	0.4	0.1	0.16700
binom	1	0.5	0.1	0.19900
binom	1	0.6	0.1	0.17900
binom	1	0.7	0.1	0.19400
binom	1	0.8	0.1	0.19700
binom	1	0.9	0.1	0.18800
binom	1	0	0.2	0.30100
binom	1	0.1	0.2	0.30200
binom	1	0.2	0.2	0.28400
binom	1	0.3	0.2	0.24900
binom	1	0.4	0.2	0.22700
binom	1	0.5	0.2	0.20100
binom	1	0.6	0.2	0.22000
binom	1	0.7	0.2	0.21000
binom	1	0.8	0.2	0.21700
binom	1	0.9	0.2	0.22000
