binom	1	0	0	0.00900
binom	1	0.1	0	0.04200
binom	1	0.2	0	0.06800
binom	1	0.3	0	0.11800
binom	1	0.4	0	0.12200
binom	1	0.5	0	0.15000
binom	1	0.6	0	0.15800
binom	1	0.7	0	0.13400
binom	1	0.8	0	0.14400
binom	1	0.9	0	0.13800
binom	1	0	0.05	0.09500
binom	1	0.1	0.05	0.09100
binom	1	0.2	0.05	0.10800
binom	1	0.3	0.05	0.13400
binom	1	0.4	0.05	0.15000
binom	1	0.5	0.05	0.17200
binom	1	0.6	0.05	0.17800
binom	1	0.7	0.05	0.17100
binom	1	0.8	0.05	0.15900
binom	1	0.9	0.05	0.13900
binom	1	0	0.1	0.17500
binom	1	0.1	0.1	0.16000
binom	1	0.2	0.1	0.15800
binom	1	0.3	0.1	0.15100
binom	1	0.4	0.1	0.18600
binom	1	0.5	0.1	0.19600
binom	1	0.6	0.1	0.19500
binom	1	0.7	0.1	0.21400
binom	1	0.8	0.1	0.20000
binom	1	0.9	0.1	0.16700
binom	1	0	0.2	0.28000
binom	1	0.1	0.2	0.26400
binom	1	0.2	0.2	0.26100
binom	1	0.3	0.2	0.22900
binom	1	0.4	0.2	0.21900
binom	1	0.5	0.2	0.22500
binom	1	0.6	0.2	0.24600
binom	1	0.7	0.2	0.24000
binom	1	0.8	0.2	0.20200
binom	1	0.9	0.2	0.18700
