binom	1	0	0	0.01400
binom	1	0.1	0	0.05100
binom	1	0.2	0	0.08400
binom	1	0.3	0	0.09300
binom	1	0.4	0	0.12100
binom	1	0.5	0	0.13700
binom	1	0.6	0	0.13600
binom	1	0.7	0	0.14600
binom	1	0.8	0	0.13400
binom	1	0.9	0	0.14200
binom	1	0	0.05	0.09500
binom	1	0.1	0.05	0.07800
binom	1	0.2	0.05	0.10000
binom	1	0.3	0.05	0.12700
binom	1	0.4	0.05	0.16600
binom	1	0.5	0.05	0.15600
binom	1	0.6	0.05	0.16100
binom	1	0.7	0.05	0.16400
binom	1	0.8	0.05	0.15100
binom	1	0.9	0.05	0.16100
binom	1	0	0.1	0.16100
binom	1	0.1	0.1	0.15600
binom	1	0.2	0.1	0.13900
binom	1	0.3	0.1	0.15800
binom	1	0.4	0.1	0.17300
binom	1	0.5	0.1	0.18400
binom	1	0.6	0.1	0.18600
binom	1	0.7	0.1	0.18400
binom	1	0.8	0.1	0.17100
binom	1	0.9	0.1	0.19400
binom	1	0	0.2	0.33600
binom	1	0.1	0.2	0.28600
binom	1	0.2	0.2	0.27800
binom	1	0.3	0.2	0.26500
binom	1	0.4	0.2	0.23600
binom	1	0.5	0.2	0.22700
binom	1	0.6	0.2	0.23400
binom	1	0.7	0.2	0.21700
binom	1	0.8	0.2	0.24500
binom	1	0.9	0.2	0.21600
