binom	1	0	0	0.01300
binom	1	0.1	0	0.03700
binom	1	0.2	0	0.08700
binom	1	0.3	0	0.09200
binom	1	0.4	0	0.13500
binom	1	0.5	0	0.12900
binom	1	0.6	0	0.14600
binom	1	0.7	0	0.13800
binom	1	0.8	0	0.14600
binom	1	0.9	0	0.12300
binom	1	0	0.05	0.09100
binom	1	0.1	0.05	0.08600
binom	1	0.2	0.05	0.11200
binom	1	0.3	0.05	0.13400
binom	1	0.4	0.05	0.16500
binom	1	0.5	0.05	0.15200
binom	1	0.6	0.05	0.17600
binom	1	0.7	0.05	0.17200
binom	1	0.8	0.05	0.16400
binom	1	0.9	0.05	0.14500
binom	1	0	0.1	0.19400
binom	1	0.1	0.1	0.15200
binom	1	0.2	0.1	0.15900
binom	1	0.3	0.1	0.16000
binom	1	0.4	0.1	0.16400
binom	1	0.5	0.1	0.20000
binom	1	0.6	0.1	0.18400
binom	1	0.7	0.1	0.19800
binom	1	0.8	0.1	0.18000
binom	1	0.9	0.1	0.16200
binom	1	0	0.2	0.29300
binom	1	0.1	0.2	0.30200
binom	1	0.2	0.2	0.27700
binom	1	0.3	0.2	0.24900
binom	1	0.4	0.2	0.23100
binom	1	0.5	0.2	0.26300
binom	1	0.6	0.2	0.24200
binom	1	0.7	0.2	0.22300
binom	1	0.8	0.2	0.24700
binom	1	0.9	0.2	0.21300
