binom	1	0	0	0.00600
binom	1	0.1	0	0.04900
binom	1	0.2	0	0.08000
binom	1	0.3	0	0.10300
binom	1	0.4	0	0.10800
binom	1	0.5	0	0.15000
binom	1	0.6	0	0.15300
binom	1	0.7	0	0.14500
binom	1	0.8	0	0.13100
binom	1	0.9	0	0.13000
binom	1	0	0.05	0.08600
binom	1	0.1	0.05	0.10400
binom	1	0.2	0.05	0.11400
binom	1	0.3	0.05	0.13500
binom	1	0.4	0.05	0.14300
binom	1	0.5	0.05	0.17200
binom	1	0.6	0.05	0.16900
binom	1	0.7	0.05	0.14200
binom	1	0.8	0.05	0.16400
binom	1	0.9	0.05	0.16000
binom	1	0	0.1	0.17200
binom	1	0.1	0.1	0.16500
binom	1	0.2	0.1	0.16600
binom	1	0.3	0.1	0.17000
binom	1	0.4	0.1	0.16900
binom	1	0.5	0.1	0.18300
binom	1	0.6	0.1	0.17600
binom	1	0.7	0.1	0.19300
binom	1	0.8	0.1	0.17600
binom	1	0.9	0.1	0.18400
binom	1	0	0.2	0.29500
binom	1	0.1	0.2	0.29900
binom	1	0.2	0.2	0.25900
binom	1	0.3	0.2	0.27600
binom	1	0.4	0.2	0.21800
binom	1	0.5	0.2	0.22300
binom	1	0.6	0.2	0.25500
binom	1	0.7	0.2	0.23100
binom	1	0.8	0.2	0.24900
binom	1	0.9	0.2	0.21300
