binom	1	0	0	0.01000
binom	1	0.1	0	0.04800
binom	1	0.2	0	0.07700
binom	1	0.3	0	0.11000
binom	1	0.4	0	0.13000
binom	1	0.5	0	0.12800
binom	1	0.6	0	0.15500
binom	1	0.7	0	0.15500
binom	1	0.8	0	0.13200
binom	1	0.9	0	0.13400
binom	1	0	0.05	0.10100
binom	1	0.1	0.05	0.09100
binom	1	0.2	0.05	0.11800
binom	1	0.3	0.05	0.13900
binom	1	0.4	0.05	0.14000
binom	1	0.5	0.05	0.17100
binom	1	0.6	0.05	0.15700
binom	1	0.7	0.05	0.15400
binom	1	0.8	0.05	0.14800
binom	1	0.9	0.05	0.16500
binom	1	0	0.1	0.19300
binom	1	0.1	0.1	0.16300
binom	1	0.2	0.1	0.14900
binom	1	0.3	0.1	0.16200
binom	1	0.4	0.1	0.17300
binom	1	0.5	0.1	0.20900
binom	1	0.6	0.1	0.19600
binom	1	0.7	0.1	0.19200
binom	1	0.8	0.1	0.18400
binom	1	0.9	0.1	0.16200
binom	1	0	0.2	0.27600
binom	1	0.1	0.2	0.32700
binom	1	0.2	0.2	0.27400
binom	1	0.3	0.2	0.25100
binom	1	0.4	0.2	0.22500
binom	1	0.5	0.2	0.22600
binom	1	0.6	0.2	0.23800
binom	1	0.7	0.2	0.21600
binom	1	0.8	0.2	0.21000
binom	1	0.9	0.2	0.21000
