binom	1	0	0	0.01100
binom	1	0.1	0	0.03700
binom	1	0.2	0	0.07600
binom	1	0.3	0	0.10000
binom	1	0.4	0	0.12200
binom	1	0.5	0	0.11300
binom	1	0.6	0	0.16400
binom	1	0.7	0	0.14100
binom	1	0.8	0	0.13300
binom	1	0.9	0	0.13600
binom	1	0	0.05	0.10100
binom	1	0.1	0.05	0.07900
binom	1	0.2	0.05	0.10600
binom	1	0.3	0.05	0.11700
binom	1	0.4	0.05	0.17200
binom	1	0.5	0.05	0.17700
binom	1	0.6	0.05	0.15500
binom	1	0.7	0.05	0.16000
binom	1	0.8	0.05	0.16100
binom	1	0.9	0.05	0.15400
binom	1	0	0.1	0.18000
binom	1	0.1	0.1	0.16800
binom	1	0.2	0.1	0.14900
binom	1	0.3	0.1	0.14200
binom	1	0.4	0.1	0.18100
binom	1	0.5	0.1	0.18500
binom	1	0.6	0.1	0.16600
binom	1	0.7	0.1	0.20000
binom	1	0.8	0.1	0.18200
binom	1	0.9	0.1	0.17200
binom	1	0	0.2	0.29000
binom	1	0.1	0.2	0.30000
binom	1	0.2	0.2	0.24300
binom	1	0.3	0.2	0.26000
binom	1	0.4	0.2	0.19600
binom	1	0.5	0.2	0.22100
binom	1	0.6	0.2	0.24100
binom	1	0.7	0.2	0.22500
binom	1	0.8	0.2	0.21100
binom	1	0.9	0.2	0.21800
