binom	1	0	0	0.00900
binom	1	0.1	0	0.05300
binom	1	0.2	0	0.07400
binom	1	0.3	0	0.10400
binom	1	0.4	0	0.12400
binom	1	0.5	0	0.13800
binom	1	0.6	0	0.15600
binom	1	0.7	0	0.14100
binom	1	0.8	0	0.12100
binom	1	0.9	0	0.13900
binom	1	0	0.05	0.10100
binom	1	0.1	0.05	0.09000
binom	1	0.2	0.05	0.09700
binom	1	0.3	0.05	0.11800
binom	1	0.4	0.05	0.16300
binom	1	0.5	0.05	0.14300
binom	1	0.6	0.05	0.15400
binom	1	0.7	0.05	0.15300
binom	1	0.8	0.05	0.15700
binom	1	0.9	0.05	0.14200
binom	1	0	0.1	0.18300
binom	1	0.1	0.1	0.14200
binom	1	0.2	0.1	0.13600
binom	1	0.3	0.1	0.15900
binom	1	0.4	0.1	0.18600
binom	1	0.5	0.1	0.17700
binom	1	0.6	0.1	0.20400
binom	1	0.7	0.1	0.20500
binom	1	0.8	0.1	0.18200
binom	1	0.9	0.1	0.15800
binom	1	0	0.2	0.30600
binom	1	0.1	0.2	0.30100
binom	1	0.2	0.2	0.29200
binom	1	0.3	0.2	0.21800
binom	1	0.4	0.2	0.22400
binom	1	0.5	0.2	0.22700
binom	1	0.6	0.2	0.23100
binom	1	0.7	0.2	0.22400
binom	1	0.8	0.2	0.22400
binom	1	0.9	0.2	0.23200
