binom	1	0	0	0.01300
binom	1	0.1	0	0.04600
binom	1	0.2	0	0.07700
binom	1	0.3	0	0.10500
binom	1	0.4	0	0.12500
binom	1	0.5	0	0.13300
binom	1	0.6	0	0.12700
binom	1	0.7	0	0.15400
binom	1	0.8	0	0.14400
binom	1	0.9	0	0.13000
binom	1	0	0.05	0.10400
binom	1	0.1	0.05	0.06800
binom	1	0.2	0.05	0.11200
binom	1	0.3	0.05	0.13700
binom	1	0.4	0.05	0.16700
binom	1	0.5	0.05	0.16700
binom	1	0.6	0.05	0.14400
binom	1	0.7	0.05	0.15300
binom	1	0.8	0.05	0.16300
binom	1	0.9	0.05	0.16100
binom	1	0	0.1	0.16200
binom	1	0.1	0.1	0.18100
binom	1	0.2	0.1	0.13500
binom	1	0.3	0.1	0.16500
binom	1	0.4	0.1	0.17400
binom	1	0.5	0.1	0.18400
binom	1	0.6	0.1	0.17700
binom	1	0.7	0.1	0.17900
binom	1	0.8	0.1	0.19100
binom	1	0.9	0.1	0.18900
binom	1	0	0.2	0.30300
binom	1	0.1	0.2	0.29100
binom	1	0.2	0.2	0.27600
binom	1	0.3	0.2	0.22400
binom	1	0.4	0.2	0.20100
binom	1	0.5	0.2	0.23600
binom	1	0.6	0.2	0.23400
binom	1	0.7	0.2	0.21400
binom	1	0.8	0.2	0.25200
binom	1	0.9	0.2	0.22200
