binom	1	0	0	0.00900
binom	1	0.1	0	0.03900
binom	1	0.2	0	0.07600
binom	1	0.3	0	0.09400
binom	1	0.4	0	0.13500
binom	1	0.5	0	0.12300
binom	1	0.6	0	0.15700
binom	1	0.7	0	0.16000
binom	1	0.8	0	0.13400
binom	1	0.9	0	0.13000
binom	1	0	0.05	0.09300
binom	1	0.1	0.05	0.07900
binom	1	0.2	0.05	0.10100
binom	1	0.3	0.05	0.13900
binom	1	0.4	0.05	0.16700
binom	1	0.5	0.05	0.17000
binom	1	0.6	0.05	0.16900
binom	1	0.7	0.05	0.16800
binom	1	0.8	0.05	0.14900
binom	1	0.9	0.05	0.18200
binom	1	0	0.1	0.17600
binom	1	0.1	0.1	0.16500
binom	1	0.2	0.1	0.15000
binom	1	0.3	0.1	0.17300
binom	1	0.4	0.1	0.18700
binom	1	0.5	0.1	0.17700
binom	1	0.6	0.1	0.20800
binom	1	0.7	0.1	0.17100
binom	1	0.8	0.1	0.20900
binom	1	0.9	0.1	0.18000
binom	1	0	0.2	0.30000
binom	1	0.1	0.2	0.26500
binom	1	0.2	0.2	0.26100
binom	1	0.3	0.2	0.25700
binom	1	0.4	0.2	0.22500
binom	1	0.5	0.2	0.23000
binom	1	0.6	0.2	0.22200
binom	1	0.7	0.2	0.23400
binom	1	0.8	0.2	0.22200
binom	1	0.9	0.2	0.21400
