binom	1	0	0	0.01000
binom	1	0.1	0	0.03500
binom	1	0.2	0	0.08100
binom	1	0.3	0	0.09500
binom	1	0.4	0	0.13400
binom	1	0.5	0	0.13300
binom	1	0.6	0	0.15100
binom	1	0.7	0	0.15700
binom	1	0.8	0	0.14800
binom	1	0.9	0	0.13200
binom	1	0	0.05	0.09400
binom	1	0.1	0.05	0.09100
binom	1	0.2	0.05	0.12000
binom	1	0.3	0.05	0.15800
binom	1	0.4	0.05	0.17000
binom	1	0.5	0.05	0.15600
binom	1	0.6	0.05	0.16000
binom	1	0.7	0.05	0.16600
binom	1	0.8	0.05	0.18900
binom	1	0.9	0.05	0.16800
binom	1	0	0.1	0.17800
binom	1	0.1	0.1	0.15600
binom	1	0.2	0.1	0.15600
binom	1	0.3	0.1	0.17000
binom	1	0.4	0.1	0.15600
binom	1	0.5	0.1	0.18000
binom	1	0.6	0.1	0.21500
binom	1	0.7	0.1	0.18100
binom	1	0.8	0.1	0.19700
binom	1	0.9	0.1	0.15800
binom	1	0	0.2	0.29700
binom	1	0.1	0.2	0.28400
binom	1	0.2	0.2	0.25500
binom	1	0.3	0.2	0.25100
binom	1	0.4	0.2	0.23800
binom	1	0.5	0.2	0.23500
binom	1	0.6	0.2	0.23100
binom	1	0.7	0.2	0.25500
binom	1	0.8	0.2	0.20900
binom	1	0.9	0.2	0.19500
