binom	1	0	0	0.01400
binom	1	0.1	0	0.04600
binom	1	0.2	0	0.07400
binom	1	0.3	0	0.10100
binom	1	0.4	0	0.12400
binom	1	0.5	0	0.14700
binom	1	0.6	0	0.14200
binom	1	0.7	0	0.13300
binom	1	0.8	0	0.14600
binom	1	0.9	0	0.13400
binom	1	0	0.05	0.09800
binom	1	0.1	0.05	0.09100
binom	1	0.2	0.05	0.10200
binom	1	0.3	0.05	0.14600
binom	1	0.4	0.05	0.16100
binom	1	0.5	0.05	0.15300
binom	1	0.6	0.05	0.17300
binom	1	0.7	0.05	0.17800
binom	1	0.8	0.05	0.18600
binom	1	0.9	0.05	0.14400
binom	1	0	0.1	0.18000
binom	1	0.1	0.1	0.16600
binom	1	0.2	0.1	0.13700
binom	1	0.3	0.1	0.16600
binom	1	0.4	0.1	0.16500
binom	1	0.5	0.1	0.19600
binom	1	0.6	0.1	0.21900
binom	1	0.7	0.1	0.21900
binom	1	0.8	0.1	0.18600
binom	1	0.9	0.1	0.17800
binom	1	0	0.2	0.31300
binom	1	0.1	0.2	0.30000
binom	1	0.2	0.2	0.29100
binom	1	0.3	0.2	0.23800
binom	1	0.4	0.2	0.22600
binom	1	0.5	0.2	0.22000
binom	1	0.6	0.2	0.25800
binom	1	0.7	0.2	0.23900
binom	1	0.8	0.2	0.23300
binom	1	0.9	0.2	0.20900
