binom	1	0	0	0.00900
binom	1	0.1	0	0.03000
binom	1	0.2	0	0.07800
binom	1	0.3	0	0.10100
binom	1	0.4	0	0.12300
binom	1	0.5	0	0.12600
binom	1	0.6	0	0.15100
binom	1	0.7	0	0.14800
binom	1	0.8	0	0.15600
binom	1	0.9	0	0.14000
binom	1	0	0.05	0.09500
binom	1	0.1	0.05	0.10500
binom	1	0.2	0.05	0.13200
binom	1	0.3	0.05	0.13100
binom	1	0.4	0.05	0.14600
binom	1	0.5	0.05	0.16800
binom	1	0.6	0.05	0.16100
binom	1	0.7	0.05	0.16500
binom	1	0.8	0.05	0.14600
binom	1	0.9	0.05	0.14500
binom	1	0	0.1	0.14800
binom	1	0.1	0.1	0.14700
binom	1	0.2	0.1	0.15700
binom	1	0.3	0.1	0.17900
binom	1	0.4	0.1	0.18500
binom	1	0.5	0.1	0.18400
binom	1	0.6	0.1	0.18800
binom	1	0.7	0.1	0.19200
binom	1	0.8	0.1	0.17300
binom	1	0.9	0.1	0.15900
binom	1	0	0.2	0.29000
binom	1	0.1	0.2	0.26700
binom	1	0.2	0.2	0.27500
binom	1	0.3	0.2	0.24600
binom	1	0.4	0.2	0.22300
binom	1	0.5	0.2	0.23800
binom	1	0.6	0.2	0.22100
binom	1	0.7	0.2	0.24900
binom	1	0.8	0.2	0.22100
binom	1	0.9	0.2	0.21000
