binom	1	0	0	0.01300
binom	1	0.1	0	0.05100
binom	1	0.2	0	0.07000
binom	1	0.3	0	0.10800
binom	1	0.4	0	0.12600
binom	1	0.5	0	0.14100
binom	1	0.6	0	0.15100
binom	1	0.7	0	0.13900
binom	1	0.8	0	0.14300
binom	1	0.9	0	0.13100
binom	1	0	0.05	0.09500
binom	1	0.1	0.05	0.08100
binom	1	0.2	0.05	0.10800
binom	1	0.3	0.05	0.12800
binom	1	0.4	0.05	0.15900
binom	1	0.5	0.05	0.15900
binom	1	0.6	0.05	0.17300
binom	1	0.7	0.05	0.14500
binom	1	0.8	0.05	0.17400
binom	1	0.9	0.05	0.15400
binom	1	0	0.1	0.16000
binom	1	0.1	0.1	0.15000
binom	1	0.2	0.1	0.14800
binom	1	0.3	0.1	0.16300
binom	1	0.4	0.1	0.17800
binom	1	0.5	0.1	0.18400
binom	1	0.6	0.1	0.18400
binom	1	0.7	0.1	0.17500
binom	1	0.8	0.1	0.21900
binom	1	0.9	0.1	0.16500
binom	1	0	0.2	0.29600
binom	1	0.1	0.2	0.31300
binom	1	0.2	0.2	0.28600
binom	1	0.3	0.2	0.25500
binom	1	0.4	0.2	0.22600
binom	1	0.5	0.2	0.23500
binom	1	0.6	0.2	0.20700
binom	1	0.7	0.2	0.22300
binom	1	0.8	0.2	0.21000
binom	1	0.9	0.2	0.21300
