binom	1	0	0	0.00400
binom	1	0.1	0	0.04700
binom	1	0.2	0	0.08000
binom	1	0.3	0	0.10800
binom	1	0.4	0	0.12900
binom	1	0.5	0	0.13000
binom	1	0.6	0	0.15400
binom	1	0.7	0	0.12800
binom	1	0.8	0	0.15000
binom	1	0.9	0	0.13900
binom	1	0	0.05	0.09500
binom	1	0.1	0.05	0.08700
binom	1	0.2	0.05	0.14100
binom	1	0.3	0.05	0.13800
binom	1	0.4	0.05	0.16100
binom	1	0.5	0.05	0.17500
binom	1	0.6	0.05	0.16600
binom	1	0.7	0.05	0.18900
binom	1	0.8	0.05	0.16200
binom	1	0.9	0.05	0.16200
binom	1	0	0.1	0.15800
binom	1	0.1	0.1	0.14300
binom	1	0.2	0.1	0.18400
binom	1	0.3	0.1	0.15200
binom	1	0.4	0.1	0.15800
binom	1	0.5	0.1	0.17900
binom	1	0.6	0.1	0.18000
binom	1	0.7	0.1	0.20300
binom	1	0.8	0.1	0.17400
binom	1	0.9	0.1	0.17700
binom	1	0	0.2	0.30800
binom	1	0.1	0.2	0.29300
binom	1	0.2	0.2	0.29400
binom	1	0.3	0.2	0.22400
binom	1	0.4	0.2	0.21300
binom	1	0.5	0.2	0.22700
binom	1	0.6	0.2	0.23000
binom	1	0.7	0.2	0.22600
binom	1	0.8	0.2	0.20200
binom	1	0.9	0.2	0.21100
