binom	1	0	0	0.01000
binom	1	0.1	0	0.03600
binom	1	0.2	0	0.06400
binom	1	0.3	0	0.10200
binom	1	0.4	0	0.11600
binom	1	0.5	0	0.12900
binom	1	0.6	0	0.13900
binom	1	0.7	0	0.15000
binom	1	0.8	0	0.13700
binom	1	0.9	0	0.12000
binom	1	0	0.05	0.10200
binom	1	0.1	0.05	0.08900
binom	1	0.2	0.05	0.11800
binom	1	0.3	0.05	0.14400
binom	1	0.4	0.05	0.15500
binom	1	0.5	0.05	0.16800
binom	1	0.6	0.05	0.17900
binom	1	0.7	0.05	0.16600
binom	1	0.8	0.05	0.16400
binom	1	0.9	0.05	0.15800
binom	1	0	0.1	0.17400
binom	1	0.1	0.1	0.14900
binom	1	0.2	0.1	0.14400
binom	1	0.3	0.1	0.17300
binom	1	0.4	0.1	0.16100
binom	1	0.5	0.1	0.20900
binom	1	0.6	0.1	0.19200
binom	1	0.7	0.1	0.18800
binom	1	0.8	0.1	0.20000
binom	1	0.9	0.1	0.16200
binom	1	0	0.2	0.28500
binom	1	0.1	0.2	0.29800
binom	1	0.2	0.2	0.30000
binom	1	0.3	0.2	0.22800
binom	1	0.4	0.2	0.25200
binom	1	0.5	0.2	0.22800
binom	1	0.6	0.2	0.23500
binom	1	0.7	0.2	0.23100
binom	1	0.8	0.2	0.22900
binom	1	0.9	0.2	0.20200
