binom	1	0	0	0.00600
binom	1	0.1	0	0.04400
binom	1	0.2	0	0.09500
binom	1	0.3	0	0.11300
binom	1	0.4	0	0.11500
binom	1	0.5	0	0.13300
binom	1	0.6	0	0.13400
binom	1	0.7	0	0.15400
binom	1	0.8	0	0.14300
binom	1	0.9	0	0.13600
binom	1	0	0.05	0.08800
binom	1	0.1	0.05	0.09100
binom	1	0.2	0.05	0.11000
binom	1	0.3	0.05	0.12100
binom	1	0.4	0.05	0.16900
binom	1	0.5	0.05	0.16700
binom	1	0.6	0.05	0.16700
binom	1	0.7	0.05	0.15800
binom	1	0.8	0.05	0.15400
binom	1	0.9	0.05	0.16900
binom	1	0	0.1	0.18900
binom	1	0.1	0.1	0.15800
binom	1	0.2	0.1	0.15200
binom	1	0.3	0.1	0.15000
binom	1	0.4	0.1	0.18500
binom	1	0.5	0.1	0.19300
binom	1	0.6	0.1	0.18100
binom	1	0.7	0.1	0.14700
binom	1	0.8	0.1	0.20400
binom	1	0.9	0.1	0.19300
binom	1	0	0.2	0.29500
binom	1	0.1	0.2	0.29100
binom	1	0.2	0.2	0.25000
binom	1	0.3	0.2	0.25300
binom	1	0.4	0.2	0.22300
binom	1	0.5	0.2	0.21900
binom	1	0.6	0.2	0.23100
binom	1	0.7	0.2	0.23200
binom	1	0.8	0.2	0.22900
binom	1	0.9	0.2	0.21000
