binom	1	0	0	0.01100
binom	1	0.1	0	0.03900
binom	1	0.2	0	0.08200
binom	1	0.3	0	0.10800
binom	1	0.4	0	0.12800
binom	1	0.5	0	0.13400
binom	1	0.6	0	0.14200
binom	1	0.7	0	0.14100
binom	1	0.8	0	0.13300
binom	1	0.9	0	0.13300
binom	1	0	0.05	0.10100
binom	1	0.1	0.05	0.07800
binom	1	0.2	0.05	0.12500
binom	1	0.3	0.05	0.15400
binom	1	0.4	0.05	0.14900
binom	1	0.5	0.05	0.15200
binom	1	0.6	0.05	0.16200
binom	1	0.7	0.05	0.14600
binom	1	0.8	0.05	0.17600
binom	1	0.9	0.05	0.16700
binom	1	0	0.1	0.16100
binom	1	0.1	0.1	0.17400
binom	1	0.2	0.1	0.17400
binom	1	0.3	0.1	0.16800
binom	1	0.4	0.1	0.17500
binom	1	0.5	0.1	0.21400
binom	1	0.6	0.1	0.20100
binom	1	0.7	0.1	0.20100
binom	1	0.8	0.1	0.17200
binom	1	0.9	0.1	0.18400
binom	1	0	0.2	0.27800
binom	1	0.1	0.2	0.27000
binom	1	0.2	0.2	0.28300
binom	1	0.3	0.2	0.24200
binom	1	0.4	0.2	0.20900
binom	1	0.5	0.2	0.22600
binom	1	0.6	0.2	0.25000
binom	1	0.7	0.2	0.24100
binom	1	0.8	0.2	0.22600
binom	1	0.9	0.2	0.23900
