binom	0.02180
binom	0.02380
binom	0.02560
binom	0.02100
binom	0.02200
binom	0.02160
binom	0.02280
binom	0.01740
binom	0.02540
binom	0.02140
binom	0.02080
binom	0.02740
binom	0.02120
binom	0.01960
binom	0.02320
binom	0.02060
binom	0.02320
binom	0.02060
binom	0.01860
binom	0.02240
binom	0.01940
binom	0.01960
binom	0.02240
binom	0.01780
binom	0.01940
binom	0.01840
binom	0.02320
binom	0.01860
binom	0.01760
binom	0.02100
binom	0.02300
binom	0.02080
binom	0.01800
binom	0.02020
binom	0.01700
binom	0.01720
binom	0.01680
binom	0.01600
binom	0.01540
binom	0.01520
binom	0.01660
binom	0.01800
binom	0.01720
binom	0.01680
binom	0.01780
binom	0.01720
binom	0.01620
binom	0.01760
binom	0.01600
binom	0.01380
binom	0.01460
