binom	1	0	0	0.00600
binom	1	0.1	0	0.04300
binom	1	0.2	0	0.07800
binom	1	0.3	0	0.11300
binom	1	0.4	0	0.13100
binom	1	0.5	0	0.14000
binom	1	0.6	0	0.16100
binom	1	0.7	0	0.14100
binom	1	0.8	0	0.14100
binom	1	0.9	0	0.13400
binom	1	0	0.05	0.08300
binom	1	0.1	0.05	0.09500
binom	1	0.2	0.05	0.11100
binom	1	0.3	0.05	0.13300
binom	1	0.4	0.05	0.16200
binom	1	0.5	0.05	0.16700
binom	1	0.6	0.05	0.16900
binom	1	0.7	0.05	0.17500
binom	1	0.8	0.05	0.16000
binom	1	0.9	0.05	0.16100
binom	1	0	0.1	0.16400
binom	1	0.1	0.1	0.16600
binom	1	0.2	0.1	0.17000
binom	1	0.3	0.1	0.16600
binom	1	0.4	0.1	0.17500
binom	1	0.5	0.1	0.18000
binom	1	0.6	0.1	0.20200
binom	1	0.7	0.1	0.18700
binom	1	0.8	0.1	0.18100
binom	1	0.9	0.1	0.17600
binom	1	0	0.2	0.29100
binom	1	0.1	0.2	0.30100
binom	1	0.2	0.2	0.27100
binom	1	0.3	0.2	0.24900
binom	1	0.4	0.2	0.23100
binom	1	0.5	0.2	0.21300
binom	1	0.6	0.2	0.23400
binom	1	0.7	0.2	0.23400
binom	1	0.8	0.2	0.24500
binom	1	0.9	0.2	0.21400
