binom	1	0	0	0.00700
binom	1	0.1	0	0.03600
binom	1	0.2	0	0.07500
binom	1	0.3	0	0.10700
binom	1	0.4	0	0.12700
binom	1	0.5	0	0.15200
binom	1	0.6	0	0.13500
binom	1	0.7	0	0.15400
binom	1	0.8	0	0.15800
binom	1	0.9	0	0.15300
binom	1	0	0.05	0.09900
binom	1	0.1	0.05	0.09000
binom	1	0.2	0.05	0.11300
binom	1	0.3	0.05	0.13900
binom	1	0.4	0.05	0.15500
binom	1	0.5	0.05	0.15100
binom	1	0.6	0.05	0.15000
binom	1	0.7	0.05	0.17200
binom	1	0.8	0.05	0.18300
binom	1	0.9	0.05	0.14200
binom	1	0	0.1	0.17600
binom	1	0.1	0.1	0.18800
binom	1	0.2	0.1	0.14900
binom	1	0.3	0.1	0.18000
binom	1	0.4	0.1	0.17500
binom	1	0.5	0.1	0.20700
binom	1	0.6	0.1	0.20100
binom	1	0.7	0.1	0.18900
binom	1	0.8	0.1	0.21200
binom	1	0.9	0.1	0.18000
binom	1	0	0.2	0.29600
binom	1	0.1	0.2	0.27700
binom	1	0.2	0.2	0.27000
binom	1	0.3	0.2	0.24700
binom	1	0.4	0.2	0.21600
binom	1	0.5	0.2	0.24500
binom	1	0.6	0.2	0.21800
binom	1	0.7	0.2	0.21700
binom	1	0.8	0.2	0.22500
binom	1	0.9	0.2	0.20100
