binom	1	0	0	0.01400
binom	1	0.1	0	0.05000
binom	1	0.2	0	0.07000
binom	1	0.3	0	0.11000
binom	1	0.4	0	0.11200
binom	1	0.5	0	0.12600
binom	1	0.6	0	0.15500
binom	1	0.7	0	0.12200
binom	1	0.8	0	0.15300
binom	1	0.9	0	0.14700
binom	1	0	0.05	0.09500
binom	1	0.1	0.05	0.09200
binom	1	0.2	0.05	0.14200
binom	1	0.3	0.05	0.12100
binom	1	0.4	0.05	0.13800
binom	1	0.5	0.05	0.16300
binom	1	0.6	0.05	0.14700
binom	1	0.7	0.05	0.18000
binom	1	0.8	0.05	0.15100
binom	1	0.9	0.05	0.14600
binom	1	0	0.1	0.15700
binom	1	0.1	0.1	0.16100
binom	1	0.2	0.1	0.13400
binom	1	0.3	0.1	0.17400
binom	1	0.4	0.1	0.18000
binom	1	0.5	0.1	0.17300
binom	1	0.6	0.1	0.16100
binom	1	0.7	0.1	0.19100
binom	1	0.8	0.1	0.18700
binom	1	0.9	0.1	0.17400
binom	1	0	0.2	0.30600
binom	1	0.1	0.2	0.27400
binom	1	0.2	0.2	0.27300
binom	1	0.3	0.2	0.27600
binom	1	0.4	0.2	0.23800
binom	1	0.5	0.2	0.26100
binom	1	0.6	0.2	0.23300
binom	1	0.7	0.2	0.22900
binom	1	0.8	0.2	0.22100
binom	1	0.9	0.2	0.22100
