binom	1	0	0	0.00600
binom	1	0.1	0	0.04600
binom	1	0.2	0	0.07900
binom	1	0.3	0	0.10600
binom	1	0.4	0	0.12800
binom	1	0.5	0	0.14200
binom	1	0.6	0	0.13900
binom	1	0.7	0	0.16900
binom	1	0.8	0	0.14100
binom	1	0.9	0	0.12600
binom	1	0	0.05	0.09300
binom	1	0.1	0.05	0.07900
binom	1	0.2	0.05	0.12100
binom	1	0.3	0.05	0.14200
binom	1	0.4	0.05	0.15500
binom	1	0.5	0.05	0.14700
binom	1	0.6	0.05	0.14800
binom	1	0.7	0.05	0.16700
binom	1	0.8	0.05	0.16600
binom	1	0.9	0.05	0.15000
binom	1	0	0.1	0.16700
binom	1	0.1	0.1	0.13400
binom	1	0.2	0.1	0.16700
binom	1	0.3	0.1	0.16000
binom	1	0.4	0.1	0.17200
binom	1	0.5	0.1	0.19000
binom	1	0.6	0.1	0.18600
binom	1	0.7	0.1	0.18700
binom	1	0.8	0.1	0.18400
binom	1	0.9	0.1	0.19000
binom	1	0	0.2	0.29800
binom	1	0.1	0.2	0.31300
binom	1	0.2	0.2	0.26700
binom	1	0.3	0.2	0.23200
binom	1	0.4	0.2	0.22800
binom	1	0.5	0.2	0.25100
binom	1	0.6	0.2	0.23100
binom	1	0.7	0.2	0.20700
binom	1	0.8	0.2	0.24100
binom	1	0.9	0.2	0.21800
