binom	1	0	0	0.01100
binom	1	0.1	0	0.04400
binom	1	0.2	0	0.08000
binom	1	0.3	0	0.11900
binom	1	0.4	0	0.12600
binom	1	0.5	0	0.13400
binom	1	0.6	0	0.12100
binom	1	0.7	0	0.15000
binom	1	0.8	0	0.13400
binom	1	0.9	0	0.11900
binom	1	0	0.05	0.08100
binom	1	0.1	0.05	0.09500
binom	1	0.2	0.05	0.11000
binom	1	0.3	0.05	0.13500
binom	1	0.4	0.05	0.16300
binom	1	0.5	0.05	0.16300
binom	1	0.6	0.05	0.14400
binom	1	0.7	0.05	0.16600
binom	1	0.8	0.05	0.15100
binom	1	0.9	0.05	0.14900
binom	1	0	0.1	0.17600
binom	1	0.1	0.1	0.14600
binom	1	0.2	0.1	0.15400
binom	1	0.3	0.1	0.14800
binom	1	0.4	0.1	0.15600
binom	1	0.5	0.1	0.18300
binom	1	0.6	0.1	0.18500
binom	1	0.7	0.1	0.19200
binom	1	0.8	0.1	0.17400
binom	1	0.9	0.1	0.18000
binom	1	0	0.2	0.29800
binom	1	0.1	0.2	0.32100
binom	1	0.2	0.2	0.26400
binom	1	0.3	0.2	0.22600
binom	1	0.4	0.2	0.23800
binom	1	0.5	0.2	0.23900
binom	1	0.6	0.2	0.25300
binom	1	0.7	0.2	0.22600
binom	1	0.8	0.2	0.20900
binom	1	0.9	0.2	0.21600
