binom	1	0	0	0.01200
binom	1	0.1	0	0.04700
binom	1	0.2	0	0.10300
binom	1	0.3	0	0.10200
binom	1	0.4	0	0.11500
binom	1	0.5	0	0.14600
binom	1	0.6	0	0.16600
binom	1	0.7	0	0.12300
binom	1	0.8	0	0.14000
binom	1	0.9	0	0.14300
binom	1	0	0.05	0.09400
binom	1	0.1	0.05	0.07800
binom	1	0.2	0.05	0.12400
binom	1	0.3	0.05	0.14500
binom	1	0.4	0.05	0.14800
binom	1	0.5	0.05	0.15900
binom	1	0.6	0.05	0.16700
binom	1	0.7	0.05	0.19000
binom	1	0.8	0.05	0.16400
binom	1	0.9	0.05	0.14800
binom	1	0	0.1	0.17300
binom	1	0.1	0.1	0.16900
binom	1	0.2	0.1	0.16300
binom	1	0.3	0.1	0.17700
binom	1	0.4	0.1	0.16000
binom	1	0.5	0.1	0.20200
binom	1	0.6	0.1	0.19500
binom	1	0.7	0.1	0.17400
binom	1	0.8	0.1	0.16700
binom	1	0.9	0.1	0.16000
binom	1	0	0.2	0.31400
binom	1	0.1	0.2	0.28100
binom	1	0.2	0.2	0.29700
binom	1	0.3	0.2	0.23600
binom	1	0.4	0.2	0.24600
binom	1	0.5	0.2	0.24300
binom	1	0.6	0.2	0.24800
binom	1	0.7	0.2	0.22900
binom	1	0.8	0.2	0.21900
binom	1	0.9	0.2	0.21600
