binom	1	0	0	0.00900
binom	1	0.1	0	0.04800
binom	1	0.2	0	0.07500
binom	1	0.3	0	0.10300
binom	1	0.4	0	0.12700
binom	1	0.5	0	0.13800
binom	1	0.6	0	0.13000
binom	1	0.7	0	0.12900
binom	1	0.8	0	0.15700
binom	1	0.9	0	0.14300
binom	1	0	0.05	0.08900
binom	1	0.1	0.05	0.07500
binom	1	0.2	0.05	0.10200
binom	1	0.3	0.05	0.13900
binom	1	0.4	0.05	0.16200
binom	1	0.5	0.05	0.14600
binom	1	0.6	0.05	0.17300
binom	1	0.7	0.05	0.15800
binom	1	0.8	0.05	0.17600
binom	1	0.9	0.05	0.16200
binom	1	0	0.1	0.19400
binom	1	0.1	0.1	0.15100
binom	1	0.2	0.1	0.13300
binom	1	0.3	0.1	0.16500
binom	1	0.4	0.1	0.18500
binom	1	0.5	0.1	0.17000
binom	1	0.6	0.1	0.18700
binom	1	0.7	0.1	0.17200
binom	1	0.8	0.1	0.19300
binom	1	0.9	0.1	0.18500
binom	1	0	0.2	0.28400
binom	1	0.1	0.2	0.28500
binom	1	0.2	0.2	0.28500
binom	1	0.3	0.2	0.24800
binom	1	0.4	0.2	0.20800
binom	1	0.5	0.2	0.22500
binom	1	0.6	0.2	0.21400
binom	1	0.7	0.2	0.23300
binom	1	0.8	0.2	0.23500
binom	1	0.9	0.2	0.21500
