binom	1	0	0	0.01300
binom	1	0.1	0	0.05200
binom	1	0.2	0	0.09600
binom	1	0.3	0	0.10400
binom	1	0.4	0	0.11100
binom	1	0.5	0	0.13500
binom	1	0.6	0	0.14600
binom	1	0.7	0	0.14600
binom	1	0.8	0	0.16800
binom	1	0.9	0	0.12600
binom	1	0	0.05	0.10100
binom	1	0.1	0.05	0.09100
binom	1	0.2	0.05	0.10300
binom	1	0.3	0.05	0.14200
binom	1	0.4	0.05	0.16400
binom	1	0.5	0.05	0.15600
binom	1	0.6	0.05	0.16200
binom	1	0.7	0.05	0.17600
binom	1	0.8	0.05	0.17400
binom	1	0.9	0.05	0.14600
binom	1	0	0.1	0.17200
binom	1	0.1	0.1	0.17900
binom	1	0.2	0.1	0.14300
binom	1	0.3	0.1	0.16800
binom	1	0.4	0.1	0.17300
binom	1	0.5	0.1	0.17100
binom	1	0.6	0.1	0.21100
binom	1	0.7	0.1	0.18200
binom	1	0.8	0.1	0.19000
binom	1	0.9	0.1	0.16900
binom	1	0	0.2	0.28200
binom	1	0.1	0.2	0.28700
binom	1	0.2	0.2	0.25700
binom	1	0.3	0.2	0.21300
binom	1	0.4	0.2	0.22400
binom	1	0.5	0.2	0.20900
binom	1	0.6	0.2	0.23200
binom	1	0.7	0.2	0.22500
binom	1	0.8	0.2	0.22800
binom	1	0.9	0.2	0.21400
