binom	1	0	0	0.00900
binom	1	0.1	0	0.06100
binom	1	0.2	0	0.07200
binom	1	0.3	0	0.11500
binom	1	0.4	0	0.14100
binom	1	0.5	0	0.12600
binom	1	0.6	0	0.16500
binom	1	0.7	0	0.12900
binom	1	0.8	0	0.12400
binom	1	0.9	0	0.14600
binom	1	0	0.05	0.09200
binom	1	0.1	0.05	0.08500
binom	1	0.2	0.05	0.10500
binom	1	0.3	0.05	0.16400
binom	1	0.4	0.05	0.16500
binom	1	0.5	0.05	0.15900
binom	1	0.6	0.05	0.17300
binom	1	0.7	0.05	0.16500
binom	1	0.8	0.05	0.17200
binom	1	0.9	0.05	0.16200
binom	1	0	0.1	0.17400
binom	1	0.1	0.1	0.14800
binom	1	0.2	0.1	0.13400
binom	1	0.3	0.1	0.15600
binom	1	0.4	0.1	0.16700
binom	1	0.5	0.1	0.17600
binom	1	0.6	0.1	0.21300
binom	1	0.7	0.1	0.19200
binom	1	0.8	0.1	0.18400
binom	1	0.9	0.1	0.16800
binom	1	0	0.2	0.30200
binom	1	0.1	0.2	0.28000
binom	1	0.2	0.2	0.27900
binom	1	0.3	0.2	0.22100
binom	1	0.4	0.2	0.23100
binom	1	0.5	0.2	0.22700
binom	1	0.6	0.2	0.24000
binom	1	0.7	0.2	0.24600
binom	1	0.8	0.2	0.21800
binom	1	0.9	0.2	0.23500
