binom	1	0	0	0.01200
binom	1	0.1	0	0.04100
binom	1	0.2	0	0.06500
binom	1	0.3	0	0.10900
binom	1	0.4	0	0.13500
binom	1	0.5	0	0.14000
binom	1	0.6	0	0.12700
binom	1	0.7	0	0.14700
binom	1	0.8	0	0.12800
binom	1	0.9	0	0.14400
binom	1	0	0.05	0.08100
binom	1	0.1	0.05	0.07300
binom	1	0.2	0.05	0.11400
binom	1	0.3	0.05	0.16300
binom	1	0.4	0.05	0.15300
binom	1	0.5	0.05	0.15000
binom	1	0.6	0.05	0.15500
binom	1	0.7	0.05	0.17500
binom	1	0.8	0.05	0.15600
binom	1	0.9	0.05	0.15100
binom	1	0	0.1	0.16800
binom	1	0.1	0.1	0.16400
binom	1	0.2	0.1	0.16200
binom	1	0.3	0.1	0.18500
binom	1	0.4	0.1	0.16100
binom	1	0.5	0.1	0.19600
binom	1	0.6	0.1	0.20600
binom	1	0.7	0.1	0.21300
binom	1	0.8	0.1	0.19300
binom	1	0.9	0.1	0.19800
binom	1	0	0.2	0.25900
binom	1	0.1	0.2	0.31400
binom	1	0.2	0.2	0.25200
binom	1	0.3	0.2	0.24200
binom	1	0.4	0.2	0.24600
binom	1	0.5	0.2	0.24200
binom	1	0.6	0.2	0.27100
binom	1	0.7	0.2	0.21200
binom	1	0.8	0.2	0.19600
binom	1	0.9	0.2	0.22500
