binom	1	0	0	0.00600
binom	1	0.1	0	0.05000
binom	1	0.2	0	0.07600
binom	1	0.3	0	0.10200
binom	1	0.4	0	0.12900
binom	1	0.5	0	0.13400
binom	1	0.6	0	0.16100
binom	1	0.7	0	0.14700
binom	1	0.8	0	0.13100
binom	1	0.9	0	0.13700
binom	1	0	0.05	0.09500
binom	1	0.1	0.05	0.09300
binom	1	0.2	0.05	0.11300
binom	1	0.3	0.05	0.13400
binom	1	0.4	0.05	0.15500
binom	1	0.5	0.05	0.16200
binom	1	0.6	0.05	0.15600
binom	1	0.7	0.05	0.16300
binom	1	0.8	0.05	0.15200
binom	1	0.9	0.05	0.15300
binom	1	0	0.1	0.14600
binom	1	0.1	0.1	0.15600
binom	1	0.2	0.1	0.13800
binom	1	0.3	0.1	0.16400
binom	1	0.4	0.1	0.15700
binom	1	0.5	0.1	0.21400
binom	1	0.6	0.1	0.20100
binom	1	0.7	0.1	0.17800
binom	1	0.8	0.1	0.18700
binom	1	0.9	0.1	0.17400
binom	1	0	0.2	0.30000
binom	1	0.1	0.2	0.30000
binom	1	0.2	0.2	0.27000
binom	1	0.3	0.2	0.25100
binom	1	0.4	0.2	0.23700
binom	1	0.5	0.2	0.25800
binom	1	0.6	0.2	0.25000
binom	1	0.7	0.2	0.21900
binom	1	0.8	0.2	0.23200
binom	1	0.9	0.2	0.18500
