binom	1	0	0	0.00700
binom	1	0.1	0	0.04400
binom	1	0.2	0	0.08400
binom	1	0.3	0	0.09200
binom	1	0.4	0	0.11900
binom	1	0.5	0	0.13900
binom	1	0.6	0	0.15900
binom	1	0.7	0	0.15200
binom	1	0.8	0	0.13800
binom	1	0.9	0	0.15500
binom	1	0	0.05	0.08900
binom	1	0.1	0.05	0.07900
binom	1	0.2	0.05	0.10100
binom	1	0.3	0.05	0.14700
binom	1	0.4	0.05	0.15300
binom	1	0.5	0.05	0.14700
binom	1	0.6	0.05	0.16000
binom	1	0.7	0.05	0.16800
binom	1	0.8	0.05	0.14600
binom	1	0.9	0.05	0.15900
binom	1	0	0.1	0.20500
binom	1	0.1	0.1	0.17600
binom	1	0.2	0.1	0.13500
binom	1	0.3	0.1	0.17200
binom	1	0.4	0.1	0.18800
binom	1	0.5	0.1	0.20000
binom	1	0.6	0.1	0.21200
binom	1	0.7	0.1	0.18300
binom	1	0.8	0.1	0.18900
binom	1	0.9	0.1	0.17600
binom	1	0	0.2	0.30000
binom	1	0.1	0.2	0.28100
binom	1	0.2	0.2	0.25200
binom	1	0.3	0.2	0.24800
binom	1	0.4	0.2	0.22300
binom	1	0.5	0.2	0.22800
binom	1	0.6	0.2	0.21000
binom	1	0.7	0.2	0.22600
binom	1	0.8	0.2	0.22400
binom	1	0.9	0.2	0.21200
