binom	1	0	0	0.01500
binom	1	0.1	0	0.04900
binom	1	0.2	0	0.06400
binom	1	0.3	0	0.10300
binom	1	0.4	0	0.11100
binom	1	0.5	0	0.15000
binom	1	0.6	0	0.12100
binom	1	0.7	0	0.13900
binom	1	0.8	0	0.13800
binom	1	0.9	0	0.13400
binom	1	0	0.05	0.10300
binom	1	0.1	0.05	0.09200
binom	1	0.2	0.05	0.11200
binom	1	0.3	0.05	0.15200
binom	1	0.4	0.05	0.16200
binom	1	0.5	0.05	0.16700
binom	1	0.6	0.05	0.18500
binom	1	0.7	0.05	0.16500
binom	1	0.8	0.05	0.16500
binom	1	0.9	0.05	0.14100
binom	1	0	0.1	0.16700
binom	1	0.1	0.1	0.16600
binom	1	0.2	0.1	0.14600
binom	1	0.3	0.1	0.16600
binom	1	0.4	0.1	0.17700
binom	1	0.5	0.1	0.19500
binom	1	0.6	0.1	0.20500
binom	1	0.7	0.1	0.18800
binom	1	0.8	0.1	0.19100
binom	1	0.9	0.1	0.18200
binom	1	0	0.2	0.31000
binom	1	0.1	0.2	0.28000
binom	1	0.2	0.2	0.26500
binom	1	0.3	0.2	0.25500
binom	1	0.4	0.2	0.23200
binom	1	0.5	0.2	0.23400
binom	1	0.6	0.2	0.25700
binom	1	0.7	0.2	0.22100
binom	1	0.8	0.2	0.22700
binom	1	0.9	0.2	0.19800
