binom	1	0	0	0.01400
binom	1	0.1	0	0.05200
binom	1	0.2	0	0.07500
binom	1	0.3	0	0.11400
binom	1	0.4	0	0.10000
binom	1	0.5	0	0.13300
binom	1	0.6	0	0.14800
binom	1	0.7	0	0.15600
binom	1	0.8	0	0.13900
binom	1	0.9	0	0.13200
binom	1	0	0.05	0.08400
binom	1	0.1	0.05	0.08800
binom	1	0.2	0.05	0.11300
binom	1	0.3	0.05	0.12800
binom	1	0.4	0.05	0.14900
binom	1	0.5	0.05	0.16100
binom	1	0.6	0.05	0.16400
binom	1	0.7	0.05	0.16700
binom	1	0.8	0.05	0.14500
binom	1	0.9	0.05	0.14600
binom	1	0	0.1	0.17300
binom	1	0.1	0.1	0.16700
binom	1	0.2	0.1	0.12300
binom	1	0.3	0.1	0.16200
binom	1	0.4	0.1	0.17200
binom	1	0.5	0.1	0.19100
binom	1	0.6	0.1	0.18000
binom	1	0.7	0.1	0.18500
binom	1	0.8	0.1	0.20600
binom	1	0.9	0.1	0.18700
binom	1	0	0.2	0.31600
binom	1	0.1	0.2	0.27600
binom	1	0.2	0.2	0.28600
binom	1	0.3	0.2	0.25300
binom	1	0.4	0.2	0.24800
binom	1	0.5	0.2	0.24100
binom	1	0.6	0.2	0.23900
binom	1	0.7	0.2	0.20800
binom	1	0.8	0.2	0.23400
binom	1	0.9	0.2	0.23600
