binom	1	0	0	0.01400
binom	1	0.1	0	0.04600
binom	1	0.2	0	0.08100
binom	1	0.3	0	0.08700
binom	1	0.4	0	0.13100
binom	1	0.5	0	0.13100
binom	1	0.6	0	0.14700
binom	1	0.7	0	0.15300
binom	1	0.8	0	0.14600
binom	1	0.9	0	0.13400
binom	1	0	0.05	0.09200
binom	1	0.1	0.05	0.08800
binom	1	0.2	0.05	0.11100
binom	1	0.3	0.05	0.16400
binom	1	0.4	0.05	0.15100
binom	1	0.5	0.05	0.17400
binom	1	0.6	0.05	0.17200
binom	1	0.7	0.05	0.16400
binom	1	0.8	0.05	0.16600
binom	1	0.9	0.05	0.15800
binom	1	0	0.1	0.17400
binom	1	0.1	0.1	0.15300
binom	1	0.2	0.1	0.15600
binom	1	0.3	0.1	0.15700
binom	1	0.4	0.1	0.19400
binom	1	0.5	0.1	0.18800
binom	1	0.6	0.1	0.18700
binom	1	0.7	0.1	0.17100
binom	1	0.8	0.1	0.19100
binom	1	0.9	0.1	0.16400
binom	1	0	0.2	0.29700
binom	1	0.1	0.2	0.28000
binom	1	0.2	0.2	0.27000
binom	1	0.3	0.2	0.23600
binom	1	0.4	0.2	0.25600
binom	1	0.5	0.2	0.22200
binom	1	0.6	0.2	0.21500
binom	1	0.7	0.2	0.25000
binom	1	0.8	0.2	0.23000
binom	1	0.9	0.2	0.21300
