binom	1	0	0	0.01200
binom	1	0.1	0	0.05400
binom	1	0.2	0	0.08200
binom	1	0.3	0	0.10300
binom	1	0.4	0	0.12500
binom	1	0.5	0	0.13300
binom	1	0.6	0	0.15400
binom	1	0.7	0	0.14400
binom	1	0.8	0	0.15000
binom	1	0.9	0	0.13300
binom	1	0	0.05	0.08300
binom	1	0.1	0.05	0.08900
binom	1	0.2	0.05	0.13400
binom	1	0.3	0.05	0.14200
binom	1	0.4	0.05	0.16200
binom	1	0.5	0.05	0.14500
binom	1	0.6	0.05	0.18000
binom	1	0.7	0.05	0.15800
binom	1	0.8	0.05	0.15800
binom	1	0.9	0.05	0.12700
binom	1	0	0.1	0.16200
binom	1	0.1	0.1	0.15900
binom	1	0.2	0.1	0.14300
binom	1	0.3	0.1	0.17600
binom	1	0.4	0.1	0.18600
binom	1	0.5	0.1	0.19100
binom	1	0.6	0.1	0.20100
binom	1	0.7	0.1	0.19200
binom	1	0.8	0.1	0.19000
binom	1	0.9	0.1	0.19400
binom	1	0	0.2	0.30200
binom	1	0.1	0.2	0.29900
binom	1	0.2	0.2	0.27300
binom	1	0.3	0.2	0.25000
binom	1	0.4	0.2	0.19100
binom	1	0.5	0.2	0.23900
binom	1	0.6	0.2	0.23300
binom	1	0.7	0.2	0.22300
binom	1	0.8	0.2	0.22700
binom	1	0.9	0.2	0.21000
