binom	1	0	0	0.01300
binom	1	0.1	0	0.05400
binom	1	0.2	0	0.07600
binom	1	0.3	0	0.11300
binom	1	0.4	0	0.12400
binom	1	0.5	0	0.14300
binom	1	0.6	0	0.16100
binom	1	0.7	0	0.12300
binom	1	0.8	0	0.16100
binom	1	0.9	0	0.11900
binom	1	0	0.05	0.10100
binom	1	0.1	0.05	0.08200
binom	1	0.2	0.05	0.09400
binom	1	0.3	0.05	0.11600
binom	1	0.4	0.05	0.15600
binom	1	0.5	0.05	0.15900
binom	1	0.6	0.05	0.15800
binom	1	0.7	0.05	0.17700
binom	1	0.8	0.05	0.17100
binom	1	0.9	0.05	0.15400
binom	1	0	0.1	0.15800
binom	1	0.1	0.1	0.16100
binom	1	0.2	0.1	0.14900
binom	1	0.3	0.1	0.15100
binom	1	0.4	0.1	0.18300
binom	1	0.5	0.1	0.18000
binom	1	0.6	0.1	0.18100
binom	1	0.7	0.1	0.20400
binom	1	0.8	0.1	0.20000
binom	1	0.9	0.1	0.17800
binom	1	0	0.2	0.29700
binom	1	0.1	0.2	0.29300
binom	1	0.2	0.2	0.26400
binom	1	0.3	0.2	0.23800
binom	1	0.4	0.2	0.21300
binom	1	0.5	0.2	0.23300
binom	1	0.6	0.2	0.22500
binom	1	0.7	0.2	0.23400
binom	1	0.8	0.2	0.22500
binom	1	0.9	0.2	0.21900
