binom	1	0	0	0.01100
binom	1	0.1	0	0.04400
binom	1	0.2	0	0.07700
binom	1	0.3	0	0.11200
binom	1	0.4	0	0.12200
binom	1	0.5	0	0.13100
binom	1	0.6	0	0.14300
binom	1	0.7	0	0.14000
binom	1	0.8	0	0.12300
binom	1	0.9	0	0.12900
binom	1	0	0.05	0.10000
binom	1	0.1	0.05	0.09600
binom	1	0.2	0.05	0.12800
binom	1	0.3	0.05	0.14000
binom	1	0.4	0.05	0.18400
binom	1	0.5	0.05	0.15500
binom	1	0.6	0.05	0.18500
binom	1	0.7	0.05	0.16500
binom	1	0.8	0.05	0.15600
binom	1	0.9	0.05	0.16400
binom	1	0	0.1	0.18400
binom	1	0.1	0.1	0.16400
binom	1	0.2	0.1	0.13900
binom	1	0.3	0.1	0.18500
binom	1	0.4	0.1	0.16100
binom	1	0.5	0.1	0.20900
binom	1	0.6	0.1	0.19200
binom	1	0.7	0.1	0.18800
binom	1	0.8	0.1	0.20000
binom	1	0.9	0.1	0.17900
binom	1	0	0.2	0.29400
binom	1	0.1	0.2	0.29500
binom	1	0.2	0.2	0.29000
binom	1	0.3	0.2	0.26800
binom	1	0.4	0.2	0.21800
binom	1	0.5	0.2	0.22400
binom	1	0.6	0.2	0.23000
binom	1	0.7	0.2	0.23300
binom	1	0.8	0.2	0.22900
binom	1	0.9	0.2	0.21300
