binom	1	0	0	0.00700
binom	1	0.1	0	0.04300
binom	1	0.2	0	0.08200
binom	1	0.3	0	0.09800
binom	1	0.4	0	0.12500
binom	1	0.5	0	0.13700
binom	1	0.6	0	0.12700
binom	1	0.7	0	0.13700
binom	1	0.8	0	0.13900
binom	1	0.9	0	0.13800
binom	1	0	0.05	0.09800
binom	1	0.1	0.05	0.08900
binom	1	0.2	0.05	0.10900
binom	1	0.3	0.05	0.12600
binom	1	0.4	0.05	0.14100
binom	1	0.5	0.05	0.16200
binom	1	0.6	0.05	0.17900
binom	1	0.7	0.05	0.19000
binom	1	0.8	0.05	0.18000
binom	1	0.9	0.05	0.15000
binom	1	0	0.1	0.17000
binom	1	0.1	0.1	0.18400
binom	1	0.2	0.1	0.15300
binom	1	0.3	0.1	0.16700
binom	1	0.4	0.1	0.20200
binom	1	0.5	0.1	0.17100
binom	1	0.6	0.1	0.18500
binom	1	0.7	0.1	0.20100
binom	1	0.8	0.1	0.20200
binom	1	0.9	0.1	0.19200
binom	1	0	0.2	0.28700
binom	1	0.1	0.2	0.29800
binom	1	0.2	0.2	0.28100
binom	1	0.3	0.2	0.23500
binom	1	0.4	0.2	0.23500
binom	1	0.5	0.2	0.23200
binom	1	0.6	0.2	0.20800
binom	1	0.7	0.2	0.24500
binom	1	0.8	0.2	0.21400
binom	1	0.9	0.2	0.19400
