binom	1	0	0	0.01100
binom	1	0.1	0	0.04000
binom	1	0.2	0	0.08900
binom	1	0.3	0	0.11400
binom	1	0.4	0	0.14500
binom	1	0.5	0	0.12300
binom	1	0.6	0	0.15100
binom	1	0.7	0	0.14200
binom	1	0.8	0	0.12800
binom	1	0.9	0	0.12700
binom	1	0	0.05	0.08900
binom	1	0.1	0.05	0.08800
binom	1	0.2	0.05	0.11300
binom	1	0.3	0.05	0.14700
binom	1	0.4	0.05	0.15300
binom	1	0.5	0.05	0.17500
binom	1	0.6	0.05	0.18200
binom	1	0.7	0.05	0.16200
binom	1	0.8	0.05	0.19400
binom	1	0.9	0.05	0.16700
binom	1	0	0.1	0.16500
binom	1	0.1	0.1	0.14800
binom	1	0.2	0.1	0.15800
binom	1	0.3	0.1	0.16100
binom	1	0.4	0.1	0.16500
binom	1	0.5	0.1	0.19700
binom	1	0.6	0.1	0.22500
binom	1	0.7	0.1	0.18400
binom	1	0.8	0.1	0.20700
binom	1	0.9	0.1	0.16100
binom	1	0	0.2	0.28200
binom	1	0.1	0.2	0.31100
binom	1	0.2	0.2	0.29600
binom	1	0.3	0.2	0.24400
binom	1	0.4	0.2	0.21500
binom	1	0.5	0.2	0.23700
binom	1	0.6	0.2	0.24400
binom	1	0.7	0.2	0.22000
binom	1	0.8	0.2	0.23900
binom	1	0.9	0.2	0.21900
