binom	1	0	0	0.00500
binom	1	0.1	0	0.04500
binom	1	0.2	0	0.08800
binom	1	0.3	0	0.10800
binom	1	0.4	0	0.14500
binom	1	0.5	0	0.12800
binom	1	0.6	0	0.14800
binom	1	0.7	0	0.14400
binom	1	0.8	0	0.14700
binom	1	0.9	0	0.14000
binom	1	0	0.05	0.08800
binom	1	0.1	0.05	0.08500
binom	1	0.2	0.05	0.13100
binom	1	0.3	0.05	0.11100
binom	1	0.4	0.05	0.14000
binom	1	0.5	0.05	0.17400
binom	1	0.6	0.05	0.16300
binom	1	0.7	0.05	0.17100
binom	1	0.8	0.05	0.17600
binom	1	0.9	0.05	0.14300
binom	1	0	0.1	0.17600
binom	1	0.1	0.1	0.16200
binom	1	0.2	0.1	0.14400
binom	1	0.3	0.1	0.16600
binom	1	0.4	0.1	0.19600
binom	1	0.5	0.1	0.20900
binom	1	0.6	0.1	0.19900
binom	1	0.7	0.1	0.20000
binom	1	0.8	0.1	0.17100
binom	1	0.9	0.1	0.19100
binom	1	0	0.2	0.31200
binom	1	0.1	0.2	0.30600
binom	1	0.2	0.2	0.26000
binom	1	0.3	0.2	0.27900
binom	1	0.4	0.2	0.21600
binom	1	0.5	0.2	0.23900
binom	1	0.6	0.2	0.22500
binom	1	0.7	0.2	0.21900
binom	1	0.8	0.2	0.23500
binom	1	0.9	0.2	0.21900
