binom	1	0	0	0.01000
binom	1	0.1	0	0.04300
binom	1	0.2	0	0.07500
binom	1	0.3	0	0.10400
binom	1	0.4	0	0.13300
binom	1	0.5	0	0.13600
binom	1	0.6	0	0.15300
binom	1	0.7	0	0.14200
binom	1	0.8	0	0.14100
binom	1	0.9	0	0.12900
binom	1	0	0.05	0.10400
binom	1	0.1	0.05	0.09200
binom	1	0.2	0.05	0.10400
binom	1	0.3	0.05	0.14400
binom	1	0.4	0.05	0.13200
binom	1	0.5	0.05	0.13400
binom	1	0.6	0.05	0.15500
binom	1	0.7	0.05	0.16500
binom	1	0.8	0.05	0.17400
binom	1	0.9	0.05	0.16000
binom	1	0	0.1	0.17600
binom	1	0.1	0.1	0.15900
binom	1	0.2	0.1	0.14700
binom	1	0.3	0.1	0.15700
binom	1	0.4	0.1	0.14700
binom	1	0.5	0.1	0.18300
binom	1	0.6	0.1	0.19600
binom	1	0.7	0.1	0.19700
binom	1	0.8	0.1	0.18700
binom	1	0.9	0.1	0.16500
binom	1	0	0.2	0.28600
binom	1	0.1	0.2	0.30200
binom	1	0.2	0.2	0.26700
binom	1	0.3	0.2	0.22400
binom	1	0.4	0.2	0.22100
binom	1	0.5	0.2	0.21800
binom	1	0.6	0.2	0.21100
binom	1	0.7	0.2	0.24600
binom	1	0.8	0.2	0.21200
binom	1	0.9	0.2	0.23100
