binom	1	0	0	0.00900
binom	1	0.1	0	0.05400
binom	1	0.2	0	0.08500
binom	1	0.3	0	0.09900
binom	1	0.4	0	0.12000
binom	1	0.5	0	0.12600
binom	1	0.6	0	0.12500
binom	1	0.7	0	0.15200
binom	1	0.8	0	0.13700
binom	1	0.9	0	0.12600
binom	1	0	0.05	0.10100
binom	1	0.1	0.05	0.09000
binom	1	0.2	0.05	0.11500
binom	1	0.3	0.05	0.12300
binom	1	0.4	0.05	0.13900
binom	1	0.5	0.05	0.14300
binom	1	0.6	0.05	0.17600
binom	1	0.7	0.05	0.18100
binom	1	0.8	0.05	0.15500
binom	1	0.9	0.05	0.14800
binom	1	0	0.1	0.16600
binom	1	0.1	0.1	0.16400
binom	1	0.2	0.1	0.13400
binom	1	0.3	0.1	0.16000
binom	1	0.4	0.1	0.15000
binom	1	0.5	0.1	0.20100
binom	1	0.6	0.1	0.18300
binom	1	0.7	0.1	0.21100
binom	1	0.8	0.1	0.18900
binom	1	0.9	0.1	0.17700
binom	1	0	0.2	0.30100
binom	1	0.1	0.2	0.29100
binom	1	0.2	0.2	0.25300
binom	1	0.3	0.2	0.24100
binom	1	0.4	0.2	0.24000
binom	1	0.5	0.2	0.21000
binom	1	0.6	0.2	0.26000
binom	1	0.7	0.2	0.24000
binom	1	0.8	0.2	0.23900
binom	1	0.9	0.2	0.21700
