binom	1	0	0	0.00700
binom	1	0.1	0	0.04300
binom	1	0.2	0	0.07800
binom	1	0.3	0	0.09800
binom	1	0.4	0	0.11200
binom	1	0.5	0	0.14300
binom	1	0.6	0	0.15100
binom	1	0.7	0	0.14500
binom	1	0.8	0	0.16000
binom	1	0.9	0	0.14500
binom	1	0	0.05	0.09300
binom	1	0.1	0.05	0.08800
binom	1	0.2	0.05	0.10000
binom	1	0.3	0.05	0.13300
binom	1	0.4	0.05	0.12400
binom	1	0.5	0.05	0.15500
binom	1	0.6	0.05	0.15500
binom	1	0.7	0.05	0.18900
binom	1	0.8	0.05	0.17000
binom	1	0.9	0.05	0.16500
binom	1	0	0.1	0.16600
binom	1	0.1	0.1	0.16200
binom	1	0.2	0.1	0.14100
binom	1	0.3	0.1	0.16800
binom	1	0.4	0.1	0.16400
binom	1	0.5	0.1	0.18200
binom	1	0.6	0.1	0.19400
binom	1	0.7	0.1	0.19900
binom	1	0.8	0.1	0.17300
binom	1	0.9	0.1	0.17400
binom	1	0	0.2	0.31000
binom	1	0.1	0.2	0.28100
binom	1	0.2	0.2	0.28100
binom	1	0.3	0.2	0.23800
binom	1	0.4	0.2	0.21100
binom	1	0.5	0.2	0.21500
binom	1	0.6	0.2	0.22600
binom	1	0.7	0.2	0.19300
binom	1	0.8	0.2	0.22400
binom	1	0.9	0.2	0.23600
