binom	1	0	0	0.00900
binom	1	0.1	0	0.03300
binom	1	0.2	0	0.08200
binom	1	0.3	0	0.09200
binom	1	0.4	0	0.12700
binom	1	0.5	0	0.13300
binom	1	0.6	0	0.14000
binom	1	0.7	0	0.13300
binom	1	0.8	0	0.15500
binom	1	0.9	0	0.14800
binom	1	0	0.05	0.10700
binom	1	0.1	0.05	0.08800
binom	1	0.2	0.05	0.11500
binom	1	0.3	0.05	0.14300
binom	1	0.4	0.05	0.15600
binom	1	0.5	0.05	0.16400
binom	1	0.6	0.05	0.16700
binom	1	0.7	0.05	0.17800
binom	1	0.8	0.05	0.15800
binom	1	0.9	0.05	0.13900
binom	1	0	0.1	0.16700
binom	1	0.1	0.1	0.18200
binom	1	0.2	0.1	0.13900
binom	1	0.3	0.1	0.15200
binom	1	0.4	0.1	0.18900
binom	1	0.5	0.1	0.17300
binom	1	0.6	0.1	0.16700
binom	1	0.7	0.1	0.18700
binom	1	0.8	0.1	0.17700
binom	1	0.9	0.1	0.16900
binom	1	0	0.2	0.32100
binom	1	0.1	0.2	0.24400
binom	1	0.2	0.2	0.27700
binom	1	0.3	0.2	0.26600
binom	1	0.4	0.2	0.21600
binom	1	0.5	0.2	0.22100
binom	1	0.6	0.2	0.23700
binom	1	0.7	0.2	0.21700
binom	1	0.8	0.2	0.23500
binom	1	0.9	0.2	0.21300
