binom	1	0	0	0.01100
binom	1	0.1	0	0.04500
binom	1	0.2	0	0.07900
binom	1	0.3	0	0.08700
binom	1	0.4	0	0.13700
binom	1	0.5	0	0.15400
binom	1	0.6	0	0.15600
binom	1	0.7	0	0.13700
binom	1	0.8	0	0.12900
binom	1	0.9	0	0.11800
binom	1	0	0.05	0.08500
binom	1	0.1	0.05	0.10100
binom	1	0.2	0.05	0.10000
binom	1	0.3	0.05	0.14300
binom	1	0.4	0.05	0.16700
binom	1	0.5	0.05	0.18200
binom	1	0.6	0.05	0.16400
binom	1	0.7	0.05	0.16700
binom	1	0.8	0.05	0.17200
binom	1	0.9	0.05	0.15000
binom	1	0	0.1	0.16100
binom	1	0.1	0.1	0.15800
binom	1	0.2	0.1	0.15600
binom	1	0.3	0.1	0.15800
binom	1	0.4	0.1	0.18000
binom	1	0.5	0.1	0.17900
binom	1	0.6	0.1	0.17500
binom	1	0.7	0.1	0.18500
binom	1	0.8	0.1	0.18900
binom	1	0.9	0.1	0.19400
binom	1	0	0.2	0.30000
binom	1	0.1	0.2	0.30100
binom	1	0.2	0.2	0.28600
binom	1	0.3	0.2	0.25300
binom	1	0.4	0.2	0.25200
binom	1	0.5	0.2	0.22100
binom	1	0.6	0.2	0.22800
binom	1	0.7	0.2	0.20000
binom	1	0.8	0.2	0.22100
binom	1	0.9	0.2	0.22000
