binom	1	0	0	0.01200
binom	1	0.1	0	0.04600
binom	1	0.2	0	0.07800
binom	1	0.3	0	0.11000
binom	1	0.4	0	0.13800
binom	1	0.5	0	0.13500
binom	1	0.6	0	0.13400
binom	1	0.7	0	0.14100
binom	1	0.8	0	0.15300
binom	1	0.9	0	0.14300
binom	1	0	0.05	0.08900
binom	1	0.1	0.05	0.08700
binom	1	0.2	0.05	0.10100
binom	1	0.3	0.05	0.13000
binom	1	0.4	0.05	0.13900
binom	1	0.5	0.05	0.13600
binom	1	0.6	0.05	0.17900
binom	1	0.7	0.05	0.16800
binom	1	0.8	0.05	0.17100
binom	1	0.9	0.05	0.15900
binom	1	0	0.1	0.15900
binom	1	0.1	0.1	0.14100
binom	1	0.2	0.1	0.16000
binom	1	0.3	0.1	0.16800
binom	1	0.4	0.1	0.18100
binom	1	0.5	0.1	0.17400
binom	1	0.6	0.1	0.17900
binom	1	0.7	0.1	0.18400
binom	1	0.8	0.1	0.18500
binom	1	0.9	0.1	0.17400
binom	1	0	0.2	0.31400
binom	1	0.1	0.2	0.29400
binom	1	0.2	0.2	0.27800
binom	1	0.3	0.2	0.25900
binom	1	0.4	0.2	0.23300
binom	1	0.5	0.2	0.23700
binom	1	0.6	0.2	0.23200
binom	1	0.7	0.2	0.22700
binom	1	0.8	0.2	0.21300
binom	1	0.9	0.2	0.21100
