binom	1	0	0	0.01400
binom	1	0.1	0	0.05000
binom	1	0.2	0	0.09200
binom	1	0.3	0	0.10900
binom	1	0.4	0	0.12700
binom	1	0.5	0	0.12200
binom	1	0.6	0	0.12100
binom	1	0.7	0	0.14700
binom	1	0.8	0	0.14700
binom	1	0.9	0	0.14500
binom	1	0	0.05	0.09100
binom	1	0.1	0.05	0.08800
binom	1	0.2	0.05	0.09500
binom	1	0.3	0.05	0.15100
binom	1	0.4	0.05	0.15600
binom	1	0.5	0.05	0.15500
binom	1	0.6	0.05	0.17900
binom	1	0.7	0.05	0.14500
binom	1	0.8	0.05	0.16500
binom	1	0.9	0.05	0.15000
binom	1	0	0.1	0.16200
binom	1	0.1	0.1	0.16600
binom	1	0.2	0.1	0.14700
binom	1	0.3	0.1	0.17000
binom	1	0.4	0.1	0.17700
binom	1	0.5	0.1	0.18100
binom	1	0.6	0.1	0.19900
binom	1	0.7	0.1	0.18000
binom	1	0.8	0.1	0.20500
binom	1	0.9	0.1	0.17500
binom	1	0	0.2	0.32100
binom	1	0.1	0.2	0.29300
binom	1	0.2	0.2	0.28300
binom	1	0.3	0.2	0.27400
binom	1	0.4	0.2	0.22300
binom	1	0.5	0.2	0.23800
binom	1	0.6	0.2	0.24300
binom	1	0.7	0.2	0.21200
binom	1	0.8	0.2	0.21100
binom	1	0.9	0.2	0.20400
