binom	1	0	0	0.00800
binom	1	0.1	0	0.04700
binom	1	0.2	0	0.07600
binom	1	0.3	0	0.11100
binom	1	0.4	0	0.10300
binom	1	0.5	0	0.14600
binom	1	0.6	0	0.13900
binom	1	0.7	0	0.15600
binom	1	0.8	0	0.12900
binom	1	0.9	0	0.11900
binom	1	0	0.05	0.09000
binom	1	0.1	0.05	0.07700
binom	1	0.2	0.05	0.11700
binom	1	0.3	0.05	0.13900
binom	1	0.4	0.05	0.15900
binom	1	0.5	0.05	0.13800
binom	1	0.6	0.05	0.16900
binom	1	0.7	0.05	0.16300
binom	1	0.8	0.05	0.15700
binom	1	0.9	0.05	0.17000
binom	1	0	0.1	0.18700
binom	1	0.1	0.1	0.16900
binom	1	0.2	0.1	0.14400
binom	1	0.3	0.1	0.15800
binom	1	0.4	0.1	0.18600
binom	1	0.5	0.1	0.17300
binom	1	0.6	0.1	0.19000
binom	1	0.7	0.1	0.17200
binom	1	0.8	0.1	0.18600
binom	1	0.9	0.1	0.17700
binom	1	0	0.2	0.31600
binom	1	0.1	0.2	0.29500
binom	1	0.2	0.2	0.27100
binom	1	0.3	0.2	0.24400
binom	1	0.4	0.2	0.19400
binom	1	0.5	0.2	0.23500
binom	1	0.6	0.2	0.22600
binom	1	0.7	0.2	0.22800
binom	1	0.8	0.2	0.21700
binom	1	0.9	0.2	0.20200
