binom	1	0	0	0.00700
binom	1	0.1	0	0.05500
binom	1	0.2	0	0.08600
binom	1	0.3	0	0.09500
binom	1	0.4	0	0.13700
binom	1	0.5	0	0.13500
binom	1	0.6	0	0.14600
binom	1	0.7	0	0.14900
binom	1	0.8	0	0.13900
binom	1	0.9	0	0.14800
binom	1	0	0.05	0.10700
binom	1	0.1	0.05	0.08000
binom	1	0.2	0.05	0.11500
binom	1	0.3	0.05	0.13600
binom	1	0.4	0.05	0.17100
binom	1	0.5	0.05	0.14300
binom	1	0.6	0.05	0.18100
binom	1	0.7	0.05	0.17900
binom	1	0.8	0.05	0.17800
binom	1	0.9	0.05	0.16000
binom	1	0	0.1	0.18500
binom	1	0.1	0.1	0.16100
binom	1	0.2	0.1	0.15100
binom	1	0.3	0.1	0.15100
binom	1	0.4	0.1	0.17100
binom	1	0.5	0.1	0.17300
binom	1	0.6	0.1	0.19600
binom	1	0.7	0.1	0.18900
binom	1	0.8	0.1	0.18100
binom	1	0.9	0.1	0.16600
binom	1	0	0.2	0.30500
binom	1	0.1	0.2	0.29900
binom	1	0.2	0.2	0.26700
binom	1	0.3	0.2	0.24400
binom	1	0.4	0.2	0.22700
binom	1	0.5	0.2	0.22500
binom	1	0.6	0.2	0.24800
binom	1	0.7	0.2	0.20900
binom	1	0.8	0.2	0.22300
binom	1	0.9	0.2	0.20200
