binom	1	0	0	0.00900
binom	1	0.1	0	0.03400
binom	1	0.2	0	0.08000
binom	1	0.3	0	0.09800
binom	1	0.4	0	0.13300
binom	1	0.5	0	0.12500
binom	1	0.6	0	0.16000
binom	1	0.7	0	0.13200
binom	1	0.8	0	0.13200
binom	1	0.9	0	0.14300
binom	1	0	0.05	0.08100
binom	1	0.1	0.05	0.09200
binom	1	0.2	0.05	0.10500
binom	1	0.3	0.05	0.13600
binom	1	0.4	0.05	0.15300
binom	1	0.5	0.05	0.16400
binom	1	0.6	0.05	0.15000
binom	1	0.7	0.05	0.19400
binom	1	0.8	0.05	0.15200
binom	1	0.9	0.05	0.13700
binom	1	0	0.1	0.17800
binom	1	0.1	0.1	0.16400
binom	1	0.2	0.1	0.13200
binom	1	0.3	0.1	0.17900
binom	1	0.4	0.1	0.16500
binom	1	0.5	0.1	0.17000
binom	1	0.6	0.1	0.18900
binom	1	0.7	0.1	0.19000
binom	1	0.8	0.1	0.18500
binom	1	0.9	0.1	0.17800
binom	1	0	0.2	0.28300
binom	1	0.1	0.2	0.30300
binom	1	0.2	0.2	0.25700
binom	1	0.3	0.2	0.24600
binom	1	0.4	0.2	0.19600
binom	1	0.5	0.2	0.23600
binom	1	0.6	0.2	0.23800
binom	1	0.7	0.2	0.22100
binom	1	0.8	0.2	0.23800
binom	1	0.9	0.2	0.19200
