binom	1	0	0	0.01400
binom	1	0.1	0	0.04100
binom	1	0.2	0	0.08100
binom	1	0.3	0	0.10600
binom	1	0.4	0	0.12400
binom	1	0.5	0	0.14800
binom	1	0.6	0	0.14000
binom	1	0.7	0	0.14300
binom	1	0.8	0	0.13000
binom	1	0.9	0	0.15000
binom	1	0	0.05	0.09100
binom	1	0.1	0.05	0.07500
binom	1	0.2	0.05	0.11900
binom	1	0.3	0.05	0.13500
binom	1	0.4	0.05	0.15200
binom	1	0.5	0.05	0.17100
binom	1	0.6	0.05	0.16500
binom	1	0.7	0.05	0.17200
binom	1	0.8	0.05	0.15200
binom	1	0.9	0.05	0.15400
binom	1	0	0.1	0.17700
binom	1	0.1	0.1	0.16400
binom	1	0.2	0.1	0.13700
binom	1	0.3	0.1	0.15200
binom	1	0.4	0.1	0.16500
binom	1	0.5	0.1	0.18600
binom	1	0.6	0.1	0.17600
binom	1	0.7	0.1	0.18900
binom	1	0.8	0.1	0.19000
binom	1	0.9	0.1	0.19400
binom	1	0	0.2	0.29000
binom	1	0.1	0.2	0.29400
binom	1	0.2	0.2	0.28800
binom	1	0.3	0.2	0.25800
binom	1	0.4	0.2	0.21500
binom	1	0.5	0.2	0.23300
binom	1	0.6	0.2	0.22500
binom	1	0.7	0.2	0.23200
binom	1	0.8	0.2	0.23800
binom	1	0.9	0.2	0.19000
