binom	1	0	0	0.01000
binom	1	0.1	0	0.04600
binom	1	0.2	0	0.07600
binom	1	0.3	0	0.08700
binom	1	0.4	0	0.12600
binom	1	0.5	0	0.13900
binom	1	0.6	0	0.13500
binom	1	0.7	0	0.15000
binom	1	0.8	0	0.14700
binom	1	0.9	0	0.13500
binom	1	0	0.05	0.09100
binom	1	0.1	0.05	0.09100
binom	1	0.2	0.05	0.11800
binom	1	0.3	0.05	0.13900
binom	1	0.4	0.05	0.13800
binom	1	0.5	0.05	0.17100
binom	1	0.6	0.05	0.18100
binom	1	0.7	0.05	0.16400
binom	1	0.8	0.05	0.14700
binom	1	0.9	0.05	0.15300
binom	1	0	0.1	0.17100
binom	1	0.1	0.1	0.15200
binom	1	0.2	0.1	0.14700
binom	1	0.3	0.1	0.13800
binom	1	0.4	0.1	0.17400
binom	1	0.5	0.1	0.17100
binom	1	0.6	0.1	0.19400
binom	1	0.7	0.1	0.20600
binom	1	0.8	0.1	0.20200
binom	1	0.9	0.1	0.17700
binom	1	0	0.2	0.30400
binom	1	0.1	0.2	0.32700
binom	1	0.2	0.2	0.26500
binom	1	0.3	0.2	0.25800
binom	1	0.4	0.2	0.23400
binom	1	0.5	0.2	0.24500
binom	1	0.6	0.2	0.23100
binom	1	0.7	0.2	0.24200
binom	1	0.8	0.2	0.20900
binom	1	0.9	0.2	0.23600
