binom	1	0	0	0.00700
binom	1	0.1	0	0.03900
binom	1	0.2	0	0.08200
binom	1	0.3	0	0.10400
binom	1	0.4	0	0.12000
binom	1	0.5	0	0.12600
binom	1	0.6	0	0.14600
binom	1	0.7	0	0.15200
binom	1	0.8	0	0.12700
binom	1	0.9	0	0.13800
binom	1	0	0.05	0.08600
binom	1	0.1	0.05	0.08300
binom	1	0.2	0.05	0.11800
binom	1	0.3	0.05	0.14200
binom	1	0.4	0.05	0.15900
binom	1	0.5	0.05	0.13000
binom	1	0.6	0.05	0.18400
binom	1	0.7	0.05	0.16800
binom	1	0.8	0.05	0.15300
binom	1	0.9	0.05	0.15100
binom	1	0	0.1	0.18300
binom	1	0.1	0.1	0.16300
binom	1	0.2	0.1	0.16400
binom	1	0.3	0.1	0.16300
binom	1	0.4	0.1	0.18800
binom	1	0.5	0.1	0.19000
binom	1	0.6	0.1	0.18800
binom	1	0.7	0.1	0.17600
binom	1	0.8	0.1	0.18300
binom	1	0.9	0.1	0.15400
binom	1	0	0.2	0.30700
binom	1	0.1	0.2	0.28400
binom	1	0.2	0.2	0.28200
binom	1	0.3	0.2	0.24900
binom	1	0.4	0.2	0.22200
binom	1	0.5	0.2	0.25100
binom	1	0.6	0.2	0.20300
binom	1	0.7	0.2	0.25600
binom	1	0.8	0.2	0.22100
binom	1	0.9	0.2	0.22000
