binom	1	0	0	0.00700
binom	1	0.1	0	0.03700
binom	1	0.2	0	0.09400
binom	1	0.3	0	0.09700
binom	1	0.4	0	0.12800
binom	1	0.5	0	0.12700
binom	1	0.6	0	0.16100
binom	1	0.7	0	0.13800
binom	1	0.8	0	0.12700
binom	1	0.9	0	0.12100
binom	1	0	0.05	0.09000
binom	1	0.1	0.05	0.07400
binom	1	0.2	0.05	0.11700
binom	1	0.3	0.05	0.12800
binom	1	0.4	0.05	0.13300
binom	1	0.5	0.05	0.16100
binom	1	0.6	0.05	0.18300
binom	1	0.7	0.05	0.17900
binom	1	0.8	0.05	0.18300
binom	1	0.9	0.05	0.14200
binom	1	0	0.1	0.18900
binom	1	0.1	0.1	0.17300
binom	1	0.2	0.1	0.14600
binom	1	0.3	0.1	0.16600
binom	1	0.4	0.1	0.16600
binom	1	0.5	0.1	0.20400
binom	1	0.6	0.1	0.22600
binom	1	0.7	0.1	0.17300
binom	1	0.8	0.1	0.17400
binom	1	0.9	0.1	0.18000
binom	1	0	0.2	0.32700
binom	1	0.1	0.2	0.28600
binom	1	0.2	0.2	0.27600
binom	1	0.3	0.2	0.26100
binom	1	0.4	0.2	0.22000
binom	1	0.5	0.2	0.21500
binom	1	0.6	0.2	0.21800
binom	1	0.7	0.2	0.24600
binom	1	0.8	0.2	0.22600
binom	1	0.9	0.2	0.20700
