binom	1	0	0	0.01900
binom	1	0.1	0	0.05300
binom	1	0.2	0	0.08500
binom	1	0.3	0	0.08900
binom	1	0.4	0	0.11600
binom	1	0.5	0	0.15300
binom	1	0.6	0	0.13600
binom	1	0.7	0	0.14500
binom	1	0.8	0	0.13300
binom	1	0.9	0	0.14900
binom	1	0	0.05	0.08700
binom	1	0.1	0.05	0.10200
binom	1	0.2	0.05	0.11200
binom	1	0.3	0.05	0.12700
binom	1	0.4	0.05	0.15900
binom	1	0.5	0.05	0.15700
binom	1	0.6	0.05	0.16300
binom	1	0.7	0.05	0.15600
binom	1	0.8	0.05	0.16100
binom	1	0.9	0.05	0.14700
binom	1	0	0.1	0.17000
binom	1	0.1	0.1	0.16700
binom	1	0.2	0.1	0.14000
binom	1	0.3	0.1	0.16500
binom	1	0.4	0.1	0.18700
binom	1	0.5	0.1	0.20600
binom	1	0.6	0.1	0.20600
binom	1	0.7	0.1	0.20500
binom	1	0.8	0.1	0.17500
binom	1	0.9	0.1	0.17700
binom	1	0	0.2	0.29200
binom	1	0.1	0.2	0.28800
binom	1	0.2	0.2	0.26500
binom	1	0.3	0.2	0.23400
binom	1	0.4	0.2	0.20100
binom	1	0.5	0.2	0.20100
binom	1	0.6	0.2	0.23100
binom	1	0.7	0.2	0.22400
binom	1	0.8	0.2	0.22400
binom	1	0.9	0.2	0.22000
