binom	1	0	0	0.01100
binom	1	0.1	0	0.03600
binom	1	0.2	0	0.08700
binom	1	0.3	0	0.08800
binom	1	0.4	0	0.12800
binom	1	0.5	0	0.14400
binom	1	0.6	0	0.14000
binom	1	0.7	0	0.12800
binom	1	0.8	0	0.14300
binom	1	0.9	0	0.13500
binom	1	0	0.05	0.10100
binom	1	0.1	0.05	0.09200
binom	1	0.2	0.05	0.10600
binom	1	0.3	0.05	0.14100
binom	1	0.4	0.05	0.14400
binom	1	0.5	0.05	0.16000
binom	1	0.6	0.05	0.14900
binom	1	0.7	0.05	0.17400
binom	1	0.8	0.05	0.14100
binom	1	0.9	0.05	0.17300
binom	1	0	0.1	0.18200
binom	1	0.1	0.1	0.18100
binom	1	0.2	0.1	0.14800
binom	1	0.3	0.1	0.16000
binom	1	0.4	0.1	0.16900
binom	1	0.5	0.1	0.18800
binom	1	0.6	0.1	0.20500
binom	1	0.7	0.1	0.22100
binom	1	0.8	0.1	0.21400
binom	1	0.9	0.1	0.17400
binom	1	0	0.2	0.31400
binom	1	0.1	0.2	0.28900
binom	1	0.2	0.2	0.28200
binom	1	0.3	0.2	0.24200
binom	1	0.4	0.2	0.20000
binom	1	0.5	0.2	0.21400
binom	1	0.6	0.2	0.21600
binom	1	0.7	0.2	0.23400
binom	1	0.8	0.2	0.23200
binom	1	0.9	0.2	0.20000
