binom	1	0	0	0.01400
binom	1	0.1	0	0.04700
binom	1	0.2	0	0.07900
binom	1	0.3	0	0.10200
binom	1	0.4	0	0.12800
binom	1	0.5	0	0.12800
binom	1	0.6	0	0.15000
binom	1	0.7	0	0.15100
binom	1	0.8	0	0.14600
binom	1	0.9	0	0.14400
binom	1	0	0.05	0.08600
binom	1	0.1	0.05	0.09400
binom	1	0.2	0.05	0.11700
binom	1	0.3	0.05	0.14800
binom	1	0.4	0.05	0.14500
binom	1	0.5	0.05	0.15800
binom	1	0.6	0.05	0.17100
binom	1	0.7	0.05	0.17300
binom	1	0.8	0.05	0.16300
binom	1	0.9	0.05	0.13700
binom	1	0	0.1	0.18000
binom	1	0.1	0.1	0.14900
binom	1	0.2	0.1	0.15300
binom	1	0.3	0.1	0.16800
binom	1	0.4	0.1	0.16700
binom	1	0.5	0.1	0.20600
binom	1	0.6	0.1	0.18700
binom	1	0.7	0.1	0.19600
binom	1	0.8	0.1	0.17800
binom	1	0.9	0.1	0.18200
binom	1	0	0.2	0.29400
binom	1	0.1	0.2	0.28500
binom	1	0.2	0.2	0.30300
binom	1	0.3	0.2	0.24200
binom	1	0.4	0.2	0.22000
binom	1	0.5	0.2	0.22000
binom	1	0.6	0.2	0.24400
binom	1	0.7	0.2	0.22600
binom	1	0.8	0.2	0.25000
binom	1	0.9	0.2	0.22400
