binom	1	0	0	0.01600
binom	1	0.1	0	0.03400
binom	1	0.2	0	0.08600
binom	1	0.3	0	0.11100
binom	1	0.4	0	0.14100
binom	1	0.5	0	0.13900
binom	1	0.6	0	0.13500
binom	1	0.7	0	0.14200
binom	1	0.8	0	0.13300
binom	1	0.9	0	0.12500
binom	1	0	0.05	0.08400
binom	1	0.1	0.05	0.08700
binom	1	0.2	0.05	0.12300
binom	1	0.3	0.05	0.12700
binom	1	0.4	0.05	0.15800
binom	1	0.5	0.05	0.15900
binom	1	0.6	0.05	0.17000
binom	1	0.7	0.05	0.16300
binom	1	0.8	0.05	0.17100
binom	1	0.9	0.05	0.15100
binom	1	0	0.1	0.17500
binom	1	0.1	0.1	0.16700
binom	1	0.2	0.1	0.15600
binom	1	0.3	0.1	0.17300
binom	1	0.4	0.1	0.18300
binom	1	0.5	0.1	0.19400
binom	1	0.6	0.1	0.21600
binom	1	0.7	0.1	0.20900
binom	1	0.8	0.1	0.17700
binom	1	0.9	0.1	0.17200
binom	1	0	0.2	0.28400
binom	1	0.1	0.2	0.26700
binom	1	0.2	0.2	0.26700
binom	1	0.3	0.2	0.24400
binom	1	0.4	0.2	0.21400
binom	1	0.5	0.2	0.23400
binom	1	0.6	0.2	0.22000
binom	1	0.7	0.2	0.26400
binom	1	0.8	0.2	0.22000
binom	1	0.9	0.2	0.19600
