binom	1	0	0	0.01000
binom	1	0.1	0	0.04800
binom	1	0.2	0	0.08400
binom	1	0.3	0	0.10100
binom	1	0.4	0	0.12100
binom	1	0.5	0	0.15000
binom	1	0.6	0	0.16100
binom	1	0.7	0	0.14700
binom	1	0.8	0	0.14300
binom	1	0.9	0	0.13800
binom	1	0	0.05	0.09100
binom	1	0.1	0.05	0.08500
binom	1	0.2	0.05	0.10800
binom	1	0.3	0.05	0.13800
binom	1	0.4	0.05	0.13400
binom	1	0.5	0.05	0.17200
binom	1	0.6	0.05	0.16200
binom	1	0.7	0.05	0.15400
binom	1	0.8	0.05	0.18200
binom	1	0.9	0.05	0.16100
binom	1	0	0.1	0.18500
binom	1	0.1	0.1	0.16400
binom	1	0.2	0.1	0.14200
binom	1	0.3	0.1	0.17000
binom	1	0.4	0.1	0.18300
binom	1	0.5	0.1	0.16300
binom	1	0.6	0.1	0.18700
binom	1	0.7	0.1	0.21200
binom	1	0.8	0.1	0.16900
binom	1	0.9	0.1	0.18400
binom	1	0	0.2	0.30000
binom	1	0.1	0.2	0.29300
binom	1	0.2	0.2	0.28100
binom	1	0.3	0.2	0.24000
binom	1	0.4	0.2	0.24100
binom	1	0.5	0.2	0.25500
binom	1	0.6	0.2	0.24200
binom	1	0.7	0.2	0.22000
binom	1	0.8	0.2	0.23100
binom	1	0.9	0.2	0.20100
