binom	0.02040
binom	0.02080
binom	0.02500
binom	0.02420
binom	0.02260
binom	0.02080
binom	0.02060
binom	0.02120
binom	0.02260
binom	0.02040
binom	0.01980
binom	0.02100
binom	0.02360
binom	0.02520
binom	0.02440
binom	0.02120
binom	0.02220
binom	0.02360
binom	0.02320
binom	0.02500
binom	0.01940
binom	0.01800
binom	0.01980
binom	0.01900
binom	0.02040
binom	0.01880
binom	0.02000
binom	0.01580
binom	0.02060
binom	0.02220
binom	0.01640
binom	0.01960
binom	0.02020
binom	0.01740
binom	0.01820
binom	0.01720
binom	0.01720
binom	0.01640
binom	0.01620
binom	0.01820
binom	0.01320
binom	0.01740
binom	0.01580
binom	0.01940
binom	0.01700
binom	0.01800
binom	0.01900
binom	0.01380
binom	0.01300
binom	0.01400
binom	0.01500
