binom	1	0	0	0.00900
binom	1	0.1	0	0.04400
binom	1	0.2	0	0.06700
binom	1	0.3	0	0.10700
binom	1	0.4	0	0.12300
binom	1	0.5	0	0.12400
binom	1	0.6	0	0.15100
binom	1	0.7	0	0.12900
binom	1	0.8	0	0.13600
binom	1	0.9	0	0.13500
binom	1	0	0.05	0.10500
binom	1	0.1	0.05	0.08000
binom	1	0.2	0.05	0.12000
binom	1	0.3	0.05	0.13000
binom	1	0.4	0.05	0.15100
binom	1	0.5	0.05	0.16000
binom	1	0.6	0.05	0.16100
binom	1	0.7	0.05	0.18800
binom	1	0.8	0.05	0.19900
binom	1	0.9	0.05	0.15500
binom	1	0	0.1	0.14200
binom	1	0.1	0.1	0.18200
binom	1	0.2	0.1	0.17000
binom	1	0.3	0.1	0.17900
binom	1	0.4	0.1	0.17000
binom	1	0.5	0.1	0.20100
binom	1	0.6	0.1	0.20100
binom	1	0.7	0.1	0.18000
binom	1	0.8	0.1	0.18300
binom	1	0.9	0.1	0.17200
binom	1	0	0.2	0.30500
binom	1	0.1	0.2	0.30700
binom	1	0.2	0.2	0.28700
binom	1	0.3	0.2	0.24600
binom	1	0.4	0.2	0.23900
binom	1	0.5	0.2	0.21800
binom	1	0.6	0.2	0.23200
binom	1	0.7	0.2	0.21300
binom	1	0.8	0.2	0.23100
binom	1	0.9	0.2	0.20000
