binom	0.02240
binom	0.02040
binom	0.02000
binom	0.02220
binom	0.02240
binom	0.02140
binom	0.02440
binom	0.02060
binom	0.02180
binom	0.01940
binom	0.01920
binom	0.01720
binom	0.02360
binom	0.02220
binom	0.02200
binom	0.02140
binom	0.02000
binom	0.01880
binom	0.02080
binom	0.01960
binom	0.02080
binom	0.02440
binom	0.02100
binom	0.02060
binom	0.02040
binom	0.02480
binom	0.01760
binom	0.01760
binom	0.02000
binom	0.01900
binom	0.01980
binom	0.01840
binom	0.02220
binom	0.01720
binom	0.01700
binom	0.02100
binom	0.02140
binom	0.01600
binom	0.01740
binom	0.01400
binom	0.02040
binom	0.01560
binom	0.02000
binom	0.01620
binom	0.01680
binom	0.01780
binom	0.01480
binom	0.01480
binom	0.01620
binom	0.01540
binom	0.01580
