binom	0.02740
binom	0.02140
binom	0.02560
binom	0.02140
binom	0.02100
binom	0.02660
binom	0.02160
binom	0.02560
binom	0.02600
binom	0.02440
binom	0.02200
binom	0.02260
binom	0.02160
binom	0.01920
binom	0.02060
binom	0.02000
binom	0.02160
binom	0.02120
binom	0.01760
binom	0.01840
binom	0.01860
binom	0.01760
binom	0.01980
binom	0.02240
binom	0.01820
binom	0.02100
binom	0.01860
binom	0.01700
binom	0.01920
binom	0.01720
binom	0.01620
binom	0.02120
binom	0.01840
binom	0.01960
binom	0.01600
binom	0.01900
binom	0.01540
binom	0.01980
binom	0.01880
binom	0.01620
binom	0.01760
binom	0.01800
binom	0.01640
binom	0.01660
binom	0.01460
binom	0.01620
binom	0.01820
binom	0.01280
binom	0.01480
binom	0.01240
binom	0.01820
