binom	1	0	0	0.00700
binom	1	0.1	0	0.04000
binom	1	0.2	0	0.07700
binom	1	0.3	0	0.10500
binom	1	0.4	0	0.13100
binom	1	0.5	0	0.14300
binom	1	0.6	0	0.16000
binom	1	0.7	0	0.14000
binom	1	0.8	0	0.13300
binom	1	0.9	0	0.10500
binom	1	0	0.05	0.09600
binom	1	0.1	0.05	0.08200
binom	1	0.2	0.05	0.11700
binom	1	0.3	0.05	0.14300
binom	1	0.4	0.05	0.16000
binom	1	0.5	0.05	0.17000
binom	1	0.6	0.05	0.14100
binom	1	0.7	0.05	0.16600
binom	1	0.8	0.05	0.16000
binom	1	0.9	0.05	0.17600
binom	1	0	0.1	0.17100
binom	1	0.1	0.1	0.17400
binom	1	0.2	0.1	0.15200
binom	1	0.3	0.1	0.17000
binom	1	0.4	0.1	0.20100
binom	1	0.5	0.1	0.17400
binom	1	0.6	0.1	0.20400
binom	1	0.7	0.1	0.17800
binom	1	0.8	0.1	0.17800
binom	1	0.9	0.1	0.17200
binom	1	0	0.2	0.31100
binom	1	0.1	0.2	0.28300
binom	1	0.2	0.2	0.26200
binom	1	0.3	0.2	0.24900
binom	1	0.4	0.2	0.21200
binom	1	0.5	0.2	0.24000
binom	1	0.6	0.2	0.24000
binom	1	0.7	0.2	0.21000
binom	1	0.8	0.2	0.20900
binom	1	0.9	0.2	0.23300
