binom	1	0	0	0.00300
binom	1	0.1	0	0.04400
binom	1	0.2	0	0.07100
binom	1	0.3	0	0.12400
binom	1	0.4	0	0.09900
binom	1	0.5	0	0.13300
binom	1	0.6	0	0.17200
binom	1	0.7	0	0.14500
binom	1	0.8	0	0.13600
binom	1	0.9	0	0.14100
binom	1	0	0.05	0.10400
binom	1	0.1	0.05	0.07200
binom	1	0.2	0.05	0.10000
binom	1	0.3	0.05	0.13500
binom	1	0.4	0.05	0.15300
binom	1	0.5	0.05	0.17400
binom	1	0.6	0.05	0.15000
binom	1	0.7	0.05	0.15900
binom	1	0.8	0.05	0.16000
binom	1	0.9	0.05	0.16100
binom	1	0	0.1	0.17200
binom	1	0.1	0.1	0.16200
binom	1	0.2	0.1	0.16500
binom	1	0.3	0.1	0.16500
binom	1	0.4	0.1	0.18500
binom	1	0.5	0.1	0.19500
binom	1	0.6	0.1	0.18700
binom	1	0.7	0.1	0.19100
binom	1	0.8	0.1	0.19100
binom	1	0.9	0.1	0.17900
binom	1	0	0.2	0.29100
binom	1	0.1	0.2	0.30100
binom	1	0.2	0.2	0.25100
binom	1	0.3	0.2	0.20900
binom	1	0.4	0.2	0.21000
binom	1	0.5	0.2	0.23200
binom	1	0.6	0.2	0.23400
binom	1	0.7	0.2	0.23200
binom	1	0.8	0.2	0.23500
binom	1	0.9	0.2	0.20800
