binom	1	0	0	0.00600
binom	1	0.1	0	0.03600
binom	1	0.2	0	0.07600
binom	1	0.3	0	0.11600
binom	1	0.4	0	0.11800
binom	1	0.5	0	0.12400
binom	1	0.6	0	0.15800
binom	1	0.7	0	0.15300
binom	1	0.8	0	0.15800
binom	1	0.9	0	0.14100
binom	1	0	0.05	0.09600
binom	1	0.1	0.05	0.09100
binom	1	0.2	0.05	0.10600
binom	1	0.3	0.05	0.13200
binom	1	0.4	0.05	0.15900
binom	1	0.5	0.05	0.15000
binom	1	0.6	0.05	0.15900
binom	1	0.7	0.05	0.17900
binom	1	0.8	0.05	0.17000
binom	1	0.9	0.05	0.15000
binom	1	0	0.1	0.17200
binom	1	0.1	0.1	0.15100
binom	1	0.2	0.1	0.14200
binom	1	0.3	0.1	0.16700
binom	1	0.4	0.1	0.19000
binom	1	0.5	0.1	0.18900
binom	1	0.6	0.1	0.19600
binom	1	0.7	0.1	0.20200
binom	1	0.8	0.1	0.18000
binom	1	0.9	0.1	0.17700
binom	1	0	0.2	0.30300
binom	1	0.1	0.2	0.29900
binom	1	0.2	0.2	0.26700
binom	1	0.3	0.2	0.27200
binom	1	0.4	0.2	0.21500
binom	1	0.5	0.2	0.20600
binom	1	0.6	0.2	0.23200
binom	1	0.7	0.2	0.23300
binom	1	0.8	0.2	0.23300
binom	1	0.9	0.2	0.21600
