binom	1	0	0	0.01800
binom	1	0.1	0	0.04900
binom	1	0.2	0	0.09900
binom	1	0.3	0	0.10500
binom	1	0.4	0	0.11200
binom	1	0.5	0	0.12700
binom	1	0.6	0	0.13200
binom	1	0.7	0	0.13800
binom	1	0.8	0	0.13900
binom	1	0.9	0	0.14000
binom	1	0	0.05	0.08400
binom	1	0.1	0.05	0.08500
binom	1	0.2	0.05	0.11500
binom	1	0.3	0.05	0.11600
binom	1	0.4	0.05	0.17100
binom	1	0.5	0.05	0.18000
binom	1	0.6	0.05	0.19100
binom	1	0.7	0.05	0.16800
binom	1	0.8	0.05	0.17700
binom	1	0.9	0.05	0.16600
binom	1	0	0.1	0.19400
binom	1	0.1	0.1	0.16100
binom	1	0.2	0.1	0.14900
binom	1	0.3	0.1	0.15100
binom	1	0.4	0.1	0.16900
binom	1	0.5	0.1	0.17000
binom	1	0.6	0.1	0.18700
binom	1	0.7	0.1	0.19400
binom	1	0.8	0.1	0.21000
binom	1	0.9	0.1	0.17500
binom	1	0	0.2	0.30000
binom	1	0.1	0.2	0.30000
binom	1	0.2	0.2	0.28300
binom	1	0.3	0.2	0.24200
binom	1	0.4	0.2	0.21900
binom	1	0.5	0.2	0.23300
binom	1	0.6	0.2	0.25400
binom	1	0.7	0.2	0.23500
binom	1	0.8	0.2	0.19700
binom	1	0.9	0.2	0.21600
