binom	1	0	0	0.00750
binom	1	0.1	0	0.00550
binom	1	0.2	0	0.01100
binom	1	0.3	0	0.00850
binom	1	0.4	0	0.00950
binom	1	0.5	0	0.01050
binom	1	0.6	0	0.00600
binom	1	0.7	0	0.00600
binom	1	0.8	0	0.00400
binom	1	0.9	0	0.00100
binom	1	0	0.05	0.05100
binom	1	0.1	0.05	0.04150
binom	1	0.2	0.05	0.04400
binom	1	0.3	0.05	0.03950
binom	1	0.4	0.05	0.04100
binom	1	0.5	0.05	0.04100
binom	1	0.6	0.05	0.02400
binom	1	0.7	0.05	0.01950
binom	1	0.8	0.05	0.01450
binom	1	0.9	0.05	0.00500
binom	1	0	0.1	0.08150
binom	1	0.1	0.1	0.09600
binom	1	0.2	0.1	0.08350
binom	1	0.3	0.1	0.08150
binom	1	0.4	0.1	0.08100
binom	1	0.5	0.1	0.07450
binom	1	0.6	0.1	0.06350
binom	1	0.7	0.1	0.05350
binom	1	0.8	0.1	0.03500
binom	1	0.9	0.1	0.01800
binom	1	0	0.2	0.15400
binom	1	0.1	0.2	0.16900
binom	1	0.2	0.2	0.14850
binom	1	0.3	0.2	0.15000
binom	1	0.4	0.2	0.14400
binom	1	0.5	0.2	0.14050
binom	1	0.6	0.2	0.13650
binom	1	0.7	0.2	0.11550
binom	1	0.8	0.2	0.10600
binom	1	0.9	0.2	0.07800
