binom	1	0	0	0.01500
binom	1	0.1	0	0.04100
binom	1	0.2	0	0.07400
binom	1	0.3	0	0.11000
binom	1	0.4	0	0.11800
binom	1	0.5	0	0.14300
binom	1	0.6	0	0.14500
binom	1	0.7	0	0.13100
binom	1	0.8	0	0.14200
binom	1	0.9	0	0.13600
binom	1	0	0.05	0.09200
binom	1	0.1	0.05	0.08400
binom	1	0.2	0.05	0.13000
binom	1	0.3	0.05	0.17000
binom	1	0.4	0.05	0.15700
binom	1	0.5	0.05	0.15900
binom	1	0.6	0.05	0.15200
binom	1	0.7	0.05	0.16700
binom	1	0.8	0.05	0.16600
binom	1	0.9	0.05	0.15000
binom	1	0	0.1	0.16700
binom	1	0.1	0.1	0.13400
binom	1	0.2	0.1	0.15500
binom	1	0.3	0.1	0.15300
binom	1	0.4	0.1	0.18000
binom	1	0.5	0.1	0.17900
binom	1	0.6	0.1	0.17000
binom	1	0.7	0.1	0.19200
binom	1	0.8	0.1	0.19100
binom	1	0.9	0.1	0.18700
binom	1	0	0.2	0.29700
binom	1	0.1	0.2	0.26900
binom	1	0.2	0.2	0.28200
binom	1	0.3	0.2	0.24900
binom	1	0.4	0.2	0.22000
binom	1	0.5	0.2	0.23000
binom	1	0.6	0.2	0.23400
binom	1	0.7	0.2	0.25000
binom	1	0.8	0.2	0.22700
binom	1	0.9	0.2	0.20500
