binom	1	0	0	0.01100
binom	1	0.1	0	0.04900
binom	1	0.2	0	0.07700
binom	1	0.3	0	0.11200
binom	1	0.4	0	0.12200
binom	1	0.5	0	0.14700
binom	1	0.6	0	0.15800
binom	1	0.7	0	0.14100
binom	1	0.8	0	0.14700
binom	1	0.9	0	0.12800
binom	1	0	0.05	0.07900
binom	1	0.1	0.05	0.08600
binom	1	0.2	0.05	0.10100
binom	1	0.3	0.05	0.14100
binom	1	0.4	0.05	0.13600
binom	1	0.5	0.05	0.16400
binom	1	0.6	0.05	0.17300
binom	1	0.7	0.05	0.20300
binom	1	0.8	0.05	0.15600
binom	1	0.9	0.05	0.15700
binom	1	0	0.1	0.16600
binom	1	0.1	0.1	0.15000
binom	1	0.2	0.1	0.16200
binom	1	0.3	0.1	0.16100
binom	1	0.4	0.1	0.18600
binom	1	0.5	0.1	0.18800
binom	1	0.6	0.1	0.18200
binom	1	0.7	0.1	0.19300
binom	1	0.8	0.1	0.20300
binom	1	0.9	0.1	0.15300
binom	1	0	0.2	0.28300
binom	1	0.1	0.2	0.28300
binom	1	0.2	0.2	0.29300
binom	1	0.3	0.2	0.23800
binom	1	0.4	0.2	0.24200
binom	1	0.5	0.2	0.23200
binom	1	0.6	0.2	0.22200
binom	1	0.7	0.2	0.24500
binom	1	0.8	0.2	0.21900
binom	1	0.9	0.2	0.20600
