binom	1	0	0	0.00600
binom	1	0.1	0	0.04600
binom	1	0.2	0	0.07200
binom	1	0.3	0	0.11000
binom	1	0.4	0	0.10600
binom	1	0.5	0	0.12600
binom	1	0.6	0	0.14600
binom	1	0.7	0	0.14100
binom	1	0.8	0	0.14900
binom	1	0.9	0	0.11000
binom	1	0	0.05	0.10200
binom	1	0.1	0.05	0.10400
binom	1	0.2	0.05	0.11600
binom	1	0.3	0.05	0.13300
binom	1	0.4	0.05	0.16200
binom	1	0.5	0.05	0.17900
binom	1	0.6	0.05	0.16300
binom	1	0.7	0.05	0.16700
binom	1	0.8	0.05	0.17200
binom	1	0.9	0.05	0.15200
binom	1	0	0.1	0.18400
binom	1	0.1	0.1	0.16600
binom	1	0.2	0.1	0.16300
binom	1	0.3	0.1	0.18100
binom	1	0.4	0.1	0.17300
binom	1	0.5	0.1	0.20100
binom	1	0.6	0.1	0.19200
binom	1	0.7	0.1	0.19600
binom	1	0.8	0.1	0.18300
binom	1	0.9	0.1	0.16700
binom	1	0	0.2	0.28800
binom	1	0.1	0.2	0.28200
binom	1	0.2	0.2	0.24900
binom	1	0.3	0.2	0.24500
binom	1	0.4	0.2	0.20300
binom	1	0.5	0.2	0.21800
binom	1	0.6	0.2	0.23400
binom	1	0.7	0.2	0.22200
binom	1	0.8	0.2	0.24400
binom	1	0.9	0.2	0.23100
