binom	1	0	0	0.01100
binom	1	0.1	0	0.04400
binom	1	0.2	0	0.07800
binom	1	0.3	0	0.10900
binom	1	0.4	0	0.13800
binom	1	0.5	0	0.14500
binom	1	0.6	0	0.13700
binom	1	0.7	0	0.14600
binom	1	0.8	0	0.12300
binom	1	0.9	0	0.15100
binom	1	0	0.05	0.10400
binom	1	0.1	0.05	0.09500
binom	1	0.2	0.05	0.09300
binom	1	0.3	0.05	0.13700
binom	1	0.4	0.05	0.14600
binom	1	0.5	0.05	0.15100
binom	1	0.6	0.05	0.17000
binom	1	0.7	0.05	0.18800
binom	1	0.8	0.05	0.16800
binom	1	0.9	0.05	0.15500
binom	1	0	0.1	0.18700
binom	1	0.1	0.1	0.17200
binom	1	0.2	0.1	0.15400
binom	1	0.3	0.1	0.16400
binom	1	0.4	0.1	0.16900
binom	1	0.5	0.1	0.19200
binom	1	0.6	0.1	0.16800
binom	1	0.7	0.1	0.18400
binom	1	0.8	0.1	0.18700
binom	1	0.9	0.1	0.16300
binom	1	0	0.2	0.30200
binom	1	0.1	0.2	0.30100
binom	1	0.2	0.2	0.27300
binom	1	0.3	0.2	0.23600
binom	1	0.4	0.2	0.24800
binom	1	0.5	0.2	0.21900
binom	1	0.6	0.2	0.24100
binom	1	0.7	0.2	0.23500
binom	1	0.8	0.2	0.23500
binom	1	0.9	0.2	0.23800
