binom	0.02240
binom	0.02220
binom	0.01660
binom	0.02260
binom	0.01980
binom	0.02320
binom	0.01860
binom	0.02320
binom	0.02400
binom	0.02120
binom	0.02060
binom	0.02240
binom	0.02340
binom	0.02440
binom	0.02420
binom	0.02080
binom	0.02080
binom	0.02100
binom	0.02540
binom	0.02500
binom	0.01720
binom	0.02180
binom	0.02120
binom	0.01720
binom	0.01820
binom	0.02080
binom	0.01960
binom	0.02080
binom	0.01980
binom	0.02040
binom	0.01740
binom	0.01860
binom	0.01880
binom	0.01560
binom	0.01900
binom	0.01740
binom	0.01880
binom	0.01920
binom	0.01960
binom	0.01760
binom	0.01440
binom	0.01620
binom	0.01720
binom	0.01440
binom	0.02080
binom	0.01320
binom	0.01980
binom	0.01520
binom	0.01400
binom	0.01700
binom	0.01320
