binom	1	0	0	0.00900
binom	1	0.1	0	0.04900
binom	1	0.2	0	0.06900
binom	1	0.3	0	0.09800
binom	1	0.4	0	0.12400
binom	1	0.5	0	0.13400
binom	1	0.6	0	0.14800
binom	1	0.7	0	0.14900
binom	1	0.8	0	0.15200
binom	1	0.9	0	0.12900
binom	1	0	0.05	0.08000
binom	1	0.1	0.05	0.08400
binom	1	0.2	0.05	0.11700
binom	1	0.3	0.05	0.13000
binom	1	0.4	0.05	0.17300
binom	1	0.5	0.05	0.14300
binom	1	0.6	0.05	0.16500
binom	1	0.7	0.05	0.16800
binom	1	0.8	0.05	0.14500
binom	1	0.9	0.05	0.16600
binom	1	0	0.1	0.15700
binom	1	0.1	0.1	0.17700
binom	1	0.2	0.1	0.14900
binom	1	0.3	0.1	0.16700
binom	1	0.4	0.1	0.19800
binom	1	0.5	0.1	0.19000
binom	1	0.6	0.1	0.21500
binom	1	0.7	0.1	0.18600
binom	1	0.8	0.1	0.17000
binom	1	0.9	0.1	0.17500
binom	1	0	0.2	0.28500
binom	1	0.1	0.2	0.28000
binom	1	0.2	0.2	0.27200
binom	1	0.3	0.2	0.23400
binom	1	0.4	0.2	0.25300
binom	1	0.5	0.2	0.23000
binom	1	0.6	0.2	0.22600
binom	1	0.7	0.2	0.19800
binom	1	0.8	0.2	0.23700
binom	1	0.9	0.2	0.21600
