binom	1	0	0	0.00900
binom	1	0.1	0	0.04500
binom	1	0.2	0	0.07000
binom	1	0.3	0	0.09600
binom	1	0.4	0	0.11400
binom	1	0.5	0	0.13500
binom	1	0.6	0	0.15900
binom	1	0.7	0	0.14300
binom	1	0.8	0	0.14400
binom	1	0.9	0	0.13700
binom	1	0	0.05	0.10200
binom	1	0.1	0.05	0.07700
binom	1	0.2	0.05	0.11200
binom	1	0.3	0.05	0.14200
binom	1	0.4	0.05	0.15400
binom	1	0.5	0.05	0.15500
binom	1	0.6	0.05	0.17500
binom	1	0.7	0.05	0.18500
binom	1	0.8	0.05	0.18000
binom	1	0.9	0.05	0.17500
binom	1	0	0.1	0.16400
binom	1	0.1	0.1	0.14200
binom	1	0.2	0.1	0.14800
binom	1	0.3	0.1	0.17100
binom	1	0.4	0.1	0.16900
binom	1	0.5	0.1	0.19300
binom	1	0.6	0.1	0.18500
binom	1	0.7	0.1	0.20100
binom	1	0.8	0.1	0.18800
binom	1	0.9	0.1	0.18600
binom	1	0	0.2	0.30000
binom	1	0.1	0.2	0.30000
binom	1	0.2	0.2	0.26900
binom	1	0.3	0.2	0.23300
binom	1	0.4	0.2	0.22200
binom	1	0.5	0.2	0.22700
binom	1	0.6	0.2	0.20900
binom	1	0.7	0.2	0.23900
binom	1	0.8	0.2	0.22400
binom	1	0.9	0.2	0.20000
