binom	1	0	0	0.01400
binom	1	0.1	0	0.03800
binom	1	0.2	0	0.08700
binom	1	0.3	0	0.09700
binom	1	0.4	0	0.14500
binom	1	0.5	0	0.14300
binom	1	0.6	0	0.14000
binom	1	0.7	0	0.15500
binom	1	0.8	0	0.15500
binom	1	0.9	0	0.13000
binom	1	0	0.05	0.07800
binom	1	0.1	0.05	0.08800
binom	1	0.2	0.05	0.12800
binom	1	0.3	0.05	0.14800
binom	1	0.4	0.05	0.15100
binom	1	0.5	0.05	0.17400
binom	1	0.6	0.05	0.17100
binom	1	0.7	0.05	0.16800
binom	1	0.8	0.05	0.18000
binom	1	0.9	0.05	0.14900
binom	1	0	0.1	0.16700
binom	1	0.1	0.1	0.16800
binom	1	0.2	0.1	0.14500
binom	1	0.3	0.1	0.17000
binom	1	0.4	0.1	0.16800
binom	1	0.5	0.1	0.15900
binom	1	0.6	0.1	0.19100
binom	1	0.7	0.1	0.21100
binom	1	0.8	0.1	0.18100
binom	1	0.9	0.1	0.17400
binom	1	0	0.2	0.29200
binom	1	0.1	0.2	0.29200
binom	1	0.2	0.2	0.28000
binom	1	0.3	0.2	0.25600
binom	1	0.4	0.2	0.20300
binom	1	0.5	0.2	0.25100
binom	1	0.6	0.2	0.22000
binom	1	0.7	0.2	0.21900
binom	1	0.8	0.2	0.22500
binom	1	0.9	0.2	0.20800
