binom	1	0	0	0.01100
binom	1	0.1	0	0.04800
binom	1	0.2	0	0.08100
binom	1	0.3	0	0.09400
binom	1	0.4	0	0.09800
binom	1	0.5	0	0.15600
binom	1	0.6	0	0.14600
binom	1	0.7	0	0.14800
binom	1	0.8	0	0.14200
binom	1	0.9	0	0.13000
binom	1	0	0.05	0.08600
binom	1	0.1	0.05	0.07600
binom	1	0.2	0.05	0.11800
binom	1	0.3	0.05	0.13800
binom	1	0.4	0.05	0.15000
binom	1	0.5	0.05	0.18000
binom	1	0.6	0.05	0.18800
binom	1	0.7	0.05	0.17000
binom	1	0.8	0.05	0.17600
binom	1	0.9	0.05	0.15500
binom	1	0	0.1	0.17900
binom	1	0.1	0.1	0.17600
binom	1	0.2	0.1	0.14200
binom	1	0.3	0.1	0.16300
binom	1	0.4	0.1	0.18100
binom	1	0.5	0.1	0.19100
binom	1	0.6	0.1	0.18400
binom	1	0.7	0.1	0.20500
binom	1	0.8	0.1	0.18500
binom	1	0.9	0.1	0.19800
binom	1	0	0.2	0.31300
binom	1	0.1	0.2	0.28900
binom	1	0.2	0.2	0.26700
binom	1	0.3	0.2	0.24800
binom	1	0.4	0.2	0.22400
binom	1	0.5	0.2	0.21800
binom	1	0.6	0.2	0.23400
binom	1	0.7	0.2	0.24200
binom	1	0.8	0.2	0.21200
binom	1	0.9	0.2	0.22200
