binom	1	0	0	0.01100
binom	1	0.1	0	0.03600
binom	1	0.2	0	0.06400
binom	1	0.3	0	0.10900
binom	1	0.4	0	0.11500
binom	1	0.5	0	0.14800
binom	1	0.6	0	0.14000
binom	1	0.7	0	0.15300
binom	1	0.8	0	0.14100
binom	1	0.9	0	0.13100
binom	1	0	0.05	0.08900
binom	1	0.1	0.05	0.07700
binom	1	0.2	0.05	0.10900
binom	1	0.3	0.05	0.13800
binom	1	0.4	0.05	0.16900
binom	1	0.5	0.05	0.18000
binom	1	0.6	0.05	0.15300
binom	1	0.7	0.05	0.16700
binom	1	0.8	0.05	0.16000
binom	1	0.9	0.05	0.15200
binom	1	0	0.1	0.16500
binom	1	0.1	0.1	0.16700
binom	1	0.2	0.1	0.14300
binom	1	0.3	0.1	0.16500
binom	1	0.4	0.1	0.16900
binom	1	0.5	0.1	0.19800
binom	1	0.6	0.1	0.17300
binom	1	0.7	0.1	0.19500
binom	1	0.8	0.1	0.17900
binom	1	0.9	0.1	0.19100
binom	1	0	0.2	0.29000
binom	1	0.1	0.2	0.28300
binom	1	0.2	0.2	0.27400
binom	1	0.3	0.2	0.24800
binom	1	0.4	0.2	0.22500
binom	1	0.5	0.2	0.23000
binom	1	0.6	0.2	0.23000
binom	1	0.7	0.2	0.22400
binom	1	0.8	0.2	0.20600
binom	1	0.9	0.2	0.21300
