binom	1	0	0	0.00900
binom	1	0.1	0	0.04400
binom	1	0.2	0	0.08400
binom	1	0.3	0	0.10800
binom	1	0.4	0	0.11000
binom	1	0.5	0	0.13400
binom	1	0.6	0	0.13800
binom	1	0.7	0	0.17000
binom	1	0.8	0	0.13100
binom	1	0.9	0	0.13200
binom	1	0	0.05	0.08700
binom	1	0.1	0.05	0.09700
binom	1	0.2	0.05	0.12700
binom	1	0.3	0.05	0.14300
binom	1	0.4	0.05	0.14400
binom	1	0.5	0.05	0.17900
binom	1	0.6	0.05	0.17100
binom	1	0.7	0.05	0.15000
binom	1	0.8	0.05	0.17100
binom	1	0.9	0.05	0.15300
binom	1	0	0.1	0.16100
binom	1	0.1	0.1	0.14400
binom	1	0.2	0.1	0.13400
binom	1	0.3	0.1	0.17400
binom	1	0.4	0.1	0.17500
binom	1	0.5	0.1	0.16300
binom	1	0.6	0.1	0.22200
binom	1	0.7	0.1	0.19500
binom	1	0.8	0.1	0.20600
binom	1	0.9	0.1	0.19100
binom	1	0	0.2	0.29500
binom	1	0.1	0.2	0.29000
binom	1	0.2	0.2	0.26000
binom	1	0.3	0.2	0.23400
binom	1	0.4	0.2	0.24900
binom	1	0.5	0.2	0.25600
binom	1	0.6	0.2	0.22300
binom	1	0.7	0.2	0.21300
binom	1	0.8	0.2	0.23600
binom	1	0.9	0.2	0.21200
