binom	1	0	0	0.00600
binom	1	0.1	0	0.05300
binom	1	0.2	0	0.06800
binom	1	0.3	0	0.10900
binom	1	0.4	0	0.10800
binom	1	0.5	0	0.15100
binom	1	0.6	0	0.13000
binom	1	0.7	0	0.11800
binom	1	0.8	0	0.14200
binom	1	0.9	0	0.12800
binom	1	0	0.05	0.08600
binom	1	0.1	0.05	0.08900
binom	1	0.2	0.05	0.11800
binom	1	0.3	0.05	0.14300
binom	1	0.4	0.05	0.15500
binom	1	0.5	0.05	0.16700
binom	1	0.6	0.05	0.18400
binom	1	0.7	0.05	0.16300
binom	1	0.8	0.05	0.16900
binom	1	0.9	0.05	0.16300
binom	1	0	0.1	0.17400
binom	1	0.1	0.1	0.16200
binom	1	0.2	0.1	0.14700
binom	1	0.3	0.1	0.17200
binom	1	0.4	0.1	0.14700
binom	1	0.5	0.1	0.17900
binom	1	0.6	0.1	0.19900
binom	1	0.7	0.1	0.19800
binom	1	0.8	0.1	0.18700
binom	1	0.9	0.1	0.19000
binom	1	0	0.2	0.30400
binom	1	0.1	0.2	0.29000
binom	1	0.2	0.2	0.26000
binom	1	0.3	0.2	0.22800
binom	1	0.4	0.2	0.25200
binom	1	0.5	0.2	0.23400
binom	1	0.6	0.2	0.24200
binom	1	0.7	0.2	0.23800
binom	1	0.8	0.2	0.23200
binom	1	0.9	0.2	0.20300
