binom	1	0	0	0.01700
binom	1	0.1	0	0.04500
binom	1	0.2	0	0.08000
binom	1	0.3	0	0.10300
binom	1	0.4	0	0.11500
binom	1	0.5	0	0.14400
binom	1	0.6	0	0.14600
binom	1	0.7	0	0.13100
binom	1	0.8	0	0.14100
binom	1	0.9	0	0.13700
binom	1	0	0.05	0.09400
binom	1	0.1	0.05	0.08700
binom	1	0.2	0.05	0.10600
binom	1	0.3	0.05	0.13200
binom	1	0.4	0.05	0.15100
binom	1	0.5	0.05	0.17500
binom	1	0.6	0.05	0.16700
binom	1	0.7	0.05	0.17900
binom	1	0.8	0.05	0.17000
binom	1	0.9	0.05	0.15000
binom	1	0	0.1	0.17200
binom	1	0.1	0.1	0.15100
binom	1	0.2	0.1	0.14200
binom	1	0.3	0.1	0.16700
binom	1	0.4	0.1	0.19000
binom	1	0.5	0.1	0.18900
binom	1	0.6	0.1	0.19600
binom	1	0.7	0.1	0.20200
binom	1	0.8	0.1	0.17700
binom	1	0.9	0.1	0.16500
binom	1	0	0.2	0.29900
binom	1	0.1	0.2	0.28000
binom	1	0.2	0.2	0.30600
binom	1	0.3	0.2	0.22800
binom	1	0.4	0.2	0.23200
binom	1	0.5	0.2	0.22800
binom	1	0.6	0.2	0.26000
binom	1	0.7	0.2	0.21700
binom	1	0.8	0.2	0.23000
binom	1	0.9	0.2	0.22100
