binom	1	0	0	0.01100
binom	1	0.1	0	0.03800
binom	1	0.2	0	0.07900
binom	1	0.3	0	0.10400
binom	1	0.4	0	0.13500
binom	1	0.5	0	0.13900
binom	1	0.6	0	0.14800
binom	1	0.7	0	0.13400
binom	1	0.8	0	0.14200
binom	1	0.9	0	0.14300
binom	1	0	0.05	0.08600
binom	1	0.1	0.05	0.09500
binom	1	0.2	0.05	0.12600
binom	1	0.3	0.05	0.14400
binom	1	0.4	0.05	0.16600
binom	1	0.5	0.05	0.17800
binom	1	0.6	0.05	0.17200
binom	1	0.7	0.05	0.19600
binom	1	0.8	0.05	0.17300
binom	1	0.9	0.05	0.15300
binom	1	0	0.1	0.18000
binom	1	0.1	0.1	0.16000
binom	1	0.2	0.1	0.13300
binom	1	0.3	0.1	0.13700
binom	1	0.4	0.1	0.18700
binom	1	0.5	0.1	0.18600
binom	1	0.6	0.1	0.18100
binom	1	0.7	0.1	0.18100
binom	1	0.8	0.1	0.19900
binom	1	0.9	0.1	0.19700
binom	1	0	0.2	0.30600
binom	1	0.1	0.2	0.29800
binom	1	0.2	0.2	0.29000
binom	1	0.3	0.2	0.27200
binom	1	0.4	0.2	0.21400
binom	1	0.5	0.2	0.21300
binom	1	0.6	0.2	0.24000
binom	1	0.7	0.2	0.23500
binom	1	0.8	0.2	0.21600
binom	1	0.9	0.2	0.23800
