binom	1	0	0	0.01600
binom	1	0.1	0	0.03600
binom	1	0.2	0	0.08000
binom	1	0.3	0	0.09900
binom	1	0.4	0	0.13300
binom	1	0.5	0	0.11400
binom	1	0.6	0	0.15900
binom	1	0.7	0	0.13200
binom	1	0.8	0	0.13700
binom	1	0.9	0	0.13800
binom	1	0	0.05	0.07800
binom	1	0.1	0.05	0.08200
binom	1	0.2	0.05	0.10300
binom	1	0.3	0.05	0.14400
binom	1	0.4	0.05	0.14100
binom	1	0.5	0.05	0.16000
binom	1	0.6	0.05	0.15900
binom	1	0.7	0.05	0.15700
binom	1	0.8	0.05	0.14600
binom	1	0.9	0.05	0.16000
binom	1	0	0.1	0.17900
binom	1	0.1	0.1	0.17100
binom	1	0.2	0.1	0.15500
binom	1	0.3	0.1	0.16900
binom	1	0.4	0.1	0.16000
binom	1	0.5	0.1	0.17700
binom	1	0.6	0.1	0.20400
binom	1	0.7	0.1	0.17300
binom	1	0.8	0.1	0.19200
binom	1	0.9	0.1	0.16400
binom	1	0	0.2	0.30200
binom	1	0.1	0.2	0.29800
binom	1	0.2	0.2	0.28400
binom	1	0.3	0.2	0.22700
binom	1	0.4	0.2	0.22300
binom	1	0.5	0.2	0.22100
binom	1	0.6	0.2	0.24200
binom	1	0.7	0.2	0.21500
binom	1	0.8	0.2	0.21000
binom	1	0.9	0.2	0.19300
