binom	1	0	0	0.00900
binom	1	0.1	0	0.04500
binom	1	0.2	0	0.07900
binom	1	0.3	0	0.09200
binom	1	0.4	0	0.12200
binom	1	0.5	0	0.12900
binom	1	0.6	0	0.13900
binom	1	0.7	0	0.15400
binom	1	0.8	0	0.14600
binom	1	0.9	0	0.10500
binom	1	0	0.05	0.08800
binom	1	0.1	0.05	0.08900
binom	1	0.2	0.05	0.10900
binom	1	0.3	0.05	0.12300
binom	1	0.4	0.05	0.15400
binom	1	0.5	0.05	0.17400
binom	1	0.6	0.05	0.18700
binom	1	0.7	0.05	0.19200
binom	1	0.8	0.05	0.18800
binom	1	0.9	0.05	0.16600
binom	1	0	0.1	0.15300
binom	1	0.1	0.1	0.16800
binom	1	0.2	0.1	0.15300
binom	1	0.3	0.1	0.17700
binom	1	0.4	0.1	0.16200
binom	1	0.5	0.1	0.18600
binom	1	0.6	0.1	0.18600
binom	1	0.7	0.1	0.20100
binom	1	0.8	0.1	0.18100
binom	1	0.9	0.1	0.16800
binom	1	0	0.2	0.29800
binom	1	0.1	0.2	0.31800
binom	1	0.2	0.2	0.27300
binom	1	0.3	0.2	0.23200
binom	1	0.4	0.2	0.23600
binom	1	0.5	0.2	0.21800
binom	1	0.6	0.2	0.22100
binom	1	0.7	0.2	0.20800
binom	1	0.8	0.2	0.23300
binom	1	0.9	0.2	0.23500
