binom	1	0	0	0.01300
binom	1	0.1	0	0.05200
binom	1	0.2	0	0.08200
binom	1	0.3	0	0.10000
binom	1	0.4	0	0.14100
binom	1	0.5	0	0.15900
binom	1	0.6	0	0.14900
binom	1	0.7	0	0.14500
binom	1	0.8	0	0.14300
binom	1	0.9	0	0.11000
binom	1	0	0.05	0.08300
binom	1	0.1	0.05	0.06800
binom	1	0.2	0.05	0.12100
binom	1	0.3	0.05	0.13700
binom	1	0.4	0.05	0.13800
binom	1	0.5	0.05	0.16500
binom	1	0.6	0.05	0.15300
binom	1	0.7	0.05	0.16300
binom	1	0.8	0.05	0.16800
binom	1	0.9	0.05	0.13700
binom	1	0	0.1	0.18200
binom	1	0.1	0.1	0.17200
binom	1	0.2	0.1	0.15100
binom	1	0.3	0.1	0.17500
binom	1	0.4	0.1	0.17500
binom	1	0.5	0.1	0.18700
binom	1	0.6	0.1	0.21500
binom	1	0.7	0.1	0.20000
binom	1	0.8	0.1	0.18500
binom	1	0.9	0.1	0.17600
binom	1	0	0.2	0.30500
binom	1	0.1	0.2	0.27600
binom	1	0.2	0.2	0.27000
binom	1	0.3	0.2	0.25600
binom	1	0.4	0.2	0.22200
binom	1	0.5	0.2	0.20700
binom	1	0.6	0.2	0.23900
binom	1	0.7	0.2	0.21500
binom	1	0.8	0.2	0.21900
binom	1	0.9	0.2	0.20900
