binom	1	0	0	0.00900
binom	1	0.1	0	0.04900
binom	1	0.2	0	0.08000
binom	1	0.3	0	0.11400
binom	1	0.4	0	0.12900
binom	1	0.5	0	0.12900
binom	1	0.6	0	0.13800
binom	1	0.7	0	0.14100
binom	1	0.8	0	0.14800
binom	1	0.9	0	0.13600
binom	1	0	0.05	0.10700
binom	1	0.1	0.05	0.08800
binom	1	0.2	0.05	0.11000
binom	1	0.3	0.05	0.13400
binom	1	0.4	0.05	0.17100
binom	1	0.5	0.05	0.14600
binom	1	0.6	0.05	0.17000
binom	1	0.7	0.05	0.18200
binom	1	0.8	0.05	0.15600
binom	1	0.9	0.05	0.14800
binom	1	0	0.1	0.17800
binom	1	0.1	0.1	0.14900
binom	1	0.2	0.1	0.15000
binom	1	0.3	0.1	0.14700
binom	1	0.4	0.1	0.16400
binom	1	0.5	0.1	0.18000
binom	1	0.6	0.1	0.19600
binom	1	0.7	0.1	0.18300
binom	1	0.8	0.1	0.17900
binom	1	0.9	0.1	0.19100
binom	1	0	0.2	0.29200
binom	1	0.1	0.2	0.30900
binom	1	0.2	0.2	0.27700
binom	1	0.3	0.2	0.23100
binom	1	0.4	0.2	0.23800
binom	1	0.5	0.2	0.23500
binom	1	0.6	0.2	0.22500
binom	1	0.7	0.2	0.22900
binom	1	0.8	0.2	0.21200
binom	1	0.9	0.2	0.21500
