binom	1	0	0	0.01200
binom	1	0.1	0	0.03500
binom	1	0.2	0	0.08100
binom	1	0.3	0	0.11900
binom	1	0.4	0	0.12000
binom	1	0.5	0	0.14300
binom	1	0.6	0	0.13100
binom	1	0.7	0	0.15200
binom	1	0.8	0	0.14200
binom	1	0.9	0	0.14200
binom	1	0	0.05	0.07900
binom	1	0.1	0.05	0.08700
binom	1	0.2	0.05	0.11000
binom	1	0.3	0.05	0.14700
binom	1	0.4	0.05	0.14200
binom	1	0.5	0.05	0.15600
binom	1	0.6	0.05	0.15800
binom	1	0.7	0.05	0.16000
binom	1	0.8	0.05	0.16000
binom	1	0.9	0.05	0.16700
binom	1	0	0.1	0.18300
binom	1	0.1	0.1	0.16200
binom	1	0.2	0.1	0.15500
binom	1	0.3	0.1	0.14200
binom	1	0.4	0.1	0.17200
binom	1	0.5	0.1	0.19000
binom	1	0.6	0.1	0.19400
binom	1	0.7	0.1	0.21000
binom	1	0.8	0.1	0.16900
binom	1	0.9	0.1	0.17400
binom	1	0	0.2	0.31400
binom	1	0.1	0.2	0.31300
binom	1	0.2	0.2	0.28800
binom	1	0.3	0.2	0.24100
binom	1	0.4	0.2	0.24300
binom	1	0.5	0.2	0.22200
binom	1	0.6	0.2	0.24400
binom	1	0.7	0.2	0.23100
binom	1	0.8	0.2	0.23300
binom	1	0.9	0.2	0.19800
