binom	1	0	0	0.01300
binom	1	0.1	0	0.03300
binom	1	0.2	0	0.08700
binom	1	0.3	0	0.12100
binom	1	0.4	0	0.11500
binom	1	0.5	0	0.11300
binom	1	0.6	0	0.15500
binom	1	0.7	0	0.13500
binom	1	0.8	0	0.12700
binom	1	0.9	0	0.12600
binom	1	0	0.05	0.10000
binom	1	0.1	0.05	0.09300
binom	1	0.2	0.05	0.13300
binom	1	0.3	0.05	0.13900
binom	1	0.4	0.05	0.13700
binom	1	0.5	0.05	0.15700
binom	1	0.6	0.05	0.18300
binom	1	0.7	0.05	0.17100
binom	1	0.8	0.05	0.16100
binom	1	0.9	0.05	0.15300
binom	1	0	0.1	0.15600
binom	1	0.1	0.1	0.16200
binom	1	0.2	0.1	0.16600
binom	1	0.3	0.1	0.16800
binom	1	0.4	0.1	0.18400
binom	1	0.5	0.1	0.18900
binom	1	0.6	0.1	0.18900
binom	1	0.7	0.1	0.18100
binom	1	0.8	0.1	0.19400
binom	1	0.9	0.1	0.19800
binom	1	0	0.2	0.27400
binom	1	0.1	0.2	0.29800
binom	1	0.2	0.2	0.25400
binom	1	0.3	0.2	0.24600
binom	1	0.4	0.2	0.22100
binom	1	0.5	0.2	0.22200
binom	1	0.6	0.2	0.20900
binom	1	0.7	0.2	0.20400
binom	1	0.8	0.2	0.22400
binom	1	0.9	0.2	0.24400
