binom	0.00960
binom	0.00880
binom	0.01020
binom	0.01240
binom	0.01160
binom	0.00860
binom	0.00880
binom	0.01100
binom	0.00900
binom	0.00980
binom	0.01000
binom	0.00900
binom	0.00920
binom	0.01280
binom	0.01280
binom	0.01120
binom	0.00780
binom	0.00900
binom	0.00980
binom	0.00760
binom	0.01080
binom	0.01160
binom	0.01020
binom	0.01020
binom	0.01000
binom	0.00840
binom	0.00860
binom	0.01020
binom	0.00780
binom	0.00980
binom	0.01020
binom	0.01180
binom	0.00860
binom	0.00880
binom	0.00960
binom	0.01220
binom	0.01120
binom	0.01000
binom	0.01180
binom	0.00880
binom	0.00880
binom	0.01060
binom	0.01080
binom	0.00860
binom	0.00760
binom	0.00960
binom	0.01000
binom	0.00740
binom	0.00940
binom	0.00940
binom	0.01080
