binom	1	0	0	0.00900
binom	1	0.1	0	0.04900
binom	1	0.2	0	0.08000
binom	1	0.3	0	0.12500
binom	1	0.4	0	0.12000
binom	1	0.5	0	0.12900
binom	1	0.6	0	0.12600
binom	1	0.7	0	0.14600
binom	1	0.8	0	0.15100
binom	1	0.9	0	0.13600
binom	1	0	0.05	0.08100
binom	1	0.1	0.05	0.08400
binom	1	0.2	0.05	0.10600
binom	1	0.3	0.05	0.12900
binom	1	0.4	0.05	0.16100
binom	1	0.5	0.05	0.15200
binom	1	0.6	0.05	0.16800
binom	1	0.7	0.05	0.17700
binom	1	0.8	0.05	0.15100
binom	1	0.9	0.05	0.17500
binom	1	0	0.1	0.16600
binom	1	0.1	0.1	0.16300
binom	1	0.2	0.1	0.14900
binom	1	0.3	0.1	0.17000
binom	1	0.4	0.1	0.19400
binom	1	0.5	0.1	0.20400
binom	1	0.6	0.1	0.16200
binom	1	0.7	0.1	0.18700
binom	1	0.8	0.1	0.18700
binom	1	0.9	0.1	0.18600
binom	1	0	0.2	0.30900
binom	1	0.1	0.2	0.31500
binom	1	0.2	0.2	0.26600
binom	1	0.3	0.2	0.24600
binom	1	0.4	0.2	0.23700
binom	1	0.5	0.2	0.23600
binom	1	0.6	0.2	0.23800
binom	1	0.7	0.2	0.23300
binom	1	0.8	0.2	0.20200
binom	1	0.9	0.2	0.21100
