binom	1	0	0	0.01000
binom	1	0.1	0	0.05600
binom	1	0.2	0	0.08600
binom	1	0.3	0	0.10000
binom	1	0.4	0	0.12100
binom	1	0.5	0	0.14000
binom	1	0.6	0	0.15100
binom	1	0.7	0	0.14300
binom	1	0.8	0	0.14600
binom	1	0.9	0	0.13300
binom	1	0	0.05	0.08600
binom	1	0.1	0.05	0.10000
binom	1	0.2	0.05	0.12400
binom	1	0.3	0.05	0.13300
binom	1	0.4	0.05	0.14100
binom	1	0.5	0.05	0.16700
binom	1	0.6	0.05	0.15500
binom	1	0.7	0.05	0.14800
binom	1	0.8	0.05	0.14400
binom	1	0.9	0.05	0.15300
binom	1	0	0.1	0.16700
binom	1	0.1	0.1	0.19100
binom	1	0.2	0.1	0.14800
binom	1	0.3	0.1	0.16600
binom	1	0.4	0.1	0.20000
binom	1	0.5	0.1	0.17000
binom	1	0.6	0.1	0.19300
binom	1	0.7	0.1	0.17100
binom	1	0.8	0.1	0.17200
binom	1	0.9	0.1	0.18300
binom	1	0	0.2	0.33100
binom	1	0.1	0.2	0.30300
binom	1	0.2	0.2	0.26300
binom	1	0.3	0.2	0.24900
binom	1	0.4	0.2	0.20600
binom	1	0.5	0.2	0.23100
binom	1	0.6	0.2	0.25700
binom	1	0.7	0.2	0.21800
binom	1	0.8	0.2	0.23100
binom	1	0.9	0.2	0.18500
