binom	1	0	0	0.00700
binom	1	0.1	0	0.04700
binom	1	0.2	0	0.08100
binom	1	0.3	0	0.11100
binom	1	0.4	0	0.11300
binom	1	0.5	0	0.12700
binom	1	0.6	0	0.12300
binom	1	0.7	0	0.13200
binom	1	0.8	0	0.14300
binom	1	0.9	0	0.13500
binom	1	0	0.05	0.09700
binom	1	0.1	0.05	0.10500
binom	1	0.2	0.05	0.11500
binom	1	0.3	0.05	0.13600
binom	1	0.4	0.05	0.13900
binom	1	0.5	0.05	0.18300
binom	1	0.6	0.05	0.17600
binom	1	0.7	0.05	0.16200
binom	1	0.8	0.05	0.15900
binom	1	0.9	0.05	0.17200
binom	1	0	0.1	0.16700
binom	1	0.1	0.1	0.13800
binom	1	0.2	0.1	0.16300
binom	1	0.3	0.1	0.14300
binom	1	0.4	0.1	0.17400
binom	1	0.5	0.1	0.18600
binom	1	0.6	0.1	0.18200
binom	1	0.7	0.1	0.19200
binom	1	0.8	0.1	0.18200
binom	1	0.9	0.1	0.18300
binom	1	0	0.2	0.28000
binom	1	0.1	0.2	0.31100
binom	1	0.2	0.2	0.26900
binom	1	0.3	0.2	0.26700
binom	1	0.4	0.2	0.22100
binom	1	0.5	0.2	0.21800
binom	1	0.6	0.2	0.22600
binom	1	0.7	0.2	0.24000
binom	1	0.8	0.2	0.21300
binom	1	0.9	0.2	0.20900
