binom	1	0	0	0.01000
binom	1	0.1	0	0.03500
binom	1	0.2	0	0.07700
binom	1	0.3	0	0.11100
binom	1	0.4	0	0.11500
binom	1	0.5	0	0.13600
binom	1	0.6	0	0.13800
binom	1	0.7	0	0.16700
binom	1	0.8	0	0.14900
binom	1	0.9	0	0.14200
binom	1	0	0.05	0.09800
binom	1	0.1	0.05	0.09800
binom	1	0.2	0.05	0.11600
binom	1	0.3	0.05	0.13100
binom	1	0.4	0.05	0.14900
binom	1	0.5	0.05	0.16200
binom	1	0.6	0.05	0.15400
binom	1	0.7	0.05	0.19300
binom	1	0.8	0.05	0.16100
binom	1	0.9	0.05	0.16700
binom	1	0	0.1	0.16800
binom	1	0.1	0.1	0.14900
binom	1	0.2	0.1	0.14800
binom	1	0.3	0.1	0.16300
binom	1	0.4	0.1	0.18500
binom	1	0.5	0.1	0.16900
binom	1	0.6	0.1	0.19700
binom	1	0.7	0.1	0.19300
binom	1	0.8	0.1	0.18500
binom	1	0.9	0.1	0.18500
binom	1	0	0.2	0.29100
binom	1	0.1	0.2	0.29900
binom	1	0.2	0.2	0.27700
binom	1	0.3	0.2	0.26400
binom	1	0.4	0.2	0.22100
binom	1	0.5	0.2	0.21800
binom	1	0.6	0.2	0.24600
binom	1	0.7	0.2	0.21800
binom	1	0.8	0.2	0.22800
binom	1	0.9	0.2	0.23800
