binom	1	0	0	0.00500
binom	1	0.1	0	0.04700
binom	1	0.2	0	0.07700
binom	1	0.3	0	0.10300
binom	1	0.4	0	0.13200
binom	1	0.5	0	0.15900
binom	1	0.6	0	0.16600
binom	1	0.7	0	0.15100
binom	1	0.8	0	0.15500
binom	1	0.9	0	0.13500
binom	1	0	0.05	0.07600
binom	1	0.1	0.05	0.08500
binom	1	0.2	0.05	0.12100
binom	1	0.3	0.05	0.12900
binom	1	0.4	0.05	0.16400
binom	1	0.5	0.05	0.15600
binom	1	0.6	0.05	0.19300
binom	1	0.7	0.05	0.15000
binom	1	0.8	0.05	0.16800
binom	1	0.9	0.05	0.16300
binom	1	0	0.1	0.16800
binom	1	0.1	0.1	0.15300
binom	1	0.2	0.1	0.14900
binom	1	0.3	0.1	0.14800
binom	1	0.4	0.1	0.18700
binom	1	0.5	0.1	0.18100
binom	1	0.6	0.1	0.18200
binom	1	0.7	0.1	0.19100
binom	1	0.8	0.1	0.17500
binom	1	0.9	0.1	0.18100
binom	1	0	0.2	0.29500
binom	1	0.1	0.2	0.30800
binom	1	0.2	0.2	0.28500
binom	1	0.3	0.2	0.22800
binom	1	0.4	0.2	0.24000
binom	1	0.5	0.2	0.21500
binom	1	0.6	0.2	0.23700
binom	1	0.7	0.2	0.25200
binom	1	0.8	0.2	0.21000
binom	1	0.9	0.2	0.20400
