binom	1	0	0	0.00400
binom	1	0.1	0	0.03400
binom	1	0.2	0	0.08400
binom	1	0.3	0	0.10900
binom	1	0.4	0	0.11800
binom	1	0.5	0	0.14500
binom	1	0.6	0	0.14900
binom	1	0.7	0	0.14900
binom	1	0.8	0	0.14400
binom	1	0.9	0	0.12500
binom	1	0	0.05	0.10300
binom	1	0.1	0.05	0.08400
binom	1	0.2	0.05	0.12000
binom	1	0.3	0.05	0.14100
binom	1	0.4	0.05	0.16700
binom	1	0.5	0.05	0.16900
binom	1	0.6	0.05	0.17600
binom	1	0.7	0.05	0.15300
binom	1	0.8	0.05	0.16300
binom	1	0.9	0.05	0.16300
binom	1	0	0.1	0.18500
binom	1	0.1	0.1	0.17300
binom	1	0.2	0.1	0.12700
binom	1	0.3	0.1	0.17600
binom	1	0.4	0.1	0.17400
binom	1	0.5	0.1	0.19600
binom	1	0.6	0.1	0.18200
binom	1	0.7	0.1	0.18400
binom	1	0.8	0.1	0.17800
binom	1	0.9	0.1	0.17500
binom	1	0	0.2	0.30100
binom	1	0.1	0.2	0.30600
binom	1	0.2	0.2	0.24900
binom	1	0.3	0.2	0.23700
binom	1	0.4	0.2	0.20100
binom	1	0.5	0.2	0.23600
binom	1	0.6	0.2	0.21500
binom	1	0.7	0.2	0.21900
binom	1	0.8	0.2	0.22400
binom	1	0.9	0.2	0.18900
