binom	0.02520
binom	0.02720
binom	0.02520
binom	0.01920
binom	0.02240
binom	0.02400
binom	0.02080
binom	0.02680
binom	0.01820
binom	0.02180
binom	0.02260
binom	0.02380
binom	0.02400
binom	0.02300
binom	0.02360
binom	0.02020
binom	0.02580
binom	0.01780
binom	0.02040
binom	0.02160
binom	0.02180
binom	0.02000
binom	0.02060
binom	0.01960
binom	0.02140
binom	0.01900
binom	0.01800
binom	0.01600
binom	0.02140
binom	0.01700
binom	0.01620
binom	0.02120
binom	0.01720
binom	0.01560
binom	0.01620
binom	0.01840
binom	0.01620
binom	0.01760
binom	0.01660
binom	0.01560
binom	0.01740
binom	0.01580
binom	0.01460
binom	0.01540
binom	0.01440
binom	0.01800
binom	0.01620
binom	0.01540
binom	0.01620
binom	0.01700
binom	0.01580
