binom	1	0	0	0.00300
binom	1	0.1	0	0.04400
binom	1	0.2	0	0.08600
binom	1	0.3	0	0.09300
binom	1	0.4	0	0.12800
binom	1	0.5	0	0.13400
binom	1	0.6	0	0.15800
binom	1	0.7	0	0.15000
binom	1	0.8	0	0.14500
binom	1	0.9	0	0.12200
binom	1	0	0.05	0.09400
binom	1	0.1	0.05	0.09500
binom	1	0.2	0.05	0.12100
binom	1	0.3	0.05	0.13000
binom	1	0.4	0.05	0.15800
binom	1	0.5	0.05	0.16600
binom	1	0.6	0.05	0.16200
binom	1	0.7	0.05	0.16800
binom	1	0.8	0.05	0.14800
binom	1	0.9	0.05	0.14200
binom	1	0	0.1	0.16500
binom	1	0.1	0.1	0.15600
binom	1	0.2	0.1	0.12300
binom	1	0.3	0.1	0.15200
binom	1	0.4	0.1	0.18600
binom	1	0.5	0.1	0.17300
binom	1	0.6	0.1	0.19200
binom	1	0.7	0.1	0.18500
binom	1	0.8	0.1	0.21100
binom	1	0.9	0.1	0.17200
binom	1	0	0.2	0.32000
binom	1	0.1	0.2	0.29300
binom	1	0.2	0.2	0.29600
binom	1	0.3	0.2	0.22900
binom	1	0.4	0.2	0.21300
binom	1	0.5	0.2	0.21700
binom	1	0.6	0.2	0.24200
binom	1	0.7	0.2	0.23200
binom	1	0.8	0.2	0.22100
binom	1	0.9	0.2	0.21500
