binom	1	0	0	0.01000
binom	1	0.1	0	0.04400
binom	1	0.2	0	0.07700
binom	1	0.3	0	0.10200
binom	1	0.4	0	0.13400
binom	1	0.5	0	0.14100
binom	1	0.6	0	0.14100
binom	1	0.7	0	0.14200
binom	1	0.8	0	0.13100
binom	1	0.9	0	0.13000
binom	1	0	0.05	0.10800
binom	1	0.1	0.05	0.08900
binom	1	0.2	0.05	0.12200
binom	1	0.3	0.05	0.14500
binom	1	0.4	0.05	0.14500
binom	1	0.5	0.05	0.16000
binom	1	0.6	0.05	0.14000
binom	1	0.7	0.05	0.16800
binom	1	0.8	0.05	0.17300
binom	1	0.9	0.05	0.14600
binom	1	0	0.1	0.17300
binom	1	0.1	0.1	0.15800
binom	1	0.2	0.1	0.14900
binom	1	0.3	0.1	0.17000
binom	1	0.4	0.1	0.19200
binom	1	0.5	0.1	0.17900
binom	1	0.6	0.1	0.18200
binom	1	0.7	0.1	0.20600
binom	1	0.8	0.1	0.17900
binom	1	0.9	0.1	0.14100
binom	1	0	0.2	0.27900
binom	1	0.1	0.2	0.28300
binom	1	0.2	0.2	0.26100
binom	1	0.3	0.2	0.25400
binom	1	0.4	0.2	0.23600
binom	1	0.5	0.2	0.22200
binom	1	0.6	0.2	0.22300
binom	1	0.7	0.2	0.22900
binom	1	0.8	0.2	0.22900
binom	1	0.9	0.2	0.20600
