binom	1	0	0	0.01000
binom	1	0.1	0	0.04400
binom	1	0.2	0	0.08800
binom	1	0.3	0	0.09500
binom	1	0.4	0	0.12900
binom	1	0.5	0	0.14700
binom	1	0.6	0	0.12600
binom	1	0.7	0	0.13700
binom	1	0.8	0	0.16200
binom	1	0.9	0	0.12900
binom	1	0	0.05	0.09600
binom	1	0.1	0.05	0.07900
binom	1	0.2	0.05	0.12700
binom	1	0.3	0.05	0.13600
binom	1	0.4	0.05	0.16200
binom	1	0.5	0.05	0.17900
binom	1	0.6	0.05	0.14000
binom	1	0.7	0.05	0.16800
binom	1	0.8	0.05	0.17300
binom	1	0.9	0.05	0.14600
binom	1	0	0.1	0.17300
binom	1	0.1	0.1	0.17500
binom	1	0.2	0.1	0.14900
binom	1	0.3	0.1	0.18200
binom	1	0.4	0.1	0.15500
binom	1	0.5	0.1	0.18600
binom	1	0.6	0.1	0.17600
binom	1	0.7	0.1	0.20600
binom	1	0.8	0.1	0.17900
binom	1	0.9	0.1	0.19300
binom	1	0	0.2	0.29200
binom	1	0.1	0.2	0.31300
binom	1	0.2	0.2	0.27500
binom	1	0.3	0.2	0.24600
binom	1	0.4	0.2	0.22300
binom	1	0.5	0.2	0.23400
binom	1	0.6	0.2	0.23400
binom	1	0.7	0.2	0.21000
binom	1	0.8	0.2	0.22300
binom	1	0.9	0.2	0.20300
