binom	1	0	0	0.01000
binom	1	0.1	0	0.04400
binom	1	0.2	0	0.08600
binom	1	0.3	0	0.10800
binom	1	0.4	0	0.12100
binom	1	0.5	0	0.15200
binom	1	0.6	0	0.16400
binom	1	0.7	0	0.12800
binom	1	0.8	0	0.14800
binom	1	0.9	0	0.13700
binom	1	0	0.05	0.08000
binom	1	0.1	0.05	0.09500
binom	1	0.2	0.05	0.10900
binom	1	0.3	0.05	0.14500
binom	1	0.4	0.05	0.14400
binom	1	0.5	0.05	0.18600
binom	1	0.6	0.05	0.18500
binom	1	0.7	0.05	0.18100
binom	1	0.8	0.05	0.16700
binom	1	0.9	0.05	0.14900
binom	1	0	0.1	0.17000
binom	1	0.1	0.1	0.16200
binom	1	0.2	0.1	0.18200
binom	1	0.3	0.1	0.14100
binom	1	0.4	0.1	0.18000
binom	1	0.5	0.1	0.18000
binom	1	0.6	0.1	0.17700
binom	1	0.7	0.1	0.19800
binom	1	0.8	0.1	0.17500
binom	1	0.9	0.1	0.18400
binom	1	0	0.2	0.29400
binom	1	0.1	0.2	0.31800
binom	1	0.2	0.2	0.28600
binom	1	0.3	0.2	0.27100
binom	1	0.4	0.2	0.25100
binom	1	0.5	0.2	0.20600
binom	1	0.6	0.2	0.26400
binom	1	0.7	0.2	0.20400
binom	1	0.8	0.2	0.25200
binom	1	0.9	0.2	0.22400
