binom	1	0	0	0.01000
binom	1	0.1	0	0.03900
binom	1	0.2	0	0.06900
binom	1	0.3	0	0.10600
binom	1	0.4	0	0.11500
binom	1	0.5	0	0.12600
binom	1	0.6	0	0.12500
binom	1	0.7	0	0.15900
binom	1	0.8	0	0.13400
binom	1	0.9	0	0.13600
binom	1	0	0.05	0.09800
binom	1	0.1	0.05	0.08400
binom	1	0.2	0.05	0.13200
binom	1	0.3	0.05	0.13300
binom	1	0.4	0.05	0.16100
binom	1	0.5	0.05	0.15300
binom	1	0.6	0.05	0.18400
binom	1	0.7	0.05	0.18200
binom	1	0.8	0.05	0.16900
binom	1	0.9	0.05	0.16500
binom	1	0	0.1	0.16900
binom	1	0.1	0.1	0.16100
binom	1	0.2	0.1	0.14300
binom	1	0.3	0.1	0.17000
binom	1	0.4	0.1	0.17500
binom	1	0.5	0.1	0.17300
binom	1	0.6	0.1	0.18400
binom	1	0.7	0.1	0.20100
binom	1	0.8	0.1	0.19800
binom	1	0.9	0.1	0.18500
binom	1	0	0.2	0.28600
binom	1	0.1	0.2	0.31000
binom	1	0.2	0.2	0.27300
binom	1	0.3	0.2	0.23200
binom	1	0.4	0.2	0.21700
binom	1	0.5	0.2	0.22900
binom	1	0.6	0.2	0.23700
binom	1	0.7	0.2	0.23500
binom	1	0.8	0.2	0.21900
binom	1	0.9	0.2	0.22000
