binom	1	0	0	0.01300
binom	1	0.1	0	0.04000
binom	1	0.2	0	0.08400
binom	1	0.3	0	0.09600
binom	1	0.4	0	0.12300
binom	1	0.5	0	0.13300
binom	1	0.6	0	0.14200
binom	1	0.7	0	0.12900
binom	1	0.8	0	0.14100
binom	1	0.9	0	0.11900
binom	1	0	0.05	0.08300
binom	1	0.1	0.05	0.07900
binom	1	0.2	0.05	0.10800
binom	1	0.3	0.05	0.12900
binom	1	0.4	0.05	0.13500
binom	1	0.5	0.05	0.17300
binom	1	0.6	0.05	0.15100
binom	1	0.7	0.05	0.17600
binom	1	0.8	0.05	0.16200
binom	1	0.9	0.05	0.13400
binom	1	0	0.1	0.15800
binom	1	0.1	0.1	0.17900
binom	1	0.2	0.1	0.14700
binom	1	0.3	0.1	0.18100
binom	1	0.4	0.1	0.16000
binom	1	0.5	0.1	0.18800
binom	1	0.6	0.1	0.18800
binom	1	0.7	0.1	0.20300
binom	1	0.8	0.1	0.18900
binom	1	0.9	0.1	0.15300
binom	1	0	0.2	0.30600
binom	1	0.1	0.2	0.29500
binom	1	0.2	0.2	0.27900
binom	1	0.3	0.2	0.25600
binom	1	0.4	0.2	0.23200
binom	1	0.5	0.2	0.21800
binom	1	0.6	0.2	0.24300
binom	1	0.7	0.2	0.24800
binom	1	0.8	0.2	0.21300
binom	1	0.9	0.2	0.20000
