binom	1	0	0	0.00500
binom	1	0.1	0	0.05600
binom	1	0.2	0	0.08000
binom	1	0.3	0	0.10600
binom	1	0.4	0	0.12800
binom	1	0.5	0	0.12400
binom	1	0.6	0	0.15400
binom	1	0.7	0	0.14400
binom	1	0.8	0	0.16200
binom	1	0.9	0	0.15100
binom	1	0	0.05	0.11700
binom	1	0.1	0.05	0.07800
binom	1	0.2	0.05	0.11800
binom	1	0.3	0.05	0.13200
binom	1	0.4	0.05	0.14500
binom	1	0.5	0.05	0.15300
binom	1	0.6	0.05	0.16300
binom	1	0.7	0.05	0.14100
binom	1	0.8	0.05	0.16800
binom	1	0.9	0.05	0.17700
binom	1	0	0.1	0.16800
binom	1	0.1	0.1	0.15000
binom	1	0.2	0.1	0.14800
binom	1	0.3	0.1	0.16800
binom	1	0.4	0.1	0.17800
binom	1	0.5	0.1	0.20300
binom	1	0.6	0.1	0.21200
binom	1	0.7	0.1	0.20100
binom	1	0.8	0.1	0.18400
binom	1	0.9	0.1	0.16000
binom	1	0	0.2	0.28800
binom	1	0.1	0.2	0.32000
binom	1	0.2	0.2	0.27800
binom	1	0.3	0.2	0.25500
binom	1	0.4	0.2	0.22300
binom	1	0.5	0.2	0.20500
binom	1	0.6	0.2	0.22200
binom	1	0.7	0.2	0.21800
binom	1	0.8	0.2	0.23900
binom	1	0.9	0.2	0.20700
