binom	1	0	0	0.00400
binom	1	0.1	0	0.05100
binom	1	0.2	0	0.06900
binom	1	0.3	0	0.11200
binom	1	0.4	0	0.12700
binom	1	0.5	0	0.14100
binom	1	0.6	0	0.13600
binom	1	0.7	0	0.13800
binom	1	0.8	0	0.14700
binom	1	0.9	0	0.12800
binom	1	0	0.05	0.07900
binom	1	0.1	0.05	0.08600
binom	1	0.2	0.05	0.10100
binom	1	0.3	0.05	0.13100
binom	1	0.4	0.05	0.16100
binom	1	0.5	0.05	0.17700
binom	1	0.6	0.05	0.17900
binom	1	0.7	0.05	0.17600
binom	1	0.8	0.05	0.16600
binom	1	0.9	0.05	0.15700
binom	1	0	0.1	0.17600
binom	1	0.1	0.1	0.19400
binom	1	0.2	0.1	0.14900
binom	1	0.3	0.1	0.18500
binom	1	0.4	0.1	0.16100
binom	1	0.5	0.1	0.20900
binom	1	0.6	0.1	0.19200
binom	1	0.7	0.1	0.18800
binom	1	0.8	0.1	0.20000
binom	1	0.9	0.1	0.16200
binom	1	0	0.2	0.28500
binom	1	0.1	0.2	0.29500
binom	1	0.2	0.2	0.28400
binom	1	0.3	0.2	0.24700
binom	1	0.4	0.2	0.20300
binom	1	0.5	0.2	0.24800
binom	1	0.6	0.2	0.21900
binom	1	0.7	0.2	0.23700
binom	1	0.8	0.2	0.22100
binom	1	0.9	0.2	0.22800
