binom	1	0	0	0.01100
binom	1	0.1	0	0.04300
binom	1	0.2	0	0.07700
binom	1	0.3	0	0.10900
binom	1	0.4	0	0.12300
binom	1	0.5	0	0.14000
binom	1	0.6	0	0.13900
binom	1	0.7	0	0.14000
binom	1	0.8	0	0.13700
binom	1	0.9	0	0.11700
binom	1	0	0.05	0.09300
binom	1	0.1	0.05	0.09800
binom	1	0.2	0.05	0.12800
binom	1	0.3	0.05	0.13300
binom	1	0.4	0.05	0.16200
binom	1	0.5	0.05	0.15100
binom	1	0.6	0.05	0.18400
binom	1	0.7	0.05	0.16800
binom	1	0.8	0.05	0.15300
binom	1	0.9	0.05	0.15700
binom	1	0	0.1	0.16700
binom	1	0.1	0.1	0.16400
binom	1	0.2	0.1	0.14400
binom	1	0.3	0.1	0.17900
binom	1	0.4	0.1	0.20000
binom	1	0.5	0.1	0.18400
binom	1	0.6	0.1	0.20000
binom	1	0.7	0.1	0.18900
binom	1	0.8	0.1	0.18300
binom	1	0.9	0.1	0.18100
binom	1	0	0.2	0.30700
binom	1	0.1	0.2	0.29600
binom	1	0.2	0.2	0.27600
binom	1	0.3	0.2	0.24300
binom	1	0.4	0.2	0.21500
binom	1	0.5	0.2	0.24000
binom	1	0.6	0.2	0.24500
binom	1	0.7	0.2	0.23800
binom	1	0.8	0.2	0.24100
binom	1	0.9	0.2	0.22100
