binom	1	0	0	0.00800
binom	1	0.1	0	0.04900
binom	1	0.2	0	0.07400
binom	1	0.3	0	0.12400
binom	1	0.4	0	0.12000
binom	1	0.5	0	0.14000
binom	1	0.6	0	0.13100
binom	1	0.7	0	0.13300
binom	1	0.8	0	0.15000
binom	1	0.9	0	0.13900
binom	1	0	0.05	0.07500
binom	1	0.1	0.05	0.08100
binom	1	0.2	0.05	0.12800
binom	1	0.3	0.05	0.13400
binom	1	0.4	0.05	0.13900
binom	1	0.5	0.05	0.13900
binom	1	0.6	0.05	0.16900
binom	1	0.7	0.05	0.19100
binom	1	0.8	0.05	0.15900
binom	1	0.9	0.05	0.15000
binom	1	0	0.1	0.16700
binom	1	0.1	0.1	0.17000
binom	1	0.2	0.1	0.12600
binom	1	0.3	0.1	0.16900
binom	1	0.4	0.1	0.20000
binom	1	0.5	0.1	0.20100
binom	1	0.6	0.1	0.19800
binom	1	0.7	0.1	0.19000
binom	1	0.8	0.1	0.19000
binom	1	0.9	0.1	0.17000
binom	1	0	0.2	0.30800
binom	1	0.1	0.2	0.32100
binom	1	0.2	0.2	0.26900
binom	1	0.3	0.2	0.25500
binom	1	0.4	0.2	0.23600
binom	1	0.5	0.2	0.22600
binom	1	0.6	0.2	0.24200
binom	1	0.7	0.2	0.25600
binom	1	0.8	0.2	0.21300
binom	1	0.9	0.2	0.24600
