binom	1	0	0	0.01400
binom	1	0.1	0	0.04300
binom	1	0.2	0	0.07700
binom	1	0.3	0	0.09400
binom	1	0.4	0	0.12400
binom	1	0.5	0	0.14700
binom	1	0.6	0	0.15300
binom	1	0.7	0	0.14400
binom	1	0.8	0	0.13600
binom	1	0.9	0	0.12900
binom	1	0	0.05	0.08700
binom	1	0.1	0.05	0.11200
binom	1	0.2	0.05	0.10600
binom	1	0.3	0.05	0.12400
binom	1	0.4	0.05	0.15100
binom	1	0.5	0.05	0.14500
binom	1	0.6	0.05	0.15400
binom	1	0.7	0.05	0.14800
binom	1	0.8	0.05	0.14900
binom	1	0.9	0.05	0.15700
binom	1	0	0.1	0.16800
binom	1	0.1	0.1	0.15600
binom	1	0.2	0.1	0.13600
binom	1	0.3	0.1	0.16800
binom	1	0.4	0.1	0.17300
binom	1	0.5	0.1	0.16800
binom	1	0.6	0.1	0.18600
binom	1	0.7	0.1	0.19700
binom	1	0.8	0.1	0.18400
binom	1	0.9	0.1	0.18700
binom	1	0	0.2	0.30100
binom	1	0.1	0.2	0.31200
binom	1	0.2	0.2	0.26100
binom	1	0.3	0.2	0.24500
binom	1	0.4	0.2	0.20100
binom	1	0.5	0.2	0.24700
binom	1	0.6	0.2	0.23400
binom	1	0.7	0.2	0.22500
binom	1	0.8	0.2	0.23400
binom	1	0.9	0.2	0.22500
