binom	1	0	0	0.01500
binom	1	0.1	0	0.04900
binom	1	0.2	0	0.08000
binom	1	0.3	0	0.11400
binom	1	0.4	0	0.14000
binom	1	0.5	0	0.13600
binom	1	0.6	0	0.14500
binom	1	0.7	0	0.14400
binom	1	0.8	0	0.14400
binom	1	0.9	0	0.11900
binom	1	0	0.05	0.09900
binom	1	0.1	0.05	0.08800
binom	1	0.2	0.05	0.11000
binom	1	0.3	0.05	0.14100
binom	1	0.4	0.05	0.15200
binom	1	0.5	0.05	0.14600
binom	1	0.6	0.05	0.17000
binom	1	0.7	0.05	0.18200
binom	1	0.8	0.05	0.15700
binom	1	0.9	0.05	0.17200
binom	1	0	0.1	0.17000
binom	1	0.1	0.1	0.16800
binom	1	0.2	0.1	0.14600
binom	1	0.3	0.1	0.16000
binom	1	0.4	0.1	0.17800
binom	1	0.5	0.1	0.18900
binom	1	0.6	0.1	0.20400
binom	1	0.7	0.1	0.20800
binom	1	0.8	0.1	0.19300
binom	1	0.9	0.1	0.17800
binom	1	0	0.2	0.30200
binom	1	0.1	0.2	0.29300
binom	1	0.2	0.2	0.25000
binom	1	0.3	0.2	0.26200
binom	1	0.4	0.2	0.24100
binom	1	0.5	0.2	0.24300
binom	1	0.6	0.2	0.23000
binom	1	0.7	0.2	0.23600
binom	1	0.8	0.2	0.20900
binom	1	0.9	0.2	0.20000
