binom	1	0	0	0.01200
binom	1	0.1	0	0.04600
binom	1	0.2	0	0.09000
binom	1	0.3	0	0.10000
binom	1	0.4	0	0.14200
binom	1	0.5	0	0.13400
binom	1	0.6	0	0.14600
binom	1	0.7	0	0.14000
binom	1	0.8	0	0.13800
binom	1	0.9	0	0.13600
binom	1	0	0.05	0.09500
binom	1	0.1	0.05	0.08600
binom	1	0.2	0.05	0.12400
binom	1	0.3	0.05	0.13800
binom	1	0.4	0.05	0.18100
binom	1	0.5	0.05	0.16800
binom	1	0.6	0.05	0.16200
binom	1	0.7	0.05	0.16600
binom	1	0.8	0.05	0.16600
binom	1	0.9	0.05	0.16200
binom	1	0	0.1	0.16700
binom	1	0.1	0.1	0.14600
binom	1	0.2	0.1	0.14600
binom	1	0.3	0.1	0.16800
binom	1	0.4	0.1	0.16100
binom	1	0.5	0.1	0.19000
binom	1	0.6	0.1	0.18500
binom	1	0.7	0.1	0.19000
binom	1	0.8	0.1	0.20600
binom	1	0.9	0.1	0.16300
binom	1	0	0.2	0.28300
binom	1	0.1	0.2	0.29300
binom	1	0.2	0.2	0.25300
binom	1	0.3	0.2	0.24600
binom	1	0.4	0.2	0.22600
binom	1	0.5	0.2	0.19800
binom	1	0.6	0.2	0.21000
binom	1	0.7	0.2	0.21600
binom	1	0.8	0.2	0.22600
binom	1	0.9	0.2	0.19200
