binom	1	0	0	0.00800
binom	1	0.1	0	0.03500
binom	1	0.2	0	0.08000
binom	1	0.3	0	0.08500
binom	1	0.4	0	0.12400
binom	1	0.5	0	0.13700
binom	1	0.6	0	0.14600
binom	1	0.7	0	0.14100
binom	1	0.8	0	0.14700
binom	1	0.9	0	0.15000
binom	1	0	0.05	0.08900
binom	1	0.1	0.05	0.08300
binom	1	0.2	0.05	0.10700
binom	1	0.3	0.05	0.13500
binom	1	0.4	0.05	0.16000
binom	1	0.5	0.05	0.15700
binom	1	0.6	0.05	0.17100
binom	1	0.7	0.05	0.16700
binom	1	0.8	0.05	0.15200
binom	1	0.9	0.05	0.15200
binom	1	0	0.1	0.17200
binom	1	0.1	0.1	0.15100
binom	1	0.2	0.1	0.16000
binom	1	0.3	0.1	0.17500
binom	1	0.4	0.1	0.17000
binom	1	0.5	0.1	0.19000
binom	1	0.6	0.1	0.18300
binom	1	0.7	0.1	0.18600
binom	1	0.8	0.1	0.18300
binom	1	0.9	0.1	0.19200
binom	1	0	0.2	0.30600
binom	1	0.1	0.2	0.29700
binom	1	0.2	0.2	0.27600
binom	1	0.3	0.2	0.26200
binom	1	0.4	0.2	0.21000
binom	1	0.5	0.2	0.23400
binom	1	0.6	0.2	0.24700
binom	1	0.7	0.2	0.23100
binom	1	0.8	0.2	0.24100
binom	1	0.9	0.2	0.23100
