binom	1	0	0	0.01000
binom	1	0.1	0	0.04400
binom	1	0.2	0	0.07000
binom	1	0.3	0	0.09900
binom	1	0.4	0	0.11500
binom	1	0.5	0	0.14000
binom	1	0.6	0	0.13500
binom	1	0.7	0	0.15700
binom	1	0.8	0	0.14700
binom	1	0.9	0	0.13100
binom	1	0	0.05	0.09100
binom	1	0.1	0.05	0.08400
binom	1	0.2	0.05	0.10400
binom	1	0.3	0.05	0.14000
binom	1	0.4	0.05	0.15400
binom	1	0.5	0.05	0.18300
binom	1	0.6	0.05	0.17100
binom	1	0.7	0.05	0.16500
binom	1	0.8	0.05	0.17800
binom	1	0.9	0.05	0.15200
binom	1	0	0.1	0.16200
binom	1	0.1	0.1	0.15800
binom	1	0.2	0.1	0.15400
binom	1	0.3	0.1	0.15500
binom	1	0.4	0.1	0.17600
binom	1	0.5	0.1	0.17100
binom	1	0.6	0.1	0.18100
binom	1	0.7	0.1	0.17900
binom	1	0.8	0.1	0.19000
binom	1	0.9	0.1	0.18100
binom	1	0	0.2	0.31600
binom	1	0.1	0.2	0.28200
binom	1	0.2	0.2	0.28800
binom	1	0.3	0.2	0.23800
binom	1	0.4	0.2	0.21800
binom	1	0.5	0.2	0.23500
binom	1	0.6	0.2	0.24000
binom	1	0.7	0.2	0.24400
binom	1	0.8	0.2	0.22100
binom	1	0.9	0.2	0.20800
