binom	0.02060
binom	0.01820
binom	0.02280
binom	0.01500
binom	0.02360
binom	0.02200
binom	0.02260
binom	0.02540
binom	0.02280
binom	0.01720
binom	0.02200
binom	0.02180
binom	0.02040
binom	0.02220
binom	0.02320
binom	0.02100
binom	0.01720
binom	0.02140
binom	0.02200
binom	0.02240
binom	0.02020
binom	0.01960
binom	0.01800
binom	0.01520
binom	0.02260
binom	0.02180
binom	0.01960
binom	0.01980
binom	0.01620
binom	0.01460
binom	0.01560
binom	0.01760
binom	0.02060
binom	0.01880
binom	0.01760
binom	0.01740
binom	0.01640
binom	0.01860
binom	0.01820
binom	0.01640
binom	0.01520
binom	0.01320
binom	0.01700
binom	0.01620
binom	0.01640
binom	0.01680
binom	0.01260
binom	0.01480
binom	0.01380
binom	0.01620
binom	0.01460
