binom	1	0	0	0.01300
binom	1	0.1	0	0.04500
binom	1	0.2	0	0.07900
binom	1	0.3	0	0.10600
binom	1	0.4	0	0.11800
binom	1	0.5	0	0.14300
binom	1	0.6	0	0.15000
binom	1	0.7	0	0.14600
binom	1	0.8	0	0.15300
binom	1	0.9	0	0.12100
binom	1	0	0.05	0.08000
binom	1	0.1	0.05	0.08100
binom	1	0.2	0.05	0.11100
binom	1	0.3	0.05	0.13800
binom	1	0.4	0.05	0.13000
binom	1	0.5	0.05	0.15600
binom	1	0.6	0.05	0.19300
binom	1	0.7	0.05	0.17600
binom	1	0.8	0.05	0.14900
binom	1	0.9	0.05	0.14800
binom	1	0	0.1	0.16400
binom	1	0.1	0.1	0.17800
binom	1	0.2	0.1	0.15000
binom	1	0.3	0.1	0.16100
binom	1	0.4	0.1	0.18700
binom	1	0.5	0.1	0.19400
binom	1	0.6	0.1	0.18500
binom	1	0.7	0.1	0.20100
binom	1	0.8	0.1	0.16600
binom	1	0.9	0.1	0.16500
binom	1	0	0.2	0.32700
binom	1	0.1	0.2	0.31900
binom	1	0.2	0.2	0.27200
binom	1	0.3	0.2	0.22800
binom	1	0.4	0.2	0.24300
binom	1	0.5	0.2	0.20600
binom	1	0.6	0.2	0.22800
binom	1	0.7	0.2	0.25100
binom	1	0.8	0.2	0.22700
binom	1	0.9	0.2	0.21600
