binom	1	0	0	0.00700
binom	1	0.1	0	0.04800
binom	1	0.2	0	0.07700
binom	1	0.3	0	0.10500
binom	1	0.4	0	0.14000
binom	1	0.5	0	0.15900
binom	1	0.6	0	0.15300
binom	1	0.7	0	0.15500
binom	1	0.8	0	0.14600
binom	1	0.9	0	0.11500
binom	1	0	0.05	0.09200
binom	1	0.1	0.05	0.09500
binom	1	0.2	0.05	0.11500
binom	1	0.3	0.05	0.13200
binom	1	0.4	0.05	0.14000
binom	1	0.5	0.05	0.16200
binom	1	0.6	0.05	0.18400
binom	1	0.7	0.05	0.15800
binom	1	0.8	0.05	0.15100
binom	1	0.9	0.05	0.15800
binom	1	0	0.1	0.17200
binom	1	0.1	0.1	0.17600
binom	1	0.2	0.1	0.14900
binom	1	0.3	0.1	0.15700
binom	1	0.4	0.1	0.17900
binom	1	0.5	0.1	0.18700
binom	1	0.6	0.1	0.18700
binom	1	0.7	0.1	0.18300
binom	1	0.8	0.1	0.17700
binom	1	0.9	0.1	0.17400
binom	1	0	0.2	0.29300
binom	1	0.1	0.2	0.29700
binom	1	0.2	0.2	0.28200
binom	1	0.3	0.2	0.26800
binom	1	0.4	0.2	0.21100
binom	1	0.5	0.2	0.21800
binom	1	0.6	0.2	0.21600
binom	1	0.7	0.2	0.22900
binom	1	0.8	0.2	0.21600
binom	1	0.9	0.2	0.21800
