binom	1	0	0	0.01300
binom	1	0.1	0	0.05100
binom	1	0.2	0	0.06400
binom	1	0.3	0	0.11100
binom	1	0.4	0	0.12700
binom	1	0.5	0	0.13800
binom	1	0.6	0	0.14500
binom	1	0.7	0	0.15100
binom	1	0.8	0	0.14200
binom	1	0.9	0	0.13800
binom	1	0	0.05	0.09300
binom	1	0.1	0.05	0.09600
binom	1	0.2	0.05	0.12300
binom	1	0.3	0.05	0.15900
binom	1	0.4	0.05	0.15400
binom	1	0.5	0.05	0.16300
binom	1	0.6	0.05	0.16000
binom	1	0.7	0.05	0.17300
binom	1	0.8	0.05	0.17100
binom	1	0.9	0.05	0.13400
binom	1	0	0.1	0.17500
binom	1	0.1	0.1	0.16500
binom	1	0.2	0.1	0.14200
binom	1	0.3	0.1	0.17100
binom	1	0.4	0.1	0.17900
binom	1	0.5	0.1	0.16900
binom	1	0.6	0.1	0.19200
binom	1	0.7	0.1	0.17400
binom	1	0.8	0.1	0.18500
binom	1	0.9	0.1	0.18800
binom	1	0	0.2	0.30600
binom	1	0.1	0.2	0.31500
binom	1	0.2	0.2	0.28200
binom	1	0.3	0.2	0.22700
binom	1	0.4	0.2	0.22400
binom	1	0.5	0.2	0.22900
binom	1	0.6	0.2	0.23000
binom	1	0.7	0.2	0.22500
binom	1	0.8	0.2	0.22800
binom	1	0.9	0.2	0.22400
