binom	1	0	0	0.00700
binom	1	0.1	0	0.04200
binom	1	0.2	0	0.06400
binom	1	0.3	0	0.09800
binom	1	0.4	0	0.10800
binom	1	0.5	0	0.13000
binom	1	0.6	0	0.15700
binom	1	0.7	0	0.15500
binom	1	0.8	0	0.13600
binom	1	0.9	0	0.14000
binom	1	0	0.05	0.10500
binom	1	0.1	0.05	0.07900
binom	1	0.2	0.05	0.12100
binom	1	0.3	0.05	0.13300
binom	1	0.4	0.05	0.13700
binom	1	0.5	0.05	0.17000
binom	1	0.6	0.05	0.17600
binom	1	0.7	0.05	0.16700
binom	1	0.8	0.05	0.17700
binom	1	0.9	0.05	0.13700
binom	1	0	0.1	0.17100
binom	1	0.1	0.1	0.17300
binom	1	0.2	0.1	0.13300
binom	1	0.3	0.1	0.17800
binom	1	0.4	0.1	0.18400
binom	1	0.5	0.1	0.18400
binom	1	0.6	0.1	0.21000
binom	1	0.7	0.1	0.19800
binom	1	0.8	0.1	0.17900
binom	1	0.9	0.1	0.18800
binom	1	0	0.2	0.30700
binom	1	0.1	0.2	0.31000
binom	1	0.2	0.2	0.25800
binom	1	0.3	0.2	0.30500
binom	1	0.4	0.2	0.20300
binom	1	0.5	0.2	0.26200
binom	1	0.6	0.2	0.22700
binom	1	0.7	0.2	0.23600
binom	1	0.8	0.2	0.23700
binom	1	0.9	0.2	0.21600
