binom	1	0	0	0.01200
binom	1	0.1	0	0.04100
binom	1	0.2	0	0.09000
binom	1	0.3	0	0.10000
binom	1	0.4	0	0.14200
binom	1	0.5	0	0.15000
binom	1	0.6	0	0.14300
binom	1	0.7	0	0.14000
binom	1	0.8	0	0.13400
binom	1	0.9	0	0.12700
binom	1	0	0.05	0.09500
binom	1	0.1	0.05	0.09500
binom	1	0.2	0.05	0.10900
binom	1	0.3	0.05	0.13700
binom	1	0.4	0.05	0.13600
binom	1	0.5	0.05	0.16600
binom	1	0.6	0.05	0.16600
binom	1	0.7	0.05	0.16300
binom	1	0.8	0.05	0.16100
binom	1	0.9	0.05	0.15600
binom	1	0	0.1	0.16000
binom	1	0.1	0.1	0.16600
binom	1	0.2	0.1	0.13500
binom	1	0.3	0.1	0.16300
binom	1	0.4	0.1	0.15700
binom	1	0.5	0.1	0.18000
binom	1	0.6	0.1	0.16700
binom	1	0.7	0.1	0.18700
binom	1	0.8	0.1	0.22000
binom	1	0.9	0.1	0.18500
binom	1	0	0.2	0.30200
binom	1	0.1	0.2	0.31800
binom	1	0.2	0.2	0.27600
binom	1	0.3	0.2	0.25200
binom	1	0.4	0.2	0.20200
binom	1	0.5	0.2	0.25000
binom	1	0.6	0.2	0.24500
binom	1	0.7	0.2	0.22300
binom	1	0.8	0.2	0.21700
binom	1	0.9	0.2	0.21100
