binom	1	0	0	0.00900
binom	1	0.1	0	0.03800
binom	1	0.2	0	0.06600
binom	1	0.3	0	0.10100
binom	1	0.4	0	0.13800
binom	1	0.5	0	0.15000
binom	1	0.6	0	0.14000
binom	1	0.7	0	0.15500
binom	1	0.8	0	0.13700
binom	1	0.9	0	0.13300
binom	1	0	0.05	0.10200
binom	1	0.1	0.05	0.07500
binom	1	0.2	0.05	0.11900
binom	1	0.3	0.05	0.13700
binom	1	0.4	0.05	0.15500
binom	1	0.5	0.05	0.16000
binom	1	0.6	0.05	0.18200
binom	1	0.7	0.05	0.16600
binom	1	0.8	0.05	0.17000
binom	1	0.9	0.05	0.15400
binom	1	0	0.1	0.16600
binom	1	0.1	0.1	0.15100
binom	1	0.2	0.1	0.14300
binom	1	0.3	0.1	0.17000
binom	1	0.4	0.1	0.19100
binom	1	0.5	0.1	0.19900
binom	1	0.6	0.1	0.19300
binom	1	0.7	0.1	0.17600
binom	1	0.8	0.1	0.18200
binom	1	0.9	0.1	0.19800
binom	1	0	0.2	0.27300
binom	1	0.1	0.2	0.31200
binom	1	0.2	0.2	0.26500
binom	1	0.3	0.2	0.23800
binom	1	0.4	0.2	0.21800
binom	1	0.5	0.2	0.20800
binom	1	0.6	0.2	0.22400
binom	1	0.7	0.2	0.21300
binom	1	0.8	0.2	0.20700
binom	1	0.9	0.2	0.21000
