binom	1	0	0	0.01000
binom	1	0.1	0	0.03500
binom	1	0.2	0	0.09800
binom	1	0.3	0	0.11000
binom	1	0.4	0	0.13600
binom	1	0.5	0	0.15600
binom	1	0.6	0	0.15800
binom	1	0.7	0	0.17600
binom	1	0.8	0	0.15500
binom	1	0.9	0	0.12200
binom	1	0	0.05	0.10600
binom	1	0.1	0.05	0.10300
binom	1	0.2	0.05	0.13200
binom	1	0.3	0.05	0.14000
binom	1	0.4	0.05	0.15600
binom	1	0.5	0.05	0.16700
binom	1	0.6	0.05	0.17200
binom	1	0.7	0.05	0.17000
binom	1	0.8	0.05	0.15600
binom	1	0.9	0.05	0.15000
binom	1	0	0.1	0.15700
binom	1	0.1	0.1	0.14500
binom	1	0.2	0.1	0.14900
binom	1	0.3	0.1	0.14000
binom	1	0.4	0.1	0.18200
binom	1	0.5	0.1	0.18800
binom	1	0.6	0.1	0.18700
binom	1	0.7	0.1	0.17800
binom	1	0.8	0.1	0.18400
binom	1	0.9	0.1	0.18400
binom	1	0	0.2	0.29300
binom	1	0.1	0.2	0.30200
binom	1	0.2	0.2	0.26500
binom	1	0.3	0.2	0.24000
binom	1	0.4	0.2	0.22100
binom	1	0.5	0.2	0.23000
binom	1	0.6	0.2	0.23200
binom	1	0.7	0.2	0.23200
binom	1	0.8	0.2	0.23300
binom	1	0.9	0.2	0.24600
