binom	1	0	0	0.00900
binom	1	0.1	0	0.04400
binom	1	0.2	0	0.06600
binom	1	0.3	0	0.11000
binom	1	0.4	0	0.11100
binom	1	0.5	0	0.13900
binom	1	0.6	0	0.15000
binom	1	0.7	0	0.14700
binom	1	0.8	0	0.14300
binom	1	0.9	0	0.13700
binom	1	0	0.05	0.09500
binom	1	0.1	0.05	0.09300
binom	1	0.2	0.05	0.11200
binom	1	0.3	0.05	0.13300
binom	1	0.4	0.05	0.13700
binom	1	0.5	0.05	0.15700
binom	1	0.6	0.05	0.15300
binom	1	0.7	0.05	0.13200
binom	1	0.8	0.05	0.18500
binom	1	0.9	0.05	0.15900
binom	1	0	0.1	0.17500
binom	1	0.1	0.1	0.16300
binom	1	0.2	0.1	0.14500
binom	1	0.3	0.1	0.15600
binom	1	0.4	0.1	0.19000
binom	1	0.5	0.1	0.20600
binom	1	0.6	0.1	0.20100
binom	1	0.7	0.1	0.20300
binom	1	0.8	0.1	0.18800
binom	1	0.9	0.1	0.16800
binom	1	0	0.2	0.28500
binom	1	0.1	0.2	0.28600
binom	1	0.2	0.2	0.28000
binom	1	0.3	0.2	0.26300
binom	1	0.4	0.2	0.24900
binom	1	0.5	0.2	0.23800
binom	1	0.6	0.2	0.22100
binom	1	0.7	0.2	0.21400
binom	1	0.8	0.2	0.23900
binom	1	0.9	0.2	0.19800
