binom	1	0	0	0.01000
binom	1	0.1	0	0.04400
binom	1	0.2	0	0.07000
binom	1	0.3	0	0.09900
binom	1	0.4	0	0.11500
binom	1	0.5	0	0.14000
binom	1	0.6	0	0.13500
binom	1	0.7	0	0.15700
binom	1	0.8	0	0.14700
binom	1	0.9	0	0.13100
binom	1	0	0.05	0.09100
binom	1	0.1	0.05	0.09100
binom	1	0.2	0.05	0.11800
binom	1	0.3	0.05	0.13900
binom	1	0.4	0.05	0.15200
binom	1	0.5	0.05	0.15200
binom	1	0.6	0.05	0.16600
binom	1	0.7	0.05	0.16800
binom	1	0.8	0.05	0.15700
binom	1	0.9	0.05	0.16300
binom	1	0	0.1	0.18700
binom	1	0.1	0.1	0.15000
binom	1	0.2	0.1	0.15600
binom	1	0.3	0.1	0.18100
binom	1	0.4	0.1	0.17100
binom	1	0.5	0.1	0.18200
binom	1	0.6	0.1	0.20900
binom	1	0.7	0.1	0.19400
binom	1	0.8	0.1	0.18100
binom	1	0.9	0.1	0.17700
binom	1	0	0.2	0.30700
binom	1	0.1	0.2	0.29900
binom	1	0.2	0.2	0.26100
binom	1	0.3	0.2	0.25400
binom	1	0.4	0.2	0.23300
binom	1	0.5	0.2	0.24700
binom	1	0.6	0.2	0.24100
binom	1	0.7	0.2	0.27000
binom	1	0.8	0.2	0.22400
binom	1	0.9	0.2	0.22300
