binom	1	0	0	0.00800
binom	1	0.1	0	0.04600
binom	1	0.2	0	0.09200
binom	1	0.3	0	0.10000
binom	1	0.4	0	0.13400
binom	1	0.5	0	0.12900
binom	1	0.6	0	0.13600
binom	1	0.7	0	0.13400
binom	1	0.8	0	0.15000
binom	1	0.9	0	0.15100
binom	1	0	0.05	0.09700
binom	1	0.1	0.05	0.09400
binom	1	0.2	0.05	0.10000
binom	1	0.3	0.05	0.14900
binom	1	0.4	0.05	0.14700
binom	1	0.5	0.05	0.14800
binom	1	0.6	0.05	0.18400
binom	1	0.7	0.05	0.16800
binom	1	0.8	0.05	0.17400
binom	1	0.9	0.05	0.14100
binom	1	0	0.1	0.16400
binom	1	0.1	0.1	0.16800
binom	1	0.2	0.1	0.15800
binom	1	0.3	0.1	0.16000
binom	1	0.4	0.1	0.15200
binom	1	0.5	0.1	0.19600
binom	1	0.6	0.1	0.20500
binom	1	0.7	0.1	0.19800
binom	1	0.8	0.1	0.18300
binom	1	0.9	0.1	0.18300
binom	1	0	0.2	0.28600
binom	1	0.1	0.2	0.30500
binom	1	0.2	0.2	0.29300
binom	1	0.3	0.2	0.25800
binom	1	0.4	0.2	0.21500
binom	1	0.5	0.2	0.23400
binom	1	0.6	0.2	0.24400
binom	1	0.7	0.2	0.22300
binom	1	0.8	0.2	0.22900
binom	1	0.9	0.2	0.19400
