binom	1	0	0	0.01200
binom	1	0.1	0	0.03400
binom	1	0.2	0	0.06400
binom	1	0.3	0	0.11700
binom	1	0.4	0	0.10800
binom	1	0.5	0	0.13600
binom	1	0.6	0	0.14300
binom	1	0.7	0	0.14000
binom	1	0.8	0	0.13400
binom	1	0.9	0	0.13200
binom	1	0	0.05	0.09800
binom	1	0.1	0.05	0.09500
binom	1	0.2	0.05	0.11800
binom	1	0.3	0.05	0.13500
binom	1	0.4	0.05	0.18100
binom	1	0.5	0.05	0.15300
binom	1	0.6	0.05	0.18200
binom	1	0.7	0.05	0.18900
binom	1	0.8	0.05	0.16200
binom	1	0.9	0.05	0.15200
binom	1	0	0.1	0.19500
binom	1	0.1	0.1	0.15800
binom	1	0.2	0.1	0.14400
binom	1	0.3	0.1	0.18800
binom	1	0.4	0.1	0.18400
binom	1	0.5	0.1	0.18400
binom	1	0.6	0.1	0.17500
binom	1	0.7	0.1	0.18900
binom	1	0.8	0.1	0.19500
binom	1	0.9	0.1	0.16600
binom	1	0	0.2	0.28500
binom	1	0.1	0.2	0.29200
binom	1	0.2	0.2	0.28300
binom	1	0.3	0.2	0.24300
binom	1	0.4	0.2	0.22300
binom	1	0.5	0.2	0.20700
binom	1	0.6	0.2	0.25400
binom	1	0.7	0.2	0.22300
binom	1	0.8	0.2	0.21300
binom	1	0.9	0.2	0.21100
