binom	1	0	0	0.01300
binom	1	0.1	0	0.03700
binom	1	0.2	0	0.07600
binom	1	0.3	0	0.10400
binom	1	0.4	0	0.14800
binom	1	0.5	0	0.14400
binom	1	0.6	0	0.15600
binom	1	0.7	0	0.14500
binom	1	0.8	0	0.16300
binom	1	0.9	0	0.13700
binom	1	0	0.05	0.09800
binom	1	0.1	0.05	0.08800
binom	1	0.2	0.05	0.12000
binom	1	0.3	0.05	0.14100
binom	1	0.4	0.05	0.15100
binom	1	0.5	0.05	0.17200
binom	1	0.6	0.05	0.19100
binom	1	0.7	0.05	0.16300
binom	1	0.8	0.05	0.18000
binom	1	0.9	0.05	0.17300
binom	1	0	0.1	0.16000
binom	1	0.1	0.1	0.16100
binom	1	0.2	0.1	0.13800
binom	1	0.3	0.1	0.14500
binom	1	0.4	0.1	0.19900
binom	1	0.5	0.1	0.17800
binom	1	0.6	0.1	0.17700
binom	1	0.7	0.1	0.19900
binom	1	0.8	0.1	0.17500
binom	1	0.9	0.1	0.16500
binom	1	0	0.2	0.28500
binom	1	0.1	0.2	0.29800
binom	1	0.2	0.2	0.29600
binom	1	0.3	0.2	0.26600
binom	1	0.4	0.2	0.22400
binom	1	0.5	0.2	0.23700
binom	1	0.6	0.2	0.22500
binom	1	0.7	0.2	0.22100
binom	1	0.8	0.2	0.23600
binom	1	0.9	0.2	0.19700
