binom	1	0	0	0.01000
binom	1	0.1	0	0.04200
binom	1	0.2	0	0.07800
binom	1	0.3	0	0.11700
binom	1	0.4	0	0.11500
binom	1	0.5	0	0.13400
binom	1	0.6	0	0.16000
binom	1	0.7	0	0.13400
binom	1	0.8	0	0.13600
binom	1	0.9	0	0.14900
binom	1	0	0.05	0.09400
binom	1	0.1	0.05	0.08500
binom	1	0.2	0.05	0.11600
binom	1	0.3	0.05	0.14000
binom	1	0.4	0.05	0.15300
binom	1	0.5	0.05	0.16000
binom	1	0.6	0.05	0.15900
binom	1	0.7	0.05	0.15900
binom	1	0.8	0.05	0.16300
binom	1	0.9	0.05	0.15500
binom	1	0	0.1	0.18400
binom	1	0.1	0.1	0.16600
binom	1	0.2	0.1	0.15300
binom	1	0.3	0.1	0.14900
binom	1	0.4	0.1	0.16100
binom	1	0.5	0.1	0.19000
binom	1	0.6	0.1	0.20300
binom	1	0.7	0.1	0.18500
binom	1	0.8	0.1	0.18000
binom	1	0.9	0.1	0.18400
binom	1	0	0.2	0.28800
binom	1	0.1	0.2	0.28300
binom	1	0.2	0.2	0.29100
binom	1	0.3	0.2	0.24000
binom	1	0.4	0.2	0.22400
binom	1	0.5	0.2	0.21200
binom	1	0.6	0.2	0.23400
binom	1	0.7	0.2	0.24700
binom	1	0.8	0.2	0.22100
binom	1	0.9	0.2	0.20000
