binom	1	0	0	0.00800
binom	1	0.1	0	0.04400
binom	1	0.2	0	0.09800
binom	1	0.3	0	0.10400
binom	1	0.4	0	0.13300
binom	1	0.5	0	0.12200
binom	1	0.6	0	0.14500
binom	1	0.7	0	0.14200
binom	1	0.8	0	0.13400
binom	1	0.9	0	0.12500
binom	1	0	0.05	0.08900
binom	1	0.1	0.05	0.08300
binom	1	0.2	0.05	0.11900
binom	1	0.3	0.05	0.13000
binom	1	0.4	0.05	0.14700
binom	1	0.5	0.05	0.15700
binom	1	0.6	0.05	0.18900
binom	1	0.7	0.05	0.17700
binom	1	0.8	0.05	0.16000
binom	1	0.9	0.05	0.15400
binom	1	0	0.1	0.16100
binom	1	0.1	0.1	0.16200
binom	1	0.2	0.1	0.14700
binom	1	0.3	0.1	0.16700
binom	1	0.4	0.1	0.17200
binom	1	0.5	0.1	0.18500
binom	1	0.6	0.1	0.20900
binom	1	0.7	0.1	0.19400
binom	1	0.8	0.1	0.20400
binom	1	0.9	0.1	0.17000
binom	1	0	0.2	0.29300
binom	1	0.1	0.2	0.29000
binom	1	0.2	0.2	0.29400
binom	1	0.3	0.2	0.26300
binom	1	0.4	0.2	0.20900
binom	1	0.5	0.2	0.21900
binom	1	0.6	0.2	0.22900
binom	1	0.7	0.2	0.22200
binom	1	0.8	0.2	0.19500
binom	1	0.9	0.2	0.21800
