binom	1	0	0	0.01200
binom	1	0.1	0	0.04300
binom	1	0.2	0	0.08800
binom	1	0.3	0	0.11400
binom	1	0.4	0	0.11800
binom	1	0.5	0	0.16500
binom	1	0.6	0	0.16400
binom	1	0.7	0	0.15200
binom	1	0.8	0	0.14300
binom	1	0.9	0	0.14700
binom	1	0	0.05	0.07900
binom	1	0.1	0.05	0.08200
binom	1	0.2	0.05	0.12300
binom	1	0.3	0.05	0.12900
binom	1	0.4	0.05	0.13300
binom	1	0.5	0.05	0.14300
binom	1	0.6	0.05	0.16400
binom	1	0.7	0.05	0.16500
binom	1	0.8	0.05	0.16900
binom	1	0.9	0.05	0.17000
binom	1	0	0.1	0.15700
binom	1	0.1	0.1	0.14900
binom	1	0.2	0.1	0.14500
binom	1	0.3	0.1	0.16600
binom	1	0.4	0.1	0.15900
binom	1	0.5	0.1	0.16900
binom	1	0.6	0.1	0.21800
binom	1	0.7	0.1	0.19200
binom	1	0.8	0.1	0.16800
binom	1	0.9	0.1	0.17200
binom	1	0	0.2	0.28600
binom	1	0.1	0.2	0.29800
binom	1	0.2	0.2	0.26900
binom	1	0.3	0.2	0.24800
binom	1	0.4	0.2	0.21000
binom	1	0.5	0.2	0.23300
binom	1	0.6	0.2	0.24000
binom	1	0.7	0.2	0.23200
binom	1	0.8	0.2	0.23000
binom	1	0.9	0.2	0.22500
