binom	0.01180
binom	0.00940
binom	0.01100
binom	0.01100
binom	0.01000
binom	0.00940
binom	0.01000
binom	0.01100
binom	0.01000
binom	0.00980
binom	0.00880
binom	0.00980
binom	0.01140
binom	0.01160
binom	0.00880
binom	0.01240
binom	0.00840
binom	0.00880
binom	0.00940
binom	0.01260
binom	0.00920
binom	0.01100
binom	0.01000
binom	0.00540
binom	0.01020
binom	0.01180
binom	0.01000
binom	0.01300
binom	0.00720
binom	0.01120
binom	0.01320
binom	0.01000
binom	0.00840
binom	0.00880
binom	0.01160
binom	0.01200
binom	0.01160
binom	0.00980
binom	0.01020
binom	0.01020
binom	0.01040
binom	0.00720
binom	0.01040
binom	0.00660
binom	0.01200
binom	0.01020
binom	0.00940
binom	0.01080
binom	0.01100
binom	0.00800
binom	0.01000
