binom	1	0	0	0.00800
binom	1	0.1	0	0.04100
binom	1	0.2	0	0.08300
binom	1	0.3	0	0.10900
binom	1	0.4	0	0.12100
binom	1	0.5	0	0.14300
binom	1	0.6	0	0.13400
binom	1	0.7	0	0.14600
binom	1	0.8	0	0.14800
binom	1	0.9	0	0.12000
binom	1	0	0.05	0.09600
binom	1	0.1	0.05	0.10100
binom	1	0.2	0.05	0.10800
binom	1	0.3	0.05	0.13600
binom	1	0.4	0.05	0.15200
binom	1	0.5	0.05	0.17500
binom	1	0.6	0.05	0.16800
binom	1	0.7	0.05	0.17600
binom	1	0.8	0.05	0.15900
binom	1	0.9	0.05	0.16300
binom	1	0	0.1	0.15300
binom	1	0.1	0.1	0.16500
binom	1	0.2	0.1	0.15300
binom	1	0.3	0.1	0.17400
binom	1	0.4	0.1	0.17100
binom	1	0.5	0.1	0.20400
binom	1	0.6	0.1	0.19300
binom	1	0.7	0.1	0.20100
binom	1	0.8	0.1	0.19500
binom	1	0.9	0.1	0.16800
binom	1	0	0.2	0.30800
binom	1	0.1	0.2	0.29700
binom	1	0.2	0.2	0.27600
binom	1	0.3	0.2	0.24300
binom	1	0.4	0.2	0.24700
binom	1	0.5	0.2	0.23200
binom	1	0.6	0.2	0.24400
binom	1	0.7	0.2	0.24300
binom	1	0.8	0.2	0.21600
binom	1	0.9	0.2	0.23700
