binom	1	0	0	0.00900
binom	1	0.1	0	0.03900
binom	1	0.2	0	0.07200
binom	1	0.3	0	0.10600
binom	1	0.4	0	0.12200
binom	1	0.5	0	0.15400
binom	1	0.6	0	0.13900
binom	1	0.7	0	0.15300
binom	1	0.8	0	0.14000
binom	1	0.9	0	0.13400
binom	1	0	0.05	0.10400
binom	1	0.1	0.05	0.08400
binom	1	0.2	0.05	0.10200
binom	1	0.3	0.05	0.15000
binom	1	0.4	0.05	0.14000
binom	1	0.5	0.05	0.15100
binom	1	0.6	0.05	0.15900
binom	1	0.7	0.05	0.17600
binom	1	0.8	0.05	0.16200
binom	1	0.9	0.05	0.14500
binom	1	0	0.1	0.16500
binom	1	0.1	0.1	0.16400
binom	1	0.2	0.1	0.15800
binom	1	0.3	0.1	0.16000
binom	1	0.4	0.1	0.18000
binom	1	0.5	0.1	0.21300
binom	1	0.6	0.1	0.18000
binom	1	0.7	0.1	0.20400
binom	1	0.8	0.1	0.20100
binom	1	0.9	0.1	0.16500
binom	1	0	0.2	0.29400
binom	1	0.1	0.2	0.29600
binom	1	0.2	0.2	0.26300
binom	1	0.3	0.2	0.26200
binom	1	0.4	0.2	0.23600
binom	1	0.5	0.2	0.22900
binom	1	0.6	0.2	0.22800
binom	1	0.7	0.2	0.24000
binom	1	0.8	0.2	0.20500
binom	1	0.9	0.2	0.19700
