binom	1	0	0	0.00900
binom	1	0.1	0	0.03700
binom	1	0.2	0	0.07900
binom	1	0.3	0	0.11200
binom	1	0.4	0	0.12500
binom	1	0.5	0	0.14200
binom	1	0.6	0	0.13300
binom	1	0.7	0	0.14300
binom	1	0.8	0	0.13800
binom	1	0.9	0	0.13200
binom	1	0	0.05	0.09900
binom	1	0.1	0.05	0.08900
binom	1	0.2	0.05	0.11100
binom	1	0.3	0.05	0.13000
binom	1	0.4	0.05	0.14900
binom	1	0.5	0.05	0.16800
binom	1	0.6	0.05	0.15700
binom	1	0.7	0.05	0.19400
binom	1	0.8	0.05	0.16800
binom	1	0.9	0.05	0.16100
binom	1	0	0.1	0.17700
binom	1	0.1	0.1	0.16300
binom	1	0.2	0.1	0.14200
binom	1	0.3	0.1	0.16100
binom	1	0.4	0.1	0.17100
binom	1	0.5	0.1	0.17200
binom	1	0.6	0.1	0.16900
binom	1	0.7	0.1	0.20600
binom	1	0.8	0.1	0.19500
binom	1	0.9	0.1	0.17600
binom	1	0	0.2	0.28700
binom	1	0.1	0.2	0.27800
binom	1	0.2	0.2	0.28500
binom	1	0.3	0.2	0.25400
binom	1	0.4	0.2	0.21300
binom	1	0.5	0.2	0.21800
binom	1	0.6	0.2	0.23400
binom	1	0.7	0.2	0.23400
binom	1	0.8	0.2	0.21500
binom	1	0.9	0.2	0.19800
