binom	1	0	0	0.00500
binom	1	0.1	0	0.04800
binom	1	0.2	0	0.08300
binom	1	0.3	0	0.09900
binom	1	0.4	0	0.14600
binom	1	0.5	0	0.13800
binom	1	0.6	0	0.13800
binom	1	0.7	0	0.12800
binom	1	0.8	0	0.13900
binom	1	0.9	0	0.13700
binom	1	0	0.05	0.10400
binom	1	0.1	0.05	0.10700
binom	1	0.2	0.05	0.12100
binom	1	0.3	0.05	0.15100
binom	1	0.4	0.05	0.16400
binom	1	0.5	0.05	0.15600
binom	1	0.6	0.05	0.17000
binom	1	0.7	0.05	0.15300
binom	1	0.8	0.05	0.16100
binom	1	0.9	0.05	0.14600
binom	1	0	0.1	0.16400
binom	1	0.1	0.1	0.17900
binom	1	0.2	0.1	0.13200
binom	1	0.3	0.1	0.16800
binom	1	0.4	0.1	0.18600
binom	1	0.5	0.1	0.18800
binom	1	0.6	0.1	0.19500
binom	1	0.7	0.1	0.19600
binom	1	0.8	0.1	0.20000
binom	1	0.9	0.1	0.18500
binom	1	0	0.2	0.28600
binom	1	0.1	0.2	0.28200
binom	1	0.2	0.2	0.27600
binom	1	0.3	0.2	0.24000
binom	1	0.4	0.2	0.22900
binom	1	0.5	0.2	0.23500
binom	1	0.6	0.2	0.23600
binom	1	0.7	0.2	0.23300
binom	1	0.8	0.2	0.20500
binom	1	0.9	0.2	0.22900
