binom	1	0	0	0.01000
binom	1	0.1	0	0.05500
binom	1	0.2	0	0.06500
binom	1	0.3	0	0.09600
binom	1	0.4	0	0.12900
binom	1	0.5	0	0.11900
binom	1	0.6	0	0.15800
binom	1	0.7	0	0.16200
binom	1	0.8	0	0.14100
binom	1	0.9	0	0.14100
binom	1	0	0.05	0.10300
binom	1	0.1	0.05	0.09500
binom	1	0.2	0.05	0.11400
binom	1	0.3	0.05	0.13000
binom	1	0.4	0.05	0.14600
binom	1	0.5	0.05	0.19700
binom	1	0.6	0.05	0.16800
binom	1	0.7	0.05	0.16900
binom	1	0.8	0.05	0.17500
binom	1	0.9	0.05	0.15100
binom	1	0	0.1	0.18300
binom	1	0.1	0.1	0.15900
binom	1	0.2	0.1	0.15200
binom	1	0.3	0.1	0.17300
binom	1	0.4	0.1	0.20300
binom	1	0.5	0.1	0.18000
binom	1	0.6	0.1	0.18000
binom	1	0.7	0.1	0.20400
binom	1	0.8	0.1	0.18600
binom	1	0.9	0.1	0.17400
binom	1	0	0.2	0.27900
binom	1	0.1	0.2	0.30800
binom	1	0.2	0.2	0.26400
binom	1	0.3	0.2	0.23700
binom	1	0.4	0.2	0.22800
binom	1	0.5	0.2	0.23100
binom	1	0.6	0.2	0.21900
binom	1	0.7	0.2	0.24200
binom	1	0.8	0.2	0.23000
binom	1	0.9	0.2	0.20800
