binom	1	0	0	0.00800
binom	1	0.1	0	0.05100
binom	1	0.2	0	0.08200
binom	1	0.3	0	0.12000
binom	1	0.4	0	0.12700
binom	1	0.5	0	0.14200
binom	1	0.6	0	0.14200
binom	1	0.7	0	0.16500
binom	1	0.8	0	0.14300
binom	1	0.9	0	0.12600
binom	1	0	0.05	0.11700
binom	1	0.1	0.05	0.07100
binom	1	0.2	0.05	0.10200
binom	1	0.3	0.05	0.12800
binom	1	0.4	0.05	0.17400
binom	1	0.5	0.05	0.14200
binom	1	0.6	0.05	0.17900
binom	1	0.7	0.05	0.16700
binom	1	0.8	0.05	0.17900
binom	1	0.9	0.05	0.17100
binom	1	0	0.1	0.15500
binom	1	0.1	0.1	0.18100
binom	1	0.2	0.1	0.13500
binom	1	0.3	0.1	0.17200
binom	1	0.4	0.1	0.18000
binom	1	0.5	0.1	0.16300
binom	1	0.6	0.1	0.19900
binom	1	0.7	0.1	0.16600
binom	1	0.8	0.1	0.20600
binom	1	0.9	0.1	0.16300
binom	1	0	0.2	0.32200
binom	1	0.1	0.2	0.31000
binom	1	0.2	0.2	0.27000
binom	1	0.3	0.2	0.24500
binom	1	0.4	0.2	0.22700
binom	1	0.5	0.2	0.22300
binom	1	0.6	0.2	0.24500
binom	1	0.7	0.2	0.24200
binom	1	0.8	0.2	0.21700
binom	1	0.9	0.2	0.22700
