binom	1	0	0	0.01400
binom	1	0.1	0	0.03400
binom	1	0.2	0	0.08000
binom	1	0.3	0	0.10300
binom	1	0.4	0	0.10900
binom	1	0.5	0	0.13300
binom	1	0.6	0	0.15100
binom	1	0.7	0	0.14000
binom	1	0.8	0	0.15100
binom	1	0.9	0	0.12600
binom	1	0	0.05	0.10500
binom	1	0.1	0.05	0.10100
binom	1	0.2	0.05	0.11200
binom	1	0.3	0.05	0.14300
binom	1	0.4	0.05	0.16300
binom	1	0.5	0.05	0.17500
binom	1	0.6	0.05	0.14700
binom	1	0.7	0.05	0.17600
binom	1	0.8	0.05	0.15900
binom	1	0.9	0.05	0.16700
binom	1	0	0.1	0.17200
binom	1	0.1	0.1	0.16100
binom	1	0.2	0.1	0.13900
binom	1	0.3	0.1	0.16700
binom	1	0.4	0.1	0.16400
binom	1	0.5	0.1	0.19200
binom	1	0.6	0.1	0.19300
binom	1	0.7	0.1	0.19500
binom	1	0.8	0.1	0.18100
binom	1	0.9	0.1	0.18000
binom	1	0	0.2	0.30500
binom	1	0.1	0.2	0.27500
binom	1	0.2	0.2	0.27800
binom	1	0.3	0.2	0.24100
binom	1	0.4	0.2	0.22700
binom	1	0.5	0.2	0.20000
binom	1	0.6	0.2	0.26600
binom	1	0.7	0.2	0.23600
binom	1	0.8	0.2	0.22500
binom	1	0.9	0.2	0.22000
