binom	1	0	0	0.01000
binom	1	0.1	0	0.05100
binom	1	0.2	0	0.07500
binom	1	0.3	0	0.10600
binom	1	0.4	0	0.12800
binom	1	0.5	0	0.14000
binom	1	0.6	0	0.15100
binom	1	0.7	0	0.14800
binom	1	0.8	0	0.14600
binom	1	0.9	0	0.13400
binom	1	0	0.05	0.08400
binom	1	0.1	0.05	0.08700
binom	1	0.2	0.05	0.11100
binom	1	0.3	0.05	0.13900
binom	1	0.4	0.05	0.14400
binom	1	0.5	0.05	0.15600
binom	1	0.6	0.05	0.16400
binom	1	0.7	0.05	0.15600
binom	1	0.8	0.05	0.16100
binom	1	0.9	0.05	0.14800
binom	1	0	0.1	0.16300
binom	1	0.1	0.1	0.16800
binom	1	0.2	0.1	0.17000
binom	1	0.3	0.1	0.16400
binom	1	0.4	0.1	0.18800
binom	1	0.5	0.1	0.19800
binom	1	0.6	0.1	0.17500
binom	1	0.7	0.1	0.18500
binom	1	0.8	0.1	0.19300
binom	1	0.9	0.1	0.18600
binom	1	0	0.2	0.30200
binom	1	0.1	0.2	0.32400
binom	1	0.2	0.2	0.26600
binom	1	0.3	0.2	0.24100
binom	1	0.4	0.2	0.22100
binom	1	0.5	0.2	0.23300
binom	1	0.6	0.2	0.21300
binom	1	0.7	0.2	0.23300
binom	1	0.8	0.2	0.21900
binom	1	0.9	0.2	0.19800
