binom	1	0	0	0.00800
binom	1	0.1	0	0.03900
binom	1	0.2	0	0.07900
binom	1	0.3	0	0.12000
binom	1	0.4	0	0.11200
binom	1	0.5	0	0.14000
binom	1	0.6	0	0.12700
binom	1	0.7	0	0.13700
binom	1	0.8	0	0.14700
binom	1	0.9	0	0.13300
binom	1	0	0.05	0.10500
binom	1	0.1	0.05	0.09100
binom	1	0.2	0.05	0.12000
binom	1	0.3	0.05	0.13900
binom	1	0.4	0.05	0.16000
binom	1	0.5	0.05	0.15400
binom	1	0.6	0.05	0.17000
binom	1	0.7	0.05	0.16700
binom	1	0.8	0.05	0.18300
binom	1	0.9	0.05	0.14900
binom	1	0	0.1	0.15800
binom	1	0.1	0.1	0.13900
binom	1	0.2	0.1	0.15300
binom	1	0.3	0.1	0.17100
binom	1	0.4	0.1	0.18400
binom	1	0.5	0.1	0.19000
binom	1	0.6	0.1	0.18200
binom	1	0.7	0.1	0.18900
binom	1	0.8	0.1	0.18700
binom	1	0.9	0.1	0.19000
binom	1	0	0.2	0.31700
binom	1	0.1	0.2	0.29200
binom	1	0.2	0.2	0.28300
binom	1	0.3	0.2	0.23500
binom	1	0.4	0.2	0.20500
binom	1	0.5	0.2	0.23500
binom	1	0.6	0.2	0.22200
binom	1	0.7	0.2	0.21000
binom	1	0.8	0.2	0.22800
binom	1	0.9	0.2	0.21000
