binom	1	0	0	0.01100
binom	1	0.1	0	0.04900
binom	1	0.2	0	0.09000
binom	1	0.3	0	0.10000
binom	1	0.4	0	0.13400
binom	1	0.5	0	0.12900
binom	1	0.6	0	0.13600
binom	1	0.7	0	0.13400
binom	1	0.8	0	0.15500
binom	1	0.9	0	0.15100
binom	1	0	0.05	0.09700
binom	1	0.1	0.05	0.08700
binom	1	0.2	0.05	0.10000
binom	1	0.3	0.05	0.14900
binom	1	0.4	0.05	0.14700
binom	1	0.5	0.05	0.15300
binom	1	0.6	0.05	0.18400
binom	1	0.7	0.05	0.16800
binom	1	0.8	0.05	0.18100
binom	1	0.9	0.05	0.18400
binom	1	0	0.1	0.17300
binom	1	0.1	0.1	0.15600
binom	1	0.2	0.1	0.15800
binom	1	0.3	0.1	0.17300
binom	1	0.4	0.1	0.17600
binom	1	0.5	0.1	0.18900
binom	1	0.6	0.1	0.19500
binom	1	0.7	0.1	0.19000
binom	1	0.8	0.1	0.18800
binom	1	0.9	0.1	0.17200
binom	1	0	0.2	0.30200
binom	1	0.1	0.2	0.29000
binom	1	0.2	0.2	0.29300
binom	1	0.3	0.2	0.25100
binom	1	0.4	0.2	0.21300
binom	1	0.5	0.2	0.22900
binom	1	0.6	0.2	0.24500
binom	1	0.7	0.2	0.21000
binom	1	0.8	0.2	0.22200
binom	1	0.9	0.2	0.21900
