binom	1	0	0	0.00500
binom	1	0.1	0	0.03800
binom	1	0.2	0	0.07900
binom	1	0.3	0	0.11200
binom	1	0.4	0	0.11900
binom	1	0.5	0	0.13900
binom	1	0.6	0	0.15400
binom	1	0.7	0	0.14300
binom	1	0.8	0	0.12700
binom	1	0.9	0	0.13300
binom	1	0	0.05	0.08900
binom	1	0.1	0.05	0.06700
binom	1	0.2	0.05	0.10600
binom	1	0.3	0.05	0.12000
binom	1	0.4	0.05	0.15000
binom	1	0.5	0.05	0.18500
binom	1	0.6	0.05	0.16200
binom	1	0.7	0.05	0.16500
binom	1	0.8	0.05	0.15100
binom	1	0.9	0.05	0.15400
binom	1	0	0.1	0.16400
binom	1	0.1	0.1	0.14100
binom	1	0.2	0.1	0.15200
binom	1	0.3	0.1	0.16300
binom	1	0.4	0.1	0.19000
binom	1	0.5	0.1	0.18700
binom	1	0.6	0.1	0.20100
binom	1	0.7	0.1	0.19800
binom	1	0.8	0.1	0.18100
binom	1	0.9	0.1	0.18400
binom	1	0	0.2	0.27100
binom	1	0.1	0.2	0.27200
binom	1	0.2	0.2	0.29000
binom	1	0.3	0.2	0.24900
binom	1	0.4	0.2	0.21200
binom	1	0.5	0.2	0.21700
binom	1	0.6	0.2	0.24100
binom	1	0.7	0.2	0.25300
binom	1	0.8	0.2	0.21200
binom	1	0.9	0.2	0.21700
