binom	1	0	0	0.01600
binom	1	0.1	0	0.03800
binom	1	0.2	0	0.08200
binom	1	0.3	0	0.09800
binom	1	0.4	0	0.10900
binom	1	0.5	0	0.11600
binom	1	0.6	0	0.13900
binom	1	0.7	0	0.12800
binom	1	0.8	0	0.17200
binom	1	0.9	0	0.14300
binom	1	0	0.05	0.10000
binom	1	0.1	0.05	0.09600
binom	1	0.2	0.05	0.11000
binom	1	0.3	0.05	0.13600
binom	1	0.4	0.05	0.14000
binom	1	0.5	0.05	0.18200
binom	1	0.6	0.05	0.15400
binom	1	0.7	0.05	0.17000
binom	1	0.8	0.05	0.15100
binom	1	0.9	0.05	0.16400
binom	1	0	0.1	0.15000
binom	1	0.1	0.1	0.19400
binom	1	0.2	0.1	0.14900
binom	1	0.3	0.1	0.18500
binom	1	0.4	0.1	0.16100
binom	1	0.5	0.1	0.20600
binom	1	0.6	0.1	0.19200
binom	1	0.7	0.1	0.18800
binom	1	0.8	0.1	0.20000
binom	1	0.9	0.1	0.16200
binom	1	0	0.2	0.28500
binom	1	0.1	0.2	0.29500
binom	1	0.2	0.2	0.25200
binom	1	0.3	0.2	0.23900
binom	1	0.4	0.2	0.21900
binom	1	0.5	0.2	0.22700
binom	1	0.6	0.2	0.21300
binom	1	0.7	0.2	0.22400
binom	1	0.8	0.2	0.25300
binom	1	0.9	0.2	0.23400
