binom	1	0	0	0.00700
binom	1	0.1	0	0.05100
binom	1	0.2	0	0.08300
binom	1	0.3	0	0.09900
binom	1	0.4	0	0.14200
binom	1	0.5	0	0.14600
binom	1	0.6	0	0.13900
binom	1	0.7	0	0.13100
binom	1	0.8	0	0.14000
binom	1	0.9	0	0.13800
binom	1	0	0.05	0.08200
binom	1	0.1	0.05	0.08600
binom	1	0.2	0.05	0.11400
binom	1	0.3	0.05	0.14200
binom	1	0.4	0.05	0.16400
binom	1	0.5	0.05	0.17500
binom	1	0.6	0.05	0.18100
binom	1	0.7	0.05	0.16600
binom	1	0.8	0.05	0.17200
binom	1	0.9	0.05	0.15300
binom	1	0	0.1	0.17400
binom	1	0.1	0.1	0.15600
binom	1	0.2	0.1	0.14600
binom	1	0.3	0.1	0.16600
binom	1	0.4	0.1	0.16700
binom	1	0.5	0.1	0.18600
binom	1	0.6	0.1	0.21000
binom	1	0.7	0.1	0.20800
binom	1	0.8	0.1	0.17900
binom	1	0.9	0.1	0.17200
binom	1	0	0.2	0.29700
binom	1	0.1	0.2	0.29800
binom	1	0.2	0.2	0.27400
binom	1	0.3	0.2	0.24800
binom	1	0.4	0.2	0.23500
binom	1	0.5	0.2	0.25100
binom	1	0.6	0.2	0.24700
binom	1	0.7	0.2	0.22900
binom	1	0.8	0.2	0.22000
binom	1	0.9	0.2	0.20500
