binom	1	0	0	0.01400
binom	1	0.1	0	0.06700
binom	1	0.2	0	0.06400
binom	1	0.3	0	0.10800
binom	1	0.4	0	0.12700
binom	1	0.5	0	0.13200
binom	1	0.6	0	0.14600
binom	1	0.7	0	0.15300
binom	1	0.8	0	0.14100
binom	1	0.9	0	0.14300
binom	1	0	0.05	0.09000
binom	1	0.1	0.05	0.09500
binom	1	0.2	0.05	0.10300
binom	1	0.3	0.05	0.10900
binom	1	0.4	0.05	0.14300
binom	1	0.5	0.05	0.16000
binom	1	0.6	0.05	0.17300
binom	1	0.7	0.05	0.16300
binom	1	0.8	0.05	0.15500
binom	1	0.9	0.05	0.14900
binom	1	0	0.1	0.18200
binom	1	0.1	0.1	0.15300
binom	1	0.2	0.1	0.14100
binom	1	0.3	0.1	0.15600
binom	1	0.4	0.1	0.17000
binom	1	0.5	0.1	0.16800
binom	1	0.6	0.1	0.18600
binom	1	0.7	0.1	0.19500
binom	1	0.8	0.1	0.17600
binom	1	0.9	0.1	0.20200
binom	1	0	0.2	0.29200
binom	1	0.1	0.2	0.30200
binom	1	0.2	0.2	0.29100
binom	1	0.3	0.2	0.24300
binom	1	0.4	0.2	0.22400
binom	1	0.5	0.2	0.21700
binom	1	0.6	0.2	0.23900
binom	1	0.7	0.2	0.23500
binom	1	0.8	0.2	0.21100
binom	1	0.9	0.2	0.21700
