binom	1	0	0	0.01100
binom	1	0.1	0	0.04400
binom	1	0.2	0	0.07700
binom	1	0.3	0	0.11100
binom	1	0.4	0	0.12700
binom	1	0.5	0	0.13600
binom	1	0.6	0	0.14000
binom	1	0.7	0	0.17500
binom	1	0.8	0	0.11700
binom	1	0.9	0	0.12600
binom	1	0	0.05	0.09300
binom	1	0.1	0.05	0.09100
binom	1	0.2	0.05	0.10400
binom	1	0.3	0.05	0.12800
binom	1	0.4	0.05	0.17300
binom	1	0.5	0.05	0.16400
binom	1	0.6	0.05	0.16300
binom	1	0.7	0.05	0.15800
binom	1	0.8	0.05	0.17500
binom	1	0.9	0.05	0.14600
binom	1	0	0.1	0.17600
binom	1	0.1	0.1	0.15600
binom	1	0.2	0.1	0.15900
binom	1	0.3	0.1	0.17400
binom	1	0.4	0.1	0.15800
binom	1	0.5	0.1	0.19300
binom	1	0.6	0.1	0.18800
binom	1	0.7	0.1	0.19300
binom	1	0.8	0.1	0.17000
binom	1	0.9	0.1	0.17600
binom	1	0	0.2	0.29800
binom	1	0.1	0.2	0.29900
binom	1	0.2	0.2	0.27100
binom	1	0.3	0.2	0.22300
binom	1	0.4	0.2	0.21400
binom	1	0.5	0.2	0.22800
binom	1	0.6	0.2	0.25800
binom	1	0.7	0.2	0.25000
binom	1	0.8	0.2	0.23500
binom	1	0.9	0.2	0.19500
