binom	0.02620
binom	0.02120
binom	0.01960
binom	0.02360
binom	0.02480
binom	0.02040
binom	0.02140
binom	0.01820
binom	0.02560
binom	0.02120
binom	0.02020
binom	0.02200
binom	0.02140
binom	0.02180
binom	0.02500
binom	0.02420
binom	0.01960
binom	0.02500
binom	0.02160
binom	0.02360
binom	0.01980
binom	0.02120
binom	0.01800
binom	0.02200
binom	0.01980
binom	0.02040
binom	0.01700
binom	0.01940
binom	0.02260
binom	0.01520
binom	0.01360
binom	0.01880
binom	0.01700
binom	0.02000
binom	0.01760
binom	0.02100
binom	0.01980
binom	0.01800
binom	0.01880
binom	0.01720
binom	0.01640
binom	0.01540
binom	0.01680
binom	0.01800
binom	0.01720
binom	0.01620
binom	0.01460
binom	0.01700
binom	0.01320
binom	0.01720
binom	0.01540
