binom	1	0	0	0.00400
binom	1	0.1	0	0.04900
binom	1	0.2	0	0.06400
binom	1	0.3	0	0.12700
binom	1	0.4	0	0.12600
binom	1	0.5	0	0.15400
binom	1	0.6	0	0.13800
binom	1	0.7	0	0.14200
binom	1	0.8	0	0.16000
binom	1	0.9	0	0.15100
binom	1	0	0.05	0.08400
binom	1	0.1	0.05	0.07800
binom	1	0.2	0.05	0.12100
binom	1	0.3	0.05	0.14100
binom	1	0.4	0.05	0.14200
binom	1	0.5	0.05	0.15800
binom	1	0.6	0.05	0.16500
binom	1	0.7	0.05	0.16900
binom	1	0.8	0.05	0.15200
binom	1	0.9	0.05	0.16200
binom	1	0	0.1	0.15200
binom	1	0.1	0.1	0.16200
binom	1	0.2	0.1	0.15600
binom	1	0.3	0.1	0.16700
binom	1	0.4	0.1	0.17800
binom	1	0.5	0.1	0.18400
binom	1	0.6	0.1	0.19600
binom	1	0.7	0.1	0.18900
binom	1	0.8	0.1	0.18700
binom	1	0.9	0.1	0.17100
binom	1	0	0.2	0.31800
binom	1	0.1	0.2	0.31700
binom	1	0.2	0.2	0.30000
binom	1	0.3	0.2	0.24300
binom	1	0.4	0.2	0.23300
binom	1	0.5	0.2	0.21500
binom	1	0.6	0.2	0.22200
binom	1	0.7	0.2	0.22200
binom	1	0.8	0.2	0.21400
binom	1	0.9	0.2	0.20900
