binom	1	0	0	0.01100
binom	1	0.1	0	0.05000
binom	1	0.2	0	0.09200
binom	1	0.3	0	0.10900
binom	1	0.4	0	0.12700
binom	1	0.5	0	0.12200
binom	1	0.6	0	0.12100
binom	1	0.7	0	0.15800
binom	1	0.8	0	0.15600
binom	1	0.9	0	0.13400
binom	1	0	0.05	0.09300
binom	1	0.1	0.05	0.09100
binom	1	0.2	0.05	0.13200
binom	1	0.3	0.05	0.13500
binom	1	0.4	0.05	0.14900
binom	1	0.5	0.05	0.16300
binom	1	0.6	0.05	0.18400
binom	1	0.7	0.05	0.16800
binom	1	0.8	0.05	0.17400
binom	1	0.9	0.05	0.14100
binom	1	0	0.1	0.16400
binom	1	0.1	0.1	0.16800
binom	1	0.2	0.1	0.13300
binom	1	0.3	0.1	0.16600
binom	1	0.4	0.1	0.18700
binom	1	0.5	0.1	0.20200
binom	1	0.6	0.1	0.18500
binom	1	0.7	0.1	0.19200
binom	1	0.8	0.1	0.18700
binom	1	0.9	0.1	0.18000
binom	1	0	0.2	0.29100
binom	1	0.1	0.2	0.30800
binom	1	0.2	0.2	0.28100
binom	1	0.3	0.2	0.25300
binom	1	0.4	0.2	0.20300
binom	1	0.5	0.2	0.23300
binom	1	0.6	0.2	0.25500
binom	1	0.7	0.2	0.24200
binom	1	0.8	0.2	0.23700
binom	1	0.9	0.2	0.19600
