binom	1	0	0	0.01000
binom	1	0.1	0	0.04400
binom	1	0.2	0	0.08100
binom	1	0.3	0	0.10600
binom	1	0.4	0	0.13000
binom	1	0.5	0	0.12400
binom	1	0.6	0	0.14100
binom	1	0.7	0	0.15100
binom	1	0.8	0	0.12100
binom	1	0.9	0	0.13900
binom	1	0	0.05	0.10100
binom	1	0.1	0.05	0.10800
binom	1	0.2	0.05	0.10100
binom	1	0.3	0.05	0.15100
binom	1	0.4	0.05	0.17200
binom	1	0.5	0.05	0.15100
binom	1	0.6	0.05	0.17000
binom	1	0.7	0.05	0.16200
binom	1	0.8	0.05	0.18200
binom	1	0.9	0.05	0.14600
binom	1	0	0.1	0.18700
binom	1	0.1	0.1	0.16200
binom	1	0.2	0.1	0.13400
binom	1	0.3	0.1	0.16900
binom	1	0.4	0.1	0.19300
binom	1	0.5	0.1	0.18700
binom	1	0.6	0.1	0.20600
binom	1	0.7	0.1	0.20300
binom	1	0.8	0.1	0.15500
binom	1	0.9	0.1	0.15900
binom	1	0	0.2	0.28200
binom	1	0.1	0.2	0.28300
binom	1	0.2	0.2	0.26800
binom	1	0.3	0.2	0.24500
binom	1	0.4	0.2	0.23700
binom	1	0.5	0.2	0.22200
binom	1	0.6	0.2	0.22400
binom	1	0.7	0.2	0.21500
binom	1	0.8	0.2	0.24000
binom	1	0.9	0.2	0.21300
