binom	1	0	0	0.00400
binom	1	0.1	0	0.05200
binom	1	0.2	0	0.08200
binom	1	0.3	0	0.11500
binom	1	0.4	0	0.12800
binom	1	0.5	0	0.13400
binom	1	0.6	0	0.15500
binom	1	0.7	0	0.15300
binom	1	0.8	0	0.13600
binom	1	0.9	0	0.12200
binom	1	0	0.05	0.09600
binom	1	0.1	0.05	0.07800
binom	1	0.2	0.05	0.11500
binom	1	0.3	0.05	0.14300
binom	1	0.4	0.05	0.14200
binom	1	0.5	0.05	0.16300
binom	1	0.6	0.05	0.16700
binom	1	0.7	0.05	0.15600
binom	1	0.8	0.05	0.14900
binom	1	0.9	0.05	0.18200
binom	1	0	0.1	0.17300
binom	1	0.1	0.1	0.16100
binom	1	0.2	0.1	0.12200
binom	1	0.3	0.1	0.17800
binom	1	0.4	0.1	0.18300
binom	1	0.5	0.1	0.16700
binom	1	0.6	0.1	0.17500
binom	1	0.7	0.1	0.21400
binom	1	0.8	0.1	0.19100
binom	1	0.9	0.1	0.16100
binom	1	0	0.2	0.30200
binom	1	0.1	0.2	0.27200
binom	1	0.2	0.2	0.27400
binom	1	0.3	0.2	0.24000
binom	1	0.4	0.2	0.24300
binom	1	0.5	0.2	0.24300
binom	1	0.6	0.2	0.24400
binom	1	0.7	0.2	0.22400
binom	1	0.8	0.2	0.20600
binom	1	0.9	0.2	0.19500
