binom	1	0	0	0.00400
binom	1	0.1	0	0.03700
binom	1	0.2	0	0.08400
binom	1	0.3	0	0.11700
binom	1	0.4	0	0.12500
binom	1	0.5	0	0.15300
binom	1	0.6	0	0.14200
binom	1	0.7	0	0.15800
binom	1	0.8	0	0.13600
binom	1	0.9	0	0.12900
binom	1	0	0.05	0.09000
binom	1	0.1	0.05	0.06700
binom	1	0.2	0.05	0.10700
binom	1	0.3	0.05	0.11900
binom	1	0.4	0.05	0.13900
binom	1	0.5	0.05	0.18200
binom	1	0.6	0.05	0.17600
binom	1	0.7	0.05	0.17300
binom	1	0.8	0.05	0.17100
binom	1	0.9	0.05	0.14900
binom	1	0	0.1	0.17200
binom	1	0.1	0.1	0.13800
binom	1	0.2	0.1	0.13300
binom	1	0.3	0.1	0.16400
binom	1	0.4	0.1	0.16900
binom	1	0.5	0.1	0.17100
binom	1	0.6	0.1	0.19900
binom	1	0.7	0.1	0.21300
binom	1	0.8	0.1	0.18500
binom	1	0.9	0.1	0.17700
binom	1	0	0.2	0.31100
binom	1	0.1	0.2	0.29400
binom	1	0.2	0.2	0.28200
binom	1	0.3	0.2	0.24700
binom	1	0.4	0.2	0.23000
binom	1	0.5	0.2	0.20500
binom	1	0.6	0.2	0.21700
binom	1	0.7	0.2	0.21700
binom	1	0.8	0.2	0.20400
binom	1	0.9	0.2	0.22200
