binom	1	0	0	0.00800
binom	1	0.1	0	0.03900
binom	1	0.2	0	0.08500
binom	1	0.3	0	0.11400
binom	1	0.4	0	0.11900
binom	1	0.5	0	0.14200
binom	1	0.6	0	0.13700
binom	1	0.7	0	0.14700
binom	1	0.8	0	0.12300
binom	1	0.9	0	0.14000
binom	1	0	0.05	0.09000
binom	1	0.1	0.05	0.09100
binom	1	0.2	0.05	0.11600
binom	1	0.3	0.05	0.12300
binom	1	0.4	0.05	0.15300
binom	1	0.5	0.05	0.17000
binom	1	0.6	0.05	0.17200
binom	1	0.7	0.05	0.14800
binom	1	0.8	0.05	0.15400
binom	1	0.9	0.05	0.14700
binom	1	0	0.1	0.17000
binom	1	0.1	0.1	0.16700
binom	1	0.2	0.1	0.12800
binom	1	0.3	0.1	0.15100
binom	1	0.4	0.1	0.17200
binom	1	0.5	0.1	0.16300
binom	1	0.6	0.1	0.18100
binom	1	0.7	0.1	0.20300
binom	1	0.8	0.1	0.16800
binom	1	0.9	0.1	0.18900
binom	1	0	0.2	0.30600
binom	1	0.1	0.2	0.27500
binom	1	0.2	0.2	0.27100
binom	1	0.3	0.2	0.23900
binom	1	0.4	0.2	0.22400
binom	1	0.5	0.2	0.21500
binom	1	0.6	0.2	0.21400
binom	1	0.7	0.2	0.22600
binom	1	0.8	0.2	0.21400
binom	1	0.9	0.2	0.22300
