binom	1	0	0	0.01400
binom	1	0.1	0	0.05000
binom	1	0.2	0	0.07700
binom	1	0.3	0	0.09800
binom	1	0.4	0	0.10800
binom	1	0.5	0	0.14100
binom	1	0.6	0	0.17100
binom	1	0.7	0	0.14000
binom	1	0.8	0	0.15700
binom	1	0.9	0	0.12500
binom	1	0	0.05	0.08500
binom	1	0.1	0.05	0.09700
binom	1	0.2	0.05	0.10800
binom	1	0.3	0.05	0.13500
binom	1	0.4	0.05	0.17200
binom	1	0.5	0.05	0.16100
binom	1	0.6	0.05	0.18700
binom	1	0.7	0.05	0.13200
binom	1	0.8	0.05	0.16200
binom	1	0.9	0.05	0.15500
binom	1	0	0.1	0.17500
binom	1	0.1	0.1	0.16200
binom	1	0.2	0.1	0.14600
binom	1	0.3	0.1	0.15800
binom	1	0.4	0.1	0.17500
binom	1	0.5	0.1	0.19300
binom	1	0.6	0.1	0.18000
binom	1	0.7	0.1	0.16400
binom	1	0.8	0.1	0.17100
binom	1	0.9	0.1	0.17900
binom	1	0	0.2	0.27800
binom	1	0.1	0.2	0.30900
binom	1	0.2	0.2	0.27800
binom	1	0.3	0.2	0.25100
binom	1	0.4	0.2	0.23200
binom	1	0.5	0.2	0.23700
binom	1	0.6	0.2	0.23600
binom	1	0.7	0.2	0.22300
binom	1	0.8	0.2	0.23700
binom	1	0.9	0.2	0.19700
