binom	1	0	0	0.01000
binom	1	0.1	0	0.04000
binom	1	0.2	0	0.07300
binom	1	0.3	0	0.11100
binom	1	0.4	0	0.10000
binom	1	0.5	0	0.12900
binom	1	0.6	0	0.13700
binom	1	0.7	0	0.14200
binom	1	0.8	0	0.12900
binom	1	0.9	0	0.11500
binom	1	0	0.05	0.09300
binom	1	0.1	0.05	0.09600
binom	1	0.2	0.05	0.10600
binom	1	0.3	0.05	0.13300
binom	1	0.4	0.05	0.16600
binom	1	0.5	0.05	0.18700
binom	1	0.6	0.05	0.15500
binom	1	0.7	0.05	0.17400
binom	1	0.8	0.05	0.15300
binom	1	0.9	0.05	0.14900
binom	1	0	0.1	0.17200
binom	1	0.1	0.1	0.16700
binom	1	0.2	0.1	0.13800
binom	1	0.3	0.1	0.16000
binom	1	0.4	0.1	0.14300
binom	1	0.5	0.1	0.18100
binom	1	0.6	0.1	0.19000
binom	1	0.7	0.1	0.18800
binom	1	0.8	0.1	0.17500
binom	1	0.9	0.1	0.16600
binom	1	0	0.2	0.31700
binom	1	0.1	0.2	0.26700
binom	1	0.2	0.2	0.27600
binom	1	0.3	0.2	0.22900
binom	1	0.4	0.2	0.24000
binom	1	0.5	0.2	0.25200
binom	1	0.6	0.2	0.22900
binom	1	0.7	0.2	0.22700
binom	1	0.8	0.2	0.23100
binom	1	0.9	0.2	0.20600
