binom	1	0	0	0.01100
binom	1	0.1	0	0.03300
binom	1	0.2	0	0.07300
binom	1	0.3	0	0.13300
binom	1	0.4	0	0.13800
binom	1	0.5	0	0.13500
binom	1	0.6	0	0.14300
binom	1	0.7	0	0.14400
binom	1	0.8	0	0.14400
binom	1	0.9	0	0.14000
binom	1	0	0.05	0.09800
binom	1	0.1	0.05	0.08700
binom	1	0.2	0.05	0.10900
binom	1	0.3	0.05	0.14100
binom	1	0.4	0.05	0.13300
binom	1	0.5	0.05	0.13000
binom	1	0.6	0.05	0.15500
binom	1	0.7	0.05	0.18400
binom	1	0.8	0.05	0.19200
binom	1	0.9	0.05	0.14900
binom	1	0	0.1	0.15400
binom	1	0.1	0.1	0.16200
binom	1	0.2	0.1	0.16800
binom	1	0.3	0.1	0.14300
binom	1	0.4	0.1	0.17000
binom	1	0.5	0.1	0.18800
binom	1	0.6	0.1	0.18800
binom	1	0.7	0.1	0.18800
binom	1	0.8	0.1	0.19400
binom	1	0.9	0.1	0.18600
binom	1	0	0.2	0.28900
binom	1	0.1	0.2	0.29400
binom	1	0.2	0.2	0.26700
binom	1	0.3	0.2	0.23600
binom	1	0.4	0.2	0.21900
binom	1	0.5	0.2	0.24300
binom	1	0.6	0.2	0.24500
binom	1	0.7	0.2	0.22200
binom	1	0.8	0.2	0.22900
binom	1	0.9	0.2	0.18900
