binom	1	0	0	0.00900
binom	1	0.1	0	0.04200
binom	1	0.2	0	0.07600
binom	1	0.3	0	0.09400
binom	1	0.4	0	0.12300
binom	1	0.5	0	0.13400
binom	1	0.6	0	0.15200
binom	1	0.7	0	0.13800
binom	1	0.8	0	0.15400
binom	1	0.9	0	0.13200
binom	1	0	0.05	0.09100
binom	1	0.1	0.05	0.09700
binom	1	0.2	0.05	0.10600
binom	1	0.3	0.05	0.14300
binom	1	0.4	0.05	0.15300
binom	1	0.5	0.05	0.16300
binom	1	0.6	0.05	0.16600
binom	1	0.7	0.05	0.16000
binom	1	0.8	0.05	0.16900
binom	1	0.9	0.05	0.15800
binom	1	0	0.1	0.17000
binom	1	0.1	0.1	0.17800
binom	1	0.2	0.1	0.13300
binom	1	0.3	0.1	0.18400
binom	1	0.4	0.1	0.19400
binom	1	0.5	0.1	0.18600
binom	1	0.6	0.1	0.20300
binom	1	0.7	0.1	0.20600
binom	1	0.8	0.1	0.17600
binom	1	0.9	0.1	0.16900
binom	1	0	0.2	0.31000
binom	1	0.1	0.2	0.29200
binom	1	0.2	0.2	0.27100
binom	1	0.3	0.2	0.23900
binom	1	0.4	0.2	0.23700
binom	1	0.5	0.2	0.22500
binom	1	0.6	0.2	0.22900
binom	1	0.7	0.2	0.26200
binom	1	0.8	0.2	0.21100
binom	1	0.9	0.2	0.20700
