binom	0.02440
binom	0.02260
binom	0.02600
binom	0.01740
binom	0.02420
binom	0.02140
binom	0.02460
binom	0.02180
binom	0.02500
binom	0.02320
binom	0.02120
binom	0.02060
binom	0.02420
binom	0.01960
binom	0.02080
binom	0.02140
binom	0.01820
binom	0.02100
binom	0.02160
binom	0.02260
binom	0.02160
binom	0.01980
binom	0.01920
binom	0.02100
binom	0.02100
binom	0.02180
binom	0.02020
binom	0.02100
binom	0.02260
binom	0.02080
binom	0.01900
binom	0.01680
binom	0.01460
binom	0.02220
binom	0.01940
binom	0.02380
binom	0.01740
binom	0.02040
binom	0.01720
binom	0.01320
binom	0.01740
binom	0.01800
binom	0.01940
binom	0.01640
binom	0.01680
binom	0.01520
binom	0.01500
binom	0.01580
binom	0.01060
binom	0.01640
binom	0.01360
