binom	1	0	0	0.00600
binom	1	0.1	0	0.03600
binom	1	0.2	0	0.09800
binom	1	0.3	0	0.09700
binom	1	0.4	0	0.12500
binom	1	0.5	0	0.13900
binom	1	0.6	0	0.13800
binom	1	0.7	0	0.15900
binom	1	0.8	0	0.14500
binom	1	0.9	0	0.12800
binom	1	0	0.05	0.09200
binom	1	0.1	0.05	0.08500
binom	1	0.2	0.05	0.12000
binom	1	0.3	0.05	0.15200
binom	1	0.4	0.05	0.14600
binom	1	0.5	0.05	0.15000
binom	1	0.6	0.05	0.18500
binom	1	0.7	0.05	0.19700
binom	1	0.8	0.05	0.16700
binom	1	0.9	0.05	0.15800
binom	1	0	0.1	0.18100
binom	1	0.1	0.1	0.17300
binom	1	0.2	0.1	0.15400
binom	1	0.3	0.1	0.15900
binom	1	0.4	0.1	0.19600
binom	1	0.5	0.1	0.19400
binom	1	0.6	0.1	0.18800
binom	1	0.7	0.1	0.17500
binom	1	0.8	0.1	0.20600
binom	1	0.9	0.1	0.16700
binom	1	0	0.2	0.28300
binom	1	0.1	0.2	0.30500
binom	1	0.2	0.2	0.26800
binom	1	0.3	0.2	0.25900
binom	1	0.4	0.2	0.23200
binom	1	0.5	0.2	0.22700
binom	1	0.6	0.2	0.21700
binom	1	0.7	0.2	0.24000
binom	1	0.8	0.2	0.20900
binom	1	0.9	0.2	0.21600
