binom	1	0	0	0.00700
binom	1	0.1	0	0.03300
binom	1	0.2	0	0.08100
binom	1	0.3	0	0.10000
binom	1	0.4	0	0.12500
binom	1	0.5	0	0.15200
binom	1	0.6	0	0.15700
binom	1	0.7	0	0.14500
binom	1	0.8	0	0.15600
binom	1	0.9	0	0.13000
binom	1	0	0.05	0.10300
binom	1	0.1	0.05	0.10100
binom	1	0.2	0.05	0.13100
binom	1	0.3	0.05	0.14700
binom	1	0.4	0.05	0.16300
binom	1	0.5	0.05	0.17200
binom	1	0.6	0.05	0.16300
binom	1	0.7	0.05	0.18100
binom	1	0.8	0.05	0.15300
binom	1	0.9	0.05	0.16300
binom	1	0	0.1	0.15500
binom	1	0.1	0.1	0.16100
binom	1	0.2	0.1	0.15100
binom	1	0.3	0.1	0.17100
binom	1	0.4	0.1	0.17900
binom	1	0.5	0.1	0.16100
binom	1	0.6	0.1	0.17800
binom	1	0.7	0.1	0.20500
binom	1	0.8	0.1	0.19200
binom	1	0.9	0.1	0.16200
binom	1	0	0.2	0.29600
binom	1	0.1	0.2	0.28900
binom	1	0.2	0.2	0.27500
binom	1	0.3	0.2	0.26100
binom	1	0.4	0.2	0.22200
binom	1	0.5	0.2	0.23400
binom	1	0.6	0.2	0.21600
binom	1	0.7	0.2	0.19700
binom	1	0.8	0.2	0.20200
binom	1	0.9	0.2	0.21600
