binom	1	0	0	0.01100
binom	1	0.1	0	0.05900
binom	1	0.2	0	0.06300
binom	1	0.3	0	0.10200
binom	1	0.4	0	0.14800
binom	1	0.5	0	0.14400
binom	1	0.6	0	0.13400
binom	1	0.7	0	0.13500
binom	1	0.8	0	0.12100
binom	1	0.9	0	0.14200
binom	1	0	0.05	0.09900
binom	1	0.1	0.05	0.08000
binom	1	0.2	0.05	0.10000
binom	1	0.3	0.05	0.14700
binom	1	0.4	0.05	0.15400
binom	1	0.5	0.05	0.15200
binom	1	0.6	0.05	0.16800
binom	1	0.7	0.05	0.17900
binom	1	0.8	0.05	0.14500
binom	1	0.9	0.05	0.14700
binom	1	0	0.1	0.18600
binom	1	0.1	0.1	0.15800
binom	1	0.2	0.1	0.15900
binom	1	0.3	0.1	0.15100
binom	1	0.4	0.1	0.17100
binom	1	0.5	0.1	0.17300
binom	1	0.6	0.1	0.19300
binom	1	0.7	0.1	0.18700
binom	1	0.8	0.1	0.19200
binom	1	0.9	0.1	0.16900
binom	1	0	0.2	0.29100
binom	1	0.1	0.2	0.31800
binom	1	0.2	0.2	0.25800
binom	1	0.3	0.2	0.24000
binom	1	0.4	0.2	0.25300
binom	1	0.5	0.2	0.20900
binom	1	0.6	0.2	0.22500
binom	1	0.7	0.2	0.24900
binom	1	0.8	0.2	0.21900
binom	1	0.9	0.2	0.22000
