binom	1	0	0	0.00700
binom	1	0.1	0	0.04300
binom	1	0.2	0	0.06800
binom	1	0.3	0	0.08600
binom	1	0.4	0	0.11500
binom	1	0.5	0	0.13400
binom	1	0.6	0	0.16100
binom	1	0.7	0	0.13900
binom	1	0.8	0	0.15300
binom	1	0.9	0	0.16000
binom	1	0	0.05	0.10500
binom	1	0.1	0.05	0.08400
binom	1	0.2	0.05	0.10000
binom	1	0.3	0.05	0.12700
binom	1	0.4	0.05	0.15100
binom	1	0.5	0.05	0.17100
binom	1	0.6	0.05	0.14700
binom	1	0.7	0.05	0.16900
binom	1	0.8	0.05	0.14600
binom	1	0.9	0.05	0.14800
binom	1	0	0.1	0.16900
binom	1	0.1	0.1	0.18300
binom	1	0.2	0.1	0.14200
binom	1	0.3	0.1	0.18300
binom	1	0.4	0.1	0.17100
binom	1	0.5	0.1	0.18500
binom	1	0.6	0.1	0.18800
binom	1	0.7	0.1	0.17900
binom	1	0.8	0.1	0.20100
binom	1	0.9	0.1	0.16700
binom	1	0	0.2	0.32400
binom	1	0.1	0.2	0.32400
binom	1	0.2	0.2	0.28400
binom	1	0.3	0.2	0.24800
binom	1	0.4	0.2	0.22800
binom	1	0.5	0.2	0.21900
binom	1	0.6	0.2	0.24400
binom	1	0.7	0.2	0.22500
binom	1	0.8	0.2	0.22300
binom	1	0.9	0.2	0.23600
