binom	1	0	0	0.00900
binom	1	0.1	0	0.03700
binom	1	0.2	0	0.07200
binom	1	0.3	0	0.09400
binom	1	0.4	0	0.10600
binom	1	0.5	0	0.14600
binom	1	0.6	0	0.16100
binom	1	0.7	0	0.13400
binom	1	0.8	0	0.14600
binom	1	0.9	0	0.14600
binom	1	0	0.05	0.09900
binom	1	0.1	0.05	0.09900
binom	1	0.2	0.05	0.11200
binom	1	0.3	0.05	0.13400
binom	1	0.4	0.05	0.15300
binom	1	0.5	0.05	0.16900
binom	1	0.6	0.05	0.15400
binom	1	0.7	0.05	0.16800
binom	1	0.8	0.05	0.16900
binom	1	0.9	0.05	0.18500
binom	1	0	0.1	0.16600
binom	1	0.1	0.1	0.17600
binom	1	0.2	0.1	0.13900
binom	1	0.3	0.1	0.15800
binom	1	0.4	0.1	0.16200
binom	1	0.5	0.1	0.17600
binom	1	0.6	0.1	0.19600
binom	1	0.7	0.1	0.19200
binom	1	0.8	0.1	0.18800
binom	1	0.9	0.1	0.17100
binom	1	0	0.2	0.26400
binom	1	0.1	0.2	0.29000
binom	1	0.2	0.2	0.27400
binom	1	0.3	0.2	0.21100
binom	1	0.4	0.2	0.20900
binom	1	0.5	0.2	0.24000
binom	1	0.6	0.2	0.25700
binom	1	0.7	0.2	0.23400
binom	1	0.8	0.2	0.21300
binom	1	0.9	0.2	0.19500
