binom	1	0	0	0.01400
binom	1	0.1	0	0.04500
binom	1	0.2	0	0.08500
binom	1	0.3	0	0.10000
binom	1	0.4	0	0.13400
binom	1	0.5	0	0.15400
binom	1	0.6	0	0.13800
binom	1	0.7	0	0.13600
binom	1	0.8	0	0.13600
binom	1	0.9	0	0.12600
binom	1	0	0.05	0.10200
binom	1	0.1	0.05	0.09900
binom	1	0.2	0.05	0.10300
binom	1	0.3	0.05	0.13400
binom	1	0.4	0.05	0.17100
binom	1	0.5	0.05	0.17000
binom	1	0.6	0.05	0.17100
binom	1	0.7	0.05	0.16800
binom	1	0.8	0.05	0.14200
binom	1	0.9	0.05	0.16900
binom	1	0	0.1	0.17400
binom	1	0.1	0.1	0.15900
binom	1	0.2	0.1	0.15700
binom	1	0.3	0.1	0.15600
binom	1	0.4	0.1	0.16600
binom	1	0.5	0.1	0.19500
binom	1	0.6	0.1	0.18900
binom	1	0.7	0.1	0.18000
binom	1	0.8	0.1	0.17600
binom	1	0.9	0.1	0.16300
binom	1	0	0.2	0.30100
binom	1	0.1	0.2	0.30700
binom	1	0.2	0.2	0.29200
binom	1	0.3	0.2	0.25500
binom	1	0.4	0.2	0.22400
binom	1	0.5	0.2	0.22800
binom	1	0.6	0.2	0.24800
binom	1	0.7	0.2	0.23100
binom	1	0.8	0.2	0.20500
binom	1	0.9	0.2	0.19900
