binom	1	0	0	0.01500
binom	1	0.1	0	0.04500
binom	1	0.2	0	0.07900
binom	1	0.3	0	0.08800
binom	1	0.4	0	0.12300
binom	1	0.5	0	0.15400
binom	1	0.6	0	0.13700
binom	1	0.7	0	0.16200
binom	1	0.8	0	0.13900
binom	1	0.9	0	0.13800
binom	1	0	0.05	0.07600
binom	1	0.1	0.05	0.10500
binom	1	0.2	0.05	0.10400
binom	1	0.3	0.05	0.13600
binom	1	0.4	0.05	0.14700
binom	1	0.5	0.05	0.16400
binom	1	0.6	0.05	0.18200
binom	1	0.7	0.05	0.16100
binom	1	0.8	0.05	0.17500
binom	1	0.9	0.05	0.18500
binom	1	0	0.1	0.16300
binom	1	0.1	0.1	0.16700
binom	1	0.2	0.1	0.15200
binom	1	0.3	0.1	0.16500
binom	1	0.4	0.1	0.18100
binom	1	0.5	0.1	0.18900
binom	1	0.6	0.1	0.18200
binom	1	0.7	0.1	0.17600
binom	1	0.8	0.1	0.18400
binom	1	0.9	0.1	0.15000
binom	1	0	0.2	0.32500
binom	1	0.1	0.2	0.30500
binom	1	0.2	0.2	0.28600
binom	1	0.3	0.2	0.23800
binom	1	0.4	0.2	0.24200
binom	1	0.5	0.2	0.23500
binom	1	0.6	0.2	0.24000
binom	1	0.7	0.2	0.24500
binom	1	0.8	0.2	0.23400
binom	1	0.9	0.2	0.20600
