binom	1	0	0	0.00900
binom	1	0.1	0	0.03300
binom	1	0.2	0	0.08100
binom	1	0.3	0	0.11900
binom	1	0.4	0	0.13900
binom	1	0.5	0	0.13000
binom	1	0.6	0	0.14500
binom	1	0.7	0	0.15400
binom	1	0.8	0	0.12100
binom	1	0.9	0	0.14200
binom	1	0	0.05	0.07600
binom	1	0.1	0.05	0.08100
binom	1	0.2	0.05	0.11500
binom	1	0.3	0.05	0.13600
binom	1	0.4	0.05	0.14800
binom	1	0.5	0.05	0.14300
binom	1	0.6	0.05	0.16500
binom	1	0.7	0.05	0.17700
binom	1	0.8	0.05	0.14600
binom	1	0.9	0.05	0.15500
binom	1	0	0.1	0.15000
binom	1	0.1	0.1	0.13800
binom	1	0.2	0.1	0.15500
binom	1	0.3	0.1	0.17400
binom	1	0.4	0.1	0.18100
binom	1	0.5	0.1	0.18200
binom	1	0.6	0.1	0.17600
binom	1	0.7	0.1	0.18000
binom	1	0.8	0.1	0.20700
binom	1	0.9	0.1	0.16500
binom	1	0	0.2	0.28100
binom	1	0.1	0.2	0.27200
binom	1	0.2	0.2	0.26900
binom	1	0.3	0.2	0.25500
binom	1	0.4	0.2	0.21000
binom	1	0.5	0.2	0.23400
binom	1	0.6	0.2	0.22600
binom	1	0.7	0.2	0.22100
binom	1	0.8	0.2	0.21400
binom	1	0.9	0.2	0.20600
