binom	1	0	0	0.00800
binom	1	0.1	0	0.03600
binom	1	0.2	0	0.10200
binom	1	0.3	0	0.11500
binom	1	0.4	0	0.12200
binom	1	0.5	0	0.13200
binom	1	0.6	0	0.15100
binom	1	0.7	0	0.14500
binom	1	0.8	0	0.15600
binom	1	0.9	0	0.13500
binom	1	0	0.05	0.09300
binom	1	0.1	0.05	0.08500
binom	1	0.2	0.05	0.10100
binom	1	0.3	0.05	0.15000
binom	1	0.4	0.05	0.14000
binom	1	0.5	0.05	0.15200
binom	1	0.6	0.05	0.15800
binom	1	0.7	0.05	0.16300
binom	1	0.8	0.05	0.17000
binom	1	0.9	0.05	0.15100
binom	1	0	0.1	0.18000
binom	1	0.1	0.1	0.16400
binom	1	0.2	0.1	0.14700
binom	1	0.3	0.1	0.15000
binom	1	0.4	0.1	0.18100
binom	1	0.5	0.1	0.17800
binom	1	0.6	0.1	0.19800
binom	1	0.7	0.1	0.18600
binom	1	0.8	0.1	0.18600
binom	1	0.9	0.1	0.16000
binom	1	0	0.2	0.29700
binom	1	0.1	0.2	0.30900
binom	1	0.2	0.2	0.28400
binom	1	0.3	0.2	0.23100
binom	1	0.4	0.2	0.23900
binom	1	0.5	0.2	0.21800
binom	1	0.6	0.2	0.23600
binom	1	0.7	0.2	0.21200
binom	1	0.8	0.2	0.23700
binom	1	0.9	0.2	0.22500
