binom	1	0	0	0.00500
binom	1	0.1	0	0.05600
binom	1	0.2	0	0.06400
binom	1	0.3	0	0.11300
binom	1	0.4	0	0.11600
binom	1	0.5	0	0.13800
binom	1	0.6	0	0.15300
binom	1	0.7	0	0.15700
binom	1	0.8	0	0.13100
binom	1	0.9	0	0.15000
binom	1	0	0.05	0.07300
binom	1	0.1	0.05	0.09900
binom	1	0.2	0.05	0.10300
binom	1	0.3	0.05	0.13800
binom	1	0.4	0.05	0.15200
binom	1	0.5	0.05	0.17300
binom	1	0.6	0.05	0.17800
binom	1	0.7	0.05	0.17100
binom	1	0.8	0.05	0.16300
binom	1	0.9	0.05	0.16100
binom	1	0	0.1	0.17100
binom	1	0.1	0.1	0.15100
binom	1	0.2	0.1	0.14700
binom	1	0.3	0.1	0.16400
binom	1	0.4	0.1	0.19300
binom	1	0.5	0.1	0.17700
binom	1	0.6	0.1	0.17500
binom	1	0.7	0.1	0.19300
binom	1	0.8	0.1	0.18800
binom	1	0.9	0.1	0.17900
binom	1	0	0.2	0.31000
binom	1	0.1	0.2	0.29300
binom	1	0.2	0.2	0.28700
binom	1	0.3	0.2	0.25300
binom	1	0.4	0.2	0.23700
binom	1	0.5	0.2	0.22700
binom	1	0.6	0.2	0.22200
binom	1	0.7	0.2	0.23100
binom	1	0.8	0.2	0.22400
binom	1	0.9	0.2	0.19600
