binom	1	0	0	0.01000
binom	1	0.1	0	0.04100
binom	1	0.2	0	0.09800
binom	1	0.3	0	0.09500
binom	1	0.4	0	0.11800
binom	1	0.5	0	0.14000
binom	1	0.6	0	0.13800
binom	1	0.7	0	0.15300
binom	1	0.8	0	0.14100
binom	1	0.9	0	0.12000
binom	1	0	0.05	0.08000
binom	1	0.1	0.05	0.08800
binom	1	0.2	0.05	0.12800
binom	1	0.3	0.05	0.12800
binom	1	0.4	0.05	0.16000
binom	1	0.5	0.05	0.16800
binom	1	0.6	0.05	0.16700
binom	1	0.7	0.05	0.17400
binom	1	0.8	0.05	0.17000
binom	1	0.9	0.05	0.15600
binom	1	0	0.1	0.15500
binom	1	0.1	0.1	0.16700
binom	1	0.2	0.1	0.12800
binom	1	0.3	0.1	0.17800
binom	1	0.4	0.1	0.17600
binom	1	0.5	0.1	0.19000
binom	1	0.6	0.1	0.21000
binom	1	0.7	0.1	0.18600
binom	1	0.8	0.1	0.18900
binom	1	0.9	0.1	0.17800
binom	1	0	0.2	0.30400
binom	1	0.1	0.2	0.28700
binom	1	0.2	0.2	0.27300
binom	1	0.3	0.2	0.22000
binom	1	0.4	0.2	0.23200
binom	1	0.5	0.2	0.21900
binom	1	0.6	0.2	0.22900
binom	1	0.7	0.2	0.22700
binom	1	0.8	0.2	0.23100
binom	1	0.9	0.2	0.20400
