binom	1	0	0	0.00800
binom	1	0.1	0	0.05000
binom	1	0.2	0	0.08800
binom	1	0.3	0	0.09400
binom	1	0.4	0	0.14000
binom	1	0.5	0	0.13200
binom	1	0.6	0	0.12400
binom	1	0.7	0	0.10400
binom	1	0.8	0	0.13200
binom	1	0.9	0	0.12400
binom	1	0	0.05	0.07600
binom	1	0.1	0.05	0.08800
binom	1	0.2	0.05	0.12000
binom	1	0.3	0.05	0.12500
binom	1	0.4	0.05	0.13600
binom	1	0.5	0.05	0.16200
binom	1	0.6	0.05	0.17300
binom	1	0.7	0.05	0.17300
binom	1	0.8	0.05	0.17100
binom	1	0.9	0.05	0.15000
binom	1	0	0.1	0.16600
binom	1	0.1	0.1	0.18700
binom	1	0.2	0.1	0.17100
binom	1	0.3	0.1	0.18900
binom	1	0.4	0.1	0.18500
binom	1	0.5	0.1	0.18700
binom	1	0.6	0.1	0.17600
binom	1	0.7	0.1	0.20400
binom	1	0.8	0.1	0.19300
binom	1	0.9	0.1	0.18500
binom	1	0	0.2	0.31400
binom	1	0.1	0.2	0.30500
binom	1	0.2	0.2	0.25200
binom	1	0.3	0.2	0.24400
binom	1	0.4	0.2	0.21800
binom	1	0.5	0.2	0.24200
binom	1	0.6	0.2	0.21300
binom	1	0.7	0.2	0.20100
binom	1	0.8	0.2	0.23300
binom	1	0.9	0.2	0.21300
