binom	1	0	0	0.00700
binom	1	0.1	0	0.03800
binom	1	0.2	0	0.07800
binom	1	0.3	0	0.11400
binom	1	0.4	0	0.13400
binom	1	0.5	0	0.14900
binom	1	0.6	0	0.13700
binom	1	0.7	0	0.15600
binom	1	0.8	0	0.13400
binom	1	0.9	0	0.14800
binom	1	0	0.05	0.09400
binom	1	0.1	0.05	0.07600
binom	1	0.2	0.05	0.11500
binom	1	0.3	0.05	0.15200
binom	1	0.4	0.05	0.14900
binom	1	0.5	0.05	0.16800
binom	1	0.6	0.05	0.18500
binom	1	0.7	0.05	0.15200
binom	1	0.8	0.05	0.16300
binom	1	0.9	0.05	0.13700
binom	1	0	0.1	0.17800
binom	1	0.1	0.1	0.19100
binom	1	0.2	0.1	0.13400
binom	1	0.3	0.1	0.16300
binom	1	0.4	0.1	0.18500
binom	1	0.5	0.1	0.19800
binom	1	0.6	0.1	0.19200
binom	1	0.7	0.1	0.17700
binom	1	0.8	0.1	0.17500
binom	1	0.9	0.1	0.16600
binom	1	0	0.2	0.28300
binom	1	0.1	0.2	0.30900
binom	1	0.2	0.2	0.28400
binom	1	0.3	0.2	0.22800
binom	1	0.4	0.2	0.22300
binom	1	0.5	0.2	0.23200
binom	1	0.6	0.2	0.23500
binom	1	0.7	0.2	0.22300
binom	1	0.8	0.2	0.26400
binom	1	0.9	0.2	0.21200
