binom	1	0	0	0.00600
binom	1	0.1	0	0.05500
binom	1	0.2	0	0.08300
binom	1	0.3	0	0.10200
binom	1	0.4	0	0.12500
binom	1	0.5	0	0.13200
binom	1	0.6	0	0.15300
binom	1	0.7	0	0.17600
binom	1	0.8	0	0.13900
binom	1	0.9	0	0.15600
binom	1	0	0.05	0.09400
binom	1	0.1	0.05	0.09500
binom	1	0.2	0.05	0.12300
binom	1	0.3	0.05	0.13600
binom	1	0.4	0.05	0.14700
binom	1	0.5	0.05	0.14700
binom	1	0.6	0.05	0.16600
binom	1	0.7	0.05	0.16400
binom	1	0.8	0.05	0.14700
binom	1	0.9	0.05	0.15300
binom	1	0	0.1	0.17100
binom	1	0.1	0.1	0.14600
binom	1	0.2	0.1	0.13400
binom	1	0.3	0.1	0.14600
binom	1	0.4	0.1	0.17400
binom	1	0.5	0.1	0.17100
binom	1	0.6	0.1	0.19400
binom	1	0.7	0.1	0.19400
binom	1	0.8	0.1	0.20200
binom	1	0.9	0.1	0.17700
binom	1	0	0.2	0.30400
binom	1	0.1	0.2	0.32700
binom	1	0.2	0.2	0.26500
binom	1	0.3	0.2	0.25800
binom	1	0.4	0.2	0.23500
binom	1	0.5	0.2	0.23600
binom	1	0.6	0.2	0.22600
binom	1	0.7	0.2	0.25200
binom	1	0.8	0.2	0.21400
binom	1	0.9	0.2	0.23600
