binom	1	0	0	0.01180
binom	1	0.1	0	0.01020
binom	1	0.2	0	0.01040
binom	1	0.3	0	0.01580
binom	1	0.4	0	0.01660
binom	1	0.5	0	0.01920
binom	1	0.6	0	0.02080
binom	1	0.7	0	0.01880
binom	1	0.8	0	0.02200
binom	1	0.9	0	0.01980
binom	1	0	0.05	0.04820
binom	1	0.1	0.05	0.04860
binom	1	0.2	0.05	0.04160
binom	1	0.3	0.05	0.04820
binom	1	0.4	0.05	0.04220
binom	1	0.5	0.05	0.04320
binom	1	0.6	0.05	0.04080
binom	1	0.7	0.05	0.04180
binom	1	0.8	0.05	0.03980
binom	1	0.9	0.05	0.03600
binom	1	0	0.1	0.09940
binom	1	0.1	0.1	0.09080
binom	1	0.2	0.1	0.09200
binom	1	0.3	0.1	0.08380
binom	1	0.4	0.1	0.08320
binom	1	0.5	0.1	0.07780
binom	1	0.6	0.1	0.07380
binom	1	0.7	0.1	0.07100
binom	1	0.8	0.1	0.06600
binom	1	0.9	0.1	0.05660
binom	1	0	0.2	0.16340
binom	1	0.1	0.2	0.16920
binom	1	0.2	0.2	0.16720
binom	1	0.3	0.2	0.15760
binom	1	0.4	0.2	0.15060
binom	1	0.5	0.2	0.13560
binom	1	0.6	0.2	0.13680
binom	1	0.7	0.2	0.12740
binom	1	0.8	0.2	0.11460
binom	1	0.9	0.2	0.10520
