binom	1	0	0	0.01600
binom	1	0.1	0	0.05200
binom	1	0.2	0	0.07500
binom	1	0.3	0	0.10300
binom	1	0.4	0	0.10300
binom	1	0.5	0	0.12400
binom	1	0.6	0	0.14100
binom	1	0.7	0	0.14200
binom	1	0.8	0	0.13600
binom	1	0.9	0	0.13500
binom	1	0	0.05	0.09700
binom	1	0.1	0.05	0.08800
binom	1	0.2	0.05	0.13000
binom	1	0.3	0.05	0.15300
binom	1	0.4	0.05	0.14800
binom	1	0.5	0.05	0.16100
binom	1	0.6	0.05	0.19100
binom	1	0.7	0.05	0.17800
binom	1	0.8	0.05	0.16700
binom	1	0.9	0.05	0.17700
binom	1	0	0.1	0.17000
binom	1	0.1	0.1	0.16300
binom	1	0.2	0.1	0.15100
binom	1	0.3	0.1	0.17600
binom	1	0.4	0.1	0.15700
binom	1	0.5	0.1	0.19200
binom	1	0.6	0.1	0.19000
binom	1	0.7	0.1	0.18900
binom	1	0.8	0.1	0.17300
binom	1	0.9	0.1	0.18700
binom	1	0	0.2	0.28100
binom	1	0.1	0.2	0.30900
binom	1	0.2	0.2	0.27600
binom	1	0.3	0.2	0.25600
binom	1	0.4	0.2	0.21300
binom	1	0.5	0.2	0.25800
binom	1	0.6	0.2	0.23900
binom	1	0.7	0.2	0.24400
binom	1	0.8	0.2	0.22700
binom	1	0.9	0.2	0.20400
