binom	1	0	0	0.00700
binom	1	0.1	0	0.04000
binom	1	0.2	0	0.07200
binom	1	0.3	0	0.10600
binom	1	0.4	0	0.12700
binom	1	0.5	0	0.16000
binom	1	0.6	0	0.14700
binom	1	0.7	0	0.12600
binom	1	0.8	0	0.13800
binom	1	0.9	0	0.12100
binom	1	0	0.05	0.09900
binom	1	0.1	0.05	0.08500
binom	1	0.2	0.05	0.09100
binom	1	0.3	0.05	0.12200
binom	1	0.4	0.05	0.14100
binom	1	0.5	0.05	0.17400
binom	1	0.6	0.05	0.18200
binom	1	0.7	0.05	0.18300
binom	1	0.8	0.05	0.16300
binom	1	0.9	0.05	0.14400
binom	1	0	0.1	0.17700
binom	1	0.1	0.1	0.18100
binom	1	0.2	0.1	0.17000
binom	1	0.3	0.1	0.18800
binom	1	0.4	0.1	0.19800
binom	1	0.5	0.1	0.20100
binom	1	0.6	0.1	0.17500
binom	1	0.7	0.1	0.17200
binom	1	0.8	0.1	0.19700
binom	1	0.9	0.1	0.16900
binom	1	0	0.2	0.30100
binom	1	0.1	0.2	0.27800
binom	1	0.2	0.2	0.27900
binom	1	0.3	0.2	0.25100
binom	1	0.4	0.2	0.21100
binom	1	0.5	0.2	0.23400
binom	1	0.6	0.2	0.22100
binom	1	0.7	0.2	0.23400
binom	1	0.8	0.2	0.21900
binom	1	0.9	0.2	0.22500
