binom	1	0	0	0.01100
binom	1	0.1	0	0.04700
binom	1	0.2	0	0.07000
binom	1	0.3	0	0.10400
binom	1	0.4	0	0.11300
binom	1	0.5	0	0.16300
binom	1	0.6	0	0.15200
binom	1	0.7	0	0.14500
binom	1	0.8	0	0.14700
binom	1	0.9	0	0.13800
binom	1	0	0.05	0.08800
binom	1	0.1	0.05	0.07900
binom	1	0.2	0.05	0.11400
binom	1	0.3	0.05	0.12600
binom	1	0.4	0.05	0.15600
binom	1	0.5	0.05	0.15800
binom	1	0.6	0.05	0.16100
binom	1	0.7	0.05	0.17700
binom	1	0.8	0.05	0.15500
binom	1	0.9	0.05	0.13600
binom	1	0	0.1	0.17400
binom	1	0.1	0.1	0.16000
binom	1	0.2	0.1	0.15800
binom	1	0.3	0.1	0.16700
binom	1	0.4	0.1	0.19600
binom	1	0.5	0.1	0.17800
binom	1	0.6	0.1	0.18700
binom	1	0.7	0.1	0.20100
binom	1	0.8	0.1	0.17900
binom	1	0.9	0.1	0.18200
binom	1	0	0.2	0.28800
binom	1	0.1	0.2	0.28100
binom	1	0.2	0.2	0.24900
binom	1	0.3	0.2	0.22500
binom	1	0.4	0.2	0.21800
binom	1	0.5	0.2	0.23400
binom	1	0.6	0.2	0.22000
binom	1	0.7	0.2	0.22700
binom	1	0.8	0.2	0.22500
binom	1	0.9	0.2	0.23600
