binom	1	0	0	0.00900
binom	1	0.1	0	0.03800
binom	1	0.2	0	0.08000
binom	1	0.3	0	0.10800
binom	1	0.4	0	0.11700
binom	1	0.5	0	0.13800
binom	1	0.6	0	0.13000
binom	1	0.7	0	0.14300
binom	1	0.8	0	0.13700
binom	1	0.9	0	0.13600
binom	1	0	0.05	0.09300
binom	1	0.1	0.05	0.08100
binom	1	0.2	0.05	0.12400
binom	1	0.3	0.05	0.13400
binom	1	0.4	0.05	0.13900
binom	1	0.5	0.05	0.16400
binom	1	0.6	0.05	0.18900
binom	1	0.7	0.05	0.17800
binom	1	0.8	0.05	0.16800
binom	1	0.9	0.05	0.16300
binom	1	0	0.1	0.15300
binom	1	0.1	0.1	0.18300
binom	1	0.2	0.1	0.14900
binom	1	0.3	0.1	0.16300
binom	1	0.4	0.1	0.16600
binom	1	0.5	0.1	0.16700
binom	1	0.6	0.1	0.16700
binom	1	0.7	0.1	0.18800
binom	1	0.8	0.1	0.19600
binom	1	0.9	0.1	0.16900
binom	1	0	0.2	0.27000
binom	1	0.1	0.2	0.29700
binom	1	0.2	0.2	0.26300
binom	1	0.3	0.2	0.25700
binom	1	0.4	0.2	0.24200
binom	1	0.5	0.2	0.22500
binom	1	0.6	0.2	0.23800
binom	1	0.7	0.2	0.21400
binom	1	0.8	0.2	0.21300
binom	1	0.9	0.2	0.22100
