binom	1	0	0	0.01200
binom	1	0.1	0	0.04500
binom	1	0.2	0	0.07600
binom	1	0.3	0	0.10400
binom	1	0.4	0	0.12300
binom	1	0.5	0	0.14900
binom	1	0.6	0	0.16100
binom	1	0.7	0	0.15400
binom	1	0.8	0	0.14600
binom	1	0.9	0	0.12300
binom	1	0	0.05	0.09900
binom	1	0.1	0.05	0.10600
binom	1	0.2	0.05	0.12500
binom	1	0.3	0.05	0.13000
binom	1	0.4	0.05	0.16000
binom	1	0.5	0.05	0.15000
binom	1	0.6	0.05	0.15900
binom	1	0.7	0.05	0.17900
binom	1	0.8	0.05	0.17000
binom	1	0.9	0.05	0.15000
binom	1	0	0.1	0.17200
binom	1	0.1	0.1	0.15100
binom	1	0.2	0.1	0.14200
binom	1	0.3	0.1	0.16700
binom	1	0.4	0.1	0.19000
binom	1	0.5	0.1	0.17900
binom	1	0.6	0.1	0.18200
binom	1	0.7	0.1	0.18900
binom	1	0.8	0.1	0.19600
binom	1	0.9	0.1	0.15600
binom	1	0	0.2	0.27700
binom	1	0.1	0.2	0.27600
binom	1	0.2	0.2	0.28100
binom	1	0.3	0.2	0.24100
binom	1	0.4	0.2	0.21600
binom	1	0.5	0.2	0.20600
binom	1	0.6	0.2	0.22700
binom	1	0.7	0.2	0.21600
binom	1	0.8	0.2	0.21800
binom	1	0.9	0.2	0.18200
