binom	1	0	0	0.00800
binom	1	0.1	0	0.03900
binom	1	0.2	0	0.07400
binom	1	0.3	0	0.11600
binom	1	0.4	0	0.12800
binom	1	0.5	0	0.13900
binom	1	0.6	0	0.14300
binom	1	0.7	0	0.16700
binom	1	0.8	0	0.13000
binom	1	0.9	0	0.14200
binom	1	0	0.05	0.08700
binom	1	0.1	0.05	0.07700
binom	1	0.2	0.05	0.11900
binom	1	0.3	0.05	0.14900
binom	1	0.4	0.05	0.16200
binom	1	0.5	0.05	0.15200
binom	1	0.6	0.05	0.16200
binom	1	0.7	0.05	0.15200
binom	1	0.8	0.05	0.18000
binom	1	0.9	0.05	0.14600
binom	1	0	0.1	0.15800
binom	1	0.1	0.1	0.15600
binom	1	0.2	0.1	0.16500
binom	1	0.3	0.1	0.15400
binom	1	0.4	0.1	0.19700
binom	1	0.5	0.1	0.19400
binom	1	0.6	0.1	0.20000
binom	1	0.7	0.1	0.18000
binom	1	0.8	0.1	0.16700
binom	1	0.9	0.1	0.17500
binom	1	0	0.2	0.29800
binom	1	0.1	0.2	0.29700
binom	1	0.2	0.2	0.26000
binom	1	0.3	0.2	0.23500
binom	1	0.4	0.2	0.23100
binom	1	0.5	0.2	0.23100
binom	1	0.6	0.2	0.21600
binom	1	0.7	0.2	0.23000
binom	1	0.8	0.2	0.23200
binom	1	0.9	0.2	0.21300
