binom	1	0	0	0.00800
binom	1	0.1	0	0.05600
binom	1	0.2	0	0.08000
binom	1	0.3	0	0.10500
binom	1	0.4	0	0.11700
binom	1	0.5	0	0.16100
binom	1	0.6	0	0.14800
binom	1	0.7	0	0.14900
binom	1	0.8	0	0.14900
binom	1	0.9	0	0.11000
binom	1	0	0.05	0.09400
binom	1	0.1	0.05	0.08500
binom	1	0.2	0.05	0.12200
binom	1	0.3	0.05	0.12600
binom	1	0.4	0.05	0.15500
binom	1	0.5	0.05	0.16900
binom	1	0.6	0.05	0.16600
binom	1	0.7	0.05	0.14100
binom	1	0.8	0.05	0.17100
binom	1	0.9	0.05	0.16100
binom	1	0	0.1	0.17900
binom	1	0.1	0.1	0.15100
binom	1	0.2	0.1	0.15500
binom	1	0.3	0.1	0.17600
binom	1	0.4	0.1	0.18700
binom	1	0.5	0.1	0.18300
binom	1	0.6	0.1	0.21500
binom	1	0.7	0.1	0.18700
binom	1	0.8	0.1	0.19800
binom	1	0.9	0.1	0.16300
binom	1	0	0.2	0.31000
binom	1	0.1	0.2	0.28400
binom	1	0.2	0.2	0.26000
binom	1	0.3	0.2	0.24000
binom	1	0.4	0.2	0.24700
binom	1	0.5	0.2	0.21800
binom	1	0.6	0.2	0.22900
binom	1	0.7	0.2	0.22800
binom	1	0.8	0.2	0.21300
binom	1	0.9	0.2	0.20100
