binom	1	0	0	0.01500
binom	1	0.1	0	0.03900
binom	1	0.2	0	0.07400
binom	1	0.3	0	0.10900
binom	1	0.4	0	0.14000
binom	1	0.5	0	0.14900
binom	1	0.6	0	0.13900
binom	1	0.7	0	0.14000
binom	1	0.8	0	0.14400
binom	1	0.9	0	0.12500
binom	1	0	0.05	0.08900
binom	1	0.1	0.05	0.07600
binom	1	0.2	0.05	0.09500
binom	1	0.3	0.05	0.12900
binom	1	0.4	0.05	0.14000
binom	1	0.5	0.05	0.14900
binom	1	0.6	0.05	0.18300
binom	1	0.7	0.05	0.16300
binom	1	0.8	0.05	0.14400
binom	1	0.9	0.05	0.16700
binom	1	0	0.1	0.16500
binom	1	0.1	0.1	0.16700
binom	1	0.2	0.1	0.14100
binom	1	0.3	0.1	0.18300
binom	1	0.4	0.1	0.18300
binom	1	0.5	0.1	0.18200
binom	1	0.6	0.1	0.17600
binom	1	0.7	0.1	0.18800
binom	1	0.8	0.1	0.20000
binom	1	0.9	0.1	0.16700
binom	1	0	0.2	0.30500
binom	1	0.1	0.2	0.30000
binom	1	0.2	0.2	0.24600
binom	1	0.3	0.2	0.22000
binom	1	0.4	0.2	0.21400
binom	1	0.5	0.2	0.22500
binom	1	0.6	0.2	0.20800
binom	1	0.7	0.2	0.22200
binom	1	0.8	0.2	0.20600
binom	1	0.9	0.2	0.21000
