binom	1	0	0	0.01100
binom	1	0.1	0	0.04300
binom	1	0.2	0	0.08000
binom	1	0.3	0	0.10500
binom	1	0.4	0	0.12500
binom	1	0.5	0	0.13300
binom	1	0.6	0	0.12700
binom	1	0.7	0	0.14500
binom	1	0.8	0	0.15300
binom	1	0.9	0	0.14400
binom	1	0	0.05	0.09300
binom	1	0.1	0.05	0.07900
binom	1	0.2	0.05	0.11300
binom	1	0.3	0.05	0.12800
binom	1	0.4	0.05	0.15900
binom	1	0.5	0.05	0.16600
binom	1	0.6	0.05	0.17200
binom	1	0.7	0.05	0.14500
binom	1	0.8	0.05	0.16100
binom	1	0.9	0.05	0.16100
binom	1	0	0.1	0.18400
binom	1	0.1	0.1	0.18100
binom	1	0.2	0.1	0.14400
binom	1	0.3	0.1	0.17500
binom	1	0.4	0.1	0.17500
binom	1	0.5	0.1	0.17400
binom	1	0.6	0.1	0.18700
binom	1	0.7	0.1	0.17000
binom	1	0.8	0.1	0.18600
binom	1	0.9	0.1	0.16900
binom	1	0	0.2	0.30800
binom	1	0.1	0.2	0.28200
binom	1	0.2	0.2	0.28000
binom	1	0.3	0.2	0.24600
binom	1	0.4	0.2	0.21100
binom	1	0.5	0.2	0.22700
binom	1	0.6	0.2	0.26000
binom	1	0.7	0.2	0.20700
binom	1	0.8	0.2	0.24200
binom	1	0.9	0.2	0.22500
