binom	1	0	0	0.00900
binom	1	0.1	0	0.05100
binom	1	0.2	0	0.06500
binom	1	0.3	0	0.09400
binom	1	0.4	0	0.12100
binom	1	0.5	0	0.15400
binom	1	0.6	0	0.14100
binom	1	0.7	0	0.14800
binom	1	0.8	0	0.14400
binom	1	0.9	0	0.12500
binom	1	0	0.05	0.09000
binom	1	0.1	0.05	0.09100
binom	1	0.2	0.05	0.10900
binom	1	0.3	0.05	0.13700
binom	1	0.4	0.05	0.14700
binom	1	0.5	0.05	0.16100
binom	1	0.6	0.05	0.17400
binom	1	0.7	0.05	0.15200
binom	1	0.8	0.05	0.14600
binom	1	0.9	0.05	0.17300
binom	1	0	0.1	0.18300
binom	1	0.1	0.1	0.17400
binom	1	0.2	0.1	0.16100
binom	1	0.3	0.1	0.16200
binom	1	0.4	0.1	0.18300
binom	1	0.5	0.1	0.17700
binom	1	0.6	0.1	0.17900
binom	1	0.7	0.1	0.17900
binom	1	0.8	0.1	0.17800
binom	1	0.9	0.1	0.16800
binom	1	0	0.2	0.28100
binom	1	0.1	0.2	0.29600
binom	1	0.2	0.2	0.31300
binom	1	0.3	0.2	0.25300
binom	1	0.4	0.2	0.22200
binom	1	0.5	0.2	0.22000
binom	1	0.6	0.2	0.22800
binom	1	0.7	0.2	0.23900
binom	1	0.8	0.2	0.21900
binom	1	0.9	0.2	0.22700
