binom	1	0	0	0.00500
binom	1	0.1	0	0.04600
binom	1	0.2	0	0.07900
binom	1	0.3	0	0.11200
binom	1	0.4	0	0.11000
binom	1	0.5	0	0.14600
binom	1	0.6	0	0.14700
binom	1	0.7	0	0.16600
binom	1	0.8	0	0.13700
binom	1	0.9	0	0.13700
binom	1	0	0.05	0.08600
binom	1	0.1	0.05	0.07500
binom	1	0.2	0.05	0.10900
binom	1	0.3	0.05	0.12400
binom	1	0.4	0.05	0.13800
binom	1	0.5	0.05	0.15900
binom	1	0.6	0.05	0.16100
binom	1	0.7	0.05	0.18100
binom	1	0.8	0.05	0.16000
binom	1	0.9	0.05	0.16800
binom	1	0	0.1	0.15700
binom	1	0.1	0.1	0.16100
binom	1	0.2	0.1	0.15800
binom	1	0.3	0.1	0.15700
binom	1	0.4	0.1	0.18800
binom	1	0.5	0.1	0.17200
binom	1	0.6	0.1	0.19000
binom	1	0.7	0.1	0.19400
binom	1	0.8	0.1	0.18000
binom	1	0.9	0.1	0.17900
binom	1	0	0.2	0.28500
binom	1	0.1	0.2	0.29400
binom	1	0.2	0.2	0.28700
binom	1	0.3	0.2	0.23100
binom	1	0.4	0.2	0.20800
binom	1	0.5	0.2	0.23300
binom	1	0.6	0.2	0.22800
binom	1	0.7	0.2	0.23600
binom	1	0.8	0.2	0.22200
binom	1	0.9	0.2	0.21800
