binom	1	0	0	0.00400
binom	1	0.1	0	0.04500
binom	1	0.2	0	0.08100
binom	1	0.3	0	0.10400
binom	1	0.4	0	0.12100
binom	1	0.5	0	0.14900
binom	1	0.6	0	0.14500
binom	1	0.7	0	0.16600
binom	1	0.8	0	0.13800
binom	1	0.9	0	0.13800
binom	1	0	0.05	0.08600
binom	1	0.1	0.05	0.08700
binom	1	0.2	0.05	0.11100
binom	1	0.3	0.05	0.12600
binom	1	0.4	0.05	0.17300
binom	1	0.5	0.05	0.14300
binom	1	0.6	0.05	0.17100
binom	1	0.7	0.05	0.17400
binom	1	0.8	0.05	0.15000
binom	1	0.9	0.05	0.14800
binom	1	0	0.1	0.17700
binom	1	0.1	0.1	0.15300
binom	1	0.2	0.1	0.15900
binom	1	0.3	0.1	0.15100
binom	1	0.4	0.1	0.15900
binom	1	0.5	0.1	0.18600
binom	1	0.6	0.1	0.18400
binom	1	0.7	0.1	0.19400
binom	1	0.8	0.1	0.17100
binom	1	0.9	0.1	0.18200
binom	1	0	0.2	0.30300
binom	1	0.1	0.2	0.30000
binom	1	0.2	0.2	0.27100
binom	1	0.3	0.2	0.23800
binom	1	0.4	0.2	0.23900
binom	1	0.5	0.2	0.25900
binom	1	0.6	0.2	0.22500
binom	1	0.7	0.2	0.22000
binom	1	0.8	0.2	0.20900
binom	1	0.9	0.2	0.22700
