binom	1	0	0	0.01000
binom	1	0.1	0	0.05700
binom	1	0.2	0	0.08700
binom	1	0.3	0	0.10300
binom	1	0.4	0	0.11100
binom	1	0.5	0	0.12800
binom	1	0.6	0	0.13400
binom	1	0.7	0	0.15000
binom	1	0.8	0	0.13600
binom	1	0.9	0	0.12700
binom	1	0	0.05	0.10100
binom	1	0.1	0.05	0.09000
binom	1	0.2	0.05	0.10600
binom	1	0.3	0.05	0.13500
binom	1	0.4	0.05	0.15300
binom	1	0.5	0.05	0.17100
binom	1	0.6	0.05	0.16600
binom	1	0.7	0.05	0.15900
binom	1	0.8	0.05	0.16500
binom	1	0.9	0.05	0.15500
binom	1	0	0.1	0.18500
binom	1	0.1	0.1	0.16600
binom	1	0.2	0.1	0.14800
binom	1	0.3	0.1	0.15500
binom	1	0.4	0.1	0.17800
binom	1	0.5	0.1	0.18500
binom	1	0.6	0.1	0.20800
binom	1	0.7	0.1	0.19800
binom	1	0.8	0.1	0.20100
binom	1	0.9	0.1	0.14800
binom	1	0	0.2	0.31600
binom	1	0.1	0.2	0.29000
binom	1	0.2	0.2	0.28400
binom	1	0.3	0.2	0.27900
binom	1	0.4	0.2	0.23200
binom	1	0.5	0.2	0.20600
binom	1	0.6	0.2	0.22500
binom	1	0.7	0.2	0.24600
binom	1	0.8	0.2	0.23400
binom	1	0.9	0.2	0.21800
