binom	1	0	0	0.00700
binom	1	0.1	0	0.03900
binom	1	0.2	0	0.07400
binom	1	0.3	0	0.09300
binom	1	0.4	0	0.12700
binom	1	0.5	0	0.13900
binom	1	0.6	0	0.15600
binom	1	0.7	0	0.15500
binom	1	0.8	0	0.13500
binom	1	0.9	0	0.14500
binom	1	0	0.05	0.09700
binom	1	0.1	0.05	0.10100
binom	1	0.2	0.05	0.11000
binom	1	0.3	0.05	0.13000
binom	1	0.4	0.05	0.16500
binom	1	0.5	0.05	0.18400
binom	1	0.6	0.05	0.16600
binom	1	0.7	0.05	0.17600
binom	1	0.8	0.05	0.16000
binom	1	0.9	0.05	0.16400
binom	1	0	0.1	0.19600
binom	1	0.1	0.1	0.16700
binom	1	0.2	0.1	0.14400
binom	1	0.3	0.1	0.15900
binom	1	0.4	0.1	0.17500
binom	1	0.5	0.1	0.19900
binom	1	0.6	0.1	0.20500
binom	1	0.7	0.1	0.20100
binom	1	0.8	0.1	0.17700
binom	1	0.9	0.1	0.17800
binom	1	0	0.2	0.29000
binom	1	0.1	0.2	0.29000
binom	1	0.2	0.2	0.25200
binom	1	0.3	0.2	0.22700
binom	1	0.4	0.2	0.20900
binom	1	0.5	0.2	0.23500
binom	1	0.6	0.2	0.22000
binom	1	0.7	0.2	0.22600
binom	1	0.8	0.2	0.20700
binom	1	0.9	0.2	0.20800
