binom	1	0	0	0.01900
binom	1	0.1	0	0.04100
binom	1	0.2	0	0.06600
binom	1	0.3	0	0.11700
binom	1	0.4	0	0.12700
binom	1	0.5	0	0.14200
binom	1	0.6	0	0.15000
binom	1	0.7	0	0.12400
binom	1	0.8	0	0.15700
binom	1	0.9	0	0.16900
binom	1	0	0.05	0.09400
binom	1	0.1	0.05	0.09000
binom	1	0.2	0.05	0.12300
binom	1	0.3	0.05	0.13900
binom	1	0.4	0.05	0.15500
binom	1	0.5	0.05	0.16800
binom	1	0.6	0.05	0.17500
binom	1	0.7	0.05	0.16400
binom	1	0.8	0.05	0.14200
binom	1	0.9	0.05	0.14200
binom	1	0	0.1	0.18800
binom	1	0.1	0.1	0.17400
binom	1	0.2	0.1	0.15200
binom	1	0.3	0.1	0.15900
binom	1	0.4	0.1	0.18400
binom	1	0.5	0.1	0.16800
binom	1	0.6	0.1	0.20000
binom	1	0.7	0.1	0.20300
binom	1	0.8	0.1	0.17500
binom	1	0.9	0.1	0.16000
binom	1	0	0.2	0.26800
binom	1	0.1	0.2	0.30100
binom	1	0.2	0.2	0.28200
binom	1	0.3	0.2	0.24000
binom	1	0.4	0.2	0.22000
binom	1	0.5	0.2	0.22400
binom	1	0.6	0.2	0.23200
binom	1	0.7	0.2	0.22500
binom	1	0.8	0.2	0.23100
binom	1	0.9	0.2	0.22000
