binom	1	0	0	0.01100
binom	1	0.1	0	0.04300
binom	1	0.2	0	0.07000
binom	1	0.3	0	0.09600
binom	1	0.4	0	0.11900
binom	1	0.5	0	0.12700
binom	1	0.6	0	0.11900
binom	1	0.7	0	0.15700
binom	1	0.8	0	0.14400
binom	1	0.9	0	0.13800
binom	1	0	0.05	0.08500
binom	1	0.1	0.05	0.09700
binom	1	0.2	0.05	0.12300
binom	1	0.3	0.05	0.13700
binom	1	0.4	0.05	0.17200
binom	1	0.5	0.05	0.17300
binom	1	0.6	0.05	0.14800
binom	1	0.7	0.05	0.15600
binom	1	0.8	0.05	0.15600
binom	1	0.9	0.05	0.14900
binom	1	0	0.1	0.16800
binom	1	0.1	0.1	0.14100
binom	1	0.2	0.1	0.14700
binom	1	0.3	0.1	0.15500
binom	1	0.4	0.1	0.16600
binom	1	0.5	0.1	0.19000
binom	1	0.6	0.1	0.18600
binom	1	0.7	0.1	0.20300
binom	1	0.8	0.1	0.18800
binom	1	0.9	0.1	0.17900
binom	1	0	0.2	0.30300
binom	1	0.1	0.2	0.27100
binom	1	0.2	0.2	0.29500
binom	1	0.3	0.2	0.23700
binom	1	0.4	0.2	0.23400
binom	1	0.5	0.2	0.21700
binom	1	0.6	0.2	0.23100
binom	1	0.7	0.2	0.22800
binom	1	0.8	0.2	0.22500
binom	1	0.9	0.2	0.19600
