binom	1	0	0	0.00800
binom	1	0.1	0	0.05600
binom	1	0.2	0	0.07700
binom	1	0.3	0	0.11200
binom	1	0.4	0	0.12200
binom	1	0.5	0	0.13700
binom	1	0.6	0	0.16500
binom	1	0.7	0	0.13700
binom	1	0.8	0	0.17200
binom	1	0.9	0	0.14300
binom	1	0	0.05	0.08000
binom	1	0.1	0.05	0.07800
binom	1	0.2	0.05	0.11200
binom	1	0.3	0.05	0.13100
binom	1	0.4	0.05	0.16100
binom	1	0.5	0.05	0.17700
binom	1	0.6	0.05	0.17900
binom	1	0.7	0.05	0.16300
binom	1	0.8	0.05	0.16400
binom	1	0.9	0.05	0.15200
binom	1	0	0.1	0.16300
binom	1	0.1	0.1	0.13700
binom	1	0.2	0.1	0.14900
binom	1	0.3	0.1	0.15300
binom	1	0.4	0.1	0.15700
binom	1	0.5	0.1	0.18600
binom	1	0.6	0.1	0.19300
binom	1	0.7	0.1	0.18700
binom	1	0.8	0.1	0.18400
binom	1	0.9	0.1	0.17300
binom	1	0	0.2	0.32500
binom	1	0.1	0.2	0.30500
binom	1	0.2	0.2	0.29300
binom	1	0.3	0.2	0.24200
binom	1	0.4	0.2	0.22700
binom	1	0.5	0.2	0.22600
binom	1	0.6	0.2	0.25700
binom	1	0.7	0.2	0.22500
binom	1	0.8	0.2	0.21300
binom	1	0.9	0.2	0.21300
