binom	1	0	0	0.00900
binom	1	0.1	0	0.05500
binom	1	0.2	0	0.07400
binom	1	0.3	0	0.10100
binom	1	0.4	0	0.13400
binom	1	0.5	0	0.14700
binom	1	0.6	0	0.14500
binom	1	0.7	0	0.12900
binom	1	0.8	0	0.14200
binom	1	0.9	0	0.11800
binom	1	0	0.05	0.07200
binom	1	0.1	0.05	0.10400
binom	1	0.2	0.05	0.10200
binom	1	0.3	0.05	0.12800
binom	1	0.4	0.05	0.14200
binom	1	0.5	0.05	0.15900
binom	1	0.6	0.05	0.14400
binom	1	0.7	0.05	0.16800
binom	1	0.8	0.05	0.16400
binom	1	0.9	0.05	0.14600
binom	1	0	0.1	0.16400
binom	1	0.1	0.1	0.17300
binom	1	0.2	0.1	0.14200
binom	1	0.3	0.1	0.14500
binom	1	0.4	0.1	0.17800
binom	1	0.5	0.1	0.17900
binom	1	0.6	0.1	0.18700
binom	1	0.7	0.1	0.18100
binom	1	0.8	0.1	0.19200
binom	1	0.9	0.1	0.16100
binom	1	0	0.2	0.30000
binom	1	0.1	0.2	0.31100
binom	1	0.2	0.2	0.28700
binom	1	0.3	0.2	0.24300
binom	1	0.4	0.2	0.23600
binom	1	0.5	0.2	0.21100
binom	1	0.6	0.2	0.25500
binom	1	0.7	0.2	0.22400
binom	1	0.8	0.2	0.23500
binom	1	0.9	0.2	0.21500
