binom	1	0	0	0.00900
binom	1	0.1	0	0.04400
binom	1	0.2	0	0.08100
binom	1	0.3	0	0.11100
binom	1	0.4	0	0.11300
binom	1	0.5	0	0.11800
binom	1	0.6	0	0.14900
binom	1	0.7	0	0.13900
binom	1	0.8	0	0.15900
binom	1	0.9	0	0.11700
binom	1	0	0.05	0.09500
binom	1	0.1	0.05	0.09000
binom	1	0.2	0.05	0.11400
binom	1	0.3	0.05	0.12900
binom	1	0.4	0.05	0.14900
binom	1	0.5	0.05	0.18400
binom	1	0.6	0.05	0.17300
binom	1	0.7	0.05	0.17200
binom	1	0.8	0.05	0.18300
binom	1	0.9	0.05	0.13700
binom	1	0	0.1	0.16700
binom	1	0.1	0.1	0.17400
binom	1	0.2	0.1	0.14900
binom	1	0.3	0.1	0.17500
binom	1	0.4	0.1	0.17500
binom	1	0.5	0.1	0.17800
binom	1	0.6	0.1	0.21100
binom	1	0.7	0.1	0.18000
binom	1	0.8	0.1	0.17800
binom	1	0.9	0.1	0.16800
binom	1	0	0.2	0.30700
binom	1	0.1	0.2	0.29400
binom	1	0.2	0.2	0.28100
binom	1	0.3	0.2	0.23000
binom	1	0.4	0.2	0.24100
binom	1	0.5	0.2	0.21500
binom	1	0.6	0.2	0.23800
binom	1	0.7	0.2	0.19300
binom	1	0.8	0.2	0.22600
binom	1	0.9	0.2	0.21200
