binom	1	0	0	0.00800
binom	1	0.1	0	0.03300
binom	1	0.2	0	0.09800
binom	1	0.3	0	0.09000
binom	1	0.4	0	0.13400
binom	1	0.5	0	0.13100
binom	1	0.6	0	0.14300
binom	1	0.7	0	0.15600
binom	1	0.8	0	0.13400
binom	1	0.9	0	0.13000
binom	1	0	0.05	0.08900
binom	1	0.1	0.05	0.06700
binom	1	0.2	0.05	0.11900
binom	1	0.3	0.05	0.12900
binom	1	0.4	0.05	0.16300
binom	1	0.5	0.05	0.17200
binom	1	0.6	0.05	0.16700
binom	1	0.7	0.05	0.16300
binom	1	0.8	0.05	0.16500
binom	1	0.9	0.05	0.15500
binom	1	0	0.1	0.16900
binom	1	0.1	0.1	0.14500
binom	1	0.2	0.1	0.15000
binom	1	0.3	0.1	0.15700
binom	1	0.4	0.1	0.18100
binom	1	0.5	0.1	0.19500
binom	1	0.6	0.1	0.20700
binom	1	0.7	0.1	0.19400
binom	1	0.8	0.1	0.19400
binom	1	0.9	0.1	0.17300
binom	1	0	0.2	0.31000
binom	1	0.1	0.2	0.29400
binom	1	0.2	0.2	0.29900
binom	1	0.3	0.2	0.24000
binom	1	0.4	0.2	0.22000
binom	1	0.5	0.2	0.23200
binom	1	0.6	0.2	0.23600
binom	1	0.7	0.2	0.22000
binom	1	0.8	0.2	0.22500
binom	1	0.9	0.2	0.22300
