binom	1	0	0	0.00600
binom	1	0.1	0	0.03800
binom	1	0.2	0	0.08800
binom	1	0.3	0	0.09400
binom	1	0.4	0	0.10500
binom	1	0.5	0	0.12400
binom	1	0.6	0	0.13700
binom	1	0.7	0	0.14000
binom	1	0.8	0	0.12800
binom	1	0.9	0	0.13200
binom	1	0	0.05	0.08700
binom	1	0.1	0.05	0.09900
binom	1	0.2	0.05	0.11900
binom	1	0.3	0.05	0.15200
binom	1	0.4	0.05	0.15600
binom	1	0.5	0.05	0.17300
binom	1	0.6	0.05	0.15500
binom	1	0.7	0.05	0.16200
binom	1	0.8	0.05	0.17300
binom	1	0.9	0.05	0.14800
binom	1	0	0.1	0.16700
binom	1	0.1	0.1	0.16200
binom	1	0.2	0.1	0.13100
binom	1	0.3	0.1	0.14800
binom	1	0.4	0.1	0.18000
binom	1	0.5	0.1	0.19100
binom	1	0.6	0.1	0.20200
binom	1	0.7	0.1	0.18300
binom	1	0.8	0.1	0.16900
binom	1	0.9	0.1	0.17300
binom	1	0	0.2	0.30000
binom	1	0.1	0.2	0.28900
binom	1	0.2	0.2	0.28500
binom	1	0.3	0.2	0.25700
binom	1	0.4	0.2	0.22200
binom	1	0.5	0.2	0.22800
binom	1	0.6	0.2	0.23900
binom	1	0.7	0.2	0.20200
binom	1	0.8	0.2	0.20800
binom	1	0.9	0.2	0.18700
