binom	1	0	0	0.00900
binom	1	0.1	0	0.04500
binom	1	0.2	0	0.08800
binom	1	0.3	0	0.11300
binom	1	0.4	0	0.13100
binom	1	0.5	0	0.12900
binom	1	0.6	0	0.14000
binom	1	0.7	0	0.14300
binom	1	0.8	0	0.15800
binom	1	0.9	0	0.14800
binom	1	0	0.05	0.09700
binom	1	0.1	0.05	0.08400
binom	1	0.2	0.05	0.10900
binom	1	0.3	0.05	0.11900
binom	1	0.4	0.05	0.15900
binom	1	0.5	0.05	0.17500
binom	1	0.6	0.05	0.16300
binom	1	0.7	0.05	0.19100
binom	1	0.8	0.05	0.16200
binom	1	0.9	0.05	0.15100
binom	1	0	0.1	0.17000
binom	1	0.1	0.1	0.15100
binom	1	0.2	0.1	0.14500
binom	1	0.3	0.1	0.14100
binom	1	0.4	0.1	0.17400
binom	1	0.5	0.1	0.18800
binom	1	0.6	0.1	0.19300
binom	1	0.7	0.1	0.17000
binom	1	0.8	0.1	0.20100
binom	1	0.9	0.1	0.18600
binom	1	0	0.2	0.30800
binom	1	0.1	0.2	0.31800
binom	1	0.2	0.2	0.30500
binom	1	0.3	0.2	0.24100
binom	1	0.4	0.2	0.20900
binom	1	0.5	0.2	0.20100
binom	1	0.6	0.2	0.25300
binom	1	0.7	0.2	0.22400
binom	1	0.8	0.2	0.22100
binom	1	0.9	0.2	0.18700
