binom	1	0	0	0.01200
binom	1	0.1	0	0.04400
binom	1	0.2	0	0.08900
binom	1	0.3	0	0.12600
binom	1	0.4	0	0.12600
binom	1	0.5	0	0.12700
binom	1	0.6	0	0.14700
binom	1	0.7	0	0.15800
binom	1	0.8	0	0.14600
binom	1	0.9	0	0.13900
binom	1	0	0.05	0.08600
binom	1	0.1	0.05	0.08400
binom	1	0.2	0.05	0.10500
binom	1	0.3	0.05	0.13800
binom	1	0.4	0.05	0.15400
binom	1	0.5	0.05	0.15400
binom	1	0.6	0.05	0.15500
binom	1	0.7	0.05	0.17800
binom	1	0.8	0.05	0.17200
binom	1	0.9	0.05	0.14400
binom	1	0	0.1	0.16500
binom	1	0.1	0.1	0.15400
binom	1	0.2	0.1	0.15900
binom	1	0.3	0.1	0.17400
binom	1	0.4	0.1	0.17100
binom	1	0.5	0.1	0.19200
binom	1	0.6	0.1	0.19100
binom	1	0.7	0.1	0.19700
binom	1	0.8	0.1	0.18900
binom	1	0.9	0.1	0.16500
binom	1	0	0.2	0.32700
binom	1	0.1	0.2	0.31000
binom	1	0.2	0.2	0.29000
binom	1	0.3	0.2	0.23600
binom	1	0.4	0.2	0.24700
binom	1	0.5	0.2	0.23400
binom	1	0.6	0.2	0.22900
binom	1	0.7	0.2	0.24600
binom	1	0.8	0.2	0.25000
binom	1	0.9	0.2	0.20900
