binom	1	0	0	0.00500
binom	1	0.1	0	0.04800
binom	1	0.2	0	0.10100
binom	1	0.3	0	0.09600
binom	1	0.4	0	0.11500
binom	1	0.5	0	0.14300
binom	1	0.6	0	0.15900
binom	1	0.7	0	0.13900
binom	1	0.8	0	0.15000
binom	1	0.9	0	0.12800
binom	1	0	0.05	0.08600
binom	1	0.1	0.05	0.10100
binom	1	0.2	0.05	0.10300
binom	1	0.3	0.05	0.13400
binom	1	0.4	0.05	0.16100
binom	1	0.5	0.05	0.14800
binom	1	0.6	0.05	0.17000
binom	1	0.7	0.05	0.16000
binom	1	0.8	0.05	0.16400
binom	1	0.9	0.05	0.16300
binom	1	0	0.1	0.16300
binom	1	0.1	0.1	0.15500
binom	1	0.2	0.1	0.12700
binom	1	0.3	0.1	0.14500
binom	1	0.4	0.1	0.18400
binom	1	0.5	0.1	0.20500
binom	1	0.6	0.1	0.17700
binom	1	0.7	0.1	0.18700
binom	1	0.8	0.1	0.18100
binom	1	0.9	0.1	0.17600
binom	1	0	0.2	0.27500
binom	1	0.1	0.2	0.27800
binom	1	0.2	0.2	0.26500
binom	1	0.3	0.2	0.23800
binom	1	0.4	0.2	0.23600
binom	1	0.5	0.2	0.22800
binom	1	0.6	0.2	0.21900
binom	1	0.7	0.2	0.22700
binom	1	0.8	0.2	0.22200
binom	1	0.9	0.2	0.21700
