binom	1	0	0	0.00800
binom	1	0.1	0	0.04400
binom	1	0.2	0	0.08300
binom	1	0.3	0	0.11200
binom	1	0.4	0	0.13000
binom	1	0.5	0	0.15400
binom	1	0.6	0	0.13400
binom	1	0.7	0	0.15400
binom	1	0.8	0	0.14000
binom	1	0.9	0	0.11900
binom	1	0	0.05	0.08700
binom	1	0.1	0.05	0.08600
binom	1	0.2	0.05	0.11500
binom	1	0.3	0.05	0.14800
binom	1	0.4	0.05	0.17000
binom	1	0.5	0.05	0.17600
binom	1	0.6	0.05	0.17400
binom	1	0.7	0.05	0.16800
binom	1	0.8	0.05	0.15800
binom	1	0.9	0.05	0.14600
binom	1	0	0.1	0.18200
binom	1	0.1	0.1	0.14300
binom	1	0.2	0.1	0.15400
binom	1	0.3	0.1	0.19100
binom	1	0.4	0.1	0.17600
binom	1	0.5	0.1	0.18100
binom	1	0.6	0.1	0.19600
binom	1	0.7	0.1	0.19700
binom	1	0.8	0.1	0.16400
binom	1	0.9	0.1	0.17400
binom	1	0	0.2	0.30000
binom	1	0.1	0.2	0.28600
binom	1	0.2	0.2	0.28000
binom	1	0.3	0.2	0.22100
binom	1	0.4	0.2	0.20900
binom	1	0.5	0.2	0.24800
binom	1	0.6	0.2	0.22100
binom	1	0.7	0.2	0.23200
binom	1	0.8	0.2	0.23300
binom	1	0.9	0.2	0.22000
