binom	1	0	0	0.00500
binom	1	0.1	0	0.04500
binom	1	0.2	0	0.07300
binom	1	0.3	0	0.10900
binom	1	0.4	0	0.10200
binom	1	0.5	0	0.14200
binom	1	0.6	0	0.13700
binom	1	0.7	0	0.13400
binom	1	0.8	0	0.13500
binom	1	0.9	0	0.14700
binom	1	0	0.05	0.08900
binom	1	0.1	0.05	0.08600
binom	1	0.2	0.05	0.10000
binom	1	0.3	0.05	0.15200
binom	1	0.4	0.05	0.15600
binom	1	0.5	0.05	0.17300
binom	1	0.6	0.05	0.15500
binom	1	0.7	0.05	0.16200
binom	1	0.8	0.05	0.17300
binom	1	0.9	0.05	0.16200
binom	1	0	0.1	0.17400
binom	1	0.1	0.1	0.16200
binom	1	0.2	0.1	0.15500
binom	1	0.3	0.1	0.17600
binom	1	0.4	0.1	0.19400
binom	1	0.5	0.1	0.18600
binom	1	0.6	0.1	0.19300
binom	1	0.7	0.1	0.18300
binom	1	0.8	0.1	0.17600
binom	1	0.9	0.1	0.16100
binom	1	0	0.2	0.31500
binom	1	0.1	0.2	0.25800
binom	1	0.2	0.2	0.26100
binom	1	0.3	0.2	0.22900
binom	1	0.4	0.2	0.23500
binom	1	0.5	0.2	0.24700
binom	1	0.6	0.2	0.22500
binom	1	0.7	0.2	0.22200
binom	1	0.8	0.2	0.22100
binom	1	0.9	0.2	0.22000
