binom	1	0	0	0.01100
binom	1	0.1	0	0.04700
binom	1	0.2	0	0.07500
binom	1	0.3	0	0.09700
binom	1	0.4	0	0.11800
binom	1	0.5	0	0.11400
binom	1	0.6	0	0.13500
binom	1	0.7	0	0.14800
binom	1	0.8	0	0.14100
binom	1	0.9	0	0.11400
binom	1	0	0.05	0.09600
binom	1	0.1	0.05	0.09900
binom	1	0.2	0.05	0.11800
binom	1	0.3	0.05	0.11700
binom	1	0.4	0.05	0.15100
binom	1	0.5	0.05	0.16600
binom	1	0.6	0.05	0.14400
binom	1	0.7	0.05	0.17800
binom	1	0.8	0.05	0.14900
binom	1	0.9	0.05	0.16500
binom	1	0	0.1	0.16300
binom	1	0.1	0.1	0.16800
binom	1	0.2	0.1	0.14000
binom	1	0.3	0.1	0.17400
binom	1	0.4	0.1	0.17700
binom	1	0.5	0.1	0.19000
binom	1	0.6	0.1	0.17600
binom	1	0.7	0.1	0.17800
binom	1	0.8	0.1	0.19200
binom	1	0.9	0.1	0.17500
binom	1	0	0.2	0.29500
binom	1	0.1	0.2	0.31000
binom	1	0.2	0.2	0.27100
binom	1	0.3	0.2	0.24300
binom	1	0.4	0.2	0.21600
binom	1	0.5	0.2	0.21800
binom	1	0.6	0.2	0.24300
binom	1	0.7	0.2	0.23900
binom	1	0.8	0.2	0.24700
binom	1	0.9	0.2	0.19900
