binom	1	0	0	0.01400
binom	1	0.1	0	0.03200
binom	1	0.2	0	0.06400
binom	1	0.3	0	0.11700
binom	1	0.4	0	0.12600
binom	1	0.5	0	0.13500
binom	1	0.6	0	0.14200
binom	1	0.7	0	0.15100
binom	1	0.8	0	0.15200
binom	1	0.9	0	0.13100
binom	1	0	0.05	0.08400
binom	1	0.1	0.05	0.08100
binom	1	0.2	0.05	0.09300
binom	1	0.3	0.05	0.14200
binom	1	0.4	0.05	0.14700
binom	1	0.5	0.05	0.19000
binom	1	0.6	0.05	0.17100
binom	1	0.7	0.05	0.17900
binom	1	0.8	0.05	0.16900
binom	1	0.9	0.05	0.14900
binom	1	0	0.1	0.17000
binom	1	0.1	0.1	0.16500
binom	1	0.2	0.1	0.14500
binom	1	0.3	0.1	0.14900
binom	1	0.4	0.1	0.16600
binom	1	0.5	0.1	0.19700
binom	1	0.6	0.1	0.17700
binom	1	0.7	0.1	0.18200
binom	1	0.8	0.1	0.20400
binom	1	0.9	0.1	0.16900
binom	1	0	0.2	0.30600
binom	1	0.1	0.2	0.30700
binom	1	0.2	0.2	0.30200
binom	1	0.3	0.2	0.22100
binom	1	0.4	0.2	0.22400
binom	1	0.5	0.2	0.20200
binom	1	0.6	0.2	0.25400
binom	1	0.7	0.2	0.23300
binom	1	0.8	0.2	0.24300
binom	1	0.9	0.2	0.23600
