binom	1	0	0	0.00950
binom	1	0.1	0	0.01150
binom	1	0.2	0	0.01200
binom	1	0.3	0	0.01450
binom	1	0.4	0	0.01100
binom	1	0.5	0	0.01250
binom	1	0.6	0	0.01200
binom	1	0.7	0	0.00600
binom	1	0.8	0	0.00300
binom	1	0.9	0	0.00300
binom	1	0	0.05	0.04250
binom	1	0.1	0.05	0.04250
binom	1	0.2	0.05	0.04150
binom	1	0.3	0.05	0.03900
binom	1	0.4	0.05	0.04100
binom	1	0.5	0.05	0.03850
binom	1	0.6	0.05	0.02800
binom	1	0.7	0.05	0.01800
binom	1	0.8	0.05	0.01350
binom	1	0.9	0.05	0.00350
binom	1	0	0.1	0.10150
binom	1	0.1	0.1	0.08550
binom	1	0.2	0.1	0.07600
binom	1	0.3	0.1	0.08900
binom	1	0.4	0.1	0.07500
binom	1	0.5	0.1	0.07850
binom	1	0.6	0.1	0.06300
binom	1	0.7	0.1	0.04800
binom	1	0.8	0.1	0.03650
binom	1	0.9	0.1	0.01700
binom	1	0	0.2	0.16450
binom	1	0.1	0.2	0.16850
binom	1	0.2	0.2	0.15550
binom	1	0.3	0.2	0.15300
binom	1	0.4	0.2	0.15900
binom	1	0.5	0.2	0.14600
binom	1	0.6	0.2	0.13100
binom	1	0.7	0.2	0.12150
binom	1	0.8	0.2	0.10350
binom	1	0.9	0.2	0.08250
