binom	1	0	0	0.01500
binom	1	0.1	0	0.05000
binom	1	0.2	0	0.07500
binom	1	0.3	0	0.10300
binom	1	0.4	0	0.12100
binom	1	0.5	0	0.12400
binom	1	0.6	0	0.14300
binom	1	0.7	0	0.14500
binom	1	0.8	0	0.14100
binom	1	0.9	0	0.12200
binom	1	0	0.05	0.08400
binom	1	0.1	0.05	0.10500
binom	1	0.2	0.05	0.11000
binom	1	0.3	0.05	0.12200
binom	1	0.4	0.05	0.16200
binom	1	0.5	0.05	0.16900
binom	1	0.6	0.05	0.16000
binom	1	0.7	0.05	0.16300
binom	1	0.8	0.05	0.15700
binom	1	0.9	0.05	0.14300
binom	1	0	0.1	0.15500
binom	1	0.1	0.1	0.17300
binom	1	0.2	0.1	0.14900
binom	1	0.3	0.1	0.16200
binom	1	0.4	0.1	0.18600
binom	1	0.5	0.1	0.18300
binom	1	0.6	0.1	0.18000
binom	1	0.7	0.1	0.20000
binom	1	0.8	0.1	0.18900
binom	1	0.9	0.1	0.18000
binom	1	0	0.2	0.29700
binom	1	0.1	0.2	0.28700
binom	1	0.2	0.2	0.26500
binom	1	0.3	0.2	0.24400
binom	1	0.4	0.2	0.21300
binom	1	0.5	0.2	0.23400
binom	1	0.6	0.2	0.24800
binom	1	0.7	0.2	0.24300
binom	1	0.8	0.2	0.25500
binom	1	0.9	0.2	0.23300
