binom	1	0	0	0.00800
binom	1	0.1	0	0.04400
binom	1	0.2	0	0.08200
binom	1	0.3	0	0.13000
binom	1	0.4	0	0.12200
binom	1	0.5	0	0.14200
binom	1	0.6	0	0.12800
binom	1	0.7	0	0.14800
binom	1	0.8	0	0.16600
binom	1	0.9	0	0.14800
binom	1	0	0.05	0.09400
binom	1	0.1	0.05	0.09200
binom	1	0.2	0.05	0.11600
binom	1	0.3	0.05	0.16400
binom	1	0.4	0.05	0.15700
binom	1	0.5	0.05	0.16100
binom	1	0.6	0.05	0.17300
binom	1	0.7	0.05	0.16000
binom	1	0.8	0.05	0.14700
binom	1	0.9	0.05	0.15000
binom	1	0	0.1	0.17000
binom	1	0.1	0.1	0.15100
binom	1	0.2	0.1	0.14200
binom	1	0.3	0.1	0.16900
binom	1	0.4	0.1	0.17100
binom	1	0.5	0.1	0.17700
binom	1	0.6	0.1	0.18500
binom	1	0.7	0.1	0.19300
binom	1	0.8	0.1	0.19700
binom	1	0.9	0.1	0.15300
binom	1	0	0.2	0.28500
binom	1	0.1	0.2	0.29700
binom	1	0.2	0.2	0.27300
binom	1	0.3	0.2	0.25700
binom	1	0.4	0.2	0.23000
binom	1	0.5	0.2	0.25900
binom	1	0.6	0.2	0.20500
binom	1	0.7	0.2	0.22400
binom	1	0.8	0.2	0.22400
binom	1	0.9	0.2	0.20100
