binom	1	0	0	0.00900
binom	1	0.1	0	0.04200
binom	1	0.2	0	0.08800
binom	1	0.3	0	0.10900
binom	1	0.4	0	0.12600
binom	1	0.5	0	0.13600
binom	1	0.6	0	0.14800
binom	1	0.7	0	0.14500
binom	1	0.8	0	0.16800
binom	1	0.9	0	0.13400
binom	1	0	0.05	0.08600
binom	1	0.1	0.05	0.08900
binom	1	0.2	0.05	0.13000
binom	1	0.3	0.05	0.14300
binom	1	0.4	0.05	0.14500
binom	1	0.5	0.05	0.15900
binom	1	0.6	0.05	0.17300
binom	1	0.7	0.05	0.18200
binom	1	0.8	0.05	0.15700
binom	1	0.9	0.05	0.16000
binom	1	0	0.1	0.18500
binom	1	0.1	0.1	0.15500
binom	1	0.2	0.1	0.13700
binom	1	0.3	0.1	0.16000
binom	1	0.4	0.1	0.19300
binom	1	0.5	0.1	0.17800
binom	1	0.6	0.1	0.21300
binom	1	0.7	0.1	0.16100
binom	1	0.8	0.1	0.15600
binom	1	0.9	0.1	0.16400
binom	1	0	0.2	0.30700
binom	1	0.1	0.2	0.26100
binom	1	0.2	0.2	0.27400
binom	1	0.3	0.2	0.25600
binom	1	0.4	0.2	0.21200
binom	1	0.5	0.2	0.23500
binom	1	0.6	0.2	0.22000
binom	1	0.7	0.2	0.21100
binom	1	0.8	0.2	0.23100
binom	1	0.9	0.2	0.22500
