binom	1	0	0	0.01300
binom	1	0.1	0	0.05200
binom	1	0.2	0	0.09500
binom	1	0.3	0	0.09500
binom	1	0.4	0	0.10800
binom	1	0.5	0	0.13300
binom	1	0.6	0	0.14200
binom	1	0.7	0	0.12700
binom	1	0.8	0	0.14500
binom	1	0.9	0	0.13100
binom	1	0	0.05	0.08900
binom	1	0.1	0.05	0.10500
binom	1	0.2	0.05	0.11500
binom	1	0.3	0.05	0.12000
binom	1	0.4	0.05	0.15800
binom	1	0.5	0.05	0.16200
binom	1	0.6	0.05	0.16200
binom	1	0.7	0.05	0.19500
binom	1	0.8	0.05	0.18900
binom	1	0.9	0.05	0.16500
binom	1	0	0.1	0.16400
binom	1	0.1	0.1	0.15300
binom	1	0.2	0.1	0.15500
binom	1	0.3	0.1	0.16900
binom	1	0.4	0.1	0.18300
binom	1	0.5	0.1	0.20800
binom	1	0.6	0.1	0.20200
binom	1	0.7	0.1	0.18600
binom	1	0.8	0.1	0.18200
binom	1	0.9	0.1	0.17500
binom	1	0	0.2	0.29800
binom	1	0.1	0.2	0.28600
binom	1	0.2	0.2	0.27700
binom	1	0.3	0.2	0.24100
binom	1	0.4	0.2	0.24200
binom	1	0.5	0.2	0.23400
binom	1	0.6	0.2	0.23800
binom	1	0.7	0.2	0.25300
binom	1	0.8	0.2	0.23300
binom	1	0.9	0.2	0.21700
