binom	1	0	0	0.00700
binom	1	0.1	0	0.05200
binom	1	0.2	0	0.07400
binom	1	0.3	0	0.11400
binom	1	0.4	0	0.12500
binom	1	0.5	0	0.12200
binom	1	0.6	0	0.13600
binom	1	0.7	0	0.13100
binom	1	0.8	0	0.13100
binom	1	0.9	0	0.12700
binom	1	0	0.05	0.09600
binom	1	0.1	0.05	0.09900
binom	1	0.2	0.05	0.10500
binom	1	0.3	0.05	0.13500
binom	1	0.4	0.05	0.16600
binom	1	0.5	0.05	0.14800
binom	1	0.6	0.05	0.14800
binom	1	0.7	0.05	0.16200
binom	1	0.8	0.05	0.15900
binom	1	0.9	0.05	0.14600
binom	1	0	0.1	0.18800
binom	1	0.1	0.1	0.15200
binom	1	0.2	0.1	0.15600
binom	1	0.3	0.1	0.19600
binom	1	0.4	0.1	0.18000
binom	1	0.5	0.1	0.18900
binom	1	0.6	0.1	0.19600
binom	1	0.7	0.1	0.18100
binom	1	0.8	0.1	0.19100
binom	1	0.9	0.1	0.16900
binom	1	0	0.2	0.26800
binom	1	0.1	0.2	0.28700
binom	1	0.2	0.2	0.25300
binom	1	0.3	0.2	0.25000
binom	1	0.4	0.2	0.20700
binom	1	0.5	0.2	0.22300
binom	1	0.6	0.2	0.23900
binom	1	0.7	0.2	0.21500
binom	1	0.8	0.2	0.22600
binom	1	0.9	0.2	0.21300
