binom	1	0	0	0.01200
binom	1	0.1	0	0.05100
binom	1	0.2	0	0.06900
binom	1	0.3	0	0.12500
binom	1	0.4	0	0.13500
binom	1	0.5	0	0.14500
binom	1	0.6	0	0.13400
binom	1	0.7	0	0.12900
binom	1	0.8	0	0.15400
binom	1	0.9	0	0.13800
binom	1	0	0.05	0.10900
binom	1	0.1	0.05	0.09500
binom	1	0.2	0.05	0.10700
binom	1	0.3	0.05	0.13600
binom	1	0.4	0.05	0.15800
binom	1	0.5	0.05	0.17100
binom	1	0.6	0.05	0.16600
binom	1	0.7	0.05	0.18300
binom	1	0.8	0.05	0.16000
binom	1	0.9	0.05	0.14900
binom	1	0	0.1	0.15800
binom	1	0.1	0.1	0.15100
binom	1	0.2	0.1	0.15800
binom	1	0.3	0.1	0.17800
binom	1	0.4	0.1	0.19900
binom	1	0.5	0.1	0.20400
binom	1	0.6	0.1	0.19600
binom	1	0.7	0.1	0.20300
binom	1	0.8	0.1	0.19700
binom	1	0.9	0.1	0.18400
binom	1	0	0.2	0.31100
binom	1	0.1	0.2	0.28000
binom	1	0.2	0.2	0.29400
binom	1	0.3	0.2	0.23900
binom	1	0.4	0.2	0.22200
binom	1	0.5	0.2	0.22300
binom	1	0.6	0.2	0.19700
binom	1	0.7	0.2	0.25300
binom	1	0.8	0.2	0.22100
binom	1	0.9	0.2	0.21200
