binom	1	0	0	0.01400
binom	1	0.1	0	0.04400
binom	1	0.2	0	0.07000
binom	1	0.3	0	0.10100
binom	1	0.4	0	0.11500
binom	1	0.5	0	0.14000
binom	1	0.6	0	0.14200
binom	1	0.7	0	0.13700
binom	1	0.8	0	0.13700
binom	1	0.9	0	0.11300
binom	1	0	0.05	0.06800
binom	1	0.1	0.05	0.08600
binom	1	0.2	0.05	0.11700
binom	1	0.3	0.05	0.13300
binom	1	0.4	0.05	0.15700
binom	1	0.5	0.05	0.14300
binom	1	0.6	0.05	0.17000
binom	1	0.7	0.05	0.15300
binom	1	0.8	0.05	0.17600
binom	1	0.9	0.05	0.16300
binom	1	0	0.1	0.16300
binom	1	0.1	0.1	0.17300
binom	1	0.2	0.1	0.14900
binom	1	0.3	0.1	0.17100
binom	1	0.4	0.1	0.18400
binom	1	0.5	0.1	0.18200
binom	1	0.6	0.1	0.20700
binom	1	0.7	0.1	0.18900
binom	1	0.8	0.1	0.20600
binom	1	0.9	0.1	0.17100
binom	1	0	0.2	0.28500
binom	1	0.1	0.2	0.28000
binom	1	0.2	0.2	0.27100
binom	1	0.3	0.2	0.22800
binom	1	0.4	0.2	0.25200
binom	1	0.5	0.2	0.22800
binom	1	0.6	0.2	0.23400
binom	1	0.7	0.2	0.21300
binom	1	0.8	0.2	0.22900
binom	1	0.9	0.2	0.20200
