binom	1	0	0	0.01000
binom	1	0.1	0	0.04900
binom	1	0.2	0	0.07800
binom	1	0.3	0	0.11000
binom	1	0.4	0	0.12600
binom	1	0.5	0	0.13800
binom	1	0.6	0	0.15900
binom	1	0.7	0	0.14400
binom	1	0.8	0	0.11600
binom	1	0.9	0	0.13700
binom	1	0	0.05	0.10100
binom	1	0.1	0.05	0.08500
binom	1	0.2	0.05	0.12300
binom	1	0.3	0.05	0.12800
binom	1	0.4	0.05	0.16600
binom	1	0.5	0.05	0.17800
binom	1	0.6	0.05	0.16700
binom	1	0.7	0.05	0.14500
binom	1	0.8	0.05	0.17400
binom	1	0.9	0.05	0.16100
binom	1	0	0.1	0.15900
binom	1	0.1	0.1	0.16600
binom	1	0.2	0.1	0.14000
binom	1	0.3	0.1	0.15600
binom	1	0.4	0.1	0.17400
binom	1	0.5	0.1	0.19900
binom	1	0.6	0.1	0.17900
binom	1	0.7	0.1	0.21000
binom	1	0.8	0.1	0.18500
binom	1	0.9	0.1	0.17300
binom	1	0	0.2	0.32600
binom	1	0.1	0.2	0.29300
binom	1	0.2	0.2	0.28000
binom	1	0.3	0.2	0.24700
binom	1	0.4	0.2	0.22700
binom	1	0.5	0.2	0.22500
binom	1	0.6	0.2	0.25100
binom	1	0.7	0.2	0.23500
binom	1	0.8	0.2	0.20400
binom	1	0.9	0.2	0.20500
