binom	1	0	0	0.01000
binom	1	0.1	0	0.04800
binom	1	0.2	0	0.08700
binom	1	0.3	0	0.09800
binom	1	0.4	0	0.13300
binom	1	0.5	0	0.14300
binom	1	0.6	0	0.13200
binom	1	0.7	0	0.13200
binom	1	0.8	0	0.12800
binom	1	0.9	0	0.13200
binom	1	0	0.05	0.09200
binom	1	0.1	0.05	0.06300
binom	1	0.2	0.05	0.12400
binom	1	0.3	0.05	0.14300
binom	1	0.4	0.05	0.15300
binom	1	0.5	0.05	0.19600
binom	1	0.6	0.05	0.20100
binom	1	0.7	0.05	0.14900
binom	1	0.8	0.05	0.14200
binom	1	0.9	0.05	0.15400
binom	1	0	0.1	0.16500
binom	1	0.1	0.1	0.16300
binom	1	0.2	0.1	0.13900
binom	1	0.3	0.1	0.16700
binom	1	0.4	0.1	0.20600
binom	1	0.5	0.1	0.17200
binom	1	0.6	0.1	0.23100
binom	1	0.7	0.1	0.18800
binom	1	0.8	0.1	0.17300
binom	1	0.9	0.1	0.18700
binom	1	0	0.2	0.30300
binom	1	0.1	0.2	0.28500
binom	1	0.2	0.2	0.28300
binom	1	0.3	0.2	0.25500
binom	1	0.4	0.2	0.23000
binom	1	0.5	0.2	0.22400
binom	1	0.6	0.2	0.24600
binom	1	0.7	0.2	0.22200
binom	1	0.8	0.2	0.20600
binom	1	0.9	0.2	0.23600
