binom	1	0	0	0.01700
binom	1	0.1	0	0.03100
binom	1	0.2	0	0.09000
binom	1	0.3	0	0.12000
binom	1	0.4	0	0.11400
binom	1	0.5	0	0.15900
binom	1	0.6	0	0.12800
binom	1	0.7	0	0.14500
binom	1	0.8	0	0.14600
binom	1	0.9	0	0.13400
binom	1	0	0.05	0.09100
binom	1	0.1	0.05	0.08200
binom	1	0.2	0.05	0.11500
binom	1	0.3	0.05	0.13100
binom	1	0.4	0.05	0.13300
binom	1	0.5	0.05	0.18900
binom	1	0.6	0.05	0.18600
binom	1	0.7	0.05	0.17200
binom	1	0.8	0.05	0.15400
binom	1	0.9	0.05	0.13800
binom	1	0	0.1	0.18700
binom	1	0.1	0.1	0.16800
binom	1	0.2	0.1	0.13000
binom	1	0.3	0.1	0.16700
binom	1	0.4	0.1	0.17300
binom	1	0.5	0.1	0.18600
binom	1	0.6	0.1	0.19100
binom	1	0.7	0.1	0.18400
binom	1	0.8	0.1	0.18800
binom	1	0.9	0.1	0.17200
binom	1	0	0.2	0.28000
binom	1	0.1	0.2	0.28900
binom	1	0.2	0.2	0.31700
binom	1	0.3	0.2	0.24200
binom	1	0.4	0.2	0.21100
binom	1	0.5	0.2	0.25600
binom	1	0.6	0.2	0.23000
binom	1	0.7	0.2	0.22600
binom	1	0.8	0.2	0.21400
binom	1	0.9	0.2	0.23900
