binom	1	0	0	0.00600
binom	1	0.1	0	0.04100
binom	1	0.2	0	0.06700
binom	1	0.3	0	0.11500
binom	1	0.4	0	0.12900
binom	1	0.5	0	0.13300
binom	1	0.6	0	0.14000
binom	1	0.7	0	0.15600
binom	1	0.8	0	0.14700
binom	1	0.9	0	0.14000
binom	1	0	0.05	0.07000
binom	1	0.1	0.05	0.10000
binom	1	0.2	0.05	0.11900
binom	1	0.3	0.05	0.12200
binom	1	0.4	0.05	0.15000
binom	1	0.5	0.05	0.15300
binom	1	0.6	0.05	0.15000
binom	1	0.7	0.05	0.16100
binom	1	0.8	0.05	0.15600
binom	1	0.9	0.05	0.14400
binom	1	0	0.1	0.17400
binom	1	0.1	0.1	0.15700
binom	1	0.2	0.1	0.14400
binom	1	0.3	0.1	0.17600
binom	1	0.4	0.1	0.18000
binom	1	0.5	0.1	0.17600
binom	1	0.6	0.1	0.19400
binom	1	0.7	0.1	0.17700
binom	1	0.8	0.1	0.18100
binom	1	0.9	0.1	0.14800
binom	1	0	0.2	0.27600
binom	1	0.1	0.2	0.28500
binom	1	0.2	0.2	0.28000
binom	1	0.3	0.2	0.25100
binom	1	0.4	0.2	0.21600
binom	1	0.5	0.2	0.24500
binom	1	0.6	0.2	0.23400
binom	1	0.7	0.2	0.25100
binom	1	0.8	0.2	0.22900
binom	1	0.9	0.2	0.21700
