binom	1	0	0	0.01200
binom	1	0.1	0	0.05100
binom	1	0.2	0	0.07700
binom	1	0.3	0	0.10000
binom	1	0.4	0	0.12600
binom	1	0.5	0	0.13000
binom	1	0.6	0	0.15400
binom	1	0.7	0	0.14500
binom	1	0.8	0	0.14500
binom	1	0.9	0	0.13600
binom	1	0	0.05	0.08900
binom	1	0.1	0.05	0.09700
binom	1	0.2	0.05	0.11000
binom	1	0.3	0.05	0.10900
binom	1	0.4	0.05	0.15700
binom	1	0.5	0.05	0.15800
binom	1	0.6	0.05	0.16900
binom	1	0.7	0.05	0.17800
binom	1	0.8	0.05	0.17300
binom	1	0.9	0.05	0.14100
binom	1	0	0.1	0.16500
binom	1	0.1	0.1	0.15600
binom	1	0.2	0.1	0.15000
binom	1	0.3	0.1	0.15400
binom	1	0.4	0.1	0.18200
binom	1	0.5	0.1	0.18500
binom	1	0.6	0.1	0.20400
binom	1	0.7	0.1	0.21400
binom	1	0.8	0.1	0.18300
binom	1	0.9	0.1	0.17200
binom	1	0	0.2	0.32100
binom	1	0.1	0.2	0.28200
binom	1	0.2	0.2	0.28700
binom	1	0.3	0.2	0.25200
binom	1	0.4	0.2	0.23200
binom	1	0.5	0.2	0.23000
binom	1	0.6	0.2	0.24800
binom	1	0.7	0.2	0.23500
binom	1	0.8	0.2	0.22700
binom	1	0.9	0.2	0.22700
