binom	1	0	0	0.01000
binom	1	0.1	0	0.03900
binom	1	0.2	0	0.09000
binom	1	0.3	0	0.13400
binom	1	0.4	0	0.11000
binom	1	0.5	0	0.12900
binom	1	0.6	0	0.14900
binom	1	0.7	0	0.13400
binom	1	0.8	0	0.15200
binom	1	0.9	0	0.15400
binom	1	0	0.05	0.09700
binom	1	0.1	0.05	0.09500
binom	1	0.2	0.05	0.11200
binom	1	0.3	0.05	0.13800
binom	1	0.4	0.05	0.14300
binom	1	0.5	0.05	0.17600
binom	1	0.6	0.05	0.17200
binom	1	0.7	0.05	0.18900
binom	1	0.8	0.05	0.18000
binom	1	0.9	0.05	0.13400
binom	1	0	0.1	0.15800
binom	1	0.1	0.1	0.16100
binom	1	0.2	0.1	0.15600
binom	1	0.3	0.1	0.16000
binom	1	0.4	0.1	0.19300
binom	1	0.5	0.1	0.17400
binom	1	0.6	0.1	0.17900
binom	1	0.7	0.1	0.17900
binom	1	0.8	0.1	0.20500
binom	1	0.9	0.1	0.16500
binom	1	0	0.2	0.28400
binom	1	0.1	0.2	0.29100
binom	1	0.2	0.2	0.30700
binom	1	0.3	0.2	0.24200
binom	1	0.4	0.2	0.21000
binom	1	0.5	0.2	0.21400
binom	1	0.6	0.2	0.23700
binom	1	0.7	0.2	0.25900
binom	1	0.8	0.2	0.21600
binom	1	0.9	0.2	0.22600
