binom	1	0	0	0.01400
binom	1	0.1	0	0.04300
binom	1	0.2	0	0.08800
binom	1	0.3	0	0.09700
binom	1	0.4	0	0.14000
binom	1	0.5	0	0.13200
binom	1	0.6	0	0.13400
binom	1	0.7	0	0.12700
binom	1	0.8	0	0.15700
binom	1	0.9	0	0.15000
binom	1	0	0.05	0.08200
binom	1	0.1	0.05	0.09300
binom	1	0.2	0.05	0.10700
binom	1	0.3	0.05	0.14800
binom	1	0.4	0.05	0.15600
binom	1	0.5	0.05	0.16500
binom	1	0.6	0.05	0.17000
binom	1	0.7	0.05	0.16900
binom	1	0.8	0.05	0.17200
binom	1	0.9	0.05	0.16600
binom	1	0	0.1	0.17200
binom	1	0.1	0.1	0.15500
binom	1	0.2	0.1	0.13200
binom	1	0.3	0.1	0.17500
binom	1	0.4	0.1	0.18700
binom	1	0.5	0.1	0.19800
binom	1	0.6	0.1	0.18900
binom	1	0.7	0.1	0.20600
binom	1	0.8	0.1	0.19200
binom	1	0.9	0.1	0.16700
binom	1	0	0.2	0.31000
binom	1	0.1	0.2	0.28100
binom	1	0.2	0.2	0.27100
binom	1	0.3	0.2	0.24000
binom	1	0.4	0.2	0.20900
binom	1	0.5	0.2	0.21700
binom	1	0.6	0.2	0.25900
binom	1	0.7	0.2	0.24800
binom	1	0.8	0.2	0.21800
binom	1	0.9	0.2	0.20800
