binom	1	0	0	0.01400
binom	1	0.1	0	0.03600
binom	1	0.2	0	0.07500
binom	1	0.3	0	0.10000
binom	1	0.4	0	0.12600
binom	1	0.5	0	0.12400
binom	1	0.6	0	0.15800
binom	1	0.7	0	0.15900
binom	1	0.8	0	0.14500
binom	1	0.9	0	0.14500
binom	1	0	0.05	0.09500
binom	1	0.1	0.05	0.08600
binom	1	0.2	0.05	0.09900
binom	1	0.3	0.05	0.14600
binom	1	0.4	0.05	0.15100
binom	1	0.5	0.05	0.15400
binom	1	0.6	0.05	0.15400
binom	1	0.7	0.05	0.17800
binom	1	0.8	0.05	0.15300
binom	1	0.9	0.05	0.13900
binom	1	0	0.1	0.18200
binom	1	0.1	0.1	0.16300
binom	1	0.2	0.1	0.14100
binom	1	0.3	0.1	0.16400
binom	1	0.4	0.1	0.19100
binom	1	0.5	0.1	0.18900
binom	1	0.6	0.1	0.19200
binom	1	0.7	0.1	0.19000
binom	1	0.8	0.1	0.20600
binom	1	0.9	0.1	0.18000
binom	1	0	0.2	0.32900
binom	1	0.1	0.2	0.29000
binom	1	0.2	0.2	0.26100
binom	1	0.3	0.2	0.22800
binom	1	0.4	0.2	0.22600
binom	1	0.5	0.2	0.26200
binom	1	0.6	0.2	0.23600
binom	1	0.7	0.2	0.23500
binom	1	0.8	0.2	0.21700
binom	1	0.9	0.2	0.22300
