binom	1	0	0	0.01100
binom	1	0.1	0	0.04700
binom	1	0.2	0	0.08300
binom	1	0.3	0	0.12400
binom	1	0.4	0	0.12100
binom	1	0.5	0	0.15000
binom	1	0.6	0	0.14100
binom	1	0.7	0	0.14300
binom	1	0.8	0	0.13500
binom	1	0.9	0	0.14100
binom	1	0	0.05	0.08300
binom	1	0.1	0.05	0.10100
binom	1	0.2	0.05	0.10700
binom	1	0.3	0.05	0.14900
binom	1	0.4	0.05	0.14300
binom	1	0.5	0.05	0.15100
binom	1	0.6	0.05	0.15000
binom	1	0.7	0.05	0.19200
binom	1	0.8	0.05	0.16300
binom	1	0.9	0.05	0.15200
binom	1	0	0.1	0.16300
binom	1	0.1	0.1	0.15700
binom	1	0.2	0.1	0.15300
binom	1	0.3	0.1	0.15100
binom	1	0.4	0.1	0.16900
binom	1	0.5	0.1	0.17000
binom	1	0.6	0.1	0.19400
binom	1	0.7	0.1	0.16500
binom	1	0.8	0.1	0.17600
binom	1	0.9	0.1	0.14700
binom	1	0	0.2	0.28700
binom	1	0.1	0.2	0.31200
binom	1	0.2	0.2	0.27400
binom	1	0.3	0.2	0.24600
binom	1	0.4	0.2	0.23200
binom	1	0.5	0.2	0.22500
binom	1	0.6	0.2	0.22200
binom	1	0.7	0.2	0.23000
binom	1	0.8	0.2	0.24100
binom	1	0.9	0.2	0.21900
