binom	1	0	0	0.01200
binom	1	0.1	0	0.03900
binom	1	0.2	0	0.08400
binom	1	0.3	0	0.09900
binom	1	0.4	0	0.12600
binom	1	0.5	0	0.12500
binom	1	0.6	0	0.14400
binom	1	0.7	0	0.14300
binom	1	0.8	0	0.15900
binom	1	0.9	0	0.12700
binom	1	0	0.05	0.08400
binom	1	0.1	0.05	0.08400
binom	1	0.2	0.05	0.11200
binom	1	0.3	0.05	0.13400
binom	1	0.4	0.05	0.15400
binom	1	0.5	0.05	0.17300
binom	1	0.6	0.05	0.17900
binom	1	0.7	0.05	0.16800
binom	1	0.8	0.05	0.16400
binom	1	0.9	0.05	0.14900
binom	1	0	0.1	0.17800
binom	1	0.1	0.1	0.14100
binom	1	0.2	0.1	0.14200
binom	1	0.3	0.1	0.16900
binom	1	0.4	0.1	0.17700
binom	1	0.5	0.1	0.18200
binom	1	0.6	0.1	0.20100
binom	1	0.7	0.1	0.17800
binom	1	0.8	0.1	0.17800
binom	1	0.9	0.1	0.18700
binom	1	0	0.2	0.31200
binom	1	0.1	0.2	0.28100
binom	1	0.2	0.2	0.26900
binom	1	0.3	0.2	0.26200
binom	1	0.4	0.2	0.24900
binom	1	0.5	0.2	0.25400
binom	1	0.6	0.2	0.23300
binom	1	0.7	0.2	0.20600
binom	1	0.8	0.2	0.24000
binom	1	0.9	0.2	0.21300
