binom	1	0	0	0.01000
binom	1	0.1	0	0.05500
binom	1	0.2	0	0.08700
binom	1	0.3	0	0.08700
binom	1	0.4	0	0.12400
binom	1	0.5	0	0.13100
binom	1	0.6	0	0.16500
binom	1	0.7	0	0.14700
binom	1	0.8	0	0.13700
binom	1	0.9	0	0.13300
binom	1	0	0.05	0.10600
binom	1	0.1	0.05	0.09500
binom	1	0.2	0.05	0.11400
binom	1	0.3	0.05	0.13400
binom	1	0.4	0.05	0.14700
binom	1	0.5	0.05	0.16400
binom	1	0.6	0.05	0.18700
binom	1	0.7	0.05	0.15800
binom	1	0.8	0.05	0.17000
binom	1	0.9	0.05	0.15800
binom	1	0	0.1	0.17700
binom	1	0.1	0.1	0.15900
binom	1	0.2	0.1	0.13400
binom	1	0.3	0.1	0.15200
binom	1	0.4	0.1	0.17500
binom	1	0.5	0.1	0.18200
binom	1	0.6	0.1	0.17800
binom	1	0.7	0.1	0.20400
binom	1	0.8	0.1	0.18100
binom	1	0.9	0.1	0.15900
binom	1	0	0.2	0.28600
binom	1	0.1	0.2	0.29700
binom	1	0.2	0.2	0.26800
binom	1	0.3	0.2	0.22600
binom	1	0.4	0.2	0.20700
binom	1	0.5	0.2	0.22500
binom	1	0.6	0.2	0.21600
binom	1	0.7	0.2	0.23800
binom	1	0.8	0.2	0.22700
binom	1	0.9	0.2	0.22300
