binom	1	0	0	0.01600
binom	1	0.1	0	0.04500
binom	1	0.2	0	0.09100
binom	1	0.3	0	0.09800
binom	1	0.4	0	0.14700
binom	1	0.5	0	0.14500
binom	1	0.6	0	0.13400
binom	1	0.7	0	0.15400
binom	1	0.8	0	0.12500
binom	1	0.9	0	0.13000
binom	1	0	0.05	0.09200
binom	1	0.1	0.05	0.07200
binom	1	0.2	0.05	0.10700
binom	1	0.3	0.05	0.13600
binom	1	0.4	0.05	0.12100
binom	1	0.5	0.05	0.17300
binom	1	0.6	0.05	0.17500
binom	1	0.7	0.05	0.17000
binom	1	0.8	0.05	0.16900
binom	1	0.9	0.05	0.17500
binom	1	0	0.1	0.16700
binom	1	0.1	0.1	0.13400
binom	1	0.2	0.1	0.15500
binom	1	0.3	0.1	0.14100
binom	1	0.4	0.1	0.17800
binom	1	0.5	0.1	0.17600
binom	1	0.6	0.1	0.20200
binom	1	0.7	0.1	0.18000
binom	1	0.8	0.1	0.18200
binom	1	0.9	0.1	0.18700
binom	1	0	0.2	0.29000
binom	1	0.1	0.2	0.30000
binom	1	0.2	0.2	0.27600
binom	1	0.3	0.2	0.23500
binom	1	0.4	0.2	0.20400
binom	1	0.5	0.2	0.22600
binom	1	0.6	0.2	0.25300
binom	1	0.7	0.2	0.20900
binom	1	0.8	0.2	0.22900
binom	1	0.9	0.2	0.22300
