binom	0.02300
binom	0.02200
binom	0.01740
binom	0.02400
binom	0.02200
binom	0.02300
binom	0.02400
binom	0.01940
binom	0.02440
binom	0.02720
binom	0.02380
binom	0.02480
binom	0.01860
binom	0.02140
binom	0.02500
binom	0.02260
binom	0.02380
binom	0.02180
binom	0.02000
binom	0.01960
binom	0.02000
binom	0.02140
binom	0.02860
binom	0.01960
binom	0.01900
binom	0.02140
binom	0.01680
binom	0.02020
binom	0.01880
binom	0.01540
binom	0.01860
binom	0.01760
binom	0.01680
binom	0.01460
binom	0.01420
binom	0.01820
binom	0.01720
binom	0.01780
binom	0.01760
binom	0.01780
binom	0.01840
binom	0.01360
binom	0.01580
binom	0.01680
binom	0.01520
binom	0.01500
binom	0.01520
binom	0.01500
binom	0.01480
binom	0.01280
binom	0.01300
