binom	1	0	0	0.00800
binom	1	0.1	0	0.04300
binom	1	0.2	0	0.07400
binom	1	0.3	0	0.11900
binom	1	0.4	0	0.12600
binom	1	0.5	0	0.14700
binom	1	0.6	0	0.14200
binom	1	0.7	0	0.12800
binom	1	0.8	0	0.12700
binom	1	0.9	0	0.12800
binom	1	0	0.05	0.09400
binom	1	0.1	0.05	0.08200
binom	1	0.2	0.05	0.12200
binom	1	0.3	0.05	0.14300
binom	1	0.4	0.05	0.15100
binom	1	0.5	0.05	0.17700
binom	1	0.6	0.05	0.16400
binom	1	0.7	0.05	0.17500
binom	1	0.8	0.05	0.15800
binom	1	0.9	0.05	0.15300
binom	1	0	0.1	0.16700
binom	1	0.1	0.1	0.16200
binom	1	0.2	0.1	0.12600
binom	1	0.3	0.1	0.17100
binom	1	0.4	0.1	0.14800
binom	1	0.5	0.1	0.18000
binom	1	0.6	0.1	0.17800
binom	1	0.7	0.1	0.18600
binom	1	0.8	0.1	0.19500
binom	1	0.9	0.1	0.16000
binom	1	0	0.2	0.27200
binom	1	0.1	0.2	0.29900
binom	1	0.2	0.2	0.28400
binom	1	0.3	0.2	0.23000
binom	1	0.4	0.2	0.24300
binom	1	0.5	0.2	0.23600
binom	1	0.6	0.2	0.22600
binom	1	0.7	0.2	0.21900
binom	1	0.8	0.2	0.21500
binom	1	0.9	0.2	0.20100
