binom	1	0	0	0.01200
binom	1	0.1	0	0.04400
binom	1	0.2	0	0.08200
binom	1	0.3	0	0.09200
binom	1	0.4	0	0.11900
binom	1	0.5	0	0.13700
binom	1	0.6	0	0.13900
binom	1	0.7	0	0.13700
binom	1	0.8	0	0.13700
binom	1	0.9	0	0.12700
binom	1	0	0.05	0.10200
binom	1	0.1	0.05	0.07400
binom	1	0.2	0.05	0.11000
binom	1	0.3	0.05	0.13800
binom	1	0.4	0.05	0.15900
binom	1	0.5	0.05	0.15300
binom	1	0.6	0.05	0.18600
binom	1	0.7	0.05	0.16300
binom	1	0.8	0.05	0.15600
binom	1	0.9	0.05	0.14400
binom	1	0	0.1	0.18100
binom	1	0.1	0.1	0.14600
binom	1	0.2	0.1	0.14600
binom	1	0.3	0.1	0.17800
binom	1	0.4	0.1	0.18700
binom	1	0.5	0.1	0.20100
binom	1	0.6	0.1	0.18300
binom	1	0.7	0.1	0.19500
binom	1	0.8	0.1	0.18200
binom	1	0.9	0.1	0.18300
binom	1	0	0.2	0.27800
binom	1	0.1	0.2	0.30500
binom	1	0.2	0.2	0.26500
binom	1	0.3	0.2	0.24900
binom	1	0.4	0.2	0.21300
binom	1	0.5	0.2	0.22500
binom	1	0.6	0.2	0.24600
binom	1	0.7	0.2	0.20800
binom	1	0.8	0.2	0.22300
binom	1	0.9	0.2	0.19300
