binom	1	0	0	0.01100
binom	1	0.1	0	0.04300
binom	1	0.2	0	0.08000
binom	1	0.3	0	0.11000
binom	1	0.4	0	0.13400
binom	1	0.5	0	0.14500
binom	1	0.6	0	0.14100
binom	1	0.7	0	0.14800
binom	1	0.8	0	0.13600
binom	1	0.9	0	0.12900
binom	1	0	0.05	0.08400
binom	1	0.1	0.05	0.08100
binom	1	0.2	0.05	0.12000
binom	1	0.3	0.05	0.13900
binom	1	0.4	0.05	0.16100
binom	1	0.5	0.05	0.14300
binom	1	0.6	0.05	0.15300
binom	1	0.7	0.05	0.16600
binom	1	0.8	0.05	0.17200
binom	1	0.9	0.05	0.15000
binom	1	0	0.1	0.19300
binom	1	0.1	0.1	0.15400
binom	1	0.2	0.1	0.13300
binom	1	0.3	0.1	0.16600
binom	1	0.4	0.1	0.18200
binom	1	0.5	0.1	0.17800
binom	1	0.6	0.1	0.20400
binom	1	0.7	0.1	0.20400
binom	1	0.8	0.1	0.18900
binom	1	0.9	0.1	0.17900
binom	1	0	0.2	0.30900
binom	1	0.1	0.2	0.30000
binom	1	0.2	0.2	0.26000
binom	1	0.3	0.2	0.25300
binom	1	0.4	0.2	0.22500
binom	1	0.5	0.2	0.21900
binom	1	0.6	0.2	0.26000
binom	1	0.7	0.2	0.23900
binom	1	0.8	0.2	0.20400
binom	1	0.9	0.2	0.20600
