binom	1	0	0	0.00750
binom	1	0.1	0	0.00550
binom	1	0.2	0	0.01100
binom	1	0.3	0	0.01000
binom	1	0.4	0	0.01500
binom	1	0.5	0	0.01050
binom	1	0.6	0	0.00600
binom	1	0.7	0	0.00350
binom	1	0.8	0	0.00400
binom	1	0.9	0	0.00100
binom	1	0	0.05	0.04550
binom	1	0.1	0.05	0.04500
binom	1	0.2	0.05	0.03850
binom	1	0.3	0.05	0.03800
binom	1	0.4	0.05	0.03900
binom	1	0.5	0.05	0.04000
binom	1	0.6	0.05	0.03800
binom	1	0.7	0.05	0.01900
binom	1	0.8	0.05	0.01150
binom	1	0.9	0.05	0.00750
binom	1	0	0.1	0.08650
binom	1	0.1	0.1	0.09200
binom	1	0.2	0.1	0.09900
binom	1	0.3	0.1	0.07700
binom	1	0.4	0.1	0.08000
binom	1	0.5	0.1	0.06950
binom	1	0.6	0.1	0.06200
binom	1	0.7	0.1	0.04200
binom	1	0.8	0.1	0.03500
binom	1	0.9	0.1	0.02200
binom	1	0	0.2	0.15700
binom	1	0.1	0.2	0.15500
binom	1	0.2	0.2	0.15850
binom	1	0.3	0.2	0.17050
binom	1	0.4	0.2	0.15300
binom	1	0.5	0.2	0.14350
binom	1	0.6	0.2	0.13550
binom	1	0.7	0.2	0.12950
binom	1	0.8	0.2	0.10500
binom	1	0.9	0.2	0.06850
