binom	1	0	0	0.01300
binom	1	0.1	0	0.04500
binom	1	0.2	0	0.07900
binom	1	0.3	0	0.10500
binom	1	0.4	0	0.12900
binom	1	0.5	0	0.13600
binom	1	0.6	0	0.15400
binom	1	0.7	0	0.15000
binom	1	0.8	0	0.13900
binom	1	0.9	0	0.13200
binom	1	0	0.05	0.09100
binom	1	0.1	0.05	0.09600
binom	1	0.2	0.05	0.11000
binom	1	0.3	0.05	0.12900
binom	1	0.4	0.05	0.13400
binom	1	0.5	0.05	0.16600
binom	1	0.6	0.05	0.16700
binom	1	0.7	0.05	0.16700
binom	1	0.8	0.05	0.16500
binom	1	0.9	0.05	0.15500
binom	1	0	0.1	0.17100
binom	1	0.1	0.1	0.14100
binom	1	0.2	0.1	0.16100
binom	1	0.3	0.1	0.16500
binom	1	0.4	0.1	0.18300
binom	1	0.5	0.1	0.19500
binom	1	0.6	0.1	0.20000
binom	1	0.7	0.1	0.19100
binom	1	0.8	0.1	0.18800
binom	1	0.9	0.1	0.17000
binom	1	0	0.2	0.31900
binom	1	0.1	0.2	0.28700
binom	1	0.2	0.2	0.28500
binom	1	0.3	0.2	0.25600
binom	1	0.4	0.2	0.22100
binom	1	0.5	0.2	0.23500
binom	1	0.6	0.2	0.23600
binom	1	0.7	0.2	0.22200
binom	1	0.8	0.2	0.21200
binom	1	0.9	0.2	0.20900
