binom	1	0	0	0.01000
binom	1	0.1	0	0.04600
binom	1	0.2	0	0.08800
binom	1	0.3	0	0.09400
binom	1	0.4	0	0.12200
binom	1	0.5	0	0.13400
binom	1	0.6	0	0.14200
binom	1	0.7	0	0.13500
binom	1	0.8	0	0.14300
binom	1	0.9	0	0.12500
binom	1	0	0.05	0.08800
binom	1	0.1	0.05	0.09000
binom	1	0.2	0.05	0.11000
binom	1	0.3	0.05	0.13100
binom	1	0.4	0.05	0.15200
binom	1	0.5	0.05	0.14300
binom	1	0.6	0.05	0.16700
binom	1	0.7	0.05	0.17300
binom	1	0.8	0.05	0.15900
binom	1	0.9	0.05	0.15100
binom	1	0	0.1	0.17500
binom	1	0.1	0.1	0.17400
binom	1	0.2	0.1	0.14700
binom	1	0.3	0.1	0.17400
binom	1	0.4	0.1	0.18500
binom	1	0.5	0.1	0.17400
binom	1	0.6	0.1	0.20500
binom	1	0.7	0.1	0.19100
binom	1	0.8	0.1	0.18000
binom	1	0.9	0.1	0.16800
binom	1	0	0.2	0.30800
binom	1	0.1	0.2	0.31700
binom	1	0.2	0.2	0.28700
binom	1	0.3	0.2	0.26300
binom	1	0.4	0.2	0.21500
binom	1	0.5	0.2	0.19800
binom	1	0.6	0.2	0.24100
binom	1	0.7	0.2	0.24900
binom	1	0.8	0.2	0.23000
binom	1	0.9	0.2	0.23200
