binom	1	0	0	0.01300
binom	1	0.1	0	0.04900
binom	1	0.2	0	0.09200
binom	1	0.3	0	0.10000
binom	1	0.4	0	0.11500
binom	1	0.5	0	0.12900
binom	1	0.6	0	0.15200
binom	1	0.7	0	0.13300
binom	1	0.8	0	0.14600
binom	1	0.9	0	0.14100
binom	1	0	0.05	0.10000
binom	1	0.1	0.05	0.10200
binom	1	0.2	0.05	0.12200
binom	1	0.3	0.05	0.13300
binom	1	0.4	0.05	0.16500
binom	1	0.5	0.05	0.15400
binom	1	0.6	0.05	0.15400
binom	1	0.7	0.05	0.17600
binom	1	0.8	0.05	0.15300
binom	1	0.9	0.05	0.15400
binom	1	0	0.1	0.18700
binom	1	0.1	0.1	0.16300
binom	1	0.2	0.1	0.16100
binom	1	0.3	0.1	0.16700
binom	1	0.4	0.1	0.15800
binom	1	0.5	0.1	0.19000
binom	1	0.6	0.1	0.16700
binom	1	0.7	0.1	0.18800
binom	1	0.8	0.1	0.20700
binom	1	0.9	0.1	0.19000
binom	1	0	0.2	0.33400
binom	1	0.1	0.2	0.29400
binom	1	0.2	0.2	0.27400
binom	1	0.3	0.2	0.23600
binom	1	0.4	0.2	0.20100
binom	1	0.5	0.2	0.24400
binom	1	0.6	0.2	0.23000
binom	1	0.7	0.2	0.25000
binom	1	0.8	0.2	0.24000
binom	1	0.9	0.2	0.21600
