binom	1	0	0	0.01100
binom	1	0.1	0	0.05200
binom	1	0.2	0	0.06600
binom	1	0.3	0	0.12100
binom	1	0.4	0	0.11400
binom	1	0.5	0	0.14100
binom	1	0.6	0	0.16200
binom	1	0.7	0	0.15000
binom	1	0.8	0	0.16100
binom	1	0.9	0	0.13200
binom	1	0	0.05	0.10800
binom	1	0.1	0.05	0.07100
binom	1	0.2	0.05	0.10700
binom	1	0.3	0.05	0.13000
binom	1	0.4	0.05	0.16200
binom	1	0.5	0.05	0.15700
binom	1	0.6	0.05	0.17000
binom	1	0.7	0.05	0.19300
binom	1	0.8	0.05	0.16600
binom	1	0.9	0.05	0.15600
binom	1	0	0.1	0.17800
binom	1	0.1	0.1	0.17400
binom	1	0.2	0.1	0.14400
binom	1	0.3	0.1	0.16200
binom	1	0.4	0.1	0.15300
binom	1	0.5	0.1	0.18800
binom	1	0.6	0.1	0.18800
binom	1	0.7	0.1	0.19700
binom	1	0.8	0.1	0.18300
binom	1	0.9	0.1	0.19800
binom	1	0	0.2	0.29600
binom	1	0.1	0.2	0.31800
binom	1	0.2	0.2	0.26400
binom	1	0.3	0.2	0.25100
binom	1	0.4	0.2	0.22100
binom	1	0.5	0.2	0.23600
binom	1	0.6	0.2	0.22200
binom	1	0.7	0.2	0.22200
binom	1	0.8	0.2	0.21600
binom	1	0.9	0.2	0.24100
