binom	1	0	0	0.00800
binom	1	0.1	0	0.05200
binom	1	0.2	0	0.09100
binom	1	0.3	0	0.11100
binom	1	0.4	0	0.12300
binom	1	0.5	0	0.14800
binom	1	0.6	0	0.16600
binom	1	0.7	0	0.15200
binom	1	0.8	0	0.12900
binom	1	0.9	0	0.13300
binom	1	0	0.05	0.06800
binom	1	0.1	0.05	0.10000
binom	1	0.2	0.05	0.10200
binom	1	0.3	0.05	0.15000
binom	1	0.4	0.05	0.15700
binom	1	0.5	0.05	0.15900
binom	1	0.6	0.05	0.16900
binom	1	0.7	0.05	0.16900
binom	1	0.8	0.05	0.18900
binom	1	0.9	0.05	0.13000
binom	1	0	0.1	0.16600
binom	1	0.1	0.1	0.16200
binom	1	0.2	0.1	0.16800
binom	1	0.3	0.1	0.17600
binom	1	0.4	0.1	0.16000
binom	1	0.5	0.1	0.19600
binom	1	0.6	0.1	0.18200
binom	1	0.7	0.1	0.19300
binom	1	0.8	0.1	0.19600
binom	1	0.9	0.1	0.15300
binom	1	0	0.2	0.30200
binom	1	0.1	0.2	0.29300
binom	1	0.2	0.2	0.25800
binom	1	0.3	0.2	0.24600
binom	1	0.4	0.2	0.22700
binom	1	0.5	0.2	0.24000
binom	1	0.6	0.2	0.23300
binom	1	0.7	0.2	0.21500
binom	1	0.8	0.2	0.20900
binom	1	0.9	0.2	0.22400
