binom	1	0	0	0.01400
binom	1	0.1	0	0.04200
binom	1	0.2	0	0.07700
binom	1	0.3	0	0.11000
binom	1	0.4	0	0.12100
binom	1	0.5	0	0.12400
binom	1	0.6	0	0.13200
binom	1	0.7	0	0.14900
binom	1	0.8	0	0.15300
binom	1	0.9	0	0.14300
binom	1	0	0.05	0.08100
binom	1	0.1	0.05	0.10700
binom	1	0.2	0.05	0.10500
binom	1	0.3	0.05	0.17000
binom	1	0.4	0.05	0.15600
binom	1	0.5	0.05	0.16700
binom	1	0.6	0.05	0.18600
binom	1	0.7	0.05	0.15600
binom	1	0.8	0.05	0.17400
binom	1	0.9	0.05	0.14400
binom	1	0	0.1	0.17500
binom	1	0.1	0.1	0.15800
binom	1	0.2	0.1	0.15000
binom	1	0.3	0.1	0.15100
binom	1	0.4	0.1	0.16700
binom	1	0.5	0.1	0.19600
binom	1	0.6	0.1	0.19400
binom	1	0.7	0.1	0.20100
binom	1	0.8	0.1	0.18800
binom	1	0.9	0.1	0.16100
binom	1	0	0.2	0.28300
binom	1	0.1	0.2	0.29600
binom	1	0.2	0.2	0.28100
binom	1	0.3	0.2	0.24600
binom	1	0.4	0.2	0.22800
binom	1	0.5	0.2	0.23200
binom	1	0.6	0.2	0.25200
binom	1	0.7	0.2	0.22000
binom	1	0.8	0.2	0.24000
binom	1	0.9	0.2	0.19800
