binom	0.01820
binom	0.02020
binom	0.02120
binom	0.02580
binom	0.02200
binom	0.02280
binom	0.02060
binom	0.02520
binom	0.01820
binom	0.02320
binom	0.01780
binom	0.02100
binom	0.02280
binom	0.02460
binom	0.02020
binom	0.01960
binom	0.02140
binom	0.02160
binom	0.01920
binom	0.01900
binom	0.02180
binom	0.02060
binom	0.02020
binom	0.01780
binom	0.01660
binom	0.02160
binom	0.01960
binom	0.02100
binom	0.01840
binom	0.01860
binom	0.02040
binom	0.02120
binom	0.01460
binom	0.02040
binom	0.01820
binom	0.01740
binom	0.01580
binom	0.01940
binom	0.01680
binom	0.01940
binom	0.01660
binom	0.01700
binom	0.01720
binom	0.01560
binom	0.01880
binom	0.01640
binom	0.01740
binom	0.01380
binom	0.01560
binom	0.01400
binom	0.01400
