binom	1	0	0	0.00900
binom	1	0.1	0	0.04600
binom	1	0.2	0	0.06700
binom	1	0.3	0	0.10300
binom	1	0.4	0	0.12000
binom	1	0.5	0	0.14200
binom	1	0.6	0	0.13600
binom	1	0.7	0	0.15800
binom	1	0.8	0	0.14300
binom	1	0.9	0	0.12700
binom	1	0	0.05	0.11400
binom	1	0.1	0.05	0.09100
binom	1	0.2	0.05	0.11500
binom	1	0.3	0.05	0.13500
binom	1	0.4	0.05	0.17100
binom	1	0.5	0.05	0.14900
binom	1	0.6	0.05	0.14400
binom	1	0.7	0.05	0.17600
binom	1	0.8	0.05	0.16900
binom	1	0.9	0.05	0.17700
binom	1	0	0.1	0.17400
binom	1	0.1	0.1	0.17000
binom	1	0.2	0.1	0.15800
binom	1	0.3	0.1	0.16700
binom	1	0.4	0.1	0.17600
binom	1	0.5	0.1	0.18900
binom	1	0.6	0.1	0.16900
binom	1	0.7	0.1	0.18300
binom	1	0.8	0.1	0.18200
binom	1	0.9	0.1	0.18600
binom	1	0	0.2	0.32000
binom	1	0.1	0.2	0.27100
binom	1	0.2	0.2	0.30200
binom	1	0.3	0.2	0.25300
binom	1	0.4	0.2	0.21600
binom	1	0.5	0.2	0.23500
binom	1	0.6	0.2	0.25000
binom	1	0.7	0.2	0.23000
binom	1	0.8	0.2	0.21600
binom	1	0.9	0.2	0.20600
