binom	1	0	0	0.01400
binom	1	0.1	0	0.03100
binom	1	0.2	0	0.09000
binom	1	0.3	0	0.11600
binom	1	0.4	0	0.11900
binom	1	0.5	0	0.14600
binom	1	0.6	0	0.15000
binom	1	0.7	0	0.15100
binom	1	0.8	0	0.15100
binom	1	0.9	0	0.13700
binom	1	0	0.05	0.10200
binom	1	0.1	0.05	0.08700
binom	1	0.2	0.05	0.13500
binom	1	0.3	0.05	0.14400
binom	1	0.4	0.05	0.14200
binom	1	0.5	0.05	0.16100
binom	1	0.6	0.05	0.16500
binom	1	0.7	0.05	0.16900
binom	1	0.8	0.05	0.15900
binom	1	0.9	0.05	0.15600
binom	1	0	0.1	0.19200
binom	1	0.1	0.1	0.16400
binom	1	0.2	0.1	0.14100
binom	1	0.3	0.1	0.16600
binom	1	0.4	0.1	0.17300
binom	1	0.5	0.1	0.17000
binom	1	0.6	0.1	0.19400
binom	1	0.7	0.1	0.21300
binom	1	0.8	0.1	0.19200
binom	1	0.9	0.1	0.19700
binom	1	0	0.2	0.29400
binom	1	0.1	0.2	0.26500
binom	1	0.2	0.2	0.28800
binom	1	0.3	0.2	0.23400
binom	1	0.4	0.2	0.23200
binom	1	0.5	0.2	0.22200
binom	1	0.6	0.2	0.21500
binom	1	0.7	0.2	0.24800
binom	1	0.8	0.2	0.19900
binom	1	0.9	0.2	0.24600
