binom	1	0	0	0.01200
binom	1	0.1	0	0.03000
binom	1	0.2	0	0.07600
binom	1	0.3	0	0.10300
binom	1	0.4	0	0.12100
binom	1	0.5	0	0.13400
binom	1	0.6	0	0.14400
binom	1	0.7	0	0.15000
binom	1	0.8	0	0.13600
binom	1	0.9	0	0.11800
binom	1	0	0.05	0.09000
binom	1	0.1	0.05	0.07900
binom	1	0.2	0.05	0.11600
binom	1	0.3	0.05	0.13400
binom	1	0.4	0.05	0.14000
binom	1	0.5	0.05	0.15100
binom	1	0.6	0.05	0.17600
binom	1	0.7	0.05	0.16400
binom	1	0.8	0.05	0.19400
binom	1	0.9	0.05	0.15300
binom	1	0	0.1	0.16200
binom	1	0.1	0.1	0.19100
binom	1	0.2	0.1	0.16200
binom	1	0.3	0.1	0.14500
binom	1	0.4	0.1	0.18600
binom	1	0.5	0.1	0.17900
binom	1	0.6	0.1	0.18600
binom	1	0.7	0.1	0.17700
binom	1	0.8	0.1	0.19300
binom	1	0.9	0.1	0.17800
binom	1	0	0.2	0.31100
binom	1	0.1	0.2	0.27500
binom	1	0.2	0.2	0.27700
binom	1	0.3	0.2	0.26800
binom	1	0.4	0.2	0.22000
binom	1	0.5	0.2	0.23000
binom	1	0.6	0.2	0.22200
binom	1	0.7	0.2	0.24100
binom	1	0.8	0.2	0.19700
binom	1	0.9	0.2	0.24900
