binom	1	0	0	0.00800
binom	1	0.1	0	0.04600
binom	1	0.2	0	0.08700
binom	1	0.3	0	0.10700
binom	1	0.4	0	0.13700
binom	1	0.5	0	0.14300
binom	1	0.6	0	0.14900
binom	1	0.7	0	0.14900
binom	1	0.8	0	0.14700
binom	1	0.9	0	0.11600
binom	1	0	0.05	0.08800
binom	1	0.1	0.05	0.08400
binom	1	0.2	0.05	0.12000
binom	1	0.3	0.05	0.11600
binom	1	0.4	0.05	0.16600
binom	1	0.5	0.05	0.17500
binom	1	0.6	0.05	0.17900
binom	1	0.7	0.05	0.18900
binom	1	0.8	0.05	0.15000
binom	1	0.9	0.05	0.14200
binom	1	0	0.1	0.16800
binom	1	0.1	0.1	0.17500
binom	1	0.2	0.1	0.15700
binom	1	0.3	0.1	0.16300
binom	1	0.4	0.1	0.17800
binom	1	0.5	0.1	0.18400
binom	1	0.6	0.1	0.18400
binom	1	0.7	0.1	0.17500
binom	1	0.8	0.1	0.18500
binom	1	0.9	0.1	0.15800
binom	1	0	0.2	0.30800
binom	1	0.1	0.2	0.27400
binom	1	0.2	0.2	0.27800
binom	1	0.3	0.2	0.24500
binom	1	0.4	0.2	0.22900
binom	1	0.5	0.2	0.22500
binom	1	0.6	0.2	0.23100
binom	1	0.7	0.2	0.25000
binom	1	0.8	0.2	0.23200
binom	1	0.9	0.2	0.22300
