binom	1	0	0	0.01100
binom	1	0.1	0	0.04600
binom	1	0.2	0	0.06900
binom	1	0.3	0	0.09800
binom	1	0.4	0	0.15000
binom	1	0.5	0	0.14100
binom	1	0.6	0	0.15100
binom	1	0.7	0	0.13900
binom	1	0.8	0	0.14700
binom	1	0.9	0	0.13800
binom	1	0	0.05	0.08000
binom	1	0.1	0.05	0.07600
binom	1	0.2	0.05	0.12400
binom	1	0.3	0.05	0.14600
binom	1	0.4	0.05	0.13600
binom	1	0.5	0.05	0.14900
binom	1	0.6	0.05	0.18300
binom	1	0.7	0.05	0.16100
binom	1	0.8	0.05	0.15400
binom	1	0.9	0.05	0.14100
binom	1	0	0.1	0.18100
binom	1	0.1	0.1	0.16700
binom	1	0.2	0.1	0.16200
binom	1	0.3	0.1	0.15800
binom	1	0.4	0.1	0.16800
binom	1	0.5	0.1	0.17400
binom	1	0.6	0.1	0.19800
binom	1	0.7	0.1	0.20200
binom	1	0.8	0.1	0.18800
binom	1	0.9	0.1	0.15300
binom	1	0	0.2	0.28300
binom	1	0.1	0.2	0.28300
binom	1	0.2	0.2	0.26400
binom	1	0.3	0.2	0.25700
binom	1	0.4	0.2	0.22400
binom	1	0.5	0.2	0.23200
binom	1	0.6	0.2	0.24800
binom	1	0.7	0.2	0.22300
binom	1	0.8	0.2	0.21200
binom	1	0.9	0.2	0.19500
