binom	1	0	0	0.01200
binom	1	0.1	0	0.03800
binom	1	0.2	0	0.08100
binom	1	0.3	0	0.10500
binom	1	0.4	0	0.12900
binom	1	0.5	0	0.13300
binom	1	0.6	0	0.13800
binom	1	0.7	0	0.15000
binom	1	0.8	0	0.14700
binom	1	0.9	0	0.14200
binom	1	0	0.05	0.09300
binom	1	0.1	0.05	0.08500
binom	1	0.2	0.05	0.12300
binom	1	0.3	0.05	0.11300
binom	1	0.4	0.05	0.13200
binom	1	0.5	0.05	0.19300
binom	1	0.6	0.05	0.18300
binom	1	0.7	0.05	0.16200
binom	1	0.8	0.05	0.17000
binom	1	0.9	0.05	0.16500
binom	1	0	0.1	0.15500
binom	1	0.1	0.1	0.17800
binom	1	0.2	0.1	0.15000
binom	1	0.3	0.1	0.16100
binom	1	0.4	0.1	0.19200
binom	1	0.5	0.1	0.17200
binom	1	0.6	0.1	0.19300
binom	1	0.7	0.1	0.19800
binom	1	0.8	0.1	0.18600
binom	1	0.9	0.1	0.16900
binom	1	0	0.2	0.30800
binom	1	0.1	0.2	0.32300
binom	1	0.2	0.2	0.26200
binom	1	0.3	0.2	0.23500
binom	1	0.4	0.2	0.22100
binom	1	0.5	0.2	0.24000
binom	1	0.6	0.2	0.20800
binom	1	0.7	0.2	0.24800
binom	1	0.8	0.2	0.22400
binom	1	0.9	0.2	0.19900
