binom	1	0	0	0.01200
binom	1	0.1	0	0.05200
binom	1	0.2	0	0.07300
binom	1	0.3	0	0.10900
binom	1	0.4	0	0.11100
binom	1	0.5	0	0.13100
binom	1	0.6	0	0.13900
binom	1	0.7	0	0.12400
binom	1	0.8	0	0.14700
binom	1	0.9	0	0.14100
binom	1	0	0.05	0.09200
binom	1	0.1	0.05	0.08900
binom	1	0.2	0.05	0.10700
binom	1	0.3	0.05	0.13500
binom	1	0.4	0.05	0.15000
binom	1	0.5	0.05	0.16500
binom	1	0.6	0.05	0.18000
binom	1	0.7	0.05	0.18000
binom	1	0.8	0.05	0.16500
binom	1	0.9	0.05	0.16600
binom	1	0	0.1	0.16100
binom	1	0.1	0.1	0.16400
binom	1	0.2	0.1	0.15300
binom	1	0.3	0.1	0.17200
binom	1	0.4	0.1	0.16300
binom	1	0.5	0.1	0.19000
binom	1	0.6	0.1	0.18400
binom	1	0.7	0.1	0.17500
binom	1	0.8	0.1	0.19100
binom	1	0.9	0.1	0.19400
binom	1	0	0.2	0.31300
binom	1	0.1	0.2	0.28500
binom	1	0.2	0.2	0.27000
binom	1	0.3	0.2	0.27100
binom	1	0.4	0.2	0.22800
binom	1	0.5	0.2	0.22500
binom	1	0.6	0.2	0.24100
binom	1	0.7	0.2	0.22900
binom	1	0.8	0.2	0.22800
binom	1	0.9	0.2	0.22400
