binom	1	0	0	0.00700
binom	1	0.1	0	0.04900
binom	1	0.2	0	0.07000
binom	1	0.3	0	0.12000
binom	1	0.4	0	0.12200
binom	1	0.5	0	0.13000
binom	1	0.6	0	0.15100
binom	1	0.7	0	0.14000
binom	1	0.8	0	0.13200
binom	1	0.9	0	0.12600
binom	1	0	0.05	0.08300
binom	1	0.1	0.05	0.09700
binom	1	0.2	0.05	0.11300
binom	1	0.3	0.05	0.13400
binom	1	0.4	0.05	0.15400
binom	1	0.5	0.05	0.18200
binom	1	0.6	0.05	0.20000
binom	1	0.7	0.05	0.17500
binom	1	0.8	0.05	0.15900
binom	1	0.9	0.05	0.14300
binom	1	0	0.1	0.17900
binom	1	0.1	0.1	0.14600
binom	1	0.2	0.1	0.13300
binom	1	0.3	0.1	0.18600
binom	1	0.4	0.1	0.19400
binom	1	0.5	0.1	0.18900
binom	1	0.6	0.1	0.18600
binom	1	0.7	0.1	0.18800
binom	1	0.8	0.1	0.18800
binom	1	0.9	0.1	0.16200
binom	1	0	0.2	0.28400
binom	1	0.1	0.2	0.28600
binom	1	0.2	0.2	0.29200
binom	1	0.3	0.2	0.23800
binom	1	0.4	0.2	0.22700
binom	1	0.5	0.2	0.22900
binom	1	0.6	0.2	0.23100
binom	1	0.7	0.2	0.22500
binom	1	0.8	0.2	0.24500
binom	1	0.9	0.2	0.21800
