binom	1	0	0	0.01000
binom	1	0.1	0	0.03600
binom	1	0.2	0	0.08000
binom	1	0.3	0	0.12600
binom	1	0.4	0	0.10900
binom	1	0.5	0	0.14400
binom	1	0.6	0	0.15300
binom	1	0.7	0	0.11800
binom	1	0.8	0	0.13600
binom	1	0.9	0	0.14300
binom	1	0	0.05	0.08200
binom	1	0.1	0.05	0.09900
binom	1	0.2	0.05	0.10600
binom	1	0.3	0.05	0.14900
binom	1	0.4	0.05	0.16100
binom	1	0.5	0.05	0.14800
binom	1	0.6	0.05	0.13800
binom	1	0.7	0.05	0.17100
binom	1	0.8	0.05	0.18600
binom	1	0.9	0.05	0.15700
binom	1	0	0.1	0.18700
binom	1	0.1	0.1	0.14900
binom	1	0.2	0.1	0.12600
binom	1	0.3	0.1	0.15500
binom	1	0.4	0.1	0.17500
binom	1	0.5	0.1	0.18200
binom	1	0.6	0.1	0.19300
binom	1	0.7	0.1	0.18600
binom	1	0.8	0.1	0.16500
binom	1	0.9	0.1	0.17300
binom	1	0	0.2	0.30200
binom	1	0.1	0.2	0.30900
binom	1	0.2	0.2	0.27100
binom	1	0.3	0.2	0.24400
binom	1	0.4	0.2	0.20400
binom	1	0.5	0.2	0.21300
binom	1	0.6	0.2	0.21700
binom	1	0.7	0.2	0.25700
binom	1	0.8	0.2	0.21100
binom	1	0.9	0.2	0.19200
