binom	1	0	0	0.00900
binom	1	0.1	0	0.04800
binom	1	0.2	0	0.08800
binom	1	0.3	0	0.10700
binom	1	0.4	0	0.13900
binom	1	0.5	0	0.13700
binom	1	0.6	0	0.13700
binom	1	0.7	0	0.13700
binom	1	0.8	0	0.12900
binom	1	0.9	0	0.13400
binom	1	0	0.05	0.08500
binom	1	0.1	0.05	0.09200
binom	1	0.2	0.05	0.11000
binom	1	0.3	0.05	0.13200
binom	1	0.4	0.05	0.16700
binom	1	0.5	0.05	0.16700
binom	1	0.6	0.05	0.17900
binom	1	0.7	0.05	0.16000
binom	1	0.8	0.05	0.15800
binom	1	0.9	0.05	0.17000
binom	1	0	0.1	0.17300
binom	1	0.1	0.1	0.17700
binom	1	0.2	0.1	0.13700
binom	1	0.3	0.1	0.15300
binom	1	0.4	0.1	0.17000
binom	1	0.5	0.1	0.19300
binom	1	0.6	0.1	0.19400
binom	1	0.7	0.1	0.20400
binom	1	0.8	0.1	0.18700
binom	1	0.9	0.1	0.17700
binom	1	0	0.2	0.31900
binom	1	0.1	0.2	0.28000
binom	1	0.2	0.2	0.26900
binom	1	0.3	0.2	0.24700
binom	1	0.4	0.2	0.21400
binom	1	0.5	0.2	0.23700
binom	1	0.6	0.2	0.21400
binom	1	0.7	0.2	0.21500
binom	1	0.8	0.2	0.23200
binom	1	0.9	0.2	0.21900
