binom	1	0	0	0.01100
binom	1	0.1	0	0.05500
binom	1	0.2	0	0.07400
binom	1	0.3	0	0.11400
binom	1	0.4	0	0.14000
binom	1	0.5	0	0.12500
binom	1	0.6	0	0.14500
binom	1	0.7	0	0.13600
binom	1	0.8	0	0.15800
binom	1	0.9	0	0.12400
binom	1	0	0.05	0.09900
binom	1	0.1	0.05	0.08000
binom	1	0.2	0.05	0.10000
binom	1	0.3	0.05	0.15000
binom	1	0.4	0.05	0.14000
binom	1	0.5	0.05	0.16600
binom	1	0.6	0.05	0.16700
binom	1	0.7	0.05	0.18000
binom	1	0.8	0.05	0.17800
binom	1	0.9	0.05	0.15400
binom	1	0	0.1	0.18400
binom	1	0.1	0.1	0.16800
binom	1	0.2	0.1	0.15400
binom	1	0.3	0.1	0.15100
binom	1	0.4	0.1	0.16800
binom	1	0.5	0.1	0.18500
binom	1	0.6	0.1	0.19600
binom	1	0.7	0.1	0.19000
binom	1	0.8	0.1	0.18100
binom	1	0.9	0.1	0.16800
binom	1	0	0.2	0.32500
binom	1	0.1	0.2	0.30000
binom	1	0.2	0.2	0.28400
binom	1	0.3	0.2	0.24400
binom	1	0.4	0.2	0.22000
binom	1	0.5	0.2	0.24800
binom	1	0.6	0.2	0.23600
binom	1	0.7	0.2	0.23800
binom	1	0.8	0.2	0.22300
binom	1	0.9	0.2	0.20600
