binom	1	0	0	0.01100
binom	1	0.1	0	0.05600
binom	1	0.2	0	0.07700
binom	1	0.3	0	0.11200
binom	1	0.4	0	0.14400
binom	1	0.5	0	0.12800
binom	1	0.6	0	0.13600
binom	1	0.7	0	0.12700
binom	1	0.8	0	0.14100
binom	1	0.9	0	0.14700
binom	1	0	0.05	0.08700
binom	1	0.1	0.05	0.08400
binom	1	0.2	0.05	0.12100
binom	1	0.3	0.05	0.12500
binom	1	0.4	0.05	0.15000
binom	1	0.5	0.05	0.16400
binom	1	0.6	0.05	0.17000
binom	1	0.7	0.05	0.15400
binom	1	0.8	0.05	0.17500
binom	1	0.9	0.05	0.16000
binom	1	0	0.1	0.16400
binom	1	0.1	0.1	0.16800
binom	1	0.2	0.1	0.13300
binom	1	0.3	0.1	0.16600
binom	1	0.4	0.1	0.17200
binom	1	0.5	0.1	0.18200
binom	1	0.6	0.1	0.21100
binom	1	0.7	0.1	0.20300
binom	1	0.8	0.1	0.19000
binom	1	0.9	0.1	0.17800
binom	1	0	0.2	0.29100
binom	1	0.1	0.2	0.28300
binom	1	0.2	0.2	0.27500
binom	1	0.3	0.2	0.26300
binom	1	0.4	0.2	0.22200
binom	1	0.5	0.2	0.21600
binom	1	0.6	0.2	0.21900
binom	1	0.7	0.2	0.22200
binom	1	0.8	0.2	0.22900
binom	1	0.9	0.2	0.19600
