binom	1	0	0	0.01000
binom	1	0.1	0	0.04700
binom	1	0.2	0	0.07100
binom	1	0.3	0	0.12600
binom	1	0.4	0	0.12400
binom	1	0.5	0	0.14400
binom	1	0.6	0	0.15800
binom	1	0.7	0	0.13700
binom	1	0.8	0	0.13700
binom	1	0.9	0	0.12700
binom	1	0	0.05	0.08000
binom	1	0.1	0.05	0.09800
binom	1	0.2	0.05	0.11500
binom	1	0.3	0.05	0.14800
binom	1	0.4	0.05	0.14600
binom	1	0.5	0.05	0.17500
binom	1	0.6	0.05	0.15700
binom	1	0.7	0.05	0.16900
binom	1	0.8	0.05	0.17100
binom	1	0.9	0.05	0.16300
binom	1	0	0.1	0.16900
binom	1	0.1	0.1	0.19500
binom	1	0.2	0.1	0.12800
binom	1	0.3	0.1	0.18300
binom	1	0.4	0.1	0.17200
binom	1	0.5	0.1	0.20100
binom	1	0.6	0.1	0.20900
binom	1	0.7	0.1	0.21000
binom	1	0.8	0.1	0.17400
binom	1	0.9	0.1	0.17100
binom	1	0	0.2	0.31100
binom	1	0.1	0.2	0.27700
binom	1	0.2	0.2	0.26400
binom	1	0.3	0.2	0.24600
binom	1	0.4	0.2	0.21000
binom	1	0.5	0.2	0.24500
binom	1	0.6	0.2	0.23100
binom	1	0.7	0.2	0.23700
binom	1	0.8	0.2	0.22400
binom	1	0.9	0.2	0.21000
