binom	1	0	0	0.01200
binom	1	0.1	0	0.03400
binom	1	0.2	0	0.07400
binom	1	0.3	0	0.10500
binom	1	0.4	0	0.12600
binom	1	0.5	0	0.15100
binom	1	0.6	0	0.15800
binom	1	0.7	0	0.15300
binom	1	0.8	0	0.13400
binom	1	0.9	0	0.12900
binom	1	0	0.05	0.09800
binom	1	0.1	0.05	0.08500
binom	1	0.2	0.05	0.12500
binom	1	0.3	0.05	0.13000
binom	1	0.4	0.05	0.15900
binom	1	0.5	0.05	0.15000
binom	1	0.6	0.05	0.15900
binom	1	0.7	0.05	0.17900
binom	1	0.8	0.05	0.17000
binom	1	0.9	0.05	0.16900
binom	1	0	0.1	0.15300
binom	1	0.1	0.1	0.15100
binom	1	0.2	0.1	0.14500
binom	1	0.3	0.1	0.17300
binom	1	0.4	0.1	0.17500
binom	1	0.5	0.1	0.19300
binom	1	0.6	0.1	0.18300
binom	1	0.7	0.1	0.18400
binom	1	0.8	0.1	0.16600
binom	1	0.9	0.1	0.15700
binom	1	0	0.2	0.28500
binom	1	0.1	0.2	0.27800
binom	1	0.2	0.2	0.29900
binom	1	0.3	0.2	0.24800
binom	1	0.4	0.2	0.21800
binom	1	0.5	0.2	0.22100
binom	1	0.6	0.2	0.22900
binom	1	0.7	0.2	0.24700
binom	1	0.8	0.2	0.23500
binom	1	0.9	0.2	0.20800
