binom	1	0	0	0.00600
binom	1	0.1	0	0.04500
binom	1	0.2	0	0.08100
binom	1	0.3	0	0.11100
binom	1	0.4	0	0.11200
binom	1	0.5	0	0.13800
binom	1	0.6	0	0.13900
binom	1	0.7	0	0.16100
binom	1	0.8	0	0.14100
binom	1	0.9	0	0.12800
binom	1	0	0.05	0.09100
binom	1	0.1	0.05	0.08300
binom	1	0.2	0.05	0.10500
binom	1	0.3	0.05	0.13800
binom	1	0.4	0.05	0.13800
binom	1	0.5	0.05	0.14700
binom	1	0.6	0.05	0.17600
binom	1	0.7	0.05	0.19200
binom	1	0.8	0.05	0.16900
binom	1	0.9	0.05	0.16300
binom	1	0	0.1	0.17400
binom	1	0.1	0.1	0.16200
binom	1	0.2	0.1	0.14700
binom	1	0.3	0.1	0.17200
binom	1	0.4	0.1	0.17500
binom	1	0.5	0.1	0.17900
binom	1	0.6	0.1	0.20000
binom	1	0.7	0.1	0.17700
binom	1	0.8	0.1	0.19800
binom	1	0.9	0.1	0.18000
binom	1	0	0.2	0.28100
binom	1	0.1	0.2	0.29900
binom	1	0.2	0.2	0.28300
binom	1	0.3	0.2	0.24600
binom	1	0.4	0.2	0.22400
binom	1	0.5	0.2	0.22000
binom	1	0.6	0.2	0.23900
binom	1	0.7	0.2	0.23500
binom	1	0.8	0.2	0.23500
binom	1	0.9	0.2	0.19600
