binom	1	0	0	0.00900
binom	1	0.1	0	0.04200
binom	1	0.2	0	0.08700
binom	1	0.3	0	0.08900
binom	1	0.4	0	0.12700
binom	1	0.5	0	0.13500
binom	1	0.6	0	0.13300
binom	1	0.7	0	0.16200
binom	1	0.8	0	0.14700
binom	1	0.9	0	0.13300
binom	1	0	0.05	0.08300
binom	1	0.1	0.05	0.09800
binom	1	0.2	0.05	0.09400
binom	1	0.3	0.05	0.14300
binom	1	0.4	0.05	0.15500
binom	1	0.5	0.05	0.15600
binom	1	0.6	0.05	0.17300
binom	1	0.7	0.05	0.15600
binom	1	0.8	0.05	0.15100
binom	1	0.9	0.05	0.14700
binom	1	0	0.1	0.17000
binom	1	0.1	0.1	0.15600
binom	1	0.2	0.1	0.15100
binom	1	0.3	0.1	0.16700
binom	1	0.4	0.1	0.16700
binom	1	0.5	0.1	0.20000
binom	1	0.6	0.1	0.16400
binom	1	0.7	0.1	0.19100
binom	1	0.8	0.1	0.20500
binom	1	0.9	0.1	0.18300
binom	1	0	0.2	0.30500
binom	1	0.1	0.2	0.31800
binom	1	0.2	0.2	0.28000
binom	1	0.3	0.2	0.23800
binom	1	0.4	0.2	0.21500
binom	1	0.5	0.2	0.25200
binom	1	0.6	0.2	0.21000
binom	1	0.7	0.2	0.24600
binom	1	0.8	0.2	0.24700
binom	1	0.9	0.2	0.22400
