binom	1	0	0	0.01000
binom	1	0.1	0	0.04100
binom	1	0.2	0	0.07800
binom	1	0.3	0	0.10000
binom	1	0.4	0	0.09700
binom	1	0.5	0	0.14600
binom	1	0.6	0	0.14700
binom	1	0.7	0	0.12500
binom	1	0.8	0	0.13900
binom	1	0.9	0	0.14600
binom	1	0	0.05	0.09800
binom	1	0.1	0.05	0.08900
binom	1	0.2	0.05	0.11900
binom	1	0.3	0.05	0.12600
binom	1	0.4	0.05	0.15600
binom	1	0.5	0.05	0.16000
binom	1	0.6	0.05	0.16400
binom	1	0.7	0.05	0.17000
binom	1	0.8	0.05	0.17200
binom	1	0.9	0.05	0.16100
binom	1	0	0.1	0.16500
binom	1	0.1	0.1	0.15600
binom	1	0.2	0.1	0.14700
binom	1	0.3	0.1	0.16200
binom	1	0.4	0.1	0.17600
binom	1	0.5	0.1	0.16200
binom	1	0.6	0.1	0.19400
binom	1	0.7	0.1	0.18900
binom	1	0.8	0.1	0.19700
binom	1	0.9	0.1	0.17700
binom	1	0	0.2	0.29700
binom	1	0.1	0.2	0.29000
binom	1	0.2	0.2	0.25000
binom	1	0.3	0.2	0.26700
binom	1	0.4	0.2	0.22100
binom	1	0.5	0.2	0.24600
binom	1	0.6	0.2	0.22700
binom	1	0.7	0.2	0.23700
binom	1	0.8	0.2	0.19900
binom	1	0.9	0.2	0.21100
