binom	1	0	0	0.00900
binom	1	0.1	0	0.02700
binom	1	0.2	0	0.07800
binom	1	0.3	0	0.09300
binom	1	0.4	0	0.11900
binom	1	0.5	0	0.13000
binom	1	0.6	0	0.15100
binom	1	0.7	0	0.15300
binom	1	0.8	0	0.16800
binom	1	0.9	0	0.14600
binom	1	0	0.05	0.09700
binom	1	0.1	0.05	0.09900
binom	1	0.2	0.05	0.11500
binom	1	0.3	0.05	0.14100
binom	1	0.4	0.05	0.15000
binom	1	0.5	0.05	0.16400
binom	1	0.6	0.05	0.15400
binom	1	0.7	0.05	0.16600
binom	1	0.8	0.05	0.18100
binom	1	0.9	0.05	0.15400
binom	1	0	0.1	0.16900
binom	1	0.1	0.1	0.17800
binom	1	0.2	0.1	0.16100
binom	1	0.3	0.1	0.17700
binom	1	0.4	0.1	0.17200
binom	1	0.5	0.1	0.19300
binom	1	0.6	0.1	0.21700
binom	1	0.7	0.1	0.19700
binom	1	0.8	0.1	0.17900
binom	1	0.9	0.1	0.16900
binom	1	0	0.2	0.29600
binom	1	0.1	0.2	0.28800
binom	1	0.2	0.2	0.30000
binom	1	0.3	0.2	0.25400
binom	1	0.4	0.2	0.21600
binom	1	0.5	0.2	0.23800
binom	1	0.6	0.2	0.22300
binom	1	0.7	0.2	0.22200
binom	1	0.8	0.2	0.23300
binom	1	0.9	0.2	0.21900
