binom	1	0	0	0.00600
binom	1	0.1	0	0.04100
binom	1	0.2	0	0.09100
binom	1	0.3	0	0.10800
binom	1	0.4	0	0.11200
binom	1	0.5	0	0.14400
binom	1	0.6	0	0.15000
binom	1	0.7	0	0.13200
binom	1	0.8	0	0.15000
binom	1	0.9	0	0.14000
binom	1	0	0.05	0.09400
binom	1	0.1	0.05	0.08100
binom	1	0.2	0.05	0.10700
binom	1	0.3	0.05	0.13200
binom	1	0.4	0.05	0.15100
binom	1	0.5	0.05	0.17500
binom	1	0.6	0.05	0.15600
binom	1	0.7	0.05	0.15800
binom	1	0.8	0.05	0.14300
binom	1	0.9	0.05	0.15100
binom	1	0	0.1	0.16300
binom	1	0.1	0.1	0.17800
binom	1	0.2	0.1	0.14700
binom	1	0.3	0.1	0.17400
binom	1	0.4	0.1	0.17300
binom	1	0.5	0.1	0.21200
binom	1	0.6	0.1	0.18500
binom	1	0.7	0.1	0.17700
binom	1	0.8	0.1	0.18500
binom	1	0.9	0.1	0.16200
binom	1	0	0.2	0.29000
binom	1	0.1	0.2	0.29500
binom	1	0.2	0.2	0.26200
binom	1	0.3	0.2	0.24900
binom	1	0.4	0.2	0.22200
binom	1	0.5	0.2	0.24300
binom	1	0.6	0.2	0.23100
binom	1	0.7	0.2	0.22900
binom	1	0.8	0.2	0.22600
binom	1	0.9	0.2	0.22300
