binom	1	0	0	0.01200
binom	1	0.1	0	0.04000
binom	1	0.2	0	0.08300
binom	1	0.3	0	0.10400
binom	1	0.4	0	0.12500
binom	1	0.5	0	0.14100
binom	1	0.6	0	0.17300
binom	1	0.7	0	0.13900
binom	1	0.8	0	0.13700
binom	1	0.9	0	0.12800
binom	1	0	0.05	0.08700
binom	1	0.1	0.05	0.09000
binom	1	0.2	0.05	0.11600
binom	1	0.3	0.05	0.13900
binom	1	0.4	0.05	0.14400
binom	1	0.5	0.05	0.15600
binom	1	0.6	0.05	0.16300
binom	1	0.7	0.05	0.17400
binom	1	0.8	0.05	0.15800
binom	1	0.9	0.05	0.16600
binom	1	0	0.1	0.15600
binom	1	0.1	0.1	0.17400
binom	1	0.2	0.1	0.16400
binom	1	0.3	0.1	0.16400
binom	1	0.4	0.1	0.16200
binom	1	0.5	0.1	0.18900
binom	1	0.6	0.1	0.18200
binom	1	0.7	0.1	0.21900
binom	1	0.8	0.1	0.18800
binom	1	0.9	0.1	0.18500
binom	1	0	0.2	0.28700
binom	1	0.1	0.2	0.29000
binom	1	0.2	0.2	0.28400
binom	1	0.3	0.2	0.22800
binom	1	0.4	0.2	0.23000
binom	1	0.5	0.2	0.22000
binom	1	0.6	0.2	0.24200
binom	1	0.7	0.2	0.23300
binom	1	0.8	0.2	0.24200
binom	1	0.9	0.2	0.21400
