binom	1	0	0	0.01100
binom	1	0.1	0	0.04300
binom	1	0.2	0	0.09800
binom	1	0.3	0	0.10000
binom	1	0.4	0	0.14400
binom	1	0.5	0	0.13900
binom	1	0.6	0	0.17200
binom	1	0.7	0	0.14600
binom	1	0.8	0	0.13800
binom	1	0.9	0	0.14800
binom	1	0	0.05	0.08600
binom	1	0.1	0.05	0.07800
binom	1	0.2	0.05	0.12700
binom	1	0.3	0.05	0.12800
binom	1	0.4	0.05	0.14500
binom	1	0.5	0.05	0.15500
binom	1	0.6	0.05	0.17400
binom	1	0.7	0.05	0.16300
binom	1	0.8	0.05	0.16000
binom	1	0.9	0.05	0.16800
binom	1	0	0.1	0.17700
binom	1	0.1	0.1	0.16000
binom	1	0.2	0.1	0.15500
binom	1	0.3	0.1	0.16200
binom	1	0.4	0.1	0.17400
binom	1	0.5	0.1	0.20000
binom	1	0.6	0.1	0.17500
binom	1	0.7	0.1	0.16000
binom	1	0.8	0.1	0.18600
binom	1	0.9	0.1	0.16900
binom	1	0	0.2	0.31900
binom	1	0.1	0.2	0.28900
binom	1	0.2	0.2	0.25600
binom	1	0.3	0.2	0.24800
binom	1	0.4	0.2	0.22400
binom	1	0.5	0.2	0.24700
binom	1	0.6	0.2	0.21500
binom	1	0.7	0.2	0.23100
binom	1	0.8	0.2	0.22000
binom	1	0.9	0.2	0.22700
