binom	1	0	0	0.01100
binom	1	0.1	0	0.03700
binom	1	0.2	0	0.08100
binom	1	0.3	0	0.10600
binom	1	0.4	0	0.14100
binom	1	0.5	0	0.15400
binom	1	0.6	0	0.15400
binom	1	0.7	0	0.15600
binom	1	0.8	0	0.15400
binom	1	0.9	0	0.14000
binom	1	0	0.05	0.10200
binom	1	0.1	0.05	0.07500
binom	1	0.2	0.05	0.10300
binom	1	0.3	0.05	0.13300
binom	1	0.4	0.05	0.11800
binom	1	0.5	0.05	0.15100
binom	1	0.6	0.05	0.17500
binom	1	0.7	0.05	0.15500
binom	1	0.8	0.05	0.15000
binom	1	0.9	0.05	0.15700
binom	1	0	0.1	0.17900
binom	1	0.1	0.1	0.16300
binom	1	0.2	0.1	0.13900
binom	1	0.3	0.1	0.15400
binom	1	0.4	0.1	0.18900
binom	1	0.5	0.1	0.16600
binom	1	0.6	0.1	0.18600
binom	1	0.7	0.1	0.20400
binom	1	0.8	0.1	0.20100
binom	1	0.9	0.1	0.16300
binom	1	0	0.2	0.32300
binom	1	0.1	0.2	0.26300
binom	1	0.2	0.2	0.28700
binom	1	0.3	0.2	0.25000
binom	1	0.4	0.2	0.22700
binom	1	0.5	0.2	0.19800
binom	1	0.6	0.2	0.19800
binom	1	0.7	0.2	0.22500
binom	1	0.8	0.2	0.22500
binom	1	0.9	0.2	0.21900
