binom	1	0	0	0.01000
binom	1	0.1	0	0.03000
binom	1	0.2	0	0.08300
binom	1	0.3	0	0.12500
binom	1	0.4	0	0.11400
binom	1	0.5	0	0.16000
binom	1	0.6	0	0.16300
binom	1	0.7	0	0.13800
binom	1	0.8	0	0.14300
binom	1	0.9	0	0.14100
binom	1	0	0.05	0.07700
binom	1	0.1	0.05	0.08700
binom	1	0.2	0.05	0.11300
binom	1	0.3	0.05	0.14900
binom	1	0.4	0.05	0.14000
binom	1	0.5	0.05	0.17000
binom	1	0.6	0.05	0.17100
binom	1	0.7	0.05	0.16400
binom	1	0.8	0.05	0.16900
binom	1	0.9	0.05	0.16100
binom	1	0	0.1	0.17200
binom	1	0.1	0.1	0.15400
binom	1	0.2	0.1	0.14100
binom	1	0.3	0.1	0.15700
binom	1	0.4	0.1	0.18500
binom	1	0.5	0.1	0.17000
binom	1	0.6	0.1	0.19100
binom	1	0.7	0.1	0.20500
binom	1	0.8	0.1	0.19100
binom	1	0.9	0.1	0.18100
binom	1	0	0.2	0.30900
binom	1	0.1	0.2	0.28400
binom	1	0.2	0.2	0.25600
binom	1	0.3	0.2	0.24700
binom	1	0.4	0.2	0.22200
binom	1	0.5	0.2	0.21600
binom	1	0.6	0.2	0.23300
binom	1	0.7	0.2	0.21500
binom	1	0.8	0.2	0.24000
binom	1	0.9	0.2	0.21300
