binom	1	0	0	0.00900
binom	1	0.1	0	0.04300
binom	1	0.2	0	0.07600
binom	1	0.3	0	0.10900
binom	1	0.4	0	0.11100
binom	1	0.5	0	0.13500
binom	1	0.6	0	0.15700
binom	1	0.7	0	0.14200
binom	1	0.8	0	0.15600
binom	1	0.9	0	0.13600
binom	1	0	0.05	0.09800
binom	1	0.1	0.05	0.09500
binom	1	0.2	0.05	0.13000
binom	1	0.3	0.05	0.13500
binom	1	0.4	0.05	0.17100
binom	1	0.5	0.05	0.14300
binom	1	0.6	0.05	0.16700
binom	1	0.7	0.05	0.17800
binom	1	0.8	0.05	0.16700
binom	1	0.9	0.05	0.15000
binom	1	0	0.1	0.16800
binom	1	0.1	0.1	0.14800
binom	1	0.2	0.1	0.14900
binom	1	0.3	0.1	0.15100
binom	1	0.4	0.1	0.17700
binom	1	0.5	0.1	0.19200
binom	1	0.6	0.1	0.18300
binom	1	0.7	0.1	0.18600
binom	1	0.8	0.1	0.17900
binom	1	0.9	0.1	0.18000
binom	1	0	0.2	0.30500
binom	1	0.1	0.2	0.29900
binom	1	0.2	0.2	0.28400
binom	1	0.3	0.2	0.25100
binom	1	0.4	0.2	0.23000
binom	1	0.5	0.2	0.23300
binom	1	0.6	0.2	0.22500
binom	1	0.7	0.2	0.24200
binom	1	0.8	0.2	0.23900
binom	1	0.9	0.2	0.19200
