binom	1	0	0	0.00700
binom	1	0.1	0	0.02700
binom	1	0.2	0	0.09300
binom	1	0.3	0	0.11800
binom	1	0.4	0	0.12100
binom	1	0.5	0	0.13700
binom	1	0.6	0	0.15800
binom	1	0.7	0	0.12200
binom	1	0.8	0	0.14900
binom	1	0.9	0	0.12800
binom	1	0	0.05	0.07200
binom	1	0.1	0.05	0.08000
binom	1	0.2	0.05	0.10900
binom	1	0.3	0.05	0.12200
binom	1	0.4	0.05	0.16700
binom	1	0.5	0.05	0.16500
binom	1	0.6	0.05	0.16200
binom	1	0.7	0.05	0.15800
binom	1	0.8	0.05	0.17300
binom	1	0.9	0.05	0.15200
binom	1	0	0.1	0.18700
binom	1	0.1	0.1	0.16700
binom	1	0.2	0.1	0.15800
binom	1	0.3	0.1	0.15400
binom	1	0.4	0.1	0.18400
binom	1	0.5	0.1	0.18000
binom	1	0.6	0.1	0.19500
binom	1	0.7	0.1	0.18300
binom	1	0.8	0.1	0.18100
binom	1	0.9	0.1	0.17400
binom	1	0	0.2	0.29000
binom	1	0.1	0.2	0.28700
binom	1	0.2	0.2	0.27900
binom	1	0.3	0.2	0.25200
binom	1	0.4	0.2	0.23000
binom	1	0.5	0.2	0.22100
binom	1	0.6	0.2	0.24500
binom	1	0.7	0.2	0.20400
binom	1	0.8	0.2	0.22600
binom	1	0.9	0.2	0.19200
