binom	1	0	0	0.00600
binom	1	0.1	0	0.05500
binom	1	0.2	0	0.07800
binom	1	0.3	0	0.10300
binom	1	0.4	0	0.13700
binom	1	0.5	0	0.14500
binom	1	0.6	0	0.15800
binom	1	0.7	0	0.14100
binom	1	0.8	0	0.15300
binom	1	0.9	0	0.13100
binom	1	0	0.05	0.10100
binom	1	0.1	0.05	0.08100
binom	1	0.2	0.05	0.12200
binom	1	0.3	0.05	0.13300
binom	1	0.4	0.05	0.14500
binom	1	0.5	0.05	0.17500
binom	1	0.6	0.05	0.17900
binom	1	0.7	0.05	0.18900
binom	1	0.8	0.05	0.16400
binom	1	0.9	0.05	0.15100
binom	1	0	0.1	0.17500
binom	1	0.1	0.1	0.16200
binom	1	0.2	0.1	0.13400
binom	1	0.3	0.1	0.16500
binom	1	0.4	0.1	0.17900
binom	1	0.5	0.1	0.17500
binom	1	0.6	0.1	0.19300
binom	1	0.7	0.1	0.19700
binom	1	0.8	0.1	0.18900
binom	1	0.9	0.1	0.17200
binom	1	0	0.2	0.30200
binom	1	0.1	0.2	0.29900
binom	1	0.2	0.2	0.28000
binom	1	0.3	0.2	0.24200
binom	1	0.4	0.2	0.23000
binom	1	0.5	0.2	0.20600
binom	1	0.6	0.2	0.23900
binom	1	0.7	0.2	0.21100
binom	1	0.8	0.2	0.23500
binom	1	0.9	0.2	0.20900
