binom	0.02420
binom	0.02400
binom	0.02480
binom	0.02180
binom	0.02380
binom	0.02740
binom	0.02400
binom	0.01980
binom	0.02240
binom	0.02020
binom	0.02240
binom	0.02420
binom	0.02180
binom	0.02200
binom	0.02100
binom	0.01900
binom	0.01800
binom	0.01840
binom	0.01980
binom	0.01880
binom	0.02420
binom	0.02060
binom	0.02260
binom	0.02060
binom	0.02400
binom	0.01960
binom	0.02200
binom	0.01780
binom	0.01900
binom	0.01760
binom	0.01700
binom	0.01680
binom	0.01820
binom	0.01880
binom	0.01740
binom	0.01740
binom	0.01620
binom	0.01520
binom	0.01380
binom	0.01400
binom	0.01480
binom	0.01620
binom	0.01520
binom	0.01860
binom	0.01500
binom	0.01740
binom	0.01300
binom	0.01400
binom	0.01480
binom	0.01860
binom	0.01540
