binom	1	0	0	0.01000
binom	1	0.1	0	0.04900
binom	1	0.2	0	0.08400
binom	1	0.3	0	0.10800
binom	1	0.4	0	0.12900
binom	1	0.5	0	0.13100
binom	1	0.6	0	0.13700
binom	1	0.7	0	0.14500
binom	1	0.8	0	0.12900
binom	1	0.9	0	0.14700
binom	1	0	0.05	0.08600
binom	1	0.1	0.05	0.08300
binom	1	0.2	0.05	0.10800
binom	1	0.3	0.05	0.13300
binom	1	0.4	0.05	0.15300
binom	1	0.5	0.05	0.16800
binom	1	0.6	0.05	0.17300
binom	1	0.7	0.05	0.16200
binom	1	0.8	0.05	0.16800
binom	1	0.9	0.05	0.15900
binom	1	0	0.1	0.17000
binom	1	0.1	0.1	0.15900
binom	1	0.2	0.1	0.13300
binom	1	0.3	0.1	0.16700
binom	1	0.4	0.1	0.20300
binom	1	0.5	0.1	0.19400
binom	1	0.6	0.1	0.19600
binom	1	0.7	0.1	0.18700
binom	1	0.8	0.1	0.18500
binom	1	0.9	0.1	0.17300
binom	1	0	0.2	0.29500
binom	1	0.1	0.2	0.29500
binom	1	0.2	0.2	0.28000
binom	1	0.3	0.2	0.25000
binom	1	0.4	0.2	0.25000
binom	1	0.5	0.2	0.23600
binom	1	0.6	0.2	0.23300
binom	1	0.7	0.2	0.26600
binom	1	0.8	0.2	0.21500
binom	1	0.9	0.2	0.23200
