binom	1	0	0	0.00900
binom	1	0.1	0	0.04700
binom	1	0.2	0	0.08400
binom	1	0.3	0	0.10100
binom	1	0.4	0	0.11800
binom	1	0.5	0	0.12800
binom	1	0.6	0	0.15100
binom	1	0.7	0	0.13400
binom	1	0.8	0	0.14900
binom	1	0.9	0	0.13900
binom	1	0	0.05	0.08900
binom	1	0.1	0.05	0.07600
binom	1	0.2	0.05	0.10000
binom	1	0.3	0.05	0.12400
binom	1	0.4	0.05	0.16500
binom	1	0.5	0.05	0.16900
binom	1	0.6	0.05	0.16600
binom	1	0.7	0.05	0.16100
binom	1	0.8	0.05	0.17000
binom	1	0.9	0.05	0.14900
binom	1	0	0.1	0.16500
binom	1	0.1	0.1	0.16800
binom	1	0.2	0.1	0.13500
binom	1	0.3	0.1	0.16300
binom	1	0.4	0.1	0.18500
binom	1	0.5	0.1	0.17600
binom	1	0.6	0.1	0.18000
binom	1	0.7	0.1	0.19500
binom	1	0.8	0.1	0.16500
binom	1	0.9	0.1	0.17000
binom	1	0	0.2	0.28800
binom	1	0.1	0.2	0.28800
binom	1	0.2	0.2	0.25800
binom	1	0.3	0.2	0.23900
binom	1	0.4	0.2	0.21800
binom	1	0.5	0.2	0.20100
binom	1	0.6	0.2	0.23200
binom	1	0.7	0.2	0.22700
binom	1	0.8	0.2	0.24400
binom	1	0.9	0.2	0.23000
