binom	1	0	0	0.00900
binom	1	0.1	0	0.05300
binom	1	0.2	0	0.07800
binom	1	0.3	0	0.09500
binom	1	0.4	0	0.12100
binom	1	0.5	0	0.15200
binom	1	0.6	0	0.15400
binom	1	0.7	0	0.13800
binom	1	0.8	0	0.13600
binom	1	0.9	0	0.14000
binom	1	0	0.05	0.10100
binom	1	0.1	0.05	0.09300
binom	1	0.2	0.05	0.12300
binom	1	0.3	0.05	0.14200
binom	1	0.4	0.05	0.15800
binom	1	0.5	0.05	0.15900
binom	1	0.6	0.05	0.17000
binom	1	0.7	0.05	0.15900
binom	1	0.8	0.05	0.17200
binom	1	0.9	0.05	0.14500
binom	1	0	0.1	0.15400
binom	1	0.1	0.1	0.15600
binom	1	0.2	0.1	0.13900
binom	1	0.3	0.1	0.17000
binom	1	0.4	0.1	0.17000
binom	1	0.5	0.1	0.17700
binom	1	0.6	0.1	0.18300
binom	1	0.7	0.1	0.18500
binom	1	0.8	0.1	0.18300
binom	1	0.9	0.1	0.17200
binom	1	0	0.2	0.31000
binom	1	0.1	0.2	0.28700
binom	1	0.2	0.2	0.28200
binom	1	0.3	0.2	0.22800
binom	1	0.4	0.2	0.20400
binom	1	0.5	0.2	0.24400
binom	1	0.6	0.2	0.24100
binom	1	0.7	0.2	0.20400
binom	1	0.8	0.2	0.23200
binom	1	0.9	0.2	0.20300
