binom	1	0	0	0.01300
binom	1	0.1	0	0.03400
binom	1	0.2	0	0.09900
binom	1	0.3	0	0.09900
binom	1	0.4	0	0.13500
binom	1	0.5	0	0.16600
binom	1	0.6	0	0.15200
binom	1	0.7	0	0.14300
binom	1	0.8	0	0.13600
binom	1	0.9	0	0.13000
binom	1	0	0.05	0.10200
binom	1	0.1	0.05	0.09500
binom	1	0.2	0.05	0.12100
binom	1	0.3	0.05	0.14600
binom	1	0.4	0.05	0.14000
binom	1	0.5	0.05	0.15400
binom	1	0.6	0.05	0.16200
binom	1	0.7	0.05	0.18200
binom	1	0.8	0.05	0.17000
binom	1	0.9	0.05	0.14400
binom	1	0	0.1	0.15400
binom	1	0.1	0.1	0.18100
binom	1	0.2	0.1	0.14800
binom	1	0.3	0.1	0.16600
binom	1	0.4	0.1	0.17200
binom	1	0.5	0.1	0.16500
binom	1	0.6	0.1	0.19600
binom	1	0.7	0.1	0.18000
binom	1	0.8	0.1	0.19200
binom	1	0.9	0.1	0.19200
binom	1	0	0.2	0.32300
binom	1	0.1	0.2	0.27000
binom	1	0.2	0.2	0.27100
binom	1	0.3	0.2	0.24700
binom	1	0.4	0.2	0.23200
binom	1	0.5	0.2	0.22100
binom	1	0.6	0.2	0.23900
binom	1	0.7	0.2	0.24200
binom	1	0.8	0.2	0.22100
binom	1	0.9	0.2	0.21300
