binom	1	0	0	0.00700
binom	1	0.1	0	0.03600
binom	1	0.2	0	0.08200
binom	1	0.3	0	0.12200
binom	1	0.4	0	0.11300
binom	1	0.5	0	0.13500
binom	1	0.6	0	0.15400
binom	1	0.7	0	0.13600
binom	1	0.8	0	0.16400
binom	1	0.9	0	0.13900
binom	1	0	0.05	0.09900
binom	1	0.1	0.05	0.09700
binom	1	0.2	0.05	0.09500
binom	1	0.3	0.05	0.11900
binom	1	0.4	0.05	0.15800
binom	1	0.5	0.05	0.15300
binom	1	0.6	0.05	0.17900
binom	1	0.7	0.05	0.18100
binom	1	0.8	0.05	0.17400
binom	1	0.9	0.05	0.16500
binom	1	0	0.1	0.16100
binom	1	0.1	0.1	0.16200
binom	1	0.2	0.1	0.14900
binom	1	0.3	0.1	0.17000
binom	1	0.4	0.1	0.18500
binom	1	0.5	0.1	0.19800
binom	1	0.6	0.1	0.18400
binom	1	0.7	0.1	0.21100
binom	1	0.8	0.1	0.17600
binom	1	0.9	0.1	0.17100
binom	1	0	0.2	0.30200
binom	1	0.1	0.2	0.31400
binom	1	0.2	0.2	0.26500
binom	1	0.3	0.2	0.23500
binom	1	0.4	0.2	0.21100
binom	1	0.5	0.2	0.21600
binom	1	0.6	0.2	0.24500
binom	1	0.7	0.2	0.22000
binom	1	0.8	0.2	0.22900
binom	1	0.9	0.2	0.21000
