binom	1	0	0	0.00900
binom	1	0.1	0	0.04700
binom	1	0.2	0	0.08400
binom	1	0.3	0	0.09400
binom	1	0.4	0	0.13400
binom	1	0.5	0	0.14200
binom	1	0.6	0	0.15100
binom	1	0.7	0	0.14800
binom	1	0.8	0	0.13800
binom	1	0.9	0	0.13000
binom	1	0	0.05	0.08900
binom	1	0.1	0.05	0.07600
binom	1	0.2	0.05	0.12700
binom	1	0.3	0.05	0.13500
binom	1	0.4	0.05	0.14700
binom	1	0.5	0.05	0.17300
binom	1	0.6	0.05	0.15500
binom	1	0.7	0.05	0.16500
binom	1	0.8	0.05	0.17300
binom	1	0.9	0.05	0.15300
binom	1	0	0.1	0.16600
binom	1	0.1	0.1	0.14500
binom	1	0.2	0.1	0.13700
binom	1	0.3	0.1	0.15500
binom	1	0.4	0.1	0.19300
binom	1	0.5	0.1	0.18300
binom	1	0.6	0.1	0.18700
binom	1	0.7	0.1	0.19900
binom	1	0.8	0.1	0.16800
binom	1	0.9	0.1	0.17000
binom	1	0	0.2	0.28800
binom	1	0.1	0.2	0.29300
binom	1	0.2	0.2	0.26100
binom	1	0.3	0.2	0.23900
binom	1	0.4	0.2	0.22300
binom	1	0.5	0.2	0.21700
binom	1	0.6	0.2	0.24100
binom	1	0.7	0.2	0.24100
binom	1	0.8	0.2	0.22200
binom	1	0.9	0.2	0.20900
