binom	1	0	0	0.01200
binom	1	0.1	0	0.05900
binom	1	0.2	0	0.09100
binom	1	0.3	0	0.11200
binom	1	0.4	0	0.10800
binom	1	0.5	0	0.14800
binom	1	0.6	0	0.16700
binom	1	0.7	0	0.14200
binom	1	0.8	0	0.14700
binom	1	0.9	0	0.13800
binom	1	0	0.05	0.11700
binom	1	0.1	0.05	0.07800
binom	1	0.2	0.05	0.09600
binom	1	0.3	0.05	0.12900
binom	1	0.4	0.05	0.14400
binom	1	0.5	0.05	0.14900
binom	1	0.6	0.05	0.16000
binom	1	0.7	0.05	0.16100
binom	1	0.8	0.05	0.15500
binom	1	0.9	0.05	0.15700
binom	1	0	0.1	0.16300
binom	1	0.1	0.1	0.15600
binom	1	0.2	0.1	0.13400
binom	1	0.3	0.1	0.16000
binom	1	0.4	0.1	0.17200
binom	1	0.5	0.1	0.18200
binom	1	0.6	0.1	0.17900
binom	1	0.7	0.1	0.19100
binom	1	0.8	0.1	0.16700
binom	1	0.9	0.1	0.18400
binom	1	0	0.2	0.27300
binom	1	0.1	0.2	0.27200
binom	1	0.2	0.2	0.28200
binom	1	0.3	0.2	0.21400
binom	1	0.4	0.2	0.20400
binom	1	0.5	0.2	0.22600
binom	1	0.6	0.2	0.21100
binom	1	0.7	0.2	0.23600
binom	1	0.8	0.2	0.22100
binom	1	0.9	0.2	0.21000
