binom	1	0	0	0.01400
binom	1	0.1	0	0.05200
binom	1	0.2	0	0.07500
binom	1	0.3	0	0.11300
binom	1	0.4	0	0.11600
binom	1	0.5	0	0.12900
binom	1	0.6	0	0.16200
binom	1	0.7	0	0.13000
binom	1	0.8	0	0.13600
binom	1	0.9	0	0.13700
binom	1	0	0.05	0.07300
binom	1	0.1	0.05	0.08900
binom	1	0.2	0.05	0.10100
binom	1	0.3	0.05	0.12200
binom	1	0.4	0.05	0.12900
binom	1	0.5	0.05	0.15200
binom	1	0.6	0.05	0.17800
binom	1	0.7	0.05	0.17400
binom	1	0.8	0.05	0.15200
binom	1	0.9	0.05	0.15100
binom	1	0	0.1	0.15700
binom	1	0.1	0.1	0.15900
binom	1	0.2	0.1	0.14300
binom	1	0.3	0.1	0.16600
binom	1	0.4	0.1	0.16700
binom	1	0.5	0.1	0.18200
binom	1	0.6	0.1	0.19300
binom	1	0.7	0.1	0.17300
binom	1	0.8	0.1	0.17000
binom	1	0.9	0.1	0.19900
binom	1	0	0.2	0.26300
binom	1	0.1	0.2	0.29100
binom	1	0.2	0.2	0.26800
binom	1	0.3	0.2	0.26400
binom	1	0.4	0.2	0.23000
binom	1	0.5	0.2	0.23400
binom	1	0.6	0.2	0.21600
binom	1	0.7	0.2	0.23300
binom	1	0.8	0.2	0.22600
binom	1	0.9	0.2	0.22500
