binom	1	0	0	0.01300
binom	1	0.1	0	0.03700
binom	1	0.2	0	0.07200
binom	1	0.3	0	0.10900
binom	1	0.4	0	0.14500
binom	1	0.5	0	0.12700
binom	1	0.6	0	0.13800
binom	1	0.7	0	0.15300
binom	1	0.8	0	0.14300
binom	1	0.9	0	0.10900
binom	1	0	0.05	0.09800
binom	1	0.1	0.05	0.07400
binom	1	0.2	0.05	0.10700
binom	1	0.3	0.05	0.15400
binom	1	0.4	0.05	0.13100
binom	1	0.5	0.05	0.14600
binom	1	0.6	0.05	0.15700
binom	1	0.7	0.05	0.16400
binom	1	0.8	0.05	0.15200
binom	1	0.9	0.05	0.14200
binom	1	0	0.1	0.16900
binom	1	0.1	0.1	0.15000
binom	1	0.2	0.1	0.12700
binom	1	0.3	0.1	0.14600
binom	1	0.4	0.1	0.20300
binom	1	0.5	0.1	0.19400
binom	1	0.6	0.1	0.20700
binom	1	0.7	0.1	0.18700
binom	1	0.8	0.1	0.18200
binom	1	0.9	0.1	0.18800
binom	1	0	0.2	0.32400
binom	1	0.1	0.2	0.30700
binom	1	0.2	0.2	0.26800
binom	1	0.3	0.2	0.26200
binom	1	0.4	0.2	0.21100
binom	1	0.5	0.2	0.21200
binom	1	0.6	0.2	0.21700
binom	1	0.7	0.2	0.22600
binom	1	0.8	0.2	0.23100
binom	1	0.9	0.2	0.21500
