binom	1	0	0	0.00600
binom	1	0.1	0	0.05600
binom	1	0.2	0	0.07700
binom	1	0.3	0	0.12100
binom	1	0.4	0	0.11300
binom	1	0.5	0	0.13300
binom	1	0.6	0	0.15800
binom	1	0.7	0	0.13400
binom	1	0.8	0	0.15800
binom	1	0.9	0	0.13300
binom	1	0	0.05	0.10100
binom	1	0.1	0.05	0.08400
binom	1	0.2	0.05	0.10300
binom	1	0.3	0.05	0.14100
binom	1	0.4	0.05	0.15200
binom	1	0.5	0.05	0.16500
binom	1	0.6	0.05	0.17100
binom	1	0.7	0.05	0.17600
binom	1	0.8	0.05	0.15500
binom	1	0.9	0.05	0.13500
binom	1	0	0.1	0.18800
binom	1	0.1	0.1	0.18000
binom	1	0.2	0.1	0.15500
binom	1	0.3	0.1	0.17000
binom	1	0.4	0.1	0.17900
binom	1	0.5	0.1	0.18400
binom	1	0.6	0.1	0.18700
binom	1	0.7	0.1	0.20500
binom	1	0.8	0.1	0.18500
binom	1	0.9	0.1	0.17400
binom	1	0	0.2	0.31100
binom	1	0.1	0.2	0.31200
binom	1	0.2	0.2	0.26500
binom	1	0.3	0.2	0.22900
binom	1	0.4	0.2	0.22000
binom	1	0.5	0.2	0.23200
binom	1	0.6	0.2	0.22600
binom	1	0.7	0.2	0.23900
binom	1	0.8	0.2	0.22600
binom	1	0.9	0.2	0.24200
