binom	1	0	0	0.01500
binom	1	0.1	0	0.04000
binom	1	0.2	0	0.08200
binom	1	0.3	0	0.10300
binom	1	0.4	0	0.14000
binom	1	0.5	0	0.13400
binom	1	0.6	0	0.15100
binom	1	0.7	0	0.15000
binom	1	0.8	0	0.13600
binom	1	0.9	0	0.14100
binom	1	0	0.05	0.08100
binom	1	0.1	0.05	0.09000
binom	1	0.2	0.05	0.10100
binom	1	0.3	0.05	0.14100
binom	1	0.4	0.05	0.17100
binom	1	0.5	0.05	0.15400
binom	1	0.6	0.05	0.15600
binom	1	0.7	0.05	0.14100
binom	1	0.8	0.05	0.16900
binom	1	0.9	0.05	0.16000
binom	1	0	0.1	0.19700
binom	1	0.1	0.1	0.16400
binom	1	0.2	0.1	0.13800
binom	1	0.3	0.1	0.18700
binom	1	0.4	0.1	0.17800
binom	1	0.5	0.1	0.16600
binom	1	0.6	0.1	0.18500
binom	1	0.7	0.1	0.17000
binom	1	0.8	0.1	0.16700
binom	1	0.9	0.1	0.18100
binom	1	0	0.2	0.29200
binom	1	0.1	0.2	0.27100
binom	1	0.2	0.2	0.26100
binom	1	0.3	0.2	0.23200
binom	1	0.4	0.2	0.22400
binom	1	0.5	0.2	0.22600
binom	1	0.6	0.2	0.24800
binom	1	0.7	0.2	0.22200
binom	1	0.8	0.2	0.24400
binom	1	0.9	0.2	0.22500
