binom	1	0	0	0.01400
binom	1	0.1	0	0.04300
binom	1	0.2	0	0.08100
binom	1	0.3	0	0.12200
binom	1	0.4	0	0.11200
binom	1	0.5	0	0.15200
binom	1	0.6	0	0.16200
binom	1	0.7	0	0.14000
binom	1	0.8	0	0.13500
binom	1	0.9	0	0.14000
binom	1	0	0.05	0.09900
binom	1	0.1	0.05	0.10700
binom	1	0.2	0.05	0.10300
binom	1	0.3	0.05	0.15400
binom	1	0.4	0.05	0.15100
binom	1	0.5	0.05	0.16500
binom	1	0.6	0.05	0.13600
binom	1	0.7	0.05	0.15900
binom	1	0.8	0.05	0.17900
binom	1	0.9	0.05	0.16400
binom	1	0	0.1	0.14600
binom	1	0.1	0.1	0.18400
binom	1	0.2	0.1	0.15400
binom	1	0.3	0.1	0.17300
binom	1	0.4	0.1	0.18500
binom	1	0.5	0.1	0.20300
binom	1	0.6	0.1	0.20100
binom	1	0.7	0.1	0.17600
binom	1	0.8	0.1	0.19500
binom	1	0.9	0.1	0.18600
binom	1	0	0.2	0.27200
binom	1	0.1	0.2	0.25300
binom	1	0.2	0.2	0.29700
binom	1	0.3	0.2	0.24600
binom	1	0.4	0.2	0.22200
binom	1	0.5	0.2	0.21800
binom	1	0.6	0.2	0.23000
binom	1	0.7	0.2	0.22900
binom	1	0.8	0.2	0.22000
binom	1	0.9	0.2	0.21700
