binom	1	0	0	0.00900
binom	1	0.1	0	0.05200
binom	1	0.2	0	0.07600
binom	1	0.3	0	0.13100
binom	1	0.4	0	0.14000
binom	1	0.5	0	0.11900
binom	1	0.6	0	0.15100
binom	1	0.7	0	0.13000
binom	1	0.8	0	0.13200
binom	1	0.9	0	0.15400
binom	1	0	0.05	0.08000
binom	1	0.1	0.05	0.10000
binom	1	0.2	0.05	0.10400
binom	1	0.3	0.05	0.10800
binom	1	0.4	0.05	0.14600
binom	1	0.5	0.05	0.15900
binom	1	0.6	0.05	0.16200
binom	1	0.7	0.05	0.19900
binom	1	0.8	0.05	0.16700
binom	1	0.9	0.05	0.15000
binom	1	0	0.1	0.15700
binom	1	0.1	0.1	0.16500
binom	1	0.2	0.1	0.15300
binom	1	0.3	0.1	0.17400
binom	1	0.4	0.1	0.19800
binom	1	0.5	0.1	0.19200
binom	1	0.6	0.1	0.19300
binom	1	0.7	0.1	0.17500
binom	1	0.8	0.1	0.19200
binom	1	0.9	0.1	0.16900
binom	1	0	0.2	0.28300
binom	1	0.1	0.2	0.30300
binom	1	0.2	0.2	0.23300
binom	1	0.3	0.2	0.22800
binom	1	0.4	0.2	0.21900
binom	1	0.5	0.2	0.23300
binom	1	0.6	0.2	0.23700
binom	1	0.7	0.2	0.22900
binom	1	0.8	0.2	0.20100
binom	1	0.9	0.2	0.20900
