binom	0.02620
binom	0.02020
binom	0.02120
binom	0.02140
binom	0.02380
binom	0.01900
binom	0.02320
binom	0.02020
binom	0.02140
binom	0.02200
binom	0.02020
binom	0.02380
binom	0.01500
binom	0.02000
binom	0.02260
binom	0.02140
binom	0.02040
binom	0.02060
binom	0.02040
binom	0.01980
binom	0.02260
binom	0.02220
binom	0.02260
binom	0.02080
binom	0.02120
binom	0.01980
binom	0.01740
binom	0.02100
binom	0.01720
binom	0.01720
binom	0.01760
binom	0.01980
binom	0.02020
binom	0.01660
binom	0.01740
binom	0.01340
binom	0.01540
binom	0.01900
binom	0.01560
binom	0.01880
binom	0.01920
binom	0.01560
binom	0.01540
binom	0.01760
binom	0.01600
binom	0.01500
binom	0.01540
binom	0.01300
binom	0.01580
binom	0.01580
binom	0.01300
