binom	1	0	0	0.00800
binom	1	0.1	0	0.04700
binom	1	0.2	0	0.06400
binom	1	0.3	0	0.10900
binom	1	0.4	0	0.12600
binom	1	0.5	0	0.12500
binom	1	0.6	0	0.15000
binom	1	0.7	0	0.13200
binom	1	0.8	0	0.14500
binom	1	0.9	0	0.14600
binom	1	0	0.05	0.09000
binom	1	0.1	0.05	0.09900
binom	1	0.2	0.05	0.10100
binom	1	0.3	0.05	0.13500
binom	1	0.4	0.05	0.13900
binom	1	0.5	0.05	0.16300
binom	1	0.6	0.05	0.17900
binom	1	0.7	0.05	0.16300
binom	1	0.8	0.05	0.16700
binom	1	0.9	0.05	0.17000
binom	1	0	0.1	0.16000
binom	1	0.1	0.1	0.16700
binom	1	0.2	0.1	0.14700
binom	1	0.3	0.1	0.17700
binom	1	0.4	0.1	0.16500
binom	1	0.5	0.1	0.20000
binom	1	0.6	0.1	0.18700
binom	1	0.7	0.1	0.21100
binom	1	0.8	0.1	0.16800
binom	1	0.9	0.1	0.18600
binom	1	0	0.2	0.27600
binom	1	0.1	0.2	0.28600
binom	1	0.2	0.2	0.26400
binom	1	0.3	0.2	0.25100
binom	1	0.4	0.2	0.21700
binom	1	0.5	0.2	0.23300
binom	1	0.6	0.2	0.25700
binom	1	0.7	0.2	0.23000
binom	1	0.8	0.2	0.23600
binom	1	0.9	0.2	0.24800
