binom	1	0	0	0.01000
binom	1	0.1	0	0.03600
binom	1	0.2	0	0.06700
binom	1	0.3	0	0.08900
binom	1	0.4	0	0.13500
binom	1	0.5	0	0.12200
binom	1	0.6	0	0.15200
binom	1	0.7	0	0.13900
binom	1	0.8	0	0.14100
binom	1	0.9	0	0.14700
binom	1	0	0.05	0.09400
binom	1	0.1	0.05	0.08600
binom	1	0.2	0.05	0.12100
binom	1	0.3	0.05	0.14000
binom	1	0.4	0.05	0.15600
binom	1	0.5	0.05	0.17300
binom	1	0.6	0.05	0.18500
binom	1	0.7	0.05	0.16700
binom	1	0.8	0.05	0.17600
binom	1	0.9	0.05	0.15800
binom	1	0	0.1	0.16200
binom	1	0.1	0.1	0.16400
binom	1	0.2	0.1	0.15600
binom	1	0.3	0.1	0.16500
binom	1	0.4	0.1	0.20300
binom	1	0.5	0.1	0.16300
binom	1	0.6	0.1	0.20300
binom	1	0.7	0.1	0.20500
binom	1	0.8	0.1	0.18700
binom	1	0.9	0.1	0.16800
binom	1	0	0.2	0.32800
binom	1	0.1	0.2	0.28600
binom	1	0.2	0.2	0.28400
binom	1	0.3	0.2	0.24400
binom	1	0.4	0.2	0.22300
binom	1	0.5	0.2	0.21800
binom	1	0.6	0.2	0.22400
binom	1	0.7	0.2	0.24400
binom	1	0.8	0.2	0.23400
binom	1	0.9	0.2	0.21800
