binom	1	0	0	0.01100
binom	1	0.1	0	0.03700
binom	1	0.2	0	0.08700
binom	1	0.3	0	0.11000
binom	1	0.4	0	0.12600
binom	1	0.5	0	0.10600
binom	1	0.6	0	0.14500
binom	1	0.7	0	0.14400
binom	1	0.8	0	0.12600
binom	1	0.9	0	0.11900
binom	1	0	0.05	0.09600
binom	1	0.1	0.05	0.06900
binom	1	0.2	0.05	0.11800
binom	1	0.3	0.05	0.13500
binom	1	0.4	0.05	0.14500
binom	1	0.5	0.05	0.16100
binom	1	0.6	0.05	0.17100
binom	1	0.7	0.05	0.16000
binom	1	0.8	0.05	0.14300
binom	1	0.9	0.05	0.15900
binom	1	0	0.1	0.16300
binom	1	0.1	0.1	0.15400
binom	1	0.2	0.1	0.13700
binom	1	0.3	0.1	0.17000
binom	1	0.4	0.1	0.18300
binom	1	0.5	0.1	0.18500
binom	1	0.6	0.1	0.18900
binom	1	0.7	0.1	0.19900
binom	1	0.8	0.1	0.18100
binom	1	0.9	0.1	0.18800
binom	1	0	0.2	0.32000
binom	1	0.1	0.2	0.29600
binom	1	0.2	0.2	0.27400
binom	1	0.3	0.2	0.22200
binom	1	0.4	0.2	0.22500
binom	1	0.5	0.2	0.23500
binom	1	0.6	0.2	0.24100
binom	1	0.7	0.2	0.21600
binom	1	0.8	0.2	0.23900
binom	1	0.9	0.2	0.23600
