binom	1	0	0	0.00600
binom	1	0.1	0	0.05400
binom	1	0.2	0	0.06500
binom	1	0.3	0	0.10300
binom	1	0.4	0	0.12200
binom	1	0.5	0	0.14600
binom	1	0.6	0	0.12500
binom	1	0.7	0	0.12200
binom	1	0.8	0	0.15800
binom	1	0.9	0	0.13300
binom	1	0	0.05	0.08000
binom	1	0.1	0.05	0.08200
binom	1	0.2	0.05	0.11600
binom	1	0.3	0.05	0.14700
binom	1	0.4	0.05	0.14800
binom	1	0.5	0.05	0.16800
binom	1	0.6	0.05	0.16800
binom	1	0.7	0.05	0.16600
binom	1	0.8	0.05	0.16500
binom	1	0.9	0.05	0.18300
binom	1	0	0.1	0.18900
binom	1	0.1	0.1	0.14600
binom	1	0.2	0.1	0.18800
binom	1	0.3	0.1	0.17500
binom	1	0.4	0.1	0.17800
binom	1	0.5	0.1	0.20300
binom	1	0.6	0.1	0.20200
binom	1	0.7	0.1	0.19500
binom	1	0.8	0.1	0.17300
binom	1	0.9	0.1	0.16900
binom	1	0	0.2	0.29700
binom	1	0.1	0.2	0.29200
binom	1	0.2	0.2	0.29200
binom	1	0.3	0.2	0.23600
binom	1	0.4	0.2	0.24100
binom	1	0.5	0.2	0.23000
binom	1	0.6	0.2	0.23500
binom	1	0.7	0.2	0.21300
binom	1	0.8	0.2	0.20000
binom	1	0.9	0.2	0.20500
