binom	1	0	0	0.01100
binom	1	0.1	0	0.05100
binom	1	0.2	0	0.07700
binom	1	0.3	0	0.11300
binom	1	0.4	0	0.13600
binom	1	0.5	0	0.12600
binom	1	0.6	0	0.16500
binom	1	0.7	0	0.14400
binom	1	0.8	0	0.13000
binom	1	0.9	0	0.15100
binom	1	0	0.05	0.08500
binom	1	0.1	0.05	0.09300
binom	1	0.2	0.05	0.11400
binom	1	0.3	0.05	0.14000
binom	1	0.4	0.05	0.16700
binom	1	0.5	0.05	0.15000
binom	1	0.6	0.05	0.15800
binom	1	0.7	0.05	0.17400
binom	1	0.8	0.05	0.16600
binom	1	0.9	0.05	0.14300
binom	1	0	0.1	0.17600
binom	1	0.1	0.1	0.16900
binom	1	0.2	0.1	0.14700
binom	1	0.3	0.1	0.16300
binom	1	0.4	0.1	0.15600
binom	1	0.5	0.1	0.17200
binom	1	0.6	0.1	0.19500
binom	1	0.7	0.1	0.16400
binom	1	0.8	0.1	0.19700
binom	1	0.9	0.1	0.20100
binom	1	0	0.2	0.28500
binom	1	0.1	0.2	0.28400
binom	1	0.2	0.2	0.27600
binom	1	0.3	0.2	0.23900
binom	1	0.4	0.2	0.21700
binom	1	0.5	0.2	0.23000
binom	1	0.6	0.2	0.23200
binom	1	0.7	0.2	0.22500
binom	1	0.8	0.2	0.23500
binom	1	0.9	0.2	0.20200
