binom	1	0	0	0.01000
binom	1	0.1	0	0.04500
binom	1	0.2	0	0.08400
binom	1	0.3	0	0.09900
binom	1	0.4	0	0.10400
binom	1	0.5	0	0.13800
binom	1	0.6	0	0.15000
binom	1	0.7	0	0.13700
binom	1	0.8	0	0.13900
binom	1	0.9	0	0.12600
binom	1	0	0.05	0.08200
binom	1	0.1	0.05	0.08300
binom	1	0.2	0.05	0.10800
binom	1	0.3	0.05	0.13700
binom	1	0.4	0.05	0.15600
binom	1	0.5	0.05	0.15300
binom	1	0.6	0.05	0.18100
binom	1	0.7	0.05	0.16600
binom	1	0.8	0.05	0.14600
binom	1	0.9	0.05	0.14900
binom	1	0	0.1	0.16700
binom	1	0.1	0.1	0.16800
binom	1	0.2	0.1	0.13400
binom	1	0.3	0.1	0.16600
binom	1	0.4	0.1	0.15700
binom	1	0.5	0.1	0.18300
binom	1	0.6	0.1	0.18300
binom	1	0.7	0.1	0.19800
binom	1	0.8	0.1	0.17500
binom	1	0.9	0.1	0.17300
binom	1	0	0.2	0.31100
binom	1	0.1	0.2	0.29000
binom	1	0.2	0.2	0.28000
binom	1	0.3	0.2	0.25600
binom	1	0.4	0.2	0.21000
binom	1	0.5	0.2	0.20600
binom	1	0.6	0.2	0.25300
binom	1	0.7	0.2	0.20000
binom	1	0.8	0.2	0.21600
binom	1	0.9	0.2	0.22500
