binom	1	0	0	0.01100
binom	1	0.1	0	0.04000
binom	1	0.2	0	0.08000
binom	1	0.3	0	0.10400
binom	1	0.4	0	0.13300
binom	1	0.5	0	0.13400
binom	1	0.6	0	0.17300
binom	1	0.7	0	0.15500
binom	1	0.8	0	0.15700
binom	1	0.9	0	0.14000
binom	1	0	0.05	0.09300
binom	1	0.1	0.05	0.08500
binom	1	0.2	0.05	0.10400
binom	1	0.3	0.05	0.11600
binom	1	0.4	0.05	0.15200
binom	1	0.5	0.05	0.16100
binom	1	0.6	0.05	0.15600
binom	1	0.7	0.05	0.15700
binom	1	0.8	0.05	0.14800
binom	1	0.9	0.05	0.16000
binom	1	0	0.1	0.17900
binom	1	0.1	0.1	0.16600
binom	1	0.2	0.1	0.14400
binom	1	0.3	0.1	0.16500
binom	1	0.4	0.1	0.16900
binom	1	0.5	0.1	0.19500
binom	1	0.6	0.1	0.21600
binom	1	0.7	0.1	0.19000
binom	1	0.8	0.1	0.18800
binom	1	0.9	0.1	0.15800
binom	1	0	0.2	0.30200
binom	1	0.1	0.2	0.29900
binom	1	0.2	0.2	0.27800
binom	1	0.3	0.2	0.26500
binom	1	0.4	0.2	0.21800
binom	1	0.5	0.2	0.21900
binom	1	0.6	0.2	0.21700
binom	1	0.7	0.2	0.26100
binom	1	0.8	0.2	0.24800
binom	1	0.9	0.2	0.20300
