binom	1	0	0	0.01500
binom	1	0.1	0	0.03700
binom	1	0.2	0	0.07500
binom	1	0.3	0	0.09300
binom	1	0.4	0	0.10700
binom	1	0.5	0	0.12600
binom	1	0.6	0	0.15900
binom	1	0.7	0	0.14100
binom	1	0.8	0	0.13700
binom	1	0.9	0	0.14000
binom	1	0	0.05	0.08900
binom	1	0.1	0.05	0.10100
binom	1	0.2	0.05	0.11400
binom	1	0.3	0.05	0.13400
binom	1	0.4	0.05	0.13500
binom	1	0.5	0.05	0.16200
binom	1	0.6	0.05	0.16600
binom	1	0.7	0.05	0.16600
binom	1	0.8	0.05	0.16000
binom	1	0.9	0.05	0.16100
binom	1	0	0.1	0.15600
binom	1	0.1	0.1	0.15400
binom	1	0.2	0.1	0.16700
binom	1	0.3	0.1	0.15300
binom	1	0.4	0.1	0.18300
binom	1	0.5	0.1	0.16900
binom	1	0.6	0.1	0.19100
binom	1	0.7	0.1	0.18400
binom	1	0.8	0.1	0.19700
binom	1	0.9	0.1	0.17400
binom	1	0	0.2	0.30100
binom	1	0.1	0.2	0.31600
binom	1	0.2	0.2	0.27000
binom	1	0.3	0.2	0.24400
binom	1	0.4	0.2	0.21900
binom	1	0.5	0.2	0.24200
binom	1	0.6	0.2	0.23100
binom	1	0.7	0.2	0.22500
binom	1	0.8	0.2	0.22000
binom	1	0.9	0.2	0.21900
