binom	1	0	0	0.01300
binom	1	0.1	0	0.03800
binom	1	0.2	0	0.08600
binom	1	0.3	0	0.09400
binom	1	0.4	0	0.14200
binom	1	0.5	0	0.14200
binom	1	0.6	0	0.14500
binom	1	0.7	0	0.13500
binom	1	0.8	0	0.12300
binom	1	0.9	0	0.14000
binom	1	0	0.05	0.09100
binom	1	0.1	0.05	0.08800
binom	1	0.2	0.05	0.10200
binom	1	0.3	0.05	0.14500
binom	1	0.4	0.05	0.15800
binom	1	0.5	0.05	0.16800
binom	1	0.6	0.05	0.18200
binom	1	0.7	0.05	0.17700
binom	1	0.8	0.05	0.17900
binom	1	0.9	0.05	0.13900
binom	1	0	0.1	0.16300
binom	1	0.1	0.1	0.15500
binom	1	0.2	0.1	0.15100
binom	1	0.3	0.1	0.16700
binom	1	0.4	0.1	0.18500
binom	1	0.5	0.1	0.16200
binom	1	0.6	0.1	0.22100
binom	1	0.7	0.1	0.17900
binom	1	0.8	0.1	0.17600
binom	1	0.9	0.1	0.19000
binom	1	0	0.2	0.28100
binom	1	0.1	0.2	0.25700
binom	1	0.2	0.2	0.25900
binom	1	0.3	0.2	0.23300
binom	1	0.4	0.2	0.23200
binom	1	0.5	0.2	0.23500
binom	1	0.6	0.2	0.25200
binom	1	0.7	0.2	0.23400
binom	1	0.8	0.2	0.25800
binom	1	0.9	0.2	0.23100
