binom	1	0	0	0.01300
binom	1	0.1	0	0.04300
binom	1	0.2	0	0.08200
binom	1	0.3	0	0.10400
binom	1	0.4	0	0.11600
binom	1	0.5	0	0.12800
binom	1	0.6	0	0.15100
binom	1	0.7	0	0.15800
binom	1	0.8	0	0.15000
binom	1	0.9	0	0.13200
binom	1	0	0.05	0.09900
binom	1	0.1	0.05	0.07800
binom	1	0.2	0.05	0.12000
binom	1	0.3	0.05	0.13100
binom	1	0.4	0.05	0.16900
binom	1	0.5	0.05	0.15700
binom	1	0.6	0.05	0.17000
binom	1	0.7	0.05	0.16400
binom	1	0.8	0.05	0.17000
binom	1	0.9	0.05	0.13400
binom	1	0	0.1	0.15000
binom	1	0.1	0.1	0.17800
binom	1	0.2	0.1	0.14200
binom	1	0.3	0.1	0.16800
binom	1	0.4	0.1	0.18400
binom	1	0.5	0.1	0.18600
binom	1	0.6	0.1	0.19400
binom	1	0.7	0.1	0.19600
binom	1	0.8	0.1	0.17500
binom	1	0.9	0.1	0.18400
binom	1	0	0.2	0.28500
binom	1	0.1	0.2	0.29200
binom	1	0.2	0.2	0.26700
binom	1	0.3	0.2	0.24300
binom	1	0.4	0.2	0.23700
binom	1	0.5	0.2	0.24200
binom	1	0.6	0.2	0.24500
binom	1	0.7	0.2	0.24100
binom	1	0.8	0.2	0.24200
binom	1	0.9	0.2	0.22400
