binom	1	0	0	0.00900
binom	1	0.1	0	0.04700
binom	1	0.2	0	0.07100
binom	1	0.3	0	0.11700
binom	1	0.4	0	0.13300
binom	1	0.5	0	0.12900
binom	1	0.6	0	0.14200
binom	1	0.7	0	0.14800
binom	1	0.8	0	0.13800
binom	1	0.9	0	0.13700
binom	1	0	0.05	0.08800
binom	1	0.1	0.05	0.08900
binom	1	0.2	0.05	0.12100
binom	1	0.3	0.05	0.12200
binom	1	0.4	0.05	0.16500
binom	1	0.5	0.05	0.17700
binom	1	0.6	0.05	0.15100
binom	1	0.7	0.05	0.18700
binom	1	0.8	0.05	0.16000
binom	1	0.9	0.05	0.15100
binom	1	0	0.1	0.18600
binom	1	0.1	0.1	0.16000
binom	1	0.2	0.1	0.14400
binom	1	0.3	0.1	0.14500
binom	1	0.4	0.1	0.18300
binom	1	0.5	0.1	0.17900
binom	1	0.6	0.1	0.19000
binom	1	0.7	0.1	0.18800
binom	1	0.8	0.1	0.18400
binom	1	0.9	0.1	0.16200
binom	1	0	0.2	0.30700
binom	1	0.1	0.2	0.29800
binom	1	0.2	0.2	0.26700
binom	1	0.3	0.2	0.26300
binom	1	0.4	0.2	0.21800
binom	1	0.5	0.2	0.22700
binom	1	0.6	0.2	0.23300
binom	1	0.7	0.2	0.22400
binom	1	0.8	0.2	0.20600
binom	1	0.9	0.2	0.23400
