binom	1	0	0	0.01100
binom	1	0.1	0	0.04900
binom	1	0.2	0	0.09000
binom	1	0.3	0	0.10000
binom	1	0.4	0	0.13400
binom	1	0.5	0	0.12900
binom	1	0.6	0	0.13600
binom	1	0.7	0	0.13400
binom	1	0.8	0	0.15000
binom	1	0.9	0	0.15100
binom	1	0	0.05	0.10600
binom	1	0.1	0.05	0.07200
binom	1	0.2	0.05	0.11700
binom	1	0.3	0.05	0.13300
binom	1	0.4	0.05	0.13000
binom	1	0.5	0.05	0.14700
binom	1	0.6	0.05	0.17300
binom	1	0.7	0.05	0.15000
binom	1	0.8	0.05	0.16400
binom	1	0.9	0.05	0.15800
binom	1	0	0.1	0.17400
binom	1	0.1	0.1	0.14900
binom	1	0.2	0.1	0.14400
binom	1	0.3	0.1	0.17300
binom	1	0.4	0.1	0.16100
binom	1	0.5	0.1	0.20900
binom	1	0.6	0.1	0.19200
binom	1	0.7	0.1	0.19400
binom	1	0.8	0.1	0.18100
binom	1	0.9	0.1	0.15500
binom	1	0	0.2	0.31300
binom	1	0.1	0.2	0.30500
binom	1	0.2	0.2	0.28200
binom	1	0.3	0.2	0.24400
binom	1	0.4	0.2	0.23200
binom	1	0.5	0.2	0.20800
binom	1	0.6	0.2	0.21600
binom	1	0.7	0.2	0.21200
binom	1	0.8	0.2	0.22700
binom	1	0.9	0.2	0.20500
