binom	1	0	0	0.01100
binom	1	0.1	0	0.05600
binom	1	0.2	0	0.07600
binom	1	0.3	0	0.10400
binom	1	0.4	0	0.13300
binom	1	0.5	0	0.12800
binom	1	0.6	0	0.13600
binom	1	0.7	0	0.12700
binom	1	0.8	0	0.14100
binom	1	0.9	0	0.14700
binom	1	0	0.05	0.08700
binom	1	0.1	0.05	0.09600
binom	1	0.2	0.05	0.11100
binom	1	0.3	0.05	0.14100
binom	1	0.4	0.05	0.16900
binom	1	0.5	0.05	0.16300
binom	1	0.6	0.05	0.18400
binom	1	0.7	0.05	0.16800
binom	1	0.8	0.05	0.18200
binom	1	0.9	0.05	0.18400
binom	1	0	0.1	0.16700
binom	1	0.1	0.1	0.17100
binom	1	0.2	0.1	0.15900
binom	1	0.3	0.1	0.17100
binom	1	0.4	0.1	0.17300
binom	1	0.5	0.1	0.19000
binom	1	0.6	0.1	0.18500
binom	1	0.7	0.1	0.19600
binom	1	0.8	0.1	0.19600
binom	1	0.9	0.1	0.20400
binom	1	0	0.2	0.29100
binom	1	0.1	0.2	0.31500
binom	1	0.2	0.2	0.27100
binom	1	0.3	0.2	0.27300
binom	1	0.4	0.2	0.21900
binom	1	0.5	0.2	0.21700
binom	1	0.6	0.2	0.20800
binom	1	0.7	0.2	0.21000
binom	1	0.8	0.2	0.22800
binom	1	0.9	0.2	0.20900
