binom	1	0	0	0.01000
binom	1	0.1	0	0.04700
binom	1	0.2	0	0.08000
binom	1	0.3	0	0.10300
binom	1	0.4	0	0.12800
binom	1	0.5	0	0.14700
binom	1	0.6	0	0.14200
binom	1	0.7	0	0.13800
binom	1	0.8	0	0.13900
binom	1	0.9	0	0.11300
binom	1	0	0.05	0.08400
binom	1	0.1	0.05	0.08400
binom	1	0.2	0.05	0.10000
binom	1	0.3	0.05	0.13500
binom	1	0.4	0.05	0.16800
binom	1	0.5	0.05	0.16800
binom	1	0.6	0.05	0.16800
binom	1	0.7	0.05	0.15600
binom	1	0.8	0.05	0.18600
binom	1	0.9	0.05	0.15600
binom	1	0	0.1	0.14500
binom	1	0.1	0.1	0.17900
binom	1	0.2	0.1	0.17000
binom	1	0.3	0.1	0.16900
binom	1	0.4	0.1	0.18100
binom	1	0.5	0.1	0.17400
binom	1	0.6	0.1	0.19200
binom	1	0.7	0.1	0.17500
binom	1	0.8	0.1	0.17700
binom	1	0.9	0.1	0.16500
binom	1	0	0.2	0.29000
binom	1	0.1	0.2	0.32100
binom	1	0.2	0.2	0.24300
binom	1	0.3	0.2	0.24000
binom	1	0.4	0.2	0.21300
binom	1	0.5	0.2	0.22800
binom	1	0.6	0.2	0.23900
binom	1	0.7	0.2	0.24600
binom	1	0.8	0.2	0.23000
binom	1	0.9	0.2	0.20700
