binom	1	0	0	0.00800
binom	1	0.1	0	0.05100
binom	1	0.2	0	0.07000
binom	1	0.3	0	0.10900
binom	1	0.4	0	0.11200
binom	1	0.5	0	0.13600
binom	1	0.6	0	0.13900
binom	1	0.7	0	0.14100
binom	1	0.8	0	0.14400
binom	1	0.9	0	0.14700
binom	1	0	0.05	0.10500
binom	1	0.1	0.05	0.09900
binom	1	0.2	0.05	0.10500
binom	1	0.3	0.05	0.13200
binom	1	0.4	0.05	0.14900
binom	1	0.5	0.05	0.15900
binom	1	0.6	0.05	0.18600
binom	1	0.7	0.05	0.16300
binom	1	0.8	0.05	0.18100
binom	1	0.9	0.05	0.16900
binom	1	0	0.1	0.15800
binom	1	0.1	0.1	0.18400
binom	1	0.2	0.1	0.14600
binom	1	0.3	0.1	0.16800
binom	1	0.4	0.1	0.17300
binom	1	0.5	0.1	0.18000
binom	1	0.6	0.1	0.18800
binom	1	0.7	0.1	0.17000
binom	1	0.8	0.1	0.17300
binom	1	0.9	0.1	0.17600
binom	1	0	0.2	0.30100
binom	1	0.1	0.2	0.27900
binom	1	0.2	0.2	0.26200
binom	1	0.3	0.2	0.24600
binom	1	0.4	0.2	0.21700
binom	1	0.5	0.2	0.24100
binom	1	0.6	0.2	0.25200
binom	1	0.7	0.2	0.20800
binom	1	0.8	0.2	0.21800
binom	1	0.9	0.2	0.21000
