binom	1	0	0	0.01300
binom	1	0.1	0	0.04800
binom	1	0.2	0	0.08600
binom	1	0.3	0	0.10900
binom	1	0.4	0	0.14100
binom	1	0.5	0	0.12600
binom	1	0.6	0	0.13300
binom	1	0.7	0	0.15000
binom	1	0.8	0	0.13900
binom	1	0.9	0	0.13900
binom	1	0	0.05	0.10500
binom	1	0.1	0.05	0.09300
binom	1	0.2	0.05	0.10000
binom	1	0.3	0.05	0.13500
binom	1	0.4	0.05	0.14900
binom	1	0.5	0.05	0.16300
binom	1	0.6	0.05	0.18400
binom	1	0.7	0.05	0.16800
binom	1	0.8	0.05	0.18100
binom	1	0.9	0.05	0.14500
binom	1	0	0.1	0.18600
binom	1	0.1	0.1	0.15600
binom	1	0.2	0.1	0.15800
binom	1	0.3	0.1	0.16000
binom	1	0.4	0.1	0.17400
binom	1	0.5	0.1	0.19900
binom	1	0.6	0.1	0.19600
binom	1	0.7	0.1	0.19000
binom	1	0.8	0.1	0.18800
binom	1	0.9	0.1	0.18100
binom	1	0	0.2	0.31600
binom	1	0.1	0.2	0.28200
binom	1	0.2	0.2	0.28800
binom	1	0.3	0.2	0.23800
binom	1	0.4	0.2	0.21300
binom	1	0.5	0.2	0.25500
binom	1	0.6	0.2	0.22600
binom	1	0.7	0.2	0.25200
binom	1	0.8	0.2	0.21400
binom	1	0.9	0.2	0.23600
