binom	1	0	0	0.00900
binom	1	0.1	0	0.04500
binom	1	0.2	0	0.09000
binom	1	0.3	0	0.10400
binom	1	0.4	0	0.13300
binom	1	0.5	0	0.12700
binom	1	0.6	0	0.15400
binom	1	0.7	0	0.14800
binom	1	0.8	0	0.14700
binom	1	0.9	0	0.13600
binom	1	0	0.05	0.09500
binom	1	0.1	0.05	0.10000
binom	1	0.2	0.05	0.10400
binom	1	0.3	0.05	0.13700
binom	1	0.4	0.05	0.15100
binom	1	0.5	0.05	0.16600
binom	1	0.6	0.05	0.17200
binom	1	0.7	0.05	0.16600
binom	1	0.8	0.05	0.15400
binom	1	0.9	0.05	0.14600
binom	1	0	0.1	0.17100
binom	1	0.1	0.1	0.15100
binom	1	0.2	0.1	0.12800
binom	1	0.3	0.1	0.17000
binom	1	0.4	0.1	0.19400
binom	1	0.5	0.1	0.19300
binom	1	0.6	0.1	0.19900
binom	1	0.7	0.1	0.19300
binom	1	0.8	0.1	0.18900
binom	1	0.9	0.1	0.19200
binom	1	0	0.2	0.28700
binom	1	0.1	0.2	0.29300
binom	1	0.2	0.2	0.28200
binom	1	0.3	0.2	0.24300
binom	1	0.4	0.2	0.23500
binom	1	0.5	0.2	0.24000
binom	1	0.6	0.2	0.21700
binom	1	0.7	0.2	0.22400
binom	1	0.8	0.2	0.21200
binom	1	0.9	0.2	0.20600
