binom	1	0	0	0.00900
binom	1	0.1	0	0.02800
binom	1	0.2	0	0.07800
binom	1	0.3	0	0.10100
binom	1	0.4	0	0.12200
binom	1	0.5	0	0.13700
binom	1	0.6	0	0.14600
binom	1	0.7	0	0.15600
binom	1	0.8	0	0.15100
binom	1	0.9	0	0.14300
binom	1	0	0.05	0.09200
binom	1	0.1	0.05	0.07100
binom	1	0.2	0.05	0.11400
binom	1	0.3	0.05	0.16300
binom	1	0.4	0.05	0.14600
binom	1	0.5	0.05	0.18100
binom	1	0.6	0.05	0.16700
binom	1	0.7	0.05	0.16800
binom	1	0.8	0.05	0.16200
binom	1	0.9	0.05	0.17100
binom	1	0	0.1	0.16700
binom	1	0.1	0.1	0.16600
binom	1	0.2	0.1	0.15300
binom	1	0.3	0.1	0.15800
binom	1	0.4	0.1	0.15700
binom	1	0.5	0.1	0.17900
binom	1	0.6	0.1	0.18200
binom	1	0.7	0.1	0.16900
binom	1	0.8	0.1	0.18100
binom	1	0.9	0.1	0.17500
binom	1	0	0.2	0.31900
binom	1	0.1	0.2	0.29400
binom	1	0.2	0.2	0.27700
binom	1	0.3	0.2	0.27100
binom	1	0.4	0.2	0.20500
binom	1	0.5	0.2	0.23300
binom	1	0.6	0.2	0.23100
binom	1	0.7	0.2	0.23000
binom	1	0.8	0.2	0.21900
binom	1	0.9	0.2	0.21600
