binom	1	0	0	0.01500
binom	1	0.1	0	0.04400
binom	1	0.2	0	0.08800
binom	1	0.3	0	0.09900
binom	1	0.4	0	0.10600
binom	1	0.5	0	0.12900
binom	1	0.6	0	0.13900
binom	1	0.7	0	0.15400
binom	1	0.8	0	0.14000
binom	1	0.9	0	0.13700
binom	1	0	0.05	0.08800
binom	1	0.1	0.05	0.08800
binom	1	0.2	0.05	0.10200
binom	1	0.3	0.05	0.15500
binom	1	0.4	0.05	0.16900
binom	1	0.5	0.05	0.16600
binom	1	0.6	0.05	0.16900
binom	1	0.7	0.05	0.17000
binom	1	0.8	0.05	0.16400
binom	1	0.9	0.05	0.16800
binom	1	0	0.1	0.18600
binom	1	0.1	0.1	0.16000
binom	1	0.2	0.1	0.14300
binom	1	0.3	0.1	0.14700
binom	1	0.4	0.1	0.17400
binom	1	0.5	0.1	0.20000
binom	1	0.6	0.1	0.15600
binom	1	0.7	0.1	0.20000
binom	1	0.8	0.1	0.17600
binom	1	0.9	0.1	0.17200
binom	1	0	0.2	0.32100
binom	1	0.1	0.2	0.27900
binom	1	0.2	0.2	0.28100
binom	1	0.3	0.2	0.23400
binom	1	0.4	0.2	0.22900
binom	1	0.5	0.2	0.23400
binom	1	0.6	0.2	0.24200
binom	1	0.7	0.2	0.21600
binom	1	0.8	0.2	0.23200
binom	1	0.9	0.2	0.21700
