binom	1	0	0	0.01300
binom	1	0.1	0	0.03900
binom	1	0.2	0	0.07700
binom	1	0.3	0	0.10300
binom	1	0.4	0	0.13100
binom	1	0.5	0	0.16800
binom	1	0.6	0	0.12800
binom	1	0.7	0	0.13300
binom	1	0.8	0	0.13200
binom	1	0.9	0	0.12000
binom	1	0	0.05	0.10200
binom	1	0.1	0.05	0.08900
binom	1	0.2	0.05	0.11800
binom	1	0.3	0.05	0.14300
binom	1	0.4	0.05	0.14300
binom	1	0.5	0.05	0.14700
binom	1	0.6	0.05	0.17600
binom	1	0.7	0.05	0.19200
binom	1	0.8	0.05	0.17300
binom	1	0.9	0.05	0.16300
binom	1	0	0.1	0.17400
binom	1	0.1	0.1	0.16100
binom	1	0.2	0.1	0.13900
binom	1	0.3	0.1	0.18500
binom	1	0.4	0.1	0.16100
binom	1	0.5	0.1	0.20900
binom	1	0.6	0.1	0.19200
binom	1	0.7	0.1	0.18800
binom	1	0.8	0.1	0.20000
binom	1	0.9	0.1	0.17900
binom	1	0	0.2	0.32600
binom	1	0.1	0.2	0.29000
binom	1	0.2	0.2	0.26000
binom	1	0.3	0.2	0.26800
binom	1	0.4	0.2	0.22400
binom	1	0.5	0.2	0.22000
binom	1	0.6	0.2	0.23900
binom	1	0.7	0.2	0.23500
binom	1	0.8	0.2	0.23000
binom	1	0.9	0.2	0.23100
