binom	1	0	0	0.00900
binom	1	0.1	0	0.04100
binom	1	0.2	0	0.07500
binom	1	0.3	0	0.11700
binom	1	0.4	0	0.12800
binom	1	0.5	0	0.13600
binom	1	0.6	0	0.16200
binom	1	0.7	0	0.12900
binom	1	0.8	0	0.14500
binom	1	0.9	0	0.12700
binom	1	0	0.05	0.09300
binom	1	0.1	0.05	0.06500
binom	1	0.2	0.05	0.11600
binom	1	0.3	0.05	0.12600
binom	1	0.4	0.05	0.15100
binom	1	0.5	0.05	0.14200
binom	1	0.6	0.05	0.15400
binom	1	0.7	0.05	0.17100
binom	1	0.8	0.05	0.14000
binom	1	0.9	0.05	0.15000
binom	1	0	0.1	0.16800
binom	1	0.1	0.1	0.16600
binom	1	0.2	0.1	0.14100
binom	1	0.3	0.1	0.15100
binom	1	0.4	0.1	0.18400
binom	1	0.5	0.1	0.18700
binom	1	0.6	0.1	0.18200
binom	1	0.7	0.1	0.20500
binom	1	0.8	0.1	0.17800
binom	1	0.9	0.1	0.17500
binom	1	0	0.2	0.32200
binom	1	0.1	0.2	0.29300
binom	1	0.2	0.2	0.27200
binom	1	0.3	0.2	0.26200
binom	1	0.4	0.2	0.23200
binom	1	0.5	0.2	0.25800
binom	1	0.6	0.2	0.24500
binom	1	0.7	0.2	0.22800
binom	1	0.8	0.2	0.23300
binom	1	0.9	0.2	0.19700
