uniform	0.02380
uniform	0.01980
uniform	0.02120
uniform	0.02480
uniform	0.02080
uniform	0.01800
uniform	0.01880
uniform	0.02560
uniform	0.02100
uniform	0.02320
uniform	0.02060
uniform	0.02380
uniform	0.02320
uniform	0.02280
uniform	0.02060
uniform	0.02200
uniform	0.02040
uniform	0.02120
uniform	0.02020
uniform	0.02540
uniform	0.02240
uniform	0.02300
uniform	0.02040
uniform	0.01820
uniform	0.01920
uniform	0.02340
uniform	0.02180
uniform	0.02020
uniform	0.01740
uniform	0.02120
uniform	0.02620
uniform	0.02160
uniform	0.02280
uniform	0.02200
uniform	0.02240
uniform	0.01920
uniform	0.01900
uniform	0.01780
uniform	0.02040
uniform	0.02180
uniform	0.02060
uniform	0.01980
uniform	0.01640
uniform	0.01980
uniform	0.01860
uniform	0.01800
uniform	0.02200
uniform	0.01680
uniform	0.02220
uniform	0.01900
uniform	0.02060
