binom	1	0	0	0.00900
binom	1	0.1	0	0.04200
binom	1	0.2	0	0.07600
binom	1	0.3	0	0.10400
binom	1	0.4	0	0.11600
binom	1	0.5	0	0.13300
binom	1	0.6	0	0.13300
binom	1	0.7	0	0.15100
binom	1	0.8	0	0.14200
binom	1	0.9	0	0.11400
binom	1	0	0.05	0.09400
binom	1	0.1	0.05	0.08300
binom	1	0.2	0.05	0.10800
binom	1	0.3	0.05	0.13800
binom	1	0.4	0.05	0.13300
binom	1	0.5	0.05	0.18200
binom	1	0.6	0.05	0.16100
binom	1	0.7	0.05	0.17800
binom	1	0.8	0.05	0.17500
binom	1	0.9	0.05	0.14600
binom	1	0	0.1	0.17400
binom	1	0.1	0.1	0.17000
binom	1	0.2	0.1	0.15000
binom	1	0.3	0.1	0.15900
binom	1	0.4	0.1	0.18100
binom	1	0.5	0.1	0.19900
binom	1	0.6	0.1	0.19000
binom	1	0.7	0.1	0.20600
binom	1	0.8	0.1	0.16600
binom	1	0.9	0.1	0.17300
binom	1	0	0.2	0.31000
binom	1	0.1	0.2	0.28700
binom	1	0.2	0.2	0.24600
binom	1	0.3	0.2	0.26200
binom	1	0.4	0.2	0.20100
binom	1	0.5	0.2	0.23400
binom	1	0.6	0.2	0.23500
binom	1	0.7	0.2	0.23000
binom	1	0.8	0.2	0.21600
binom	1	0.9	0.2	0.20500
