binom	1	0	0	0.01400
binom	1	0.1	0	0.05000
binom	1	0.2	0	0.07500
binom	1	0.3	0	0.10900
binom	1	0.4	0	0.11800
binom	1	0.5	0	0.13200
binom	1	0.6	0	0.13500
binom	1	0.7	0	0.11200
binom	1	0.8	0	0.14000
binom	1	0.9	0	0.14700
binom	1	0	0.05	0.10600
binom	1	0.1	0.05	0.08900
binom	1	0.2	0.05	0.13500
binom	1	0.3	0.05	0.14500
binom	1	0.4	0.05	0.15100
binom	1	0.5	0.05	0.18300
binom	1	0.6	0.05	0.15100
binom	1	0.7	0.05	0.17000
binom	1	0.8	0.05	0.16800
binom	1	0.9	0.05	0.15400
binom	1	0	0.1	0.17600
binom	1	0.1	0.1	0.17000
binom	1	0.2	0.1	0.15200
binom	1	0.3	0.1	0.16500
binom	1	0.4	0.1	0.17700
binom	1	0.5	0.1	0.21500
binom	1	0.6	0.1	0.18000
binom	1	0.7	0.1	0.20000
binom	1	0.8	0.1	0.18800
binom	1	0.9	0.1	0.15600
binom	1	0	0.2	0.29600
binom	1	0.1	0.2	0.30300
binom	1	0.2	0.2	0.29200
binom	1	0.3	0.2	0.24400
binom	1	0.4	0.2	0.22600
binom	1	0.5	0.2	0.23600
binom	1	0.6	0.2	0.21300
binom	1	0.7	0.2	0.23300
binom	1	0.8	0.2	0.23500
binom	1	0.9	0.2	0.22000
