binom	1	0	0	0.01300
binom	1	0.1	0	0.05100
binom	1	0.2	0	0.07400
binom	1	0.3	0	0.11400
binom	1	0.4	0	0.10600
binom	1	0.5	0	0.13800
binom	1	0.6	0	0.13600
binom	1	0.7	0	0.15700
binom	1	0.8	0	0.15900
binom	1	0.9	0	0.13700
binom	1	0	0.05	0.07600
binom	1	0.1	0.05	0.09400
binom	1	0.2	0.05	0.10600
binom	1	0.3	0.05	0.12500
binom	1	0.4	0.05	0.15900
binom	1	0.5	0.05	0.15100
binom	1	0.6	0.05	0.15000
binom	1	0.7	0.05	0.16700
binom	1	0.8	0.05	0.14800
binom	1	0.9	0.05	0.15700
binom	1	0	0.1	0.16100
binom	1	0.1	0.1	0.16600
binom	1	0.2	0.1	0.14600
binom	1	0.3	0.1	0.16000
binom	1	0.4	0.1	0.17200
binom	1	0.5	0.1	0.16200
binom	1	0.6	0.1	0.20300
binom	1	0.7	0.1	0.18600
binom	1	0.8	0.1	0.19600
binom	1	0.9	0.1	0.16900
binom	1	0	0.2	0.30700
binom	1	0.1	0.2	0.30100
binom	1	0.2	0.2	0.25000
binom	1	0.3	0.2	0.25500
binom	1	0.4	0.2	0.24300
binom	1	0.5	0.2	0.23000
binom	1	0.6	0.2	0.23700
binom	1	0.7	0.2	0.23600
binom	1	0.8	0.2	0.24100
binom	1	0.9	0.2	0.21700
