binom	1	0	0	0.01000
binom	1	0.1	0	0.04000
binom	1	0.2	0	0.08100
binom	1	0.3	0	0.08500
binom	1	0.4	0	0.13500
binom	1	0.5	0	0.12400
binom	1	0.6	0	0.13800
binom	1	0.7	0	0.15400
binom	1	0.8	0	0.14000
binom	1	0.9	0	0.13600
binom	1	0	0.05	0.09900
binom	1	0.1	0.05	0.09000
binom	1	0.2	0.05	0.12300
binom	1	0.3	0.05	0.14600
binom	1	0.4	0.05	0.14000
binom	1	0.5	0.05	0.16800
binom	1	0.6	0.05	0.17400
binom	1	0.7	0.05	0.18000
binom	1	0.8	0.05	0.18400
binom	1	0.9	0.05	0.15200
binom	1	0	0.1	0.16600
binom	1	0.1	0.1	0.15600
binom	1	0.2	0.1	0.13200
binom	1	0.3	0.1	0.17000
binom	1	0.4	0.1	0.16700
binom	1	0.5	0.1	0.19400
binom	1	0.6	0.1	0.15600
binom	1	0.7	0.1	0.18800
binom	1	0.8	0.1	0.18900
binom	1	0.9	0.1	0.17600
binom	1	0	0.2	0.30700
binom	1	0.1	0.2	0.29500
binom	1	0.2	0.2	0.26400
binom	1	0.3	0.2	0.23800
binom	1	0.4	0.2	0.21000
binom	1	0.5	0.2	0.23800
binom	1	0.6	0.2	0.24500
binom	1	0.7	0.2	0.22400
binom	1	0.8	0.2	0.22000
binom	1	0.9	0.2	0.22100
