binom	1	0	0	0.00900
binom	1	0.1	0	0.04800
binom	1	0.2	0	0.06100
binom	1	0.3	0	0.10500
binom	1	0.4	0	0.12300
binom	1	0.5	0	0.13400
binom	1	0.6	0	0.14200
binom	1	0.7	0	0.15200
binom	1	0.8	0	0.14300
binom	1	0.9	0	0.14200
binom	1	0	0.05	0.08500
binom	1	0.1	0.05	0.08300
binom	1	0.2	0.05	0.10100
binom	1	0.3	0.05	0.13300
binom	1	0.4	0.05	0.16200
binom	1	0.5	0.05	0.17800
binom	1	0.6	0.05	0.16100
binom	1	0.7	0.05	0.17500
binom	1	0.8	0.05	0.16000
binom	1	0.9	0.05	0.16600
binom	1	0	0.1	0.17200
binom	1	0.1	0.1	0.14600
binom	1	0.2	0.1	0.15700
binom	1	0.3	0.1	0.16600
binom	1	0.4	0.1	0.17800
binom	1	0.5	0.1	0.20900
binom	1	0.6	0.1	0.18000
binom	1	0.7	0.1	0.18700
binom	1	0.8	0.1	0.18200
binom	1	0.9	0.1	0.20400
binom	1	0	0.2	0.28300
binom	1	0.1	0.2	0.28700
binom	1	0.2	0.2	0.30200
binom	1	0.3	0.2	0.24800
binom	1	0.4	0.2	0.22200
binom	1	0.5	0.2	0.25200
binom	1	0.6	0.2	0.24200
binom	1	0.7	0.2	0.24700
binom	1	0.8	0.2	0.22600
binom	1	0.9	0.2	0.23100
