binom	1	0	0	0.00700
binom	1	0.1	0	0.05000
binom	1	0.2	0	0.06900
binom	1	0.3	0	0.11000
binom	1	0.4	0	0.12000
binom	1	0.5	0	0.13800
binom	1	0.6	0	0.15200
binom	1	0.7	0	0.14600
binom	1	0.8	0	0.15000
binom	1	0.9	0	0.13600
binom	1	0	0.05	0.09300
binom	1	0.1	0.05	0.08800
binom	1	0.2	0.05	0.12400
binom	1	0.3	0.05	0.13700
binom	1	0.4	0.05	0.13900
binom	1	0.5	0.05	0.15000
binom	1	0.6	0.05	0.15200
binom	1	0.7	0.05	0.16500
binom	1	0.8	0.05	0.17300
binom	1	0.9	0.05	0.14200
binom	1	0	0.1	0.16800
binom	1	0.1	0.1	0.16900
binom	1	0.2	0.1	0.15000
binom	1	0.3	0.1	0.18500
binom	1	0.4	0.1	0.19400
binom	1	0.5	0.1	0.16900
binom	1	0.6	0.1	0.18000
binom	1	0.7	0.1	0.21600
binom	1	0.8	0.1	0.18300
binom	1	0.9	0.1	0.18200
binom	1	0	0.2	0.28200
binom	1	0.1	0.2	0.28300
binom	1	0.2	0.2	0.28500
binom	1	0.3	0.2	0.23800
binom	1	0.4	0.2	0.24900
binom	1	0.5	0.2	0.22200
binom	1	0.6	0.2	0.22500
binom	1	0.7	0.2	0.20600
binom	1	0.8	0.2	0.21200
binom	1	0.9	0.2	0.20800
