binom	1	0	0	0.00900
binom	1	0.1	0	0.05100
binom	1	0.2	0	0.06000
binom	1	0.3	0	0.10800
binom	1	0.4	0	0.12800
binom	1	0.5	0	0.13900
binom	1	0.6	0	0.14200
binom	1	0.7	0	0.13900
binom	1	0.8	0	0.14000
binom	1	0.9	0	0.15700
binom	1	0	0.05	0.08900
binom	1	0.1	0.05	0.10300
binom	1	0.2	0.05	0.11800
binom	1	0.3	0.05	0.12500
binom	1	0.4	0.05	0.14800
binom	1	0.5	0.05	0.17700
binom	1	0.6	0.05	0.15400
binom	1	0.7	0.05	0.17100
binom	1	0.8	0.05	0.15600
binom	1	0.9	0.05	0.15200
binom	1	0	0.1	0.16500
binom	1	0.1	0.1	0.16200
binom	1	0.2	0.1	0.13500
binom	1	0.3	0.1	0.16800
binom	1	0.4	0.1	0.18300
binom	1	0.5	0.1	0.17700
binom	1	0.6	0.1	0.18400
binom	1	0.7	0.1	0.20300
binom	1	0.8	0.1	0.16800
binom	1	0.9	0.1	0.18400
binom	1	0	0.2	0.29800
binom	1	0.1	0.2	0.30600
binom	1	0.2	0.2	0.29600
binom	1	0.3	0.2	0.24800
binom	1	0.4	0.2	0.19300
binom	1	0.5	0.2	0.22200
binom	1	0.6	0.2	0.21400
binom	1	0.7	0.2	0.23500
binom	1	0.8	0.2	0.23100
binom	1	0.9	0.2	0.22700
