binom	1	0	0	0.01000
binom	1	0.1	0	0.05500
binom	1	0.2	0	0.08700
binom	1	0.3	0	0.13400
binom	1	0.4	0	0.13900
binom	1	0.5	0	0.11700
binom	1	0.6	0	0.12300
binom	1	0.7	0	0.13600
binom	1	0.8	0	0.14300
binom	1	0.9	0	0.13000
binom	1	0	0.05	0.08700
binom	1	0.1	0.05	0.08300
binom	1	0.2	0.05	0.11400
binom	1	0.3	0.05	0.15200
binom	1	0.4	0.05	0.15300
binom	1	0.5	0.05	0.15100
binom	1	0.6	0.05	0.16600
binom	1	0.7	0.05	0.16600
binom	1	0.8	0.05	0.16500
binom	1	0.9	0.05	0.15400
binom	1	0	0.1	0.17800
binom	1	0.1	0.1	0.16300
binom	1	0.2	0.1	0.16200
binom	1	0.3	0.1	0.15600
binom	1	0.4	0.1	0.17000
binom	1	0.5	0.1	0.18000
binom	1	0.6	0.1	0.19700
binom	1	0.7	0.1	0.20600
binom	1	0.8	0.1	0.18400
binom	1	0.9	0.1	0.17900
binom	1	0	0.2	0.28900
binom	1	0.1	0.2	0.29000
binom	1	0.2	0.2	0.27500
binom	1	0.3	0.2	0.21800
binom	1	0.4	0.2	0.22700
binom	1	0.5	0.2	0.22400
binom	1	0.6	0.2	0.20200
binom	1	0.7	0.2	0.23200
binom	1	0.8	0.2	0.23300
binom	1	0.9	0.2	0.20600
