binom	1	0	0	0.01500
binom	1	0.1	0	0.05300
binom	1	0.2	0	0.09200
binom	1	0.3	0	0.10600
binom	1	0.4	0	0.10800
binom	1	0.5	0	0.13300
binom	1	0.6	0	0.13900
binom	1	0.7	0	0.14800
binom	1	0.8	0	0.14900
binom	1	0.9	0	0.15900
binom	1	0	0.05	0.10100
binom	1	0.1	0.05	0.08700
binom	1	0.2	0.05	0.10100
binom	1	0.3	0.05	0.12900
binom	1	0.4	0.05	0.15300
binom	1	0.5	0.05	0.15900
binom	1	0.6	0.05	0.17200
binom	1	0.7	0.05	0.15700
binom	1	0.8	0.05	0.15900
binom	1	0.9	0.05	0.17200
binom	1	0	0.1	0.17100
binom	1	0.1	0.1	0.15200
binom	1	0.2	0.1	0.16600
binom	1	0.3	0.1	0.17200
binom	1	0.4	0.1	0.18100
binom	1	0.5	0.1	0.21200
binom	1	0.6	0.1	0.20200
binom	1	0.7	0.1	0.19000
binom	1	0.8	0.1	0.17500
binom	1	0.9	0.1	0.16100
binom	1	0	0.2	0.28000
binom	1	0.1	0.2	0.31400
binom	1	0.2	0.2	0.27500
binom	1	0.3	0.2	0.25800
binom	1	0.4	0.2	0.22200
binom	1	0.5	0.2	0.20500
binom	1	0.6	0.2	0.23800
binom	1	0.7	0.2	0.22600
binom	1	0.8	0.2	0.21500
binom	1	0.9	0.2	0.23300
