binom	1	0	0	0.01000
binom	1	0.1	0	0.04500
binom	1	0.2	0	0.07000
binom	1	0.3	0	0.11100
binom	1	0.4	0	0.12900
binom	1	0.5	0	0.14800
binom	1	0.6	0	0.15700
binom	1	0.7	0	0.13700
binom	1	0.8	0	0.13400
binom	1	0.9	0	0.13100
binom	1	0	0.05	0.09700
binom	1	0.1	0.05	0.08000
binom	1	0.2	0.05	0.13000
binom	1	0.3	0.05	0.12400
binom	1	0.4	0.05	0.13800
binom	1	0.5	0.05	0.17300
binom	1	0.6	0.05	0.18300
binom	1	0.7	0.05	0.15900
binom	1	0.8	0.05	0.15200
binom	1	0.9	0.05	0.14500
binom	1	0	0.1	0.17700
binom	1	0.1	0.1	0.15900
binom	1	0.2	0.1	0.14100
binom	1	0.3	0.1	0.15100
binom	1	0.4	0.1	0.18600
binom	1	0.5	0.1	0.18300
binom	1	0.6	0.1	0.20500
binom	1	0.7	0.1	0.20700
binom	1	0.8	0.1	0.19500
binom	1	0.9	0.1	0.18300
binom	1	0	0.2	0.31200
binom	1	0.1	0.2	0.28300
binom	1	0.2	0.2	0.28400
binom	1	0.3	0.2	0.23900
binom	1	0.4	0.2	0.23500
binom	1	0.5	0.2	0.21800
binom	1	0.6	0.2	0.25200
binom	1	0.7	0.2	0.23000
binom	1	0.8	0.2	0.21800
binom	1	0.9	0.2	0.22900
