binom	1	0	0	0.00800
binom	1	0.1	0	0.05200
binom	1	0.2	0	0.07500
binom	1	0.3	0	0.10600
binom	1	0.4	0	0.11300
binom	1	0.5	0	0.15600
binom	1	0.6	0	0.16300
binom	1	0.7	0	0.14300
binom	1	0.8	0	0.16100
binom	1	0.9	0	0.14700
binom	1	0	0.05	0.09700
binom	1	0.1	0.05	0.09800
binom	1	0.2	0.05	0.09500
binom	1	0.3	0.05	0.13700
binom	1	0.4	0.05	0.14000
binom	1	0.5	0.05	0.16400
binom	1	0.6	0.05	0.17200
binom	1	0.7	0.05	0.18300
binom	1	0.8	0.05	0.16500
binom	1	0.9	0.05	0.16200
binom	1	0	0.1	0.16800
binom	1	0.1	0.1	0.15200
binom	1	0.2	0.1	0.17600
binom	1	0.3	0.1	0.15800
binom	1	0.4	0.1	0.18900
binom	1	0.5	0.1	0.19100
binom	1	0.6	0.1	0.16800
binom	1	0.7	0.1	0.18200
binom	1	0.8	0.1	0.16300
binom	1	0.9	0.1	0.19000
binom	1	0	0.2	0.30200
binom	1	0.1	0.2	0.28100
binom	1	0.2	0.2	0.30700
binom	1	0.3	0.2	0.24100
binom	1	0.4	0.2	0.22000
binom	1	0.5	0.2	0.22000
binom	1	0.6	0.2	0.22900
binom	1	0.7	0.2	0.22700
binom	1	0.8	0.2	0.22700
binom	1	0.9	0.2	0.21700
