binom	1	0	0	0.00700
binom	1	0.1	0	0.02700
binom	1	0.2	0	0.07700
binom	1	0.3	0	0.11200
binom	1	0.4	0	0.11300
binom	1	0.5	0	0.12800
binom	1	0.6	0	0.15300
binom	1	0.7	0	0.15500
binom	1	0.8	0	0.14000
binom	1	0.9	0	0.12800
binom	1	0	0.05	0.10000
binom	1	0.1	0.05	0.09000
binom	1	0.2	0.05	0.10000
binom	1	0.3	0.05	0.15300
binom	1	0.4	0.05	0.15900
binom	1	0.5	0.05	0.14300
binom	1	0.6	0.05	0.17000
binom	1	0.7	0.05	0.15700
binom	1	0.8	0.05	0.17200
binom	1	0.9	0.05	0.16500
binom	1	0	0.1	0.18300
binom	1	0.1	0.1	0.17200
binom	1	0.2	0.1	0.15800
binom	1	0.3	0.1	0.15500
binom	1	0.4	0.1	0.19000
binom	1	0.5	0.1	0.20200
binom	1	0.6	0.1	0.19000
binom	1	0.7	0.1	0.19100
binom	1	0.8	0.1	0.18500
binom	1	0.9	0.1	0.18000
binom	1	0	0.2	0.26900
binom	1	0.1	0.2	0.30000
binom	1	0.2	0.2	0.29400
binom	1	0.3	0.2	0.22200
binom	1	0.4	0.2	0.22200
binom	1	0.5	0.2	0.23600
binom	1	0.6	0.2	0.25300
binom	1	0.7	0.2	0.21800
binom	1	0.8	0.2	0.23400
binom	1	0.9	0.2	0.19400
