binom	1	0	0	0.00600
binom	1	0.1	0	0.04300
binom	1	0.2	0	0.08700
binom	1	0.3	0	0.11100
binom	1	0.4	0	0.12600
binom	1	0.5	0	0.14300
binom	1	0.6	0	0.15200
binom	1	0.7	0	0.15300
binom	1	0.8	0	0.15500
binom	1	0.9	0	0.13500
binom	1	0	0.05	0.08800
binom	1	0.1	0.05	0.08800
binom	1	0.2	0.05	0.12800
binom	1	0.3	0.05	0.14800
binom	1	0.4	0.05	0.15600
binom	1	0.5	0.05	0.16700
binom	1	0.6	0.05	0.16900
binom	1	0.7	0.05	0.18100
binom	1	0.8	0.05	0.19000
binom	1	0.9	0.05	0.16700
binom	1	0	0.1	0.19000
binom	1	0.1	0.1	0.14600
binom	1	0.2	0.1	0.15700
binom	1	0.3	0.1	0.14700
binom	1	0.4	0.1	0.17800
binom	1	0.5	0.1	0.18800
binom	1	0.6	0.1	0.19400
binom	1	0.7	0.1	0.16400
binom	1	0.8	0.1	0.17800
binom	1	0.9	0.1	0.17300
binom	1	0	0.2	0.28400
binom	1	0.1	0.2	0.30700
binom	1	0.2	0.2	0.28800
binom	1	0.3	0.2	0.26000
binom	1	0.4	0.2	0.23200
binom	1	0.5	0.2	0.26600
binom	1	0.6	0.2	0.23400
binom	1	0.7	0.2	0.24300
binom	1	0.8	0.2	0.23700
binom	1	0.9	0.2	0.21000
