binom	1	0	0	0.00600
binom	1	0.1	0	0.04200
binom	1	0.2	0	0.06900
binom	1	0.3	0	0.10700
binom	1	0.4	0	0.12000
binom	1	0.5	0	0.15600
binom	1	0.6	0	0.15200
binom	1	0.7	0	0.14500
binom	1	0.8	0	0.14600
binom	1	0.9	0	0.13100
binom	1	0	0.05	0.08000
binom	1	0.1	0.05	0.09500
binom	1	0.2	0.05	0.11400
binom	1	0.3	0.05	0.11000
binom	1	0.4	0.05	0.13800
binom	1	0.5	0.05	0.15800
binom	1	0.6	0.05	0.16400
binom	1	0.7	0.05	0.16900
binom	1	0.8	0.05	0.16700
binom	1	0.9	0.05	0.14100
binom	1	0	0.1	0.16700
binom	1	0.1	0.1	0.15900
binom	1	0.2	0.1	0.14600
binom	1	0.3	0.1	0.17300
binom	1	0.4	0.1	0.16600
binom	1	0.5	0.1	0.17800
binom	1	0.6	0.1	0.19300
binom	1	0.7	0.1	0.19700
binom	1	0.8	0.1	0.21300
binom	1	0.9	0.1	0.16800
binom	1	0	0.2	0.29000
binom	1	0.1	0.2	0.27400
binom	1	0.2	0.2	0.25500
binom	1	0.3	0.2	0.23300
binom	1	0.4	0.2	0.22200
binom	1	0.5	0.2	0.22700
binom	1	0.6	0.2	0.23500
binom	1	0.7	0.2	0.22800
binom	1	0.8	0.2	0.23900
binom	1	0.9	0.2	0.22500
