binom	1	0	0	0.00900
binom	1	0.1	0	0.05400
binom	1	0.2	0	0.08500
binom	1	0.3	0	0.11100
binom	1	0.4	0	0.15000
binom	1	0.5	0	0.13000
binom	1	0.6	0	0.15100
binom	1	0.7	0	0.14100
binom	1	0.8	0	0.14800
binom	1	0.9	0	0.12800
binom	1	0	0.05	0.10700
binom	1	0.1	0.05	0.09000
binom	1	0.2	0.05	0.11300
binom	1	0.3	0.05	0.14500
binom	1	0.4	0.05	0.17300
binom	1	0.5	0.05	0.15300
binom	1	0.6	0.05	0.15500
binom	1	0.7	0.05	0.16500
binom	1	0.8	0.05	0.15600
binom	1	0.9	0.05	0.13800
binom	1	0	0.1	0.18700
binom	1	0.1	0.1	0.15100
binom	1	0.2	0.1	0.15600
binom	1	0.3	0.1	0.13400
binom	1	0.4	0.1	0.18100
binom	1	0.5	0.1	0.18900
binom	1	0.6	0.1	0.17300
binom	1	0.7	0.1	0.21000
binom	1	0.8	0.1	0.15500
binom	1	0.9	0.1	0.17000
binom	1	0	0.2	0.30600
binom	1	0.1	0.2	0.29600
binom	1	0.2	0.2	0.28900
binom	1	0.3	0.2	0.25600
binom	1	0.4	0.2	0.22400
binom	1	0.5	0.2	0.26000
binom	1	0.6	0.2	0.23000
binom	1	0.7	0.2	0.20800
binom	1	0.8	0.2	0.21200
binom	1	0.9	0.2	0.19500
