binom	1	0	0	0.00800
binom	1	0.1	0	0.04900
binom	1	0.2	0	0.09700
binom	1	0.3	0	0.10100
binom	1	0.4	0	0.10400
binom	1	0.5	0	0.14300
binom	1	0.6	0	0.15200
binom	1	0.7	0	0.13400
binom	1	0.8	0	0.13200
binom	1	0.9	0	0.12000
binom	1	0	0.05	0.10200
binom	1	0.1	0.05	0.09600
binom	1	0.2	0.05	0.10400
binom	1	0.3	0.05	0.13100
binom	1	0.4	0.05	0.14500
binom	1	0.5	0.05	0.16200
binom	1	0.6	0.05	0.16100
binom	1	0.7	0.05	0.14700
binom	1	0.8	0.05	0.15200
binom	1	0.9	0.05	0.18000
binom	1	0	0.1	0.16600
binom	1	0.1	0.1	0.14900
binom	1	0.2	0.1	0.13900
binom	1	0.3	0.1	0.16200
binom	1	0.4	0.1	0.16600
binom	1	0.5	0.1	0.19200
binom	1	0.6	0.1	0.19500
binom	1	0.7	0.1	0.18600
binom	1	0.8	0.1	0.19700
binom	1	0.9	0.1	0.18800
binom	1	0	0.2	0.30300
binom	1	0.1	0.2	0.31600
binom	1	0.2	0.2	0.27900
binom	1	0.3	0.2	0.22400
binom	1	0.4	0.2	0.22200
binom	1	0.5	0.2	0.22200
binom	1	0.6	0.2	0.20700
binom	1	0.7	0.2	0.21300
binom	1	0.8	0.2	0.23100
binom	1	0.9	0.2	0.20500
